[2023-09-30T10:28:14.400+0000] {taskinstance.py:1157} INFO - Dependencies all met for dep_context=non-requeueable deps ti=<TaskInstance: btc_market_analysis.preprocess_data manual__2023-09-30T09:48:05.564572+00:00 [queued]>
[2023-09-30T10:28:14.441+0000] {taskinstance.py:1157} INFO - Dependencies all met for dep_context=requeueable deps ti=<TaskInstance: btc_market_analysis.preprocess_data manual__2023-09-30T09:48:05.564572+00:00 [queued]>
[2023-09-30T10:28:14.449+0000] {taskinstance.py:1359} INFO - Starting attempt 1 of 2
[2023-09-30T10:28:14.491+0000] {taskinstance.py:1380} INFO - Executing <Task(PythonOperator): preprocess_data> on 2023-09-30 09:48:05.564572+00:00
[2023-09-30T10:28:14.586+0000] {standard_task_runner.py:57} INFO - Started process 647 to run task
[2023-09-30T10:28:14.604+0000] {standard_task_runner.py:84} INFO - Running: ['airflow', 'tasks', 'run', 'btc_market_analysis', 'preprocess_data', 'manual__2023-09-30T09:48:05.564572+00:00', '--job-id', '31', '--raw', '--subdir', 'DAGS_FOLDER/dag.py', '--cfg-path', '/tmp/tmpj43k4luk']
[2023-09-30T10:28:14.621+0000] {standard_task_runner.py:85} INFO - Job 31: Subtask preprocess_data
[2023-09-30T10:28:14.788+0000] {task_command.py:415} INFO - Running <TaskInstance: btc_market_analysis.preprocess_data manual__2023-09-30T09:48:05.564572+00:00 [running]> on host bdec796fb08e
[2023-09-30T10:28:15.047+0000] {taskinstance.py:1660} INFO - Exporting env vars: AIRFLOW_CTX_DAG_OWNER='airflow' AIRFLOW_CTX_DAG_ID='btc_market_analysis' AIRFLOW_CTX_TASK_ID='preprocess_data' AIRFLOW_CTX_EXECUTION_DATE='2023-09-30T09:48:05.564572+00:00' AIRFLOW_CTX_TRY_NUMBER='1' AIRFLOW_CTX_DAG_RUN_ID='manual__2023-09-30T09:48:05.564572+00:00'
[2023-09-30T10:29:22.631+0000] {python.py:194} INFO - Done. Returned value was:             datetime  btcusdt_close  ...  btcusdc_nbr_trades  btcusdc_volume
0      1599807600000       10260.75  ...               307.0       26.937255
1      1600844400000       10428.64  ...               446.0       61.730907
2      1602640800000       11422.64  ...               254.0       27.317507
3      1604826000000       15026.94  ...               612.0       56.084057
4      1605650400000       17596.78  ...              1170.0       61.701171
...              ...            ...  ...                 ...             ...
22818  1691989200000       29447.60  ...               167.0        6.294760
22819  1692392400000       26062.75  ...               517.0       30.026190
22820  1692594000000       26104.54  ...               406.0       44.227790
22821  1694602800000       26198.41  ...               287.0        8.656450
22822  1695049200000       27269.42  ...               633.0       17.419030

[22823 rows x 34 columns]
[2023-09-30T10:29:24.354+0000] {taskinstance.py:1398} INFO - Marking task as SUCCESS. dag_id=btc_market_analysis, task_id=preprocess_data, execution_date=20230930T094805, start_date=20230930T102814, end_date=20230930T102924
[2023-09-30T10:29:24.534+0000] {local_task_job_runner.py:228} INFO - Task exited with return code 0
[2023-09-30T10:29:25.399+0000] {taskinstance.py:2776} INFO - 1 downstream tasks scheduled from follow-on schedule check
