[2023-10-11T07:17:21.295+0000] {processor.py:157} INFO - Started process (PID=42) to work on /home/airflow/.local/lib/python3.8/site-packages/airflow/example_dags/example_time_delta_sensor_async.py
[2023-10-11T07:17:21.296+0000] {processor.py:829} INFO - Processing file /home/airflow/.local/lib/python3.8/site-packages/airflow/example_dags/example_time_delta_sensor_async.py for tasks to queue
[2023-10-11T07:17:21.298+0000] {logging_mixin.py:151} INFO - [2023-10-11T07:17:21.298+0000] {dagbag.py:539} INFO - Filling up the DagBag from /home/airflow/.local/lib/python3.8/site-packages/airflow/example_dags/example_time_delta_sensor_async.py
[2023-10-11T07:17:21.304+0000] {processor.py:839} INFO - DAG(s) dict_keys(['example_time_delta_sensor_async']) retrieved from /home/airflow/.local/lib/python3.8/site-packages/airflow/example_dags/example_time_delta_sensor_async.py
[2023-10-11T07:17:21.325+0000] {logging_mixin.py:151} INFO - [2023-10-11T07:17:21.325+0000] {dag.py:2915} INFO - Sync 1 DAGs
[2023-10-11T07:17:21.335+0000] {logging_mixin.py:151} INFO - [2023-10-11T07:17:21.335+0000] {dag.py:3696} INFO - Setting next_dagrun for example_time_delta_sensor_async to None, run_after=None
[2023-10-11T07:17:21.349+0000] {processor.py:179} INFO - Processing /home/airflow/.local/lib/python3.8/site-packages/airflow/example_dags/example_time_delta_sensor_async.py took 0.056 seconds
[2023-10-11T07:17:51.482+0000] {processor.py:157} INFO - Started process (PID=100) to work on /home/airflow/.local/lib/python3.8/site-packages/airflow/example_dags/example_time_delta_sensor_async.py
[2023-10-11T07:17:51.484+0000] {processor.py:829} INFO - Processing file /home/airflow/.local/lib/python3.8/site-packages/airflow/example_dags/example_time_delta_sensor_async.py for tasks to queue
[2023-10-11T07:17:51.487+0000] {logging_mixin.py:151} INFO - [2023-10-11T07:17:51.487+0000] {dagbag.py:539} INFO - Filling up the DagBag from /home/airflow/.local/lib/python3.8/site-packages/airflow/example_dags/example_time_delta_sensor_async.py
[2023-10-11T07:17:51.495+0000] {processor.py:839} INFO - DAG(s) dict_keys(['example_time_delta_sensor_async']) retrieved from /home/airflow/.local/lib/python3.8/site-packages/airflow/example_dags/example_time_delta_sensor_async.py
[2023-10-11T07:17:51.513+0000] {logging_mixin.py:151} INFO - [2023-10-11T07:17:51.513+0000] {dag.py:2915} INFO - Sync 1 DAGs
[2023-10-11T07:17:51.520+0000] {logging_mixin.py:151} INFO - [2023-10-11T07:17:51.520+0000] {dag.py:3696} INFO - Setting next_dagrun for example_time_delta_sensor_async to None, run_after=None
[2023-10-11T07:17:51.539+0000] {processor.py:179} INFO - Processing /home/airflow/.local/lib/python3.8/site-packages/airflow/example_dags/example_time_delta_sensor_async.py took 0.061 seconds
[2023-10-11T07:18:21.704+0000] {processor.py:157} INFO - Started process (PID=155) to work on /home/airflow/.local/lib/python3.8/site-packages/airflow/example_dags/example_time_delta_sensor_async.py
[2023-10-11T07:18:21.705+0000] {processor.py:829} INFO - Processing file /home/airflow/.local/lib/python3.8/site-packages/airflow/example_dags/example_time_delta_sensor_async.py for tasks to queue
[2023-10-11T07:18:21.707+0000] {logging_mixin.py:151} INFO - [2023-10-11T07:18:21.706+0000] {dagbag.py:539} INFO - Filling up the DagBag from /home/airflow/.local/lib/python3.8/site-packages/airflow/example_dags/example_time_delta_sensor_async.py
[2023-10-11T07:18:21.710+0000] {processor.py:839} INFO - DAG(s) dict_keys(['example_time_delta_sensor_async']) retrieved from /home/airflow/.local/lib/python3.8/site-packages/airflow/example_dags/example_time_delta_sensor_async.py
[2023-10-11T07:18:21.734+0000] {logging_mixin.py:151} INFO - [2023-10-11T07:18:21.734+0000] {dag.py:2915} INFO - Sync 1 DAGs
[2023-10-11T07:18:21.745+0000] {logging_mixin.py:151} INFO - [2023-10-11T07:18:21.745+0000] {dag.py:3696} INFO - Setting next_dagrun for example_time_delta_sensor_async to None, run_after=None
[2023-10-11T07:18:21.773+0000] {processor.py:179} INFO - Processing /home/airflow/.local/lib/python3.8/site-packages/airflow/example_dags/example_time_delta_sensor_async.py took 0.071 seconds
[2023-10-11T07:18:52.271+0000] {processor.py:157} INFO - Started process (PID=214) to work on /home/airflow/.local/lib/python3.8/site-packages/airflow/example_dags/example_time_delta_sensor_async.py
[2023-10-11T07:18:52.271+0000] {processor.py:829} INFO - Processing file /home/airflow/.local/lib/python3.8/site-packages/airflow/example_dags/example_time_delta_sensor_async.py for tasks to queue
[2023-10-11T07:18:52.273+0000] {logging_mixin.py:151} INFO - [2023-10-11T07:18:52.273+0000] {dagbag.py:539} INFO - Filling up the DagBag from /home/airflow/.local/lib/python3.8/site-packages/airflow/example_dags/example_time_delta_sensor_async.py
[2023-10-11T07:18:52.277+0000] {processor.py:839} INFO - DAG(s) dict_keys(['example_time_delta_sensor_async']) retrieved from /home/airflow/.local/lib/python3.8/site-packages/airflow/example_dags/example_time_delta_sensor_async.py
[2023-10-11T07:18:52.295+0000] {logging_mixin.py:151} INFO - [2023-10-11T07:18:52.295+0000] {dag.py:2915} INFO - Sync 1 DAGs
[2023-10-11T07:18:52.302+0000] {logging_mixin.py:151} INFO - [2023-10-11T07:18:52.302+0000] {dag.py:3696} INFO - Setting next_dagrun for example_time_delta_sensor_async to None, run_after=None
[2023-10-11T07:18:52.312+0000] {processor.py:179} INFO - Processing /home/airflow/.local/lib/python3.8/site-packages/airflow/example_dags/example_time_delta_sensor_async.py took 0.044 seconds
[2023-10-11T07:19:22.450+0000] {processor.py:157} INFO - Started process (PID=273) to work on /home/airflow/.local/lib/python3.8/site-packages/airflow/example_dags/example_time_delta_sensor_async.py
[2023-10-11T07:19:22.451+0000] {processor.py:829} INFO - Processing file /home/airflow/.local/lib/python3.8/site-packages/airflow/example_dags/example_time_delta_sensor_async.py for tasks to queue
[2023-10-11T07:19:22.452+0000] {logging_mixin.py:151} INFO - [2023-10-11T07:19:22.452+0000] {dagbag.py:539} INFO - Filling up the DagBag from /home/airflow/.local/lib/python3.8/site-packages/airflow/example_dags/example_time_delta_sensor_async.py
[2023-10-11T07:19:22.455+0000] {processor.py:839} INFO - DAG(s) dict_keys(['example_time_delta_sensor_async']) retrieved from /home/airflow/.local/lib/python3.8/site-packages/airflow/example_dags/example_time_delta_sensor_async.py
[2023-10-11T07:19:22.471+0000] {logging_mixin.py:151} INFO - [2023-10-11T07:19:22.471+0000] {dag.py:2915} INFO - Sync 1 DAGs
[2023-10-11T07:19:22.479+0000] {logging_mixin.py:151} INFO - [2023-10-11T07:19:22.479+0000] {dag.py:3696} INFO - Setting next_dagrun for example_time_delta_sensor_async to None, run_after=None
[2023-10-11T07:19:22.489+0000] {processor.py:179} INFO - Processing /home/airflow/.local/lib/python3.8/site-packages/airflow/example_dags/example_time_delta_sensor_async.py took 0.041 seconds
[2023-10-11T07:19:52.653+0000] {processor.py:157} INFO - Started process (PID=332) to work on /home/airflow/.local/lib/python3.8/site-packages/airflow/example_dags/example_time_delta_sensor_async.py
[2023-10-11T07:19:52.654+0000] {processor.py:829} INFO - Processing file /home/airflow/.local/lib/python3.8/site-packages/airflow/example_dags/example_time_delta_sensor_async.py for tasks to queue
[2023-10-11T07:19:52.655+0000] {logging_mixin.py:151} INFO - [2023-10-11T07:19:52.655+0000] {dagbag.py:539} INFO - Filling up the DagBag from /home/airflow/.local/lib/python3.8/site-packages/airflow/example_dags/example_time_delta_sensor_async.py
[2023-10-11T07:19:52.659+0000] {processor.py:839} INFO - DAG(s) dict_keys(['example_time_delta_sensor_async']) retrieved from /home/airflow/.local/lib/python3.8/site-packages/airflow/example_dags/example_time_delta_sensor_async.py
[2023-10-11T07:19:52.675+0000] {logging_mixin.py:151} INFO - [2023-10-11T07:19:52.675+0000] {dag.py:2915} INFO - Sync 1 DAGs
[2023-10-11T07:19:52.682+0000] {logging_mixin.py:151} INFO - [2023-10-11T07:19:52.682+0000] {dag.py:3696} INFO - Setting next_dagrun for example_time_delta_sensor_async to None, run_after=None
[2023-10-11T07:19:52.692+0000] {processor.py:179} INFO - Processing /home/airflow/.local/lib/python3.8/site-packages/airflow/example_dags/example_time_delta_sensor_async.py took 0.041 seconds
[2023-10-11T07:20:22.956+0000] {processor.py:157} INFO - Started process (PID=391) to work on /home/airflow/.local/lib/python3.8/site-packages/airflow/example_dags/example_time_delta_sensor_async.py
[2023-10-11T07:20:22.956+0000] {processor.py:829} INFO - Processing file /home/airflow/.local/lib/python3.8/site-packages/airflow/example_dags/example_time_delta_sensor_async.py for tasks to queue
[2023-10-11T07:20:22.958+0000] {logging_mixin.py:151} INFO - [2023-10-11T07:20:22.957+0000] {dagbag.py:539} INFO - Filling up the DagBag from /home/airflow/.local/lib/python3.8/site-packages/airflow/example_dags/example_time_delta_sensor_async.py
[2023-10-11T07:20:22.961+0000] {processor.py:839} INFO - DAG(s) dict_keys(['example_time_delta_sensor_async']) retrieved from /home/airflow/.local/lib/python3.8/site-packages/airflow/example_dags/example_time_delta_sensor_async.py
[2023-10-11T07:20:22.977+0000] {logging_mixin.py:151} INFO - [2023-10-11T07:20:22.977+0000] {dag.py:2915} INFO - Sync 1 DAGs
[2023-10-11T07:20:22.984+0000] {logging_mixin.py:151} INFO - [2023-10-11T07:20:22.984+0000] {dag.py:3696} INFO - Setting next_dagrun for example_time_delta_sensor_async to None, run_after=None
[2023-10-11T07:20:22.994+0000] {processor.py:179} INFO - Processing /home/airflow/.local/lib/python3.8/site-packages/airflow/example_dags/example_time_delta_sensor_async.py took 0.040 seconds
[2023-10-11T07:20:53.337+0000] {processor.py:157} INFO - Started process (PID=451) to work on /home/airflow/.local/lib/python3.8/site-packages/airflow/example_dags/example_time_delta_sensor_async.py
[2023-10-11T07:20:53.338+0000] {processor.py:829} INFO - Processing file /home/airflow/.local/lib/python3.8/site-packages/airflow/example_dags/example_time_delta_sensor_async.py for tasks to queue
[2023-10-11T07:20:53.339+0000] {logging_mixin.py:151} INFO - [2023-10-11T07:20:53.339+0000] {dagbag.py:539} INFO - Filling up the DagBag from /home/airflow/.local/lib/python3.8/site-packages/airflow/example_dags/example_time_delta_sensor_async.py
[2023-10-11T07:20:53.342+0000] {processor.py:839} INFO - DAG(s) dict_keys(['example_time_delta_sensor_async']) retrieved from /home/airflow/.local/lib/python3.8/site-packages/airflow/example_dags/example_time_delta_sensor_async.py
[2023-10-11T07:20:53.358+0000] {logging_mixin.py:151} INFO - [2023-10-11T07:20:53.358+0000] {dag.py:2915} INFO - Sync 1 DAGs
[2023-10-11T07:20:53.366+0000] {logging_mixin.py:151} INFO - [2023-10-11T07:20:53.366+0000] {dag.py:3696} INFO - Setting next_dagrun for example_time_delta_sensor_async to None, run_after=None
[2023-10-11T07:20:53.377+0000] {processor.py:179} INFO - Processing /home/airflow/.local/lib/python3.8/site-packages/airflow/example_dags/example_time_delta_sensor_async.py took 0.042 seconds
[2023-10-11T07:21:23.540+0000] {processor.py:157} INFO - Started process (PID=510) to work on /home/airflow/.local/lib/python3.8/site-packages/airflow/example_dags/example_time_delta_sensor_async.py
[2023-10-11T07:21:23.541+0000] {processor.py:829} INFO - Processing file /home/airflow/.local/lib/python3.8/site-packages/airflow/example_dags/example_time_delta_sensor_async.py for tasks to queue
[2023-10-11T07:21:23.542+0000] {logging_mixin.py:151} INFO - [2023-10-11T07:21:23.542+0000] {dagbag.py:539} INFO - Filling up the DagBag from /home/airflow/.local/lib/python3.8/site-packages/airflow/example_dags/example_time_delta_sensor_async.py
[2023-10-11T07:21:23.545+0000] {processor.py:839} INFO - DAG(s) dict_keys(['example_time_delta_sensor_async']) retrieved from /home/airflow/.local/lib/python3.8/site-packages/airflow/example_dags/example_time_delta_sensor_async.py
[2023-10-11T07:21:23.562+0000] {logging_mixin.py:151} INFO - [2023-10-11T07:21:23.561+0000] {dag.py:2915} INFO - Sync 1 DAGs
[2023-10-11T07:21:23.569+0000] {logging_mixin.py:151} INFO - [2023-10-11T07:21:23.569+0000] {dag.py:3696} INFO - Setting next_dagrun for example_time_delta_sensor_async to None, run_after=None
[2023-10-11T07:21:23.579+0000] {processor.py:179} INFO - Processing /home/airflow/.local/lib/python3.8/site-packages/airflow/example_dags/example_time_delta_sensor_async.py took 0.041 seconds
[2023-10-11T07:21:54.223+0000] {processor.py:157} INFO - Started process (PID=569) to work on /home/airflow/.local/lib/python3.8/site-packages/airflow/example_dags/example_time_delta_sensor_async.py
[2023-10-11T07:21:54.223+0000] {processor.py:829} INFO - Processing file /home/airflow/.local/lib/python3.8/site-packages/airflow/example_dags/example_time_delta_sensor_async.py for tasks to queue
[2023-10-11T07:21:54.225+0000] {logging_mixin.py:151} INFO - [2023-10-11T07:21:54.225+0000] {dagbag.py:539} INFO - Filling up the DagBag from /home/airflow/.local/lib/python3.8/site-packages/airflow/example_dags/example_time_delta_sensor_async.py
[2023-10-11T07:21:54.228+0000] {processor.py:839} INFO - DAG(s) dict_keys(['example_time_delta_sensor_async']) retrieved from /home/airflow/.local/lib/python3.8/site-packages/airflow/example_dags/example_time_delta_sensor_async.py
[2023-10-11T07:21:54.244+0000] {logging_mixin.py:151} INFO - [2023-10-11T07:21:54.244+0000] {dag.py:2915} INFO - Sync 1 DAGs
[2023-10-11T07:21:54.251+0000] {logging_mixin.py:151} INFO - [2023-10-11T07:21:54.251+0000] {dag.py:3696} INFO - Setting next_dagrun for example_time_delta_sensor_async to None, run_after=None
[2023-10-11T07:21:54.262+0000] {processor.py:179} INFO - Processing /home/airflow/.local/lib/python3.8/site-packages/airflow/example_dags/example_time_delta_sensor_async.py took 0.041 seconds
[2023-10-11T07:22:24.809+0000] {processor.py:157} INFO - Started process (PID=628) to work on /home/airflow/.local/lib/python3.8/site-packages/airflow/example_dags/example_time_delta_sensor_async.py
[2023-10-11T07:22:24.810+0000] {processor.py:829} INFO - Processing file /home/airflow/.local/lib/python3.8/site-packages/airflow/example_dags/example_time_delta_sensor_async.py for tasks to queue
[2023-10-11T07:22:24.811+0000] {logging_mixin.py:151} INFO - [2023-10-11T07:22:24.811+0000] {dagbag.py:539} INFO - Filling up the DagBag from /home/airflow/.local/lib/python3.8/site-packages/airflow/example_dags/example_time_delta_sensor_async.py
[2023-10-11T07:22:24.815+0000] {processor.py:839} INFO - DAG(s) dict_keys(['example_time_delta_sensor_async']) retrieved from /home/airflow/.local/lib/python3.8/site-packages/airflow/example_dags/example_time_delta_sensor_async.py
[2023-10-11T07:22:24.831+0000] {logging_mixin.py:151} INFO - [2023-10-11T07:22:24.831+0000] {dag.py:2915} INFO - Sync 1 DAGs
[2023-10-11T07:22:24.838+0000] {logging_mixin.py:151} INFO - [2023-10-11T07:22:24.838+0000] {dag.py:3696} INFO - Setting next_dagrun for example_time_delta_sensor_async to None, run_after=None
[2023-10-11T07:22:24.849+0000] {processor.py:179} INFO - Processing /home/airflow/.local/lib/python3.8/site-packages/airflow/example_dags/example_time_delta_sensor_async.py took 0.041 seconds
[2023-10-11T07:22:55.225+0000] {processor.py:157} INFO - Started process (PID=686) to work on /home/airflow/.local/lib/python3.8/site-packages/airflow/example_dags/example_time_delta_sensor_async.py
[2023-10-11T07:22:55.225+0000] {processor.py:829} INFO - Processing file /home/airflow/.local/lib/python3.8/site-packages/airflow/example_dags/example_time_delta_sensor_async.py for tasks to queue
[2023-10-11T07:22:55.227+0000] {logging_mixin.py:151} INFO - [2023-10-11T07:22:55.226+0000] {dagbag.py:539} INFO - Filling up the DagBag from /home/airflow/.local/lib/python3.8/site-packages/airflow/example_dags/example_time_delta_sensor_async.py
[2023-10-11T07:22:55.230+0000] {processor.py:839} INFO - DAG(s) dict_keys(['example_time_delta_sensor_async']) retrieved from /home/airflow/.local/lib/python3.8/site-packages/airflow/example_dags/example_time_delta_sensor_async.py
[2023-10-11T07:22:55.247+0000] {logging_mixin.py:151} INFO - [2023-10-11T07:22:55.247+0000] {dag.py:2915} INFO - Sync 1 DAGs
[2023-10-11T07:22:55.254+0000] {logging_mixin.py:151} INFO - [2023-10-11T07:22:55.254+0000] {dag.py:3696} INFO - Setting next_dagrun for example_time_delta_sensor_async to None, run_after=None
[2023-10-11T07:22:55.264+0000] {processor.py:179} INFO - Processing /home/airflow/.local/lib/python3.8/site-packages/airflow/example_dags/example_time_delta_sensor_async.py took 0.041 seconds
[2023-10-11T07:23:25.580+0000] {processor.py:157} INFO - Started process (PID=745) to work on /home/airflow/.local/lib/python3.8/site-packages/airflow/example_dags/example_time_delta_sensor_async.py
[2023-10-11T07:23:25.581+0000] {processor.py:829} INFO - Processing file /home/airflow/.local/lib/python3.8/site-packages/airflow/example_dags/example_time_delta_sensor_async.py for tasks to queue
[2023-10-11T07:23:25.582+0000] {logging_mixin.py:151} INFO - [2023-10-11T07:23:25.582+0000] {dagbag.py:539} INFO - Filling up the DagBag from /home/airflow/.local/lib/python3.8/site-packages/airflow/example_dags/example_time_delta_sensor_async.py
[2023-10-11T07:23:25.586+0000] {processor.py:839} INFO - DAG(s) dict_keys(['example_time_delta_sensor_async']) retrieved from /home/airflow/.local/lib/python3.8/site-packages/airflow/example_dags/example_time_delta_sensor_async.py
[2023-10-11T07:23:25.602+0000] {logging_mixin.py:151} INFO - [2023-10-11T07:23:25.602+0000] {dag.py:2915} INFO - Sync 1 DAGs
[2023-10-11T07:23:25.609+0000] {logging_mixin.py:151} INFO - [2023-10-11T07:23:25.609+0000] {dag.py:3696} INFO - Setting next_dagrun for example_time_delta_sensor_async to None, run_after=None
[2023-10-11T07:23:25.619+0000] {processor.py:179} INFO - Processing /home/airflow/.local/lib/python3.8/site-packages/airflow/example_dags/example_time_delta_sensor_async.py took 0.041 seconds
[2023-10-11T07:23:56.011+0000] {processor.py:157} INFO - Started process (PID=804) to work on /home/airflow/.local/lib/python3.8/site-packages/airflow/example_dags/example_time_delta_sensor_async.py
[2023-10-11T07:23:56.012+0000] {processor.py:829} INFO - Processing file /home/airflow/.local/lib/python3.8/site-packages/airflow/example_dags/example_time_delta_sensor_async.py for tasks to queue
[2023-10-11T07:23:56.013+0000] {logging_mixin.py:151} INFO - [2023-10-11T07:23:56.013+0000] {dagbag.py:539} INFO - Filling up the DagBag from /home/airflow/.local/lib/python3.8/site-packages/airflow/example_dags/example_time_delta_sensor_async.py
[2023-10-11T07:23:56.017+0000] {processor.py:839} INFO - DAG(s) dict_keys(['example_time_delta_sensor_async']) retrieved from /home/airflow/.local/lib/python3.8/site-packages/airflow/example_dags/example_time_delta_sensor_async.py
[2023-10-11T07:23:56.033+0000] {logging_mixin.py:151} INFO - [2023-10-11T07:23:56.033+0000] {dag.py:2915} INFO - Sync 1 DAGs
[2023-10-11T07:23:56.040+0000] {logging_mixin.py:151} INFO - [2023-10-11T07:23:56.040+0000] {dag.py:3696} INFO - Setting next_dagrun for example_time_delta_sensor_async to None, run_after=None
[2023-10-11T07:23:56.050+0000] {processor.py:179} INFO - Processing /home/airflow/.local/lib/python3.8/site-packages/airflow/example_dags/example_time_delta_sensor_async.py took 0.041 seconds
[2023-10-11T07:24:26.313+0000] {processor.py:157} INFO - Started process (PID=863) to work on /home/airflow/.local/lib/python3.8/site-packages/airflow/example_dags/example_time_delta_sensor_async.py
[2023-10-11T07:24:26.314+0000] {processor.py:829} INFO - Processing file /home/airflow/.local/lib/python3.8/site-packages/airflow/example_dags/example_time_delta_sensor_async.py for tasks to queue
[2023-10-11T07:24:26.316+0000] {logging_mixin.py:151} INFO - [2023-10-11T07:24:26.315+0000] {dagbag.py:539} INFO - Filling up the DagBag from /home/airflow/.local/lib/python3.8/site-packages/airflow/example_dags/example_time_delta_sensor_async.py
[2023-10-11T07:24:26.319+0000] {processor.py:839} INFO - DAG(s) dict_keys(['example_time_delta_sensor_async']) retrieved from /home/airflow/.local/lib/python3.8/site-packages/airflow/example_dags/example_time_delta_sensor_async.py
[2023-10-11T07:24:26.338+0000] {logging_mixin.py:151} INFO - [2023-10-11T07:24:26.338+0000] {dag.py:2915} INFO - Sync 1 DAGs
[2023-10-11T07:24:26.346+0000] {logging_mixin.py:151} INFO - [2023-10-11T07:24:26.346+0000] {dag.py:3696} INFO - Setting next_dagrun for example_time_delta_sensor_async to None, run_after=None
[2023-10-11T07:24:26.356+0000] {processor.py:179} INFO - Processing /home/airflow/.local/lib/python3.8/site-packages/airflow/example_dags/example_time_delta_sensor_async.py took 0.045 seconds
[2023-10-11T07:24:56.490+0000] {processor.py:157} INFO - Started process (PID=922) to work on /home/airflow/.local/lib/python3.8/site-packages/airflow/example_dags/example_time_delta_sensor_async.py
[2023-10-11T07:24:56.491+0000] {processor.py:829} INFO - Processing file /home/airflow/.local/lib/python3.8/site-packages/airflow/example_dags/example_time_delta_sensor_async.py for tasks to queue
[2023-10-11T07:24:56.492+0000] {logging_mixin.py:151} INFO - [2023-10-11T07:24:56.492+0000] {dagbag.py:539} INFO - Filling up the DagBag from /home/airflow/.local/lib/python3.8/site-packages/airflow/example_dags/example_time_delta_sensor_async.py
[2023-10-11T07:24:56.495+0000] {processor.py:839} INFO - DAG(s) dict_keys(['example_time_delta_sensor_async']) retrieved from /home/airflow/.local/lib/python3.8/site-packages/airflow/example_dags/example_time_delta_sensor_async.py
[2023-10-11T07:24:56.512+0000] {logging_mixin.py:151} INFO - [2023-10-11T07:24:56.511+0000] {dag.py:2915} INFO - Sync 1 DAGs
[2023-10-11T07:24:56.519+0000] {logging_mixin.py:151} INFO - [2023-10-11T07:24:56.519+0000] {dag.py:3696} INFO - Setting next_dagrun for example_time_delta_sensor_async to None, run_after=None
[2023-10-11T07:24:56.529+0000] {processor.py:179} INFO - Processing /home/airflow/.local/lib/python3.8/site-packages/airflow/example_dags/example_time_delta_sensor_async.py took 0.041 seconds
[2023-10-11T07:25:26.623+0000] {processor.py:157} INFO - Started process (PID=981) to work on /home/airflow/.local/lib/python3.8/site-packages/airflow/example_dags/example_time_delta_sensor_async.py
[2023-10-11T07:25:26.627+0000] {processor.py:829} INFO - Processing file /home/airflow/.local/lib/python3.8/site-packages/airflow/example_dags/example_time_delta_sensor_async.py for tasks to queue
[2023-10-11T07:25:26.629+0000] {logging_mixin.py:151} INFO - [2023-10-11T07:25:26.628+0000] {dagbag.py:539} INFO - Filling up the DagBag from /home/airflow/.local/lib/python3.8/site-packages/airflow/example_dags/example_time_delta_sensor_async.py
[2023-10-11T07:25:26.632+0000] {processor.py:839} INFO - DAG(s) dict_keys(['example_time_delta_sensor_async']) retrieved from /home/airflow/.local/lib/python3.8/site-packages/airflow/example_dags/example_time_delta_sensor_async.py
[2023-10-11T07:25:26.650+0000] {logging_mixin.py:151} INFO - [2023-10-11T07:25:26.650+0000] {dag.py:2915} INFO - Sync 1 DAGs
[2023-10-11T07:25:26.659+0000] {logging_mixin.py:151} INFO - [2023-10-11T07:25:26.659+0000] {dag.py:3696} INFO - Setting next_dagrun for example_time_delta_sensor_async to None, run_after=None
[2023-10-11T07:25:26.670+0000] {processor.py:179} INFO - Processing /home/airflow/.local/lib/python3.8/site-packages/airflow/example_dags/example_time_delta_sensor_async.py took 0.049 seconds
[2023-10-11T07:25:56.816+0000] {processor.py:157} INFO - Started process (PID=1040) to work on /home/airflow/.local/lib/python3.8/site-packages/airflow/example_dags/example_time_delta_sensor_async.py
[2023-10-11T07:25:56.817+0000] {processor.py:829} INFO - Processing file /home/airflow/.local/lib/python3.8/site-packages/airflow/example_dags/example_time_delta_sensor_async.py for tasks to queue
[2023-10-11T07:25:56.818+0000] {logging_mixin.py:151} INFO - [2023-10-11T07:25:56.818+0000] {dagbag.py:539} INFO - Filling up the DagBag from /home/airflow/.local/lib/python3.8/site-packages/airflow/example_dags/example_time_delta_sensor_async.py
[2023-10-11T07:25:56.821+0000] {processor.py:839} INFO - DAG(s) dict_keys(['example_time_delta_sensor_async']) retrieved from /home/airflow/.local/lib/python3.8/site-packages/airflow/example_dags/example_time_delta_sensor_async.py
[2023-10-11T07:25:56.837+0000] {logging_mixin.py:151} INFO - [2023-10-11T07:25:56.837+0000] {dag.py:2915} INFO - Sync 1 DAGs
[2023-10-11T07:25:56.845+0000] {logging_mixin.py:151} INFO - [2023-10-11T07:25:56.845+0000] {dag.py:3696} INFO - Setting next_dagrun for example_time_delta_sensor_async to None, run_after=None
[2023-10-11T07:25:56.855+0000] {processor.py:179} INFO - Processing /home/airflow/.local/lib/python3.8/site-packages/airflow/example_dags/example_time_delta_sensor_async.py took 0.041 seconds
[2023-10-11T07:26:26.946+0000] {processor.py:157} INFO - Started process (PID=1099) to work on /home/airflow/.local/lib/python3.8/site-packages/airflow/example_dags/example_time_delta_sensor_async.py
[2023-10-11T07:26:26.947+0000] {processor.py:829} INFO - Processing file /home/airflow/.local/lib/python3.8/site-packages/airflow/example_dags/example_time_delta_sensor_async.py for tasks to queue
[2023-10-11T07:26:26.948+0000] {logging_mixin.py:151} INFO - [2023-10-11T07:26:26.948+0000] {dagbag.py:539} INFO - Filling up the DagBag from /home/airflow/.local/lib/python3.8/site-packages/airflow/example_dags/example_time_delta_sensor_async.py
[2023-10-11T07:26:26.951+0000] {processor.py:839} INFO - DAG(s) dict_keys(['example_time_delta_sensor_async']) retrieved from /home/airflow/.local/lib/python3.8/site-packages/airflow/example_dags/example_time_delta_sensor_async.py
[2023-10-11T07:26:26.967+0000] {logging_mixin.py:151} INFO - [2023-10-11T07:26:26.967+0000] {dag.py:2915} INFO - Sync 1 DAGs
[2023-10-11T07:26:26.975+0000] {logging_mixin.py:151} INFO - [2023-10-11T07:26:26.975+0000] {dag.py:3696} INFO - Setting next_dagrun for example_time_delta_sensor_async to None, run_after=None
[2023-10-11T07:26:26.985+0000] {processor.py:179} INFO - Processing /home/airflow/.local/lib/python3.8/site-packages/airflow/example_dags/example_time_delta_sensor_async.py took 0.040 seconds
[2023-10-11T07:26:57.385+0000] {processor.py:157} INFO - Started process (PID=1158) to work on /home/airflow/.local/lib/python3.8/site-packages/airflow/example_dags/example_time_delta_sensor_async.py
[2023-10-11T07:26:57.386+0000] {processor.py:829} INFO - Processing file /home/airflow/.local/lib/python3.8/site-packages/airflow/example_dags/example_time_delta_sensor_async.py for tasks to queue
[2023-10-11T07:26:57.387+0000] {logging_mixin.py:151} INFO - [2023-10-11T07:26:57.387+0000] {dagbag.py:539} INFO - Filling up the DagBag from /home/airflow/.local/lib/python3.8/site-packages/airflow/example_dags/example_time_delta_sensor_async.py
[2023-10-11T07:26:57.391+0000] {processor.py:839} INFO - DAG(s) dict_keys(['example_time_delta_sensor_async']) retrieved from /home/airflow/.local/lib/python3.8/site-packages/airflow/example_dags/example_time_delta_sensor_async.py
[2023-10-11T07:26:57.407+0000] {logging_mixin.py:151} INFO - [2023-10-11T07:26:57.407+0000] {dag.py:2915} INFO - Sync 1 DAGs
[2023-10-11T07:26:57.414+0000] {logging_mixin.py:151} INFO - [2023-10-11T07:26:57.414+0000] {dag.py:3696} INFO - Setting next_dagrun for example_time_delta_sensor_async to None, run_after=None
[2023-10-11T07:26:57.424+0000] {processor.py:179} INFO - Processing /home/airflow/.local/lib/python3.8/site-packages/airflow/example_dags/example_time_delta_sensor_async.py took 0.041 seconds
[2023-10-11T07:27:28.055+0000] {processor.py:157} INFO - Started process (PID=1217) to work on /home/airflow/.local/lib/python3.8/site-packages/airflow/example_dags/example_time_delta_sensor_async.py
[2023-10-11T07:27:28.056+0000] {processor.py:829} INFO - Processing file /home/airflow/.local/lib/python3.8/site-packages/airflow/example_dags/example_time_delta_sensor_async.py for tasks to queue
[2023-10-11T07:27:28.057+0000] {logging_mixin.py:151} INFO - [2023-10-11T07:27:28.057+0000] {dagbag.py:539} INFO - Filling up the DagBag from /home/airflow/.local/lib/python3.8/site-packages/airflow/example_dags/example_time_delta_sensor_async.py
[2023-10-11T07:27:28.061+0000] {processor.py:839} INFO - DAG(s) dict_keys(['example_time_delta_sensor_async']) retrieved from /home/airflow/.local/lib/python3.8/site-packages/airflow/example_dags/example_time_delta_sensor_async.py
[2023-10-11T07:27:28.077+0000] {logging_mixin.py:151} INFO - [2023-10-11T07:27:28.077+0000] {dag.py:2915} INFO - Sync 1 DAGs
[2023-10-11T07:27:28.084+0000] {logging_mixin.py:151} INFO - [2023-10-11T07:27:28.084+0000] {dag.py:3696} INFO - Setting next_dagrun for example_time_delta_sensor_async to None, run_after=None
[2023-10-11T07:27:28.094+0000] {processor.py:179} INFO - Processing /home/airflow/.local/lib/python3.8/site-packages/airflow/example_dags/example_time_delta_sensor_async.py took 0.041 seconds
[2023-10-11T07:27:58.271+0000] {processor.py:157} INFO - Started process (PID=1276) to work on /home/airflow/.local/lib/python3.8/site-packages/airflow/example_dags/example_time_delta_sensor_async.py
[2023-10-11T07:27:58.272+0000] {processor.py:829} INFO - Processing file /home/airflow/.local/lib/python3.8/site-packages/airflow/example_dags/example_time_delta_sensor_async.py for tasks to queue
[2023-10-11T07:27:58.273+0000] {logging_mixin.py:151} INFO - [2023-10-11T07:27:58.273+0000] {dagbag.py:539} INFO - Filling up the DagBag from /home/airflow/.local/lib/python3.8/site-packages/airflow/example_dags/example_time_delta_sensor_async.py
[2023-10-11T07:27:58.276+0000] {processor.py:839} INFO - DAG(s) dict_keys(['example_time_delta_sensor_async']) retrieved from /home/airflow/.local/lib/python3.8/site-packages/airflow/example_dags/example_time_delta_sensor_async.py
[2023-10-11T07:27:58.293+0000] {logging_mixin.py:151} INFO - [2023-10-11T07:27:58.293+0000] {dag.py:2915} INFO - Sync 1 DAGs
[2023-10-11T07:27:58.301+0000] {logging_mixin.py:151} INFO - [2023-10-11T07:27:58.300+0000] {dag.py:3696} INFO - Setting next_dagrun for example_time_delta_sensor_async to None, run_after=None
[2023-10-11T07:27:58.311+0000] {processor.py:179} INFO - Processing /home/airflow/.local/lib/python3.8/site-packages/airflow/example_dags/example_time_delta_sensor_async.py took 0.042 seconds
[2023-10-11T07:28:28.654+0000] {processor.py:157} INFO - Started process (PID=1335) to work on /home/airflow/.local/lib/python3.8/site-packages/airflow/example_dags/example_time_delta_sensor_async.py
[2023-10-11T07:28:28.655+0000] {processor.py:829} INFO - Processing file /home/airflow/.local/lib/python3.8/site-packages/airflow/example_dags/example_time_delta_sensor_async.py for tasks to queue
[2023-10-11T07:28:28.656+0000] {logging_mixin.py:151} INFO - [2023-10-11T07:28:28.656+0000] {dagbag.py:539} INFO - Filling up the DagBag from /home/airflow/.local/lib/python3.8/site-packages/airflow/example_dags/example_time_delta_sensor_async.py
[2023-10-11T07:28:28.659+0000] {processor.py:839} INFO - DAG(s) dict_keys(['example_time_delta_sensor_async']) retrieved from /home/airflow/.local/lib/python3.8/site-packages/airflow/example_dags/example_time_delta_sensor_async.py
[2023-10-11T07:28:28.675+0000] {logging_mixin.py:151} INFO - [2023-10-11T07:28:28.675+0000] {dag.py:2915} INFO - Sync 1 DAGs
[2023-10-11T07:28:28.683+0000] {logging_mixin.py:151} INFO - [2023-10-11T07:28:28.683+0000] {dag.py:3696} INFO - Setting next_dagrun for example_time_delta_sensor_async to None, run_after=None
[2023-10-11T07:28:28.713+0000] {processor.py:179} INFO - Processing /home/airflow/.local/lib/python3.8/site-packages/airflow/example_dags/example_time_delta_sensor_async.py took 0.061 seconds
[2023-10-11T07:28:58.811+0000] {processor.py:157} INFO - Started process (PID=1394) to work on /home/airflow/.local/lib/python3.8/site-packages/airflow/example_dags/example_time_delta_sensor_async.py
[2023-10-11T07:28:58.812+0000] {processor.py:829} INFO - Processing file /home/airflow/.local/lib/python3.8/site-packages/airflow/example_dags/example_time_delta_sensor_async.py for tasks to queue
[2023-10-11T07:28:58.814+0000] {logging_mixin.py:151} INFO - [2023-10-11T07:28:58.814+0000] {dagbag.py:539} INFO - Filling up the DagBag from /home/airflow/.local/lib/python3.8/site-packages/airflow/example_dags/example_time_delta_sensor_async.py
[2023-10-11T07:28:58.820+0000] {processor.py:839} INFO - DAG(s) dict_keys(['example_time_delta_sensor_async']) retrieved from /home/airflow/.local/lib/python3.8/site-packages/airflow/example_dags/example_time_delta_sensor_async.py
[2023-10-11T07:28:58.849+0000] {logging_mixin.py:151} INFO - [2023-10-11T07:28:58.849+0000] {dag.py:2915} INFO - Sync 1 DAGs
[2023-10-11T07:28:58.858+0000] {logging_mixin.py:151} INFO - [2023-10-11T07:28:58.858+0000] {dag.py:3696} INFO - Setting next_dagrun for example_time_delta_sensor_async to None, run_after=None
[2023-10-11T07:28:58.868+0000] {processor.py:179} INFO - Processing /home/airflow/.local/lib/python3.8/site-packages/airflow/example_dags/example_time_delta_sensor_async.py took 0.061 seconds
[2023-10-11T07:29:29.531+0000] {processor.py:157} INFO - Started process (PID=1453) to work on /home/airflow/.local/lib/python3.8/site-packages/airflow/example_dags/example_time_delta_sensor_async.py
[2023-10-11T07:29:29.532+0000] {processor.py:829} INFO - Processing file /home/airflow/.local/lib/python3.8/site-packages/airflow/example_dags/example_time_delta_sensor_async.py for tasks to queue
[2023-10-11T07:29:29.535+0000] {logging_mixin.py:151} INFO - [2023-10-11T07:29:29.534+0000] {dagbag.py:539} INFO - Filling up the DagBag from /home/airflow/.local/lib/python3.8/site-packages/airflow/example_dags/example_time_delta_sensor_async.py
[2023-10-11T07:29:29.546+0000] {processor.py:839} INFO - DAG(s) dict_keys(['example_time_delta_sensor_async']) retrieved from /home/airflow/.local/lib/python3.8/site-packages/airflow/example_dags/example_time_delta_sensor_async.py
[2023-10-11T07:29:29.585+0000] {logging_mixin.py:151} INFO - [2023-10-11T07:29:29.585+0000] {dag.py:2915} INFO - Sync 1 DAGs
[2023-10-11T07:29:29.600+0000] {logging_mixin.py:151} INFO - [2023-10-11T07:29:29.600+0000] {dag.py:3696} INFO - Setting next_dagrun for example_time_delta_sensor_async to None, run_after=None
[2023-10-11T07:29:29.618+0000] {processor.py:179} INFO - Processing /home/airflow/.local/lib/python3.8/site-packages/airflow/example_dags/example_time_delta_sensor_async.py took 0.089 seconds
[2023-10-11T07:29:59.661+0000] {processor.py:157} INFO - Started process (PID=1512) to work on /home/airflow/.local/lib/python3.8/site-packages/airflow/example_dags/example_time_delta_sensor_async.py
[2023-10-11T07:29:59.662+0000] {processor.py:829} INFO - Processing file /home/airflow/.local/lib/python3.8/site-packages/airflow/example_dags/example_time_delta_sensor_async.py for tasks to queue
[2023-10-11T07:29:59.663+0000] {logging_mixin.py:151} INFO - [2023-10-11T07:29:59.663+0000] {dagbag.py:539} INFO - Filling up the DagBag from /home/airflow/.local/lib/python3.8/site-packages/airflow/example_dags/example_time_delta_sensor_async.py
[2023-10-11T07:29:59.667+0000] {processor.py:839} INFO - DAG(s) dict_keys(['example_time_delta_sensor_async']) retrieved from /home/airflow/.local/lib/python3.8/site-packages/airflow/example_dags/example_time_delta_sensor_async.py
[2023-10-11T07:29:59.684+0000] {logging_mixin.py:151} INFO - [2023-10-11T07:29:59.684+0000] {dag.py:2915} INFO - Sync 1 DAGs
[2023-10-11T07:29:59.692+0000] {logging_mixin.py:151} INFO - [2023-10-11T07:29:59.691+0000] {dag.py:3696} INFO - Setting next_dagrun for example_time_delta_sensor_async to None, run_after=None
[2023-10-11T07:29:59.702+0000] {processor.py:179} INFO - Processing /home/airflow/.local/lib/python3.8/site-packages/airflow/example_dags/example_time_delta_sensor_async.py took 0.042 seconds
[2023-10-11T07:30:29.921+0000] {processor.py:157} INFO - Started process (PID=1570) to work on /home/airflow/.local/lib/python3.8/site-packages/airflow/example_dags/example_time_delta_sensor_async.py
[2023-10-11T07:30:29.922+0000] {processor.py:829} INFO - Processing file /home/airflow/.local/lib/python3.8/site-packages/airflow/example_dags/example_time_delta_sensor_async.py for tasks to queue
[2023-10-11T07:30:29.923+0000] {logging_mixin.py:151} INFO - [2023-10-11T07:30:29.923+0000] {dagbag.py:539} INFO - Filling up the DagBag from /home/airflow/.local/lib/python3.8/site-packages/airflow/example_dags/example_time_delta_sensor_async.py
[2023-10-11T07:30:29.927+0000] {processor.py:839} INFO - DAG(s) dict_keys(['example_time_delta_sensor_async']) retrieved from /home/airflow/.local/lib/python3.8/site-packages/airflow/example_dags/example_time_delta_sensor_async.py
[2023-10-11T07:30:29.944+0000] {logging_mixin.py:151} INFO - [2023-10-11T07:30:29.943+0000] {dag.py:2915} INFO - Sync 1 DAGs
[2023-10-11T07:30:29.951+0000] {logging_mixin.py:151} INFO - [2023-10-11T07:30:29.951+0000] {dag.py:3696} INFO - Setting next_dagrun for example_time_delta_sensor_async to None, run_after=None
[2023-10-11T07:30:29.961+0000] {processor.py:179} INFO - Processing /home/airflow/.local/lib/python3.8/site-packages/airflow/example_dags/example_time_delta_sensor_async.py took 0.042 seconds
[2023-10-11T07:31:00.212+0000] {processor.py:157} INFO - Started process (PID=1628) to work on /home/airflow/.local/lib/python3.8/site-packages/airflow/example_dags/example_time_delta_sensor_async.py
[2023-10-11T07:31:00.212+0000] {processor.py:829} INFO - Processing file /home/airflow/.local/lib/python3.8/site-packages/airflow/example_dags/example_time_delta_sensor_async.py for tasks to queue
[2023-10-11T07:31:00.214+0000] {logging_mixin.py:151} INFO - [2023-10-11T07:31:00.213+0000] {dagbag.py:539} INFO - Filling up the DagBag from /home/airflow/.local/lib/python3.8/site-packages/airflow/example_dags/example_time_delta_sensor_async.py
[2023-10-11T07:31:00.217+0000] {processor.py:839} INFO - DAG(s) dict_keys(['example_time_delta_sensor_async']) retrieved from /home/airflow/.local/lib/python3.8/site-packages/airflow/example_dags/example_time_delta_sensor_async.py
[2023-10-11T07:31:00.234+0000] {logging_mixin.py:151} INFO - [2023-10-11T07:31:00.234+0000] {dag.py:2915} INFO - Sync 1 DAGs
[2023-10-11T07:31:00.241+0000] {logging_mixin.py:151} INFO - [2023-10-11T07:31:00.241+0000] {dag.py:3696} INFO - Setting next_dagrun for example_time_delta_sensor_async to None, run_after=None
[2023-10-11T07:31:00.251+0000] {processor.py:179} INFO - Processing /home/airflow/.local/lib/python3.8/site-packages/airflow/example_dags/example_time_delta_sensor_async.py took 0.042 seconds
[2023-10-11T07:31:30.484+0000] {processor.py:157} INFO - Started process (PID=1687) to work on /home/airflow/.local/lib/python3.8/site-packages/airflow/example_dags/example_time_delta_sensor_async.py
[2023-10-11T07:31:30.485+0000] {processor.py:829} INFO - Processing file /home/airflow/.local/lib/python3.8/site-packages/airflow/example_dags/example_time_delta_sensor_async.py for tasks to queue
[2023-10-11T07:31:30.486+0000] {logging_mixin.py:151} INFO - [2023-10-11T07:31:30.486+0000] {dagbag.py:539} INFO - Filling up the DagBag from /home/airflow/.local/lib/python3.8/site-packages/airflow/example_dags/example_time_delta_sensor_async.py
[2023-10-11T07:31:30.489+0000] {processor.py:839} INFO - DAG(s) dict_keys(['example_time_delta_sensor_async']) retrieved from /home/airflow/.local/lib/python3.8/site-packages/airflow/example_dags/example_time_delta_sensor_async.py
[2023-10-11T07:31:30.506+0000] {logging_mixin.py:151} INFO - [2023-10-11T07:31:30.506+0000] {dag.py:2915} INFO - Sync 1 DAGs
[2023-10-11T07:31:30.515+0000] {logging_mixin.py:151} INFO - [2023-10-11T07:31:30.515+0000] {dag.py:3696} INFO - Setting next_dagrun for example_time_delta_sensor_async to None, run_after=None
[2023-10-11T07:31:30.525+0000] {processor.py:179} INFO - Processing /home/airflow/.local/lib/python3.8/site-packages/airflow/example_dags/example_time_delta_sensor_async.py took 0.042 seconds
[2023-10-11T07:32:00.660+0000] {processor.py:157} INFO - Started process (PID=1746) to work on /home/airflow/.local/lib/python3.8/site-packages/airflow/example_dags/example_time_delta_sensor_async.py
[2023-10-11T07:32:00.661+0000] {processor.py:829} INFO - Processing file /home/airflow/.local/lib/python3.8/site-packages/airflow/example_dags/example_time_delta_sensor_async.py for tasks to queue
[2023-10-11T07:32:00.663+0000] {logging_mixin.py:151} INFO - [2023-10-11T07:32:00.663+0000] {dagbag.py:539} INFO - Filling up the DagBag from /home/airflow/.local/lib/python3.8/site-packages/airflow/example_dags/example_time_delta_sensor_async.py
[2023-10-11T07:32:00.666+0000] {processor.py:839} INFO - DAG(s) dict_keys(['example_time_delta_sensor_async']) retrieved from /home/airflow/.local/lib/python3.8/site-packages/airflow/example_dags/example_time_delta_sensor_async.py
[2023-10-11T07:32:00.684+0000] {logging_mixin.py:151} INFO - [2023-10-11T07:32:00.684+0000] {dag.py:2915} INFO - Sync 1 DAGs
[2023-10-11T07:32:00.691+0000] {logging_mixin.py:151} INFO - [2023-10-11T07:32:00.691+0000] {dag.py:3696} INFO - Setting next_dagrun for example_time_delta_sensor_async to None, run_after=None
[2023-10-11T07:32:00.702+0000] {processor.py:179} INFO - Processing /home/airflow/.local/lib/python3.8/site-packages/airflow/example_dags/example_time_delta_sensor_async.py took 0.044 seconds
