[2023-10-11T07:17:23.590+0000] {processor.py:157} INFO - Started process (PID=73) to work on /home/airflow/.local/lib/python3.8/site-packages/airflow/example_dags/example_sensor_decorator.py
[2023-10-11T07:17:23.591+0000] {processor.py:829} INFO - Processing file /home/airflow/.local/lib/python3.8/site-packages/airflow/example_dags/example_sensor_decorator.py for tasks to queue
[2023-10-11T07:17:23.593+0000] {logging_mixin.py:151} INFO - [2023-10-11T07:17:23.593+0000] {dagbag.py:539} INFO - Filling up the DagBag from /home/airflow/.local/lib/python3.8/site-packages/airflow/example_dags/example_sensor_decorator.py
[2023-10-11T07:17:23.597+0000] {processor.py:839} INFO - DAG(s) dict_keys(['example_sensor_decorator']) retrieved from /home/airflow/.local/lib/python3.8/site-packages/airflow/example_dags/example_sensor_decorator.py
[2023-10-11T07:17:23.614+0000] {logging_mixin.py:151} INFO - [2023-10-11T07:17:23.614+0000] {dag.py:2915} INFO - Sync 1 DAGs
[2023-10-11T07:17:23.623+0000] {logging_mixin.py:151} INFO - [2023-10-11T07:17:23.623+0000] {dag.py:3696} INFO - Setting next_dagrun for example_sensor_decorator to None, run_after=None
[2023-10-11T07:17:23.634+0000] {processor.py:179} INFO - Processing /home/airflow/.local/lib/python3.8/site-packages/airflow/example_dags/example_sensor_decorator.py took 0.046 seconds
[2023-10-11T07:17:53.746+0000] {processor.py:157} INFO - Started process (PID=132) to work on /home/airflow/.local/lib/python3.8/site-packages/airflow/example_dags/example_sensor_decorator.py
[2023-10-11T07:17:53.747+0000] {processor.py:829} INFO - Processing file /home/airflow/.local/lib/python3.8/site-packages/airflow/example_dags/example_sensor_decorator.py for tasks to queue
[2023-10-11T07:17:53.748+0000] {logging_mixin.py:151} INFO - [2023-10-11T07:17:53.748+0000] {dagbag.py:539} INFO - Filling up the DagBag from /home/airflow/.local/lib/python3.8/site-packages/airflow/example_dags/example_sensor_decorator.py
[2023-10-11T07:17:53.752+0000] {processor.py:839} INFO - DAG(s) dict_keys(['example_sensor_decorator']) retrieved from /home/airflow/.local/lib/python3.8/site-packages/airflow/example_dags/example_sensor_decorator.py
[2023-10-11T07:17:53.768+0000] {logging_mixin.py:151} INFO - [2023-10-11T07:17:53.768+0000] {dag.py:2915} INFO - Sync 1 DAGs
[2023-10-11T07:17:53.776+0000] {logging_mixin.py:151} INFO - [2023-10-11T07:17:53.776+0000] {dag.py:3696} INFO - Setting next_dagrun for example_sensor_decorator to None, run_after=None
[2023-10-11T07:17:53.787+0000] {processor.py:179} INFO - Processing /home/airflow/.local/lib/python3.8/site-packages/airflow/example_dags/example_sensor_decorator.py took 0.043 seconds
[2023-10-11T07:18:24.541+0000] {processor.py:157} INFO - Started process (PID=191) to work on /home/airflow/.local/lib/python3.8/site-packages/airflow/example_dags/example_sensor_decorator.py
[2023-10-11T07:18:24.542+0000] {processor.py:829} INFO - Processing file /home/airflow/.local/lib/python3.8/site-packages/airflow/example_dags/example_sensor_decorator.py for tasks to queue
[2023-10-11T07:18:24.543+0000] {logging_mixin.py:151} INFO - [2023-10-11T07:18:24.543+0000] {dagbag.py:539} INFO - Filling up the DagBag from /home/airflow/.local/lib/python3.8/site-packages/airflow/example_dags/example_sensor_decorator.py
[2023-10-11T07:18:24.547+0000] {processor.py:839} INFO - DAG(s) dict_keys(['example_sensor_decorator']) retrieved from /home/airflow/.local/lib/python3.8/site-packages/airflow/example_dags/example_sensor_decorator.py
[2023-10-11T07:18:24.563+0000] {logging_mixin.py:151} INFO - [2023-10-11T07:18:24.563+0000] {dag.py:2915} INFO - Sync 1 DAGs
[2023-10-11T07:18:24.571+0000] {logging_mixin.py:151} INFO - [2023-10-11T07:18:24.571+0000] {dag.py:3696} INFO - Setting next_dagrun for example_sensor_decorator to None, run_after=None
[2023-10-11T07:18:24.582+0000] {processor.py:179} INFO - Processing /home/airflow/.local/lib/python3.8/site-packages/airflow/example_dags/example_sensor_decorator.py took 0.043 seconds
[2023-10-11T07:18:55.742+0000] {processor.py:157} INFO - Started process (PID=250) to work on /home/airflow/.local/lib/python3.8/site-packages/airflow/example_dags/example_sensor_decorator.py
[2023-10-11T07:18:55.743+0000] {processor.py:829} INFO - Processing file /home/airflow/.local/lib/python3.8/site-packages/airflow/example_dags/example_sensor_decorator.py for tasks to queue
[2023-10-11T07:18:55.744+0000] {logging_mixin.py:151} INFO - [2023-10-11T07:18:55.744+0000] {dagbag.py:539} INFO - Filling up the DagBag from /home/airflow/.local/lib/python3.8/site-packages/airflow/example_dags/example_sensor_decorator.py
[2023-10-11T07:18:55.748+0000] {processor.py:839} INFO - DAG(s) dict_keys(['example_sensor_decorator']) retrieved from /home/airflow/.local/lib/python3.8/site-packages/airflow/example_dags/example_sensor_decorator.py
[2023-10-11T07:18:55.764+0000] {logging_mixin.py:151} INFO - [2023-10-11T07:18:55.764+0000] {dag.py:2915} INFO - Sync 1 DAGs
[2023-10-11T07:18:55.772+0000] {logging_mixin.py:151} INFO - [2023-10-11T07:18:55.772+0000] {dag.py:3696} INFO - Setting next_dagrun for example_sensor_decorator to None, run_after=None
[2023-10-11T07:18:55.782+0000] {processor.py:179} INFO - Processing /home/airflow/.local/lib/python3.8/site-packages/airflow/example_dags/example_sensor_decorator.py took 0.043 seconds
[2023-10-11T07:19:26.910+0000] {processor.py:157} INFO - Started process (PID=309) to work on /home/airflow/.local/lib/python3.8/site-packages/airflow/example_dags/example_sensor_decorator.py
[2023-10-11T07:19:26.911+0000] {processor.py:829} INFO - Processing file /home/airflow/.local/lib/python3.8/site-packages/airflow/example_dags/example_sensor_decorator.py for tasks to queue
[2023-10-11T07:19:26.912+0000] {logging_mixin.py:151} INFO - [2023-10-11T07:19:26.912+0000] {dagbag.py:539} INFO - Filling up the DagBag from /home/airflow/.local/lib/python3.8/site-packages/airflow/example_dags/example_sensor_decorator.py
[2023-10-11T07:19:26.916+0000] {processor.py:839} INFO - DAG(s) dict_keys(['example_sensor_decorator']) retrieved from /home/airflow/.local/lib/python3.8/site-packages/airflow/example_dags/example_sensor_decorator.py
[2023-10-11T07:19:26.933+0000] {logging_mixin.py:151} INFO - [2023-10-11T07:19:26.933+0000] {dag.py:2915} INFO - Sync 1 DAGs
[2023-10-11T07:19:26.942+0000] {logging_mixin.py:151} INFO - [2023-10-11T07:19:26.942+0000] {dag.py:3696} INFO - Setting next_dagrun for example_sensor_decorator to None, run_after=None
[2023-10-11T07:19:26.953+0000] {processor.py:179} INFO - Processing /home/airflow/.local/lib/python3.8/site-packages/airflow/example_dags/example_sensor_decorator.py took 0.045 seconds
[2023-10-11T07:19:58.277+0000] {processor.py:157} INFO - Started process (PID=368) to work on /home/airflow/.local/lib/python3.8/site-packages/airflow/example_dags/example_sensor_decorator.py
[2023-10-11T07:19:58.278+0000] {processor.py:829} INFO - Processing file /home/airflow/.local/lib/python3.8/site-packages/airflow/example_dags/example_sensor_decorator.py for tasks to queue
[2023-10-11T07:19:58.279+0000] {logging_mixin.py:151} INFO - [2023-10-11T07:19:58.279+0000] {dagbag.py:539} INFO - Filling up the DagBag from /home/airflow/.local/lib/python3.8/site-packages/airflow/example_dags/example_sensor_decorator.py
[2023-10-11T07:19:58.283+0000] {processor.py:839} INFO - DAG(s) dict_keys(['example_sensor_decorator']) retrieved from /home/airflow/.local/lib/python3.8/site-packages/airflow/example_dags/example_sensor_decorator.py
[2023-10-11T07:19:58.299+0000] {logging_mixin.py:151} INFO - [2023-10-11T07:19:58.299+0000] {dag.py:2915} INFO - Sync 1 DAGs
[2023-10-11T07:19:58.308+0000] {logging_mixin.py:151} INFO - [2023-10-11T07:19:58.308+0000] {dag.py:3696} INFO - Setting next_dagrun for example_sensor_decorator to None, run_after=None
[2023-10-11T07:19:58.319+0000] {processor.py:179} INFO - Processing /home/airflow/.local/lib/python3.8/site-packages/airflow/example_dags/example_sensor_decorator.py took 0.044 seconds
[2023-10-11T07:20:28.550+0000] {processor.py:157} INFO - Started process (PID=427) to work on /home/airflow/.local/lib/python3.8/site-packages/airflow/example_dags/example_sensor_decorator.py
[2023-10-11T07:20:28.551+0000] {processor.py:829} INFO - Processing file /home/airflow/.local/lib/python3.8/site-packages/airflow/example_dags/example_sensor_decorator.py for tasks to queue
[2023-10-11T07:20:28.553+0000] {logging_mixin.py:151} INFO - [2023-10-11T07:20:28.552+0000] {dagbag.py:539} INFO - Filling up the DagBag from /home/airflow/.local/lib/python3.8/site-packages/airflow/example_dags/example_sensor_decorator.py
[2023-10-11T07:20:28.557+0000] {processor.py:839} INFO - DAG(s) dict_keys(['example_sensor_decorator']) retrieved from /home/airflow/.local/lib/python3.8/site-packages/airflow/example_dags/example_sensor_decorator.py
[2023-10-11T07:20:28.573+0000] {logging_mixin.py:151} INFO - [2023-10-11T07:20:28.573+0000] {dag.py:2915} INFO - Sync 1 DAGs
[2023-10-11T07:20:28.580+0000] {logging_mixin.py:151} INFO - [2023-10-11T07:20:28.580+0000] {dag.py:3696} INFO - Setting next_dagrun for example_sensor_decorator to None, run_after=None
[2023-10-11T07:20:28.590+0000] {processor.py:179} INFO - Processing /home/airflow/.local/lib/python3.8/site-packages/airflow/example_dags/example_sensor_decorator.py took 0.042 seconds
[2023-10-11T07:20:58.912+0000] {processor.py:157} INFO - Started process (PID=487) to work on /home/airflow/.local/lib/python3.8/site-packages/airflow/example_dags/example_sensor_decorator.py
[2023-10-11T07:20:58.913+0000] {processor.py:829} INFO - Processing file /home/airflow/.local/lib/python3.8/site-packages/airflow/example_dags/example_sensor_decorator.py for tasks to queue
[2023-10-11T07:20:58.914+0000] {logging_mixin.py:151} INFO - [2023-10-11T07:20:58.914+0000] {dagbag.py:539} INFO - Filling up the DagBag from /home/airflow/.local/lib/python3.8/site-packages/airflow/example_dags/example_sensor_decorator.py
[2023-10-11T07:20:58.918+0000] {processor.py:839} INFO - DAG(s) dict_keys(['example_sensor_decorator']) retrieved from /home/airflow/.local/lib/python3.8/site-packages/airflow/example_dags/example_sensor_decorator.py
[2023-10-11T07:20:58.935+0000] {logging_mixin.py:151} INFO - [2023-10-11T07:20:58.935+0000] {dag.py:2915} INFO - Sync 1 DAGs
[2023-10-11T07:20:58.943+0000] {logging_mixin.py:151} INFO - [2023-10-11T07:20:58.942+0000] {dag.py:3696} INFO - Setting next_dagrun for example_sensor_decorator to None, run_after=None
[2023-10-11T07:20:58.952+0000] {processor.py:179} INFO - Processing /home/airflow/.local/lib/python3.8/site-packages/airflow/example_dags/example_sensor_decorator.py took 0.042 seconds
[2023-10-11T07:21:29.483+0000] {processor.py:157} INFO - Started process (PID=546) to work on /home/airflow/.local/lib/python3.8/site-packages/airflow/example_dags/example_sensor_decorator.py
[2023-10-11T07:21:29.484+0000] {processor.py:829} INFO - Processing file /home/airflow/.local/lib/python3.8/site-packages/airflow/example_dags/example_sensor_decorator.py for tasks to queue
[2023-10-11T07:21:29.485+0000] {logging_mixin.py:151} INFO - [2023-10-11T07:21:29.485+0000] {dagbag.py:539} INFO - Filling up the DagBag from /home/airflow/.local/lib/python3.8/site-packages/airflow/example_dags/example_sensor_decorator.py
[2023-10-11T07:21:29.489+0000] {processor.py:839} INFO - DAG(s) dict_keys(['example_sensor_decorator']) retrieved from /home/airflow/.local/lib/python3.8/site-packages/airflow/example_dags/example_sensor_decorator.py
[2023-10-11T07:21:29.506+0000] {logging_mixin.py:151} INFO - [2023-10-11T07:21:29.505+0000] {dag.py:2915} INFO - Sync 1 DAGs
[2023-10-11T07:21:29.514+0000] {logging_mixin.py:151} INFO - [2023-10-11T07:21:29.513+0000] {dag.py:3696} INFO - Setting next_dagrun for example_sensor_decorator to None, run_after=None
[2023-10-11T07:21:29.524+0000] {processor.py:179} INFO - Processing /home/airflow/.local/lib/python3.8/site-packages/airflow/example_dags/example_sensor_decorator.py took 0.042 seconds
[2023-10-11T07:22:00.000+0000] {processor.py:157} INFO - Started process (PID=605) to work on /home/airflow/.local/lib/python3.8/site-packages/airflow/example_dags/example_sensor_decorator.py
[2023-10-11T07:22:00.001+0000] {processor.py:829} INFO - Processing file /home/airflow/.local/lib/python3.8/site-packages/airflow/example_dags/example_sensor_decorator.py for tasks to queue
[2023-10-11T07:22:00.002+0000] {logging_mixin.py:151} INFO - [2023-10-11T07:22:00.002+0000] {dagbag.py:539} INFO - Filling up the DagBag from /home/airflow/.local/lib/python3.8/site-packages/airflow/example_dags/example_sensor_decorator.py
[2023-10-11T07:22:00.006+0000] {processor.py:839} INFO - DAG(s) dict_keys(['example_sensor_decorator']) retrieved from /home/airflow/.local/lib/python3.8/site-packages/airflow/example_dags/example_sensor_decorator.py
[2023-10-11T07:22:00.023+0000] {logging_mixin.py:151} INFO - [2023-10-11T07:22:00.023+0000] {dag.py:2915} INFO - Sync 1 DAGs
[2023-10-11T07:22:00.031+0000] {logging_mixin.py:151} INFO - [2023-10-11T07:22:00.031+0000] {dag.py:3696} INFO - Setting next_dagrun for example_sensor_decorator to None, run_after=None
[2023-10-11T07:22:00.041+0000] {processor.py:179} INFO - Processing /home/airflow/.local/lib/python3.8/site-packages/airflow/example_dags/example_sensor_decorator.py took 0.044 seconds
[2023-10-11T07:22:30.363+0000] {processor.py:157} INFO - Started process (PID=664) to work on /home/airflow/.local/lib/python3.8/site-packages/airflow/example_dags/example_sensor_decorator.py
[2023-10-11T07:22:30.364+0000] {processor.py:829} INFO - Processing file /home/airflow/.local/lib/python3.8/site-packages/airflow/example_dags/example_sensor_decorator.py for tasks to queue
[2023-10-11T07:22:30.366+0000] {logging_mixin.py:151} INFO - [2023-10-11T07:22:30.365+0000] {dagbag.py:539} INFO - Filling up the DagBag from /home/airflow/.local/lib/python3.8/site-packages/airflow/example_dags/example_sensor_decorator.py
[2023-10-11T07:22:30.371+0000] {processor.py:839} INFO - DAG(s) dict_keys(['example_sensor_decorator']) retrieved from /home/airflow/.local/lib/python3.8/site-packages/airflow/example_dags/example_sensor_decorator.py
[2023-10-11T07:22:30.387+0000] {logging_mixin.py:151} INFO - [2023-10-11T07:22:30.387+0000] {dag.py:2915} INFO - Sync 1 DAGs
[2023-10-11T07:22:30.394+0000] {logging_mixin.py:151} INFO - [2023-10-11T07:22:30.394+0000] {dag.py:3696} INFO - Setting next_dagrun for example_sensor_decorator to None, run_after=None
[2023-10-11T07:22:30.405+0000] {processor.py:179} INFO - Processing /home/airflow/.local/lib/python3.8/site-packages/airflow/example_dags/example_sensor_decorator.py took 0.044 seconds
[2023-10-11T07:23:00.799+0000] {processor.py:157} INFO - Started process (PID=722) to work on /home/airflow/.local/lib/python3.8/site-packages/airflow/example_dags/example_sensor_decorator.py
[2023-10-11T07:23:00.800+0000] {processor.py:829} INFO - Processing file /home/airflow/.local/lib/python3.8/site-packages/airflow/example_dags/example_sensor_decorator.py for tasks to queue
[2023-10-11T07:23:00.801+0000] {logging_mixin.py:151} INFO - [2023-10-11T07:23:00.801+0000] {dagbag.py:539} INFO - Filling up the DagBag from /home/airflow/.local/lib/python3.8/site-packages/airflow/example_dags/example_sensor_decorator.py
[2023-10-11T07:23:00.805+0000] {processor.py:839} INFO - DAG(s) dict_keys(['example_sensor_decorator']) retrieved from /home/airflow/.local/lib/python3.8/site-packages/airflow/example_dags/example_sensor_decorator.py
[2023-10-11T07:23:00.823+0000] {logging_mixin.py:151} INFO - [2023-10-11T07:23:00.823+0000] {dag.py:2915} INFO - Sync 1 DAGs
[2023-10-11T07:23:00.831+0000] {logging_mixin.py:151} INFO - [2023-10-11T07:23:00.831+0000] {dag.py:3696} INFO - Setting next_dagrun for example_sensor_decorator to None, run_after=None
[2023-10-11T07:23:00.842+0000] {processor.py:179} INFO - Processing /home/airflow/.local/lib/python3.8/site-packages/airflow/example_dags/example_sensor_decorator.py took 0.044 seconds
[2023-10-11T07:23:30.906+0000] {processor.py:157} INFO - Started process (PID=776) to work on /home/airflow/.local/lib/python3.8/site-packages/airflow/example_dags/example_sensor_decorator.py
[2023-10-11T07:23:30.907+0000] {processor.py:829} INFO - Processing file /home/airflow/.local/lib/python3.8/site-packages/airflow/example_dags/example_sensor_decorator.py for tasks to queue
[2023-10-11T07:23:30.909+0000] {logging_mixin.py:151} INFO - [2023-10-11T07:23:30.909+0000] {dagbag.py:539} INFO - Filling up the DagBag from /home/airflow/.local/lib/python3.8/site-packages/airflow/example_dags/example_sensor_decorator.py
[2023-10-11T07:23:30.913+0000] {processor.py:839} INFO - DAG(s) dict_keys(['example_sensor_decorator']) retrieved from /home/airflow/.local/lib/python3.8/site-packages/airflow/example_dags/example_sensor_decorator.py
[2023-10-11T07:23:30.935+0000] {logging_mixin.py:151} INFO - [2023-10-11T07:23:30.935+0000] {dag.py:2915} INFO - Sync 1 DAGs
[2023-10-11T07:23:30.944+0000] {logging_mixin.py:151} INFO - [2023-10-11T07:23:30.944+0000] {dag.py:3696} INFO - Setting next_dagrun for example_sensor_decorator to None, run_after=None
[2023-10-11T07:23:30.954+0000] {processor.py:179} INFO - Processing /home/airflow/.local/lib/python3.8/site-packages/airflow/example_dags/example_sensor_decorator.py took 0.050 seconds
[2023-10-11T07:24:01.446+0000] {processor.py:157} INFO - Started process (PID=835) to work on /home/airflow/.local/lib/python3.8/site-packages/airflow/example_dags/example_sensor_decorator.py
[2023-10-11T07:24:01.447+0000] {processor.py:829} INFO - Processing file /home/airflow/.local/lib/python3.8/site-packages/airflow/example_dags/example_sensor_decorator.py for tasks to queue
[2023-10-11T07:24:01.448+0000] {logging_mixin.py:151} INFO - [2023-10-11T07:24:01.448+0000] {dagbag.py:539} INFO - Filling up the DagBag from /home/airflow/.local/lib/python3.8/site-packages/airflow/example_dags/example_sensor_decorator.py
[2023-10-11T07:24:01.452+0000] {processor.py:839} INFO - DAG(s) dict_keys(['example_sensor_decorator']) retrieved from /home/airflow/.local/lib/python3.8/site-packages/airflow/example_dags/example_sensor_decorator.py
[2023-10-11T07:24:01.469+0000] {logging_mixin.py:151} INFO - [2023-10-11T07:24:01.468+0000] {dag.py:2915} INFO - Sync 1 DAGs
[2023-10-11T07:24:01.477+0000] {logging_mixin.py:151} INFO - [2023-10-11T07:24:01.477+0000] {dag.py:3696} INFO - Setting next_dagrun for example_sensor_decorator to None, run_after=None
[2023-10-11T07:24:01.487+0000] {processor.py:179} INFO - Processing /home/airflow/.local/lib/python3.8/site-packages/airflow/example_dags/example_sensor_decorator.py took 0.043 seconds
[2023-10-11T07:24:31.598+0000] {processor.py:157} INFO - Started process (PID=894) to work on /home/airflow/.local/lib/python3.8/site-packages/airflow/example_dags/example_sensor_decorator.py
[2023-10-11T07:24:31.599+0000] {processor.py:829} INFO - Processing file /home/airflow/.local/lib/python3.8/site-packages/airflow/example_dags/example_sensor_decorator.py for tasks to queue
[2023-10-11T07:24:31.600+0000] {logging_mixin.py:151} INFO - [2023-10-11T07:24:31.600+0000] {dagbag.py:539} INFO - Filling up the DagBag from /home/airflow/.local/lib/python3.8/site-packages/airflow/example_dags/example_sensor_decorator.py
[2023-10-11T07:24:31.604+0000] {processor.py:839} INFO - DAG(s) dict_keys(['example_sensor_decorator']) retrieved from /home/airflow/.local/lib/python3.8/site-packages/airflow/example_dags/example_sensor_decorator.py
[2023-10-11T07:24:31.619+0000] {logging_mixin.py:151} INFO - [2023-10-11T07:24:31.619+0000] {dag.py:2915} INFO - Sync 1 DAGs
[2023-10-11T07:24:31.626+0000] {logging_mixin.py:151} INFO - [2023-10-11T07:24:31.626+0000] {dag.py:3696} INFO - Setting next_dagrun for example_sensor_decorator to None, run_after=None
[2023-10-11T07:24:31.635+0000] {processor.py:179} INFO - Processing /home/airflow/.local/lib/python3.8/site-packages/airflow/example_dags/example_sensor_decorator.py took 0.039 seconds
[2023-10-11T07:25:02.809+0000] {processor.py:157} INFO - Started process (PID=953) to work on /home/airflow/.local/lib/python3.8/site-packages/airflow/example_dags/example_sensor_decorator.py
[2023-10-11T07:25:02.810+0000] {processor.py:829} INFO - Processing file /home/airflow/.local/lib/python3.8/site-packages/airflow/example_dags/example_sensor_decorator.py for tasks to queue
[2023-10-11T07:25:02.812+0000] {logging_mixin.py:151} INFO - [2023-10-11T07:25:02.811+0000] {dagbag.py:539} INFO - Filling up the DagBag from /home/airflow/.local/lib/python3.8/site-packages/airflow/example_dags/example_sensor_decorator.py
[2023-10-11T07:25:02.816+0000] {processor.py:839} INFO - DAG(s) dict_keys(['example_sensor_decorator']) retrieved from /home/airflow/.local/lib/python3.8/site-packages/airflow/example_dags/example_sensor_decorator.py
[2023-10-11T07:25:02.832+0000] {logging_mixin.py:151} INFO - [2023-10-11T07:25:02.831+0000] {dag.py:2915} INFO - Sync 1 DAGs
[2023-10-11T07:25:02.839+0000] {logging_mixin.py:151} INFO - [2023-10-11T07:25:02.839+0000] {dag.py:3696} INFO - Setting next_dagrun for example_sensor_decorator to None, run_after=None
[2023-10-11T07:25:02.850+0000] {processor.py:179} INFO - Processing /home/airflow/.local/lib/python3.8/site-packages/airflow/example_dags/example_sensor_decorator.py took 0.043 seconds
[2023-10-11T07:25:33.942+0000] {processor.py:157} INFO - Started process (PID=1012) to work on /home/airflow/.local/lib/python3.8/site-packages/airflow/example_dags/example_sensor_decorator.py
[2023-10-11T07:25:33.942+0000] {processor.py:829} INFO - Processing file /home/airflow/.local/lib/python3.8/site-packages/airflow/example_dags/example_sensor_decorator.py for tasks to queue
[2023-10-11T07:25:33.944+0000] {logging_mixin.py:151} INFO - [2023-10-11T07:25:33.944+0000] {dagbag.py:539} INFO - Filling up the DagBag from /home/airflow/.local/lib/python3.8/site-packages/airflow/example_dags/example_sensor_decorator.py
[2023-10-11T07:25:33.948+0000] {processor.py:839} INFO - DAG(s) dict_keys(['example_sensor_decorator']) retrieved from /home/airflow/.local/lib/python3.8/site-packages/airflow/example_dags/example_sensor_decorator.py
[2023-10-11T07:25:33.964+0000] {logging_mixin.py:151} INFO - [2023-10-11T07:25:33.964+0000] {dag.py:2915} INFO - Sync 1 DAGs
[2023-10-11T07:25:33.972+0000] {logging_mixin.py:151} INFO - [2023-10-11T07:25:33.972+0000] {dag.py:3696} INFO - Setting next_dagrun for example_sensor_decorator to None, run_after=None
[2023-10-11T07:25:33.986+0000] {processor.py:179} INFO - Processing /home/airflow/.local/lib/python3.8/site-packages/airflow/example_dags/example_sensor_decorator.py took 0.046 seconds
[2023-10-11T07:26:05.078+0000] {processor.py:157} INFO - Started process (PID=1071) to work on /home/airflow/.local/lib/python3.8/site-packages/airflow/example_dags/example_sensor_decorator.py
[2023-10-11T07:26:05.079+0000] {processor.py:829} INFO - Processing file /home/airflow/.local/lib/python3.8/site-packages/airflow/example_dags/example_sensor_decorator.py for tasks to queue
[2023-10-11T07:26:05.080+0000] {logging_mixin.py:151} INFO - [2023-10-11T07:26:05.080+0000] {dagbag.py:539} INFO - Filling up the DagBag from /home/airflow/.local/lib/python3.8/site-packages/airflow/example_dags/example_sensor_decorator.py
[2023-10-11T07:26:05.084+0000] {processor.py:839} INFO - DAG(s) dict_keys(['example_sensor_decorator']) retrieved from /home/airflow/.local/lib/python3.8/site-packages/airflow/example_dags/example_sensor_decorator.py
[2023-10-11T07:26:05.100+0000] {logging_mixin.py:151} INFO - [2023-10-11T07:26:05.100+0000] {dag.py:2915} INFO - Sync 1 DAGs
[2023-10-11T07:26:05.108+0000] {logging_mixin.py:151} INFO - [2023-10-11T07:26:05.108+0000] {dag.py:3696} INFO - Setting next_dagrun for example_sensor_decorator to None, run_after=None
[2023-10-11T07:26:05.118+0000] {processor.py:179} INFO - Processing /home/airflow/.local/lib/python3.8/site-packages/airflow/example_dags/example_sensor_decorator.py took 0.042 seconds
[2023-10-11T07:26:36.168+0000] {processor.py:157} INFO - Started process (PID=1130) to work on /home/airflow/.local/lib/python3.8/site-packages/airflow/example_dags/example_sensor_decorator.py
[2023-10-11T07:26:36.168+0000] {processor.py:829} INFO - Processing file /home/airflow/.local/lib/python3.8/site-packages/airflow/example_dags/example_sensor_decorator.py for tasks to queue
[2023-10-11T07:26:36.170+0000] {logging_mixin.py:151} INFO - [2023-10-11T07:26:36.169+0000] {dagbag.py:539} INFO - Filling up the DagBag from /home/airflow/.local/lib/python3.8/site-packages/airflow/example_dags/example_sensor_decorator.py
[2023-10-11T07:26:36.174+0000] {processor.py:839} INFO - DAG(s) dict_keys(['example_sensor_decorator']) retrieved from /home/airflow/.local/lib/python3.8/site-packages/airflow/example_dags/example_sensor_decorator.py
[2023-10-11T07:26:36.190+0000] {logging_mixin.py:151} INFO - [2023-10-11T07:26:36.190+0000] {dag.py:2915} INFO - Sync 1 DAGs
[2023-10-11T07:26:36.198+0000] {logging_mixin.py:151} INFO - [2023-10-11T07:26:36.198+0000] {dag.py:3696} INFO - Setting next_dagrun for example_sensor_decorator to None, run_after=None
[2023-10-11T07:26:36.208+0000] {processor.py:179} INFO - Processing /home/airflow/.local/lib/python3.8/site-packages/airflow/example_dags/example_sensor_decorator.py took 0.042 seconds
[2023-10-11T07:27:06.647+0000] {processor.py:157} INFO - Started process (PID=1189) to work on /home/airflow/.local/lib/python3.8/site-packages/airflow/example_dags/example_sensor_decorator.py
[2023-10-11T07:27:06.648+0000] {processor.py:829} INFO - Processing file /home/airflow/.local/lib/python3.8/site-packages/airflow/example_dags/example_sensor_decorator.py for tasks to queue
[2023-10-11T07:27:06.649+0000] {logging_mixin.py:151} INFO - [2023-10-11T07:27:06.649+0000] {dagbag.py:539} INFO - Filling up the DagBag from /home/airflow/.local/lib/python3.8/site-packages/airflow/example_dags/example_sensor_decorator.py
[2023-10-11T07:27:06.653+0000] {processor.py:839} INFO - DAG(s) dict_keys(['example_sensor_decorator']) retrieved from /home/airflow/.local/lib/python3.8/site-packages/airflow/example_dags/example_sensor_decorator.py
[2023-10-11T07:27:06.669+0000] {logging_mixin.py:151} INFO - [2023-10-11T07:27:06.669+0000] {dag.py:2915} INFO - Sync 1 DAGs
[2023-10-11T07:27:06.677+0000] {logging_mixin.py:151} INFO - [2023-10-11T07:27:06.677+0000] {dag.py:3696} INFO - Setting next_dagrun for example_sensor_decorator to None, run_after=None
[2023-10-11T07:27:06.686+0000] {processor.py:179} INFO - Processing /home/airflow/.local/lib/python3.8/site-packages/airflow/example_dags/example_sensor_decorator.py took 0.041 seconds
[2023-10-11T07:27:37.364+0000] {processor.py:157} INFO - Started process (PID=1248) to work on /home/airflow/.local/lib/python3.8/site-packages/airflow/example_dags/example_sensor_decorator.py
[2023-10-11T07:27:37.364+0000] {processor.py:829} INFO - Processing file /home/airflow/.local/lib/python3.8/site-packages/airflow/example_dags/example_sensor_decorator.py for tasks to queue
[2023-10-11T07:27:37.366+0000] {logging_mixin.py:151} INFO - [2023-10-11T07:27:37.366+0000] {dagbag.py:539} INFO - Filling up the DagBag from /home/airflow/.local/lib/python3.8/site-packages/airflow/example_dags/example_sensor_decorator.py
[2023-10-11T07:27:37.370+0000] {processor.py:839} INFO - DAG(s) dict_keys(['example_sensor_decorator']) retrieved from /home/airflow/.local/lib/python3.8/site-packages/airflow/example_dags/example_sensor_decorator.py
[2023-10-11T07:27:37.389+0000] {logging_mixin.py:151} INFO - [2023-10-11T07:27:37.389+0000] {dag.py:2915} INFO - Sync 1 DAGs
[2023-10-11T07:27:37.398+0000] {logging_mixin.py:151} INFO - [2023-10-11T07:27:37.398+0000] {dag.py:3696} INFO - Setting next_dagrun for example_sensor_decorator to None, run_after=None
[2023-10-11T07:27:37.410+0000] {processor.py:179} INFO - Processing /home/airflow/.local/lib/python3.8/site-packages/airflow/example_dags/example_sensor_decorator.py took 0.049 seconds
[2023-10-11T07:28:08.472+0000] {processor.py:157} INFO - Started process (PID=1307) to work on /home/airflow/.local/lib/python3.8/site-packages/airflow/example_dags/example_sensor_decorator.py
[2023-10-11T07:28:08.473+0000] {processor.py:829} INFO - Processing file /home/airflow/.local/lib/python3.8/site-packages/airflow/example_dags/example_sensor_decorator.py for tasks to queue
[2023-10-11T07:28:08.474+0000] {logging_mixin.py:151} INFO - [2023-10-11T07:28:08.474+0000] {dagbag.py:539} INFO - Filling up the DagBag from /home/airflow/.local/lib/python3.8/site-packages/airflow/example_dags/example_sensor_decorator.py
[2023-10-11T07:28:08.478+0000] {processor.py:839} INFO - DAG(s) dict_keys(['example_sensor_decorator']) retrieved from /home/airflow/.local/lib/python3.8/site-packages/airflow/example_dags/example_sensor_decorator.py
[2023-10-11T07:28:08.495+0000] {logging_mixin.py:151} INFO - [2023-10-11T07:28:08.494+0000] {dag.py:2915} INFO - Sync 1 DAGs
[2023-10-11T07:28:08.502+0000] {logging_mixin.py:151} INFO - [2023-10-11T07:28:08.502+0000] {dag.py:3696} INFO - Setting next_dagrun for example_sensor_decorator to None, run_after=None
[2023-10-11T07:28:08.513+0000] {processor.py:179} INFO - Processing /home/airflow/.local/lib/python3.8/site-packages/airflow/example_dags/example_sensor_decorator.py took 0.042 seconds
[2023-10-11T07:28:38.949+0000] {processor.py:157} INFO - Started process (PID=1366) to work on /home/airflow/.local/lib/python3.8/site-packages/airflow/example_dags/example_sensor_decorator.py
[2023-10-11T07:28:38.950+0000] {processor.py:829} INFO - Processing file /home/airflow/.local/lib/python3.8/site-packages/airflow/example_dags/example_sensor_decorator.py for tasks to queue
[2023-10-11T07:28:38.951+0000] {logging_mixin.py:151} INFO - [2023-10-11T07:28:38.951+0000] {dagbag.py:539} INFO - Filling up the DagBag from /home/airflow/.local/lib/python3.8/site-packages/airflow/example_dags/example_sensor_decorator.py
[2023-10-11T07:28:38.955+0000] {processor.py:839} INFO - DAG(s) dict_keys(['example_sensor_decorator']) retrieved from /home/airflow/.local/lib/python3.8/site-packages/airflow/example_dags/example_sensor_decorator.py
[2023-10-11T07:28:38.973+0000] {logging_mixin.py:151} INFO - [2023-10-11T07:28:38.973+0000] {dag.py:2915} INFO - Sync 1 DAGs
[2023-10-11T07:28:38.982+0000] {logging_mixin.py:151} INFO - [2023-10-11T07:28:38.982+0000] {dag.py:3696} INFO - Setting next_dagrun for example_sensor_decorator to None, run_after=None
[2023-10-11T07:28:38.994+0000] {processor.py:179} INFO - Processing /home/airflow/.local/lib/python3.8/site-packages/airflow/example_dags/example_sensor_decorator.py took 0.048 seconds
[2023-10-11T07:29:10.165+0000] {processor.py:157} INFO - Started process (PID=1425) to work on /home/airflow/.local/lib/python3.8/site-packages/airflow/example_dags/example_sensor_decorator.py
[2023-10-11T07:29:10.166+0000] {processor.py:829} INFO - Processing file /home/airflow/.local/lib/python3.8/site-packages/airflow/example_dags/example_sensor_decorator.py for tasks to queue
[2023-10-11T07:29:10.167+0000] {logging_mixin.py:151} INFO - [2023-10-11T07:29:10.167+0000] {dagbag.py:539} INFO - Filling up the DagBag from /home/airflow/.local/lib/python3.8/site-packages/airflow/example_dags/example_sensor_decorator.py
[2023-10-11T07:29:10.171+0000] {processor.py:839} INFO - DAG(s) dict_keys(['example_sensor_decorator']) retrieved from /home/airflow/.local/lib/python3.8/site-packages/airflow/example_dags/example_sensor_decorator.py
[2023-10-11T07:29:10.187+0000] {logging_mixin.py:151} INFO - [2023-10-11T07:29:10.187+0000] {dag.py:2915} INFO - Sync 1 DAGs
[2023-10-11T07:29:10.195+0000] {logging_mixin.py:151} INFO - [2023-10-11T07:29:10.195+0000] {dag.py:3696} INFO - Setting next_dagrun for example_sensor_decorator to None, run_after=None
[2023-10-11T07:29:10.205+0000] {processor.py:179} INFO - Processing /home/airflow/.local/lib/python3.8/site-packages/airflow/example_dags/example_sensor_decorator.py took 0.042 seconds
[2023-10-11T07:29:41.307+0000] {processor.py:157} INFO - Started process (PID=1484) to work on /home/airflow/.local/lib/python3.8/site-packages/airflow/example_dags/example_sensor_decorator.py
[2023-10-11T07:29:41.308+0000] {processor.py:829} INFO - Processing file /home/airflow/.local/lib/python3.8/site-packages/airflow/example_dags/example_sensor_decorator.py for tasks to queue
[2023-10-11T07:29:41.310+0000] {logging_mixin.py:151} INFO - [2023-10-11T07:29:41.310+0000] {dagbag.py:539} INFO - Filling up the DagBag from /home/airflow/.local/lib/python3.8/site-packages/airflow/example_dags/example_sensor_decorator.py
[2023-10-11T07:29:41.315+0000] {processor.py:839} INFO - DAG(s) dict_keys(['example_sensor_decorator']) retrieved from /home/airflow/.local/lib/python3.8/site-packages/airflow/example_dags/example_sensor_decorator.py
[2023-10-11T07:29:41.340+0000] {logging_mixin.py:151} INFO - [2023-10-11T07:29:41.340+0000] {dag.py:2915} INFO - Sync 1 DAGs
[2023-10-11T07:29:41.351+0000] {logging_mixin.py:151} INFO - [2023-10-11T07:29:41.351+0000] {dag.py:3696} INFO - Setting next_dagrun for example_sensor_decorator to None, run_after=None
[2023-10-11T07:29:41.365+0000] {processor.py:179} INFO - Processing /home/airflow/.local/lib/python3.8/site-packages/airflow/example_dags/example_sensor_decorator.py took 0.060 seconds
[2023-10-11T07:30:12.131+0000] {processor.py:157} INFO - Started process (PID=1549) to work on /home/airflow/.local/lib/python3.8/site-packages/airflow/example_dags/example_sensor_decorator.py
[2023-10-11T07:30:12.132+0000] {processor.py:829} INFO - Processing file /home/airflow/.local/lib/python3.8/site-packages/airflow/example_dags/example_sensor_decorator.py for tasks to queue
[2023-10-11T07:30:12.133+0000] {logging_mixin.py:151} INFO - [2023-10-11T07:30:12.133+0000] {dagbag.py:539} INFO - Filling up the DagBag from /home/airflow/.local/lib/python3.8/site-packages/airflow/example_dags/example_sensor_decorator.py
[2023-10-11T07:30:12.138+0000] {processor.py:839} INFO - DAG(s) dict_keys(['example_sensor_decorator']) retrieved from /home/airflow/.local/lib/python3.8/site-packages/airflow/example_dags/example_sensor_decorator.py
[2023-10-11T07:30:12.162+0000] {logging_mixin.py:151} INFO - [2023-10-11T07:30:12.162+0000] {dag.py:2915} INFO - Sync 1 DAGs
[2023-10-11T07:30:12.180+0000] {logging_mixin.py:151} INFO - [2023-10-11T07:30:12.179+0000] {dag.py:3696} INFO - Setting next_dagrun for example_sensor_decorator to None, run_after=None
[2023-10-11T07:30:12.196+0000] {processor.py:179} INFO - Processing /home/airflow/.local/lib/python3.8/site-packages/airflow/example_dags/example_sensor_decorator.py took 0.067 seconds
[2023-10-11T07:30:42.326+0000] {processor.py:157} INFO - Started process (PID=1607) to work on /home/airflow/.local/lib/python3.8/site-packages/airflow/example_dags/example_sensor_decorator.py
[2023-10-11T07:30:42.327+0000] {processor.py:829} INFO - Processing file /home/airflow/.local/lib/python3.8/site-packages/airflow/example_dags/example_sensor_decorator.py for tasks to queue
[2023-10-11T07:30:42.329+0000] {logging_mixin.py:151} INFO - [2023-10-11T07:30:42.328+0000] {dagbag.py:539} INFO - Filling up the DagBag from /home/airflow/.local/lib/python3.8/site-packages/airflow/example_dags/example_sensor_decorator.py
[2023-10-11T07:30:42.333+0000] {processor.py:839} INFO - DAG(s) dict_keys(['example_sensor_decorator']) retrieved from /home/airflow/.local/lib/python3.8/site-packages/airflow/example_dags/example_sensor_decorator.py
[2023-10-11T07:30:42.349+0000] {logging_mixin.py:151} INFO - [2023-10-11T07:30:42.349+0000] {dag.py:2915} INFO - Sync 1 DAGs
[2023-10-11T07:30:42.358+0000] {logging_mixin.py:151} INFO - [2023-10-11T07:30:42.358+0000] {dag.py:3696} INFO - Setting next_dagrun for example_sensor_decorator to None, run_after=None
[2023-10-11T07:30:42.368+0000] {processor.py:179} INFO - Processing /home/airflow/.local/lib/python3.8/site-packages/airflow/example_dags/example_sensor_decorator.py took 0.043 seconds
[2023-10-11T07:31:12.593+0000] {processor.py:157} INFO - Started process (PID=1666) to work on /home/airflow/.local/lib/python3.8/site-packages/airflow/example_dags/example_sensor_decorator.py
[2023-10-11T07:31:12.594+0000] {processor.py:829} INFO - Processing file /home/airflow/.local/lib/python3.8/site-packages/airflow/example_dags/example_sensor_decorator.py for tasks to queue
[2023-10-11T07:31:12.596+0000] {logging_mixin.py:151} INFO - [2023-10-11T07:31:12.595+0000] {dagbag.py:539} INFO - Filling up the DagBag from /home/airflow/.local/lib/python3.8/site-packages/airflow/example_dags/example_sensor_decorator.py
[2023-10-11T07:31:12.600+0000] {processor.py:839} INFO - DAG(s) dict_keys(['example_sensor_decorator']) retrieved from /home/airflow/.local/lib/python3.8/site-packages/airflow/example_dags/example_sensor_decorator.py
[2023-10-11T07:31:12.616+0000] {logging_mixin.py:151} INFO - [2023-10-11T07:31:12.616+0000] {dag.py:2915} INFO - Sync 1 DAGs
[2023-10-11T07:31:12.624+0000] {logging_mixin.py:151} INFO - [2023-10-11T07:31:12.624+0000] {dag.py:3696} INFO - Setting next_dagrun for example_sensor_decorator to None, run_after=None
[2023-10-11T07:31:12.635+0000] {processor.py:179} INFO - Processing /home/airflow/.local/lib/python3.8/site-packages/airflow/example_dags/example_sensor_decorator.py took 0.044 seconds
[2023-10-11T07:31:42.856+0000] {processor.py:157} INFO - Started process (PID=1725) to work on /home/airflow/.local/lib/python3.8/site-packages/airflow/example_dags/example_sensor_decorator.py
[2023-10-11T07:31:42.857+0000] {processor.py:829} INFO - Processing file /home/airflow/.local/lib/python3.8/site-packages/airflow/example_dags/example_sensor_decorator.py for tasks to queue
[2023-10-11T07:31:42.858+0000] {logging_mixin.py:151} INFO - [2023-10-11T07:31:42.858+0000] {dagbag.py:539} INFO - Filling up the DagBag from /home/airflow/.local/lib/python3.8/site-packages/airflow/example_dags/example_sensor_decorator.py
[2023-10-11T07:31:42.862+0000] {processor.py:839} INFO - DAG(s) dict_keys(['example_sensor_decorator']) retrieved from /home/airflow/.local/lib/python3.8/site-packages/airflow/example_dags/example_sensor_decorator.py
[2023-10-11T07:31:42.879+0000] {logging_mixin.py:151} INFO - [2023-10-11T07:31:42.879+0000] {dag.py:2915} INFO - Sync 1 DAGs
[2023-10-11T07:31:42.888+0000] {logging_mixin.py:151} INFO - [2023-10-11T07:31:42.888+0000] {dag.py:3696} INFO - Setting next_dagrun for example_sensor_decorator to None, run_after=None
[2023-10-11T07:31:42.898+0000] {processor.py:179} INFO - Processing /home/airflow/.local/lib/python3.8/site-packages/airflow/example_dags/example_sensor_decorator.py took 0.045 seconds
