[2023-10-11T07:17:18.268+0000] {processor.py:157} INFO - Started process (PID=31) to work on /home/airflow/.local/lib/python3.8/site-packages/airflow/example_dags/example_task_group.py
[2023-10-11T07:17:18.269+0000] {processor.py:829} INFO - Processing file /home/airflow/.local/lib/python3.8/site-packages/airflow/example_dags/example_task_group.py for tasks to queue
[2023-10-11T07:17:18.270+0000] {logging_mixin.py:151} INFO - [2023-10-11T07:17:18.270+0000] {dagbag.py:539} INFO - Filling up the DagBag from /home/airflow/.local/lib/python3.8/site-packages/airflow/example_dags/example_task_group.py
[2023-10-11T07:17:18.291+0000] {processor.py:839} INFO - DAG(s) dict_keys(['example_task_group']) retrieved from /home/airflow/.local/lib/python3.8/site-packages/airflow/example_dags/example_task_group.py
[2023-10-11T07:17:18.337+0000] {logging_mixin.py:151} INFO - [2023-10-11T07:17:18.337+0000] {dag.py:2915} INFO - Sync 1 DAGs
[2023-10-11T07:17:18.356+0000] {logging_mixin.py:151} INFO - [2023-10-11T07:17:18.356+0000] {dag.py:3696} INFO - Setting next_dagrun for example_task_group to 2023-10-10T07:17:18.356293+00:00, run_after=2023-10-11T07:17:18.356293+00:00
[2023-10-11T07:17:18.369+0000] {processor.py:179} INFO - Processing /home/airflow/.local/lib/python3.8/site-packages/airflow/example_dags/example_task_group.py took 0.104 seconds
[2023-10-11T07:17:49.159+0000] {processor.py:157} INFO - Started process (PID=89) to work on /home/airflow/.local/lib/python3.8/site-packages/airflow/example_dags/example_task_group.py
[2023-10-11T07:17:49.160+0000] {processor.py:829} INFO - Processing file /home/airflow/.local/lib/python3.8/site-packages/airflow/example_dags/example_task_group.py for tasks to queue
[2023-10-11T07:17:49.161+0000] {logging_mixin.py:151} INFO - [2023-10-11T07:17:49.161+0000] {dagbag.py:539} INFO - Filling up the DagBag from /home/airflow/.local/lib/python3.8/site-packages/airflow/example_dags/example_task_group.py
[2023-10-11T07:17:49.167+0000] {processor.py:839} INFO - DAG(s) dict_keys(['example_task_group']) retrieved from /home/airflow/.local/lib/python3.8/site-packages/airflow/example_dags/example_task_group.py
[2023-10-11T07:17:49.184+0000] {logging_mixin.py:151} INFO - [2023-10-11T07:17:49.184+0000] {dag.py:2915} INFO - Sync 1 DAGs
[2023-10-11T07:17:49.197+0000] {logging_mixin.py:151} INFO - [2023-10-11T07:17:49.197+0000] {dag.py:3696} INFO - Setting next_dagrun for example_task_group to 2023-10-10T07:17:49.197429+00:00, run_after=2023-10-11T07:17:49.197429+00:00
[2023-10-11T07:17:49.207+0000] {processor.py:179} INFO - Processing /home/airflow/.local/lib/python3.8/site-packages/airflow/example_dags/example_task_group.py took 0.050 seconds
[2023-10-11T07:18:19.431+0000] {processor.py:157} INFO - Started process (PID=148) to work on /home/airflow/.local/lib/python3.8/site-packages/airflow/example_dags/example_task_group.py
[2023-10-11T07:18:19.432+0000] {processor.py:829} INFO - Processing file /home/airflow/.local/lib/python3.8/site-packages/airflow/example_dags/example_task_group.py for tasks to queue
[2023-10-11T07:18:19.438+0000] {logging_mixin.py:151} INFO - [2023-10-11T07:18:19.436+0000] {dagbag.py:539} INFO - Filling up the DagBag from /home/airflow/.local/lib/python3.8/site-packages/airflow/example_dags/example_task_group.py
[2023-10-11T07:18:19.455+0000] {processor.py:839} INFO - DAG(s) dict_keys(['example_task_group']) retrieved from /home/airflow/.local/lib/python3.8/site-packages/airflow/example_dags/example_task_group.py
[2023-10-11T07:18:19.478+0000] {logging_mixin.py:151} INFO - [2023-10-11T07:18:19.478+0000] {dag.py:2915} INFO - Sync 1 DAGs
[2023-10-11T07:18:19.496+0000] {logging_mixin.py:151} INFO - [2023-10-11T07:18:19.496+0000] {dag.py:3696} INFO - Setting next_dagrun for example_task_group to 2023-10-10T07:18:19.496009+00:00, run_after=2023-10-11T07:18:19.496009+00:00
[2023-10-11T07:18:19.508+0000] {processor.py:179} INFO - Processing /home/airflow/.local/lib/python3.8/site-packages/airflow/example_dags/example_task_group.py took 0.080 seconds
[2023-10-11T07:18:49.997+0000] {processor.py:157} INFO - Started process (PID=207) to work on /home/airflow/.local/lib/python3.8/site-packages/airflow/example_dags/example_task_group.py
[2023-10-11T07:18:49.999+0000] {processor.py:829} INFO - Processing file /home/airflow/.local/lib/python3.8/site-packages/airflow/example_dags/example_task_group.py for tasks to queue
[2023-10-11T07:18:50.005+0000] {logging_mixin.py:151} INFO - [2023-10-11T07:18:50.005+0000] {dagbag.py:539} INFO - Filling up the DagBag from /home/airflow/.local/lib/python3.8/site-packages/airflow/example_dags/example_task_group.py
[2023-10-11T07:18:50.013+0000] {processor.py:839} INFO - DAG(s) dict_keys(['example_task_group']) retrieved from /home/airflow/.local/lib/python3.8/site-packages/airflow/example_dags/example_task_group.py
[2023-10-11T07:18:50.038+0000] {logging_mixin.py:151} INFO - [2023-10-11T07:18:50.038+0000] {dag.py:2915} INFO - Sync 1 DAGs
[2023-10-11T07:18:50.053+0000] {logging_mixin.py:151} INFO - [2023-10-11T07:18:50.053+0000] {dag.py:3696} INFO - Setting next_dagrun for example_task_group to 2023-10-10T07:18:50.052829+00:00, run_after=2023-10-11T07:18:50.052829+00:00
[2023-10-11T07:18:50.062+0000] {processor.py:179} INFO - Processing /home/airflow/.local/lib/python3.8/site-packages/airflow/example_dags/example_task_group.py took 0.070 seconds
[2023-10-11T07:19:20.211+0000] {processor.py:157} INFO - Started process (PID=266) to work on /home/airflow/.local/lib/python3.8/site-packages/airflow/example_dags/example_task_group.py
[2023-10-11T07:19:20.213+0000] {processor.py:829} INFO - Processing file /home/airflow/.local/lib/python3.8/site-packages/airflow/example_dags/example_task_group.py for tasks to queue
[2023-10-11T07:19:20.216+0000] {logging_mixin.py:151} INFO - [2023-10-11T07:19:20.215+0000] {dagbag.py:539} INFO - Filling up the DagBag from /home/airflow/.local/lib/python3.8/site-packages/airflow/example_dags/example_task_group.py
[2023-10-11T07:19:20.223+0000] {processor.py:839} INFO - DAG(s) dict_keys(['example_task_group']) retrieved from /home/airflow/.local/lib/python3.8/site-packages/airflow/example_dags/example_task_group.py
[2023-10-11T07:19:20.246+0000] {logging_mixin.py:151} INFO - [2023-10-11T07:19:20.246+0000] {dag.py:2915} INFO - Sync 1 DAGs
[2023-10-11T07:19:20.260+0000] {logging_mixin.py:151} INFO - [2023-10-11T07:19:20.260+0000] {dag.py:3696} INFO - Setting next_dagrun for example_task_group to 2023-10-10T07:19:20.260401+00:00, run_after=2023-10-11T07:19:20.260401+00:00
[2023-10-11T07:19:20.269+0000] {processor.py:179} INFO - Processing /home/airflow/.local/lib/python3.8/site-packages/airflow/example_dags/example_task_group.py took 0.062 seconds
[2023-10-11T07:19:50.392+0000] {processor.py:157} INFO - Started process (PID=325) to work on /home/airflow/.local/lib/python3.8/site-packages/airflow/example_dags/example_task_group.py
[2023-10-11T07:19:50.394+0000] {processor.py:829} INFO - Processing file /home/airflow/.local/lib/python3.8/site-packages/airflow/example_dags/example_task_group.py for tasks to queue
[2023-10-11T07:19:50.398+0000] {logging_mixin.py:151} INFO - [2023-10-11T07:19:50.397+0000] {dagbag.py:539} INFO - Filling up the DagBag from /home/airflow/.local/lib/python3.8/site-packages/airflow/example_dags/example_task_group.py
[2023-10-11T07:19:50.406+0000] {processor.py:839} INFO - DAG(s) dict_keys(['example_task_group']) retrieved from /home/airflow/.local/lib/python3.8/site-packages/airflow/example_dags/example_task_group.py
[2023-10-11T07:19:50.432+0000] {logging_mixin.py:151} INFO - [2023-10-11T07:19:50.432+0000] {dag.py:2915} INFO - Sync 1 DAGs
[2023-10-11T07:19:50.447+0000] {logging_mixin.py:151} INFO - [2023-10-11T07:19:50.447+0000] {dag.py:3696} INFO - Setting next_dagrun for example_task_group to 2023-10-10T07:19:50.446803+00:00, run_after=2023-10-11T07:19:50.446803+00:00
[2023-10-11T07:19:50.456+0000] {processor.py:179} INFO - Processing /home/airflow/.local/lib/python3.8/site-packages/airflow/example_dags/example_task_group.py took 0.069 seconds
[2023-10-11T07:20:20.727+0000] {processor.py:157} INFO - Started process (PID=384) to work on /home/airflow/.local/lib/python3.8/site-packages/airflow/example_dags/example_task_group.py
[2023-10-11T07:20:20.729+0000] {processor.py:829} INFO - Processing file /home/airflow/.local/lib/python3.8/site-packages/airflow/example_dags/example_task_group.py for tasks to queue
[2023-10-11T07:20:20.732+0000] {logging_mixin.py:151} INFO - [2023-10-11T07:20:20.732+0000] {dagbag.py:539} INFO - Filling up the DagBag from /home/airflow/.local/lib/python3.8/site-packages/airflow/example_dags/example_task_group.py
[2023-10-11T07:20:20.741+0000] {processor.py:839} INFO - DAG(s) dict_keys(['example_task_group']) retrieved from /home/airflow/.local/lib/python3.8/site-packages/airflow/example_dags/example_task_group.py
[2023-10-11T07:20:20.766+0000] {logging_mixin.py:151} INFO - [2023-10-11T07:20:20.765+0000] {dag.py:2915} INFO - Sync 1 DAGs
[2023-10-11T07:20:20.781+0000] {logging_mixin.py:151} INFO - [2023-10-11T07:20:20.781+0000] {dag.py:3696} INFO - Setting next_dagrun for example_task_group to 2023-10-10T07:20:20.780982+00:00, run_after=2023-10-11T07:20:20.780982+00:00
[2023-10-11T07:20:20.790+0000] {processor.py:179} INFO - Processing /home/airflow/.local/lib/python3.8/site-packages/airflow/example_dags/example_task_group.py took 0.069 seconds
[2023-10-11T07:20:51.025+0000] {processor.py:157} INFO - Started process (PID=444) to work on /home/airflow/.local/lib/python3.8/site-packages/airflow/example_dags/example_task_group.py
[2023-10-11T07:20:51.026+0000] {processor.py:829} INFO - Processing file /home/airflow/.local/lib/python3.8/site-packages/airflow/example_dags/example_task_group.py for tasks to queue
[2023-10-11T07:20:51.030+0000] {logging_mixin.py:151} INFO - [2023-10-11T07:20:51.029+0000] {dagbag.py:539} INFO - Filling up the DagBag from /home/airflow/.local/lib/python3.8/site-packages/airflow/example_dags/example_task_group.py
[2023-10-11T07:20:51.040+0000] {processor.py:839} INFO - DAG(s) dict_keys(['example_task_group']) retrieved from /home/airflow/.local/lib/python3.8/site-packages/airflow/example_dags/example_task_group.py
[2023-10-11T07:20:51.067+0000] {logging_mixin.py:151} INFO - [2023-10-11T07:20:51.066+0000] {dag.py:2915} INFO - Sync 1 DAGs
[2023-10-11T07:20:51.083+0000] {logging_mixin.py:151} INFO - [2023-10-11T07:20:51.083+0000] {dag.py:3696} INFO - Setting next_dagrun for example_task_group to 2023-10-10T07:20:51.083121+00:00, run_after=2023-10-11T07:20:51.083121+00:00
[2023-10-11T07:20:51.092+0000] {processor.py:179} INFO - Processing /home/airflow/.local/lib/python3.8/site-packages/airflow/example_dags/example_task_group.py took 0.073 seconds
[2023-10-11T07:21:21.316+0000] {processor.py:157} INFO - Started process (PID=503) to work on /home/airflow/.local/lib/python3.8/site-packages/airflow/example_dags/example_task_group.py
[2023-10-11T07:21:21.316+0000] {processor.py:829} INFO - Processing file /home/airflow/.local/lib/python3.8/site-packages/airflow/example_dags/example_task_group.py for tasks to queue
[2023-10-11T07:21:21.319+0000] {logging_mixin.py:151} INFO - [2023-10-11T07:21:21.319+0000] {dagbag.py:539} INFO - Filling up the DagBag from /home/airflow/.local/lib/python3.8/site-packages/airflow/example_dags/example_task_group.py
[2023-10-11T07:21:21.323+0000] {processor.py:839} INFO - DAG(s) dict_keys(['example_task_group']) retrieved from /home/airflow/.local/lib/python3.8/site-packages/airflow/example_dags/example_task_group.py
[2023-10-11T07:21:21.342+0000] {logging_mixin.py:151} INFO - [2023-10-11T07:21:21.342+0000] {dag.py:2915} INFO - Sync 1 DAGs
[2023-10-11T07:21:21.357+0000] {logging_mixin.py:151} INFO - [2023-10-11T07:21:21.357+0000] {dag.py:3696} INFO - Setting next_dagrun for example_task_group to 2023-10-10T07:21:21.357681+00:00, run_after=2023-10-11T07:21:21.357681+00:00
[2023-10-11T07:21:21.367+0000] {processor.py:179} INFO - Processing /home/airflow/.local/lib/python3.8/site-packages/airflow/example_dags/example_task_group.py took 0.054 seconds
[2023-10-11T07:21:51.910+0000] {processor.py:157} INFO - Started process (PID=562) to work on /home/airflow/.local/lib/python3.8/site-packages/airflow/example_dags/example_task_group.py
[2023-10-11T07:21:51.911+0000] {processor.py:829} INFO - Processing file /home/airflow/.local/lib/python3.8/site-packages/airflow/example_dags/example_task_group.py for tasks to queue
[2023-10-11T07:21:51.913+0000] {logging_mixin.py:151} INFO - [2023-10-11T07:21:51.913+0000] {dagbag.py:539} INFO - Filling up the DagBag from /home/airflow/.local/lib/python3.8/site-packages/airflow/example_dags/example_task_group.py
[2023-10-11T07:21:51.918+0000] {processor.py:839} INFO - DAG(s) dict_keys(['example_task_group']) retrieved from /home/airflow/.local/lib/python3.8/site-packages/airflow/example_dags/example_task_group.py
[2023-10-11T07:21:51.938+0000] {logging_mixin.py:151} INFO - [2023-10-11T07:21:51.938+0000] {dag.py:2915} INFO - Sync 1 DAGs
[2023-10-11T07:21:51.951+0000] {logging_mixin.py:151} INFO - [2023-10-11T07:21:51.951+0000] {dag.py:3696} INFO - Setting next_dagrun for example_task_group to 2023-10-10T07:21:51.951495+00:00, run_after=2023-10-11T07:21:51.951495+00:00
[2023-10-11T07:21:51.961+0000] {processor.py:179} INFO - Processing /home/airflow/.local/lib/python3.8/site-packages/airflow/example_dags/example_task_group.py took 0.054 seconds
[2023-10-11T07:22:22.553+0000] {processor.py:157} INFO - Started process (PID=621) to work on /home/airflow/.local/lib/python3.8/site-packages/airflow/example_dags/example_task_group.py
[2023-10-11T07:22:22.554+0000] {processor.py:829} INFO - Processing file /home/airflow/.local/lib/python3.8/site-packages/airflow/example_dags/example_task_group.py for tasks to queue
[2023-10-11T07:22:22.557+0000] {logging_mixin.py:151} INFO - [2023-10-11T07:22:22.557+0000] {dagbag.py:539} INFO - Filling up the DagBag from /home/airflow/.local/lib/python3.8/site-packages/airflow/example_dags/example_task_group.py
[2023-10-11T07:22:22.566+0000] {processor.py:839} INFO - DAG(s) dict_keys(['example_task_group']) retrieved from /home/airflow/.local/lib/python3.8/site-packages/airflow/example_dags/example_task_group.py
[2023-10-11T07:22:22.591+0000] {logging_mixin.py:151} INFO - [2023-10-11T07:22:22.591+0000] {dag.py:2915} INFO - Sync 1 DAGs
[2023-10-11T07:22:22.606+0000] {logging_mixin.py:151} INFO - [2023-10-11T07:22:22.606+0000] {dag.py:3696} INFO - Setting next_dagrun for example_task_group to 2023-10-10T07:22:22.606364+00:00, run_after=2023-10-11T07:22:22.606364+00:00
[2023-10-11T07:22:22.615+0000] {processor.py:179} INFO - Processing /home/airflow/.local/lib/python3.8/site-packages/airflow/example_dags/example_task_group.py took 0.068 seconds
[2023-10-11T07:22:52.885+0000] {processor.py:157} INFO - Started process (PID=679) to work on /home/airflow/.local/lib/python3.8/site-packages/airflow/example_dags/example_task_group.py
[2023-10-11T07:22:52.886+0000] {processor.py:829} INFO - Processing file /home/airflow/.local/lib/python3.8/site-packages/airflow/example_dags/example_task_group.py for tasks to queue
[2023-10-11T07:22:52.890+0000] {logging_mixin.py:151} INFO - [2023-10-11T07:22:52.889+0000] {dagbag.py:539} INFO - Filling up the DagBag from /home/airflow/.local/lib/python3.8/site-packages/airflow/example_dags/example_task_group.py
[2023-10-11T07:22:52.902+0000] {processor.py:839} INFO - DAG(s) dict_keys(['example_task_group']) retrieved from /home/airflow/.local/lib/python3.8/site-packages/airflow/example_dags/example_task_group.py
[2023-10-11T07:22:52.932+0000] {logging_mixin.py:151} INFO - [2023-10-11T07:22:52.932+0000] {dag.py:2915} INFO - Sync 1 DAGs
[2023-10-11T07:22:52.953+0000] {logging_mixin.py:151} INFO - [2023-10-11T07:22:52.953+0000] {dag.py:3696} INFO - Setting next_dagrun for example_task_group to 2023-10-10T07:22:52.952646+00:00, run_after=2023-10-11T07:22:52.952646+00:00
[2023-10-11T07:22:52.970+0000] {processor.py:179} INFO - Processing /home/airflow/.local/lib/python3.8/site-packages/airflow/example_dags/example_task_group.py took 0.093 seconds
[2023-10-11T07:23:23.324+0000] {processor.py:157} INFO - Started process (PID=738) to work on /home/airflow/.local/lib/python3.8/site-packages/airflow/example_dags/example_task_group.py
[2023-10-11T07:23:23.326+0000] {processor.py:829} INFO - Processing file /home/airflow/.local/lib/python3.8/site-packages/airflow/example_dags/example_task_group.py for tasks to queue
[2023-10-11T07:23:23.329+0000] {logging_mixin.py:151} INFO - [2023-10-11T07:23:23.329+0000] {dagbag.py:539} INFO - Filling up the DagBag from /home/airflow/.local/lib/python3.8/site-packages/airflow/example_dags/example_task_group.py
[2023-10-11T07:23:23.338+0000] {processor.py:839} INFO - DAG(s) dict_keys(['example_task_group']) retrieved from /home/airflow/.local/lib/python3.8/site-packages/airflow/example_dags/example_task_group.py
[2023-10-11T07:23:23.363+0000] {logging_mixin.py:151} INFO - [2023-10-11T07:23:23.363+0000] {dag.py:2915} INFO - Sync 1 DAGs
[2023-10-11T07:23:23.378+0000] {logging_mixin.py:151} INFO - [2023-10-11T07:23:23.378+0000] {dag.py:3696} INFO - Setting next_dagrun for example_task_group to 2023-10-10T07:23:23.378679+00:00, run_after=2023-10-11T07:23:23.378679+00:00
[2023-10-11T07:23:23.388+0000] {processor.py:179} INFO - Processing /home/airflow/.local/lib/python3.8/site-packages/airflow/example_dags/example_task_group.py took 0.069 seconds
[2023-10-11T07:23:53.732+0000] {processor.py:157} INFO - Started process (PID=797) to work on /home/airflow/.local/lib/python3.8/site-packages/airflow/example_dags/example_task_group.py
[2023-10-11T07:23:53.733+0000] {processor.py:829} INFO - Processing file /home/airflow/.local/lib/python3.8/site-packages/airflow/example_dags/example_task_group.py for tasks to queue
[2023-10-11T07:23:53.734+0000] {logging_mixin.py:151} INFO - [2023-10-11T07:23:53.734+0000] {dagbag.py:539} INFO - Filling up the DagBag from /home/airflow/.local/lib/python3.8/site-packages/airflow/example_dags/example_task_group.py
[2023-10-11T07:23:53.738+0000] {processor.py:839} INFO - DAG(s) dict_keys(['example_task_group']) retrieved from /home/airflow/.local/lib/python3.8/site-packages/airflow/example_dags/example_task_group.py
[2023-10-11T07:23:53.761+0000] {logging_mixin.py:151} INFO - [2023-10-11T07:23:53.761+0000] {dag.py:2915} INFO - Sync 1 DAGs
[2023-10-11T07:23:53.776+0000] {logging_mixin.py:151} INFO - [2023-10-11T07:23:53.776+0000] {dag.py:3696} INFO - Setting next_dagrun for example_task_group to 2023-10-10T07:23:53.775780+00:00, run_after=2023-10-11T07:23:53.775780+00:00
[2023-10-11T07:23:53.786+0000] {processor.py:179} INFO - Processing /home/airflow/.local/lib/python3.8/site-packages/airflow/example_dags/example_task_group.py took 0.057 seconds
[2023-10-11T07:24:24.067+0000] {processor.py:157} INFO - Started process (PID=856) to work on /home/airflow/.local/lib/python3.8/site-packages/airflow/example_dags/example_task_group.py
[2023-10-11T07:24:24.069+0000] {processor.py:829} INFO - Processing file /home/airflow/.local/lib/python3.8/site-packages/airflow/example_dags/example_task_group.py for tasks to queue
[2023-10-11T07:24:24.073+0000] {logging_mixin.py:151} INFO - [2023-10-11T07:24:24.073+0000] {dagbag.py:539} INFO - Filling up the DagBag from /home/airflow/.local/lib/python3.8/site-packages/airflow/example_dags/example_task_group.py
[2023-10-11T07:24:24.083+0000] {processor.py:839} INFO - DAG(s) dict_keys(['example_task_group']) retrieved from /home/airflow/.local/lib/python3.8/site-packages/airflow/example_dags/example_task_group.py
[2023-10-11T07:24:24.110+0000] {logging_mixin.py:151} INFO - [2023-10-11T07:24:24.110+0000] {dag.py:2915} INFO - Sync 1 DAGs
[2023-10-11T07:24:24.125+0000] {logging_mixin.py:151} INFO - [2023-10-11T07:24:24.125+0000] {dag.py:3696} INFO - Setting next_dagrun for example_task_group to 2023-10-10T07:24:24.125572+00:00, run_after=2023-10-11T07:24:24.125572+00:00
[2023-10-11T07:24:24.135+0000] {processor.py:179} INFO - Processing /home/airflow/.local/lib/python3.8/site-packages/airflow/example_dags/example_task_group.py took 0.073 seconds
[2023-10-11T07:24:54.252+0000] {processor.py:157} INFO - Started process (PID=915) to work on /home/airflow/.local/lib/python3.8/site-packages/airflow/example_dags/example_task_group.py
[2023-10-11T07:24:54.254+0000] {processor.py:829} INFO - Processing file /home/airflow/.local/lib/python3.8/site-packages/airflow/example_dags/example_task_group.py for tasks to queue
[2023-10-11T07:24:54.258+0000] {logging_mixin.py:151} INFO - [2023-10-11T07:24:54.257+0000] {dagbag.py:539} INFO - Filling up the DagBag from /home/airflow/.local/lib/python3.8/site-packages/airflow/example_dags/example_task_group.py
[2023-10-11T07:24:54.266+0000] {processor.py:839} INFO - DAG(s) dict_keys(['example_task_group']) retrieved from /home/airflow/.local/lib/python3.8/site-packages/airflow/example_dags/example_task_group.py
[2023-10-11T07:24:54.292+0000] {logging_mixin.py:151} INFO - [2023-10-11T07:24:54.292+0000] {dag.py:2915} INFO - Sync 1 DAGs
[2023-10-11T07:24:54.307+0000] {logging_mixin.py:151} INFO - [2023-10-11T07:24:54.307+0000] {dag.py:3696} INFO - Setting next_dagrun for example_task_group to 2023-10-10T07:24:54.307191+00:00, run_after=2023-10-11T07:24:54.307191+00:00
[2023-10-11T07:24:54.316+0000] {processor.py:179} INFO - Processing /home/airflow/.local/lib/python3.8/site-packages/airflow/example_dags/example_task_group.py took 0.069 seconds
[2023-10-11T07:25:24.427+0000] {processor.py:157} INFO - Started process (PID=975) to work on /home/airflow/.local/lib/python3.8/site-packages/airflow/example_dags/example_task_group.py
[2023-10-11T07:25:24.428+0000] {processor.py:829} INFO - Processing file /home/airflow/.local/lib/python3.8/site-packages/airflow/example_dags/example_task_group.py for tasks to queue
[2023-10-11T07:25:24.430+0000] {logging_mixin.py:151} INFO - [2023-10-11T07:25:24.430+0000] {dagbag.py:539} INFO - Filling up the DagBag from /home/airflow/.local/lib/python3.8/site-packages/airflow/example_dags/example_task_group.py
[2023-10-11T07:25:24.434+0000] {processor.py:839} INFO - DAG(s) dict_keys(['example_task_group']) retrieved from /home/airflow/.local/lib/python3.8/site-packages/airflow/example_dags/example_task_group.py
[2023-10-11T07:25:24.451+0000] {logging_mixin.py:151} INFO - [2023-10-11T07:25:24.451+0000] {dag.py:2915} INFO - Sync 1 DAGs
[2023-10-11T07:25:24.465+0000] {logging_mixin.py:151} INFO - [2023-10-11T07:25:24.465+0000] {dag.py:3696} INFO - Setting next_dagrun for example_task_group to 2023-10-10T07:25:24.464923+00:00, run_after=2023-10-11T07:25:24.464923+00:00
[2023-10-11T07:25:24.475+0000] {processor.py:179} INFO - Processing /home/airflow/.local/lib/python3.8/site-packages/airflow/example_dags/example_task_group.py took 0.050 seconds
[2023-10-11T07:25:54.589+0000] {processor.py:157} INFO - Started process (PID=1034) to work on /home/airflow/.local/lib/python3.8/site-packages/airflow/example_dags/example_task_group.py
[2023-10-11T07:25:54.589+0000] {processor.py:829} INFO - Processing file /home/airflow/.local/lib/python3.8/site-packages/airflow/example_dags/example_task_group.py for tasks to queue
[2023-10-11T07:25:54.591+0000] {logging_mixin.py:151} INFO - [2023-10-11T07:25:54.591+0000] {dagbag.py:539} INFO - Filling up the DagBag from /home/airflow/.local/lib/python3.8/site-packages/airflow/example_dags/example_task_group.py
[2023-10-11T07:25:54.595+0000] {processor.py:839} INFO - DAG(s) dict_keys(['example_task_group']) retrieved from /home/airflow/.local/lib/python3.8/site-packages/airflow/example_dags/example_task_group.py
[2023-10-11T07:25:54.612+0000] {logging_mixin.py:151} INFO - [2023-10-11T07:25:54.612+0000] {dag.py:2915} INFO - Sync 1 DAGs
[2023-10-11T07:25:54.626+0000] {logging_mixin.py:151} INFO - [2023-10-11T07:25:54.626+0000] {dag.py:3696} INFO - Setting next_dagrun for example_task_group to 2023-10-10T07:25:54.625839+00:00, run_after=2023-10-11T07:25:54.625839+00:00
[2023-10-11T07:25:54.635+0000] {processor.py:179} INFO - Processing /home/airflow/.local/lib/python3.8/site-packages/airflow/example_dags/example_task_group.py took 0.049 seconds
[2023-10-11T07:26:24.660+0000] {processor.py:157} INFO - Started process (PID=1093) to work on /home/airflow/.local/lib/python3.8/site-packages/airflow/example_dags/example_task_group.py
[2023-10-11T07:26:24.661+0000] {processor.py:829} INFO - Processing file /home/airflow/.local/lib/python3.8/site-packages/airflow/example_dags/example_task_group.py for tasks to queue
[2023-10-11T07:26:24.662+0000] {logging_mixin.py:151} INFO - [2023-10-11T07:26:24.662+0000] {dagbag.py:539} INFO - Filling up the DagBag from /home/airflow/.local/lib/python3.8/site-packages/airflow/example_dags/example_task_group.py
[2023-10-11T07:26:24.666+0000] {processor.py:839} INFO - DAG(s) dict_keys(['example_task_group']) retrieved from /home/airflow/.local/lib/python3.8/site-packages/airflow/example_dags/example_task_group.py
[2023-10-11T07:26:24.683+0000] {logging_mixin.py:151} INFO - [2023-10-11T07:26:24.683+0000] {dag.py:2915} INFO - Sync 1 DAGs
[2023-10-11T07:26:24.696+0000] {logging_mixin.py:151} INFO - [2023-10-11T07:26:24.696+0000] {dag.py:3696} INFO - Setting next_dagrun for example_task_group to 2023-10-10T07:26:24.696666+00:00, run_after=2023-10-11T07:26:24.696666+00:00
[2023-10-11T07:26:24.706+0000] {processor.py:179} INFO - Processing /home/airflow/.local/lib/python3.8/site-packages/airflow/example_dags/example_task_group.py took 0.048 seconds
[2023-10-11T07:26:55.116+0000] {processor.py:157} INFO - Started process (PID=1151) to work on /home/airflow/.local/lib/python3.8/site-packages/airflow/example_dags/example_task_group.py
[2023-10-11T07:26:55.117+0000] {processor.py:829} INFO - Processing file /home/airflow/.local/lib/python3.8/site-packages/airflow/example_dags/example_task_group.py for tasks to queue
[2023-10-11T07:26:55.119+0000] {logging_mixin.py:151} INFO - [2023-10-11T07:26:55.119+0000] {dagbag.py:539} INFO - Filling up the DagBag from /home/airflow/.local/lib/python3.8/site-packages/airflow/example_dags/example_task_group.py
[2023-10-11T07:26:55.126+0000] {processor.py:839} INFO - DAG(s) dict_keys(['example_task_group']) retrieved from /home/airflow/.local/lib/python3.8/site-packages/airflow/example_dags/example_task_group.py
[2023-10-11T07:26:55.151+0000] {logging_mixin.py:151} INFO - [2023-10-11T07:26:55.151+0000] {dag.py:2915} INFO - Sync 1 DAGs
[2023-10-11T07:26:55.168+0000] {logging_mixin.py:151} INFO - [2023-10-11T07:26:55.168+0000] {dag.py:3696} INFO - Setting next_dagrun for example_task_group to 2023-10-10T07:26:55.168003+00:00, run_after=2023-10-11T07:26:55.168003+00:00
[2023-10-11T07:26:55.181+0000] {processor.py:179} INFO - Processing /home/airflow/.local/lib/python3.8/site-packages/airflow/example_dags/example_task_group.py took 0.068 seconds
[2023-10-11T07:27:25.801+0000] {processor.py:157} INFO - Started process (PID=1210) to work on /home/airflow/.local/lib/python3.8/site-packages/airflow/example_dags/example_task_group.py
[2023-10-11T07:27:25.802+0000] {processor.py:829} INFO - Processing file /home/airflow/.local/lib/python3.8/site-packages/airflow/example_dags/example_task_group.py for tasks to queue
[2023-10-11T07:27:25.806+0000] {logging_mixin.py:151} INFO - [2023-10-11T07:27:25.806+0000] {dagbag.py:539} INFO - Filling up the DagBag from /home/airflow/.local/lib/python3.8/site-packages/airflow/example_dags/example_task_group.py
[2023-10-11T07:27:25.814+0000] {processor.py:839} INFO - DAG(s) dict_keys(['example_task_group']) retrieved from /home/airflow/.local/lib/python3.8/site-packages/airflow/example_dags/example_task_group.py
[2023-10-11T07:27:25.840+0000] {logging_mixin.py:151} INFO - [2023-10-11T07:27:25.840+0000] {dag.py:2915} INFO - Sync 1 DAGs
[2023-10-11T07:27:25.856+0000] {logging_mixin.py:151} INFO - [2023-10-11T07:27:25.855+0000] {dag.py:3696} INFO - Setting next_dagrun for example_task_group to 2023-10-10T07:27:25.855715+00:00, run_after=2023-10-11T07:27:25.855715+00:00
[2023-10-11T07:27:25.865+0000] {processor.py:179} INFO - Processing /home/airflow/.local/lib/python3.8/site-packages/airflow/example_dags/example_task_group.py took 0.070 seconds
[2023-10-11T07:27:56.007+0000] {processor.py:157} INFO - Started process (PID=1269) to work on /home/airflow/.local/lib/python3.8/site-packages/airflow/example_dags/example_task_group.py
[2023-10-11T07:27:56.008+0000] {processor.py:829} INFO - Processing file /home/airflow/.local/lib/python3.8/site-packages/airflow/example_dags/example_task_group.py for tasks to queue
[2023-10-11T07:27:56.010+0000] {logging_mixin.py:151} INFO - [2023-10-11T07:27:56.009+0000] {dagbag.py:539} INFO - Filling up the DagBag from /home/airflow/.local/lib/python3.8/site-packages/airflow/example_dags/example_task_group.py
[2023-10-11T07:27:56.018+0000] {processor.py:839} INFO - DAG(s) dict_keys(['example_task_group']) retrieved from /home/airflow/.local/lib/python3.8/site-packages/airflow/example_dags/example_task_group.py
[2023-10-11T07:27:56.046+0000] {logging_mixin.py:151} INFO - [2023-10-11T07:27:56.046+0000] {dag.py:2915} INFO - Sync 1 DAGs
[2023-10-11T07:27:56.063+0000] {logging_mixin.py:151} INFO - [2023-10-11T07:27:56.063+0000] {dag.py:3696} INFO - Setting next_dagrun for example_task_group to 2023-10-10T07:27:56.063398+00:00, run_after=2023-10-11T07:27:56.063398+00:00
[2023-10-11T07:27:56.075+0000] {processor.py:179} INFO - Processing /home/airflow/.local/lib/python3.8/site-packages/airflow/example_dags/example_task_group.py took 0.073 seconds
[2023-10-11T07:28:26.399+0000] {processor.py:157} INFO - Started process (PID=1328) to work on /home/airflow/.local/lib/python3.8/site-packages/airflow/example_dags/example_task_group.py
[2023-10-11T07:28:26.400+0000] {processor.py:829} INFO - Processing file /home/airflow/.local/lib/python3.8/site-packages/airflow/example_dags/example_task_group.py for tasks to queue
[2023-10-11T07:28:26.404+0000] {logging_mixin.py:151} INFO - [2023-10-11T07:28:26.403+0000] {dagbag.py:539} INFO - Filling up the DagBag from /home/airflow/.local/lib/python3.8/site-packages/airflow/example_dags/example_task_group.py
[2023-10-11T07:28:26.413+0000] {processor.py:839} INFO - DAG(s) dict_keys(['example_task_group']) retrieved from /home/airflow/.local/lib/python3.8/site-packages/airflow/example_dags/example_task_group.py
[2023-10-11T07:28:26.441+0000] {logging_mixin.py:151} INFO - [2023-10-11T07:28:26.441+0000] {dag.py:2915} INFO - Sync 1 DAGs
[2023-10-11T07:28:26.457+0000] {logging_mixin.py:151} INFO - [2023-10-11T07:28:26.457+0000] {dag.py:3696} INFO - Setting next_dagrun for example_task_group to 2023-10-10T07:28:26.456762+00:00, run_after=2023-10-11T07:28:26.456762+00:00
[2023-10-11T07:28:26.467+0000] {processor.py:179} INFO - Processing /home/airflow/.local/lib/python3.8/site-packages/airflow/example_dags/example_task_group.py took 0.074 seconds
[2023-10-11T07:28:56.521+0000] {processor.py:157} INFO - Started process (PID=1387) to work on /home/airflow/.local/lib/python3.8/site-packages/airflow/example_dags/example_task_group.py
[2023-10-11T07:28:56.522+0000] {processor.py:829} INFO - Processing file /home/airflow/.local/lib/python3.8/site-packages/airflow/example_dags/example_task_group.py for tasks to queue
[2023-10-11T07:28:56.525+0000] {logging_mixin.py:151} INFO - [2023-10-11T07:28:56.525+0000] {dagbag.py:539} INFO - Filling up the DagBag from /home/airflow/.local/lib/python3.8/site-packages/airflow/example_dags/example_task_group.py
[2023-10-11T07:28:56.534+0000] {processor.py:839} INFO - DAG(s) dict_keys(['example_task_group']) retrieved from /home/airflow/.local/lib/python3.8/site-packages/airflow/example_dags/example_task_group.py
[2023-10-11T07:28:56.560+0000] {logging_mixin.py:151} INFO - [2023-10-11T07:28:56.560+0000] {dag.py:2915} INFO - Sync 1 DAGs
[2023-10-11T07:28:56.575+0000] {logging_mixin.py:151} INFO - [2023-10-11T07:28:56.575+0000] {dag.py:3696} INFO - Setting next_dagrun for example_task_group to 2023-10-10T07:28:56.575256+00:00, run_after=2023-10-11T07:28:56.575256+00:00
[2023-10-11T07:28:56.584+0000] {processor.py:179} INFO - Processing /home/airflow/.local/lib/python3.8/site-packages/airflow/example_dags/example_task_group.py took 0.068 seconds
[2023-10-11T07:29:27.236+0000] {processor.py:157} INFO - Started process (PID=1446) to work on /home/airflow/.local/lib/python3.8/site-packages/airflow/example_dags/example_task_group.py
[2023-10-11T07:29:27.240+0000] {processor.py:829} INFO - Processing file /home/airflow/.local/lib/python3.8/site-packages/airflow/example_dags/example_task_group.py for tasks to queue
[2023-10-11T07:29:27.245+0000] {logging_mixin.py:151} INFO - [2023-10-11T07:29:27.245+0000] {dagbag.py:539} INFO - Filling up the DagBag from /home/airflow/.local/lib/python3.8/site-packages/airflow/example_dags/example_task_group.py
[2023-10-11T07:29:27.251+0000] {processor.py:839} INFO - DAG(s) dict_keys(['example_task_group']) retrieved from /home/airflow/.local/lib/python3.8/site-packages/airflow/example_dags/example_task_group.py
[2023-10-11T07:29:27.287+0000] {logging_mixin.py:151} INFO - [2023-10-11T07:29:27.287+0000] {dag.py:2915} INFO - Sync 1 DAGs
[2023-10-11T07:29:27.307+0000] {logging_mixin.py:151} INFO - [2023-10-11T07:29:27.307+0000] {dag.py:3696} INFO - Setting next_dagrun for example_task_group to 2023-10-10T07:29:27.306764+00:00, run_after=2023-10-11T07:29:27.306764+00:00
[2023-10-11T07:29:27.320+0000] {processor.py:179} INFO - Processing /home/airflow/.local/lib/python3.8/site-packages/airflow/example_dags/example_task_group.py took 0.087 seconds
[2023-10-11T07:29:57.424+0000] {processor.py:157} INFO - Started process (PID=1505) to work on /home/airflow/.local/lib/python3.8/site-packages/airflow/example_dags/example_task_group.py
[2023-10-11T07:29:57.425+0000] {processor.py:829} INFO - Processing file /home/airflow/.local/lib/python3.8/site-packages/airflow/example_dags/example_task_group.py for tasks to queue
[2023-10-11T07:29:57.427+0000] {logging_mixin.py:151} INFO - [2023-10-11T07:29:57.427+0000] {dagbag.py:539} INFO - Filling up the DagBag from /home/airflow/.local/lib/python3.8/site-packages/airflow/example_dags/example_task_group.py
[2023-10-11T07:29:57.433+0000] {processor.py:839} INFO - DAG(s) dict_keys(['example_task_group']) retrieved from /home/airflow/.local/lib/python3.8/site-packages/airflow/example_dags/example_task_group.py
[2023-10-11T07:29:57.456+0000] {logging_mixin.py:151} INFO - [2023-10-11T07:29:57.456+0000] {dag.py:2915} INFO - Sync 1 DAGs
[2023-10-11T07:29:57.472+0000] {logging_mixin.py:151} INFO - [2023-10-11T07:29:57.472+0000] {dag.py:3696} INFO - Setting next_dagrun for example_task_group to 2023-10-10T07:29:57.472075+00:00, run_after=2023-10-11T07:29:57.472075+00:00
[2023-10-11T07:29:57.482+0000] {processor.py:179} INFO - Processing /home/airflow/.local/lib/python3.8/site-packages/airflow/example_dags/example_task_group.py took 0.062 seconds
[2023-10-11T07:30:27.685+0000] {processor.py:157} INFO - Started process (PID=1563) to work on /home/airflow/.local/lib/python3.8/site-packages/airflow/example_dags/example_task_group.py
[2023-10-11T07:30:27.687+0000] {processor.py:829} INFO - Processing file /home/airflow/.local/lib/python3.8/site-packages/airflow/example_dags/example_task_group.py for tasks to queue
[2023-10-11T07:30:27.692+0000] {logging_mixin.py:151} INFO - [2023-10-11T07:30:27.692+0000] {dagbag.py:539} INFO - Filling up the DagBag from /home/airflow/.local/lib/python3.8/site-packages/airflow/example_dags/example_task_group.py
[2023-10-11T07:30:27.706+0000] {processor.py:839} INFO - DAG(s) dict_keys(['example_task_group']) retrieved from /home/airflow/.local/lib/python3.8/site-packages/airflow/example_dags/example_task_group.py
[2023-10-11T07:30:27.735+0000] {logging_mixin.py:151} INFO - [2023-10-11T07:30:27.735+0000] {dag.py:2915} INFO - Sync 1 DAGs
[2023-10-11T07:30:27.753+0000] {logging_mixin.py:151} INFO - [2023-10-11T07:30:27.753+0000] {dag.py:3696} INFO - Setting next_dagrun for example_task_group to 2023-10-10T07:30:27.753197+00:00, run_after=2023-10-11T07:30:27.753197+00:00
[2023-10-11T07:30:27.764+0000] {processor.py:179} INFO - Processing /home/airflow/.local/lib/python3.8/site-packages/airflow/example_dags/example_task_group.py took 0.086 seconds
[2023-10-11T07:30:57.948+0000] {processor.py:157} INFO - Started process (PID=1621) to work on /home/airflow/.local/lib/python3.8/site-packages/airflow/example_dags/example_task_group.py
[2023-10-11T07:30:57.950+0000] {processor.py:829} INFO - Processing file /home/airflow/.local/lib/python3.8/site-packages/airflow/example_dags/example_task_group.py for tasks to queue
[2023-10-11T07:30:57.953+0000] {logging_mixin.py:151} INFO - [2023-10-11T07:30:57.953+0000] {dagbag.py:539} INFO - Filling up the DagBag from /home/airflow/.local/lib/python3.8/site-packages/airflow/example_dags/example_task_group.py
[2023-10-11T07:30:57.962+0000] {processor.py:839} INFO - DAG(s) dict_keys(['example_task_group']) retrieved from /home/airflow/.local/lib/python3.8/site-packages/airflow/example_dags/example_task_group.py
[2023-10-11T07:30:57.989+0000] {logging_mixin.py:151} INFO - [2023-10-11T07:30:57.989+0000] {dag.py:2915} INFO - Sync 1 DAGs
[2023-10-11T07:30:58.005+0000] {logging_mixin.py:151} INFO - [2023-10-11T07:30:58.005+0000] {dag.py:3696} INFO - Setting next_dagrun for example_task_group to 2023-10-10T07:30:58.005163+00:00, run_after=2023-10-11T07:30:58.005163+00:00
[2023-10-11T07:30:58.015+0000] {processor.py:179} INFO - Processing /home/airflow/.local/lib/python3.8/site-packages/airflow/example_dags/example_task_group.py took 0.072 seconds
[2023-10-11T07:31:28.170+0000] {processor.py:157} INFO - Started process (PID=1680) to work on /home/airflow/.local/lib/python3.8/site-packages/airflow/example_dags/example_task_group.py
[2023-10-11T07:31:28.172+0000] {processor.py:829} INFO - Processing file /home/airflow/.local/lib/python3.8/site-packages/airflow/example_dags/example_task_group.py for tasks to queue
[2023-10-11T07:31:28.175+0000] {logging_mixin.py:151} INFO - [2023-10-11T07:31:28.174+0000] {dagbag.py:539} INFO - Filling up the DagBag from /home/airflow/.local/lib/python3.8/site-packages/airflow/example_dags/example_task_group.py
[2023-10-11T07:31:28.183+0000] {processor.py:839} INFO - DAG(s) dict_keys(['example_task_group']) retrieved from /home/airflow/.local/lib/python3.8/site-packages/airflow/example_dags/example_task_group.py
[2023-10-11T07:31:28.211+0000] {logging_mixin.py:151} INFO - [2023-10-11T07:31:28.211+0000] {dag.py:2915} INFO - Sync 1 DAGs
[2023-10-11T07:31:28.228+0000] {logging_mixin.py:151} INFO - [2023-10-11T07:31:28.227+0000] {dag.py:3696} INFO - Setting next_dagrun for example_task_group to 2023-10-10T07:31:28.227718+00:00, run_after=2023-10-11T07:31:28.227718+00:00
[2023-10-11T07:31:28.239+0000] {processor.py:179} INFO - Processing /home/airflow/.local/lib/python3.8/site-packages/airflow/example_dags/example_task_group.py took 0.075 seconds
[2023-10-11T07:31:58.389+0000] {processor.py:157} INFO - Started process (PID=1739) to work on /home/airflow/.local/lib/python3.8/site-packages/airflow/example_dags/example_task_group.py
[2023-10-11T07:31:58.389+0000] {processor.py:829} INFO - Processing file /home/airflow/.local/lib/python3.8/site-packages/airflow/example_dags/example_task_group.py for tasks to queue
[2023-10-11T07:31:58.391+0000] {logging_mixin.py:151} INFO - [2023-10-11T07:31:58.391+0000] {dagbag.py:539} INFO - Filling up the DagBag from /home/airflow/.local/lib/python3.8/site-packages/airflow/example_dags/example_task_group.py
[2023-10-11T07:31:58.396+0000] {processor.py:839} INFO - DAG(s) dict_keys(['example_task_group']) retrieved from /home/airflow/.local/lib/python3.8/site-packages/airflow/example_dags/example_task_group.py
[2023-10-11T07:31:58.416+0000] {logging_mixin.py:151} INFO - [2023-10-11T07:31:58.416+0000] {dag.py:2915} INFO - Sync 1 DAGs
[2023-10-11T07:31:58.433+0000] {logging_mixin.py:151} INFO - [2023-10-11T07:31:58.433+0000] {dag.py:3696} INFO - Setting next_dagrun for example_task_group to 2023-10-10T07:31:58.433313+00:00, run_after=2023-10-11T07:31:58.433313+00:00
[2023-10-11T07:31:58.446+0000] {processor.py:179} INFO - Processing /home/airflow/.local/lib/python3.8/site-packages/airflow/example_dags/example_task_group.py took 0.060 seconds
[2023-10-11T07:32:28.568+0000] {processor.py:157} INFO - Started process (PID=1798) to work on /home/airflow/.local/lib/python3.8/site-packages/airflow/example_dags/example_task_group.py
[2023-10-11T07:32:28.570+0000] {processor.py:829} INFO - Processing file /home/airflow/.local/lib/python3.8/site-packages/airflow/example_dags/example_task_group.py for tasks to queue
[2023-10-11T07:32:28.574+0000] {logging_mixin.py:151} INFO - [2023-10-11T07:32:28.573+0000] {dagbag.py:539} INFO - Filling up the DagBag from /home/airflow/.local/lib/python3.8/site-packages/airflow/example_dags/example_task_group.py
[2023-10-11T07:32:28.584+0000] {processor.py:839} INFO - DAG(s) dict_keys(['example_task_group']) retrieved from /home/airflow/.local/lib/python3.8/site-packages/airflow/example_dags/example_task_group.py
[2023-10-11T07:32:28.612+0000] {logging_mixin.py:151} INFO - [2023-10-11T07:32:28.612+0000] {dag.py:2915} INFO - Sync 1 DAGs
[2023-10-11T07:32:28.629+0000] {logging_mixin.py:151} INFO - [2023-10-11T07:32:28.629+0000] {dag.py:3696} INFO - Setting next_dagrun for example_task_group to 2023-10-10T07:32:28.629185+00:00, run_after=2023-10-11T07:32:28.629185+00:00
[2023-10-11T07:32:28.640+0000] {processor.py:179} INFO - Processing /home/airflow/.local/lib/python3.8/site-packages/airflow/example_dags/example_task_group.py took 0.078 seconds
[2023-10-11T07:32:58.766+0000] {processor.py:157} INFO - Started process (PID=1857) to work on /home/airflow/.local/lib/python3.8/site-packages/airflow/example_dags/example_task_group.py
[2023-10-11T07:32:58.768+0000] {processor.py:829} INFO - Processing file /home/airflow/.local/lib/python3.8/site-packages/airflow/example_dags/example_task_group.py for tasks to queue
[2023-10-11T07:32:58.772+0000] {logging_mixin.py:151} INFO - [2023-10-11T07:32:58.771+0000] {dagbag.py:539} INFO - Filling up the DagBag from /home/airflow/.local/lib/python3.8/site-packages/airflow/example_dags/example_task_group.py
[2023-10-11T07:32:58.780+0000] {processor.py:839} INFO - DAG(s) dict_keys(['example_task_group']) retrieved from /home/airflow/.local/lib/python3.8/site-packages/airflow/example_dags/example_task_group.py
[2023-10-11T07:32:58.806+0000] {logging_mixin.py:151} INFO - [2023-10-11T07:32:58.806+0000] {dag.py:2915} INFO - Sync 1 DAGs
[2023-10-11T07:32:58.822+0000] {logging_mixin.py:151} INFO - [2023-10-11T07:32:58.822+0000] {dag.py:3696} INFO - Setting next_dagrun for example_task_group to 2023-10-10T07:32:58.822009+00:00, run_after=2023-10-11T07:32:58.822009+00:00
[2023-10-11T07:32:58.831+0000] {processor.py:179} INFO - Processing /home/airflow/.local/lib/python3.8/site-packages/airflow/example_dags/example_task_group.py took 0.070 seconds
[2023-10-11T07:33:28.935+0000] {processor.py:157} INFO - Started process (PID=1917) to work on /home/airflow/.local/lib/python3.8/site-packages/airflow/example_dags/example_task_group.py
[2023-10-11T07:33:28.936+0000] {processor.py:829} INFO - Processing file /home/airflow/.local/lib/python3.8/site-packages/airflow/example_dags/example_task_group.py for tasks to queue
[2023-10-11T07:33:28.940+0000] {logging_mixin.py:151} INFO - [2023-10-11T07:33:28.940+0000] {dagbag.py:539} INFO - Filling up the DagBag from /home/airflow/.local/lib/python3.8/site-packages/airflow/example_dags/example_task_group.py
[2023-10-11T07:33:28.948+0000] {processor.py:839} INFO - DAG(s) dict_keys(['example_task_group']) retrieved from /home/airflow/.local/lib/python3.8/site-packages/airflow/example_dags/example_task_group.py
[2023-10-11T07:33:28.972+0000] {logging_mixin.py:151} INFO - [2023-10-11T07:33:28.972+0000] {dag.py:2915} INFO - Sync 1 DAGs
[2023-10-11T07:33:28.987+0000] {logging_mixin.py:151} INFO - [2023-10-11T07:33:28.987+0000] {dag.py:3696} INFO - Setting next_dagrun for example_task_group to 2023-10-10T07:33:28.987329+00:00, run_after=2023-10-11T07:33:28.987329+00:00
[2023-10-11T07:33:28.997+0000] {processor.py:179} INFO - Processing /home/airflow/.local/lib/python3.8/site-packages/airflow/example_dags/example_task_group.py took 0.068 seconds
[2023-10-11T07:33:59.315+0000] {processor.py:157} INFO - Started process (PID=1976) to work on /home/airflow/.local/lib/python3.8/site-packages/airflow/example_dags/example_task_group.py
[2023-10-11T07:33:59.316+0000] {processor.py:829} INFO - Processing file /home/airflow/.local/lib/python3.8/site-packages/airflow/example_dags/example_task_group.py for tasks to queue
[2023-10-11T07:33:59.318+0000] {logging_mixin.py:151} INFO - [2023-10-11T07:33:59.318+0000] {dagbag.py:539} INFO - Filling up the DagBag from /home/airflow/.local/lib/python3.8/site-packages/airflow/example_dags/example_task_group.py
[2023-10-11T07:33:59.325+0000] {processor.py:839} INFO - DAG(s) dict_keys(['example_task_group']) retrieved from /home/airflow/.local/lib/python3.8/site-packages/airflow/example_dags/example_task_group.py
[2023-10-11T07:33:59.349+0000] {logging_mixin.py:151} INFO - [2023-10-11T07:33:59.349+0000] {dag.py:2915} INFO - Sync 1 DAGs
[2023-10-11T07:33:59.365+0000] {logging_mixin.py:151} INFO - [2023-10-11T07:33:59.365+0000] {dag.py:3696} INFO - Setting next_dagrun for example_task_group to 2023-10-10T07:33:59.365232+00:00, run_after=2023-10-11T07:33:59.365232+00:00
[2023-10-11T07:33:59.376+0000] {processor.py:179} INFO - Processing /home/airflow/.local/lib/python3.8/site-packages/airflow/example_dags/example_task_group.py took 0.065 seconds
[2023-10-11T07:34:29.439+0000] {processor.py:157} INFO - Started process (PID=2035) to work on /home/airflow/.local/lib/python3.8/site-packages/airflow/example_dags/example_task_group.py
[2023-10-11T07:34:29.440+0000] {processor.py:829} INFO - Processing file /home/airflow/.local/lib/python3.8/site-packages/airflow/example_dags/example_task_group.py for tasks to queue
[2023-10-11T07:34:29.442+0000] {logging_mixin.py:151} INFO - [2023-10-11T07:34:29.442+0000] {dagbag.py:539} INFO - Filling up the DagBag from /home/airflow/.local/lib/python3.8/site-packages/airflow/example_dags/example_task_group.py
[2023-10-11T07:34:29.447+0000] {processor.py:839} INFO - DAG(s) dict_keys(['example_task_group']) retrieved from /home/airflow/.local/lib/python3.8/site-packages/airflow/example_dags/example_task_group.py
[2023-10-11T07:34:29.467+0000] {logging_mixin.py:151} INFO - [2023-10-11T07:34:29.467+0000] {dag.py:2915} INFO - Sync 1 DAGs
[2023-10-11T07:34:29.481+0000] {logging_mixin.py:151} INFO - [2023-10-11T07:34:29.480+0000] {dag.py:3696} INFO - Setting next_dagrun for example_task_group to 2023-10-10T07:34:29.480687+00:00, run_after=2023-10-11T07:34:29.480687+00:00
[2023-10-11T07:34:29.490+0000] {processor.py:179} INFO - Processing /home/airflow/.local/lib/python3.8/site-packages/airflow/example_dags/example_task_group.py took 0.055 seconds
[2023-10-11T07:34:59.538+0000] {processor.py:157} INFO - Started process (PID=2094) to work on /home/airflow/.local/lib/python3.8/site-packages/airflow/example_dags/example_task_group.py
[2023-10-11T07:34:59.544+0000] {processor.py:829} INFO - Processing file /home/airflow/.local/lib/python3.8/site-packages/airflow/example_dags/example_task_group.py for tasks to queue
[2023-10-11T07:34:59.548+0000] {logging_mixin.py:151} INFO - [2023-10-11T07:34:59.547+0000] {dagbag.py:539} INFO - Filling up the DagBag from /home/airflow/.local/lib/python3.8/site-packages/airflow/example_dags/example_task_group.py
[2023-10-11T07:34:59.565+0000] {processor.py:839} INFO - DAG(s) dict_keys(['example_task_group']) retrieved from /home/airflow/.local/lib/python3.8/site-packages/airflow/example_dags/example_task_group.py
[2023-10-11T07:34:59.591+0000] {logging_mixin.py:151} INFO - [2023-10-11T07:34:59.591+0000] {dag.py:2915} INFO - Sync 1 DAGs
[2023-10-11T07:34:59.609+0000] {logging_mixin.py:151} INFO - [2023-10-11T07:34:59.608+0000] {dag.py:3696} INFO - Setting next_dagrun for example_task_group to 2023-10-10T07:34:59.608622+00:00, run_after=2023-10-11T07:34:59.608622+00:00
[2023-10-11T07:34:59.621+0000] {processor.py:179} INFO - Processing /home/airflow/.local/lib/python3.8/site-packages/airflow/example_dags/example_task_group.py took 0.087 seconds
[2023-10-11T07:35:30.009+0000] {processor.py:157} INFO - Started process (PID=2153) to work on /home/airflow/.local/lib/python3.8/site-packages/airflow/example_dags/example_task_group.py
[2023-10-11T07:35:30.011+0000] {processor.py:829} INFO - Processing file /home/airflow/.local/lib/python3.8/site-packages/airflow/example_dags/example_task_group.py for tasks to queue
[2023-10-11T07:35:30.014+0000] {logging_mixin.py:151} INFO - [2023-10-11T07:35:30.013+0000] {dagbag.py:539} INFO - Filling up the DagBag from /home/airflow/.local/lib/python3.8/site-packages/airflow/example_dags/example_task_group.py
[2023-10-11T07:35:30.023+0000] {processor.py:839} INFO - DAG(s) dict_keys(['example_task_group']) retrieved from /home/airflow/.local/lib/python3.8/site-packages/airflow/example_dags/example_task_group.py
[2023-10-11T07:35:30.049+0000] {logging_mixin.py:151} INFO - [2023-10-11T07:35:30.049+0000] {dag.py:2915} INFO - Sync 1 DAGs
[2023-10-11T07:35:30.066+0000] {logging_mixin.py:151} INFO - [2023-10-11T07:35:30.066+0000] {dag.py:3696} INFO - Setting next_dagrun for example_task_group to 2023-10-10T07:35:30.065802+00:00, run_after=2023-10-11T07:35:30.065802+00:00
[2023-10-11T07:35:30.075+0000] {processor.py:179} INFO - Processing /home/airflow/.local/lib/python3.8/site-packages/airflow/example_dags/example_task_group.py took 0.071 seconds
[2023-10-11T07:36:00.328+0000] {processor.py:157} INFO - Started process (PID=2212) to work on /home/airflow/.local/lib/python3.8/site-packages/airflow/example_dags/example_task_group.py
[2023-10-11T07:36:00.330+0000] {processor.py:829} INFO - Processing file /home/airflow/.local/lib/python3.8/site-packages/airflow/example_dags/example_task_group.py for tasks to queue
[2023-10-11T07:36:00.334+0000] {logging_mixin.py:151} INFO - [2023-10-11T07:36:00.333+0000] {dagbag.py:539} INFO - Filling up the DagBag from /home/airflow/.local/lib/python3.8/site-packages/airflow/example_dags/example_task_group.py
[2023-10-11T07:36:00.344+0000] {processor.py:839} INFO - DAG(s) dict_keys(['example_task_group']) retrieved from /home/airflow/.local/lib/python3.8/site-packages/airflow/example_dags/example_task_group.py
[2023-10-11T07:36:00.373+0000] {logging_mixin.py:151} INFO - [2023-10-11T07:36:00.373+0000] {dag.py:2915} INFO - Sync 1 DAGs
[2023-10-11T07:36:00.390+0000] {logging_mixin.py:151} INFO - [2023-10-11T07:36:00.389+0000] {dag.py:3696} INFO - Setting next_dagrun for example_task_group to 2023-10-10T07:36:00.389678+00:00, run_after=2023-10-11T07:36:00.389678+00:00
[2023-10-11T07:36:00.400+0000] {processor.py:179} INFO - Processing /home/airflow/.local/lib/python3.8/site-packages/airflow/example_dags/example_task_group.py took 0.079 seconds
[2023-10-11T07:37:24.053+0000] {processor.py:157} INFO - Started process (PID=32) to work on /home/airflow/.local/lib/python3.8/site-packages/airflow/example_dags/example_task_group.py
[2023-10-11T07:37:24.057+0000] {processor.py:829} INFO - Processing file /home/airflow/.local/lib/python3.8/site-packages/airflow/example_dags/example_task_group.py for tasks to queue
[2023-10-11T07:37:24.068+0000] {logging_mixin.py:151} INFO - [2023-10-11T07:37:24.068+0000] {dagbag.py:539} INFO - Filling up the DagBag from /home/airflow/.local/lib/python3.8/site-packages/airflow/example_dags/example_task_group.py
[2023-10-11T07:37:24.138+0000] {processor.py:839} INFO - DAG(s) dict_keys(['example_task_group']) retrieved from /home/airflow/.local/lib/python3.8/site-packages/airflow/example_dags/example_task_group.py
[2023-10-11T07:37:24.666+0000] {logging_mixin.py:151} INFO - [2023-10-11T07:37:24.666+0000] {manager.py:499} INFO - Created Permission View: %s
[2023-10-11T07:37:24.690+0000] {logging_mixin.py:151} INFO - [2023-10-11T07:37:24.690+0000] {manager.py:499} INFO - Created Permission View: %s
[2023-10-11T07:37:24.704+0000] {logging_mixin.py:151} INFO - [2023-10-11T07:37:24.704+0000] {manager.py:499} INFO - Created Permission View: %s
[2023-10-11T07:37:24.706+0000] {logging_mixin.py:151} INFO - [2023-10-11T07:37:24.706+0000] {security.py:708} INFO - Not syncing DAG-level permissions for DAG 'DAG:example_task_group' as access control is unset.
[2023-10-11T07:37:24.707+0000] {logging_mixin.py:151} INFO - [2023-10-11T07:37:24.707+0000] {dag.py:2915} INFO - Sync 1 DAGs
[2023-10-11T07:37:24.728+0000] {logging_mixin.py:151} INFO - [2023-10-11T07:37:24.728+0000] {dag.py:2937} INFO - Creating ORM DAG for example_task_group
[2023-10-11T07:37:24.760+0000] {logging_mixin.py:151} INFO - [2023-10-11T07:37:24.760+0000] {dag.py:3696} INFO - Setting next_dagrun for example_task_group to 2023-10-10T07:37:24.759927+00:00, run_after=2023-10-11T07:37:24.759927+00:00
[2023-10-11T07:37:24.809+0000] {processor.py:179} INFO - Processing /home/airflow/.local/lib/python3.8/site-packages/airflow/example_dags/example_task_group.py took 0.760 seconds
[2023-10-11T07:37:55.245+0000] {processor.py:157} INFO - Started process (PID=90) to work on /home/airflow/.local/lib/python3.8/site-packages/airflow/example_dags/example_task_group.py
[2023-10-11T07:37:55.247+0000] {processor.py:829} INFO - Processing file /home/airflow/.local/lib/python3.8/site-packages/airflow/example_dags/example_task_group.py for tasks to queue
[2023-10-11T07:37:55.250+0000] {logging_mixin.py:151} INFO - [2023-10-11T07:37:55.249+0000] {dagbag.py:539} INFO - Filling up the DagBag from /home/airflow/.local/lib/python3.8/site-packages/airflow/example_dags/example_task_group.py
[2023-10-11T07:37:55.259+0000] {processor.py:839} INFO - DAG(s) dict_keys(['example_task_group']) retrieved from /home/airflow/.local/lib/python3.8/site-packages/airflow/example_dags/example_task_group.py
[2023-10-11T07:37:55.282+0000] {logging_mixin.py:151} INFO - [2023-10-11T07:37:55.282+0000] {dag.py:2915} INFO - Sync 1 DAGs
[2023-10-11T07:37:55.299+0000] {logging_mixin.py:151} INFO - [2023-10-11T07:37:55.299+0000] {dag.py:3696} INFO - Setting next_dagrun for example_task_group to 2023-10-10T07:37:55.298857+00:00, run_after=2023-10-11T07:37:55.298857+00:00
[2023-10-11T07:37:55.311+0000] {processor.py:179} INFO - Processing /home/airflow/.local/lib/python3.8/site-packages/airflow/example_dags/example_task_group.py took 0.070 seconds
[2023-10-11T07:38:25.544+0000] {processor.py:157} INFO - Started process (PID=149) to work on /home/airflow/.local/lib/python3.8/site-packages/airflow/example_dags/example_task_group.py
[2023-10-11T07:38:25.546+0000] {processor.py:829} INFO - Processing file /home/airflow/.local/lib/python3.8/site-packages/airflow/example_dags/example_task_group.py for tasks to queue
[2023-10-11T07:38:25.549+0000] {logging_mixin.py:151} INFO - [2023-10-11T07:38:25.548+0000] {dagbag.py:539} INFO - Filling up the DagBag from /home/airflow/.local/lib/python3.8/site-packages/airflow/example_dags/example_task_group.py
[2023-10-11T07:38:25.556+0000] {processor.py:839} INFO - DAG(s) dict_keys(['example_task_group']) retrieved from /home/airflow/.local/lib/python3.8/site-packages/airflow/example_dags/example_task_group.py
[2023-10-11T07:38:25.581+0000] {logging_mixin.py:151} INFO - [2023-10-11T07:38:25.581+0000] {dag.py:2915} INFO - Sync 1 DAGs
[2023-10-11T07:38:25.596+0000] {logging_mixin.py:151} INFO - [2023-10-11T07:38:25.596+0000] {dag.py:3696} INFO - Setting next_dagrun for example_task_group to 2023-10-10T07:38:25.596018+00:00, run_after=2023-10-11T07:38:25.596018+00:00
[2023-10-11T07:38:25.605+0000] {processor.py:179} INFO - Processing /home/airflow/.local/lib/python3.8/site-packages/airflow/example_dags/example_task_group.py took 0.066 seconds
[2023-10-11T07:38:56.094+0000] {processor.py:157} INFO - Started process (PID=208) to work on /home/airflow/.local/lib/python3.8/site-packages/airflow/example_dags/example_task_group.py
[2023-10-11T07:38:56.096+0000] {processor.py:829} INFO - Processing file /home/airflow/.local/lib/python3.8/site-packages/airflow/example_dags/example_task_group.py for tasks to queue
[2023-10-11T07:38:56.100+0000] {logging_mixin.py:151} INFO - [2023-10-11T07:38:56.099+0000] {dagbag.py:539} INFO - Filling up the DagBag from /home/airflow/.local/lib/python3.8/site-packages/airflow/example_dags/example_task_group.py
[2023-10-11T07:38:56.109+0000] {processor.py:839} INFO - DAG(s) dict_keys(['example_task_group']) retrieved from /home/airflow/.local/lib/python3.8/site-packages/airflow/example_dags/example_task_group.py
[2023-10-11T07:38:56.140+0000] {logging_mixin.py:151} INFO - [2023-10-11T07:38:56.140+0000] {dag.py:2915} INFO - Sync 1 DAGs
[2023-10-11T07:38:56.158+0000] {logging_mixin.py:151} INFO - [2023-10-11T07:38:56.158+0000] {dag.py:3696} INFO - Setting next_dagrun for example_task_group to 2023-10-10T07:38:56.157882+00:00, run_after=2023-10-11T07:38:56.157882+00:00
[2023-10-11T07:38:56.169+0000] {processor.py:179} INFO - Processing /home/airflow/.local/lib/python3.8/site-packages/airflow/example_dags/example_task_group.py took 0.082 seconds
[2023-10-11T07:39:26.299+0000] {processor.py:157} INFO - Started process (PID=267) to work on /home/airflow/.local/lib/python3.8/site-packages/airflow/example_dags/example_task_group.py
[2023-10-11T07:39:26.300+0000] {processor.py:829} INFO - Processing file /home/airflow/.local/lib/python3.8/site-packages/airflow/example_dags/example_task_group.py for tasks to queue
[2023-10-11T07:39:26.304+0000] {logging_mixin.py:151} INFO - [2023-10-11T07:39:26.303+0000] {dagbag.py:539} INFO - Filling up the DagBag from /home/airflow/.local/lib/python3.8/site-packages/airflow/example_dags/example_task_group.py
[2023-10-11T07:39:26.312+0000] {processor.py:839} INFO - DAG(s) dict_keys(['example_task_group']) retrieved from /home/airflow/.local/lib/python3.8/site-packages/airflow/example_dags/example_task_group.py
[2023-10-11T07:39:26.338+0000] {logging_mixin.py:151} INFO - [2023-10-11T07:39:26.337+0000] {dag.py:2915} INFO - Sync 1 DAGs
[2023-10-11T07:39:26.353+0000] {logging_mixin.py:151} INFO - [2023-10-11T07:39:26.353+0000] {dag.py:3696} INFO - Setting next_dagrun for example_task_group to 2023-10-10T07:39:26.353034+00:00, run_after=2023-10-11T07:39:26.353034+00:00
[2023-10-11T07:39:26.362+0000] {processor.py:179} INFO - Processing /home/airflow/.local/lib/python3.8/site-packages/airflow/example_dags/example_task_group.py took 0.069 seconds
[2023-10-11T07:39:56.710+0000] {processor.py:157} INFO - Started process (PID=326) to work on /home/airflow/.local/lib/python3.8/site-packages/airflow/example_dags/example_task_group.py
[2023-10-11T07:39:56.712+0000] {processor.py:829} INFO - Processing file /home/airflow/.local/lib/python3.8/site-packages/airflow/example_dags/example_task_group.py for tasks to queue
[2023-10-11T07:39:56.714+0000] {logging_mixin.py:151} INFO - [2023-10-11T07:39:56.714+0000] {dagbag.py:539} INFO - Filling up the DagBag from /home/airflow/.local/lib/python3.8/site-packages/airflow/example_dags/example_task_group.py
[2023-10-11T07:39:56.721+0000] {processor.py:839} INFO - DAG(s) dict_keys(['example_task_group']) retrieved from /home/airflow/.local/lib/python3.8/site-packages/airflow/example_dags/example_task_group.py
[2023-10-11T07:39:56.743+0000] {logging_mixin.py:151} INFO - [2023-10-11T07:39:56.743+0000] {dag.py:2915} INFO - Sync 1 DAGs
[2023-10-11T07:39:56.757+0000] {logging_mixin.py:151} INFO - [2023-10-11T07:39:56.757+0000] {dag.py:3696} INFO - Setting next_dagrun for example_task_group to 2023-10-10T07:39:56.757542+00:00, run_after=2023-10-11T07:39:56.757542+00:00
[2023-10-11T07:39:56.767+0000] {processor.py:179} INFO - Processing /home/airflow/.local/lib/python3.8/site-packages/airflow/example_dags/example_task_group.py took 0.060 seconds
[2023-10-11T07:40:27.050+0000] {processor.py:157} INFO - Started process (PID=385) to work on /home/airflow/.local/lib/python3.8/site-packages/airflow/example_dags/example_task_group.py
[2023-10-11T07:40:27.051+0000] {processor.py:829} INFO - Processing file /home/airflow/.local/lib/python3.8/site-packages/airflow/example_dags/example_task_group.py for tasks to queue
[2023-10-11T07:40:27.053+0000] {logging_mixin.py:151} INFO - [2023-10-11T07:40:27.053+0000] {dagbag.py:539} INFO - Filling up the DagBag from /home/airflow/.local/lib/python3.8/site-packages/airflow/example_dags/example_task_group.py
[2023-10-11T07:40:27.057+0000] {processor.py:839} INFO - DAG(s) dict_keys(['example_task_group']) retrieved from /home/airflow/.local/lib/python3.8/site-packages/airflow/example_dags/example_task_group.py
[2023-10-11T07:40:27.075+0000] {logging_mixin.py:151} INFO - [2023-10-11T07:40:27.075+0000] {dag.py:2915} INFO - Sync 1 DAGs
[2023-10-11T07:40:27.089+0000] {logging_mixin.py:151} INFO - [2023-10-11T07:40:27.089+0000] {dag.py:3696} INFO - Setting next_dagrun for example_task_group to 2023-10-10T07:40:27.088980+00:00, run_after=2023-10-11T07:40:27.088980+00:00
[2023-10-11T07:40:27.099+0000] {processor.py:179} INFO - Processing /home/airflow/.local/lib/python3.8/site-packages/airflow/example_dags/example_task_group.py took 0.051 seconds
[2023-10-11T07:40:57.257+0000] {processor.py:157} INFO - Started process (PID=444) to work on /home/airflow/.local/lib/python3.8/site-packages/airflow/example_dags/example_task_group.py
[2023-10-11T07:40:57.259+0000] {processor.py:829} INFO - Processing file /home/airflow/.local/lib/python3.8/site-packages/airflow/example_dags/example_task_group.py for tasks to queue
[2023-10-11T07:40:57.263+0000] {logging_mixin.py:151} INFO - [2023-10-11T07:40:57.262+0000] {dagbag.py:539} INFO - Filling up the DagBag from /home/airflow/.local/lib/python3.8/site-packages/airflow/example_dags/example_task_group.py
[2023-10-11T07:40:57.270+0000] {processor.py:839} INFO - DAG(s) dict_keys(['example_task_group']) retrieved from /home/airflow/.local/lib/python3.8/site-packages/airflow/example_dags/example_task_group.py
[2023-10-11T07:40:57.296+0000] {logging_mixin.py:151} INFO - [2023-10-11T07:40:57.296+0000] {dag.py:2915} INFO - Sync 1 DAGs
[2023-10-11T07:40:57.312+0000] {logging_mixin.py:151} INFO - [2023-10-11T07:40:57.312+0000] {dag.py:3696} INFO - Setting next_dagrun for example_task_group to 2023-10-10T07:40:57.311835+00:00, run_after=2023-10-11T07:40:57.311835+00:00
[2023-10-11T07:40:57.321+0000] {processor.py:179} INFO - Processing /home/airflow/.local/lib/python3.8/site-packages/airflow/example_dags/example_task_group.py took 0.069 seconds
[2023-10-11T07:41:27.560+0000] {processor.py:157} INFO - Started process (PID=503) to work on /home/airflow/.local/lib/python3.8/site-packages/airflow/example_dags/example_task_group.py
[2023-10-11T07:41:27.562+0000] {processor.py:829} INFO - Processing file /home/airflow/.local/lib/python3.8/site-packages/airflow/example_dags/example_task_group.py for tasks to queue
[2023-10-11T07:41:27.566+0000] {logging_mixin.py:151} INFO - [2023-10-11T07:41:27.565+0000] {dagbag.py:539} INFO - Filling up the DagBag from /home/airflow/.local/lib/python3.8/site-packages/airflow/example_dags/example_task_group.py
[2023-10-11T07:41:27.575+0000] {processor.py:839} INFO - DAG(s) dict_keys(['example_task_group']) retrieved from /home/airflow/.local/lib/python3.8/site-packages/airflow/example_dags/example_task_group.py
[2023-10-11T07:41:27.610+0000] {logging_mixin.py:151} INFO - [2023-10-11T07:41:27.610+0000] {dag.py:2915} INFO - Sync 1 DAGs
[2023-10-11T07:41:27.626+0000] {logging_mixin.py:151} INFO - [2023-10-11T07:41:27.626+0000] {dag.py:3696} INFO - Setting next_dagrun for example_task_group to 2023-10-10T07:41:27.626434+00:00, run_after=2023-10-11T07:41:27.626434+00:00
[2023-10-11T07:41:27.637+0000] {processor.py:179} INFO - Processing /home/airflow/.local/lib/python3.8/site-packages/airflow/example_dags/example_task_group.py took 0.082 seconds
[2023-10-11T07:41:57.875+0000] {processor.py:157} INFO - Started process (PID=562) to work on /home/airflow/.local/lib/python3.8/site-packages/airflow/example_dags/example_task_group.py
[2023-10-11T07:41:57.876+0000] {processor.py:829} INFO - Processing file /home/airflow/.local/lib/python3.8/site-packages/airflow/example_dags/example_task_group.py for tasks to queue
[2023-10-11T07:41:57.880+0000] {logging_mixin.py:151} INFO - [2023-10-11T07:41:57.879+0000] {dagbag.py:539} INFO - Filling up the DagBag from /home/airflow/.local/lib/python3.8/site-packages/airflow/example_dags/example_task_group.py
[2023-10-11T07:41:57.888+0000] {processor.py:839} INFO - DAG(s) dict_keys(['example_task_group']) retrieved from /home/airflow/.local/lib/python3.8/site-packages/airflow/example_dags/example_task_group.py
[2023-10-11T07:41:57.914+0000] {logging_mixin.py:151} INFO - [2023-10-11T07:41:57.914+0000] {dag.py:2915} INFO - Sync 1 DAGs
[2023-10-11T07:41:57.930+0000] {logging_mixin.py:151} INFO - [2023-10-11T07:41:57.930+0000] {dag.py:3696} INFO - Setting next_dagrun for example_task_group to 2023-10-10T07:41:57.929877+00:00, run_after=2023-10-11T07:41:57.929877+00:00
[2023-10-11T07:41:57.939+0000] {processor.py:179} INFO - Processing /home/airflow/.local/lib/python3.8/site-packages/airflow/example_dags/example_task_group.py took 0.070 seconds
[2023-10-11T07:42:28.471+0000] {processor.py:157} INFO - Started process (PID=621) to work on /home/airflow/.local/lib/python3.8/site-packages/airflow/example_dags/example_task_group.py
[2023-10-11T07:42:28.473+0000] {processor.py:829} INFO - Processing file /home/airflow/.local/lib/python3.8/site-packages/airflow/example_dags/example_task_group.py for tasks to queue
[2023-10-11T07:42:28.476+0000] {logging_mixin.py:151} INFO - [2023-10-11T07:42:28.475+0000] {dagbag.py:539} INFO - Filling up the DagBag from /home/airflow/.local/lib/python3.8/site-packages/airflow/example_dags/example_task_group.py
[2023-10-11T07:42:28.484+0000] {processor.py:839} INFO - DAG(s) dict_keys(['example_task_group']) retrieved from /home/airflow/.local/lib/python3.8/site-packages/airflow/example_dags/example_task_group.py
[2023-10-11T07:42:28.510+0000] {logging_mixin.py:151} INFO - [2023-10-11T07:42:28.510+0000] {dag.py:2915} INFO - Sync 1 DAGs
[2023-10-11T07:42:28.525+0000] {logging_mixin.py:151} INFO - [2023-10-11T07:42:28.525+0000] {dag.py:3696} INFO - Setting next_dagrun for example_task_group to 2023-10-10T07:42:28.525629+00:00, run_after=2023-10-11T07:42:28.525629+00:00
[2023-10-11T07:42:28.535+0000] {processor.py:179} INFO - Processing /home/airflow/.local/lib/python3.8/site-packages/airflow/example_dags/example_task_group.py took 0.069 seconds
[2023-10-11T07:42:58.946+0000] {processor.py:157} INFO - Started process (PID=680) to work on /home/airflow/.local/lib/python3.8/site-packages/airflow/example_dags/example_task_group.py
[2023-10-11T07:42:58.948+0000] {processor.py:829} INFO - Processing file /home/airflow/.local/lib/python3.8/site-packages/airflow/example_dags/example_task_group.py for tasks to queue
[2023-10-11T07:42:58.952+0000] {logging_mixin.py:151} INFO - [2023-10-11T07:42:58.952+0000] {dagbag.py:539} INFO - Filling up the DagBag from /home/airflow/.local/lib/python3.8/site-packages/airflow/example_dags/example_task_group.py
[2023-10-11T07:42:58.960+0000] {processor.py:839} INFO - DAG(s) dict_keys(['example_task_group']) retrieved from /home/airflow/.local/lib/python3.8/site-packages/airflow/example_dags/example_task_group.py
[2023-10-11T07:42:58.985+0000] {logging_mixin.py:151} INFO - [2023-10-11T07:42:58.985+0000] {dag.py:2915} INFO - Sync 1 DAGs
[2023-10-11T07:42:59.000+0000] {logging_mixin.py:151} INFO - [2023-10-11T07:42:59.000+0000] {dag.py:3696} INFO - Setting next_dagrun for example_task_group to 2023-10-10T07:42:59.000645+00:00, run_after=2023-10-11T07:42:59.000645+00:00
[2023-10-11T07:42:59.010+0000] {processor.py:179} INFO - Processing /home/airflow/.local/lib/python3.8/site-packages/airflow/example_dags/example_task_group.py took 0.069 seconds
[2023-10-11T07:43:29.094+0000] {processor.py:157} INFO - Started process (PID=739) to work on /home/airflow/.local/lib/python3.8/site-packages/airflow/example_dags/example_task_group.py
[2023-10-11T07:43:29.095+0000] {processor.py:829} INFO - Processing file /home/airflow/.local/lib/python3.8/site-packages/airflow/example_dags/example_task_group.py for tasks to queue
[2023-10-11T07:43:29.099+0000] {logging_mixin.py:151} INFO - [2023-10-11T07:43:29.098+0000] {dagbag.py:539} INFO - Filling up the DagBag from /home/airflow/.local/lib/python3.8/site-packages/airflow/example_dags/example_task_group.py
[2023-10-11T07:43:29.108+0000] {processor.py:839} INFO - DAG(s) dict_keys(['example_task_group']) retrieved from /home/airflow/.local/lib/python3.8/site-packages/airflow/example_dags/example_task_group.py
[2023-10-11T07:43:29.133+0000] {logging_mixin.py:151} INFO - [2023-10-11T07:43:29.133+0000] {dag.py:2915} INFO - Sync 1 DAGs
[2023-10-11T07:43:29.150+0000] {logging_mixin.py:151} INFO - [2023-10-11T07:43:29.150+0000] {dag.py:3696} INFO - Setting next_dagrun for example_task_group to 2023-10-10T07:43:29.150521+00:00, run_after=2023-10-11T07:43:29.150521+00:00
[2023-10-11T07:43:29.163+0000] {processor.py:179} INFO - Processing /home/airflow/.local/lib/python3.8/site-packages/airflow/example_dags/example_task_group.py took 0.073 seconds
[2023-10-11T07:43:59.250+0000] {processor.py:157} INFO - Started process (PID=798) to work on /home/airflow/.local/lib/python3.8/site-packages/airflow/example_dags/example_task_group.py
[2023-10-11T07:43:59.251+0000] {processor.py:829} INFO - Processing file /home/airflow/.local/lib/python3.8/site-packages/airflow/example_dags/example_task_group.py for tasks to queue
[2023-10-11T07:43:59.255+0000] {logging_mixin.py:151} INFO - [2023-10-11T07:43:59.254+0000] {dagbag.py:539} INFO - Filling up the DagBag from /home/airflow/.local/lib/python3.8/site-packages/airflow/example_dags/example_task_group.py
[2023-10-11T07:43:59.263+0000] {processor.py:839} INFO - DAG(s) dict_keys(['example_task_group']) retrieved from /home/airflow/.local/lib/python3.8/site-packages/airflow/example_dags/example_task_group.py
[2023-10-11T07:43:59.288+0000] {logging_mixin.py:151} INFO - [2023-10-11T07:43:59.288+0000] {dag.py:2915} INFO - Sync 1 DAGs
[2023-10-11T07:43:59.304+0000] {logging_mixin.py:151} INFO - [2023-10-11T07:43:59.303+0000] {dag.py:3696} INFO - Setting next_dagrun for example_task_group to 2023-10-10T07:43:59.303750+00:00, run_after=2023-10-11T07:43:59.303750+00:00
[2023-10-11T07:43:59.313+0000] {processor.py:179} INFO - Processing /home/airflow/.local/lib/python3.8/site-packages/airflow/example_dags/example_task_group.py took 0.069 seconds
[2023-10-11T07:44:29.426+0000] {processor.py:157} INFO - Started process (PID=857) to work on /home/airflow/.local/lib/python3.8/site-packages/airflow/example_dags/example_task_group.py
[2023-10-11T07:44:29.427+0000] {processor.py:829} INFO - Processing file /home/airflow/.local/lib/python3.8/site-packages/airflow/example_dags/example_task_group.py for tasks to queue
[2023-10-11T07:44:29.430+0000] {logging_mixin.py:151} INFO - [2023-10-11T07:44:29.430+0000] {dagbag.py:539} INFO - Filling up the DagBag from /home/airflow/.local/lib/python3.8/site-packages/airflow/example_dags/example_task_group.py
[2023-10-11T07:44:29.439+0000] {processor.py:839} INFO - DAG(s) dict_keys(['example_task_group']) retrieved from /home/airflow/.local/lib/python3.8/site-packages/airflow/example_dags/example_task_group.py
[2023-10-11T07:44:29.466+0000] {logging_mixin.py:151} INFO - [2023-10-11T07:44:29.466+0000] {dag.py:2915} INFO - Sync 1 DAGs
[2023-10-11T07:44:29.481+0000] {logging_mixin.py:151} INFO - [2023-10-11T07:44:29.481+0000] {dag.py:3696} INFO - Setting next_dagrun for example_task_group to 2023-10-10T07:44:29.481658+00:00, run_after=2023-10-11T07:44:29.481658+00:00
[2023-10-11T07:44:29.491+0000] {processor.py:179} INFO - Processing /home/airflow/.local/lib/python3.8/site-packages/airflow/example_dags/example_task_group.py took 0.071 seconds
[2023-10-11T07:44:59.524+0000] {processor.py:157} INFO - Started process (PID=916) to work on /home/airflow/.local/lib/python3.8/site-packages/airflow/example_dags/example_task_group.py
[2023-10-11T07:44:59.525+0000] {processor.py:829} INFO - Processing file /home/airflow/.local/lib/python3.8/site-packages/airflow/example_dags/example_task_group.py for tasks to queue
[2023-10-11T07:44:59.526+0000] {logging_mixin.py:151} INFO - [2023-10-11T07:44:59.526+0000] {dagbag.py:539} INFO - Filling up the DagBag from /home/airflow/.local/lib/python3.8/site-packages/airflow/example_dags/example_task_group.py
[2023-10-11T07:44:59.531+0000] {processor.py:839} INFO - DAG(s) dict_keys(['example_task_group']) retrieved from /home/airflow/.local/lib/python3.8/site-packages/airflow/example_dags/example_task_group.py
[2023-10-11T07:44:59.549+0000] {logging_mixin.py:151} INFO - [2023-10-11T07:44:59.549+0000] {dag.py:2915} INFO - Sync 1 DAGs
[2023-10-11T07:44:59.563+0000] {logging_mixin.py:151} INFO - [2023-10-11T07:44:59.562+0000] {dag.py:3696} INFO - Setting next_dagrun for example_task_group to 2023-10-10T07:44:59.562737+00:00, run_after=2023-10-11T07:44:59.562737+00:00
[2023-10-11T07:44:59.572+0000] {processor.py:179} INFO - Processing /home/airflow/.local/lib/python3.8/site-packages/airflow/example_dags/example_task_group.py took 0.051 seconds
[2023-10-11T07:45:29.923+0000] {processor.py:157} INFO - Started process (PID=975) to work on /home/airflow/.local/lib/python3.8/site-packages/airflow/example_dags/example_task_group.py
[2023-10-11T07:45:29.924+0000] {processor.py:829} INFO - Processing file /home/airflow/.local/lib/python3.8/site-packages/airflow/example_dags/example_task_group.py for tasks to queue
[2023-10-11T07:45:29.928+0000] {logging_mixin.py:151} INFO - [2023-10-11T07:45:29.927+0000] {dagbag.py:539} INFO - Filling up the DagBag from /home/airflow/.local/lib/python3.8/site-packages/airflow/example_dags/example_task_group.py
[2023-10-11T07:45:29.935+0000] {processor.py:839} INFO - DAG(s) dict_keys(['example_task_group']) retrieved from /home/airflow/.local/lib/python3.8/site-packages/airflow/example_dags/example_task_group.py
[2023-10-11T07:45:29.966+0000] {logging_mixin.py:151} INFO - [2023-10-11T07:45:29.966+0000] {dag.py:2915} INFO - Sync 1 DAGs
[2023-10-11T07:45:29.988+0000] {logging_mixin.py:151} INFO - [2023-10-11T07:45:29.988+0000] {dag.py:3696} INFO - Setting next_dagrun for example_task_group to 2023-10-10T07:45:29.988498+00:00, run_after=2023-10-11T07:45:29.988498+00:00
[2023-10-11T07:45:30.021+0000] {processor.py:179} INFO - Processing /home/airflow/.local/lib/python3.8/site-packages/airflow/example_dags/example_task_group.py took 0.101 seconds
[2023-10-11T07:46:00.154+0000] {processor.py:157} INFO - Started process (PID=1034) to work on /home/airflow/.local/lib/python3.8/site-packages/airflow/example_dags/example_task_group.py
[2023-10-11T07:46:00.156+0000] {processor.py:829} INFO - Processing file /home/airflow/.local/lib/python3.8/site-packages/airflow/example_dags/example_task_group.py for tasks to queue
[2023-10-11T07:46:00.160+0000] {logging_mixin.py:151} INFO - [2023-10-11T07:46:00.159+0000] {dagbag.py:539} INFO - Filling up the DagBag from /home/airflow/.local/lib/python3.8/site-packages/airflow/example_dags/example_task_group.py
[2023-10-11T07:46:00.171+0000] {processor.py:839} INFO - DAG(s) dict_keys(['example_task_group']) retrieved from /home/airflow/.local/lib/python3.8/site-packages/airflow/example_dags/example_task_group.py
[2023-10-11T07:46:00.199+0000] {logging_mixin.py:151} INFO - [2023-10-11T07:46:00.198+0000] {dag.py:2915} INFO - Sync 1 DAGs
[2023-10-11T07:46:00.216+0000] {logging_mixin.py:151} INFO - [2023-10-11T07:46:00.216+0000] {dag.py:3696} INFO - Setting next_dagrun for example_task_group to 2023-10-10T07:46:00.216309+00:00, run_after=2023-10-11T07:46:00.216309+00:00
[2023-10-11T07:46:00.227+0000] {processor.py:179} INFO - Processing /home/airflow/.local/lib/python3.8/site-packages/airflow/example_dags/example_task_group.py took 0.080 seconds
[2023-10-11T07:46:30.691+0000] {processor.py:157} INFO - Started process (PID=1092) to work on /home/airflow/.local/lib/python3.8/site-packages/airflow/example_dags/example_task_group.py
[2023-10-11T07:46:30.693+0000] {processor.py:829} INFO - Processing file /home/airflow/.local/lib/python3.8/site-packages/airflow/example_dags/example_task_group.py for tasks to queue
[2023-10-11T07:46:30.696+0000] {logging_mixin.py:151} INFO - [2023-10-11T07:46:30.695+0000] {dagbag.py:539} INFO - Filling up the DagBag from /home/airflow/.local/lib/python3.8/site-packages/airflow/example_dags/example_task_group.py
[2023-10-11T07:46:30.704+0000] {processor.py:839} INFO - DAG(s) dict_keys(['example_task_group']) retrieved from /home/airflow/.local/lib/python3.8/site-packages/airflow/example_dags/example_task_group.py
[2023-10-11T07:46:30.734+0000] {logging_mixin.py:151} INFO - [2023-10-11T07:46:30.734+0000] {dag.py:2915} INFO - Sync 1 DAGs
[2023-10-11T07:46:30.752+0000] {logging_mixin.py:151} INFO - [2023-10-11T07:46:30.752+0000] {dag.py:3696} INFO - Setting next_dagrun for example_task_group to 2023-10-10T07:46:30.752295+00:00, run_after=2023-10-11T07:46:30.752295+00:00
[2023-10-11T07:46:30.764+0000] {processor.py:179} INFO - Processing /home/airflow/.local/lib/python3.8/site-packages/airflow/example_dags/example_task_group.py took 0.079 seconds
[2023-10-11T07:47:00.947+0000] {processor.py:157} INFO - Started process (PID=1151) to work on /home/airflow/.local/lib/python3.8/site-packages/airflow/example_dags/example_task_group.py
[2023-10-11T07:47:00.948+0000] {processor.py:829} INFO - Processing file /home/airflow/.local/lib/python3.8/site-packages/airflow/example_dags/example_task_group.py for tasks to queue
[2023-10-11T07:47:00.951+0000] {logging_mixin.py:151} INFO - [2023-10-11T07:47:00.951+0000] {dagbag.py:539} INFO - Filling up the DagBag from /home/airflow/.local/lib/python3.8/site-packages/airflow/example_dags/example_task_group.py
[2023-10-11T07:47:00.961+0000] {processor.py:839} INFO - DAG(s) dict_keys(['example_task_group']) retrieved from /home/airflow/.local/lib/python3.8/site-packages/airflow/example_dags/example_task_group.py
[2023-10-11T07:47:00.988+0000] {logging_mixin.py:151} INFO - [2023-10-11T07:47:00.988+0000] {dag.py:2915} INFO - Sync 1 DAGs
[2023-10-11T07:47:01.006+0000] {logging_mixin.py:151} INFO - [2023-10-11T07:47:01.005+0000] {dag.py:3696} INFO - Setting next_dagrun for example_task_group to 2023-10-10T07:47:01.005665+00:00, run_after=2023-10-11T07:47:01.005665+00:00
[2023-10-11T07:47:01.017+0000] {processor.py:179} INFO - Processing /home/airflow/.local/lib/python3.8/site-packages/airflow/example_dags/example_task_group.py took 0.076 seconds
[2023-10-11T07:47:31.142+0000] {processor.py:157} INFO - Started process (PID=1210) to work on /home/airflow/.local/lib/python3.8/site-packages/airflow/example_dags/example_task_group.py
[2023-10-11T07:47:31.144+0000] {processor.py:829} INFO - Processing file /home/airflow/.local/lib/python3.8/site-packages/airflow/example_dags/example_task_group.py for tasks to queue
[2023-10-11T07:47:31.147+0000] {logging_mixin.py:151} INFO - [2023-10-11T07:47:31.147+0000] {dagbag.py:539} INFO - Filling up the DagBag from /home/airflow/.local/lib/python3.8/site-packages/airflow/example_dags/example_task_group.py
[2023-10-11T07:47:31.155+0000] {processor.py:839} INFO - DAG(s) dict_keys(['example_task_group']) retrieved from /home/airflow/.local/lib/python3.8/site-packages/airflow/example_dags/example_task_group.py
[2023-10-11T07:47:31.181+0000] {logging_mixin.py:151} INFO - [2023-10-11T07:47:31.181+0000] {dag.py:2915} INFO - Sync 1 DAGs
[2023-10-11T07:47:31.197+0000] {logging_mixin.py:151} INFO - [2023-10-11T07:47:31.197+0000] {dag.py:3696} INFO - Setting next_dagrun for example_task_group to 2023-10-10T07:47:31.196887+00:00, run_after=2023-10-11T07:47:31.196887+00:00
[2023-10-11T07:47:31.206+0000] {processor.py:179} INFO - Processing /home/airflow/.local/lib/python3.8/site-packages/airflow/example_dags/example_task_group.py took 0.070 seconds
[2023-10-11T07:48:01.421+0000] {processor.py:157} INFO - Started process (PID=1269) to work on /home/airflow/.local/lib/python3.8/site-packages/airflow/example_dags/example_task_group.py
[2023-10-11T07:48:01.423+0000] {processor.py:829} INFO - Processing file /home/airflow/.local/lib/python3.8/site-packages/airflow/example_dags/example_task_group.py for tasks to queue
[2023-10-11T07:48:01.426+0000] {logging_mixin.py:151} INFO - [2023-10-11T07:48:01.425+0000] {dagbag.py:539} INFO - Filling up the DagBag from /home/airflow/.local/lib/python3.8/site-packages/airflow/example_dags/example_task_group.py
[2023-10-11T07:48:01.434+0000] {processor.py:839} INFO - DAG(s) dict_keys(['example_task_group']) retrieved from /home/airflow/.local/lib/python3.8/site-packages/airflow/example_dags/example_task_group.py
[2023-10-11T07:48:01.460+0000] {logging_mixin.py:151} INFO - [2023-10-11T07:48:01.460+0000] {dag.py:2915} INFO - Sync 1 DAGs
[2023-10-11T07:48:01.476+0000] {logging_mixin.py:151} INFO - [2023-10-11T07:48:01.475+0000] {dag.py:3696} INFO - Setting next_dagrun for example_task_group to 2023-10-10T07:48:01.475789+00:00, run_after=2023-10-11T07:48:01.475789+00:00
[2023-10-11T07:48:01.485+0000] {processor.py:179} INFO - Processing /home/airflow/.local/lib/python3.8/site-packages/airflow/example_dags/example_task_group.py took 0.069 seconds
[2023-10-11T07:48:31.938+0000] {processor.py:157} INFO - Started process (PID=1328) to work on /home/airflow/.local/lib/python3.8/site-packages/airflow/example_dags/example_task_group.py
[2023-10-11T07:48:31.940+0000] {processor.py:829} INFO - Processing file /home/airflow/.local/lib/python3.8/site-packages/airflow/example_dags/example_task_group.py for tasks to queue
[2023-10-11T07:48:31.944+0000] {logging_mixin.py:151} INFO - [2023-10-11T07:48:31.943+0000] {dagbag.py:539} INFO - Filling up the DagBag from /home/airflow/.local/lib/python3.8/site-packages/airflow/example_dags/example_task_group.py
[2023-10-11T07:48:31.956+0000] {processor.py:839} INFO - DAG(s) dict_keys(['example_task_group']) retrieved from /home/airflow/.local/lib/python3.8/site-packages/airflow/example_dags/example_task_group.py
[2023-10-11T07:48:31.984+0000] {logging_mixin.py:151} INFO - [2023-10-11T07:48:31.984+0000] {dag.py:2915} INFO - Sync 1 DAGs
[2023-10-11T07:48:32.000+0000] {logging_mixin.py:151} INFO - [2023-10-11T07:48:32.000+0000] {dag.py:3696} INFO - Setting next_dagrun for example_task_group to 2023-10-10T07:48:32.000526+00:00, run_after=2023-10-11T07:48:32.000526+00:00
[2023-10-11T07:48:32.011+0000] {processor.py:179} INFO - Processing /home/airflow/.local/lib/python3.8/site-packages/airflow/example_dags/example_task_group.py took 0.079 seconds
[2023-10-11T07:49:02.114+0000] {processor.py:157} INFO - Started process (PID=1387) to work on /home/airflow/.local/lib/python3.8/site-packages/airflow/example_dags/example_task_group.py
[2023-10-11T07:49:02.117+0000] {processor.py:829} INFO - Processing file /home/airflow/.local/lib/python3.8/site-packages/airflow/example_dags/example_task_group.py for tasks to queue
[2023-10-11T07:49:02.120+0000] {logging_mixin.py:151} INFO - [2023-10-11T07:49:02.119+0000] {dagbag.py:539} INFO - Filling up the DagBag from /home/airflow/.local/lib/python3.8/site-packages/airflow/example_dags/example_task_group.py
[2023-10-11T07:49:02.128+0000] {processor.py:839} INFO - DAG(s) dict_keys(['example_task_group']) retrieved from /home/airflow/.local/lib/python3.8/site-packages/airflow/example_dags/example_task_group.py
[2023-10-11T07:49:02.153+0000] {logging_mixin.py:151} INFO - [2023-10-11T07:49:02.153+0000] {dag.py:2915} INFO - Sync 1 DAGs
[2023-10-11T07:49:02.169+0000] {logging_mixin.py:151} INFO - [2023-10-11T07:49:02.169+0000] {dag.py:3696} INFO - Setting next_dagrun for example_task_group to 2023-10-10T07:49:02.169052+00:00, run_after=2023-10-11T07:49:02.169052+00:00
[2023-10-11T07:49:02.179+0000] {processor.py:179} INFO - Processing /home/airflow/.local/lib/python3.8/site-packages/airflow/example_dags/example_task_group.py took 0.069 seconds
[2023-10-11T07:49:32.200+0000] {processor.py:157} INFO - Started process (PID=1451) to work on /home/airflow/.local/lib/python3.8/site-packages/airflow/example_dags/example_task_group.py
[2023-10-11T07:49:32.201+0000] {processor.py:829} INFO - Processing file /home/airflow/.local/lib/python3.8/site-packages/airflow/example_dags/example_task_group.py for tasks to queue
[2023-10-11T07:49:32.203+0000] {logging_mixin.py:151} INFO - [2023-10-11T07:49:32.203+0000] {dagbag.py:539} INFO - Filling up the DagBag from /home/airflow/.local/lib/python3.8/site-packages/airflow/example_dags/example_task_group.py
[2023-10-11T07:49:32.208+0000] {processor.py:839} INFO - DAG(s) dict_keys(['example_task_group']) retrieved from /home/airflow/.local/lib/python3.8/site-packages/airflow/example_dags/example_task_group.py
[2023-10-11T07:49:32.227+0000] {logging_mixin.py:151} INFO - [2023-10-11T07:49:32.227+0000] {dag.py:2915} INFO - Sync 1 DAGs
[2023-10-11T07:49:32.243+0000] {logging_mixin.py:151} INFO - [2023-10-11T07:49:32.243+0000] {dag.py:3696} INFO - Setting next_dagrun for example_task_group to 2023-10-10T07:49:32.243095+00:00, run_after=2023-10-11T07:49:32.243095+00:00
[2023-10-11T07:49:32.252+0000] {processor.py:179} INFO - Processing /home/airflow/.local/lib/python3.8/site-packages/airflow/example_dags/example_task_group.py took 0.055 seconds
[2023-10-11T07:50:02.422+0000] {processor.py:157} INFO - Started process (PID=1510) to work on /home/airflow/.local/lib/python3.8/site-packages/airflow/example_dags/example_task_group.py
[2023-10-11T07:50:02.424+0000] {processor.py:829} INFO - Processing file /home/airflow/.local/lib/python3.8/site-packages/airflow/example_dags/example_task_group.py for tasks to queue
[2023-10-11T07:50:02.426+0000] {logging_mixin.py:151} INFO - [2023-10-11T07:50:02.426+0000] {dagbag.py:539} INFO - Filling up the DagBag from /home/airflow/.local/lib/python3.8/site-packages/airflow/example_dags/example_task_group.py
[2023-10-11T07:50:02.435+0000] {processor.py:839} INFO - DAG(s) dict_keys(['example_task_group']) retrieved from /home/airflow/.local/lib/python3.8/site-packages/airflow/example_dags/example_task_group.py
[2023-10-11T07:50:02.465+0000] {logging_mixin.py:151} INFO - [2023-10-11T07:50:02.465+0000] {dag.py:2915} INFO - Sync 1 DAGs
[2023-10-11T07:50:02.482+0000] {logging_mixin.py:151} INFO - [2023-10-11T07:50:02.482+0000] {dag.py:3696} INFO - Setting next_dagrun for example_task_group to 2023-10-10T07:50:02.482393+00:00, run_after=2023-10-11T07:50:02.482393+00:00
[2023-10-11T07:50:02.494+0000] {processor.py:179} INFO - Processing /home/airflow/.local/lib/python3.8/site-packages/airflow/example_dags/example_task_group.py took 0.077 seconds
