[2023-10-11T07:17:23.019+0000] {processor.py:157} INFO - Started process (PID=59) to work on /home/airflow/.local/lib/python3.8/site-packages/airflow/example_dags/example_branch_operator.py
[2023-10-11T07:17:23.020+0000] {processor.py:829} INFO - Processing file /home/airflow/.local/lib/python3.8/site-packages/airflow/example_dags/example_branch_operator.py for tasks to queue
[2023-10-11T07:17:23.021+0000] {logging_mixin.py:151} INFO - [2023-10-11T07:17:23.021+0000] {dagbag.py:539} INFO - Filling up the DagBag from /home/airflow/.local/lib/python3.8/site-packages/airflow/example_dags/example_branch_operator.py
[2023-10-11T07:17:23.029+0000] {processor.py:839} INFO - DAG(s) dict_keys(['example_branch_operator']) retrieved from /home/airflow/.local/lib/python3.8/site-packages/airflow/example_dags/example_branch_operator.py
[2023-10-11T07:17:23.051+0000] {logging_mixin.py:151} INFO - [2023-10-11T07:17:23.051+0000] {dag.py:2915} INFO - Sync 1 DAGs
[2023-10-11T07:17:23.069+0000] {logging_mixin.py:151} INFO - [2023-10-11T07:17:23.069+0000] {dag.py:3696} INFO - Setting next_dagrun for example_branch_operator to 2023-10-10T00:00:00+00:00, run_after=2023-10-11T00:00:00+00:00
[2023-10-11T07:17:23.081+0000] {processor.py:179} INFO - Processing /home/airflow/.local/lib/python3.8/site-packages/airflow/example_dags/example_branch_operator.py took 0.065 seconds
[2023-10-11T07:17:53.297+0000] {processor.py:157} INFO - Started process (PID=118) to work on /home/airflow/.local/lib/python3.8/site-packages/airflow/example_dags/example_branch_operator.py
[2023-10-11T07:17:53.298+0000] {processor.py:829} INFO - Processing file /home/airflow/.local/lib/python3.8/site-packages/airflow/example_dags/example_branch_operator.py for tasks to queue
[2023-10-11T07:17:53.299+0000] {logging_mixin.py:151} INFO - [2023-10-11T07:17:53.299+0000] {dagbag.py:539} INFO - Filling up the DagBag from /home/airflow/.local/lib/python3.8/site-packages/airflow/example_dags/example_branch_operator.py
[2023-10-11T07:17:53.304+0000] {processor.py:839} INFO - DAG(s) dict_keys(['example_branch_operator']) retrieved from /home/airflow/.local/lib/python3.8/site-packages/airflow/example_dags/example_branch_operator.py
[2023-10-11T07:17:53.322+0000] {logging_mixin.py:151} INFO - [2023-10-11T07:17:53.322+0000] {dag.py:2915} INFO - Sync 1 DAGs
[2023-10-11T07:17:53.336+0000] {logging_mixin.py:151} INFO - [2023-10-11T07:17:53.336+0000] {dag.py:3696} INFO - Setting next_dagrun for example_branch_operator to 2023-10-10T00:00:00+00:00, run_after=2023-10-11T00:00:00+00:00
[2023-10-11T07:17:53.346+0000] {processor.py:179} INFO - Processing /home/airflow/.local/lib/python3.8/site-packages/airflow/example_dags/example_branch_operator.py took 0.051 seconds
[2023-10-11T07:18:24.090+0000] {processor.py:157} INFO - Started process (PID=177) to work on /home/airflow/.local/lib/python3.8/site-packages/airflow/example_dags/example_branch_operator.py
[2023-10-11T07:18:24.090+0000] {processor.py:829} INFO - Processing file /home/airflow/.local/lib/python3.8/site-packages/airflow/example_dags/example_branch_operator.py for tasks to queue
[2023-10-11T07:18:24.092+0000] {logging_mixin.py:151} INFO - [2023-10-11T07:18:24.091+0000] {dagbag.py:539} INFO - Filling up the DagBag from /home/airflow/.local/lib/python3.8/site-packages/airflow/example_dags/example_branch_operator.py
[2023-10-11T07:18:24.097+0000] {processor.py:839} INFO - DAG(s) dict_keys(['example_branch_operator']) retrieved from /home/airflow/.local/lib/python3.8/site-packages/airflow/example_dags/example_branch_operator.py
[2023-10-11T07:18:24.115+0000] {logging_mixin.py:151} INFO - [2023-10-11T07:18:24.115+0000] {dag.py:2915} INFO - Sync 1 DAGs
[2023-10-11T07:18:24.128+0000] {logging_mixin.py:151} INFO - [2023-10-11T07:18:24.128+0000] {dag.py:3696} INFO - Setting next_dagrun for example_branch_operator to 2023-10-10T00:00:00+00:00, run_after=2023-10-11T00:00:00+00:00
[2023-10-11T07:18:24.139+0000] {processor.py:179} INFO - Processing /home/airflow/.local/lib/python3.8/site-packages/airflow/example_dags/example_branch_operator.py took 0.051 seconds
[2023-10-11T07:18:55.296+0000] {processor.py:157} INFO - Started process (PID=236) to work on /home/airflow/.local/lib/python3.8/site-packages/airflow/example_dags/example_branch_operator.py
[2023-10-11T07:18:55.296+0000] {processor.py:829} INFO - Processing file /home/airflow/.local/lib/python3.8/site-packages/airflow/example_dags/example_branch_operator.py for tasks to queue
[2023-10-11T07:18:55.298+0000] {logging_mixin.py:151} INFO - [2023-10-11T07:18:55.298+0000] {dagbag.py:539} INFO - Filling up the DagBag from /home/airflow/.local/lib/python3.8/site-packages/airflow/example_dags/example_branch_operator.py
[2023-10-11T07:18:55.303+0000] {processor.py:839} INFO - DAG(s) dict_keys(['example_branch_operator']) retrieved from /home/airflow/.local/lib/python3.8/site-packages/airflow/example_dags/example_branch_operator.py
[2023-10-11T07:18:55.321+0000] {logging_mixin.py:151} INFO - [2023-10-11T07:18:55.321+0000] {dag.py:2915} INFO - Sync 1 DAGs
[2023-10-11T07:18:55.335+0000] {logging_mixin.py:151} INFO - [2023-10-11T07:18:55.335+0000] {dag.py:3696} INFO - Setting next_dagrun for example_branch_operator to 2023-10-10T00:00:00+00:00, run_after=2023-10-11T00:00:00+00:00
[2023-10-11T07:18:55.346+0000] {processor.py:179} INFO - Processing /home/airflow/.local/lib/python3.8/site-packages/airflow/example_dags/example_branch_operator.py took 0.052 seconds
[2023-10-11T07:19:26.455+0000] {processor.py:157} INFO - Started process (PID=295) to work on /home/airflow/.local/lib/python3.8/site-packages/airflow/example_dags/example_branch_operator.py
[2023-10-11T07:19:26.456+0000] {processor.py:829} INFO - Processing file /home/airflow/.local/lib/python3.8/site-packages/airflow/example_dags/example_branch_operator.py for tasks to queue
[2023-10-11T07:19:26.457+0000] {logging_mixin.py:151} INFO - [2023-10-11T07:19:26.457+0000] {dagbag.py:539} INFO - Filling up the DagBag from /home/airflow/.local/lib/python3.8/site-packages/airflow/example_dags/example_branch_operator.py
[2023-10-11T07:19:26.463+0000] {processor.py:839} INFO - DAG(s) dict_keys(['example_branch_operator']) retrieved from /home/airflow/.local/lib/python3.8/site-packages/airflow/example_dags/example_branch_operator.py
[2023-10-11T07:19:26.480+0000] {logging_mixin.py:151} INFO - [2023-10-11T07:19:26.480+0000] {dag.py:2915} INFO - Sync 1 DAGs
[2023-10-11T07:19:26.494+0000] {logging_mixin.py:151} INFO - [2023-10-11T07:19:26.494+0000] {dag.py:3696} INFO - Setting next_dagrun for example_branch_operator to 2023-10-10T00:00:00+00:00, run_after=2023-10-11T00:00:00+00:00
[2023-10-11T07:19:26.505+0000] {processor.py:179} INFO - Processing /home/airflow/.local/lib/python3.8/site-packages/airflow/example_dags/example_branch_operator.py took 0.052 seconds
[2023-10-11T07:19:57.778+0000] {processor.py:157} INFO - Started process (PID=354) to work on /home/airflow/.local/lib/python3.8/site-packages/airflow/example_dags/example_branch_operator.py
[2023-10-11T07:19:57.779+0000] {processor.py:829} INFO - Processing file /home/airflow/.local/lib/python3.8/site-packages/airflow/example_dags/example_branch_operator.py for tasks to queue
[2023-10-11T07:19:57.780+0000] {logging_mixin.py:151} INFO - [2023-10-11T07:19:57.780+0000] {dagbag.py:539} INFO - Filling up the DagBag from /home/airflow/.local/lib/python3.8/site-packages/airflow/example_dags/example_branch_operator.py
[2023-10-11T07:19:57.785+0000] {processor.py:839} INFO - DAG(s) dict_keys(['example_branch_operator']) retrieved from /home/airflow/.local/lib/python3.8/site-packages/airflow/example_dags/example_branch_operator.py
[2023-10-11T07:19:57.802+0000] {logging_mixin.py:151} INFO - [2023-10-11T07:19:57.802+0000] {dag.py:2915} INFO - Sync 1 DAGs
[2023-10-11T07:19:57.814+0000] {logging_mixin.py:151} INFO - [2023-10-11T07:19:57.814+0000] {dag.py:3696} INFO - Setting next_dagrun for example_branch_operator to 2023-10-10T00:00:00+00:00, run_after=2023-10-11T00:00:00+00:00
[2023-10-11T07:19:57.823+0000] {processor.py:179} INFO - Processing /home/airflow/.local/lib/python3.8/site-packages/airflow/example_dags/example_branch_operator.py took 0.047 seconds
[2023-10-11T07:20:28.090+0000] {processor.py:157} INFO - Started process (PID=413) to work on /home/airflow/.local/lib/python3.8/site-packages/airflow/example_dags/example_branch_operator.py
[2023-10-11T07:20:28.091+0000] {processor.py:829} INFO - Processing file /home/airflow/.local/lib/python3.8/site-packages/airflow/example_dags/example_branch_operator.py for tasks to queue
[2023-10-11T07:20:28.092+0000] {logging_mixin.py:151} INFO - [2023-10-11T07:20:28.092+0000] {dagbag.py:539} INFO - Filling up the DagBag from /home/airflow/.local/lib/python3.8/site-packages/airflow/example_dags/example_branch_operator.py
[2023-10-11T07:20:28.098+0000] {processor.py:839} INFO - DAG(s) dict_keys(['example_branch_operator']) retrieved from /home/airflow/.local/lib/python3.8/site-packages/airflow/example_dags/example_branch_operator.py
[2023-10-11T07:20:28.115+0000] {logging_mixin.py:151} INFO - [2023-10-11T07:20:28.115+0000] {dag.py:2915} INFO - Sync 1 DAGs
[2023-10-11T07:20:28.129+0000] {logging_mixin.py:151} INFO - [2023-10-11T07:20:28.129+0000] {dag.py:3696} INFO - Setting next_dagrun for example_branch_operator to 2023-10-10T00:00:00+00:00, run_after=2023-10-11T00:00:00+00:00
[2023-10-11T07:20:28.139+0000] {processor.py:179} INFO - Processing /home/airflow/.local/lib/python3.8/site-packages/airflow/example_dags/example_branch_operator.py took 0.051 seconds
[2023-10-11T07:20:58.409+0000] {processor.py:157} INFO - Started process (PID=473) to work on /home/airflow/.local/lib/python3.8/site-packages/airflow/example_dags/example_branch_operator.py
[2023-10-11T07:20:58.409+0000] {processor.py:829} INFO - Processing file /home/airflow/.local/lib/python3.8/site-packages/airflow/example_dags/example_branch_operator.py for tasks to queue
[2023-10-11T07:20:58.411+0000] {logging_mixin.py:151} INFO - [2023-10-11T07:20:58.410+0000] {dagbag.py:539} INFO - Filling up the DagBag from /home/airflow/.local/lib/python3.8/site-packages/airflow/example_dags/example_branch_operator.py
[2023-10-11T07:20:58.416+0000] {processor.py:839} INFO - DAG(s) dict_keys(['example_branch_operator']) retrieved from /home/airflow/.local/lib/python3.8/site-packages/airflow/example_dags/example_branch_operator.py
[2023-10-11T07:20:58.433+0000] {logging_mixin.py:151} INFO - [2023-10-11T07:20:58.433+0000] {dag.py:2915} INFO - Sync 1 DAGs
[2023-10-11T07:20:58.449+0000] {logging_mixin.py:151} INFO - [2023-10-11T07:20:58.448+0000] {dag.py:3696} INFO - Setting next_dagrun for example_branch_operator to 2023-10-10T00:00:00+00:00, run_after=2023-10-11T00:00:00+00:00
[2023-10-11T07:20:58.458+0000] {processor.py:179} INFO - Processing /home/airflow/.local/lib/python3.8/site-packages/airflow/example_dags/example_branch_operator.py took 0.052 seconds
[2023-10-11T07:21:28.479+0000] {processor.py:157} INFO - Started process (PID=527) to work on /home/airflow/.local/lib/python3.8/site-packages/airflow/example_dags/example_branch_operator.py
[2023-10-11T07:21:28.479+0000] {processor.py:829} INFO - Processing file /home/airflow/.local/lib/python3.8/site-packages/airflow/example_dags/example_branch_operator.py for tasks to queue
[2023-10-11T07:21:28.481+0000] {logging_mixin.py:151} INFO - [2023-10-11T07:21:28.480+0000] {dagbag.py:539} INFO - Filling up the DagBag from /home/airflow/.local/lib/python3.8/site-packages/airflow/example_dags/example_branch_operator.py
[2023-10-11T07:21:28.486+0000] {processor.py:839} INFO - DAG(s) dict_keys(['example_branch_operator']) retrieved from /home/airflow/.local/lib/python3.8/site-packages/airflow/example_dags/example_branch_operator.py
[2023-10-11T07:21:28.503+0000] {logging_mixin.py:151} INFO - [2023-10-11T07:21:28.502+0000] {dag.py:2915} INFO - Sync 1 DAGs
[2023-10-11T07:21:28.515+0000] {logging_mixin.py:151} INFO - [2023-10-11T07:21:28.515+0000] {dag.py:3696} INFO - Setting next_dagrun for example_branch_operator to 2023-10-10T00:00:00+00:00, run_after=2023-10-11T00:00:00+00:00
[2023-10-11T07:21:28.524+0000] {processor.py:179} INFO - Processing /home/airflow/.local/lib/python3.8/site-packages/airflow/example_dags/example_branch_operator.py took 0.047 seconds
[2023-10-11T07:21:58.997+0000] {processor.py:157} INFO - Started process (PID=586) to work on /home/airflow/.local/lib/python3.8/site-packages/airflow/example_dags/example_branch_operator.py
[2023-10-11T07:21:58.997+0000] {processor.py:829} INFO - Processing file /home/airflow/.local/lib/python3.8/site-packages/airflow/example_dags/example_branch_operator.py for tasks to queue
[2023-10-11T07:21:58.999+0000] {logging_mixin.py:151} INFO - [2023-10-11T07:21:58.999+0000] {dagbag.py:539} INFO - Filling up the DagBag from /home/airflow/.local/lib/python3.8/site-packages/airflow/example_dags/example_branch_operator.py
[2023-10-11T07:21:59.005+0000] {processor.py:839} INFO - DAG(s) dict_keys(['example_branch_operator']) retrieved from /home/airflow/.local/lib/python3.8/site-packages/airflow/example_dags/example_branch_operator.py
[2023-10-11T07:21:59.023+0000] {logging_mixin.py:151} INFO - [2023-10-11T07:21:59.023+0000] {dag.py:2915} INFO - Sync 1 DAGs
[2023-10-11T07:21:59.038+0000] {logging_mixin.py:151} INFO - [2023-10-11T07:21:59.038+0000] {dag.py:3696} INFO - Setting next_dagrun for example_branch_operator to 2023-10-10T00:00:00+00:00, run_after=2023-10-11T00:00:00+00:00
[2023-10-11T07:21:59.048+0000] {processor.py:179} INFO - Processing /home/airflow/.local/lib/python3.8/site-packages/airflow/example_dags/example_branch_operator.py took 0.053 seconds
[2023-10-11T07:22:29.594+0000] {processor.py:157} INFO - Started process (PID=645) to work on /home/airflow/.local/lib/python3.8/site-packages/airflow/example_dags/example_branch_operator.py
[2023-10-11T07:22:29.595+0000] {processor.py:829} INFO - Processing file /home/airflow/.local/lib/python3.8/site-packages/airflow/example_dags/example_branch_operator.py for tasks to queue
[2023-10-11T07:22:29.596+0000] {logging_mixin.py:151} INFO - [2023-10-11T07:22:29.596+0000] {dagbag.py:539} INFO - Filling up the DagBag from /home/airflow/.local/lib/python3.8/site-packages/airflow/example_dags/example_branch_operator.py
[2023-10-11T07:22:29.602+0000] {processor.py:839} INFO - DAG(s) dict_keys(['example_branch_operator']) retrieved from /home/airflow/.local/lib/python3.8/site-packages/airflow/example_dags/example_branch_operator.py
[2023-10-11T07:22:29.619+0000] {logging_mixin.py:151} INFO - [2023-10-11T07:22:29.619+0000] {dag.py:2915} INFO - Sync 1 DAGs
[2023-10-11T07:22:29.634+0000] {logging_mixin.py:151} INFO - [2023-10-11T07:22:29.634+0000] {dag.py:3696} INFO - Setting next_dagrun for example_branch_operator to 2023-10-10T00:00:00+00:00, run_after=2023-10-11T00:00:00+00:00
[2023-10-11T07:22:29.645+0000] {processor.py:179} INFO - Processing /home/airflow/.local/lib/python3.8/site-packages/airflow/example_dags/example_branch_operator.py took 0.053 seconds
[2023-10-11T07:23:00.039+0000] {processor.py:157} INFO - Started process (PID=703) to work on /home/airflow/.local/lib/python3.8/site-packages/airflow/example_dags/example_branch_operator.py
[2023-10-11T07:23:00.040+0000] {processor.py:829} INFO - Processing file /home/airflow/.local/lib/python3.8/site-packages/airflow/example_dags/example_branch_operator.py for tasks to queue
[2023-10-11T07:23:00.041+0000] {logging_mixin.py:151} INFO - [2023-10-11T07:23:00.041+0000] {dagbag.py:539} INFO - Filling up the DagBag from /home/airflow/.local/lib/python3.8/site-packages/airflow/example_dags/example_branch_operator.py
[2023-10-11T07:23:00.047+0000] {processor.py:839} INFO - DAG(s) dict_keys(['example_branch_operator']) retrieved from /home/airflow/.local/lib/python3.8/site-packages/airflow/example_dags/example_branch_operator.py
[2023-10-11T07:23:00.067+0000] {logging_mixin.py:151} INFO - [2023-10-11T07:23:00.067+0000] {dag.py:2915} INFO - Sync 1 DAGs
[2023-10-11T07:23:00.083+0000] {logging_mixin.py:151} INFO - [2023-10-11T07:23:00.083+0000] {dag.py:3696} INFO - Setting next_dagrun for example_branch_operator to 2023-10-10T00:00:00+00:00, run_after=2023-10-11T00:00:00+00:00
[2023-10-11T07:23:00.093+0000] {processor.py:179} INFO - Processing /home/airflow/.local/lib/python3.8/site-packages/airflow/example_dags/example_branch_operator.py took 0.057 seconds
[2023-10-11T07:23:30.377+0000] {processor.py:157} INFO - Started process (PID=762) to work on /home/airflow/.local/lib/python3.8/site-packages/airflow/example_dags/example_branch_operator.py
[2023-10-11T07:23:30.378+0000] {processor.py:829} INFO - Processing file /home/airflow/.local/lib/python3.8/site-packages/airflow/example_dags/example_branch_operator.py for tasks to queue
[2023-10-11T07:23:30.380+0000] {logging_mixin.py:151} INFO - [2023-10-11T07:23:30.379+0000] {dagbag.py:539} INFO - Filling up the DagBag from /home/airflow/.local/lib/python3.8/site-packages/airflow/example_dags/example_branch_operator.py
[2023-10-11T07:23:30.385+0000] {processor.py:839} INFO - DAG(s) dict_keys(['example_branch_operator']) retrieved from /home/airflow/.local/lib/python3.8/site-packages/airflow/example_dags/example_branch_operator.py
[2023-10-11T07:23:30.402+0000] {logging_mixin.py:151} INFO - [2023-10-11T07:23:30.402+0000] {dag.py:2915} INFO - Sync 1 DAGs
[2023-10-11T07:23:30.416+0000] {logging_mixin.py:151} INFO - [2023-10-11T07:23:30.416+0000] {dag.py:3696} INFO - Setting next_dagrun for example_branch_operator to 2023-10-10T00:00:00+00:00, run_after=2023-10-11T00:00:00+00:00
[2023-10-11T07:23:30.427+0000] {processor.py:179} INFO - Processing /home/airflow/.local/lib/python3.8/site-packages/airflow/example_dags/example_branch_operator.py took 0.052 seconds
[2023-10-11T07:24:00.935+0000] {processor.py:157} INFO - Started process (PID=821) to work on /home/airflow/.local/lib/python3.8/site-packages/airflow/example_dags/example_branch_operator.py
[2023-10-11T07:24:00.935+0000] {processor.py:829} INFO - Processing file /home/airflow/.local/lib/python3.8/site-packages/airflow/example_dags/example_branch_operator.py for tasks to queue
[2023-10-11T07:24:00.937+0000] {logging_mixin.py:151} INFO - [2023-10-11T07:24:00.937+0000] {dagbag.py:539} INFO - Filling up the DagBag from /home/airflow/.local/lib/python3.8/site-packages/airflow/example_dags/example_branch_operator.py
[2023-10-11T07:24:00.942+0000] {processor.py:839} INFO - DAG(s) dict_keys(['example_branch_operator']) retrieved from /home/airflow/.local/lib/python3.8/site-packages/airflow/example_dags/example_branch_operator.py
[2023-10-11T07:24:00.960+0000] {logging_mixin.py:151} INFO - [2023-10-11T07:24:00.960+0000] {dag.py:2915} INFO - Sync 1 DAGs
[2023-10-11T07:24:00.974+0000] {logging_mixin.py:151} INFO - [2023-10-11T07:24:00.974+0000] {dag.py:3696} INFO - Setting next_dagrun for example_branch_operator to 2023-10-10T00:00:00+00:00, run_after=2023-10-11T00:00:00+00:00
[2023-10-11T07:24:00.984+0000] {processor.py:179} INFO - Processing /home/airflow/.local/lib/python3.8/site-packages/airflow/example_dags/example_branch_operator.py took 0.052 seconds
[2023-10-11T07:24:31.085+0000] {processor.py:157} INFO - Started process (PID=880) to work on /home/airflow/.local/lib/python3.8/site-packages/airflow/example_dags/example_branch_operator.py
[2023-10-11T07:24:31.086+0000] {processor.py:829} INFO - Processing file /home/airflow/.local/lib/python3.8/site-packages/airflow/example_dags/example_branch_operator.py for tasks to queue
[2023-10-11T07:24:31.087+0000] {logging_mixin.py:151} INFO - [2023-10-11T07:24:31.087+0000] {dagbag.py:539} INFO - Filling up the DagBag from /home/airflow/.local/lib/python3.8/site-packages/airflow/example_dags/example_branch_operator.py
[2023-10-11T07:24:31.093+0000] {processor.py:839} INFO - DAG(s) dict_keys(['example_branch_operator']) retrieved from /home/airflow/.local/lib/python3.8/site-packages/airflow/example_dags/example_branch_operator.py
[2023-10-11T07:24:31.110+0000] {logging_mixin.py:151} INFO - [2023-10-11T07:24:31.110+0000] {dag.py:2915} INFO - Sync 1 DAGs
[2023-10-11T07:24:31.125+0000] {logging_mixin.py:151} INFO - [2023-10-11T07:24:31.125+0000] {dag.py:3696} INFO - Setting next_dagrun for example_branch_operator to 2023-10-10T00:00:00+00:00, run_after=2023-10-11T00:00:00+00:00
[2023-10-11T07:24:31.135+0000] {processor.py:179} INFO - Processing /home/airflow/.local/lib/python3.8/site-packages/airflow/example_dags/example_branch_operator.py took 0.052 seconds
[2023-10-11T07:25:02.364+0000] {processor.py:157} INFO - Started process (PID=939) to work on /home/airflow/.local/lib/python3.8/site-packages/airflow/example_dags/example_branch_operator.py
[2023-10-11T07:25:02.364+0000] {processor.py:829} INFO - Processing file /home/airflow/.local/lib/python3.8/site-packages/airflow/example_dags/example_branch_operator.py for tasks to queue
[2023-10-11T07:25:02.366+0000] {logging_mixin.py:151} INFO - [2023-10-11T07:25:02.366+0000] {dagbag.py:539} INFO - Filling up the DagBag from /home/airflow/.local/lib/python3.8/site-packages/airflow/example_dags/example_branch_operator.py
[2023-10-11T07:25:02.371+0000] {processor.py:839} INFO - DAG(s) dict_keys(['example_branch_operator']) retrieved from /home/airflow/.local/lib/python3.8/site-packages/airflow/example_dags/example_branch_operator.py
[2023-10-11T07:25:02.389+0000] {logging_mixin.py:151} INFO - [2023-10-11T07:25:02.389+0000] {dag.py:2915} INFO - Sync 1 DAGs
[2023-10-11T07:25:02.403+0000] {logging_mixin.py:151} INFO - [2023-10-11T07:25:02.402+0000] {dag.py:3696} INFO - Setting next_dagrun for example_branch_operator to 2023-10-10T00:00:00+00:00, run_after=2023-10-11T00:00:00+00:00
[2023-10-11T07:25:02.413+0000] {processor.py:179} INFO - Processing /home/airflow/.local/lib/python3.8/site-packages/airflow/example_dags/example_branch_operator.py took 0.052 seconds
[2023-10-11T07:25:33.498+0000] {processor.py:157} INFO - Started process (PID=998) to work on /home/airflow/.local/lib/python3.8/site-packages/airflow/example_dags/example_branch_operator.py
[2023-10-11T07:25:33.498+0000] {processor.py:829} INFO - Processing file /home/airflow/.local/lib/python3.8/site-packages/airflow/example_dags/example_branch_operator.py for tasks to queue
[2023-10-11T07:25:33.500+0000] {logging_mixin.py:151} INFO - [2023-10-11T07:25:33.500+0000] {dagbag.py:539} INFO - Filling up the DagBag from /home/airflow/.local/lib/python3.8/site-packages/airflow/example_dags/example_branch_operator.py
[2023-10-11T07:25:33.505+0000] {processor.py:839} INFO - DAG(s) dict_keys(['example_branch_operator']) retrieved from /home/airflow/.local/lib/python3.8/site-packages/airflow/example_dags/example_branch_operator.py
[2023-10-11T07:25:33.523+0000] {logging_mixin.py:151} INFO - [2023-10-11T07:25:33.523+0000] {dag.py:2915} INFO - Sync 1 DAGs
[2023-10-11T07:25:33.538+0000] {logging_mixin.py:151} INFO - [2023-10-11T07:25:33.538+0000] {dag.py:3696} INFO - Setting next_dagrun for example_branch_operator to 2023-10-10T00:00:00+00:00, run_after=2023-10-11T00:00:00+00:00
[2023-10-11T07:25:33.548+0000] {processor.py:179} INFO - Processing /home/airflow/.local/lib/python3.8/site-packages/airflow/example_dags/example_branch_operator.py took 0.052 seconds
[2023-10-11T07:26:04.617+0000] {processor.py:157} INFO - Started process (PID=1057) to work on /home/airflow/.local/lib/python3.8/site-packages/airflow/example_dags/example_branch_operator.py
[2023-10-11T07:26:04.617+0000] {processor.py:829} INFO - Processing file /home/airflow/.local/lib/python3.8/site-packages/airflow/example_dags/example_branch_operator.py for tasks to queue
[2023-10-11T07:26:04.619+0000] {logging_mixin.py:151} INFO - [2023-10-11T07:26:04.618+0000] {dagbag.py:539} INFO - Filling up the DagBag from /home/airflow/.local/lib/python3.8/site-packages/airflow/example_dags/example_branch_operator.py
[2023-10-11T07:26:04.624+0000] {processor.py:839} INFO - DAG(s) dict_keys(['example_branch_operator']) retrieved from /home/airflow/.local/lib/python3.8/site-packages/airflow/example_dags/example_branch_operator.py
[2023-10-11T07:26:04.641+0000] {logging_mixin.py:151} INFO - [2023-10-11T07:26:04.641+0000] {dag.py:2915} INFO - Sync 1 DAGs
[2023-10-11T07:26:04.656+0000] {logging_mixin.py:151} INFO - [2023-10-11T07:26:04.656+0000] {dag.py:3696} INFO - Setting next_dagrun for example_branch_operator to 2023-10-10T00:00:00+00:00, run_after=2023-10-11T00:00:00+00:00
[2023-10-11T07:26:04.668+0000] {processor.py:179} INFO - Processing /home/airflow/.local/lib/python3.8/site-packages/airflow/example_dags/example_branch_operator.py took 0.053 seconds
[2023-10-11T07:26:35.724+0000] {processor.py:157} INFO - Started process (PID=1116) to work on /home/airflow/.local/lib/python3.8/site-packages/airflow/example_dags/example_branch_operator.py
[2023-10-11T07:26:35.725+0000] {processor.py:829} INFO - Processing file /home/airflow/.local/lib/python3.8/site-packages/airflow/example_dags/example_branch_operator.py for tasks to queue
[2023-10-11T07:26:35.726+0000] {logging_mixin.py:151} INFO - [2023-10-11T07:26:35.726+0000] {dagbag.py:539} INFO - Filling up the DagBag from /home/airflow/.local/lib/python3.8/site-packages/airflow/example_dags/example_branch_operator.py
[2023-10-11T07:26:35.732+0000] {processor.py:839} INFO - DAG(s) dict_keys(['example_branch_operator']) retrieved from /home/airflow/.local/lib/python3.8/site-packages/airflow/example_dags/example_branch_operator.py
[2023-10-11T07:26:35.749+0000] {logging_mixin.py:151} INFO - [2023-10-11T07:26:35.749+0000] {dag.py:2915} INFO - Sync 1 DAGs
[2023-10-11T07:26:35.762+0000] {logging_mixin.py:151} INFO - [2023-10-11T07:26:35.762+0000] {dag.py:3696} INFO - Setting next_dagrun for example_branch_operator to 2023-10-10T00:00:00+00:00, run_after=2023-10-11T00:00:00+00:00
[2023-10-11T07:26:35.772+0000] {processor.py:179} INFO - Processing /home/airflow/.local/lib/python3.8/site-packages/airflow/example_dags/example_branch_operator.py took 0.050 seconds
[2023-10-11T07:27:06.172+0000] {processor.py:157} INFO - Started process (PID=1175) to work on /home/airflow/.local/lib/python3.8/site-packages/airflow/example_dags/example_branch_operator.py
[2023-10-11T07:27:06.172+0000] {processor.py:829} INFO - Processing file /home/airflow/.local/lib/python3.8/site-packages/airflow/example_dags/example_branch_operator.py for tasks to queue
[2023-10-11T07:27:06.174+0000] {logging_mixin.py:151} INFO - [2023-10-11T07:27:06.173+0000] {dagbag.py:539} INFO - Filling up the DagBag from /home/airflow/.local/lib/python3.8/site-packages/airflow/example_dags/example_branch_operator.py
[2023-10-11T07:27:06.179+0000] {processor.py:839} INFO - DAG(s) dict_keys(['example_branch_operator']) retrieved from /home/airflow/.local/lib/python3.8/site-packages/airflow/example_dags/example_branch_operator.py
[2023-10-11T07:27:06.195+0000] {logging_mixin.py:151} INFO - [2023-10-11T07:27:06.195+0000] {dag.py:2915} INFO - Sync 1 DAGs
[2023-10-11T07:27:06.208+0000] {logging_mixin.py:151} INFO - [2023-10-11T07:27:06.208+0000] {dag.py:3696} INFO - Setting next_dagrun for example_branch_operator to 2023-10-10T00:00:00+00:00, run_after=2023-10-11T00:00:00+00:00
[2023-10-11T07:27:06.217+0000] {processor.py:179} INFO - Processing /home/airflow/.local/lib/python3.8/site-packages/airflow/example_dags/example_branch_operator.py took 0.047 seconds
[2023-10-11T07:27:36.893+0000] {processor.py:157} INFO - Started process (PID=1234) to work on /home/airflow/.local/lib/python3.8/site-packages/airflow/example_dags/example_branch_operator.py
[2023-10-11T07:27:36.894+0000] {processor.py:829} INFO - Processing file /home/airflow/.local/lib/python3.8/site-packages/airflow/example_dags/example_branch_operator.py for tasks to queue
[2023-10-11T07:27:36.895+0000] {logging_mixin.py:151} INFO - [2023-10-11T07:27:36.895+0000] {dagbag.py:539} INFO - Filling up the DagBag from /home/airflow/.local/lib/python3.8/site-packages/airflow/example_dags/example_branch_operator.py
[2023-10-11T07:27:36.901+0000] {processor.py:839} INFO - DAG(s) dict_keys(['example_branch_operator']) retrieved from /home/airflow/.local/lib/python3.8/site-packages/airflow/example_dags/example_branch_operator.py
[2023-10-11T07:27:36.918+0000] {logging_mixin.py:151} INFO - [2023-10-11T07:27:36.918+0000] {dag.py:2915} INFO - Sync 1 DAGs
[2023-10-11T07:27:36.934+0000] {logging_mixin.py:151} INFO - [2023-10-11T07:27:36.934+0000] {dag.py:3696} INFO - Setting next_dagrun for example_branch_operator to 2023-10-10T00:00:00+00:00, run_after=2023-10-11T00:00:00+00:00
[2023-10-11T07:27:36.945+0000] {processor.py:179} INFO - Processing /home/airflow/.local/lib/python3.8/site-packages/airflow/example_dags/example_branch_operator.py took 0.054 seconds
[2023-10-11T07:28:08.028+0000] {processor.py:157} INFO - Started process (PID=1293) to work on /home/airflow/.local/lib/python3.8/site-packages/airflow/example_dags/example_branch_operator.py
[2023-10-11T07:28:08.029+0000] {processor.py:829} INFO - Processing file /home/airflow/.local/lib/python3.8/site-packages/airflow/example_dags/example_branch_operator.py for tasks to queue
[2023-10-11T07:28:08.030+0000] {logging_mixin.py:151} INFO - [2023-10-11T07:28:08.030+0000] {dagbag.py:539} INFO - Filling up the DagBag from /home/airflow/.local/lib/python3.8/site-packages/airflow/example_dags/example_branch_operator.py
[2023-10-11T07:28:08.036+0000] {processor.py:839} INFO - DAG(s) dict_keys(['example_branch_operator']) retrieved from /home/airflow/.local/lib/python3.8/site-packages/airflow/example_dags/example_branch_operator.py
[2023-10-11T07:28:08.053+0000] {logging_mixin.py:151} INFO - [2023-10-11T07:28:08.052+0000] {dag.py:2915} INFO - Sync 1 DAGs
[2023-10-11T07:28:08.067+0000] {logging_mixin.py:151} INFO - [2023-10-11T07:28:08.067+0000] {dag.py:3696} INFO - Setting next_dagrun for example_branch_operator to 2023-10-10T00:00:00+00:00, run_after=2023-10-11T00:00:00+00:00
[2023-10-11T07:28:08.077+0000] {processor.py:179} INFO - Processing /home/airflow/.local/lib/python3.8/site-packages/airflow/example_dags/example_branch_operator.py took 0.051 seconds
[2023-10-11T07:28:38.505+0000] {processor.py:157} INFO - Started process (PID=1352) to work on /home/airflow/.local/lib/python3.8/site-packages/airflow/example_dags/example_branch_operator.py
[2023-10-11T07:28:38.505+0000] {processor.py:829} INFO - Processing file /home/airflow/.local/lib/python3.8/site-packages/airflow/example_dags/example_branch_operator.py for tasks to queue
[2023-10-11T07:28:38.507+0000] {logging_mixin.py:151} INFO - [2023-10-11T07:28:38.507+0000] {dagbag.py:539} INFO - Filling up the DagBag from /home/airflow/.local/lib/python3.8/site-packages/airflow/example_dags/example_branch_operator.py
[2023-10-11T07:28:38.512+0000] {processor.py:839} INFO - DAG(s) dict_keys(['example_branch_operator']) retrieved from /home/airflow/.local/lib/python3.8/site-packages/airflow/example_dags/example_branch_operator.py
[2023-10-11T07:28:38.529+0000] {logging_mixin.py:151} INFO - [2023-10-11T07:28:38.529+0000] {dag.py:2915} INFO - Sync 1 DAGs
[2023-10-11T07:28:38.543+0000] {logging_mixin.py:151} INFO - [2023-10-11T07:28:38.543+0000] {dag.py:3696} INFO - Setting next_dagrun for example_branch_operator to 2023-10-10T00:00:00+00:00, run_after=2023-10-11T00:00:00+00:00
[2023-10-11T07:28:38.553+0000] {processor.py:179} INFO - Processing /home/airflow/.local/lib/python3.8/site-packages/airflow/example_dags/example_branch_operator.py took 0.050 seconds
[2023-10-11T07:29:09.683+0000] {processor.py:157} INFO - Started process (PID=1411) to work on /home/airflow/.local/lib/python3.8/site-packages/airflow/example_dags/example_branch_operator.py
[2023-10-11T07:29:09.684+0000] {processor.py:829} INFO - Processing file /home/airflow/.local/lib/python3.8/site-packages/airflow/example_dags/example_branch_operator.py for tasks to queue
[2023-10-11T07:29:09.685+0000] {logging_mixin.py:151} INFO - [2023-10-11T07:29:09.685+0000] {dagbag.py:539} INFO - Filling up the DagBag from /home/airflow/.local/lib/python3.8/site-packages/airflow/example_dags/example_branch_operator.py
[2023-10-11T07:29:09.690+0000] {processor.py:839} INFO - DAG(s) dict_keys(['example_branch_operator']) retrieved from /home/airflow/.local/lib/python3.8/site-packages/airflow/example_dags/example_branch_operator.py
[2023-10-11T07:29:09.707+0000] {logging_mixin.py:151} INFO - [2023-10-11T07:29:09.707+0000] {dag.py:2915} INFO - Sync 1 DAGs
[2023-10-11T07:29:09.720+0000] {logging_mixin.py:151} INFO - [2023-10-11T07:29:09.720+0000] {dag.py:3696} INFO - Setting next_dagrun for example_branch_operator to 2023-10-10T00:00:00+00:00, run_after=2023-10-11T00:00:00+00:00
[2023-10-11T07:29:09.730+0000] {processor.py:179} INFO - Processing /home/airflow/.local/lib/python3.8/site-packages/airflow/example_dags/example_branch_operator.py took 0.048 seconds
[2023-10-11T07:29:40.611+0000] {processor.py:157} INFO - Started process (PID=1470) to work on /home/airflow/.local/lib/python3.8/site-packages/airflow/example_dags/example_branch_operator.py
[2023-10-11T07:29:40.612+0000] {processor.py:829} INFO - Processing file /home/airflow/.local/lib/python3.8/site-packages/airflow/example_dags/example_branch_operator.py for tasks to queue
[2023-10-11T07:29:40.613+0000] {logging_mixin.py:151} INFO - [2023-10-11T07:29:40.613+0000] {dagbag.py:539} INFO - Filling up the DagBag from /home/airflow/.local/lib/python3.8/site-packages/airflow/example_dags/example_branch_operator.py
[2023-10-11T07:29:40.620+0000] {processor.py:839} INFO - DAG(s) dict_keys(['example_branch_operator']) retrieved from /home/airflow/.local/lib/python3.8/site-packages/airflow/example_dags/example_branch_operator.py
[2023-10-11T07:29:40.645+0000] {logging_mixin.py:151} INFO - [2023-10-11T07:29:40.645+0000] {dag.py:2915} INFO - Sync 1 DAGs
[2023-10-11T07:29:40.665+0000] {logging_mixin.py:151} INFO - [2023-10-11T07:29:40.665+0000] {dag.py:3696} INFO - Setting next_dagrun for example_branch_operator to 2023-10-10T00:00:00+00:00, run_after=2023-10-11T00:00:00+00:00
[2023-10-11T07:29:40.684+0000] {processor.py:179} INFO - Processing /home/airflow/.local/lib/python3.8/site-packages/airflow/example_dags/example_branch_operator.py took 0.076 seconds
[2023-10-11T07:30:11.608+0000] {processor.py:157} INFO - Started process (PID=1529) to work on /home/airflow/.local/lib/python3.8/site-packages/airflow/example_dags/example_branch_operator.py
[2023-10-11T07:30:11.609+0000] {processor.py:829} INFO - Processing file /home/airflow/.local/lib/python3.8/site-packages/airflow/example_dags/example_branch_operator.py for tasks to queue
[2023-10-11T07:30:11.613+0000] {logging_mixin.py:151} INFO - [2023-10-11T07:30:11.613+0000] {dagbag.py:539} INFO - Filling up the DagBag from /home/airflow/.local/lib/python3.8/site-packages/airflow/example_dags/example_branch_operator.py
[2023-10-11T07:30:11.620+0000] {processor.py:839} INFO - DAG(s) dict_keys(['example_branch_operator']) retrieved from /home/airflow/.local/lib/python3.8/site-packages/airflow/example_dags/example_branch_operator.py
[2023-10-11T07:30:11.641+0000] {logging_mixin.py:151} INFO - [2023-10-11T07:30:11.641+0000] {dag.py:2915} INFO - Sync 1 DAGs
[2023-10-11T07:30:11.658+0000] {logging_mixin.py:151} INFO - [2023-10-11T07:30:11.658+0000] {dag.py:3696} INFO - Setting next_dagrun for example_branch_operator to 2023-10-10T00:00:00+00:00, run_after=2023-10-11T00:00:00+00:00
[2023-10-11T07:30:11.671+0000] {processor.py:179} INFO - Processing /home/airflow/.local/lib/python3.8/site-packages/airflow/example_dags/example_branch_operator.py took 0.066 seconds
[2023-10-11T07:30:41.827+0000] {processor.py:157} INFO - Started process (PID=1587) to work on /home/airflow/.local/lib/python3.8/site-packages/airflow/example_dags/example_branch_operator.py
[2023-10-11T07:30:41.828+0000] {processor.py:829} INFO - Processing file /home/airflow/.local/lib/python3.8/site-packages/airflow/example_dags/example_branch_operator.py for tasks to queue
[2023-10-11T07:30:41.829+0000] {logging_mixin.py:151} INFO - [2023-10-11T07:30:41.829+0000] {dagbag.py:539} INFO - Filling up the DagBag from /home/airflow/.local/lib/python3.8/site-packages/airflow/example_dags/example_branch_operator.py
[2023-10-11T07:30:41.835+0000] {processor.py:839} INFO - DAG(s) dict_keys(['example_branch_operator']) retrieved from /home/airflow/.local/lib/python3.8/site-packages/airflow/example_dags/example_branch_operator.py
[2023-10-11T07:30:41.854+0000] {logging_mixin.py:151} INFO - [2023-10-11T07:30:41.854+0000] {dag.py:2915} INFO - Sync 1 DAGs
[2023-10-11T07:30:41.871+0000] {logging_mixin.py:151} INFO - [2023-10-11T07:30:41.871+0000] {dag.py:3696} INFO - Setting next_dagrun for example_branch_operator to 2023-10-10T00:00:00+00:00, run_after=2023-10-11T00:00:00+00:00
[2023-10-11T07:30:41.884+0000] {processor.py:179} INFO - Processing /home/airflow/.local/lib/python3.8/site-packages/airflow/example_dags/example_branch_operator.py took 0.059 seconds
[2023-10-11T07:31:12.106+0000] {processor.py:157} INFO - Started process (PID=1645) to work on /home/airflow/.local/lib/python3.8/site-packages/airflow/example_dags/example_branch_operator.py
[2023-10-11T07:31:12.107+0000] {processor.py:829} INFO - Processing file /home/airflow/.local/lib/python3.8/site-packages/airflow/example_dags/example_branch_operator.py for tasks to queue
[2023-10-11T07:31:12.108+0000] {logging_mixin.py:151} INFO - [2023-10-11T07:31:12.108+0000] {dagbag.py:539} INFO - Filling up the DagBag from /home/airflow/.local/lib/python3.8/site-packages/airflow/example_dags/example_branch_operator.py
[2023-10-11T07:31:12.114+0000] {processor.py:839} INFO - DAG(s) dict_keys(['example_branch_operator']) retrieved from /home/airflow/.local/lib/python3.8/site-packages/airflow/example_dags/example_branch_operator.py
[2023-10-11T07:31:12.133+0000] {logging_mixin.py:151} INFO - [2023-10-11T07:31:12.133+0000] {dag.py:2915} INFO - Sync 1 DAGs
[2023-10-11T07:31:12.151+0000] {logging_mixin.py:151} INFO - [2023-10-11T07:31:12.151+0000] {dag.py:3696} INFO - Setting next_dagrun for example_branch_operator to 2023-10-10T00:00:00+00:00, run_after=2023-10-11T00:00:00+00:00
[2023-10-11T07:31:12.172+0000] {processor.py:179} INFO - Processing /home/airflow/.local/lib/python3.8/site-packages/airflow/example_dags/example_branch_operator.py took 0.069 seconds
[2023-10-11T07:31:42.393+0000] {processor.py:157} INFO - Started process (PID=1711) to work on /home/airflow/.local/lib/python3.8/site-packages/airflow/example_dags/example_branch_operator.py
[2023-10-11T07:31:42.394+0000] {processor.py:829} INFO - Processing file /home/airflow/.local/lib/python3.8/site-packages/airflow/example_dags/example_branch_operator.py for tasks to queue
[2023-10-11T07:31:42.396+0000] {logging_mixin.py:151} INFO - [2023-10-11T07:31:42.395+0000] {dagbag.py:539} INFO - Filling up the DagBag from /home/airflow/.local/lib/python3.8/site-packages/airflow/example_dags/example_branch_operator.py
[2023-10-11T07:31:42.401+0000] {processor.py:839} INFO - DAG(s) dict_keys(['example_branch_operator']) retrieved from /home/airflow/.local/lib/python3.8/site-packages/airflow/example_dags/example_branch_operator.py
[2023-10-11T07:31:42.418+0000] {logging_mixin.py:151} INFO - [2023-10-11T07:31:42.418+0000] {dag.py:2915} INFO - Sync 1 DAGs
[2023-10-11T07:31:42.434+0000] {logging_mixin.py:151} INFO - [2023-10-11T07:31:42.434+0000] {dag.py:3696} INFO - Setting next_dagrun for example_branch_operator to 2023-10-10T00:00:00+00:00, run_after=2023-10-11T00:00:00+00:00
[2023-10-11T07:31:42.444+0000] {processor.py:179} INFO - Processing /home/airflow/.local/lib/python3.8/site-packages/airflow/example_dags/example_branch_operator.py took 0.052 seconds
