[2023-10-11T07:17:22.846+0000] {processor.py:157} INFO - Started process (PID=55) to work on /home/airflow/.local/lib/python3.8/site-packages/airflow/example_dags/example_bash_operator.py
[2023-10-11T07:17:22.847+0000] {processor.py:829} INFO - Processing file /home/airflow/.local/lib/python3.8/site-packages/airflow/example_dags/example_bash_operator.py for tasks to queue
[2023-10-11T07:17:22.849+0000] {logging_mixin.py:151} INFO - [2023-10-11T07:17:22.848+0000] {dagbag.py:539} INFO - Filling up the DagBag from /home/airflow/.local/lib/python3.8/site-packages/airflow/example_dags/example_bash_operator.py
[2023-10-11T07:17:22.858+0000] {processor.py:839} INFO - DAG(s) dict_keys(['example_bash_operator']) retrieved from /home/airflow/.local/lib/python3.8/site-packages/airflow/example_dags/example_bash_operator.py
[2023-10-11T07:17:22.882+0000] {logging_mixin.py:151} INFO - [2023-10-11T07:17:22.882+0000] {dag.py:2915} INFO - Sync 1 DAGs
[2023-10-11T07:17:22.899+0000] {logging_mixin.py:151} INFO - [2023-10-11T07:17:22.899+0000] {dag.py:3696} INFO - Setting next_dagrun for example_bash_operator to 2023-10-10T00:00:00+00:00, run_after=2023-10-11T00:00:00+00:00
[2023-10-11T07:17:22.910+0000] {processor.py:179} INFO - Processing /home/airflow/.local/lib/python3.8/site-packages/airflow/example_dags/example_bash_operator.py took 0.068 seconds
[2023-10-11T07:17:53.171+0000] {processor.py:157} INFO - Started process (PID=114) to work on /home/airflow/.local/lib/python3.8/site-packages/airflow/example_dags/example_bash_operator.py
[2023-10-11T07:17:53.171+0000] {processor.py:829} INFO - Processing file /home/airflow/.local/lib/python3.8/site-packages/airflow/example_dags/example_bash_operator.py for tasks to queue
[2023-10-11T07:17:53.173+0000] {logging_mixin.py:151} INFO - [2023-10-11T07:17:53.173+0000] {dagbag.py:539} INFO - Filling up the DagBag from /home/airflow/.local/lib/python3.8/site-packages/airflow/example_dags/example_bash_operator.py
[2023-10-11T07:17:53.179+0000] {processor.py:839} INFO - DAG(s) dict_keys(['example_bash_operator']) retrieved from /home/airflow/.local/lib/python3.8/site-packages/airflow/example_dags/example_bash_operator.py
[2023-10-11T07:17:53.199+0000] {logging_mixin.py:151} INFO - [2023-10-11T07:17:53.198+0000] {dag.py:2915} INFO - Sync 1 DAGs
[2023-10-11T07:17:53.213+0000] {logging_mixin.py:151} INFO - [2023-10-11T07:17:53.213+0000] {dag.py:3696} INFO - Setting next_dagrun for example_bash_operator to 2023-10-10T00:00:00+00:00, run_after=2023-10-11T00:00:00+00:00
[2023-10-11T07:17:53.224+0000] {processor.py:179} INFO - Processing /home/airflow/.local/lib/python3.8/site-packages/airflow/example_dags/example_bash_operator.py took 0.055 seconds
[2023-10-11T07:18:23.960+0000] {processor.py:157} INFO - Started process (PID=173) to work on /home/airflow/.local/lib/python3.8/site-packages/airflow/example_dags/example_bash_operator.py
[2023-10-11T07:18:23.961+0000] {processor.py:829} INFO - Processing file /home/airflow/.local/lib/python3.8/site-packages/airflow/example_dags/example_bash_operator.py for tasks to queue
[2023-10-11T07:18:23.962+0000] {logging_mixin.py:151} INFO - [2023-10-11T07:18:23.962+0000] {dagbag.py:539} INFO - Filling up the DagBag from /home/airflow/.local/lib/python3.8/site-packages/airflow/example_dags/example_bash_operator.py
[2023-10-11T07:18:23.969+0000] {processor.py:839} INFO - DAG(s) dict_keys(['example_bash_operator']) retrieved from /home/airflow/.local/lib/python3.8/site-packages/airflow/example_dags/example_bash_operator.py
[2023-10-11T07:18:23.989+0000] {logging_mixin.py:151} INFO - [2023-10-11T07:18:23.988+0000] {dag.py:2915} INFO - Sync 1 DAGs
[2023-10-11T07:18:24.004+0000] {logging_mixin.py:151} INFO - [2023-10-11T07:18:24.004+0000] {dag.py:3696} INFO - Setting next_dagrun for example_bash_operator to 2023-10-10T00:00:00+00:00, run_after=2023-10-11T00:00:00+00:00
[2023-10-11T07:18:24.015+0000] {processor.py:179} INFO - Processing /home/airflow/.local/lib/python3.8/site-packages/airflow/example_dags/example_bash_operator.py took 0.057 seconds
[2023-10-11T07:18:55.169+0000] {processor.py:157} INFO - Started process (PID=232) to work on /home/airflow/.local/lib/python3.8/site-packages/airflow/example_dags/example_bash_operator.py
[2023-10-11T07:18:55.169+0000] {processor.py:829} INFO - Processing file /home/airflow/.local/lib/python3.8/site-packages/airflow/example_dags/example_bash_operator.py for tasks to queue
[2023-10-11T07:18:55.171+0000] {logging_mixin.py:151} INFO - [2023-10-11T07:18:55.171+0000] {dagbag.py:539} INFO - Filling up the DagBag from /home/airflow/.local/lib/python3.8/site-packages/airflow/example_dags/example_bash_operator.py
[2023-10-11T07:18:55.177+0000] {processor.py:839} INFO - DAG(s) dict_keys(['example_bash_operator']) retrieved from /home/airflow/.local/lib/python3.8/site-packages/airflow/example_dags/example_bash_operator.py
[2023-10-11T07:18:55.197+0000] {logging_mixin.py:151} INFO - [2023-10-11T07:18:55.197+0000] {dag.py:2915} INFO - Sync 1 DAGs
[2023-10-11T07:18:55.211+0000] {logging_mixin.py:151} INFO - [2023-10-11T07:18:55.211+0000] {dag.py:3696} INFO - Setting next_dagrun for example_bash_operator to 2023-10-10T00:00:00+00:00, run_after=2023-10-11T00:00:00+00:00
[2023-10-11T07:18:55.221+0000] {processor.py:179} INFO - Processing /home/airflow/.local/lib/python3.8/site-packages/airflow/example_dags/example_bash_operator.py took 0.055 seconds
[2023-10-11T07:19:26.328+0000] {processor.py:157} INFO - Started process (PID=291) to work on /home/airflow/.local/lib/python3.8/site-packages/airflow/example_dags/example_bash_operator.py
[2023-10-11T07:19:26.329+0000] {processor.py:829} INFO - Processing file /home/airflow/.local/lib/python3.8/site-packages/airflow/example_dags/example_bash_operator.py for tasks to queue
[2023-10-11T07:19:26.331+0000] {logging_mixin.py:151} INFO - [2023-10-11T07:19:26.331+0000] {dagbag.py:539} INFO - Filling up the DagBag from /home/airflow/.local/lib/python3.8/site-packages/airflow/example_dags/example_bash_operator.py
[2023-10-11T07:19:26.337+0000] {processor.py:839} INFO - DAG(s) dict_keys(['example_bash_operator']) retrieved from /home/airflow/.local/lib/python3.8/site-packages/airflow/example_dags/example_bash_operator.py
[2023-10-11T07:19:26.357+0000] {logging_mixin.py:151} INFO - [2023-10-11T07:19:26.357+0000] {dag.py:2915} INFO - Sync 1 DAGs
[2023-10-11T07:19:26.372+0000] {logging_mixin.py:151} INFO - [2023-10-11T07:19:26.371+0000] {dag.py:3696} INFO - Setting next_dagrun for example_bash_operator to 2023-10-10T00:00:00+00:00, run_after=2023-10-11T00:00:00+00:00
[2023-10-11T07:19:26.382+0000] {processor.py:179} INFO - Processing /home/airflow/.local/lib/python3.8/site-packages/airflow/example_dags/example_bash_operator.py took 0.055 seconds
[2023-10-11T07:19:57.593+0000] {processor.py:157} INFO - Started process (PID=350) to work on /home/airflow/.local/lib/python3.8/site-packages/airflow/example_dags/example_bash_operator.py
[2023-10-11T07:19:57.593+0000] {processor.py:829} INFO - Processing file /home/airflow/.local/lib/python3.8/site-packages/airflow/example_dags/example_bash_operator.py for tasks to queue
[2023-10-11T07:19:57.595+0000] {logging_mixin.py:151} INFO - [2023-10-11T07:19:57.595+0000] {dagbag.py:539} INFO - Filling up the DagBag from /home/airflow/.local/lib/python3.8/site-packages/airflow/example_dags/example_bash_operator.py
[2023-10-11T07:19:57.601+0000] {processor.py:839} INFO - DAG(s) dict_keys(['example_bash_operator']) retrieved from /home/airflow/.local/lib/python3.8/site-packages/airflow/example_dags/example_bash_operator.py
[2023-10-11T07:19:57.622+0000] {logging_mixin.py:151} INFO - [2023-10-11T07:19:57.622+0000] {dag.py:2915} INFO - Sync 1 DAGs
[2023-10-11T07:19:57.636+0000] {logging_mixin.py:151} INFO - [2023-10-11T07:19:57.636+0000] {dag.py:3696} INFO - Setting next_dagrun for example_bash_operator to 2023-10-10T00:00:00+00:00, run_after=2023-10-11T00:00:00+00:00
[2023-10-11T07:19:57.646+0000] {processor.py:179} INFO - Processing /home/airflow/.local/lib/python3.8/site-packages/airflow/example_dags/example_bash_operator.py took 0.055 seconds
[2023-10-11T07:20:27.963+0000] {processor.py:157} INFO - Started process (PID=409) to work on /home/airflow/.local/lib/python3.8/site-packages/airflow/example_dags/example_bash_operator.py
[2023-10-11T07:20:27.964+0000] {processor.py:829} INFO - Processing file /home/airflow/.local/lib/python3.8/site-packages/airflow/example_dags/example_bash_operator.py for tasks to queue
[2023-10-11T07:20:27.966+0000] {logging_mixin.py:151} INFO - [2023-10-11T07:20:27.965+0000] {dagbag.py:539} INFO - Filling up the DagBag from /home/airflow/.local/lib/python3.8/site-packages/airflow/example_dags/example_bash_operator.py
[2023-10-11T07:20:27.972+0000] {processor.py:839} INFO - DAG(s) dict_keys(['example_bash_operator']) retrieved from /home/airflow/.local/lib/python3.8/site-packages/airflow/example_dags/example_bash_operator.py
[2023-10-11T07:20:27.992+0000] {logging_mixin.py:151} INFO - [2023-10-11T07:20:27.992+0000] {dag.py:2915} INFO - Sync 1 DAGs
[2023-10-11T07:20:28.006+0000] {logging_mixin.py:151} INFO - [2023-10-11T07:20:28.006+0000] {dag.py:3696} INFO - Setting next_dagrun for example_bash_operator to 2023-10-10T00:00:00+00:00, run_after=2023-10-11T00:00:00+00:00
[2023-10-11T07:20:28.017+0000] {processor.py:179} INFO - Processing /home/airflow/.local/lib/python3.8/site-packages/airflow/example_dags/example_bash_operator.py took 0.056 seconds
[2023-10-11T07:20:58.148+0000] {processor.py:157} INFO - Started process (PID=468) to work on /home/airflow/.local/lib/python3.8/site-packages/airflow/example_dags/example_bash_operator.py
[2023-10-11T07:20:58.149+0000] {processor.py:829} INFO - Processing file /home/airflow/.local/lib/python3.8/site-packages/airflow/example_dags/example_bash_operator.py for tasks to queue
[2023-10-11T07:20:58.150+0000] {logging_mixin.py:151} INFO - [2023-10-11T07:20:58.150+0000] {dagbag.py:539} INFO - Filling up the DagBag from /home/airflow/.local/lib/python3.8/site-packages/airflow/example_dags/example_bash_operator.py
[2023-10-11T07:20:58.156+0000] {processor.py:839} INFO - DAG(s) dict_keys(['example_bash_operator']) retrieved from /home/airflow/.local/lib/python3.8/site-packages/airflow/example_dags/example_bash_operator.py
[2023-10-11T07:20:58.176+0000] {logging_mixin.py:151} INFO - [2023-10-11T07:20:58.176+0000] {dag.py:2915} INFO - Sync 1 DAGs
[2023-10-11T07:20:58.189+0000] {logging_mixin.py:151} INFO - [2023-10-11T07:20:58.189+0000] {dag.py:3696} INFO - Setting next_dagrun for example_bash_operator to 2023-10-10T00:00:00+00:00, run_after=2023-10-11T00:00:00+00:00
[2023-10-11T07:20:58.198+0000] {processor.py:179} INFO - Processing /home/airflow/.local/lib/python3.8/site-packages/airflow/example_dags/example_bash_operator.py took 0.052 seconds
[2023-10-11T07:21:28.246+0000] {processor.py:157} INFO - Started process (PID=523) to work on /home/airflow/.local/lib/python3.8/site-packages/airflow/example_dags/example_bash_operator.py
[2023-10-11T07:21:28.246+0000] {processor.py:829} INFO - Processing file /home/airflow/.local/lib/python3.8/site-packages/airflow/example_dags/example_bash_operator.py for tasks to queue
[2023-10-11T07:21:28.248+0000] {logging_mixin.py:151} INFO - [2023-10-11T07:21:28.247+0000] {dagbag.py:539} INFO - Filling up the DagBag from /home/airflow/.local/lib/python3.8/site-packages/airflow/example_dags/example_bash_operator.py
[2023-10-11T07:21:28.254+0000] {processor.py:839} INFO - DAG(s) dict_keys(['example_bash_operator']) retrieved from /home/airflow/.local/lib/python3.8/site-packages/airflow/example_dags/example_bash_operator.py
[2023-10-11T07:21:28.273+0000] {logging_mixin.py:151} INFO - [2023-10-11T07:21:28.273+0000] {dag.py:2915} INFO - Sync 1 DAGs
[2023-10-11T07:21:28.286+0000] {logging_mixin.py:151} INFO - [2023-10-11T07:21:28.286+0000] {dag.py:3696} INFO - Setting next_dagrun for example_bash_operator to 2023-10-10T00:00:00+00:00, run_after=2023-10-11T00:00:00+00:00
[2023-10-11T07:21:28.294+0000] {processor.py:179} INFO - Processing /home/airflow/.local/lib/python3.8/site-packages/airflow/example_dags/example_bash_operator.py took 0.051 seconds
[2023-10-11T07:21:58.872+0000] {processor.py:157} INFO - Started process (PID=582) to work on /home/airflow/.local/lib/python3.8/site-packages/airflow/example_dags/example_bash_operator.py
[2023-10-11T07:21:58.873+0000] {processor.py:829} INFO - Processing file /home/airflow/.local/lib/python3.8/site-packages/airflow/example_dags/example_bash_operator.py for tasks to queue
[2023-10-11T07:21:58.874+0000] {logging_mixin.py:151} INFO - [2023-10-11T07:21:58.874+0000] {dagbag.py:539} INFO - Filling up the DagBag from /home/airflow/.local/lib/python3.8/site-packages/airflow/example_dags/example_bash_operator.py
[2023-10-11T07:21:58.880+0000] {processor.py:839} INFO - DAG(s) dict_keys(['example_bash_operator']) retrieved from /home/airflow/.local/lib/python3.8/site-packages/airflow/example_dags/example_bash_operator.py
[2023-10-11T07:21:58.900+0000] {logging_mixin.py:151} INFO - [2023-10-11T07:21:58.900+0000] {dag.py:2915} INFO - Sync 1 DAGs
[2023-10-11T07:21:58.914+0000] {logging_mixin.py:151} INFO - [2023-10-11T07:21:58.914+0000] {dag.py:3696} INFO - Setting next_dagrun for example_bash_operator to 2023-10-10T00:00:00+00:00, run_after=2023-10-11T00:00:00+00:00
[2023-10-11T07:21:58.924+0000] {processor.py:179} INFO - Processing /home/airflow/.local/lib/python3.8/site-packages/airflow/example_dags/example_bash_operator.py took 0.054 seconds
[2023-10-11T07:22:29.464+0000] {processor.py:157} INFO - Started process (PID=641) to work on /home/airflow/.local/lib/python3.8/site-packages/airflow/example_dags/example_bash_operator.py
[2023-10-11T07:22:29.465+0000] {processor.py:829} INFO - Processing file /home/airflow/.local/lib/python3.8/site-packages/airflow/example_dags/example_bash_operator.py for tasks to queue
[2023-10-11T07:22:29.467+0000] {logging_mixin.py:151} INFO - [2023-10-11T07:22:29.467+0000] {dagbag.py:539} INFO - Filling up the DagBag from /home/airflow/.local/lib/python3.8/site-packages/airflow/example_dags/example_bash_operator.py
[2023-10-11T07:22:29.473+0000] {processor.py:839} INFO - DAG(s) dict_keys(['example_bash_operator']) retrieved from /home/airflow/.local/lib/python3.8/site-packages/airflow/example_dags/example_bash_operator.py
[2023-10-11T07:22:29.493+0000] {logging_mixin.py:151} INFO - [2023-10-11T07:22:29.492+0000] {dag.py:2915} INFO - Sync 1 DAGs
[2023-10-11T07:22:29.508+0000] {logging_mixin.py:151} INFO - [2023-10-11T07:22:29.508+0000] {dag.py:3696} INFO - Setting next_dagrun for example_bash_operator to 2023-10-10T00:00:00+00:00, run_after=2023-10-11T00:00:00+00:00
[2023-10-11T07:22:29.519+0000] {processor.py:179} INFO - Processing /home/airflow/.local/lib/python3.8/site-packages/airflow/example_dags/example_bash_operator.py took 0.057 seconds
[2023-10-11T07:22:59.910+0000] {processor.py:157} INFO - Started process (PID=699) to work on /home/airflow/.local/lib/python3.8/site-packages/airflow/example_dags/example_bash_operator.py
[2023-10-11T07:22:59.911+0000] {processor.py:829} INFO - Processing file /home/airflow/.local/lib/python3.8/site-packages/airflow/example_dags/example_bash_operator.py for tasks to queue
[2023-10-11T07:22:59.912+0000] {logging_mixin.py:151} INFO - [2023-10-11T07:22:59.912+0000] {dagbag.py:539} INFO - Filling up the DagBag from /home/airflow/.local/lib/python3.8/site-packages/airflow/example_dags/example_bash_operator.py
[2023-10-11T07:22:59.919+0000] {processor.py:839} INFO - DAG(s) dict_keys(['example_bash_operator']) retrieved from /home/airflow/.local/lib/python3.8/site-packages/airflow/example_dags/example_bash_operator.py
[2023-10-11T07:22:59.940+0000] {logging_mixin.py:151} INFO - [2023-10-11T07:22:59.940+0000] {dag.py:2915} INFO - Sync 1 DAGs
[2023-10-11T07:22:59.954+0000] {logging_mixin.py:151} INFO - [2023-10-11T07:22:59.954+0000] {dag.py:3696} INFO - Setting next_dagrun for example_bash_operator to 2023-10-10T00:00:00+00:00, run_after=2023-10-11T00:00:00+00:00
[2023-10-11T07:22:59.964+0000] {processor.py:179} INFO - Processing /home/airflow/.local/lib/python3.8/site-packages/airflow/example_dags/example_bash_operator.py took 0.055 seconds
[2023-10-11T07:23:30.251+0000] {processor.py:157} INFO - Started process (PID=758) to work on /home/airflow/.local/lib/python3.8/site-packages/airflow/example_dags/example_bash_operator.py
[2023-10-11T07:23:30.252+0000] {processor.py:829} INFO - Processing file /home/airflow/.local/lib/python3.8/site-packages/airflow/example_dags/example_bash_operator.py for tasks to queue
[2023-10-11T07:23:30.254+0000] {logging_mixin.py:151} INFO - [2023-10-11T07:23:30.254+0000] {dagbag.py:539} INFO - Filling up the DagBag from /home/airflow/.local/lib/python3.8/site-packages/airflow/example_dags/example_bash_operator.py
[2023-10-11T07:23:30.260+0000] {processor.py:839} INFO - DAG(s) dict_keys(['example_bash_operator']) retrieved from /home/airflow/.local/lib/python3.8/site-packages/airflow/example_dags/example_bash_operator.py
[2023-10-11T07:23:30.280+0000] {logging_mixin.py:151} INFO - [2023-10-11T07:23:30.280+0000] {dag.py:2915} INFO - Sync 1 DAGs
[2023-10-11T07:23:30.294+0000] {logging_mixin.py:151} INFO - [2023-10-11T07:23:30.294+0000] {dag.py:3696} INFO - Setting next_dagrun for example_bash_operator to 2023-10-10T00:00:00+00:00, run_after=2023-10-11T00:00:00+00:00
[2023-10-11T07:23:30.304+0000] {processor.py:179} INFO - Processing /home/airflow/.local/lib/python3.8/site-packages/airflow/example_dags/example_bash_operator.py took 0.055 seconds
[2023-10-11T07:24:00.721+0000] {processor.py:157} INFO - Started process (PID=817) to work on /home/airflow/.local/lib/python3.8/site-packages/airflow/example_dags/example_bash_operator.py
[2023-10-11T07:24:00.722+0000] {processor.py:829} INFO - Processing file /home/airflow/.local/lib/python3.8/site-packages/airflow/example_dags/example_bash_operator.py for tasks to queue
[2023-10-11T07:24:00.724+0000] {logging_mixin.py:151} INFO - [2023-10-11T07:24:00.724+0000] {dagbag.py:539} INFO - Filling up the DagBag from /home/airflow/.local/lib/python3.8/site-packages/airflow/example_dags/example_bash_operator.py
[2023-10-11T07:24:00.732+0000] {processor.py:839} INFO - DAG(s) dict_keys(['example_bash_operator']) retrieved from /home/airflow/.local/lib/python3.8/site-packages/airflow/example_dags/example_bash_operator.py
[2023-10-11T07:24:00.757+0000] {logging_mixin.py:151} INFO - [2023-10-11T07:24:00.757+0000] {dag.py:2915} INFO - Sync 1 DAGs
[2023-10-11T07:24:00.775+0000] {logging_mixin.py:151} INFO - [2023-10-11T07:24:00.775+0000] {dag.py:3696} INFO - Setting next_dagrun for example_bash_operator to 2023-10-10T00:00:00+00:00, run_after=2023-10-11T00:00:00+00:00
[2023-10-11T07:24:00.788+0000] {processor.py:179} INFO - Processing /home/airflow/.local/lib/python3.8/site-packages/airflow/example_dags/example_bash_operator.py took 0.069 seconds
[2023-10-11T07:24:30.954+0000] {processor.py:157} INFO - Started process (PID=876) to work on /home/airflow/.local/lib/python3.8/site-packages/airflow/example_dags/example_bash_operator.py
[2023-10-11T07:24:30.959+0000] {processor.py:829} INFO - Processing file /home/airflow/.local/lib/python3.8/site-packages/airflow/example_dags/example_bash_operator.py for tasks to queue
[2023-10-11T07:24:30.961+0000] {logging_mixin.py:151} INFO - [2023-10-11T07:24:30.961+0000] {dagbag.py:539} INFO - Filling up the DagBag from /home/airflow/.local/lib/python3.8/site-packages/airflow/example_dags/example_bash_operator.py
[2023-10-11T07:24:30.967+0000] {processor.py:839} INFO - DAG(s) dict_keys(['example_bash_operator']) retrieved from /home/airflow/.local/lib/python3.8/site-packages/airflow/example_dags/example_bash_operator.py
[2023-10-11T07:24:30.987+0000] {logging_mixin.py:151} INFO - [2023-10-11T07:24:30.987+0000] {dag.py:2915} INFO - Sync 1 DAGs
[2023-10-11T07:24:31.001+0000] {logging_mixin.py:151} INFO - [2023-10-11T07:24:31.001+0000] {dag.py:3696} INFO - Setting next_dagrun for example_bash_operator to 2023-10-10T00:00:00+00:00, run_after=2023-10-11T00:00:00+00:00
[2023-10-11T07:24:31.011+0000] {processor.py:179} INFO - Processing /home/airflow/.local/lib/python3.8/site-packages/airflow/example_dags/example_bash_operator.py took 0.059 seconds
[2023-10-11T07:25:02.233+0000] {processor.py:157} INFO - Started process (PID=935) to work on /home/airflow/.local/lib/python3.8/site-packages/airflow/example_dags/example_bash_operator.py
[2023-10-11T07:25:02.234+0000] {processor.py:829} INFO - Processing file /home/airflow/.local/lib/python3.8/site-packages/airflow/example_dags/example_bash_operator.py for tasks to queue
[2023-10-11T07:25:02.236+0000] {logging_mixin.py:151} INFO - [2023-10-11T07:25:02.235+0000] {dagbag.py:539} INFO - Filling up the DagBag from /home/airflow/.local/lib/python3.8/site-packages/airflow/example_dags/example_bash_operator.py
[2023-10-11T07:25:02.242+0000] {processor.py:839} INFO - DAG(s) dict_keys(['example_bash_operator']) retrieved from /home/airflow/.local/lib/python3.8/site-packages/airflow/example_dags/example_bash_operator.py
[2023-10-11T07:25:02.265+0000] {logging_mixin.py:151} INFO - [2023-10-11T07:25:02.265+0000] {dag.py:2915} INFO - Sync 1 DAGs
[2023-10-11T07:25:02.279+0000] {logging_mixin.py:151} INFO - [2023-10-11T07:25:02.279+0000] {dag.py:3696} INFO - Setting next_dagrun for example_bash_operator to 2023-10-10T00:00:00+00:00, run_after=2023-10-11T00:00:00+00:00
[2023-10-11T07:25:02.289+0000] {processor.py:179} INFO - Processing /home/airflow/.local/lib/python3.8/site-packages/airflow/example_dags/example_bash_operator.py took 0.059 seconds
[2023-10-11T07:25:33.359+0000] {processor.py:157} INFO - Started process (PID=994) to work on /home/airflow/.local/lib/python3.8/site-packages/airflow/example_dags/example_bash_operator.py
[2023-10-11T07:25:33.360+0000] {processor.py:829} INFO - Processing file /home/airflow/.local/lib/python3.8/site-packages/airflow/example_dags/example_bash_operator.py for tasks to queue
[2023-10-11T07:25:33.362+0000] {logging_mixin.py:151} INFO - [2023-10-11T07:25:33.362+0000] {dagbag.py:539} INFO - Filling up the DagBag from /home/airflow/.local/lib/python3.8/site-packages/airflow/example_dags/example_bash_operator.py
[2023-10-11T07:25:33.368+0000] {processor.py:839} INFO - DAG(s) dict_keys(['example_bash_operator']) retrieved from /home/airflow/.local/lib/python3.8/site-packages/airflow/example_dags/example_bash_operator.py
[2023-10-11T07:25:33.388+0000] {logging_mixin.py:151} INFO - [2023-10-11T07:25:33.388+0000] {dag.py:2915} INFO - Sync 1 DAGs
[2023-10-11T07:25:33.405+0000] {logging_mixin.py:151} INFO - [2023-10-11T07:25:33.405+0000] {dag.py:3696} INFO - Setting next_dagrun for example_bash_operator to 2023-10-10T00:00:00+00:00, run_after=2023-10-11T00:00:00+00:00
[2023-10-11T07:25:33.417+0000] {processor.py:179} INFO - Processing /home/airflow/.local/lib/python3.8/site-packages/airflow/example_dags/example_bash_operator.py took 0.061 seconds
[2023-10-11T07:26:04.489+0000] {processor.py:157} INFO - Started process (PID=1053) to work on /home/airflow/.local/lib/python3.8/site-packages/airflow/example_dags/example_bash_operator.py
[2023-10-11T07:26:04.489+0000] {processor.py:829} INFO - Processing file /home/airflow/.local/lib/python3.8/site-packages/airflow/example_dags/example_bash_operator.py for tasks to queue
[2023-10-11T07:26:04.492+0000] {logging_mixin.py:151} INFO - [2023-10-11T07:26:04.491+0000] {dagbag.py:539} INFO - Filling up the DagBag from /home/airflow/.local/lib/python3.8/site-packages/airflow/example_dags/example_bash_operator.py
[2023-10-11T07:26:04.498+0000] {processor.py:839} INFO - DAG(s) dict_keys(['example_bash_operator']) retrieved from /home/airflow/.local/lib/python3.8/site-packages/airflow/example_dags/example_bash_operator.py
[2023-10-11T07:26:04.519+0000] {logging_mixin.py:151} INFO - [2023-10-11T07:26:04.519+0000] {dag.py:2915} INFO - Sync 1 DAGs
[2023-10-11T07:26:04.534+0000] {logging_mixin.py:151} INFO - [2023-10-11T07:26:04.534+0000] {dag.py:3696} INFO - Setting next_dagrun for example_bash_operator to 2023-10-10T00:00:00+00:00, run_after=2023-10-11T00:00:00+00:00
[2023-10-11T07:26:04.544+0000] {processor.py:179} INFO - Processing /home/airflow/.local/lib/python3.8/site-packages/airflow/example_dags/example_bash_operator.py took 0.057 seconds
[2023-10-11T07:26:35.599+0000] {processor.py:157} INFO - Started process (PID=1112) to work on /home/airflow/.local/lib/python3.8/site-packages/airflow/example_dags/example_bash_operator.py
[2023-10-11T07:26:35.600+0000] {processor.py:829} INFO - Processing file /home/airflow/.local/lib/python3.8/site-packages/airflow/example_dags/example_bash_operator.py for tasks to queue
[2023-10-11T07:26:35.601+0000] {logging_mixin.py:151} INFO - [2023-10-11T07:26:35.601+0000] {dagbag.py:539} INFO - Filling up the DagBag from /home/airflow/.local/lib/python3.8/site-packages/airflow/example_dags/example_bash_operator.py
[2023-10-11T07:26:35.608+0000] {processor.py:839} INFO - DAG(s) dict_keys(['example_bash_operator']) retrieved from /home/airflow/.local/lib/python3.8/site-packages/airflow/example_dags/example_bash_operator.py
[2023-10-11T07:26:35.628+0000] {logging_mixin.py:151} INFO - [2023-10-11T07:26:35.628+0000] {dag.py:2915} INFO - Sync 1 DAGs
[2023-10-11T07:26:35.642+0000] {logging_mixin.py:151} INFO - [2023-10-11T07:26:35.642+0000] {dag.py:3696} INFO - Setting next_dagrun for example_bash_operator to 2023-10-10T00:00:00+00:00, run_after=2023-10-11T00:00:00+00:00
[2023-10-11T07:26:35.652+0000] {processor.py:179} INFO - Processing /home/airflow/.local/lib/python3.8/site-packages/airflow/example_dags/example_bash_operator.py took 0.055 seconds
[2023-10-11T07:27:05.993+0000] {processor.py:157} INFO - Started process (PID=1171) to work on /home/airflow/.local/lib/python3.8/site-packages/airflow/example_dags/example_bash_operator.py
[2023-10-11T07:27:05.994+0000] {processor.py:829} INFO - Processing file /home/airflow/.local/lib/python3.8/site-packages/airflow/example_dags/example_bash_operator.py for tasks to queue
[2023-10-11T07:27:05.995+0000] {logging_mixin.py:151} INFO - [2023-10-11T07:27:05.995+0000] {dagbag.py:539} INFO - Filling up the DagBag from /home/airflow/.local/lib/python3.8/site-packages/airflow/example_dags/example_bash_operator.py
[2023-10-11T07:27:06.002+0000] {processor.py:839} INFO - DAG(s) dict_keys(['example_bash_operator']) retrieved from /home/airflow/.local/lib/python3.8/site-packages/airflow/example_dags/example_bash_operator.py
[2023-10-11T07:27:06.022+0000] {logging_mixin.py:151} INFO - [2023-10-11T07:27:06.022+0000] {dag.py:2915} INFO - Sync 1 DAGs
[2023-10-11T07:27:06.036+0000] {logging_mixin.py:151} INFO - [2023-10-11T07:27:06.036+0000] {dag.py:3696} INFO - Setting next_dagrun for example_bash_operator to 2023-10-10T00:00:00+00:00, run_after=2023-10-11T00:00:00+00:00
[2023-10-11T07:27:06.046+0000] {processor.py:179} INFO - Processing /home/airflow/.local/lib/python3.8/site-packages/airflow/example_dags/example_bash_operator.py took 0.054 seconds
[2023-10-11T07:27:36.768+0000] {processor.py:157} INFO - Started process (PID=1230) to work on /home/airflow/.local/lib/python3.8/site-packages/airflow/example_dags/example_bash_operator.py
[2023-10-11T07:27:36.768+0000] {processor.py:829} INFO - Processing file /home/airflow/.local/lib/python3.8/site-packages/airflow/example_dags/example_bash_operator.py for tasks to queue
[2023-10-11T07:27:36.770+0000] {logging_mixin.py:151} INFO - [2023-10-11T07:27:36.770+0000] {dagbag.py:539} INFO - Filling up the DagBag from /home/airflow/.local/lib/python3.8/site-packages/airflow/example_dags/example_bash_operator.py
[2023-10-11T07:27:36.776+0000] {processor.py:839} INFO - DAG(s) dict_keys(['example_bash_operator']) retrieved from /home/airflow/.local/lib/python3.8/site-packages/airflow/example_dags/example_bash_operator.py
[2023-10-11T07:27:36.796+0000] {logging_mixin.py:151} INFO - [2023-10-11T07:27:36.796+0000] {dag.py:2915} INFO - Sync 1 DAGs
[2023-10-11T07:27:36.810+0000] {logging_mixin.py:151} INFO - [2023-10-11T07:27:36.810+0000] {dag.py:3696} INFO - Setting next_dagrun for example_bash_operator to 2023-10-10T00:00:00+00:00, run_after=2023-10-11T00:00:00+00:00
[2023-10-11T07:27:36.820+0000] {processor.py:179} INFO - Processing /home/airflow/.local/lib/python3.8/site-packages/airflow/example_dags/example_bash_operator.py took 0.055 seconds
[2023-10-11T07:28:07.903+0000] {processor.py:157} INFO - Started process (PID=1289) to work on /home/airflow/.local/lib/python3.8/site-packages/airflow/example_dags/example_bash_operator.py
[2023-10-11T07:28:07.904+0000] {processor.py:829} INFO - Processing file /home/airflow/.local/lib/python3.8/site-packages/airflow/example_dags/example_bash_operator.py for tasks to queue
[2023-10-11T07:28:07.906+0000] {logging_mixin.py:151} INFO - [2023-10-11T07:28:07.905+0000] {dagbag.py:539} INFO - Filling up the DagBag from /home/airflow/.local/lib/python3.8/site-packages/airflow/example_dags/example_bash_operator.py
[2023-10-11T07:28:07.912+0000] {processor.py:839} INFO - DAG(s) dict_keys(['example_bash_operator']) retrieved from /home/airflow/.local/lib/python3.8/site-packages/airflow/example_dags/example_bash_operator.py
[2023-10-11T07:28:07.931+0000] {logging_mixin.py:151} INFO - [2023-10-11T07:28:07.931+0000] {dag.py:2915} INFO - Sync 1 DAGs
[2023-10-11T07:28:07.946+0000] {logging_mixin.py:151} INFO - [2023-10-11T07:28:07.946+0000] {dag.py:3696} INFO - Setting next_dagrun for example_bash_operator to 2023-10-10T00:00:00+00:00, run_after=2023-10-11T00:00:00+00:00
[2023-10-11T07:28:07.955+0000] {processor.py:179} INFO - Processing /home/airflow/.local/lib/python3.8/site-packages/airflow/example_dags/example_bash_operator.py took 0.055 seconds
[2023-10-11T07:28:38.380+0000] {processor.py:157} INFO - Started process (PID=1348) to work on /home/airflow/.local/lib/python3.8/site-packages/airflow/example_dags/example_bash_operator.py
[2023-10-11T07:28:38.381+0000] {processor.py:829} INFO - Processing file /home/airflow/.local/lib/python3.8/site-packages/airflow/example_dags/example_bash_operator.py for tasks to queue
[2023-10-11T07:28:38.382+0000] {logging_mixin.py:151} INFO - [2023-10-11T07:28:38.382+0000] {dagbag.py:539} INFO - Filling up the DagBag from /home/airflow/.local/lib/python3.8/site-packages/airflow/example_dags/example_bash_operator.py
[2023-10-11T07:28:38.388+0000] {processor.py:839} INFO - DAG(s) dict_keys(['example_bash_operator']) retrieved from /home/airflow/.local/lib/python3.8/site-packages/airflow/example_dags/example_bash_operator.py
[2023-10-11T07:28:38.408+0000] {logging_mixin.py:151} INFO - [2023-10-11T07:28:38.408+0000] {dag.py:2915} INFO - Sync 1 DAGs
[2023-10-11T07:28:38.422+0000] {logging_mixin.py:151} INFO - [2023-10-11T07:28:38.422+0000] {dag.py:3696} INFO - Setting next_dagrun for example_bash_operator to 2023-10-10T00:00:00+00:00, run_after=2023-10-11T00:00:00+00:00
[2023-10-11T07:28:38.432+0000] {processor.py:179} INFO - Processing /home/airflow/.local/lib/python3.8/site-packages/airflow/example_dags/example_bash_operator.py took 0.055 seconds
[2023-10-11T07:29:09.557+0000] {processor.py:157} INFO - Started process (PID=1407) to work on /home/airflow/.local/lib/python3.8/site-packages/airflow/example_dags/example_bash_operator.py
[2023-10-11T07:29:09.558+0000] {processor.py:829} INFO - Processing file /home/airflow/.local/lib/python3.8/site-packages/airflow/example_dags/example_bash_operator.py for tasks to queue
[2023-10-11T07:29:09.559+0000] {logging_mixin.py:151} INFO - [2023-10-11T07:29:09.559+0000] {dagbag.py:539} INFO - Filling up the DagBag from /home/airflow/.local/lib/python3.8/site-packages/airflow/example_dags/example_bash_operator.py
[2023-10-11T07:29:09.566+0000] {processor.py:839} INFO - DAG(s) dict_keys(['example_bash_operator']) retrieved from /home/airflow/.local/lib/python3.8/site-packages/airflow/example_dags/example_bash_operator.py
[2023-10-11T07:29:09.585+0000] {logging_mixin.py:151} INFO - [2023-10-11T07:29:09.585+0000] {dag.py:2915} INFO - Sync 1 DAGs
[2023-10-11T07:29:09.600+0000] {logging_mixin.py:151} INFO - [2023-10-11T07:29:09.600+0000] {dag.py:3696} INFO - Setting next_dagrun for example_bash_operator to 2023-10-10T00:00:00+00:00, run_after=2023-10-11T00:00:00+00:00
[2023-10-11T07:29:09.610+0000] {processor.py:179} INFO - Processing /home/airflow/.local/lib/python3.8/site-packages/airflow/example_dags/example_bash_operator.py took 0.055 seconds
[2023-10-11T07:29:40.399+0000] {processor.py:157} INFO - Started process (PID=1466) to work on /home/airflow/.local/lib/python3.8/site-packages/airflow/example_dags/example_bash_operator.py
[2023-10-11T07:29:40.400+0000] {processor.py:829} INFO - Processing file /home/airflow/.local/lib/python3.8/site-packages/airflow/example_dags/example_bash_operator.py for tasks to queue
[2023-10-11T07:29:40.402+0000] {logging_mixin.py:151} INFO - [2023-10-11T07:29:40.402+0000] {dagbag.py:539} INFO - Filling up the DagBag from /home/airflow/.local/lib/python3.8/site-packages/airflow/example_dags/example_bash_operator.py
[2023-10-11T07:29:40.409+0000] {processor.py:839} INFO - DAG(s) dict_keys(['example_bash_operator']) retrieved from /home/airflow/.local/lib/python3.8/site-packages/airflow/example_dags/example_bash_operator.py
[2023-10-11T07:29:40.430+0000] {logging_mixin.py:151} INFO - [2023-10-11T07:29:40.430+0000] {dag.py:2915} INFO - Sync 1 DAGs
[2023-10-11T07:29:40.446+0000] {logging_mixin.py:151} INFO - [2023-10-11T07:29:40.446+0000] {dag.py:3696} INFO - Setting next_dagrun for example_bash_operator to 2023-10-10T00:00:00+00:00, run_after=2023-10-11T00:00:00+00:00
[2023-10-11T07:29:40.459+0000] {processor.py:179} INFO - Processing /home/airflow/.local/lib/python3.8/site-packages/airflow/example_dags/example_bash_operator.py took 0.062 seconds
[2023-10-11T07:30:11.414+0000] {processor.py:157} INFO - Started process (PID=1525) to work on /home/airflow/.local/lib/python3.8/site-packages/airflow/example_dags/example_bash_operator.py
[2023-10-11T07:30:11.415+0000] {processor.py:829} INFO - Processing file /home/airflow/.local/lib/python3.8/site-packages/airflow/example_dags/example_bash_operator.py for tasks to queue
[2023-10-11T07:30:11.418+0000] {logging_mixin.py:151} INFO - [2023-10-11T07:30:11.418+0000] {dagbag.py:539} INFO - Filling up the DagBag from /home/airflow/.local/lib/python3.8/site-packages/airflow/example_dags/example_bash_operator.py
[2023-10-11T07:30:11.427+0000] {processor.py:839} INFO - DAG(s) dict_keys(['example_bash_operator']) retrieved from /home/airflow/.local/lib/python3.8/site-packages/airflow/example_dags/example_bash_operator.py
[2023-10-11T07:30:11.456+0000] {logging_mixin.py:151} INFO - [2023-10-11T07:30:11.456+0000] {dag.py:2915} INFO - Sync 1 DAGs
[2023-10-11T07:30:11.485+0000] {logging_mixin.py:151} INFO - [2023-10-11T07:30:11.485+0000] {dag.py:3696} INFO - Setting next_dagrun for example_bash_operator to 2023-10-10T00:00:00+00:00, run_after=2023-10-11T00:00:00+00:00
[2023-10-11T07:30:11.509+0000] {processor.py:179} INFO - Processing /home/airflow/.local/lib/python3.8/site-packages/airflow/example_dags/example_bash_operator.py took 0.098 seconds
[2023-10-11T07:30:41.692+0000] {processor.py:157} INFO - Started process (PID=1583) to work on /home/airflow/.local/lib/python3.8/site-packages/airflow/example_dags/example_bash_operator.py
[2023-10-11T07:30:41.693+0000] {processor.py:829} INFO - Processing file /home/airflow/.local/lib/python3.8/site-packages/airflow/example_dags/example_bash_operator.py for tasks to queue
[2023-10-11T07:30:41.695+0000] {logging_mixin.py:151} INFO - [2023-10-11T07:30:41.695+0000] {dagbag.py:539} INFO - Filling up the DagBag from /home/airflow/.local/lib/python3.8/site-packages/airflow/example_dags/example_bash_operator.py
[2023-10-11T07:30:41.702+0000] {processor.py:839} INFO - DAG(s) dict_keys(['example_bash_operator']) retrieved from /home/airflow/.local/lib/python3.8/site-packages/airflow/example_dags/example_bash_operator.py
[2023-10-11T07:30:41.723+0000] {logging_mixin.py:151} INFO - [2023-10-11T07:30:41.723+0000] {dag.py:2915} INFO - Sync 1 DAGs
[2023-10-11T07:30:41.738+0000] {logging_mixin.py:151} INFO - [2023-10-11T07:30:41.738+0000] {dag.py:3696} INFO - Setting next_dagrun for example_bash_operator to 2023-10-10T00:00:00+00:00, run_after=2023-10-11T00:00:00+00:00
[2023-10-11T07:30:41.749+0000] {processor.py:179} INFO - Processing /home/airflow/.local/lib/python3.8/site-packages/airflow/example_dags/example_bash_operator.py took 0.060 seconds
[2023-10-11T07:31:11.912+0000] {processor.py:157} INFO - Started process (PID=1641) to work on /home/airflow/.local/lib/python3.8/site-packages/airflow/example_dags/example_bash_operator.py
[2023-10-11T07:31:11.913+0000] {processor.py:829} INFO - Processing file /home/airflow/.local/lib/python3.8/site-packages/airflow/example_dags/example_bash_operator.py for tasks to queue
[2023-10-11T07:31:11.915+0000] {logging_mixin.py:151} INFO - [2023-10-11T07:31:11.915+0000] {dagbag.py:539} INFO - Filling up the DagBag from /home/airflow/.local/lib/python3.8/site-packages/airflow/example_dags/example_bash_operator.py
[2023-10-11T07:31:11.922+0000] {processor.py:839} INFO - DAG(s) dict_keys(['example_bash_operator']) retrieved from /home/airflow/.local/lib/python3.8/site-packages/airflow/example_dags/example_bash_operator.py
[2023-10-11T07:31:11.945+0000] {logging_mixin.py:151} INFO - [2023-10-11T07:31:11.945+0000] {dag.py:2915} INFO - Sync 1 DAGs
[2023-10-11T07:31:11.960+0000] {logging_mixin.py:151} INFO - [2023-10-11T07:31:11.960+0000] {dag.py:3696} INFO - Setting next_dagrun for example_bash_operator to 2023-10-10T00:00:00+00:00, run_after=2023-10-11T00:00:00+00:00
[2023-10-11T07:31:11.971+0000] {processor.py:179} INFO - Processing /home/airflow/.local/lib/python3.8/site-packages/airflow/example_dags/example_bash_operator.py took 0.061 seconds
[2023-10-11T07:31:42.217+0000] {processor.py:157} INFO - Started process (PID=1707) to work on /home/airflow/.local/lib/python3.8/site-packages/airflow/example_dags/example_bash_operator.py
[2023-10-11T07:31:42.218+0000] {processor.py:829} INFO - Processing file /home/airflow/.local/lib/python3.8/site-packages/airflow/example_dags/example_bash_operator.py for tasks to queue
[2023-10-11T07:31:42.219+0000] {logging_mixin.py:151} INFO - [2023-10-11T07:31:42.219+0000] {dagbag.py:539} INFO - Filling up the DagBag from /home/airflow/.local/lib/python3.8/site-packages/airflow/example_dags/example_bash_operator.py
[2023-10-11T07:31:42.226+0000] {processor.py:839} INFO - DAG(s) dict_keys(['example_bash_operator']) retrieved from /home/airflow/.local/lib/python3.8/site-packages/airflow/example_dags/example_bash_operator.py
[2023-10-11T07:31:42.252+0000] {logging_mixin.py:151} INFO - [2023-10-11T07:31:42.252+0000] {dag.py:2915} INFO - Sync 1 DAGs
[2023-10-11T07:31:42.268+0000] {logging_mixin.py:151} INFO - [2023-10-11T07:31:42.268+0000] {dag.py:3696} INFO - Setting next_dagrun for example_bash_operator to 2023-10-10T00:00:00+00:00, run_after=2023-10-11T00:00:00+00:00
[2023-10-11T07:31:42.293+0000] {processor.py:179} INFO - Processing /home/airflow/.local/lib/python3.8/site-packages/airflow/example_dags/example_bash_operator.py took 0.078 seconds
