[2023-10-11T07:17:22.510+0000] {processor.py:157} INFO - Started process (PID=48) to work on /home/airflow/.local/lib/python3.8/site-packages/airflow/example_dags/example_task_group_decorator.py
[2023-10-11T07:17:22.511+0000] {processor.py:829} INFO - Processing file /home/airflow/.local/lib/python3.8/site-packages/airflow/example_dags/example_task_group_decorator.py for tasks to queue
[2023-10-11T07:17:22.513+0000] {logging_mixin.py:151} INFO - [2023-10-11T07:17:22.513+0000] {dagbag.py:539} INFO - Filling up the DagBag from /home/airflow/.local/lib/python3.8/site-packages/airflow/example_dags/example_task_group_decorator.py
[2023-10-11T07:17:22.525+0000] {processor.py:839} INFO - DAG(s) dict_keys(['example_task_group_decorator']) retrieved from /home/airflow/.local/lib/python3.8/site-packages/airflow/example_dags/example_task_group_decorator.py
[2023-10-11T07:17:22.548+0000] {logging_mixin.py:151} INFO - [2023-10-11T07:17:22.547+0000] {dag.py:2915} INFO - Sync 1 DAGs
[2023-10-11T07:17:22.563+0000] {logging_mixin.py:151} INFO - [2023-10-11T07:17:22.563+0000] {dag.py:3696} INFO - Setting next_dagrun for example_task_group_decorator to 2023-10-10T07:17:22.563576+00:00, run_after=2023-10-11T07:17:22.563576+00:00
[2023-10-11T07:17:22.577+0000] {processor.py:179} INFO - Processing /home/airflow/.local/lib/python3.8/site-packages/airflow/example_dags/example_task_group_decorator.py took 0.069 seconds
[2023-10-11T07:17:52.905+0000] {processor.py:157} INFO - Started process (PID=107) to work on /home/airflow/.local/lib/python3.8/site-packages/airflow/example_dags/example_task_group_decorator.py
[2023-10-11T07:17:52.905+0000] {processor.py:829} INFO - Processing file /home/airflow/.local/lib/python3.8/site-packages/airflow/example_dags/example_task_group_decorator.py for tasks to queue
[2023-10-11T07:17:52.907+0000] {logging_mixin.py:151} INFO - [2023-10-11T07:17:52.907+0000] {dagbag.py:539} INFO - Filling up the DagBag from /home/airflow/.local/lib/python3.8/site-packages/airflow/example_dags/example_task_group_decorator.py
[2023-10-11T07:17:52.914+0000] {processor.py:839} INFO - DAG(s) dict_keys(['example_task_group_decorator']) retrieved from /home/airflow/.local/lib/python3.8/site-packages/airflow/example_dags/example_task_group_decorator.py
[2023-10-11T07:17:52.931+0000] {logging_mixin.py:151} INFO - [2023-10-11T07:17:52.931+0000] {dag.py:2915} INFO - Sync 1 DAGs
[2023-10-11T07:17:52.943+0000] {logging_mixin.py:151} INFO - [2023-10-11T07:17:52.943+0000] {dag.py:3696} INFO - Setting next_dagrun for example_task_group_decorator to 2023-10-10T07:17:52.943420+00:00, run_after=2023-10-11T07:17:52.943420+00:00
[2023-10-11T07:17:52.953+0000] {processor.py:179} INFO - Processing /home/airflow/.local/lib/python3.8/site-packages/airflow/example_dags/example_task_group_decorator.py took 0.050 seconds
[2023-10-11T07:18:23.696+0000] {processor.py:157} INFO - Started process (PID=166) to work on /home/airflow/.local/lib/python3.8/site-packages/airflow/example_dags/example_task_group_decorator.py
[2023-10-11T07:18:23.697+0000] {processor.py:829} INFO - Processing file /home/airflow/.local/lib/python3.8/site-packages/airflow/example_dags/example_task_group_decorator.py for tasks to queue
[2023-10-11T07:18:23.698+0000] {logging_mixin.py:151} INFO - [2023-10-11T07:18:23.698+0000] {dagbag.py:539} INFO - Filling up the DagBag from /home/airflow/.local/lib/python3.8/site-packages/airflow/example_dags/example_task_group_decorator.py
[2023-10-11T07:18:23.705+0000] {processor.py:839} INFO - DAG(s) dict_keys(['example_task_group_decorator']) retrieved from /home/airflow/.local/lib/python3.8/site-packages/airflow/example_dags/example_task_group_decorator.py
[2023-10-11T07:18:23.722+0000] {logging_mixin.py:151} INFO - [2023-10-11T07:18:23.722+0000] {dag.py:2915} INFO - Sync 1 DAGs
[2023-10-11T07:18:23.734+0000] {logging_mixin.py:151} INFO - [2023-10-11T07:18:23.734+0000] {dag.py:3696} INFO - Setting next_dagrun for example_task_group_decorator to 2023-10-10T07:18:23.734463+00:00, run_after=2023-10-11T07:18:23.734463+00:00
[2023-10-11T07:18:23.743+0000] {processor.py:179} INFO - Processing /home/airflow/.local/lib/python3.8/site-packages/airflow/example_dags/example_task_group_decorator.py took 0.049 seconds
[2023-10-11T07:18:54.889+0000] {processor.py:157} INFO - Started process (PID=225) to work on /home/airflow/.local/lib/python3.8/site-packages/airflow/example_dags/example_task_group_decorator.py
[2023-10-11T07:18:54.890+0000] {processor.py:829} INFO - Processing file /home/airflow/.local/lib/python3.8/site-packages/airflow/example_dags/example_task_group_decorator.py for tasks to queue
[2023-10-11T07:18:54.891+0000] {logging_mixin.py:151} INFO - [2023-10-11T07:18:54.891+0000] {dagbag.py:539} INFO - Filling up the DagBag from /home/airflow/.local/lib/python3.8/site-packages/airflow/example_dags/example_task_group_decorator.py
[2023-10-11T07:18:54.898+0000] {processor.py:839} INFO - DAG(s) dict_keys(['example_task_group_decorator']) retrieved from /home/airflow/.local/lib/python3.8/site-packages/airflow/example_dags/example_task_group_decorator.py
[2023-10-11T07:18:54.916+0000] {logging_mixin.py:151} INFO - [2023-10-11T07:18:54.916+0000] {dag.py:2915} INFO - Sync 1 DAGs
[2023-10-11T07:18:54.930+0000] {logging_mixin.py:151} INFO - [2023-10-11T07:18:54.929+0000] {dag.py:3696} INFO - Setting next_dagrun for example_task_group_decorator to 2023-10-10T07:18:54.929763+00:00, run_after=2023-10-11T07:18:54.929763+00:00
[2023-10-11T07:18:54.940+0000] {processor.py:179} INFO - Processing /home/airflow/.local/lib/python3.8/site-packages/airflow/example_dags/example_task_group_decorator.py took 0.053 seconds
[2023-10-11T07:19:26.062+0000] {processor.py:157} INFO - Started process (PID=284) to work on /home/airflow/.local/lib/python3.8/site-packages/airflow/example_dags/example_task_group_decorator.py
[2023-10-11T07:19:26.062+0000] {processor.py:829} INFO - Processing file /home/airflow/.local/lib/python3.8/site-packages/airflow/example_dags/example_task_group_decorator.py for tasks to queue
[2023-10-11T07:19:26.064+0000] {logging_mixin.py:151} INFO - [2023-10-11T07:19:26.063+0000] {dagbag.py:539} INFO - Filling up the DagBag from /home/airflow/.local/lib/python3.8/site-packages/airflow/example_dags/example_task_group_decorator.py
[2023-10-11T07:19:26.071+0000] {processor.py:839} INFO - DAG(s) dict_keys(['example_task_group_decorator']) retrieved from /home/airflow/.local/lib/python3.8/site-packages/airflow/example_dags/example_task_group_decorator.py
[2023-10-11T07:19:26.089+0000] {logging_mixin.py:151} INFO - [2023-10-11T07:19:26.089+0000] {dag.py:2915} INFO - Sync 1 DAGs
[2023-10-11T07:19:26.102+0000] {logging_mixin.py:151} INFO - [2023-10-11T07:19:26.102+0000] {dag.py:3696} INFO - Setting next_dagrun for example_task_group_decorator to 2023-10-10T07:19:26.101930+00:00, run_after=2023-10-11T07:19:26.101930+00:00
[2023-10-11T07:19:26.112+0000] {processor.py:179} INFO - Processing /home/airflow/.local/lib/python3.8/site-packages/airflow/example_dags/example_task_group_decorator.py took 0.052 seconds
[2023-10-11T07:19:57.294+0000] {processor.py:157} INFO - Started process (PID=343) to work on /home/airflow/.local/lib/python3.8/site-packages/airflow/example_dags/example_task_group_decorator.py
[2023-10-11T07:19:57.295+0000] {processor.py:829} INFO - Processing file /home/airflow/.local/lib/python3.8/site-packages/airflow/example_dags/example_task_group_decorator.py for tasks to queue
[2023-10-11T07:19:57.297+0000] {logging_mixin.py:151} INFO - [2023-10-11T07:19:57.296+0000] {dagbag.py:539} INFO - Filling up the DagBag from /home/airflow/.local/lib/python3.8/site-packages/airflow/example_dags/example_task_group_decorator.py
[2023-10-11T07:19:57.304+0000] {processor.py:839} INFO - DAG(s) dict_keys(['example_task_group_decorator']) retrieved from /home/airflow/.local/lib/python3.8/site-packages/airflow/example_dags/example_task_group_decorator.py
[2023-10-11T07:19:57.322+0000] {logging_mixin.py:151} INFO - [2023-10-11T07:19:57.322+0000] {dag.py:2915} INFO - Sync 1 DAGs
[2023-10-11T07:19:57.335+0000] {logging_mixin.py:151} INFO - [2023-10-11T07:19:57.334+0000] {dag.py:3696} INFO - Setting next_dagrun for example_task_group_decorator to 2023-10-10T07:19:57.334753+00:00, run_after=2023-10-11T07:19:57.334753+00:00
[2023-10-11T07:19:57.345+0000] {processor.py:179} INFO - Processing /home/airflow/.local/lib/python3.8/site-packages/airflow/example_dags/example_task_group_decorator.py took 0.053 seconds
[2023-10-11T07:20:27.453+0000] {processor.py:157} INFO - Started process (PID=398) to work on /home/airflow/.local/lib/python3.8/site-packages/airflow/example_dags/example_task_group_decorator.py
[2023-10-11T07:20:27.454+0000] {processor.py:829} INFO - Processing file /home/airflow/.local/lib/python3.8/site-packages/airflow/example_dags/example_task_group_decorator.py for tasks to queue
[2023-10-11T07:20:27.455+0000] {logging_mixin.py:151} INFO - [2023-10-11T07:20:27.455+0000] {dagbag.py:539} INFO - Filling up the DagBag from /home/airflow/.local/lib/python3.8/site-packages/airflow/example_dags/example_task_group_decorator.py
[2023-10-11T07:20:27.463+0000] {processor.py:839} INFO - DAG(s) dict_keys(['example_task_group_decorator']) retrieved from /home/airflow/.local/lib/python3.8/site-packages/airflow/example_dags/example_task_group_decorator.py
[2023-10-11T07:20:27.483+0000] {logging_mixin.py:151} INFO - [2023-10-11T07:20:27.483+0000] {dag.py:2915} INFO - Sync 1 DAGs
[2023-10-11T07:20:27.496+0000] {logging_mixin.py:151} INFO - [2023-10-11T07:20:27.496+0000] {dag.py:3696} INFO - Setting next_dagrun for example_task_group_decorator to 2023-10-10T07:20:27.496244+00:00, run_after=2023-10-11T07:20:27.496244+00:00
[2023-10-11T07:20:27.506+0000] {processor.py:179} INFO - Processing /home/airflow/.local/lib/python3.8/site-packages/airflow/example_dags/example_task_group_decorator.py took 0.055 seconds
[2023-10-11T07:20:57.675+0000] {processor.py:157} INFO - Started process (PID=457) to work on /home/airflow/.local/lib/python3.8/site-packages/airflow/example_dags/example_task_group_decorator.py
[2023-10-11T07:20:57.676+0000] {processor.py:829} INFO - Processing file /home/airflow/.local/lib/python3.8/site-packages/airflow/example_dags/example_task_group_decorator.py for tasks to queue
[2023-10-11T07:20:57.677+0000] {logging_mixin.py:151} INFO - [2023-10-11T07:20:57.677+0000] {dagbag.py:539} INFO - Filling up the DagBag from /home/airflow/.local/lib/python3.8/site-packages/airflow/example_dags/example_task_group_decorator.py
[2023-10-11T07:20:57.685+0000] {processor.py:839} INFO - DAG(s) dict_keys(['example_task_group_decorator']) retrieved from /home/airflow/.local/lib/python3.8/site-packages/airflow/example_dags/example_task_group_decorator.py
[2023-10-11T07:20:57.703+0000] {logging_mixin.py:151} INFO - [2023-10-11T07:20:57.703+0000] {dag.py:2915} INFO - Sync 1 DAGs
[2023-10-11T07:20:57.716+0000] {logging_mixin.py:151} INFO - [2023-10-11T07:20:57.716+0000] {dag.py:3696} INFO - Setting next_dagrun for example_task_group_decorator to 2023-10-10T07:20:57.716202+00:00, run_after=2023-10-11T07:20:57.716202+00:00
[2023-10-11T07:20:57.727+0000] {processor.py:179} INFO - Processing /home/airflow/.local/lib/python3.8/site-packages/airflow/example_dags/example_task_group_decorator.py took 0.054 seconds
[2023-10-11T07:21:27.913+0000] {processor.py:157} INFO - Started process (PID=516) to work on /home/airflow/.local/lib/python3.8/site-packages/airflow/example_dags/example_task_group_decorator.py
[2023-10-11T07:21:27.913+0000] {processor.py:829} INFO - Processing file /home/airflow/.local/lib/python3.8/site-packages/airflow/example_dags/example_task_group_decorator.py for tasks to queue
[2023-10-11T07:21:27.915+0000] {logging_mixin.py:151} INFO - [2023-10-11T07:21:27.915+0000] {dagbag.py:539} INFO - Filling up the DagBag from /home/airflow/.local/lib/python3.8/site-packages/airflow/example_dags/example_task_group_decorator.py
[2023-10-11T07:21:27.923+0000] {processor.py:839} INFO - DAG(s) dict_keys(['example_task_group_decorator']) retrieved from /home/airflow/.local/lib/python3.8/site-packages/airflow/example_dags/example_task_group_decorator.py
[2023-10-11T07:21:27.941+0000] {logging_mixin.py:151} INFO - [2023-10-11T07:21:27.941+0000] {dag.py:2915} INFO - Sync 1 DAGs
[2023-10-11T07:21:27.954+0000] {logging_mixin.py:151} INFO - [2023-10-11T07:21:27.954+0000] {dag.py:3696} INFO - Setting next_dagrun for example_task_group_decorator to 2023-10-10T07:21:27.954036+00:00, run_after=2023-10-11T07:21:27.954036+00:00
[2023-10-11T07:21:27.964+0000] {processor.py:179} INFO - Processing /home/airflow/.local/lib/python3.8/site-packages/airflow/example_dags/example_task_group_decorator.py took 0.053 seconds
[2023-10-11T07:21:58.599+0000] {processor.py:157} INFO - Started process (PID=575) to work on /home/airflow/.local/lib/python3.8/site-packages/airflow/example_dags/example_task_group_decorator.py
[2023-10-11T07:21:58.600+0000] {processor.py:829} INFO - Processing file /home/airflow/.local/lib/python3.8/site-packages/airflow/example_dags/example_task_group_decorator.py for tasks to queue
[2023-10-11T07:21:58.601+0000] {logging_mixin.py:151} INFO - [2023-10-11T07:21:58.601+0000] {dagbag.py:539} INFO - Filling up the DagBag from /home/airflow/.local/lib/python3.8/site-packages/airflow/example_dags/example_task_group_decorator.py
[2023-10-11T07:21:58.608+0000] {processor.py:839} INFO - DAG(s) dict_keys(['example_task_group_decorator']) retrieved from /home/airflow/.local/lib/python3.8/site-packages/airflow/example_dags/example_task_group_decorator.py
[2023-10-11T07:21:58.626+0000] {logging_mixin.py:151} INFO - [2023-10-11T07:21:58.626+0000] {dag.py:2915} INFO - Sync 1 DAGs
[2023-10-11T07:21:58.640+0000] {logging_mixin.py:151} INFO - [2023-10-11T07:21:58.640+0000] {dag.py:3696} INFO - Setting next_dagrun for example_task_group_decorator to 2023-10-10T07:21:58.640356+00:00, run_after=2023-10-11T07:21:58.640356+00:00
[2023-10-11T07:21:58.650+0000] {processor.py:179} INFO - Processing /home/airflow/.local/lib/python3.8/site-packages/airflow/example_dags/example_task_group_decorator.py took 0.053 seconds
[2023-10-11T07:22:29.194+0000] {processor.py:157} INFO - Started process (PID=634) to work on /home/airflow/.local/lib/python3.8/site-packages/airflow/example_dags/example_task_group_decorator.py
[2023-10-11T07:22:29.195+0000] {processor.py:829} INFO - Processing file /home/airflow/.local/lib/python3.8/site-packages/airflow/example_dags/example_task_group_decorator.py for tasks to queue
[2023-10-11T07:22:29.196+0000] {logging_mixin.py:151} INFO - [2023-10-11T07:22:29.196+0000] {dagbag.py:539} INFO - Filling up the DagBag from /home/airflow/.local/lib/python3.8/site-packages/airflow/example_dags/example_task_group_decorator.py
[2023-10-11T07:22:29.203+0000] {processor.py:839} INFO - DAG(s) dict_keys(['example_task_group_decorator']) retrieved from /home/airflow/.local/lib/python3.8/site-packages/airflow/example_dags/example_task_group_decorator.py
[2023-10-11T07:22:29.223+0000] {logging_mixin.py:151} INFO - [2023-10-11T07:22:29.223+0000] {dag.py:2915} INFO - Sync 1 DAGs
[2023-10-11T07:22:29.236+0000] {logging_mixin.py:151} INFO - [2023-10-11T07:22:29.236+0000] {dag.py:3696} INFO - Setting next_dagrun for example_task_group_decorator to 2023-10-10T07:22:29.235924+00:00, run_after=2023-10-11T07:22:29.235924+00:00
[2023-10-11T07:22:29.245+0000] {processor.py:179} INFO - Processing /home/airflow/.local/lib/python3.8/site-packages/airflow/example_dags/example_task_group_decorator.py took 0.053 seconds
[2023-10-11T07:22:59.600+0000] {processor.py:157} INFO - Started process (PID=692) to work on /home/airflow/.local/lib/python3.8/site-packages/airflow/example_dags/example_task_group_decorator.py
[2023-10-11T07:22:59.601+0000] {processor.py:829} INFO - Processing file /home/airflow/.local/lib/python3.8/site-packages/airflow/example_dags/example_task_group_decorator.py for tasks to queue
[2023-10-11T07:22:59.602+0000] {logging_mixin.py:151} INFO - [2023-10-11T07:22:59.602+0000] {dagbag.py:539} INFO - Filling up the DagBag from /home/airflow/.local/lib/python3.8/site-packages/airflow/example_dags/example_task_group_decorator.py
[2023-10-11T07:22:59.609+0000] {processor.py:839} INFO - DAG(s) dict_keys(['example_task_group_decorator']) retrieved from /home/airflow/.local/lib/python3.8/site-packages/airflow/example_dags/example_task_group_decorator.py
[2023-10-11T07:22:59.626+0000] {logging_mixin.py:151} INFO - [2023-10-11T07:22:59.626+0000] {dag.py:2915} INFO - Sync 1 DAGs
[2023-10-11T07:22:59.638+0000] {logging_mixin.py:151} INFO - [2023-10-11T07:22:59.638+0000] {dag.py:3696} INFO - Setting next_dagrun for example_task_group_decorator to 2023-10-10T07:22:59.638676+00:00, run_after=2023-10-11T07:22:59.638676+00:00
[2023-10-11T07:22:59.647+0000] {processor.py:179} INFO - Processing /home/airflow/.local/lib/python3.8/site-packages/airflow/example_dags/example_task_group_decorator.py took 0.049 seconds
[2023-10-11T07:23:29.965+0000] {processor.py:157} INFO - Started process (PID=751) to work on /home/airflow/.local/lib/python3.8/site-packages/airflow/example_dags/example_task_group_decorator.py
[2023-10-11T07:23:29.966+0000] {processor.py:829} INFO - Processing file /home/airflow/.local/lib/python3.8/site-packages/airflow/example_dags/example_task_group_decorator.py for tasks to queue
[2023-10-11T07:23:29.968+0000] {logging_mixin.py:151} INFO - [2023-10-11T07:23:29.967+0000] {dagbag.py:539} INFO - Filling up the DagBag from /home/airflow/.local/lib/python3.8/site-packages/airflow/example_dags/example_task_group_decorator.py
[2023-10-11T07:23:29.975+0000] {processor.py:839} INFO - DAG(s) dict_keys(['example_task_group_decorator']) retrieved from /home/airflow/.local/lib/python3.8/site-packages/airflow/example_dags/example_task_group_decorator.py
[2023-10-11T07:23:29.994+0000] {logging_mixin.py:151} INFO - [2023-10-11T07:23:29.994+0000] {dag.py:2915} INFO - Sync 1 DAGs
[2023-10-11T07:23:30.009+0000] {logging_mixin.py:151} INFO - [2023-10-11T07:23:30.009+0000] {dag.py:3696} INFO - Setting next_dagrun for example_task_group_decorator to 2023-10-10T07:23:30.009105+00:00, run_after=2023-10-11T07:23:30.009105+00:00
[2023-10-11T07:23:30.021+0000] {processor.py:179} INFO - Processing /home/airflow/.local/lib/python3.8/site-packages/airflow/example_dags/example_task_group_decorator.py took 0.059 seconds
[2023-10-11T07:24:00.403+0000] {processor.py:157} INFO - Started process (PID=810) to work on /home/airflow/.local/lib/python3.8/site-packages/airflow/example_dags/example_task_group_decorator.py
[2023-10-11T07:24:00.404+0000] {processor.py:829} INFO - Processing file /home/airflow/.local/lib/python3.8/site-packages/airflow/example_dags/example_task_group_decorator.py for tasks to queue
[2023-10-11T07:24:00.405+0000] {logging_mixin.py:151} INFO - [2023-10-11T07:24:00.405+0000] {dagbag.py:539} INFO - Filling up the DagBag from /home/airflow/.local/lib/python3.8/site-packages/airflow/example_dags/example_task_group_decorator.py
[2023-10-11T07:24:00.412+0000] {processor.py:839} INFO - DAG(s) dict_keys(['example_task_group_decorator']) retrieved from /home/airflow/.local/lib/python3.8/site-packages/airflow/example_dags/example_task_group_decorator.py
[2023-10-11T07:24:00.430+0000] {logging_mixin.py:151} INFO - [2023-10-11T07:24:00.430+0000] {dag.py:2915} INFO - Sync 1 DAGs
[2023-10-11T07:24:00.443+0000] {logging_mixin.py:151} INFO - [2023-10-11T07:24:00.443+0000] {dag.py:3696} INFO - Setting next_dagrun for example_task_group_decorator to 2023-10-10T07:24:00.442799+00:00, run_after=2023-10-11T07:24:00.442799+00:00
[2023-10-11T07:24:00.452+0000] {processor.py:179} INFO - Processing /home/airflow/.local/lib/python3.8/site-packages/airflow/example_dags/example_task_group_decorator.py took 0.051 seconds
[2023-10-11T07:24:30.680+0000] {processor.py:157} INFO - Started process (PID=869) to work on /home/airflow/.local/lib/python3.8/site-packages/airflow/example_dags/example_task_group_decorator.py
[2023-10-11T07:24:30.681+0000] {processor.py:829} INFO - Processing file /home/airflow/.local/lib/python3.8/site-packages/airflow/example_dags/example_task_group_decorator.py for tasks to queue
[2023-10-11T07:24:30.682+0000] {logging_mixin.py:151} INFO - [2023-10-11T07:24:30.682+0000] {dagbag.py:539} INFO - Filling up the DagBag from /home/airflow/.local/lib/python3.8/site-packages/airflow/example_dags/example_task_group_decorator.py
[2023-10-11T07:24:30.690+0000] {processor.py:839} INFO - DAG(s) dict_keys(['example_task_group_decorator']) retrieved from /home/airflow/.local/lib/python3.8/site-packages/airflow/example_dags/example_task_group_decorator.py
[2023-10-11T07:24:30.707+0000] {logging_mixin.py:151} INFO - [2023-10-11T07:24:30.707+0000] {dag.py:2915} INFO - Sync 1 DAGs
[2023-10-11T07:24:30.720+0000] {logging_mixin.py:151} INFO - [2023-10-11T07:24:30.720+0000] {dag.py:3696} INFO - Setting next_dagrun for example_task_group_decorator to 2023-10-10T07:24:30.720195+00:00, run_after=2023-10-11T07:24:30.720195+00:00
[2023-10-11T07:24:30.730+0000] {processor.py:179} INFO - Processing /home/airflow/.local/lib/python3.8/site-packages/airflow/example_dags/example_task_group_decorator.py took 0.052 seconds
[2023-10-11T07:25:01.910+0000] {processor.py:157} INFO - Started process (PID=928) to work on /home/airflow/.local/lib/python3.8/site-packages/airflow/example_dags/example_task_group_decorator.py
[2023-10-11T07:25:01.911+0000] {processor.py:829} INFO - Processing file /home/airflow/.local/lib/python3.8/site-packages/airflow/example_dags/example_task_group_decorator.py for tasks to queue
[2023-10-11T07:25:01.913+0000] {logging_mixin.py:151} INFO - [2023-10-11T07:25:01.913+0000] {dagbag.py:539} INFO - Filling up the DagBag from /home/airflow/.local/lib/python3.8/site-packages/airflow/example_dags/example_task_group_decorator.py
[2023-10-11T07:25:01.922+0000] {processor.py:839} INFO - DAG(s) dict_keys(['example_task_group_decorator']) retrieved from /home/airflow/.local/lib/python3.8/site-packages/airflow/example_dags/example_task_group_decorator.py
[2023-10-11T07:25:01.941+0000] {logging_mixin.py:151} INFO - [2023-10-11T07:25:01.941+0000] {dag.py:2915} INFO - Sync 1 DAGs
[2023-10-11T07:25:01.955+0000] {logging_mixin.py:151} INFO - [2023-10-11T07:25:01.955+0000] {dag.py:3696} INFO - Setting next_dagrun for example_task_group_decorator to 2023-10-10T07:25:01.955268+00:00, run_after=2023-10-11T07:25:01.955268+00:00
[2023-10-11T07:25:01.967+0000] {processor.py:179} INFO - Processing /home/airflow/.local/lib/python3.8/site-packages/airflow/example_dags/example_task_group_decorator.py took 0.060 seconds
[2023-10-11T07:25:33.046+0000] {processor.py:157} INFO - Started process (PID=987) to work on /home/airflow/.local/lib/python3.8/site-packages/airflow/example_dags/example_task_group_decorator.py
[2023-10-11T07:25:33.047+0000] {processor.py:829} INFO - Processing file /home/airflow/.local/lib/python3.8/site-packages/airflow/example_dags/example_task_group_decorator.py for tasks to queue
[2023-10-11T07:25:33.048+0000] {logging_mixin.py:151} INFO - [2023-10-11T07:25:33.048+0000] {dagbag.py:539} INFO - Filling up the DagBag from /home/airflow/.local/lib/python3.8/site-packages/airflow/example_dags/example_task_group_decorator.py
[2023-10-11T07:25:33.056+0000] {processor.py:839} INFO - DAG(s) dict_keys(['example_task_group_decorator']) retrieved from /home/airflow/.local/lib/python3.8/site-packages/airflow/example_dags/example_task_group_decorator.py
[2023-10-11T07:25:33.076+0000] {logging_mixin.py:151} INFO - [2023-10-11T07:25:33.076+0000] {dag.py:2915} INFO - Sync 1 DAGs
[2023-10-11T07:25:33.090+0000] {logging_mixin.py:151} INFO - [2023-10-11T07:25:33.089+0000] {dag.py:3696} INFO - Setting next_dagrun for example_task_group_decorator to 2023-10-10T07:25:33.089638+00:00, run_after=2023-10-11T07:25:33.089638+00:00
[2023-10-11T07:25:33.108+0000] {processor.py:179} INFO - Processing /home/airflow/.local/lib/python3.8/site-packages/airflow/example_dags/example_task_group_decorator.py took 0.065 seconds
[2023-10-11T07:26:04.163+0000] {processor.py:157} INFO - Started process (PID=1046) to work on /home/airflow/.local/lib/python3.8/site-packages/airflow/example_dags/example_task_group_decorator.py
[2023-10-11T07:26:04.164+0000] {processor.py:829} INFO - Processing file /home/airflow/.local/lib/python3.8/site-packages/airflow/example_dags/example_task_group_decorator.py for tasks to queue
[2023-10-11T07:26:04.166+0000] {logging_mixin.py:151} INFO - [2023-10-11T07:26:04.165+0000] {dagbag.py:539} INFO - Filling up the DagBag from /home/airflow/.local/lib/python3.8/site-packages/airflow/example_dags/example_task_group_decorator.py
[2023-10-11T07:26:04.176+0000] {processor.py:839} INFO - DAG(s) dict_keys(['example_task_group_decorator']) retrieved from /home/airflow/.local/lib/python3.8/site-packages/airflow/example_dags/example_task_group_decorator.py
[2023-10-11T07:26:04.202+0000] {logging_mixin.py:151} INFO - [2023-10-11T07:26:04.202+0000] {dag.py:2915} INFO - Sync 1 DAGs
[2023-10-11T07:26:04.220+0000] {logging_mixin.py:151} INFO - [2023-10-11T07:26:04.219+0000] {dag.py:3696} INFO - Setting next_dagrun for example_task_group_decorator to 2023-10-10T07:26:04.219327+00:00, run_after=2023-10-11T07:26:04.219327+00:00
[2023-10-11T07:26:04.233+0000] {processor.py:179} INFO - Processing /home/airflow/.local/lib/python3.8/site-packages/airflow/example_dags/example_task_group_decorator.py took 0.072 seconds
[2023-10-11T07:26:35.339+0000] {processor.py:157} INFO - Started process (PID=1105) to work on /home/airflow/.local/lib/python3.8/site-packages/airflow/example_dags/example_task_group_decorator.py
[2023-10-11T07:26:35.339+0000] {processor.py:829} INFO - Processing file /home/airflow/.local/lib/python3.8/site-packages/airflow/example_dags/example_task_group_decorator.py for tasks to queue
[2023-10-11T07:26:35.340+0000] {logging_mixin.py:151} INFO - [2023-10-11T07:26:35.340+0000] {dagbag.py:539} INFO - Filling up the DagBag from /home/airflow/.local/lib/python3.8/site-packages/airflow/example_dags/example_task_group_decorator.py
[2023-10-11T07:26:35.348+0000] {processor.py:839} INFO - DAG(s) dict_keys(['example_task_group_decorator']) retrieved from /home/airflow/.local/lib/python3.8/site-packages/airflow/example_dags/example_task_group_decorator.py
[2023-10-11T07:26:35.365+0000] {logging_mixin.py:151} INFO - [2023-10-11T07:26:35.365+0000] {dag.py:2915} INFO - Sync 1 DAGs
[2023-10-11T07:26:35.377+0000] {logging_mixin.py:151} INFO - [2023-10-11T07:26:35.376+0000] {dag.py:3696} INFO - Setting next_dagrun for example_task_group_decorator to 2023-10-10T07:26:35.376753+00:00, run_after=2023-10-11T07:26:35.376753+00:00
[2023-10-11T07:26:35.385+0000] {processor.py:179} INFO - Processing /home/airflow/.local/lib/python3.8/site-packages/airflow/example_dags/example_task_group_decorator.py took 0.049 seconds
[2023-10-11T07:27:05.741+0000] {processor.py:157} INFO - Started process (PID=1164) to work on /home/airflow/.local/lib/python3.8/site-packages/airflow/example_dags/example_task_group_decorator.py
[2023-10-11T07:27:05.742+0000] {processor.py:829} INFO - Processing file /home/airflow/.local/lib/python3.8/site-packages/airflow/example_dags/example_task_group_decorator.py for tasks to queue
[2023-10-11T07:27:05.743+0000] {logging_mixin.py:151} INFO - [2023-10-11T07:27:05.743+0000] {dagbag.py:539} INFO - Filling up the DagBag from /home/airflow/.local/lib/python3.8/site-packages/airflow/example_dags/example_task_group_decorator.py
[2023-10-11T07:27:05.751+0000] {processor.py:839} INFO - DAG(s) dict_keys(['example_task_group_decorator']) retrieved from /home/airflow/.local/lib/python3.8/site-packages/airflow/example_dags/example_task_group_decorator.py
[2023-10-11T07:27:05.768+0000] {logging_mixin.py:151} INFO - [2023-10-11T07:27:05.768+0000] {dag.py:2915} INFO - Sync 1 DAGs
[2023-10-11T07:27:05.781+0000] {logging_mixin.py:151} INFO - [2023-10-11T07:27:05.781+0000] {dag.py:3696} INFO - Setting next_dagrun for example_task_group_decorator to 2023-10-10T07:27:05.781196+00:00, run_after=2023-10-11T07:27:05.781196+00:00
[2023-10-11T07:27:05.790+0000] {processor.py:179} INFO - Processing /home/airflow/.local/lib/python3.8/site-packages/airflow/example_dags/example_task_group_decorator.py took 0.051 seconds
[2023-10-11T07:27:36.502+0000] {processor.py:157} INFO - Started process (PID=1223) to work on /home/airflow/.local/lib/python3.8/site-packages/airflow/example_dags/example_task_group_decorator.py
[2023-10-11T07:27:36.503+0000] {processor.py:829} INFO - Processing file /home/airflow/.local/lib/python3.8/site-packages/airflow/example_dags/example_task_group_decorator.py for tasks to queue
[2023-10-11T07:27:36.504+0000] {logging_mixin.py:151} INFO - [2023-10-11T07:27:36.504+0000] {dagbag.py:539} INFO - Filling up the DagBag from /home/airflow/.local/lib/python3.8/site-packages/airflow/example_dags/example_task_group_decorator.py
[2023-10-11T07:27:36.512+0000] {processor.py:839} INFO - DAG(s) dict_keys(['example_task_group_decorator']) retrieved from /home/airflow/.local/lib/python3.8/site-packages/airflow/example_dags/example_task_group_decorator.py
[2023-10-11T07:27:36.530+0000] {logging_mixin.py:151} INFO - [2023-10-11T07:27:36.530+0000] {dag.py:2915} INFO - Sync 1 DAGs
[2023-10-11T07:27:36.543+0000] {logging_mixin.py:151} INFO - [2023-10-11T07:27:36.543+0000] {dag.py:3696} INFO - Setting next_dagrun for example_task_group_decorator to 2023-10-10T07:27:36.543053+00:00, run_after=2023-10-11T07:27:36.543053+00:00
[2023-10-11T07:27:36.553+0000] {processor.py:179} INFO - Processing /home/airflow/.local/lib/python3.8/site-packages/airflow/example_dags/example_task_group_decorator.py took 0.053 seconds
[2023-10-11T07:28:07.641+0000] {processor.py:157} INFO - Started process (PID=1282) to work on /home/airflow/.local/lib/python3.8/site-packages/airflow/example_dags/example_task_group_decorator.py
[2023-10-11T07:28:07.642+0000] {processor.py:829} INFO - Processing file /home/airflow/.local/lib/python3.8/site-packages/airflow/example_dags/example_task_group_decorator.py for tasks to queue
[2023-10-11T07:28:07.643+0000] {logging_mixin.py:151} INFO - [2023-10-11T07:28:07.643+0000] {dagbag.py:539} INFO - Filling up the DagBag from /home/airflow/.local/lib/python3.8/site-packages/airflow/example_dags/example_task_group_decorator.py
[2023-10-11T07:28:07.650+0000] {processor.py:839} INFO - DAG(s) dict_keys(['example_task_group_decorator']) retrieved from /home/airflow/.local/lib/python3.8/site-packages/airflow/example_dags/example_task_group_decorator.py
[2023-10-11T07:28:07.667+0000] {logging_mixin.py:151} INFO - [2023-10-11T07:28:07.667+0000] {dag.py:2915} INFO - Sync 1 DAGs
[2023-10-11T07:28:07.680+0000] {logging_mixin.py:151} INFO - [2023-10-11T07:28:07.680+0000] {dag.py:3696} INFO - Setting next_dagrun for example_task_group_decorator to 2023-10-10T07:28:07.680411+00:00, run_after=2023-10-11T07:28:07.680411+00:00
[2023-10-11T07:28:07.689+0000] {processor.py:179} INFO - Processing /home/airflow/.local/lib/python3.8/site-packages/airflow/example_dags/example_task_group_decorator.py took 0.050 seconds
[2023-10-11T07:28:38.115+0000] {processor.py:157} INFO - Started process (PID=1341) to work on /home/airflow/.local/lib/python3.8/site-packages/airflow/example_dags/example_task_group_decorator.py
[2023-10-11T07:28:38.116+0000] {processor.py:829} INFO - Processing file /home/airflow/.local/lib/python3.8/site-packages/airflow/example_dags/example_task_group_decorator.py for tasks to queue
[2023-10-11T07:28:38.117+0000] {logging_mixin.py:151} INFO - [2023-10-11T07:28:38.117+0000] {dagbag.py:539} INFO - Filling up the DagBag from /home/airflow/.local/lib/python3.8/site-packages/airflow/example_dags/example_task_group_decorator.py
[2023-10-11T07:28:38.124+0000] {processor.py:839} INFO - DAG(s) dict_keys(['example_task_group_decorator']) retrieved from /home/airflow/.local/lib/python3.8/site-packages/airflow/example_dags/example_task_group_decorator.py
[2023-10-11T07:28:38.141+0000] {logging_mixin.py:151} INFO - [2023-10-11T07:28:38.141+0000] {dag.py:2915} INFO - Sync 1 DAGs
[2023-10-11T07:28:38.153+0000] {logging_mixin.py:151} INFO - [2023-10-11T07:28:38.153+0000] {dag.py:3696} INFO - Setting next_dagrun for example_task_group_decorator to 2023-10-10T07:28:38.153567+00:00, run_after=2023-10-11T07:28:38.153567+00:00
[2023-10-11T07:28:38.162+0000] {processor.py:179} INFO - Processing /home/airflow/.local/lib/python3.8/site-packages/airflow/example_dags/example_task_group_decorator.py took 0.049 seconds
[2023-10-11T07:29:09.287+0000] {processor.py:157} INFO - Started process (PID=1400) to work on /home/airflow/.local/lib/python3.8/site-packages/airflow/example_dags/example_task_group_decorator.py
[2023-10-11T07:29:09.288+0000] {processor.py:829} INFO - Processing file /home/airflow/.local/lib/python3.8/site-packages/airflow/example_dags/example_task_group_decorator.py for tasks to queue
[2023-10-11T07:29:09.289+0000] {logging_mixin.py:151} INFO - [2023-10-11T07:29:09.289+0000] {dagbag.py:539} INFO - Filling up the DagBag from /home/airflow/.local/lib/python3.8/site-packages/airflow/example_dags/example_task_group_decorator.py
[2023-10-11T07:29:09.296+0000] {processor.py:839} INFO - DAG(s) dict_keys(['example_task_group_decorator']) retrieved from /home/airflow/.local/lib/python3.8/site-packages/airflow/example_dags/example_task_group_decorator.py
[2023-10-11T07:29:09.314+0000] {logging_mixin.py:151} INFO - [2023-10-11T07:29:09.313+0000] {dag.py:2915} INFO - Sync 1 DAGs
[2023-10-11T07:29:09.326+0000] {logging_mixin.py:151} INFO - [2023-10-11T07:29:09.326+0000] {dag.py:3696} INFO - Setting next_dagrun for example_task_group_decorator to 2023-10-10T07:29:09.326116+00:00, run_after=2023-10-11T07:29:09.326116+00:00
[2023-10-11T07:29:09.335+0000] {processor.py:179} INFO - Processing /home/airflow/.local/lib/python3.8/site-packages/airflow/example_dags/example_task_group_decorator.py took 0.050 seconds
[2023-10-11T07:29:40.023+0000] {processor.py:157} INFO - Started process (PID=1459) to work on /home/airflow/.local/lib/python3.8/site-packages/airflow/example_dags/example_task_group_decorator.py
[2023-10-11T07:29:40.025+0000] {processor.py:829} INFO - Processing file /home/airflow/.local/lib/python3.8/site-packages/airflow/example_dags/example_task_group_decorator.py for tasks to queue
[2023-10-11T07:29:40.027+0000] {logging_mixin.py:151} INFO - [2023-10-11T07:29:40.026+0000] {dagbag.py:539} INFO - Filling up the DagBag from /home/airflow/.local/lib/python3.8/site-packages/airflow/example_dags/example_task_group_decorator.py
[2023-10-11T07:29:40.035+0000] {processor.py:839} INFO - DAG(s) dict_keys(['example_task_group_decorator']) retrieved from /home/airflow/.local/lib/python3.8/site-packages/airflow/example_dags/example_task_group_decorator.py
[2023-10-11T07:29:40.056+0000] {logging_mixin.py:151} INFO - [2023-10-11T07:29:40.055+0000] {dag.py:2915} INFO - Sync 1 DAGs
[2023-10-11T07:29:40.071+0000] {logging_mixin.py:151} INFO - [2023-10-11T07:29:40.071+0000] {dag.py:3696} INFO - Setting next_dagrun for example_task_group_decorator to 2023-10-10T07:29:40.070903+00:00, run_after=2023-10-11T07:29:40.070903+00:00
[2023-10-11T07:29:40.082+0000] {processor.py:179} INFO - Processing /home/airflow/.local/lib/python3.8/site-packages/airflow/example_dags/example_task_group_decorator.py took 0.062 seconds
[2023-10-11T07:30:11.121+0000] {processor.py:157} INFO - Started process (PID=1518) to work on /home/airflow/.local/lib/python3.8/site-packages/airflow/example_dags/example_task_group_decorator.py
[2023-10-11T07:30:11.122+0000] {processor.py:829} INFO - Processing file /home/airflow/.local/lib/python3.8/site-packages/airflow/example_dags/example_task_group_decorator.py for tasks to queue
[2023-10-11T07:30:11.123+0000] {logging_mixin.py:151} INFO - [2023-10-11T07:30:11.123+0000] {dagbag.py:539} INFO - Filling up the DagBag from /home/airflow/.local/lib/python3.8/site-packages/airflow/example_dags/example_task_group_decorator.py
[2023-10-11T07:30:11.131+0000] {processor.py:839} INFO - DAG(s) dict_keys(['example_task_group_decorator']) retrieved from /home/airflow/.local/lib/python3.8/site-packages/airflow/example_dags/example_task_group_decorator.py
[2023-10-11T07:30:11.148+0000] {logging_mixin.py:151} INFO - [2023-10-11T07:30:11.148+0000] {dag.py:2915} INFO - Sync 1 DAGs
[2023-10-11T07:30:11.161+0000] {logging_mixin.py:151} INFO - [2023-10-11T07:30:11.161+0000] {dag.py:3696} INFO - Setting next_dagrun for example_task_group_decorator to 2023-10-10T07:30:11.160947+00:00, run_after=2023-10-11T07:30:11.160947+00:00
[2023-10-11T07:30:11.170+0000] {processor.py:179} INFO - Processing /home/airflow/.local/lib/python3.8/site-packages/airflow/example_dags/example_task_group_decorator.py took 0.051 seconds
[2023-10-11T07:30:41.400+0000] {processor.py:157} INFO - Started process (PID=1576) to work on /home/airflow/.local/lib/python3.8/site-packages/airflow/example_dags/example_task_group_decorator.py
[2023-10-11T07:30:41.400+0000] {processor.py:829} INFO - Processing file /home/airflow/.local/lib/python3.8/site-packages/airflow/example_dags/example_task_group_decorator.py for tasks to queue
[2023-10-11T07:30:41.402+0000] {logging_mixin.py:151} INFO - [2023-10-11T07:30:41.402+0000] {dagbag.py:539} INFO - Filling up the DagBag from /home/airflow/.local/lib/python3.8/site-packages/airflow/example_dags/example_task_group_decorator.py
[2023-10-11T07:30:41.410+0000] {processor.py:839} INFO - DAG(s) dict_keys(['example_task_group_decorator']) retrieved from /home/airflow/.local/lib/python3.8/site-packages/airflow/example_dags/example_task_group_decorator.py
[2023-10-11T07:30:41.428+0000] {logging_mixin.py:151} INFO - [2023-10-11T07:30:41.428+0000] {dag.py:2915} INFO - Sync 1 DAGs
[2023-10-11T07:30:41.442+0000] {logging_mixin.py:151} INFO - [2023-10-11T07:30:41.441+0000] {dag.py:3696} INFO - Setting next_dagrun for example_task_group_decorator to 2023-10-10T07:30:41.441719+00:00, run_after=2023-10-11T07:30:41.441719+00:00
[2023-10-11T07:30:41.451+0000] {processor.py:179} INFO - Processing /home/airflow/.local/lib/python3.8/site-packages/airflow/example_dags/example_task_group_decorator.py took 0.054 seconds
[2023-10-11T07:31:11.629+0000] {processor.py:157} INFO - Started process (PID=1634) to work on /home/airflow/.local/lib/python3.8/site-packages/airflow/example_dags/example_task_group_decorator.py
[2023-10-11T07:31:11.630+0000] {processor.py:829} INFO - Processing file /home/airflow/.local/lib/python3.8/site-packages/airflow/example_dags/example_task_group_decorator.py for tasks to queue
[2023-10-11T07:31:11.631+0000] {logging_mixin.py:151} INFO - [2023-10-11T07:31:11.631+0000] {dagbag.py:539} INFO - Filling up the DagBag from /home/airflow/.local/lib/python3.8/site-packages/airflow/example_dags/example_task_group_decorator.py
[2023-10-11T07:31:11.639+0000] {processor.py:839} INFO - DAG(s) dict_keys(['example_task_group_decorator']) retrieved from /home/airflow/.local/lib/python3.8/site-packages/airflow/example_dags/example_task_group_decorator.py
[2023-10-11T07:31:11.657+0000] {logging_mixin.py:151} INFO - [2023-10-11T07:31:11.657+0000] {dag.py:2915} INFO - Sync 1 DAGs
[2023-10-11T07:31:11.671+0000] {logging_mixin.py:151} INFO - [2023-10-11T07:31:11.670+0000] {dag.py:3696} INFO - Setting next_dagrun for example_task_group_decorator to 2023-10-10T07:31:11.670762+00:00, run_after=2023-10-11T07:31:11.670762+00:00
[2023-10-11T07:31:11.680+0000] {processor.py:179} INFO - Processing /home/airflow/.local/lib/python3.8/site-packages/airflow/example_dags/example_task_group_decorator.py took 0.053 seconds
[2023-10-11T07:31:41.935+0000] {processor.py:157} INFO - Started process (PID=1693) to work on /home/airflow/.local/lib/python3.8/site-packages/airflow/example_dags/example_task_group_decorator.py
[2023-10-11T07:31:41.935+0000] {processor.py:829} INFO - Processing file /home/airflow/.local/lib/python3.8/site-packages/airflow/example_dags/example_task_group_decorator.py for tasks to queue
[2023-10-11T07:31:41.937+0000] {logging_mixin.py:151} INFO - [2023-10-11T07:31:41.936+0000] {dagbag.py:539} INFO - Filling up the DagBag from /home/airflow/.local/lib/python3.8/site-packages/airflow/example_dags/example_task_group_decorator.py
[2023-10-11T07:31:41.944+0000] {processor.py:839} INFO - DAG(s) dict_keys(['example_task_group_decorator']) retrieved from /home/airflow/.local/lib/python3.8/site-packages/airflow/example_dags/example_task_group_decorator.py
[2023-10-11T07:31:41.963+0000] {logging_mixin.py:151} INFO - [2023-10-11T07:31:41.962+0000] {dag.py:2915} INFO - Sync 1 DAGs
[2023-10-11T07:31:41.976+0000] {logging_mixin.py:151} INFO - [2023-10-11T07:31:41.976+0000] {dag.py:3696} INFO - Setting next_dagrun for example_task_group_decorator to 2023-10-10T07:31:41.976463+00:00, run_after=2023-10-11T07:31:41.976463+00:00
[2023-10-11T07:31:41.987+0000] {processor.py:179} INFO - Processing /home/airflow/.local/lib/python3.8/site-packages/airflow/example_dags/example_task_group_decorator.py took 0.054 seconds
