[2023-10-11T07:17:22.431+0000] {processor.py:157} INFO - Started process (PID=47) to work on /home/airflow/.local/lib/python3.8/site-packages/airflow/example_dags/example_latest_only_with_trigger.py
[2023-10-11T07:17:22.432+0000] {processor.py:829} INFO - Processing file /home/airflow/.local/lib/python3.8/site-packages/airflow/example_dags/example_latest_only_with_trigger.py for tasks to queue
[2023-10-11T07:17:22.434+0000] {logging_mixin.py:151} INFO - [2023-10-11T07:17:22.434+0000] {dagbag.py:539} INFO - Filling up the DagBag from /home/airflow/.local/lib/python3.8/site-packages/airflow/example_dags/example_latest_only_with_trigger.py
[2023-10-11T07:17:22.441+0000] {processor.py:839} INFO - DAG(s) dict_keys(['latest_only_with_trigger']) retrieved from /home/airflow/.local/lib/python3.8/site-packages/airflow/example_dags/example_latest_only_with_trigger.py
[2023-10-11T07:17:22.465+0000] {logging_mixin.py:151} INFO - [2023-10-11T07:17:22.465+0000] {dag.py:2915} INFO - Sync 1 DAGs
[2023-10-11T07:17:22.481+0000] {logging_mixin.py:151} INFO - [2023-10-11T07:17:22.481+0000] {dag.py:3696} INFO - Setting next_dagrun for latest_only_with_trigger to 2023-10-11T03:17:22.481360+00:00, run_after=2023-10-11T07:17:22.481360+00:00
[2023-10-11T07:17:22.494+0000] {processor.py:179} INFO - Processing /home/airflow/.local/lib/python3.8/site-packages/airflow/example_dags/example_latest_only_with_trigger.py took 0.065 seconds
[2023-10-11T07:17:52.847+0000] {processor.py:157} INFO - Started process (PID=106) to work on /home/airflow/.local/lib/python3.8/site-packages/airflow/example_dags/example_latest_only_with_trigger.py
[2023-10-11T07:17:52.847+0000] {processor.py:829} INFO - Processing file /home/airflow/.local/lib/python3.8/site-packages/airflow/example_dags/example_latest_only_with_trigger.py for tasks to queue
[2023-10-11T07:17:52.849+0000] {logging_mixin.py:151} INFO - [2023-10-11T07:17:52.848+0000] {dagbag.py:539} INFO - Filling up the DagBag from /home/airflow/.local/lib/python3.8/site-packages/airflow/example_dags/example_latest_only_with_trigger.py
[2023-10-11T07:17:52.852+0000] {processor.py:839} INFO - DAG(s) dict_keys(['latest_only_with_trigger']) retrieved from /home/airflow/.local/lib/python3.8/site-packages/airflow/example_dags/example_latest_only_with_trigger.py
[2023-10-11T07:17:52.867+0000] {logging_mixin.py:151} INFO - [2023-10-11T07:17:52.867+0000] {dag.py:2915} INFO - Sync 1 DAGs
[2023-10-11T07:17:52.880+0000] {logging_mixin.py:151} INFO - [2023-10-11T07:17:52.880+0000] {dag.py:3696} INFO - Setting next_dagrun for latest_only_with_trigger to 2023-10-11T03:17:52.880236+00:00, run_after=2023-10-11T07:17:52.880236+00:00
[2023-10-11T07:17:52.890+0000] {processor.py:179} INFO - Processing /home/airflow/.local/lib/python3.8/site-packages/airflow/example_dags/example_latest_only_with_trigger.py took 0.046 seconds
[2023-10-11T07:18:23.637+0000] {processor.py:157} INFO - Started process (PID=165) to work on /home/airflow/.local/lib/python3.8/site-packages/airflow/example_dags/example_latest_only_with_trigger.py
[2023-10-11T07:18:23.638+0000] {processor.py:829} INFO - Processing file /home/airflow/.local/lib/python3.8/site-packages/airflow/example_dags/example_latest_only_with_trigger.py for tasks to queue
[2023-10-11T07:18:23.639+0000] {logging_mixin.py:151} INFO - [2023-10-11T07:18:23.639+0000] {dagbag.py:539} INFO - Filling up the DagBag from /home/airflow/.local/lib/python3.8/site-packages/airflow/example_dags/example_latest_only_with_trigger.py
[2023-10-11T07:18:23.643+0000] {processor.py:839} INFO - DAG(s) dict_keys(['latest_only_with_trigger']) retrieved from /home/airflow/.local/lib/python3.8/site-packages/airflow/example_dags/example_latest_only_with_trigger.py
[2023-10-11T07:18:23.658+0000] {logging_mixin.py:151} INFO - [2023-10-11T07:18:23.658+0000] {dag.py:2915} INFO - Sync 1 DAGs
[2023-10-11T07:18:23.672+0000] {logging_mixin.py:151} INFO - [2023-10-11T07:18:23.671+0000] {dag.py:3696} INFO - Setting next_dagrun for latest_only_with_trigger to 2023-10-11T03:18:23.671790+00:00, run_after=2023-10-11T07:18:23.671790+00:00
[2023-10-11T07:18:23.683+0000] {processor.py:179} INFO - Processing /home/airflow/.local/lib/python3.8/site-packages/airflow/example_dags/example_latest_only_with_trigger.py took 0.047 seconds
[2023-10-11T07:18:54.830+0000] {processor.py:157} INFO - Started process (PID=224) to work on /home/airflow/.local/lib/python3.8/site-packages/airflow/example_dags/example_latest_only_with_trigger.py
[2023-10-11T07:18:54.831+0000] {processor.py:829} INFO - Processing file /home/airflow/.local/lib/python3.8/site-packages/airflow/example_dags/example_latest_only_with_trigger.py for tasks to queue
[2023-10-11T07:18:54.832+0000] {logging_mixin.py:151} INFO - [2023-10-11T07:18:54.832+0000] {dagbag.py:539} INFO - Filling up the DagBag from /home/airflow/.local/lib/python3.8/site-packages/airflow/example_dags/example_latest_only_with_trigger.py
[2023-10-11T07:18:54.836+0000] {processor.py:839} INFO - DAG(s) dict_keys(['latest_only_with_trigger']) retrieved from /home/airflow/.local/lib/python3.8/site-packages/airflow/example_dags/example_latest_only_with_trigger.py
[2023-10-11T07:18:54.853+0000] {logging_mixin.py:151} INFO - [2023-10-11T07:18:54.853+0000] {dag.py:2915} INFO - Sync 1 DAGs
[2023-10-11T07:18:54.866+0000] {logging_mixin.py:151} INFO - [2023-10-11T07:18:54.866+0000] {dag.py:3696} INFO - Setting next_dagrun for latest_only_with_trigger to 2023-10-11T03:18:54.865849+00:00, run_after=2023-10-11T07:18:54.865849+00:00
[2023-10-11T07:18:54.875+0000] {processor.py:179} INFO - Processing /home/airflow/.local/lib/python3.8/site-packages/airflow/example_dags/example_latest_only_with_trigger.py took 0.047 seconds
[2023-10-11T07:19:26.003+0000] {processor.py:157} INFO - Started process (PID=283) to work on /home/airflow/.local/lib/python3.8/site-packages/airflow/example_dags/example_latest_only_with_trigger.py
[2023-10-11T07:19:26.004+0000] {processor.py:829} INFO - Processing file /home/airflow/.local/lib/python3.8/site-packages/airflow/example_dags/example_latest_only_with_trigger.py for tasks to queue
[2023-10-11T07:19:26.005+0000] {logging_mixin.py:151} INFO - [2023-10-11T07:19:26.005+0000] {dagbag.py:539} INFO - Filling up the DagBag from /home/airflow/.local/lib/python3.8/site-packages/airflow/example_dags/example_latest_only_with_trigger.py
[2023-10-11T07:19:26.009+0000] {processor.py:839} INFO - DAG(s) dict_keys(['latest_only_with_trigger']) retrieved from /home/airflow/.local/lib/python3.8/site-packages/airflow/example_dags/example_latest_only_with_trigger.py
[2023-10-11T07:19:26.026+0000] {logging_mixin.py:151} INFO - [2023-10-11T07:19:26.026+0000] {dag.py:2915} INFO - Sync 1 DAGs
[2023-10-11T07:19:26.038+0000] {logging_mixin.py:151} INFO - [2023-10-11T07:19:26.038+0000] {dag.py:3696} INFO - Setting next_dagrun for latest_only_with_trigger to 2023-10-11T03:19:26.038525+00:00, run_after=2023-10-11T07:19:26.038525+00:00
[2023-10-11T07:19:26.048+0000] {processor.py:179} INFO - Processing /home/airflow/.local/lib/python3.8/site-packages/airflow/example_dags/example_latest_only_with_trigger.py took 0.047 seconds
[2023-10-11T07:19:57.236+0000] {processor.py:157} INFO - Started process (PID=342) to work on /home/airflow/.local/lib/python3.8/site-packages/airflow/example_dags/example_latest_only_with_trigger.py
[2023-10-11T07:19:57.236+0000] {processor.py:829} INFO - Processing file /home/airflow/.local/lib/python3.8/site-packages/airflow/example_dags/example_latest_only_with_trigger.py for tasks to queue
[2023-10-11T07:19:57.238+0000] {logging_mixin.py:151} INFO - [2023-10-11T07:19:57.238+0000] {dagbag.py:539} INFO - Filling up the DagBag from /home/airflow/.local/lib/python3.8/site-packages/airflow/example_dags/example_latest_only_with_trigger.py
[2023-10-11T07:19:57.242+0000] {processor.py:839} INFO - DAG(s) dict_keys(['latest_only_with_trigger']) retrieved from /home/airflow/.local/lib/python3.8/site-packages/airflow/example_dags/example_latest_only_with_trigger.py
[2023-10-11T07:19:57.258+0000] {logging_mixin.py:151} INFO - [2023-10-11T07:19:57.258+0000] {dag.py:2915} INFO - Sync 1 DAGs
[2023-10-11T07:19:57.272+0000] {logging_mixin.py:151} INFO - [2023-10-11T07:19:57.271+0000] {dag.py:3696} INFO - Setting next_dagrun for latest_only_with_trigger to 2023-10-11T03:19:57.271715+00:00, run_after=2023-10-11T07:19:57.271715+00:00
[2023-10-11T07:19:57.281+0000] {processor.py:179} INFO - Processing /home/airflow/.local/lib/python3.8/site-packages/airflow/example_dags/example_latest_only_with_trigger.py took 0.048 seconds
[2023-10-11T07:20:27.343+0000] {processor.py:157} INFO - Started process (PID=396) to work on /home/airflow/.local/lib/python3.8/site-packages/airflow/example_dags/example_latest_only_with_trigger.py
[2023-10-11T07:20:27.344+0000] {processor.py:829} INFO - Processing file /home/airflow/.local/lib/python3.8/site-packages/airflow/example_dags/example_latest_only_with_trigger.py for tasks to queue
[2023-10-11T07:20:27.345+0000] {logging_mixin.py:151} INFO - [2023-10-11T07:20:27.345+0000] {dagbag.py:539} INFO - Filling up the DagBag from /home/airflow/.local/lib/python3.8/site-packages/airflow/example_dags/example_latest_only_with_trigger.py
[2023-10-11T07:20:27.349+0000] {processor.py:839} INFO - DAG(s) dict_keys(['latest_only_with_trigger']) retrieved from /home/airflow/.local/lib/python3.8/site-packages/airflow/example_dags/example_latest_only_with_trigger.py
[2023-10-11T07:20:27.366+0000] {logging_mixin.py:151} INFO - [2023-10-11T07:20:27.366+0000] {dag.py:2915} INFO - Sync 1 DAGs
[2023-10-11T07:20:27.379+0000] {logging_mixin.py:151} INFO - [2023-10-11T07:20:27.379+0000] {dag.py:3696} INFO - Setting next_dagrun for latest_only_with_trigger to 2023-10-11T03:20:27.379059+00:00, run_after=2023-10-11T07:20:27.379059+00:00
[2023-10-11T07:20:27.389+0000] {processor.py:179} INFO - Processing /home/airflow/.local/lib/python3.8/site-packages/airflow/example_dags/example_latest_only_with_trigger.py took 0.048 seconds
[2023-10-11T07:20:57.552+0000] {processor.py:157} INFO - Started process (PID=455) to work on /home/airflow/.local/lib/python3.8/site-packages/airflow/example_dags/example_latest_only_with_trigger.py
[2023-10-11T07:20:57.553+0000] {processor.py:829} INFO - Processing file /home/airflow/.local/lib/python3.8/site-packages/airflow/example_dags/example_latest_only_with_trigger.py for tasks to queue
[2023-10-11T07:20:57.554+0000] {logging_mixin.py:151} INFO - [2023-10-11T07:20:57.554+0000] {dagbag.py:539} INFO - Filling up the DagBag from /home/airflow/.local/lib/python3.8/site-packages/airflow/example_dags/example_latest_only_with_trigger.py
[2023-10-11T07:20:57.558+0000] {processor.py:839} INFO - DAG(s) dict_keys(['latest_only_with_trigger']) retrieved from /home/airflow/.local/lib/python3.8/site-packages/airflow/example_dags/example_latest_only_with_trigger.py
[2023-10-11T07:20:57.576+0000] {logging_mixin.py:151} INFO - [2023-10-11T07:20:57.576+0000] {dag.py:2915} INFO - Sync 1 DAGs
[2023-10-11T07:20:57.591+0000] {logging_mixin.py:151} INFO - [2023-10-11T07:20:57.590+0000] {dag.py:3696} INFO - Setting next_dagrun for latest_only_with_trigger to 2023-10-11T03:20:57.590697+00:00, run_after=2023-10-11T07:20:57.590697+00:00
[2023-10-11T07:20:57.601+0000] {processor.py:179} INFO - Processing /home/airflow/.local/lib/python3.8/site-packages/airflow/example_dags/example_latest_only_with_trigger.py took 0.051 seconds
[2023-10-11T07:21:27.662+0000] {processor.py:157} INFO - Started process (PID=513) to work on /home/airflow/.local/lib/python3.8/site-packages/airflow/example_dags/example_latest_only_with_trigger.py
[2023-10-11T07:21:27.664+0000] {processor.py:829} INFO - Processing file /home/airflow/.local/lib/python3.8/site-packages/airflow/example_dags/example_latest_only_with_trigger.py for tasks to queue
[2023-10-11T07:21:27.667+0000] {logging_mixin.py:151} INFO - [2023-10-11T07:21:27.666+0000] {dagbag.py:539} INFO - Filling up the DagBag from /home/airflow/.local/lib/python3.8/site-packages/airflow/example_dags/example_latest_only_with_trigger.py
[2023-10-11T07:21:27.672+0000] {processor.py:839} INFO - DAG(s) dict_keys(['latest_only_with_trigger']) retrieved from /home/airflow/.local/lib/python3.8/site-packages/airflow/example_dags/example_latest_only_with_trigger.py
[2023-10-11T07:21:27.695+0000] {logging_mixin.py:151} INFO - [2023-10-11T07:21:27.695+0000] {dag.py:2915} INFO - Sync 1 DAGs
[2023-10-11T07:21:27.710+0000] {logging_mixin.py:151} INFO - [2023-10-11T07:21:27.710+0000] {dag.py:3696} INFO - Setting next_dagrun for latest_only_with_trigger to 2023-10-11T03:21:27.710463+00:00, run_after=2023-10-11T07:21:27.710463+00:00
[2023-10-11T07:21:27.720+0000] {processor.py:179} INFO - Processing /home/airflow/.local/lib/python3.8/site-packages/airflow/example_dags/example_latest_only_with_trigger.py took 0.062 seconds
[2023-10-11T07:21:58.596+0000] {processor.py:157} INFO - Started process (PID=574) to work on /home/airflow/.local/lib/python3.8/site-packages/airflow/example_dags/example_latest_only_with_trigger.py
[2023-10-11T07:21:58.597+0000] {processor.py:829} INFO - Processing file /home/airflow/.local/lib/python3.8/site-packages/airflow/example_dags/example_latest_only_with_trigger.py for tasks to queue
[2023-10-11T07:21:58.598+0000] {logging_mixin.py:151} INFO - [2023-10-11T07:21:58.598+0000] {dagbag.py:539} INFO - Filling up the DagBag from /home/airflow/.local/lib/python3.8/site-packages/airflow/example_dags/example_latest_only_with_trigger.py
[2023-10-11T07:21:58.602+0000] {processor.py:839} INFO - DAG(s) dict_keys(['latest_only_with_trigger']) retrieved from /home/airflow/.local/lib/python3.8/site-packages/airflow/example_dags/example_latest_only_with_trigger.py
[2023-10-11T07:21:58.619+0000] {logging_mixin.py:151} INFO - [2023-10-11T07:21:58.619+0000] {dag.py:2915} INFO - Sync 1 DAGs
[2023-10-11T07:21:58.633+0000] {logging_mixin.py:151} INFO - [2023-10-11T07:21:58.633+0000] {dag.py:3696} INFO - Setting next_dagrun for latest_only_with_trigger to 2023-10-11T03:21:58.632978+00:00, run_after=2023-10-11T07:21:58.632978+00:00
[2023-10-11T07:21:58.644+0000] {processor.py:179} INFO - Processing /home/airflow/.local/lib/python3.8/site-packages/airflow/example_dags/example_latest_only_with_trigger.py took 0.050 seconds
[2023-10-11T07:22:29.191+0000] {processor.py:157} INFO - Started process (PID=633) to work on /home/airflow/.local/lib/python3.8/site-packages/airflow/example_dags/example_latest_only_with_trigger.py
[2023-10-11T07:22:29.192+0000] {processor.py:829} INFO - Processing file /home/airflow/.local/lib/python3.8/site-packages/airflow/example_dags/example_latest_only_with_trigger.py for tasks to queue
[2023-10-11T07:22:29.193+0000] {logging_mixin.py:151} INFO - [2023-10-11T07:22:29.193+0000] {dagbag.py:539} INFO - Filling up the DagBag from /home/airflow/.local/lib/python3.8/site-packages/airflow/example_dags/example_latest_only_with_trigger.py
[2023-10-11T07:22:29.197+0000] {processor.py:839} INFO - DAG(s) dict_keys(['latest_only_with_trigger']) retrieved from /home/airflow/.local/lib/python3.8/site-packages/airflow/example_dags/example_latest_only_with_trigger.py
[2023-10-11T07:22:29.214+0000] {logging_mixin.py:151} INFO - [2023-10-11T07:22:29.214+0000] {dag.py:2915} INFO - Sync 1 DAGs
[2023-10-11T07:22:29.229+0000] {logging_mixin.py:151} INFO - [2023-10-11T07:22:29.229+0000] {dag.py:3696} INFO - Setting next_dagrun for latest_only_with_trigger to 2023-10-11T03:22:29.228917+00:00, run_after=2023-10-11T07:22:29.228917+00:00
[2023-10-11T07:22:29.238+0000] {processor.py:179} INFO - Processing /home/airflow/.local/lib/python3.8/site-packages/airflow/example_dags/example_latest_only_with_trigger.py took 0.049 seconds
[2023-10-11T07:22:59.542+0000] {processor.py:157} INFO - Started process (PID=691) to work on /home/airflow/.local/lib/python3.8/site-packages/airflow/example_dags/example_latest_only_with_trigger.py
[2023-10-11T07:22:59.543+0000] {processor.py:829} INFO - Processing file /home/airflow/.local/lib/python3.8/site-packages/airflow/example_dags/example_latest_only_with_trigger.py for tasks to queue
[2023-10-11T07:22:59.544+0000] {logging_mixin.py:151} INFO - [2023-10-11T07:22:59.544+0000] {dagbag.py:539} INFO - Filling up the DagBag from /home/airflow/.local/lib/python3.8/site-packages/airflow/example_dags/example_latest_only_with_trigger.py
[2023-10-11T07:22:59.548+0000] {processor.py:839} INFO - DAG(s) dict_keys(['latest_only_with_trigger']) retrieved from /home/airflow/.local/lib/python3.8/site-packages/airflow/example_dags/example_latest_only_with_trigger.py
[2023-10-11T07:22:59.563+0000] {logging_mixin.py:151} INFO - [2023-10-11T07:22:59.563+0000] {dag.py:2915} INFO - Sync 1 DAGs
[2023-10-11T07:22:59.576+0000] {logging_mixin.py:151} INFO - [2023-10-11T07:22:59.576+0000] {dag.py:3696} INFO - Setting next_dagrun for latest_only_with_trigger to 2023-10-11T03:22:59.576650+00:00, run_after=2023-10-11T07:22:59.576650+00:00
[2023-10-11T07:22:59.587+0000] {processor.py:179} INFO - Processing /home/airflow/.local/lib/python3.8/site-packages/airflow/example_dags/example_latest_only_with_trigger.py took 0.046 seconds
[2023-10-11T07:23:29.961+0000] {processor.py:157} INFO - Started process (PID=750) to work on /home/airflow/.local/lib/python3.8/site-packages/airflow/example_dags/example_latest_only_with_trigger.py
[2023-10-11T07:23:29.961+0000] {processor.py:829} INFO - Processing file /home/airflow/.local/lib/python3.8/site-packages/airflow/example_dags/example_latest_only_with_trigger.py for tasks to queue
[2023-10-11T07:23:29.964+0000] {logging_mixin.py:151} INFO - [2023-10-11T07:23:29.964+0000] {dagbag.py:539} INFO - Filling up the DagBag from /home/airflow/.local/lib/python3.8/site-packages/airflow/example_dags/example_latest_only_with_trigger.py
[2023-10-11T07:23:29.968+0000] {processor.py:839} INFO - DAG(s) dict_keys(['latest_only_with_trigger']) retrieved from /home/airflow/.local/lib/python3.8/site-packages/airflow/example_dags/example_latest_only_with_trigger.py
[2023-10-11T07:23:29.987+0000] {logging_mixin.py:151} INFO - [2023-10-11T07:23:29.986+0000] {dag.py:2915} INFO - Sync 1 DAGs
[2023-10-11T07:23:30.002+0000] {logging_mixin.py:151} INFO - [2023-10-11T07:23:30.001+0000] {dag.py:3696} INFO - Setting next_dagrun for latest_only_with_trigger to 2023-10-11T03:23:30.001686+00:00, run_after=2023-10-11T07:23:30.001686+00:00
[2023-10-11T07:23:30.013+0000] {processor.py:179} INFO - Processing /home/airflow/.local/lib/python3.8/site-packages/airflow/example_dags/example_latest_only_with_trigger.py took 0.055 seconds
[2023-10-11T07:24:00.400+0000] {processor.py:157} INFO - Started process (PID=809) to work on /home/airflow/.local/lib/python3.8/site-packages/airflow/example_dags/example_latest_only_with_trigger.py
[2023-10-11T07:24:00.401+0000] {processor.py:829} INFO - Processing file /home/airflow/.local/lib/python3.8/site-packages/airflow/example_dags/example_latest_only_with_trigger.py for tasks to queue
[2023-10-11T07:24:00.402+0000] {logging_mixin.py:151} INFO - [2023-10-11T07:24:00.402+0000] {dagbag.py:539} INFO - Filling up the DagBag from /home/airflow/.local/lib/python3.8/site-packages/airflow/example_dags/example_latest_only_with_trigger.py
[2023-10-11T07:24:00.406+0000] {processor.py:839} INFO - DAG(s) dict_keys(['latest_only_with_trigger']) retrieved from /home/airflow/.local/lib/python3.8/site-packages/airflow/example_dags/example_latest_only_with_trigger.py
[2023-10-11T07:24:00.423+0000] {logging_mixin.py:151} INFO - [2023-10-11T07:24:00.423+0000] {dag.py:2915} INFO - Sync 1 DAGs
[2023-10-11T07:24:00.436+0000] {logging_mixin.py:151} INFO - [2023-10-11T07:24:00.436+0000] {dag.py:3696} INFO - Setting next_dagrun for latest_only_with_trigger to 2023-10-11T03:24:00.436049+00:00, run_after=2023-10-11T07:24:00.436049+00:00
[2023-10-11T07:24:00.445+0000] {processor.py:179} INFO - Processing /home/airflow/.local/lib/python3.8/site-packages/airflow/example_dags/example_latest_only_with_trigger.py took 0.048 seconds
[2023-10-11T07:24:30.677+0000] {processor.py:157} INFO - Started process (PID=868) to work on /home/airflow/.local/lib/python3.8/site-packages/airflow/example_dags/example_latest_only_with_trigger.py
[2023-10-11T07:24:30.678+0000] {processor.py:829} INFO - Processing file /home/airflow/.local/lib/python3.8/site-packages/airflow/example_dags/example_latest_only_with_trigger.py for tasks to queue
[2023-10-11T07:24:30.679+0000] {logging_mixin.py:151} INFO - [2023-10-11T07:24:30.679+0000] {dagbag.py:539} INFO - Filling up the DagBag from /home/airflow/.local/lib/python3.8/site-packages/airflow/example_dags/example_latest_only_with_trigger.py
[2023-10-11T07:24:30.683+0000] {processor.py:839} INFO - DAG(s) dict_keys(['latest_only_with_trigger']) retrieved from /home/airflow/.local/lib/python3.8/site-packages/airflow/example_dags/example_latest_only_with_trigger.py
[2023-10-11T07:24:30.700+0000] {logging_mixin.py:151} INFO - [2023-10-11T07:24:30.699+0000] {dag.py:2915} INFO - Sync 1 DAGs
[2023-10-11T07:24:30.712+0000] {logging_mixin.py:151} INFO - [2023-10-11T07:24:30.712+0000] {dag.py:3696} INFO - Setting next_dagrun for latest_only_with_trigger to 2023-10-11T03:24:30.712661+00:00, run_after=2023-10-11T07:24:30.712661+00:00
[2023-10-11T07:24:30.722+0000] {processor.py:179} INFO - Processing /home/airflow/.local/lib/python3.8/site-packages/airflow/example_dags/example_latest_only_with_trigger.py took 0.047 seconds
[2023-10-11T07:25:01.905+0000] {processor.py:157} INFO - Started process (PID=927) to work on /home/airflow/.local/lib/python3.8/site-packages/airflow/example_dags/example_latest_only_with_trigger.py
[2023-10-11T07:25:01.906+0000] {processor.py:829} INFO - Processing file /home/airflow/.local/lib/python3.8/site-packages/airflow/example_dags/example_latest_only_with_trigger.py for tasks to queue
[2023-10-11T07:25:01.908+0000] {logging_mixin.py:151} INFO - [2023-10-11T07:25:01.908+0000] {dagbag.py:539} INFO - Filling up the DagBag from /home/airflow/.local/lib/python3.8/site-packages/airflow/example_dags/example_latest_only_with_trigger.py
[2023-10-11T07:25:01.913+0000] {processor.py:839} INFO - DAG(s) dict_keys(['latest_only_with_trigger']) retrieved from /home/airflow/.local/lib/python3.8/site-packages/airflow/example_dags/example_latest_only_with_trigger.py
[2023-10-11T07:25:01.934+0000] {logging_mixin.py:151} INFO - [2023-10-11T07:25:01.934+0000] {dag.py:2915} INFO - Sync 1 DAGs
[2023-10-11T07:25:01.949+0000] {logging_mixin.py:151} INFO - [2023-10-11T07:25:01.949+0000] {dag.py:3696} INFO - Setting next_dagrun for latest_only_with_trigger to 2023-10-11T03:25:01.948981+00:00, run_after=2023-10-11T07:25:01.948981+00:00
[2023-10-11T07:25:01.959+0000] {processor.py:179} INFO - Processing /home/airflow/.local/lib/python3.8/site-packages/airflow/example_dags/example_latest_only_with_trigger.py took 0.057 seconds
[2023-10-11T07:25:33.042+0000] {processor.py:157} INFO - Started process (PID=986) to work on /home/airflow/.local/lib/python3.8/site-packages/airflow/example_dags/example_latest_only_with_trigger.py
[2023-10-11T07:25:33.043+0000] {processor.py:829} INFO - Processing file /home/airflow/.local/lib/python3.8/site-packages/airflow/example_dags/example_latest_only_with_trigger.py for tasks to queue
[2023-10-11T07:25:33.044+0000] {logging_mixin.py:151} INFO - [2023-10-11T07:25:33.044+0000] {dagbag.py:539} INFO - Filling up the DagBag from /home/airflow/.local/lib/python3.8/site-packages/airflow/example_dags/example_latest_only_with_trigger.py
[2023-10-11T07:25:33.048+0000] {processor.py:839} INFO - DAG(s) dict_keys(['latest_only_with_trigger']) retrieved from /home/airflow/.local/lib/python3.8/site-packages/airflow/example_dags/example_latest_only_with_trigger.py
[2023-10-11T07:25:33.067+0000] {logging_mixin.py:151} INFO - [2023-10-11T07:25:33.066+0000] {dag.py:2915} INFO - Sync 1 DAGs
[2023-10-11T07:25:33.081+0000] {logging_mixin.py:151} INFO - [2023-10-11T07:25:33.081+0000] {dag.py:3696} INFO - Setting next_dagrun for latest_only_with_trigger to 2023-10-11T03:25:33.081208+00:00, run_after=2023-10-11T07:25:33.081208+00:00
[2023-10-11T07:25:33.092+0000] {processor.py:179} INFO - Processing /home/airflow/.local/lib/python3.8/site-packages/airflow/example_dags/example_latest_only_with_trigger.py took 0.052 seconds
[2023-10-11T07:26:04.161+0000] {processor.py:157} INFO - Started process (PID=1045) to work on /home/airflow/.local/lib/python3.8/site-packages/airflow/example_dags/example_latest_only_with_trigger.py
[2023-10-11T07:26:04.161+0000] {processor.py:829} INFO - Processing file /home/airflow/.local/lib/python3.8/site-packages/airflow/example_dags/example_latest_only_with_trigger.py for tasks to queue
[2023-10-11T07:26:04.163+0000] {logging_mixin.py:151} INFO - [2023-10-11T07:26:04.162+0000] {dagbag.py:539} INFO - Filling up the DagBag from /home/airflow/.local/lib/python3.8/site-packages/airflow/example_dags/example_latest_only_with_trigger.py
[2023-10-11T07:26:04.166+0000] {processor.py:839} INFO - DAG(s) dict_keys(['latest_only_with_trigger']) retrieved from /home/airflow/.local/lib/python3.8/site-packages/airflow/example_dags/example_latest_only_with_trigger.py
[2023-10-11T07:26:04.192+0000] {logging_mixin.py:151} INFO - [2023-10-11T07:26:04.192+0000] {dag.py:2915} INFO - Sync 1 DAGs
[2023-10-11T07:26:04.207+0000] {logging_mixin.py:151} INFO - [2023-10-11T07:26:04.207+0000] {dag.py:3696} INFO - Setting next_dagrun for latest_only_with_trigger to 2023-10-11T03:26:04.207586+00:00, run_after=2023-10-11T07:26:04.207586+00:00
[2023-10-11T07:26:04.221+0000] {processor.py:179} INFO - Processing /home/airflow/.local/lib/python3.8/site-packages/airflow/example_dags/example_latest_only_with_trigger.py took 0.063 seconds
[2023-10-11T07:26:35.283+0000] {processor.py:157} INFO - Started process (PID=1104) to work on /home/airflow/.local/lib/python3.8/site-packages/airflow/example_dags/example_latest_only_with_trigger.py
[2023-10-11T07:26:35.283+0000] {processor.py:829} INFO - Processing file /home/airflow/.local/lib/python3.8/site-packages/airflow/example_dags/example_latest_only_with_trigger.py for tasks to queue
[2023-10-11T07:26:35.285+0000] {logging_mixin.py:151} INFO - [2023-10-11T07:26:35.285+0000] {dagbag.py:539} INFO - Filling up the DagBag from /home/airflow/.local/lib/python3.8/site-packages/airflow/example_dags/example_latest_only_with_trigger.py
[2023-10-11T07:26:35.288+0000] {processor.py:839} INFO - DAG(s) dict_keys(['latest_only_with_trigger']) retrieved from /home/airflow/.local/lib/python3.8/site-packages/airflow/example_dags/example_latest_only_with_trigger.py
[2023-10-11T07:26:35.303+0000] {logging_mixin.py:151} INFO - [2023-10-11T07:26:35.303+0000] {dag.py:2915} INFO - Sync 1 DAGs
[2023-10-11T07:26:35.317+0000] {logging_mixin.py:151} INFO - [2023-10-11T07:26:35.316+0000] {dag.py:3696} INFO - Setting next_dagrun for latest_only_with_trigger to 2023-10-11T03:26:35.316725+00:00, run_after=2023-10-11T07:26:35.316725+00:00
[2023-10-11T07:26:35.326+0000] {processor.py:179} INFO - Processing /home/airflow/.local/lib/python3.8/site-packages/airflow/example_dags/example_latest_only_with_trigger.py took 0.045 seconds
[2023-10-11T07:27:05.739+0000] {processor.py:157} INFO - Started process (PID=1163) to work on /home/airflow/.local/lib/python3.8/site-packages/airflow/example_dags/example_latest_only_with_trigger.py
[2023-10-11T07:27:05.739+0000] {processor.py:829} INFO - Processing file /home/airflow/.local/lib/python3.8/site-packages/airflow/example_dags/example_latest_only_with_trigger.py for tasks to queue
[2023-10-11T07:27:05.741+0000] {logging_mixin.py:151} INFO - [2023-10-11T07:27:05.740+0000] {dagbag.py:539} INFO - Filling up the DagBag from /home/airflow/.local/lib/python3.8/site-packages/airflow/example_dags/example_latest_only_with_trigger.py
[2023-10-11T07:27:05.744+0000] {processor.py:839} INFO - DAG(s) dict_keys(['latest_only_with_trigger']) retrieved from /home/airflow/.local/lib/python3.8/site-packages/airflow/example_dags/example_latest_only_with_trigger.py
[2023-10-11T07:27:05.761+0000] {logging_mixin.py:151} INFO - [2023-10-11T07:27:05.761+0000] {dag.py:2915} INFO - Sync 1 DAGs
[2023-10-11T07:27:05.774+0000] {logging_mixin.py:151} INFO - [2023-10-11T07:27:05.774+0000] {dag.py:3696} INFO - Setting next_dagrun for latest_only_with_trigger to 2023-10-11T03:27:05.774376+00:00, run_after=2023-10-11T07:27:05.774376+00:00
[2023-10-11T07:27:05.784+0000] {processor.py:179} INFO - Processing /home/airflow/.local/lib/python3.8/site-packages/airflow/example_dags/example_latest_only_with_trigger.py took 0.047 seconds
[2023-10-11T07:27:36.498+0000] {processor.py:157} INFO - Started process (PID=1222) to work on /home/airflow/.local/lib/python3.8/site-packages/airflow/example_dags/example_latest_only_with_trigger.py
[2023-10-11T07:27:36.499+0000] {processor.py:829} INFO - Processing file /home/airflow/.local/lib/python3.8/site-packages/airflow/example_dags/example_latest_only_with_trigger.py for tasks to queue
[2023-10-11T07:27:36.501+0000] {logging_mixin.py:151} INFO - [2023-10-11T07:27:36.501+0000] {dagbag.py:539} INFO - Filling up the DagBag from /home/airflow/.local/lib/python3.8/site-packages/airflow/example_dags/example_latest_only_with_trigger.py
[2023-10-11T07:27:36.505+0000] {processor.py:839} INFO - DAG(s) dict_keys(['latest_only_with_trigger']) retrieved from /home/airflow/.local/lib/python3.8/site-packages/airflow/example_dags/example_latest_only_with_trigger.py
[2023-10-11T07:27:36.522+0000] {logging_mixin.py:151} INFO - [2023-10-11T07:27:36.522+0000] {dag.py:2915} INFO - Sync 1 DAGs
[2023-10-11T07:27:36.535+0000] {logging_mixin.py:151} INFO - [2023-10-11T07:27:36.535+0000] {dag.py:3696} INFO - Setting next_dagrun for latest_only_with_trigger to 2023-10-11T03:27:36.535267+00:00, run_after=2023-10-11T07:27:36.535267+00:00
[2023-10-11T07:27:36.545+0000] {processor.py:179} INFO - Processing /home/airflow/.local/lib/python3.8/site-packages/airflow/example_dags/example_latest_only_with_trigger.py took 0.048 seconds
[2023-10-11T07:28:07.638+0000] {processor.py:157} INFO - Started process (PID=1281) to work on /home/airflow/.local/lib/python3.8/site-packages/airflow/example_dags/example_latest_only_with_trigger.py
[2023-10-11T07:28:07.639+0000] {processor.py:829} INFO - Processing file /home/airflow/.local/lib/python3.8/site-packages/airflow/example_dags/example_latest_only_with_trigger.py for tasks to queue
[2023-10-11T07:28:07.640+0000] {logging_mixin.py:151} INFO - [2023-10-11T07:28:07.640+0000] {dagbag.py:539} INFO - Filling up the DagBag from /home/airflow/.local/lib/python3.8/site-packages/airflow/example_dags/example_latest_only_with_trigger.py
[2023-10-11T07:28:07.644+0000] {processor.py:839} INFO - DAG(s) dict_keys(['latest_only_with_trigger']) retrieved from /home/airflow/.local/lib/python3.8/site-packages/airflow/example_dags/example_latest_only_with_trigger.py
[2023-10-11T07:28:07.660+0000] {logging_mixin.py:151} INFO - [2023-10-11T07:28:07.660+0000] {dag.py:2915} INFO - Sync 1 DAGs
[2023-10-11T07:28:07.673+0000] {logging_mixin.py:151} INFO - [2023-10-11T07:28:07.673+0000] {dag.py:3696} INFO - Setting next_dagrun for latest_only_with_trigger to 2023-10-11T03:28:07.673634+00:00, run_after=2023-10-11T07:28:07.673634+00:00
[2023-10-11T07:28:07.683+0000] {processor.py:179} INFO - Processing /home/airflow/.local/lib/python3.8/site-packages/airflow/example_dags/example_latest_only_with_trigger.py took 0.047 seconds
[2023-10-11T07:28:38.059+0000] {processor.py:157} INFO - Started process (PID=1340) to work on /home/airflow/.local/lib/python3.8/site-packages/airflow/example_dags/example_latest_only_with_trigger.py
[2023-10-11T07:28:38.059+0000] {processor.py:829} INFO - Processing file /home/airflow/.local/lib/python3.8/site-packages/airflow/example_dags/example_latest_only_with_trigger.py for tasks to queue
[2023-10-11T07:28:38.061+0000] {logging_mixin.py:151} INFO - [2023-10-11T07:28:38.060+0000] {dagbag.py:539} INFO - Filling up the DagBag from /home/airflow/.local/lib/python3.8/site-packages/airflow/example_dags/example_latest_only_with_trigger.py
[2023-10-11T07:28:38.064+0000] {processor.py:839} INFO - DAG(s) dict_keys(['latest_only_with_trigger']) retrieved from /home/airflow/.local/lib/python3.8/site-packages/airflow/example_dags/example_latest_only_with_trigger.py
[2023-10-11T07:28:38.079+0000] {logging_mixin.py:151} INFO - [2023-10-11T07:28:38.079+0000] {dag.py:2915} INFO - Sync 1 DAGs
[2023-10-11T07:28:38.093+0000] {logging_mixin.py:151} INFO - [2023-10-11T07:28:38.092+0000] {dag.py:3696} INFO - Setting next_dagrun for latest_only_with_trigger to 2023-10-11T03:28:38.092762+00:00, run_after=2023-10-11T07:28:38.092762+00:00
[2023-10-11T07:28:38.102+0000] {processor.py:179} INFO - Processing /home/airflow/.local/lib/python3.8/site-packages/airflow/example_dags/example_latest_only_with_trigger.py took 0.046 seconds
[2023-10-11T07:29:09.209+0000] {processor.py:157} INFO - Started process (PID=1399) to work on /home/airflow/.local/lib/python3.8/site-packages/airflow/example_dags/example_latest_only_with_trigger.py
[2023-10-11T07:29:09.210+0000] {processor.py:829} INFO - Processing file /home/airflow/.local/lib/python3.8/site-packages/airflow/example_dags/example_latest_only_with_trigger.py for tasks to queue
[2023-10-11T07:29:09.211+0000] {logging_mixin.py:151} INFO - [2023-10-11T07:29:09.211+0000] {dagbag.py:539} INFO - Filling up the DagBag from /home/airflow/.local/lib/python3.8/site-packages/airflow/example_dags/example_latest_only_with_trigger.py
[2023-10-11T07:29:09.215+0000] {processor.py:839} INFO - DAG(s) dict_keys(['latest_only_with_trigger']) retrieved from /home/airflow/.local/lib/python3.8/site-packages/airflow/example_dags/example_latest_only_with_trigger.py
[2023-10-11T07:29:09.234+0000] {logging_mixin.py:151} INFO - [2023-10-11T07:29:09.234+0000] {dag.py:2915} INFO - Sync 1 DAGs
[2023-10-11T07:29:09.264+0000] {logging_mixin.py:151} INFO - [2023-10-11T07:29:09.263+0000] {dag.py:3696} INFO - Setting next_dagrun for latest_only_with_trigger to 2023-10-11T03:29:09.263625+00:00, run_after=2023-10-11T07:29:09.263625+00:00
[2023-10-11T07:29:09.273+0000] {processor.py:179} INFO - Processing /home/airflow/.local/lib/python3.8/site-packages/airflow/example_dags/example_latest_only_with_trigger.py took 0.067 seconds
[2023-10-11T07:29:40.023+0000] {processor.py:157} INFO - Started process (PID=1458) to work on /home/airflow/.local/lib/python3.8/site-packages/airflow/example_dags/example_latest_only_with_trigger.py
[2023-10-11T07:29:40.024+0000] {processor.py:829} INFO - Processing file /home/airflow/.local/lib/python3.8/site-packages/airflow/example_dags/example_latest_only_with_trigger.py for tasks to queue
[2023-10-11T07:29:40.026+0000] {logging_mixin.py:151} INFO - [2023-10-11T07:29:40.025+0000] {dagbag.py:539} INFO - Filling up the DagBag from /home/airflow/.local/lib/python3.8/site-packages/airflow/example_dags/example_latest_only_with_trigger.py
[2023-10-11T07:29:40.030+0000] {processor.py:839} INFO - DAG(s) dict_keys(['latest_only_with_trigger']) retrieved from /home/airflow/.local/lib/python3.8/site-packages/airflow/example_dags/example_latest_only_with_trigger.py
[2023-10-11T07:29:40.048+0000] {logging_mixin.py:151} INFO - [2023-10-11T07:29:40.048+0000] {dag.py:2915} INFO - Sync 1 DAGs
[2023-10-11T07:29:40.063+0000] {logging_mixin.py:151} INFO - [2023-10-11T07:29:40.063+0000] {dag.py:3696} INFO - Setting next_dagrun for latest_only_with_trigger to 2023-10-11T03:29:40.063438+00:00, run_after=2023-10-11T07:29:40.063438+00:00
[2023-10-11T07:29:40.075+0000] {processor.py:179} INFO - Processing /home/airflow/.local/lib/python3.8/site-packages/airflow/example_dags/example_latest_only_with_trigger.py took 0.055 seconds
[2023-10-11T07:30:11.062+0000] {processor.py:157} INFO - Started process (PID=1517) to work on /home/airflow/.local/lib/python3.8/site-packages/airflow/example_dags/example_latest_only_with_trigger.py
[2023-10-11T07:30:11.063+0000] {processor.py:829} INFO - Processing file /home/airflow/.local/lib/python3.8/site-packages/airflow/example_dags/example_latest_only_with_trigger.py for tasks to queue
[2023-10-11T07:30:11.064+0000] {logging_mixin.py:151} INFO - [2023-10-11T07:30:11.064+0000] {dagbag.py:539} INFO - Filling up the DagBag from /home/airflow/.local/lib/python3.8/site-packages/airflow/example_dags/example_latest_only_with_trigger.py
[2023-10-11T07:30:11.068+0000] {processor.py:839} INFO - DAG(s) dict_keys(['latest_only_with_trigger']) retrieved from /home/airflow/.local/lib/python3.8/site-packages/airflow/example_dags/example_latest_only_with_trigger.py
[2023-10-11T07:30:11.083+0000] {logging_mixin.py:151} INFO - [2023-10-11T07:30:11.083+0000] {dag.py:2915} INFO - Sync 1 DAGs
[2023-10-11T07:30:11.097+0000] {logging_mixin.py:151} INFO - [2023-10-11T07:30:11.097+0000] {dag.py:3696} INFO - Setting next_dagrun for latest_only_with_trigger to 2023-10-11T03:30:11.096841+00:00, run_after=2023-10-11T07:30:11.096841+00:00
[2023-10-11T07:30:11.107+0000] {processor.py:179} INFO - Processing /home/airflow/.local/lib/python3.8/site-packages/airflow/example_dags/example_latest_only_with_trigger.py took 0.047 seconds
[2023-10-11T07:30:41.396+0000] {processor.py:157} INFO - Started process (PID=1575) to work on /home/airflow/.local/lib/python3.8/site-packages/airflow/example_dags/example_latest_only_with_trigger.py
[2023-10-11T07:30:41.397+0000] {processor.py:829} INFO - Processing file /home/airflow/.local/lib/python3.8/site-packages/airflow/example_dags/example_latest_only_with_trigger.py for tasks to queue
[2023-10-11T07:30:41.399+0000] {logging_mixin.py:151} INFO - [2023-10-11T07:30:41.398+0000] {dagbag.py:539} INFO - Filling up the DagBag from /home/airflow/.local/lib/python3.8/site-packages/airflow/example_dags/example_latest_only_with_trigger.py
[2023-10-11T07:30:41.403+0000] {processor.py:839} INFO - DAG(s) dict_keys(['latest_only_with_trigger']) retrieved from /home/airflow/.local/lib/python3.8/site-packages/airflow/example_dags/example_latest_only_with_trigger.py
[2023-10-11T07:30:41.420+0000] {logging_mixin.py:151} INFO - [2023-10-11T07:30:41.420+0000] {dag.py:2915} INFO - Sync 1 DAGs
[2023-10-11T07:30:41.434+0000] {logging_mixin.py:151} INFO - [2023-10-11T07:30:41.433+0000] {dag.py:3696} INFO - Setting next_dagrun for latest_only_with_trigger to 2023-10-11T03:30:41.433703+00:00, run_after=2023-10-11T07:30:41.433703+00:00
[2023-10-11T07:30:41.444+0000] {processor.py:179} INFO - Processing /home/airflow/.local/lib/python3.8/site-packages/airflow/example_dags/example_latest_only_with_trigger.py took 0.050 seconds
[2023-10-11T07:31:11.626+0000] {processor.py:157} INFO - Started process (PID=1633) to work on /home/airflow/.local/lib/python3.8/site-packages/airflow/example_dags/example_latest_only_with_trigger.py
[2023-10-11T07:31:11.627+0000] {processor.py:829} INFO - Processing file /home/airflow/.local/lib/python3.8/site-packages/airflow/example_dags/example_latest_only_with_trigger.py for tasks to queue
[2023-10-11T07:31:11.628+0000] {logging_mixin.py:151} INFO - [2023-10-11T07:31:11.628+0000] {dagbag.py:539} INFO - Filling up the DagBag from /home/airflow/.local/lib/python3.8/site-packages/airflow/example_dags/example_latest_only_with_trigger.py
[2023-10-11T07:31:11.632+0000] {processor.py:839} INFO - DAG(s) dict_keys(['latest_only_with_trigger']) retrieved from /home/airflow/.local/lib/python3.8/site-packages/airflow/example_dags/example_latest_only_with_trigger.py
[2023-10-11T07:31:11.649+0000] {logging_mixin.py:151} INFO - [2023-10-11T07:31:11.649+0000] {dag.py:2915} INFO - Sync 1 DAGs
[2023-10-11T07:31:11.663+0000] {logging_mixin.py:151} INFO - [2023-10-11T07:31:11.662+0000] {dag.py:3696} INFO - Setting next_dagrun for latest_only_with_trigger to 2023-10-11T03:31:11.662757+00:00, run_after=2023-10-11T07:31:11.662757+00:00
[2023-10-11T07:31:11.673+0000] {processor.py:179} INFO - Processing /home/airflow/.local/lib/python3.8/site-packages/airflow/example_dags/example_latest_only_with_trigger.py took 0.049 seconds
[2023-10-11T07:31:41.931+0000] {processor.py:157} INFO - Started process (PID=1692) to work on /home/airflow/.local/lib/python3.8/site-packages/airflow/example_dags/example_latest_only_with_trigger.py
[2023-10-11T07:31:41.932+0000] {processor.py:829} INFO - Processing file /home/airflow/.local/lib/python3.8/site-packages/airflow/example_dags/example_latest_only_with_trigger.py for tasks to queue
[2023-10-11T07:31:41.933+0000] {logging_mixin.py:151} INFO - [2023-10-11T07:31:41.933+0000] {dagbag.py:539} INFO - Filling up the DagBag from /home/airflow/.local/lib/python3.8/site-packages/airflow/example_dags/example_latest_only_with_trigger.py
[2023-10-11T07:31:41.937+0000] {processor.py:839} INFO - DAG(s) dict_keys(['latest_only_with_trigger']) retrieved from /home/airflow/.local/lib/python3.8/site-packages/airflow/example_dags/example_latest_only_with_trigger.py
[2023-10-11T07:31:41.954+0000] {logging_mixin.py:151} INFO - [2023-10-11T07:31:41.954+0000] {dag.py:2915} INFO - Sync 1 DAGs
[2023-10-11T07:31:41.968+0000] {logging_mixin.py:151} INFO - [2023-10-11T07:31:41.968+0000] {dag.py:3696} INFO - Setting next_dagrun for latest_only_with_trigger to 2023-10-11T03:31:41.968134+00:00, run_after=2023-10-11T07:31:41.968134+00:00
[2023-10-11T07:31:41.979+0000] {processor.py:179} INFO - Processing /home/airflow/.local/lib/python3.8/site-packages/airflow/example_dags/example_latest_only_with_trigger.py took 0.050 seconds
[2023-10-11T07:32:13.126+0000] {processor.py:157} INFO - Started process (PID=1758) to work on /home/airflow/.local/lib/python3.8/site-packages/airflow/example_dags/example_latest_only_with_trigger.py
[2023-10-11T07:32:13.126+0000] {processor.py:829} INFO - Processing file /home/airflow/.local/lib/python3.8/site-packages/airflow/example_dags/example_latest_only_with_trigger.py for tasks to queue
[2023-10-11T07:32:13.128+0000] {logging_mixin.py:151} INFO - [2023-10-11T07:32:13.128+0000] {dagbag.py:539} INFO - Filling up the DagBag from /home/airflow/.local/lib/python3.8/site-packages/airflow/example_dags/example_latest_only_with_trigger.py
[2023-10-11T07:32:13.132+0000] {processor.py:839} INFO - DAG(s) dict_keys(['latest_only_with_trigger']) retrieved from /home/airflow/.local/lib/python3.8/site-packages/airflow/example_dags/example_latest_only_with_trigger.py
[2023-10-11T07:32:13.150+0000] {logging_mixin.py:151} INFO - [2023-10-11T07:32:13.150+0000] {dag.py:2915} INFO - Sync 1 DAGs
[2023-10-11T07:32:13.163+0000] {logging_mixin.py:151} INFO - [2023-10-11T07:32:13.163+0000] {dag.py:3696} INFO - Setting next_dagrun for latest_only_with_trigger to 2023-10-11T03:32:13.163622+00:00, run_after=2023-10-11T07:32:13.163622+00:00
[2023-10-11T07:32:13.174+0000] {processor.py:179} INFO - Processing /home/airflow/.local/lib/python3.8/site-packages/airflow/example_dags/example_latest_only_with_trigger.py took 0.050 seconds
[2023-10-11T07:32:44.338+0000] {processor.py:157} INFO - Started process (PID=1817) to work on /home/airflow/.local/lib/python3.8/site-packages/airflow/example_dags/example_latest_only_with_trigger.py
[2023-10-11T07:32:44.339+0000] {processor.py:829} INFO - Processing file /home/airflow/.local/lib/python3.8/site-packages/airflow/example_dags/example_latest_only_with_trigger.py for tasks to queue
[2023-10-11T07:32:44.341+0000] {logging_mixin.py:151} INFO - [2023-10-11T07:32:44.340+0000] {dagbag.py:539} INFO - Filling up the DagBag from /home/airflow/.local/lib/python3.8/site-packages/airflow/example_dags/example_latest_only_with_trigger.py
[2023-10-11T07:32:44.345+0000] {processor.py:839} INFO - DAG(s) dict_keys(['latest_only_with_trigger']) retrieved from /home/airflow/.local/lib/python3.8/site-packages/airflow/example_dags/example_latest_only_with_trigger.py
[2023-10-11T07:32:44.362+0000] {logging_mixin.py:151} INFO - [2023-10-11T07:32:44.362+0000] {dag.py:2915} INFO - Sync 1 DAGs
[2023-10-11T07:32:44.376+0000] {logging_mixin.py:151} INFO - [2023-10-11T07:32:44.376+0000] {dag.py:3696} INFO - Setting next_dagrun for latest_only_with_trigger to 2023-10-11T03:32:44.376570+00:00, run_after=2023-10-11T07:32:44.376570+00:00
[2023-10-11T07:32:44.386+0000] {processor.py:179} INFO - Processing /home/airflow/.local/lib/python3.8/site-packages/airflow/example_dags/example_latest_only_with_trigger.py took 0.050 seconds
[2023-10-11T07:33:14.575+0000] {processor.py:157} INFO - Started process (PID=1877) to work on /home/airflow/.local/lib/python3.8/site-packages/airflow/example_dags/example_latest_only_with_trigger.py
[2023-10-11T07:33:14.575+0000] {processor.py:829} INFO - Processing file /home/airflow/.local/lib/python3.8/site-packages/airflow/example_dags/example_latest_only_with_trigger.py for tasks to queue
[2023-10-11T07:33:14.577+0000] {logging_mixin.py:151} INFO - [2023-10-11T07:33:14.577+0000] {dagbag.py:539} INFO - Filling up the DagBag from /home/airflow/.local/lib/python3.8/site-packages/airflow/example_dags/example_latest_only_with_trigger.py
[2023-10-11T07:33:14.581+0000] {processor.py:839} INFO - DAG(s) dict_keys(['latest_only_with_trigger']) retrieved from /home/airflow/.local/lib/python3.8/site-packages/airflow/example_dags/example_latest_only_with_trigger.py
[2023-10-11T07:33:14.597+0000] {logging_mixin.py:151} INFO - [2023-10-11T07:33:14.597+0000] {dag.py:2915} INFO - Sync 1 DAGs
[2023-10-11T07:33:14.611+0000] {logging_mixin.py:151} INFO - [2023-10-11T07:33:14.611+0000] {dag.py:3696} INFO - Setting next_dagrun for latest_only_with_trigger to 2023-10-11T03:33:14.611135+00:00, run_after=2023-10-11T07:33:14.611135+00:00
[2023-10-11T07:33:14.621+0000] {processor.py:179} INFO - Processing /home/airflow/.local/lib/python3.8/site-packages/airflow/example_dags/example_latest_only_with_trigger.py took 0.048 seconds
[2023-10-11T07:33:45.849+0000] {processor.py:157} INFO - Started process (PID=1936) to work on /home/airflow/.local/lib/python3.8/site-packages/airflow/example_dags/example_latest_only_with_trigger.py
[2023-10-11T07:33:45.850+0000] {processor.py:829} INFO - Processing file /home/airflow/.local/lib/python3.8/site-packages/airflow/example_dags/example_latest_only_with_trigger.py for tasks to queue
[2023-10-11T07:33:45.851+0000] {logging_mixin.py:151} INFO - [2023-10-11T07:33:45.851+0000] {dagbag.py:539} INFO - Filling up the DagBag from /home/airflow/.local/lib/python3.8/site-packages/airflow/example_dags/example_latest_only_with_trigger.py
[2023-10-11T07:33:45.855+0000] {processor.py:839} INFO - DAG(s) dict_keys(['latest_only_with_trigger']) retrieved from /home/airflow/.local/lib/python3.8/site-packages/airflow/example_dags/example_latest_only_with_trigger.py
[2023-10-11T07:33:45.871+0000] {logging_mixin.py:151} INFO - [2023-10-11T07:33:45.871+0000] {dag.py:2915} INFO - Sync 1 DAGs
[2023-10-11T07:33:45.884+0000] {logging_mixin.py:151} INFO - [2023-10-11T07:33:45.884+0000] {dag.py:3696} INFO - Setting next_dagrun for latest_only_with_trigger to 2023-10-11T03:33:45.884338+00:00, run_after=2023-10-11T07:33:45.884338+00:00
[2023-10-11T07:33:45.894+0000] {processor.py:179} INFO - Processing /home/airflow/.local/lib/python3.8/site-packages/airflow/example_dags/example_latest_only_with_trigger.py took 0.048 seconds
[2023-10-11T07:34:17.042+0000] {processor.py:157} INFO - Started process (PID=1995) to work on /home/airflow/.local/lib/python3.8/site-packages/airflow/example_dags/example_latest_only_with_trigger.py
[2023-10-11T07:34:17.042+0000] {processor.py:829} INFO - Processing file /home/airflow/.local/lib/python3.8/site-packages/airflow/example_dags/example_latest_only_with_trigger.py for tasks to queue
[2023-10-11T07:34:17.044+0000] {logging_mixin.py:151} INFO - [2023-10-11T07:34:17.044+0000] {dagbag.py:539} INFO - Filling up the DagBag from /home/airflow/.local/lib/python3.8/site-packages/airflow/example_dags/example_latest_only_with_trigger.py
[2023-10-11T07:34:17.049+0000] {processor.py:839} INFO - DAG(s) dict_keys(['latest_only_with_trigger']) retrieved from /home/airflow/.local/lib/python3.8/site-packages/airflow/example_dags/example_latest_only_with_trigger.py
[2023-10-11T07:34:17.067+0000] {logging_mixin.py:151} INFO - [2023-10-11T07:34:17.067+0000] {dag.py:2915} INFO - Sync 1 DAGs
[2023-10-11T07:34:17.083+0000] {logging_mixin.py:151} INFO - [2023-10-11T07:34:17.083+0000] {dag.py:3696} INFO - Setting next_dagrun for latest_only_with_trigger to 2023-10-11T03:34:17.082857+00:00, run_after=2023-10-11T07:34:17.082857+00:00
[2023-10-11T07:34:17.093+0000] {processor.py:179} INFO - Processing /home/airflow/.local/lib/python3.8/site-packages/airflow/example_dags/example_latest_only_with_trigger.py took 0.054 seconds
[2023-10-11T07:34:48.137+0000] {processor.py:157} INFO - Started process (PID=2054) to work on /home/airflow/.local/lib/python3.8/site-packages/airflow/example_dags/example_latest_only_with_trigger.py
[2023-10-11T07:34:48.138+0000] {processor.py:829} INFO - Processing file /home/airflow/.local/lib/python3.8/site-packages/airflow/example_dags/example_latest_only_with_trigger.py for tasks to queue
[2023-10-11T07:34:48.139+0000] {logging_mixin.py:151} INFO - [2023-10-11T07:34:48.139+0000] {dagbag.py:539} INFO - Filling up the DagBag from /home/airflow/.local/lib/python3.8/site-packages/airflow/example_dags/example_latest_only_with_trigger.py
[2023-10-11T07:34:48.142+0000] {processor.py:839} INFO - DAG(s) dict_keys(['latest_only_with_trigger']) retrieved from /home/airflow/.local/lib/python3.8/site-packages/airflow/example_dags/example_latest_only_with_trigger.py
[2023-10-11T07:34:48.159+0000] {logging_mixin.py:151} INFO - [2023-10-11T07:34:48.159+0000] {dag.py:2915} INFO - Sync 1 DAGs
[2023-10-11T07:34:48.172+0000] {logging_mixin.py:151} INFO - [2023-10-11T07:34:48.172+0000] {dag.py:3696} INFO - Setting next_dagrun for latest_only_with_trigger to 2023-10-11T03:34:48.172028+00:00, run_after=2023-10-11T07:34:48.172028+00:00
[2023-10-11T07:34:48.182+0000] {processor.py:179} INFO - Processing /home/airflow/.local/lib/python3.8/site-packages/airflow/example_dags/example_latest_only_with_trigger.py took 0.047 seconds
[2023-10-11T07:35:18.551+0000] {processor.py:157} INFO - Started process (PID=2113) to work on /home/airflow/.local/lib/python3.8/site-packages/airflow/example_dags/example_latest_only_with_trigger.py
[2023-10-11T07:35:18.551+0000] {processor.py:829} INFO - Processing file /home/airflow/.local/lib/python3.8/site-packages/airflow/example_dags/example_latest_only_with_trigger.py for tasks to queue
[2023-10-11T07:35:18.553+0000] {logging_mixin.py:151} INFO - [2023-10-11T07:35:18.553+0000] {dagbag.py:539} INFO - Filling up the DagBag from /home/airflow/.local/lib/python3.8/site-packages/airflow/example_dags/example_latest_only_with_trigger.py
[2023-10-11T07:35:18.557+0000] {processor.py:839} INFO - DAG(s) dict_keys(['latest_only_with_trigger']) retrieved from /home/airflow/.local/lib/python3.8/site-packages/airflow/example_dags/example_latest_only_with_trigger.py
[2023-10-11T07:35:18.574+0000] {logging_mixin.py:151} INFO - [2023-10-11T07:35:18.574+0000] {dag.py:2915} INFO - Sync 1 DAGs
[2023-10-11T07:35:18.587+0000] {logging_mixin.py:151} INFO - [2023-10-11T07:35:18.587+0000] {dag.py:3696} INFO - Setting next_dagrun for latest_only_with_trigger to 2023-10-11T03:35:18.587319+00:00, run_after=2023-10-11T07:35:18.587319+00:00
[2023-10-11T07:35:18.597+0000] {processor.py:179} INFO - Processing /home/airflow/.local/lib/python3.8/site-packages/airflow/example_dags/example_latest_only_with_trigger.py took 0.048 seconds
[2023-10-11T07:35:49.761+0000] {processor.py:157} INFO - Started process (PID=2172) to work on /home/airflow/.local/lib/python3.8/site-packages/airflow/example_dags/example_latest_only_with_trigger.py
[2023-10-11T07:35:49.762+0000] {processor.py:829} INFO - Processing file /home/airflow/.local/lib/python3.8/site-packages/airflow/example_dags/example_latest_only_with_trigger.py for tasks to queue
[2023-10-11T07:35:49.764+0000] {logging_mixin.py:151} INFO - [2023-10-11T07:35:49.763+0000] {dagbag.py:539} INFO - Filling up the DagBag from /home/airflow/.local/lib/python3.8/site-packages/airflow/example_dags/example_latest_only_with_trigger.py
[2023-10-11T07:35:49.770+0000] {processor.py:839} INFO - DAG(s) dict_keys(['latest_only_with_trigger']) retrieved from /home/airflow/.local/lib/python3.8/site-packages/airflow/example_dags/example_latest_only_with_trigger.py
[2023-10-11T07:35:49.805+0000] {logging_mixin.py:151} INFO - [2023-10-11T07:35:49.804+0000] {dag.py:2915} INFO - Sync 1 DAGs
[2023-10-11T07:35:49.825+0000] {logging_mixin.py:151} INFO - [2023-10-11T07:35:49.825+0000] {dag.py:3696} INFO - Setting next_dagrun for latest_only_with_trigger to 2023-10-11T03:35:49.824976+00:00, run_after=2023-10-11T07:35:49.824976+00:00
[2023-10-11T07:35:49.839+0000] {processor.py:179} INFO - Processing /home/airflow/.local/lib/python3.8/site-packages/airflow/example_dags/example_latest_only_with_trigger.py took 0.081 seconds
[2023-10-11T07:37:28.600+0000] {processor.py:157} INFO - Started process (PID=48) to work on /home/airflow/.local/lib/python3.8/site-packages/airflow/example_dags/example_latest_only_with_trigger.py
[2023-10-11T07:37:28.601+0000] {processor.py:829} INFO - Processing file /home/airflow/.local/lib/python3.8/site-packages/airflow/example_dags/example_latest_only_with_trigger.py for tasks to queue
[2023-10-11T07:37:28.604+0000] {logging_mixin.py:151} INFO - [2023-10-11T07:37:28.604+0000] {dagbag.py:539} INFO - Filling up the DagBag from /home/airflow/.local/lib/python3.8/site-packages/airflow/example_dags/example_latest_only_with_trigger.py
[2023-10-11T07:37:28.610+0000] {processor.py:839} INFO - DAG(s) dict_keys(['latest_only_with_trigger']) retrieved from /home/airflow/.local/lib/python3.8/site-packages/airflow/example_dags/example_latest_only_with_trigger.py
[2023-10-11T07:37:28.735+0000] {logging_mixin.py:151} INFO - [2023-10-11T07:37:28.735+0000] {manager.py:499} INFO - Created Permission View: %s
[2023-10-11T07:37:28.752+0000] {logging_mixin.py:151} INFO - [2023-10-11T07:37:28.752+0000] {manager.py:499} INFO - Created Permission View: %s
[2023-10-11T07:37:28.760+0000] {logging_mixin.py:151} INFO - [2023-10-11T07:37:28.760+0000] {manager.py:499} INFO - Created Permission View: %s
[2023-10-11T07:37:28.761+0000] {logging_mixin.py:151} INFO - [2023-10-11T07:37:28.761+0000] {security.py:708} INFO - Not syncing DAG-level permissions for DAG 'DAG:latest_only_with_trigger' as access control is unset.
[2023-10-11T07:37:28.762+0000] {logging_mixin.py:151} INFO - [2023-10-11T07:37:28.761+0000] {dag.py:2915} INFO - Sync 1 DAGs
[2023-10-11T07:37:28.772+0000] {logging_mixin.py:151} INFO - [2023-10-11T07:37:28.772+0000] {dag.py:2937} INFO - Creating ORM DAG for latest_only_with_trigger
[2023-10-11T07:37:28.783+0000] {logging_mixin.py:151} INFO - [2023-10-11T07:37:28.783+0000] {dag.py:3696} INFO - Setting next_dagrun for latest_only_with_trigger to 2023-10-11T03:37:28.783374+00:00, run_after=2023-10-11T07:37:28.783374+00:00
[2023-10-11T07:37:28.809+0000] {processor.py:179} INFO - Processing /home/airflow/.local/lib/python3.8/site-packages/airflow/example_dags/example_latest_only_with_trigger.py took 0.212 seconds
[2023-10-11T07:37:59.050+0000] {processor.py:157} INFO - Started process (PID=107) to work on /home/airflow/.local/lib/python3.8/site-packages/airflow/example_dags/example_latest_only_with_trigger.py
[2023-10-11T07:37:59.051+0000] {processor.py:829} INFO - Processing file /home/airflow/.local/lib/python3.8/site-packages/airflow/example_dags/example_latest_only_with_trigger.py for tasks to queue
[2023-10-11T07:37:59.052+0000] {logging_mixin.py:151} INFO - [2023-10-11T07:37:59.052+0000] {dagbag.py:539} INFO - Filling up the DagBag from /home/airflow/.local/lib/python3.8/site-packages/airflow/example_dags/example_latest_only_with_trigger.py
[2023-10-11T07:37:59.056+0000] {processor.py:839} INFO - DAG(s) dict_keys(['latest_only_with_trigger']) retrieved from /home/airflow/.local/lib/python3.8/site-packages/airflow/example_dags/example_latest_only_with_trigger.py
[2023-10-11T07:37:59.074+0000] {logging_mixin.py:151} INFO - [2023-10-11T07:37:59.074+0000] {dag.py:2915} INFO - Sync 1 DAGs
[2023-10-11T07:37:59.087+0000] {logging_mixin.py:151} INFO - [2023-10-11T07:37:59.087+0000] {dag.py:3696} INFO - Setting next_dagrun for latest_only_with_trigger to 2023-10-11T03:37:59.087447+00:00, run_after=2023-10-11T07:37:59.087447+00:00
[2023-10-11T07:37:59.104+0000] {processor.py:179} INFO - Processing /home/airflow/.local/lib/python3.8/site-packages/airflow/example_dags/example_latest_only_with_trigger.py took 0.056 seconds
[2023-10-11T07:38:29.681+0000] {processor.py:157} INFO - Started process (PID=166) to work on /home/airflow/.local/lib/python3.8/site-packages/airflow/example_dags/example_latest_only_with_trigger.py
[2023-10-11T07:38:29.682+0000] {processor.py:829} INFO - Processing file /home/airflow/.local/lib/python3.8/site-packages/airflow/example_dags/example_latest_only_with_trigger.py for tasks to queue
[2023-10-11T07:38:29.683+0000] {logging_mixin.py:151} INFO - [2023-10-11T07:38:29.683+0000] {dagbag.py:539} INFO - Filling up the DagBag from /home/airflow/.local/lib/python3.8/site-packages/airflow/example_dags/example_latest_only_with_trigger.py
[2023-10-11T07:38:29.687+0000] {processor.py:839} INFO - DAG(s) dict_keys(['latest_only_with_trigger']) retrieved from /home/airflow/.local/lib/python3.8/site-packages/airflow/example_dags/example_latest_only_with_trigger.py
[2023-10-11T07:38:29.704+0000] {logging_mixin.py:151} INFO - [2023-10-11T07:38:29.704+0000] {dag.py:2915} INFO - Sync 1 DAGs
[2023-10-11T07:38:29.717+0000] {logging_mixin.py:151} INFO - [2023-10-11T07:38:29.717+0000] {dag.py:3696} INFO - Setting next_dagrun for latest_only_with_trigger to 2023-10-11T03:38:29.717523+00:00, run_after=2023-10-11T07:38:29.717523+00:00
[2023-10-11T07:38:29.728+0000] {processor.py:179} INFO - Processing /home/airflow/.local/lib/python3.8/site-packages/airflow/example_dags/example_latest_only_with_trigger.py took 0.049 seconds
[2023-10-11T07:39:00.877+0000] {processor.py:157} INFO - Started process (PID=225) to work on /home/airflow/.local/lib/python3.8/site-packages/airflow/example_dags/example_latest_only_with_trigger.py
[2023-10-11T07:39:00.877+0000] {processor.py:829} INFO - Processing file /home/airflow/.local/lib/python3.8/site-packages/airflow/example_dags/example_latest_only_with_trigger.py for tasks to queue
[2023-10-11T07:39:00.879+0000] {logging_mixin.py:151} INFO - [2023-10-11T07:39:00.879+0000] {dagbag.py:539} INFO - Filling up the DagBag from /home/airflow/.local/lib/python3.8/site-packages/airflow/example_dags/example_latest_only_with_trigger.py
[2023-10-11T07:39:00.882+0000] {processor.py:839} INFO - DAG(s) dict_keys(['latest_only_with_trigger']) retrieved from /home/airflow/.local/lib/python3.8/site-packages/airflow/example_dags/example_latest_only_with_trigger.py
[2023-10-11T07:39:00.899+0000] {logging_mixin.py:151} INFO - [2023-10-11T07:39:00.899+0000] {dag.py:2915} INFO - Sync 1 DAGs
[2023-10-11T07:39:00.913+0000] {logging_mixin.py:151} INFO - [2023-10-11T07:39:00.913+0000] {dag.py:3696} INFO - Setting next_dagrun for latest_only_with_trigger to 2023-10-11T03:39:00.913017+00:00, run_after=2023-10-11T07:39:00.913017+00:00
[2023-10-11T07:39:00.923+0000] {processor.py:179} INFO - Processing /home/airflow/.local/lib/python3.8/site-packages/airflow/example_dags/example_latest_only_with_trigger.py took 0.048 seconds
[2023-10-11T07:39:31.091+0000] {processor.py:157} INFO - Started process (PID=280) to work on /home/airflow/.local/lib/python3.8/site-packages/airflow/example_dags/example_latest_only_with_trigger.py
[2023-10-11T07:39:31.091+0000] {processor.py:829} INFO - Processing file /home/airflow/.local/lib/python3.8/site-packages/airflow/example_dags/example_latest_only_with_trigger.py for tasks to queue
[2023-10-11T07:39:31.094+0000] {logging_mixin.py:151} INFO - [2023-10-11T07:39:31.094+0000] {dagbag.py:539} INFO - Filling up the DagBag from /home/airflow/.local/lib/python3.8/site-packages/airflow/example_dags/example_latest_only_with_trigger.py
[2023-10-11T07:39:31.099+0000] {processor.py:839} INFO - DAG(s) dict_keys(['latest_only_with_trigger']) retrieved from /home/airflow/.local/lib/python3.8/site-packages/airflow/example_dags/example_latest_only_with_trigger.py
[2023-10-11T07:39:31.120+0000] {logging_mixin.py:151} INFO - [2023-10-11T07:39:31.120+0000] {dag.py:2915} INFO - Sync 1 DAGs
[2023-10-11T07:39:31.134+0000] {logging_mixin.py:151} INFO - [2023-10-11T07:39:31.134+0000] {dag.py:3696} INFO - Setting next_dagrun for latest_only_with_trigger to 2023-10-11T03:39:31.133821+00:00, run_after=2023-10-11T07:39:31.133821+00:00
[2023-10-11T07:39:31.143+0000] {processor.py:179} INFO - Processing /home/airflow/.local/lib/python3.8/site-packages/airflow/example_dags/example_latest_only_with_trigger.py took 0.055 seconds
[2023-10-11T07:40:01.338+0000] {processor.py:157} INFO - Started process (PID=338) to work on /home/airflow/.local/lib/python3.8/site-packages/airflow/example_dags/example_latest_only_with_trigger.py
[2023-10-11T07:40:01.339+0000] {processor.py:829} INFO - Processing file /home/airflow/.local/lib/python3.8/site-packages/airflow/example_dags/example_latest_only_with_trigger.py for tasks to queue
[2023-10-11T07:40:01.340+0000] {logging_mixin.py:151} INFO - [2023-10-11T07:40:01.340+0000] {dagbag.py:539} INFO - Filling up the DagBag from /home/airflow/.local/lib/python3.8/site-packages/airflow/example_dags/example_latest_only_with_trigger.py
[2023-10-11T07:40:01.344+0000] {processor.py:839} INFO - DAG(s) dict_keys(['latest_only_with_trigger']) retrieved from /home/airflow/.local/lib/python3.8/site-packages/airflow/example_dags/example_latest_only_with_trigger.py
[2023-10-11T07:40:01.361+0000] {logging_mixin.py:151} INFO - [2023-10-11T07:40:01.361+0000] {dag.py:2915} INFO - Sync 1 DAGs
[2023-10-11T07:40:01.374+0000] {logging_mixin.py:151} INFO - [2023-10-11T07:40:01.374+0000] {dag.py:3696} INFO - Setting next_dagrun for latest_only_with_trigger to 2023-10-11T03:40:01.374589+00:00, run_after=2023-10-11T07:40:01.374589+00:00
[2023-10-11T07:40:01.384+0000] {processor.py:179} INFO - Processing /home/airflow/.local/lib/python3.8/site-packages/airflow/example_dags/example_latest_only_with_trigger.py took 0.049 seconds
[2023-10-11T07:40:31.568+0000] {processor.py:157} INFO - Started process (PID=397) to work on /home/airflow/.local/lib/python3.8/site-packages/airflow/example_dags/example_latest_only_with_trigger.py
[2023-10-11T07:40:31.568+0000] {processor.py:829} INFO - Processing file /home/airflow/.local/lib/python3.8/site-packages/airflow/example_dags/example_latest_only_with_trigger.py for tasks to queue
[2023-10-11T07:40:31.570+0000] {logging_mixin.py:151} INFO - [2023-10-11T07:40:31.569+0000] {dagbag.py:539} INFO - Filling up the DagBag from /home/airflow/.local/lib/python3.8/site-packages/airflow/example_dags/example_latest_only_with_trigger.py
[2023-10-11T07:40:31.573+0000] {processor.py:839} INFO - DAG(s) dict_keys(['latest_only_with_trigger']) retrieved from /home/airflow/.local/lib/python3.8/site-packages/airflow/example_dags/example_latest_only_with_trigger.py
[2023-10-11T07:40:31.591+0000] {logging_mixin.py:151} INFO - [2023-10-11T07:40:31.590+0000] {dag.py:2915} INFO - Sync 1 DAGs
[2023-10-11T07:40:31.604+0000] {logging_mixin.py:151} INFO - [2023-10-11T07:40:31.604+0000] {dag.py:3696} INFO - Setting next_dagrun for latest_only_with_trigger to 2023-10-11T03:40:31.604285+00:00, run_after=2023-10-11T07:40:31.604285+00:00
[2023-10-11T07:40:31.614+0000] {processor.py:179} INFO - Processing /home/airflow/.local/lib/python3.8/site-packages/airflow/example_dags/example_latest_only_with_trigger.py took 0.048 seconds
[2023-10-11T07:41:01.794+0000] {processor.py:157} INFO - Started process (PID=456) to work on /home/airflow/.local/lib/python3.8/site-packages/airflow/example_dags/example_latest_only_with_trigger.py
[2023-10-11T07:41:01.795+0000] {processor.py:829} INFO - Processing file /home/airflow/.local/lib/python3.8/site-packages/airflow/example_dags/example_latest_only_with_trigger.py for tasks to queue
[2023-10-11T07:41:01.796+0000] {logging_mixin.py:151} INFO - [2023-10-11T07:41:01.796+0000] {dagbag.py:539} INFO - Filling up the DagBag from /home/airflow/.local/lib/python3.8/site-packages/airflow/example_dags/example_latest_only_with_trigger.py
[2023-10-11T07:41:01.800+0000] {processor.py:839} INFO - DAG(s) dict_keys(['latest_only_with_trigger']) retrieved from /home/airflow/.local/lib/python3.8/site-packages/airflow/example_dags/example_latest_only_with_trigger.py
[2023-10-11T07:41:01.817+0000] {logging_mixin.py:151} INFO - [2023-10-11T07:41:01.817+0000] {dag.py:2915} INFO - Sync 1 DAGs
[2023-10-11T07:41:01.830+0000] {logging_mixin.py:151} INFO - [2023-10-11T07:41:01.830+0000] {dag.py:3696} INFO - Setting next_dagrun for latest_only_with_trigger to 2023-10-11T03:41:01.830260+00:00, run_after=2023-10-11T07:41:01.830260+00:00
[2023-10-11T07:41:01.839+0000] {processor.py:179} INFO - Processing /home/airflow/.local/lib/python3.8/site-packages/airflow/example_dags/example_latest_only_with_trigger.py took 0.048 seconds
[2023-10-11T07:41:32.084+0000] {processor.py:157} INFO - Started process (PID=515) to work on /home/airflow/.local/lib/python3.8/site-packages/airflow/example_dags/example_latest_only_with_trigger.py
[2023-10-11T07:41:32.085+0000] {processor.py:829} INFO - Processing file /home/airflow/.local/lib/python3.8/site-packages/airflow/example_dags/example_latest_only_with_trigger.py for tasks to queue
[2023-10-11T07:41:32.086+0000] {logging_mixin.py:151} INFO - [2023-10-11T07:41:32.086+0000] {dagbag.py:539} INFO - Filling up the DagBag from /home/airflow/.local/lib/python3.8/site-packages/airflow/example_dags/example_latest_only_with_trigger.py
[2023-10-11T07:41:32.090+0000] {processor.py:839} INFO - DAG(s) dict_keys(['latest_only_with_trigger']) retrieved from /home/airflow/.local/lib/python3.8/site-packages/airflow/example_dags/example_latest_only_with_trigger.py
[2023-10-11T07:41:32.107+0000] {logging_mixin.py:151} INFO - [2023-10-11T07:41:32.107+0000] {dag.py:2915} INFO - Sync 1 DAGs
[2023-10-11T07:41:32.120+0000] {logging_mixin.py:151} INFO - [2023-10-11T07:41:32.120+0000] {dag.py:3696} INFO - Setting next_dagrun for latest_only_with_trigger to 2023-10-11T03:41:32.120568+00:00, run_after=2023-10-11T07:41:32.120568+00:00
[2023-10-11T07:41:32.130+0000] {processor.py:179} INFO - Processing /home/airflow/.local/lib/python3.8/site-packages/airflow/example_dags/example_latest_only_with_trigger.py took 0.048 seconds
[2023-10-11T07:42:02.415+0000] {processor.py:157} INFO - Started process (PID=574) to work on /home/airflow/.local/lib/python3.8/site-packages/airflow/example_dags/example_latest_only_with_trigger.py
[2023-10-11T07:42:02.416+0000] {processor.py:829} INFO - Processing file /home/airflow/.local/lib/python3.8/site-packages/airflow/example_dags/example_latest_only_with_trigger.py for tasks to queue
[2023-10-11T07:42:02.417+0000] {logging_mixin.py:151} INFO - [2023-10-11T07:42:02.417+0000] {dagbag.py:539} INFO - Filling up the DagBag from /home/airflow/.local/lib/python3.8/site-packages/airflow/example_dags/example_latest_only_with_trigger.py
[2023-10-11T07:42:02.421+0000] {processor.py:839} INFO - DAG(s) dict_keys(['latest_only_with_trigger']) retrieved from /home/airflow/.local/lib/python3.8/site-packages/airflow/example_dags/example_latest_only_with_trigger.py
[2023-10-11T07:42:02.438+0000] {logging_mixin.py:151} INFO - [2023-10-11T07:42:02.438+0000] {dag.py:2915} INFO - Sync 1 DAGs
[2023-10-11T07:42:02.452+0000] {logging_mixin.py:151} INFO - [2023-10-11T07:42:02.452+0000] {dag.py:3696} INFO - Setting next_dagrun for latest_only_with_trigger to 2023-10-11T03:42:02.451918+00:00, run_after=2023-10-11T07:42:02.451918+00:00
[2023-10-11T07:42:02.461+0000] {processor.py:179} INFO - Processing /home/airflow/.local/lib/python3.8/site-packages/airflow/example_dags/example_latest_only_with_trigger.py took 0.048 seconds
[2023-10-11T07:42:33.038+0000] {processor.py:157} INFO - Started process (PID=633) to work on /home/airflow/.local/lib/python3.8/site-packages/airflow/example_dags/example_latest_only_with_trigger.py
[2023-10-11T07:42:33.039+0000] {processor.py:829} INFO - Processing file /home/airflow/.local/lib/python3.8/site-packages/airflow/example_dags/example_latest_only_with_trigger.py for tasks to queue
[2023-10-11T07:42:33.040+0000] {logging_mixin.py:151} INFO - [2023-10-11T07:42:33.040+0000] {dagbag.py:539} INFO - Filling up the DagBag from /home/airflow/.local/lib/python3.8/site-packages/airflow/example_dags/example_latest_only_with_trigger.py
[2023-10-11T07:42:33.044+0000] {processor.py:839} INFO - DAG(s) dict_keys(['latest_only_with_trigger']) retrieved from /home/airflow/.local/lib/python3.8/site-packages/airflow/example_dags/example_latest_only_with_trigger.py
[2023-10-11T07:42:33.061+0000] {logging_mixin.py:151} INFO - [2023-10-11T07:42:33.061+0000] {dag.py:2915} INFO - Sync 1 DAGs
[2023-10-11T07:42:33.074+0000] {logging_mixin.py:151} INFO - [2023-10-11T07:42:33.074+0000] {dag.py:3696} INFO - Setting next_dagrun for latest_only_with_trigger to 2023-10-11T03:42:33.074292+00:00, run_after=2023-10-11T07:42:33.074292+00:00
[2023-10-11T07:42:33.084+0000] {processor.py:179} INFO - Processing /home/airflow/.local/lib/python3.8/site-packages/airflow/example_dags/example_latest_only_with_trigger.py took 0.048 seconds
[2023-10-11T07:43:03.497+0000] {processor.py:157} INFO - Started process (PID=692) to work on /home/airflow/.local/lib/python3.8/site-packages/airflow/example_dags/example_latest_only_with_trigger.py
[2023-10-11T07:43:03.497+0000] {processor.py:829} INFO - Processing file /home/airflow/.local/lib/python3.8/site-packages/airflow/example_dags/example_latest_only_with_trigger.py for tasks to queue
[2023-10-11T07:43:03.499+0000] {logging_mixin.py:151} INFO - [2023-10-11T07:43:03.498+0000] {dagbag.py:539} INFO - Filling up the DagBag from /home/airflow/.local/lib/python3.8/site-packages/airflow/example_dags/example_latest_only_with_trigger.py
[2023-10-11T07:43:03.503+0000] {processor.py:839} INFO - DAG(s) dict_keys(['latest_only_with_trigger']) retrieved from /home/airflow/.local/lib/python3.8/site-packages/airflow/example_dags/example_latest_only_with_trigger.py
[2023-10-11T07:43:03.520+0000] {logging_mixin.py:151} INFO - [2023-10-11T07:43:03.520+0000] {dag.py:2915} INFO - Sync 1 DAGs
[2023-10-11T07:43:03.533+0000] {logging_mixin.py:151} INFO - [2023-10-11T07:43:03.533+0000] {dag.py:3696} INFO - Setting next_dagrun for latest_only_with_trigger to 2023-10-11T03:43:03.533227+00:00, run_after=2023-10-11T07:43:03.533227+00:00
[2023-10-11T07:43:03.543+0000] {processor.py:179} INFO - Processing /home/airflow/.local/lib/python3.8/site-packages/airflow/example_dags/example_latest_only_with_trigger.py took 0.048 seconds
[2023-10-11T07:43:34.583+0000] {processor.py:157} INFO - Started process (PID=751) to work on /home/airflow/.local/lib/python3.8/site-packages/airflow/example_dags/example_latest_only_with_trigger.py
[2023-10-11T07:43:34.584+0000] {processor.py:829} INFO - Processing file /home/airflow/.local/lib/python3.8/site-packages/airflow/example_dags/example_latest_only_with_trigger.py for tasks to queue
[2023-10-11T07:43:34.585+0000] {logging_mixin.py:151} INFO - [2023-10-11T07:43:34.585+0000] {dagbag.py:539} INFO - Filling up the DagBag from /home/airflow/.local/lib/python3.8/site-packages/airflow/example_dags/example_latest_only_with_trigger.py
[2023-10-11T07:43:34.589+0000] {processor.py:839} INFO - DAG(s) dict_keys(['latest_only_with_trigger']) retrieved from /home/airflow/.local/lib/python3.8/site-packages/airflow/example_dags/example_latest_only_with_trigger.py
[2023-10-11T07:43:34.604+0000] {logging_mixin.py:151} INFO - [2023-10-11T07:43:34.604+0000] {dag.py:2915} INFO - Sync 1 DAGs
[2023-10-11T07:43:34.617+0000] {logging_mixin.py:151} INFO - [2023-10-11T07:43:34.617+0000] {dag.py:3696} INFO - Setting next_dagrun for latest_only_with_trigger to 2023-10-11T03:43:34.617689+00:00, run_after=2023-10-11T07:43:34.617689+00:00
[2023-10-11T07:43:34.627+0000] {processor.py:179} INFO - Processing /home/airflow/.local/lib/python3.8/site-packages/airflow/example_dags/example_latest_only_with_trigger.py took 0.046 seconds
[2023-10-11T07:44:04.825+0000] {processor.py:157} INFO - Started process (PID=810) to work on /home/airflow/.local/lib/python3.8/site-packages/airflow/example_dags/example_latest_only_with_trigger.py
[2023-10-11T07:44:04.826+0000] {processor.py:829} INFO - Processing file /home/airflow/.local/lib/python3.8/site-packages/airflow/example_dags/example_latest_only_with_trigger.py for tasks to queue
[2023-10-11T07:44:04.827+0000] {logging_mixin.py:151} INFO - [2023-10-11T07:44:04.827+0000] {dagbag.py:539} INFO - Filling up the DagBag from /home/airflow/.local/lib/python3.8/site-packages/airflow/example_dags/example_latest_only_with_trigger.py
[2023-10-11T07:44:04.831+0000] {processor.py:839} INFO - DAG(s) dict_keys(['latest_only_with_trigger']) retrieved from /home/airflow/.local/lib/python3.8/site-packages/airflow/example_dags/example_latest_only_with_trigger.py
[2023-10-11T07:44:04.848+0000] {logging_mixin.py:151} INFO - [2023-10-11T07:44:04.848+0000] {dag.py:2915} INFO - Sync 1 DAGs
[2023-10-11T07:44:04.861+0000] {logging_mixin.py:151} INFO - [2023-10-11T07:44:04.861+0000] {dag.py:3696} INFO - Setting next_dagrun for latest_only_with_trigger to 2023-10-11T03:44:04.861693+00:00, run_after=2023-10-11T07:44:04.861693+00:00
[2023-10-11T07:44:04.871+0000] {processor.py:179} INFO - Processing /home/airflow/.local/lib/python3.8/site-packages/airflow/example_dags/example_latest_only_with_trigger.py took 0.048 seconds
[2023-10-11T07:44:35.960+0000] {processor.py:157} INFO - Started process (PID=869) to work on /home/airflow/.local/lib/python3.8/site-packages/airflow/example_dags/example_latest_only_with_trigger.py
[2023-10-11T07:44:35.961+0000] {processor.py:829} INFO - Processing file /home/airflow/.local/lib/python3.8/site-packages/airflow/example_dags/example_latest_only_with_trigger.py for tasks to queue
[2023-10-11T07:44:35.962+0000] {logging_mixin.py:151} INFO - [2023-10-11T07:44:35.962+0000] {dagbag.py:539} INFO - Filling up the DagBag from /home/airflow/.local/lib/python3.8/site-packages/airflow/example_dags/example_latest_only_with_trigger.py
[2023-10-11T07:44:35.966+0000] {processor.py:839} INFO - DAG(s) dict_keys(['latest_only_with_trigger']) retrieved from /home/airflow/.local/lib/python3.8/site-packages/airflow/example_dags/example_latest_only_with_trigger.py
[2023-10-11T07:44:35.986+0000] {logging_mixin.py:151} INFO - [2023-10-11T07:44:35.986+0000] {dag.py:2915} INFO - Sync 1 DAGs
[2023-10-11T07:44:36.001+0000] {logging_mixin.py:151} INFO - [2023-10-11T07:44:36.001+0000] {dag.py:3696} INFO - Setting next_dagrun for latest_only_with_trigger to 2023-10-11T03:44:36.001016+00:00, run_after=2023-10-11T07:44:36.001016+00:00
[2023-10-11T07:44:36.012+0000] {processor.py:179} INFO - Processing /home/airflow/.local/lib/python3.8/site-packages/airflow/example_dags/example_latest_only_with_trigger.py took 0.055 seconds
[2023-10-11T07:45:07.077+0000] {processor.py:157} INFO - Started process (PID=928) to work on /home/airflow/.local/lib/python3.8/site-packages/airflow/example_dags/example_latest_only_with_trigger.py
[2023-10-11T07:45:07.078+0000] {processor.py:829} INFO - Processing file /home/airflow/.local/lib/python3.8/site-packages/airflow/example_dags/example_latest_only_with_trigger.py for tasks to queue
[2023-10-11T07:45:07.079+0000] {logging_mixin.py:151} INFO - [2023-10-11T07:45:07.079+0000] {dagbag.py:539} INFO - Filling up the DagBag from /home/airflow/.local/lib/python3.8/site-packages/airflow/example_dags/example_latest_only_with_trigger.py
[2023-10-11T07:45:07.083+0000] {processor.py:839} INFO - DAG(s) dict_keys(['latest_only_with_trigger']) retrieved from /home/airflow/.local/lib/python3.8/site-packages/airflow/example_dags/example_latest_only_with_trigger.py
[2023-10-11T07:45:07.100+0000] {logging_mixin.py:151} INFO - [2023-10-11T07:45:07.100+0000] {dag.py:2915} INFO - Sync 1 DAGs
[2023-10-11T07:45:07.113+0000] {logging_mixin.py:151} INFO - [2023-10-11T07:45:07.113+0000] {dag.py:3696} INFO - Setting next_dagrun for latest_only_with_trigger to 2023-10-11T03:45:07.113115+00:00, run_after=2023-10-11T07:45:07.113115+00:00
[2023-10-11T07:45:07.124+0000] {processor.py:179} INFO - Processing /home/airflow/.local/lib/python3.8/site-packages/airflow/example_dags/example_latest_only_with_trigger.py took 0.050 seconds
[2023-10-11T07:45:37.560+0000] {processor.py:157} INFO - Started process (PID=987) to work on /home/airflow/.local/lib/python3.8/site-packages/airflow/example_dags/example_latest_only_with_trigger.py
[2023-10-11T07:45:37.561+0000] {processor.py:829} INFO - Processing file /home/airflow/.local/lib/python3.8/site-packages/airflow/example_dags/example_latest_only_with_trigger.py for tasks to queue
[2023-10-11T07:45:37.563+0000] {logging_mixin.py:151} INFO - [2023-10-11T07:45:37.563+0000] {dagbag.py:539} INFO - Filling up the DagBag from /home/airflow/.local/lib/python3.8/site-packages/airflow/example_dags/example_latest_only_with_trigger.py
[2023-10-11T07:45:37.568+0000] {processor.py:839} INFO - DAG(s) dict_keys(['latest_only_with_trigger']) retrieved from /home/airflow/.local/lib/python3.8/site-packages/airflow/example_dags/example_latest_only_with_trigger.py
[2023-10-11T07:45:37.589+0000] {logging_mixin.py:151} INFO - [2023-10-11T07:45:37.589+0000] {dag.py:2915} INFO - Sync 1 DAGs
[2023-10-11T07:45:37.609+0000] {logging_mixin.py:151} INFO - [2023-10-11T07:45:37.609+0000] {dag.py:3696} INFO - Setting next_dagrun for latest_only_with_trigger to 2023-10-11T03:45:37.608985+00:00, run_after=2023-10-11T07:45:37.608985+00:00
[2023-10-11T07:45:37.623+0000] {processor.py:179} INFO - Processing /home/airflow/.local/lib/python3.8/site-packages/airflow/example_dags/example_latest_only_with_trigger.py took 0.066 seconds
[2023-10-11T07:46:07.956+0000] {processor.py:157} INFO - Started process (PID=1046) to work on /home/airflow/.local/lib/python3.8/site-packages/airflow/example_dags/example_latest_only_with_trigger.py
[2023-10-11T07:46:07.957+0000] {processor.py:829} INFO - Processing file /home/airflow/.local/lib/python3.8/site-packages/airflow/example_dags/example_latest_only_with_trigger.py for tasks to queue
[2023-10-11T07:46:07.959+0000] {logging_mixin.py:151} INFO - [2023-10-11T07:46:07.959+0000] {dagbag.py:539} INFO - Filling up the DagBag from /home/airflow/.local/lib/python3.8/site-packages/airflow/example_dags/example_latest_only_with_trigger.py
[2023-10-11T07:46:07.964+0000] {processor.py:839} INFO - DAG(s) dict_keys(['latest_only_with_trigger']) retrieved from /home/airflow/.local/lib/python3.8/site-packages/airflow/example_dags/example_latest_only_with_trigger.py
[2023-10-11T07:46:07.987+0000] {logging_mixin.py:151} INFO - [2023-10-11T07:46:07.987+0000] {dag.py:2915} INFO - Sync 1 DAGs
[2023-10-11T07:46:08.006+0000] {logging_mixin.py:151} INFO - [2023-10-11T07:46:08.006+0000] {dag.py:3696} INFO - Setting next_dagrun for latest_only_with_trigger to 2023-10-11T03:46:08.006024+00:00, run_after=2023-10-11T07:46:08.006024+00:00
[2023-10-11T07:46:08.019+0000] {processor.py:179} INFO - Processing /home/airflow/.local/lib/python3.8/site-packages/airflow/example_dags/example_latest_only_with_trigger.py took 0.066 seconds
[2023-10-11T07:46:38.329+0000] {processor.py:157} INFO - Started process (PID=1104) to work on /home/airflow/.local/lib/python3.8/site-packages/airflow/example_dags/example_latest_only_with_trigger.py
[2023-10-11T07:46:38.330+0000] {processor.py:829} INFO - Processing file /home/airflow/.local/lib/python3.8/site-packages/airflow/example_dags/example_latest_only_with_trigger.py for tasks to queue
[2023-10-11T07:46:38.331+0000] {logging_mixin.py:151} INFO - [2023-10-11T07:46:38.331+0000] {dagbag.py:539} INFO - Filling up the DagBag from /home/airflow/.local/lib/python3.8/site-packages/airflow/example_dags/example_latest_only_with_trigger.py
[2023-10-11T07:46:38.335+0000] {processor.py:839} INFO - DAG(s) dict_keys(['latest_only_with_trigger']) retrieved from /home/airflow/.local/lib/python3.8/site-packages/airflow/example_dags/example_latest_only_with_trigger.py
[2023-10-11T07:46:38.352+0000] {logging_mixin.py:151} INFO - [2023-10-11T07:46:38.352+0000] {dag.py:2915} INFO - Sync 1 DAGs
[2023-10-11T07:46:38.365+0000] {logging_mixin.py:151} INFO - [2023-10-11T07:46:38.365+0000] {dag.py:3696} INFO - Setting next_dagrun for latest_only_with_trigger to 2023-10-11T03:46:38.365557+00:00, run_after=2023-10-11T07:46:38.365557+00:00
[2023-10-11T07:46:38.375+0000] {processor.py:179} INFO - Processing /home/airflow/.local/lib/python3.8/site-packages/airflow/example_dags/example_latest_only_with_trigger.py took 0.048 seconds
[2023-10-11T07:47:08.583+0000] {processor.py:157} INFO - Started process (PID=1163) to work on /home/airflow/.local/lib/python3.8/site-packages/airflow/example_dags/example_latest_only_with_trigger.py
[2023-10-11T07:47:08.583+0000] {processor.py:829} INFO - Processing file /home/airflow/.local/lib/python3.8/site-packages/airflow/example_dags/example_latest_only_with_trigger.py for tasks to queue
[2023-10-11T07:47:08.585+0000] {logging_mixin.py:151} INFO - [2023-10-11T07:47:08.585+0000] {dagbag.py:539} INFO - Filling up the DagBag from /home/airflow/.local/lib/python3.8/site-packages/airflow/example_dags/example_latest_only_with_trigger.py
[2023-10-11T07:47:08.589+0000] {processor.py:839} INFO - DAG(s) dict_keys(['latest_only_with_trigger']) retrieved from /home/airflow/.local/lib/python3.8/site-packages/airflow/example_dags/example_latest_only_with_trigger.py
[2023-10-11T07:47:08.606+0000] {logging_mixin.py:151} INFO - [2023-10-11T07:47:08.606+0000] {dag.py:2915} INFO - Sync 1 DAGs
[2023-10-11T07:47:08.619+0000] {logging_mixin.py:151} INFO - [2023-10-11T07:47:08.619+0000] {dag.py:3696} INFO - Setting next_dagrun for latest_only_with_trigger to 2023-10-11T03:47:08.619388+00:00, run_after=2023-10-11T07:47:08.619388+00:00
[2023-10-11T07:47:08.629+0000] {processor.py:179} INFO - Processing /home/airflow/.local/lib/python3.8/site-packages/airflow/example_dags/example_latest_only_with_trigger.py took 0.049 seconds
[2023-10-11T07:47:39.807+0000] {processor.py:157} INFO - Started process (PID=1222) to work on /home/airflow/.local/lib/python3.8/site-packages/airflow/example_dags/example_latest_only_with_trigger.py
[2023-10-11T07:47:39.808+0000] {processor.py:829} INFO - Processing file /home/airflow/.local/lib/python3.8/site-packages/airflow/example_dags/example_latest_only_with_trigger.py for tasks to queue
[2023-10-11T07:47:39.810+0000] {logging_mixin.py:151} INFO - [2023-10-11T07:47:39.810+0000] {dagbag.py:539} INFO - Filling up the DagBag from /home/airflow/.local/lib/python3.8/site-packages/airflow/example_dags/example_latest_only_with_trigger.py
[2023-10-11T07:47:39.814+0000] {processor.py:839} INFO - DAG(s) dict_keys(['latest_only_with_trigger']) retrieved from /home/airflow/.local/lib/python3.8/site-packages/airflow/example_dags/example_latest_only_with_trigger.py
[2023-10-11T07:47:39.832+0000] {logging_mixin.py:151} INFO - [2023-10-11T07:47:39.831+0000] {dag.py:2915} INFO - Sync 1 DAGs
[2023-10-11T07:47:39.846+0000] {logging_mixin.py:151} INFO - [2023-10-11T07:47:39.846+0000] {dag.py:3696} INFO - Setting next_dagrun for latest_only_with_trigger to 2023-10-11T03:47:39.845830+00:00, run_after=2023-10-11T07:47:39.845830+00:00
[2023-10-11T07:47:39.856+0000] {processor.py:179} INFO - Processing /home/airflow/.local/lib/python3.8/site-packages/airflow/example_dags/example_latest_only_with_trigger.py took 0.051 seconds
[2023-10-11T07:48:10.056+0000] {processor.py:157} INFO - Started process (PID=1281) to work on /home/airflow/.local/lib/python3.8/site-packages/airflow/example_dags/example_latest_only_with_trigger.py
[2023-10-11T07:48:10.057+0000] {processor.py:829} INFO - Processing file /home/airflow/.local/lib/python3.8/site-packages/airflow/example_dags/example_latest_only_with_trigger.py for tasks to queue
[2023-10-11T07:48:10.058+0000] {logging_mixin.py:151} INFO - [2023-10-11T07:48:10.058+0000] {dagbag.py:539} INFO - Filling up the DagBag from /home/airflow/.local/lib/python3.8/site-packages/airflow/example_dags/example_latest_only_with_trigger.py
[2023-10-11T07:48:10.062+0000] {processor.py:839} INFO - DAG(s) dict_keys(['latest_only_with_trigger']) retrieved from /home/airflow/.local/lib/python3.8/site-packages/airflow/example_dags/example_latest_only_with_trigger.py
[2023-10-11T07:48:10.079+0000] {logging_mixin.py:151} INFO - [2023-10-11T07:48:10.079+0000] {dag.py:2915} INFO - Sync 1 DAGs
[2023-10-11T07:48:10.093+0000] {logging_mixin.py:151} INFO - [2023-10-11T07:48:10.093+0000] {dag.py:3696} INFO - Setting next_dagrun for latest_only_with_trigger to 2023-10-11T03:48:10.093142+00:00, run_after=2023-10-11T07:48:10.093142+00:00
[2023-10-11T07:48:10.103+0000] {processor.py:179} INFO - Processing /home/airflow/.local/lib/python3.8/site-packages/airflow/example_dags/example_latest_only_with_trigger.py took 0.049 seconds
[2023-10-11T07:48:40.597+0000] {processor.py:157} INFO - Started process (PID=1340) to work on /home/airflow/.local/lib/python3.8/site-packages/airflow/example_dags/example_latest_only_with_trigger.py
[2023-10-11T07:48:40.598+0000] {processor.py:829} INFO - Processing file /home/airflow/.local/lib/python3.8/site-packages/airflow/example_dags/example_latest_only_with_trigger.py for tasks to queue
[2023-10-11T07:48:40.599+0000] {logging_mixin.py:151} INFO - [2023-10-11T07:48:40.599+0000] {dagbag.py:539} INFO - Filling up the DagBag from /home/airflow/.local/lib/python3.8/site-packages/airflow/example_dags/example_latest_only_with_trigger.py
[2023-10-11T07:48:40.603+0000] {processor.py:839} INFO - DAG(s) dict_keys(['latest_only_with_trigger']) retrieved from /home/airflow/.local/lib/python3.8/site-packages/airflow/example_dags/example_latest_only_with_trigger.py
[2023-10-11T07:48:40.620+0000] {logging_mixin.py:151} INFO - [2023-10-11T07:48:40.620+0000] {dag.py:2915} INFO - Sync 1 DAGs
[2023-10-11T07:48:40.633+0000] {logging_mixin.py:151} INFO - [2023-10-11T07:48:40.633+0000] {dag.py:3696} INFO - Setting next_dagrun for latest_only_with_trigger to 2023-10-11T03:48:40.633475+00:00, run_after=2023-10-11T07:48:40.633475+00:00
[2023-10-11T07:48:40.643+0000] {processor.py:179} INFO - Processing /home/airflow/.local/lib/python3.8/site-packages/airflow/example_dags/example_latest_only_with_trigger.py took 0.048 seconds
[2023-10-11T07:49:11.731+0000] {processor.py:157} INFO - Started process (PID=1404) to work on /home/airflow/.local/lib/python3.8/site-packages/airflow/example_dags/example_latest_only_with_trigger.py
[2023-10-11T07:49:11.732+0000] {processor.py:829} INFO - Processing file /home/airflow/.local/lib/python3.8/site-packages/airflow/example_dags/example_latest_only_with_trigger.py for tasks to queue
[2023-10-11T07:49:11.734+0000] {logging_mixin.py:151} INFO - [2023-10-11T07:49:11.733+0000] {dagbag.py:539} INFO - Filling up the DagBag from /home/airflow/.local/lib/python3.8/site-packages/airflow/example_dags/example_latest_only_with_trigger.py
[2023-10-11T07:49:11.738+0000] {processor.py:839} INFO - DAG(s) dict_keys(['latest_only_with_trigger']) retrieved from /home/airflow/.local/lib/python3.8/site-packages/airflow/example_dags/example_latest_only_with_trigger.py
[2023-10-11T07:49:11.755+0000] {logging_mixin.py:151} INFO - [2023-10-11T07:49:11.755+0000] {dag.py:2915} INFO - Sync 1 DAGs
[2023-10-11T07:49:11.769+0000] {logging_mixin.py:151} INFO - [2023-10-11T07:49:11.769+0000] {dag.py:3696} INFO - Setting next_dagrun for latest_only_with_trigger to 2023-10-11T03:49:11.769322+00:00, run_after=2023-10-11T07:49:11.769322+00:00
[2023-10-11T07:49:11.780+0000] {processor.py:179} INFO - Processing /home/airflow/.local/lib/python3.8/site-packages/airflow/example_dags/example_latest_only_with_trigger.py took 0.051 seconds
[2023-10-11T07:49:42.906+0000] {processor.py:157} INFO - Started process (PID=1463) to work on /home/airflow/.local/lib/python3.8/site-packages/airflow/example_dags/example_latest_only_with_trigger.py
[2023-10-11T07:49:42.907+0000] {processor.py:829} INFO - Processing file /home/airflow/.local/lib/python3.8/site-packages/airflow/example_dags/example_latest_only_with_trigger.py for tasks to queue
[2023-10-11T07:49:42.909+0000] {logging_mixin.py:151} INFO - [2023-10-11T07:49:42.908+0000] {dagbag.py:539} INFO - Filling up the DagBag from /home/airflow/.local/lib/python3.8/site-packages/airflow/example_dags/example_latest_only_with_trigger.py
[2023-10-11T07:49:42.913+0000] {processor.py:839} INFO - DAG(s) dict_keys(['latest_only_with_trigger']) retrieved from /home/airflow/.local/lib/python3.8/site-packages/airflow/example_dags/example_latest_only_with_trigger.py
[2023-10-11T07:49:42.930+0000] {logging_mixin.py:151} INFO - [2023-10-11T07:49:42.930+0000] {dag.py:2915} INFO - Sync 1 DAGs
[2023-10-11T07:49:42.943+0000] {logging_mixin.py:151} INFO - [2023-10-11T07:49:42.943+0000] {dag.py:3696} INFO - Setting next_dagrun for latest_only_with_trigger to 2023-10-11T03:49:42.943291+00:00, run_after=2023-10-11T07:49:42.943291+00:00
[2023-10-11T07:49:42.953+0000] {processor.py:179} INFO - Processing /home/airflow/.local/lib/python3.8/site-packages/airflow/example_dags/example_latest_only_with_trigger.py took 0.049 seconds
[2023-10-11T07:50:13.226+0000] {processor.py:157} INFO - Started process (PID=1522) to work on /home/airflow/.local/lib/python3.8/site-packages/airflow/example_dags/example_latest_only_with_trigger.py
[2023-10-11T07:50:13.227+0000] {processor.py:829} INFO - Processing file /home/airflow/.local/lib/python3.8/site-packages/airflow/example_dags/example_latest_only_with_trigger.py for tasks to queue
[2023-10-11T07:50:13.229+0000] {logging_mixin.py:151} INFO - [2023-10-11T07:50:13.228+0000] {dagbag.py:539} INFO - Filling up the DagBag from /home/airflow/.local/lib/python3.8/site-packages/airflow/example_dags/example_latest_only_with_trigger.py
[2023-10-11T07:50:13.233+0000] {processor.py:839} INFO - DAG(s) dict_keys(['latest_only_with_trigger']) retrieved from /home/airflow/.local/lib/python3.8/site-packages/airflow/example_dags/example_latest_only_with_trigger.py
[2023-10-11T07:50:13.252+0000] {logging_mixin.py:151} INFO - [2023-10-11T07:50:13.252+0000] {dag.py:2915} INFO - Sync 1 DAGs
[2023-10-11T07:50:13.267+0000] {logging_mixin.py:151} INFO - [2023-10-11T07:50:13.266+0000] {dag.py:3696} INFO - Setting next_dagrun for latest_only_with_trigger to 2023-10-11T03:50:13.266707+00:00, run_after=2023-10-11T07:50:13.266707+00:00
[2023-10-11T07:50:13.276+0000] {processor.py:179} INFO - Processing /home/airflow/.local/lib/python3.8/site-packages/airflow/example_dags/example_latest_only_with_trigger.py took 0.052 seconds
[2023-10-11T07:50:43.462+0000] {processor.py:157} INFO - Started process (PID=1581) to work on /home/airflow/.local/lib/python3.8/site-packages/airflow/example_dags/example_latest_only_with_trigger.py
[2023-10-11T07:50:43.463+0000] {processor.py:829} INFO - Processing file /home/airflow/.local/lib/python3.8/site-packages/airflow/example_dags/example_latest_only_with_trigger.py for tasks to queue
[2023-10-11T07:50:43.464+0000] {logging_mixin.py:151} INFO - [2023-10-11T07:50:43.464+0000] {dagbag.py:539} INFO - Filling up the DagBag from /home/airflow/.local/lib/python3.8/site-packages/airflow/example_dags/example_latest_only_with_trigger.py
[2023-10-11T07:50:43.468+0000] {processor.py:839} INFO - DAG(s) dict_keys(['latest_only_with_trigger']) retrieved from /home/airflow/.local/lib/python3.8/site-packages/airflow/example_dags/example_latest_only_with_trigger.py
[2023-10-11T07:50:43.486+0000] {logging_mixin.py:151} INFO - [2023-10-11T07:50:43.485+0000] {dag.py:2915} INFO - Sync 1 DAGs
[2023-10-11T07:50:43.499+0000] {logging_mixin.py:151} INFO - [2023-10-11T07:50:43.499+0000] {dag.py:3696} INFO - Setting next_dagrun for latest_only_with_trigger to 2023-10-11T03:50:43.499058+00:00, run_after=2023-10-11T07:50:43.499058+00:00
[2023-10-11T07:50:43.509+0000] {processor.py:179} INFO - Processing /home/airflow/.local/lib/python3.8/site-packages/airflow/example_dags/example_latest_only_with_trigger.py took 0.049 seconds
[2023-10-11T07:51:14.677+0000] {processor.py:157} INFO - Started process (PID=1640) to work on /home/airflow/.local/lib/python3.8/site-packages/airflow/example_dags/example_latest_only_with_trigger.py
[2023-10-11T07:51:14.678+0000] {processor.py:829} INFO - Processing file /home/airflow/.local/lib/python3.8/site-packages/airflow/example_dags/example_latest_only_with_trigger.py for tasks to queue
[2023-10-11T07:51:14.679+0000] {logging_mixin.py:151} INFO - [2023-10-11T07:51:14.679+0000] {dagbag.py:539} INFO - Filling up the DagBag from /home/airflow/.local/lib/python3.8/site-packages/airflow/example_dags/example_latest_only_with_trigger.py
[2023-10-11T07:51:14.683+0000] {processor.py:839} INFO - DAG(s) dict_keys(['latest_only_with_trigger']) retrieved from /home/airflow/.local/lib/python3.8/site-packages/airflow/example_dags/example_latest_only_with_trigger.py
[2023-10-11T07:51:14.701+0000] {logging_mixin.py:151} INFO - [2023-10-11T07:51:14.701+0000] {dag.py:2915} INFO - Sync 1 DAGs
[2023-10-11T07:51:14.714+0000] {logging_mixin.py:151} INFO - [2023-10-11T07:51:14.714+0000] {dag.py:3696} INFO - Setting next_dagrun for latest_only_with_trigger to 2023-10-11T03:51:14.714364+00:00, run_after=2023-10-11T07:51:14.714364+00:00
[2023-10-11T07:51:14.724+0000] {processor.py:179} INFO - Processing /home/airflow/.local/lib/python3.8/site-packages/airflow/example_dags/example_latest_only_with_trigger.py took 0.049 seconds
