[2023-10-11T07:17:22.870+0000] {processor.py:157} INFO - Started process (PID=56) to work on /home/airflow/.local/lib/python3.8/site-packages/airflow/example_dags/example_subdag_operator.py
[2023-10-11T07:17:22.871+0000] {processor.py:829} INFO - Processing file /home/airflow/.local/lib/python3.8/site-packages/airflow/example_dags/example_subdag_operator.py for tasks to queue
[2023-10-11T07:17:22.873+0000] {logging_mixin.py:151} INFO - [2023-10-11T07:17:22.873+0000] {dagbag.py:539} INFO - Filling up the DagBag from /home/airflow/.local/lib/python3.8/site-packages/airflow/example_dags/example_subdag_operator.py
[2023-10-11T07:17:22.894+0000] {processor.py:839} INFO - DAG(s) dict_keys(['example_subdag_operator.section-1', 'example_subdag_operator.section-2', 'example_subdag_operator']) retrieved from /home/airflow/.local/lib/python3.8/site-packages/airflow/example_dags/example_subdag_operator.py
[2023-10-11T07:17:22.904+0000] {logging_mixin.py:151} INFO - [2023-10-11T07:17:22.904+0000] {dag.py:2915} INFO - Sync 3 DAGs
[2023-10-11T07:17:22.919+0000] {logging_mixin.py:151} INFO - [2023-10-11T07:17:22.919+0000] {dag.py:3696} INFO - Setting next_dagrun for example_subdag_operator to 2022-01-01T00:00:00+00:00, run_after=2022-01-01T00:00:00+00:00
[2023-10-11T07:17:22.922+0000] {logging_mixin.py:151} INFO - [2023-10-11T07:17:22.921+0000] {dag.py:3696} INFO - Setting next_dagrun for example_subdag_operator.section-1 to None, run_after=None
[2023-10-11T07:17:22.922+0000] {logging_mixin.py:151} INFO - [2023-10-11T07:17:22.922+0000] {dag.py:3696} INFO - Setting next_dagrun for example_subdag_operator.section-2 to None, run_after=None
[2023-10-11T07:17:22.927+0000] {logging_mixin.py:151} INFO - [2023-10-11T07:17:22.927+0000] {dag.py:2915} INFO - Sync 2 DAGs
[2023-10-11T07:17:22.931+0000] {logging_mixin.py:151} INFO - [2023-10-11T07:17:22.931+0000] {dag.py:3696} INFO - Setting next_dagrun for example_subdag_operator.section-1 to None, run_after=None
[2023-10-11T07:17:22.931+0000] {logging_mixin.py:151} INFO - [2023-10-11T07:17:22.931+0000] {dag.py:3696} INFO - Setting next_dagrun for example_subdag_operator.section-2 to None, run_after=None
[2023-10-11T07:17:22.939+0000] {processor.py:179} INFO - Processing /home/airflow/.local/lib/python3.8/site-packages/airflow/example_dags/example_subdag_operator.py took 0.071 seconds
[2023-10-11T07:17:53.213+0000] {processor.py:157} INFO - Started process (PID=115) to work on /home/airflow/.local/lib/python3.8/site-packages/airflow/example_dags/example_subdag_operator.py
[2023-10-11T07:17:53.214+0000] {processor.py:829} INFO - Processing file /home/airflow/.local/lib/python3.8/site-packages/airflow/example_dags/example_subdag_operator.py for tasks to queue
[2023-10-11T07:17:53.216+0000] {logging_mixin.py:151} INFO - [2023-10-11T07:17:53.215+0000] {dagbag.py:539} INFO - Filling up the DagBag from /home/airflow/.local/lib/python3.8/site-packages/airflow/example_dags/example_subdag_operator.py
[2023-10-11T07:17:53.234+0000] {processor.py:839} INFO - DAG(s) dict_keys(['example_subdag_operator.section-1', 'example_subdag_operator.section-2', 'example_subdag_operator']) retrieved from /home/airflow/.local/lib/python3.8/site-packages/airflow/example_dags/example_subdag_operator.py
[2023-10-11T07:17:53.243+0000] {logging_mixin.py:151} INFO - [2023-10-11T07:17:53.243+0000] {dag.py:2915} INFO - Sync 3 DAGs
[2023-10-11T07:17:53.256+0000] {logging_mixin.py:151} INFO - [2023-10-11T07:17:53.256+0000] {dag.py:3696} INFO - Setting next_dagrun for example_subdag_operator to 2022-01-01T00:00:00+00:00, run_after=2022-01-01T00:00:00+00:00
[2023-10-11T07:17:53.258+0000] {logging_mixin.py:151} INFO - [2023-10-11T07:17:53.258+0000] {dag.py:3696} INFO - Setting next_dagrun for example_subdag_operator.section-1 to None, run_after=None
[2023-10-11T07:17:53.259+0000] {logging_mixin.py:151} INFO - [2023-10-11T07:17:53.259+0000] {dag.py:3696} INFO - Setting next_dagrun for example_subdag_operator.section-2 to None, run_after=None
[2023-10-11T07:17:53.263+0000] {logging_mixin.py:151} INFO - [2023-10-11T07:17:53.263+0000] {dag.py:2915} INFO - Sync 2 DAGs
[2023-10-11T07:17:53.266+0000] {logging_mixin.py:151} INFO - [2023-10-11T07:17:53.266+0000] {dag.py:3696} INFO - Setting next_dagrun for example_subdag_operator.section-1 to None, run_after=None
[2023-10-11T07:17:53.266+0000] {logging_mixin.py:151} INFO - [2023-10-11T07:17:53.266+0000] {dag.py:3696} INFO - Setting next_dagrun for example_subdag_operator.section-2 to None, run_after=None
[2023-10-11T07:17:53.272+0000] {processor.py:179} INFO - Processing /home/airflow/.local/lib/python3.8/site-packages/airflow/example_dags/example_subdag_operator.py took 0.060 seconds
[2023-10-11T07:18:24.006+0000] {processor.py:157} INFO - Started process (PID=174) to work on /home/airflow/.local/lib/python3.8/site-packages/airflow/example_dags/example_subdag_operator.py
[2023-10-11T07:18:24.006+0000] {processor.py:829} INFO - Processing file /home/airflow/.local/lib/python3.8/site-packages/airflow/example_dags/example_subdag_operator.py for tasks to queue
[2023-10-11T07:18:24.008+0000] {logging_mixin.py:151} INFO - [2023-10-11T07:18:24.008+0000] {dagbag.py:539} INFO - Filling up the DagBag from /home/airflow/.local/lib/python3.8/site-packages/airflow/example_dags/example_subdag_operator.py
[2023-10-11T07:18:24.027+0000] {processor.py:839} INFO - DAG(s) dict_keys(['example_subdag_operator.section-1', 'example_subdag_operator.section-2', 'example_subdag_operator']) retrieved from /home/airflow/.local/lib/python3.8/site-packages/airflow/example_dags/example_subdag_operator.py
[2023-10-11T07:18:24.036+0000] {logging_mixin.py:151} INFO - [2023-10-11T07:18:24.036+0000] {dag.py:2915} INFO - Sync 3 DAGs
[2023-10-11T07:18:24.049+0000] {logging_mixin.py:151} INFO - [2023-10-11T07:18:24.049+0000] {dag.py:3696} INFO - Setting next_dagrun for example_subdag_operator to 2022-01-01T00:00:00+00:00, run_after=2022-01-01T00:00:00+00:00
[2023-10-11T07:18:24.051+0000] {logging_mixin.py:151} INFO - [2023-10-11T07:18:24.051+0000] {dag.py:3696} INFO - Setting next_dagrun for example_subdag_operator.section-1 to None, run_after=None
[2023-10-11T07:18:24.052+0000] {logging_mixin.py:151} INFO - [2023-10-11T07:18:24.052+0000] {dag.py:3696} INFO - Setting next_dagrun for example_subdag_operator.section-2 to None, run_after=None
[2023-10-11T07:18:24.056+0000] {logging_mixin.py:151} INFO - [2023-10-11T07:18:24.056+0000] {dag.py:2915} INFO - Sync 2 DAGs
[2023-10-11T07:18:24.059+0000] {logging_mixin.py:151} INFO - [2023-10-11T07:18:24.059+0000] {dag.py:3696} INFO - Setting next_dagrun for example_subdag_operator.section-1 to None, run_after=None
[2023-10-11T07:18:24.059+0000] {logging_mixin.py:151} INFO - [2023-10-11T07:18:24.059+0000] {dag.py:3696} INFO - Setting next_dagrun for example_subdag_operator.section-2 to None, run_after=None
[2023-10-11T07:18:24.065+0000] {processor.py:179} INFO - Processing /home/airflow/.local/lib/python3.8/site-packages/airflow/example_dags/example_subdag_operator.py took 0.061 seconds
[2023-10-11T07:18:55.201+0000] {processor.py:157} INFO - Started process (PID=233) to work on /home/airflow/.local/lib/python3.8/site-packages/airflow/example_dags/example_subdag_operator.py
[2023-10-11T07:18:55.202+0000] {processor.py:829} INFO - Processing file /home/airflow/.local/lib/python3.8/site-packages/airflow/example_dags/example_subdag_operator.py for tasks to queue
[2023-10-11T07:18:55.203+0000] {logging_mixin.py:151} INFO - [2023-10-11T07:18:55.203+0000] {dagbag.py:539} INFO - Filling up the DagBag from /home/airflow/.local/lib/python3.8/site-packages/airflow/example_dags/example_subdag_operator.py
[2023-10-11T07:18:55.222+0000] {processor.py:839} INFO - DAG(s) dict_keys(['example_subdag_operator.section-1', 'example_subdag_operator.section-2', 'example_subdag_operator']) retrieved from /home/airflow/.local/lib/python3.8/site-packages/airflow/example_dags/example_subdag_operator.py
[2023-10-11T07:18:55.230+0000] {logging_mixin.py:151} INFO - [2023-10-11T07:18:55.230+0000] {dag.py:2915} INFO - Sync 3 DAGs
[2023-10-11T07:18:55.244+0000] {logging_mixin.py:151} INFO - [2023-10-11T07:18:55.244+0000] {dag.py:3696} INFO - Setting next_dagrun for example_subdag_operator to 2022-01-01T00:00:00+00:00, run_after=2022-01-01T00:00:00+00:00
[2023-10-11T07:18:55.247+0000] {logging_mixin.py:151} INFO - [2023-10-11T07:18:55.247+0000] {dag.py:3696} INFO - Setting next_dagrun for example_subdag_operator.section-1 to None, run_after=None
[2023-10-11T07:18:55.248+0000] {logging_mixin.py:151} INFO - [2023-10-11T07:18:55.247+0000] {dag.py:3696} INFO - Setting next_dagrun for example_subdag_operator.section-2 to None, run_after=None
[2023-10-11T07:18:55.251+0000] {logging_mixin.py:151} INFO - [2023-10-11T07:18:55.251+0000] {dag.py:2915} INFO - Sync 2 DAGs
[2023-10-11T07:18:55.254+0000] {logging_mixin.py:151} INFO - [2023-10-11T07:18:55.254+0000] {dag.py:3696} INFO - Setting next_dagrun for example_subdag_operator.section-1 to None, run_after=None
[2023-10-11T07:18:55.254+0000] {logging_mixin.py:151} INFO - [2023-10-11T07:18:55.254+0000] {dag.py:3696} INFO - Setting next_dagrun for example_subdag_operator.section-2 to None, run_after=None
[2023-10-11T07:18:55.260+0000] {processor.py:179} INFO - Processing /home/airflow/.local/lib/python3.8/site-packages/airflow/example_dags/example_subdag_operator.py took 0.061 seconds
[2023-10-11T07:19:26.360+0000] {processor.py:157} INFO - Started process (PID=292) to work on /home/airflow/.local/lib/python3.8/site-packages/airflow/example_dags/example_subdag_operator.py
[2023-10-11T07:19:26.361+0000] {processor.py:829} INFO - Processing file /home/airflow/.local/lib/python3.8/site-packages/airflow/example_dags/example_subdag_operator.py for tasks to queue
[2023-10-11T07:19:26.363+0000] {logging_mixin.py:151} INFO - [2023-10-11T07:19:26.363+0000] {dagbag.py:539} INFO - Filling up the DagBag from /home/airflow/.local/lib/python3.8/site-packages/airflow/example_dags/example_subdag_operator.py
[2023-10-11T07:19:26.381+0000] {processor.py:839} INFO - DAG(s) dict_keys(['example_subdag_operator.section-1', 'example_subdag_operator.section-2', 'example_subdag_operator']) retrieved from /home/airflow/.local/lib/python3.8/site-packages/airflow/example_dags/example_subdag_operator.py
[2023-10-11T07:19:26.390+0000] {logging_mixin.py:151} INFO - [2023-10-11T07:19:26.389+0000] {dag.py:2915} INFO - Sync 3 DAGs
[2023-10-11T07:19:26.403+0000] {logging_mixin.py:151} INFO - [2023-10-11T07:19:26.403+0000] {dag.py:3696} INFO - Setting next_dagrun for example_subdag_operator to 2022-01-01T00:00:00+00:00, run_after=2022-01-01T00:00:00+00:00
[2023-10-11T07:19:26.406+0000] {logging_mixin.py:151} INFO - [2023-10-11T07:19:26.406+0000] {dag.py:3696} INFO - Setting next_dagrun for example_subdag_operator.section-1 to None, run_after=None
[2023-10-11T07:19:26.407+0000] {logging_mixin.py:151} INFO - [2023-10-11T07:19:26.407+0000] {dag.py:3696} INFO - Setting next_dagrun for example_subdag_operator.section-2 to None, run_after=None
[2023-10-11T07:19:26.410+0000] {logging_mixin.py:151} INFO - [2023-10-11T07:19:26.410+0000] {dag.py:2915} INFO - Sync 2 DAGs
[2023-10-11T07:19:26.413+0000] {logging_mixin.py:151} INFO - [2023-10-11T07:19:26.413+0000] {dag.py:3696} INFO - Setting next_dagrun for example_subdag_operator.section-1 to None, run_after=None
[2023-10-11T07:19:26.414+0000] {logging_mixin.py:151} INFO - [2023-10-11T07:19:26.414+0000] {dag.py:3696} INFO - Setting next_dagrun for example_subdag_operator.section-2 to None, run_after=None
[2023-10-11T07:19:26.419+0000] {processor.py:179} INFO - Processing /home/airflow/.local/lib/python3.8/site-packages/airflow/example_dags/example_subdag_operator.py took 0.061 seconds
[2023-10-11T07:19:57.655+0000] {processor.py:157} INFO - Started process (PID=351) to work on /home/airflow/.local/lib/python3.8/site-packages/airflow/example_dags/example_subdag_operator.py
[2023-10-11T07:19:57.656+0000] {processor.py:829} INFO - Processing file /home/airflow/.local/lib/python3.8/site-packages/airflow/example_dags/example_subdag_operator.py for tasks to queue
[2023-10-11T07:19:57.658+0000] {logging_mixin.py:151} INFO - [2023-10-11T07:19:57.657+0000] {dagbag.py:539} INFO - Filling up the DagBag from /home/airflow/.local/lib/python3.8/site-packages/airflow/example_dags/example_subdag_operator.py
[2023-10-11T07:19:57.675+0000] {processor.py:839} INFO - DAG(s) dict_keys(['example_subdag_operator.section-1', 'example_subdag_operator.section-2', 'example_subdag_operator']) retrieved from /home/airflow/.local/lib/python3.8/site-packages/airflow/example_dags/example_subdag_operator.py
[2023-10-11T07:19:57.683+0000] {logging_mixin.py:151} INFO - [2023-10-11T07:19:57.683+0000] {dag.py:2915} INFO - Sync 3 DAGs
[2023-10-11T07:19:57.695+0000] {logging_mixin.py:151} INFO - [2023-10-11T07:19:57.695+0000] {dag.py:3696} INFO - Setting next_dagrun for example_subdag_operator to 2022-01-01T00:00:00+00:00, run_after=2022-01-01T00:00:00+00:00
[2023-10-11T07:19:57.697+0000] {logging_mixin.py:151} INFO - [2023-10-11T07:19:57.697+0000] {dag.py:3696} INFO - Setting next_dagrun for example_subdag_operator.section-1 to None, run_after=None
[2023-10-11T07:19:57.698+0000] {logging_mixin.py:151} INFO - [2023-10-11T07:19:57.698+0000] {dag.py:3696} INFO - Setting next_dagrun for example_subdag_operator.section-2 to None, run_after=None
[2023-10-11T07:19:57.702+0000] {logging_mixin.py:151} INFO - [2023-10-11T07:19:57.702+0000] {dag.py:2915} INFO - Sync 2 DAGs
[2023-10-11T07:19:57.704+0000] {logging_mixin.py:151} INFO - [2023-10-11T07:19:57.704+0000] {dag.py:3696} INFO - Setting next_dagrun for example_subdag_operator.section-1 to None, run_after=None
[2023-10-11T07:19:57.704+0000] {logging_mixin.py:151} INFO - [2023-10-11T07:19:57.704+0000] {dag.py:3696} INFO - Setting next_dagrun for example_subdag_operator.section-2 to None, run_after=None
[2023-10-11T07:19:57.710+0000] {processor.py:179} INFO - Processing /home/airflow/.local/lib/python3.8/site-packages/airflow/example_dags/example_subdag_operator.py took 0.057 seconds
[2023-10-11T07:20:28.007+0000] {processor.py:157} INFO - Started process (PID=410) to work on /home/airflow/.local/lib/python3.8/site-packages/airflow/example_dags/example_subdag_operator.py
[2023-10-11T07:20:28.007+0000] {processor.py:829} INFO - Processing file /home/airflow/.local/lib/python3.8/site-packages/airflow/example_dags/example_subdag_operator.py for tasks to queue
[2023-10-11T07:20:28.009+0000] {logging_mixin.py:151} INFO - [2023-10-11T07:20:28.009+0000] {dagbag.py:539} INFO - Filling up the DagBag from /home/airflow/.local/lib/python3.8/site-packages/airflow/example_dags/example_subdag_operator.py
[2023-10-11T07:20:28.028+0000] {processor.py:839} INFO - DAG(s) dict_keys(['example_subdag_operator.section-1', 'example_subdag_operator.section-2', 'example_subdag_operator']) retrieved from /home/airflow/.local/lib/python3.8/site-packages/airflow/example_dags/example_subdag_operator.py
[2023-10-11T07:20:28.037+0000] {logging_mixin.py:151} INFO - [2023-10-11T07:20:28.037+0000] {dag.py:2915} INFO - Sync 3 DAGs
[2023-10-11T07:20:28.049+0000] {logging_mixin.py:151} INFO - [2023-10-11T07:20:28.049+0000] {dag.py:3696} INFO - Setting next_dagrun for example_subdag_operator to 2022-01-01T00:00:00+00:00, run_after=2022-01-01T00:00:00+00:00
[2023-10-11T07:20:28.051+0000] {logging_mixin.py:151} INFO - [2023-10-11T07:20:28.051+0000] {dag.py:3696} INFO - Setting next_dagrun for example_subdag_operator.section-1 to None, run_after=None
[2023-10-11T07:20:28.052+0000] {logging_mixin.py:151} INFO - [2023-10-11T07:20:28.052+0000] {dag.py:3696} INFO - Setting next_dagrun for example_subdag_operator.section-2 to None, run_after=None
[2023-10-11T07:20:28.056+0000] {logging_mixin.py:151} INFO - [2023-10-11T07:20:28.056+0000] {dag.py:2915} INFO - Sync 2 DAGs
[2023-10-11T07:20:28.059+0000] {logging_mixin.py:151} INFO - [2023-10-11T07:20:28.059+0000] {dag.py:3696} INFO - Setting next_dagrun for example_subdag_operator.section-1 to None, run_after=None
[2023-10-11T07:20:28.059+0000] {logging_mixin.py:151} INFO - [2023-10-11T07:20:28.059+0000] {dag.py:3696} INFO - Setting next_dagrun for example_subdag_operator.section-2 to None, run_after=None
[2023-10-11T07:20:28.065+0000] {processor.py:179} INFO - Processing /home/airflow/.local/lib/python3.8/site-packages/airflow/example_dags/example_subdag_operator.py took 0.060 seconds
[2023-10-11T07:20:58.213+0000] {processor.py:157} INFO - Started process (PID=469) to work on /home/airflow/.local/lib/python3.8/site-packages/airflow/example_dags/example_subdag_operator.py
[2023-10-11T07:20:58.213+0000] {processor.py:829} INFO - Processing file /home/airflow/.local/lib/python3.8/site-packages/airflow/example_dags/example_subdag_operator.py for tasks to queue
[2023-10-11T07:20:58.215+0000] {logging_mixin.py:151} INFO - [2023-10-11T07:20:58.215+0000] {dagbag.py:539} INFO - Filling up the DagBag from /home/airflow/.local/lib/python3.8/site-packages/airflow/example_dags/example_subdag_operator.py
[2023-10-11T07:20:58.233+0000] {processor.py:839} INFO - DAG(s) dict_keys(['example_subdag_operator.section-1', 'example_subdag_operator.section-2', 'example_subdag_operator']) retrieved from /home/airflow/.local/lib/python3.8/site-packages/airflow/example_dags/example_subdag_operator.py
[2023-10-11T07:20:58.242+0000] {logging_mixin.py:151} INFO - [2023-10-11T07:20:58.241+0000] {dag.py:2915} INFO - Sync 3 DAGs
[2023-10-11T07:20:58.256+0000] {logging_mixin.py:151} INFO - [2023-10-11T07:20:58.255+0000] {dag.py:3696} INFO - Setting next_dagrun for example_subdag_operator to 2022-01-01T00:00:00+00:00, run_after=2022-01-01T00:00:00+00:00
[2023-10-11T07:20:58.258+0000] {logging_mixin.py:151} INFO - [2023-10-11T07:20:58.258+0000] {dag.py:3696} INFO - Setting next_dagrun for example_subdag_operator.section-1 to None, run_after=None
[2023-10-11T07:20:58.259+0000] {logging_mixin.py:151} INFO - [2023-10-11T07:20:58.259+0000] {dag.py:3696} INFO - Setting next_dagrun for example_subdag_operator.section-2 to None, run_after=None
[2023-10-11T07:20:58.263+0000] {logging_mixin.py:151} INFO - [2023-10-11T07:20:58.263+0000] {dag.py:2915} INFO - Sync 2 DAGs
[2023-10-11T07:20:58.266+0000] {logging_mixin.py:151} INFO - [2023-10-11T07:20:58.266+0000] {dag.py:3696} INFO - Setting next_dagrun for example_subdag_operator.section-1 to None, run_after=None
[2023-10-11T07:20:58.266+0000] {logging_mixin.py:151} INFO - [2023-10-11T07:20:58.266+0000] {dag.py:3696} INFO - Setting next_dagrun for example_subdag_operator.section-2 to None, run_after=None
[2023-10-11T07:20:58.273+0000] {processor.py:179} INFO - Processing /home/airflow/.local/lib/python3.8/site-packages/airflow/example_dags/example_subdag_operator.py took 0.062 seconds
[2023-10-11T07:21:28.307+0000] {processor.py:157} INFO - Started process (PID=524) to work on /home/airflow/.local/lib/python3.8/site-packages/airflow/example_dags/example_subdag_operator.py
[2023-10-11T07:21:28.308+0000] {processor.py:829} INFO - Processing file /home/airflow/.local/lib/python3.8/site-packages/airflow/example_dags/example_subdag_operator.py for tasks to queue
[2023-10-11T07:21:28.309+0000] {logging_mixin.py:151} INFO - [2023-10-11T07:21:28.309+0000] {dagbag.py:539} INFO - Filling up the DagBag from /home/airflow/.local/lib/python3.8/site-packages/airflow/example_dags/example_subdag_operator.py
[2023-10-11T07:21:28.327+0000] {processor.py:839} INFO - DAG(s) dict_keys(['example_subdag_operator.section-1', 'example_subdag_operator.section-2', 'example_subdag_operator']) retrieved from /home/airflow/.local/lib/python3.8/site-packages/airflow/example_dags/example_subdag_operator.py
[2023-10-11T07:21:28.334+0000] {logging_mixin.py:151} INFO - [2023-10-11T07:21:28.334+0000] {dag.py:2915} INFO - Sync 3 DAGs
[2023-10-11T07:21:28.346+0000] {logging_mixin.py:151} INFO - [2023-10-11T07:21:28.346+0000] {dag.py:3696} INFO - Setting next_dagrun for example_subdag_operator to 2022-01-01T00:00:00+00:00, run_after=2022-01-01T00:00:00+00:00
[2023-10-11T07:21:28.348+0000] {logging_mixin.py:151} INFO - [2023-10-11T07:21:28.348+0000] {dag.py:3696} INFO - Setting next_dagrun for example_subdag_operator.section-1 to None, run_after=None
[2023-10-11T07:21:28.348+0000] {logging_mixin.py:151} INFO - [2023-10-11T07:21:28.348+0000] {dag.py:3696} INFO - Setting next_dagrun for example_subdag_operator.section-2 to None, run_after=None
[2023-10-11T07:21:28.351+0000] {logging_mixin.py:151} INFO - [2023-10-11T07:21:28.351+0000] {dag.py:2915} INFO - Sync 2 DAGs
[2023-10-11T07:21:28.354+0000] {logging_mixin.py:151} INFO - [2023-10-11T07:21:28.354+0000] {dag.py:3696} INFO - Setting next_dagrun for example_subdag_operator.section-1 to None, run_after=None
[2023-10-11T07:21:28.354+0000] {logging_mixin.py:151} INFO - [2023-10-11T07:21:28.354+0000] {dag.py:3696} INFO - Setting next_dagrun for example_subdag_operator.section-2 to None, run_after=None
[2023-10-11T07:21:28.360+0000] {processor.py:179} INFO - Processing /home/airflow/.local/lib/python3.8/site-packages/airflow/example_dags/example_subdag_operator.py took 0.055 seconds
[2023-10-11T07:21:58.909+0000] {processor.py:157} INFO - Started process (PID=583) to work on /home/airflow/.local/lib/python3.8/site-packages/airflow/example_dags/example_subdag_operator.py
[2023-10-11T07:21:58.910+0000] {processor.py:829} INFO - Processing file /home/airflow/.local/lib/python3.8/site-packages/airflow/example_dags/example_subdag_operator.py for tasks to queue
[2023-10-11T07:21:58.912+0000] {logging_mixin.py:151} INFO - [2023-10-11T07:21:58.911+0000] {dagbag.py:539} INFO - Filling up the DagBag from /home/airflow/.local/lib/python3.8/site-packages/airflow/example_dags/example_subdag_operator.py
[2023-10-11T07:21:58.930+0000] {processor.py:839} INFO - DAG(s) dict_keys(['example_subdag_operator.section-1', 'example_subdag_operator.section-2', 'example_subdag_operator']) retrieved from /home/airflow/.local/lib/python3.8/site-packages/airflow/example_dags/example_subdag_operator.py
[2023-10-11T07:21:58.938+0000] {logging_mixin.py:151} INFO - [2023-10-11T07:21:58.938+0000] {dag.py:2915} INFO - Sync 3 DAGs
[2023-10-11T07:21:58.952+0000] {logging_mixin.py:151} INFO - [2023-10-11T07:21:58.951+0000] {dag.py:3696} INFO - Setting next_dagrun for example_subdag_operator to 2022-01-01T00:00:00+00:00, run_after=2022-01-01T00:00:00+00:00
[2023-10-11T07:21:58.953+0000] {logging_mixin.py:151} INFO - [2023-10-11T07:21:58.953+0000] {dag.py:3696} INFO - Setting next_dagrun for example_subdag_operator.section-1 to None, run_after=None
[2023-10-11T07:21:58.954+0000] {logging_mixin.py:151} INFO - [2023-10-11T07:21:58.954+0000] {dag.py:3696} INFO - Setting next_dagrun for example_subdag_operator.section-2 to None, run_after=None
[2023-10-11T07:21:58.958+0000] {logging_mixin.py:151} INFO - [2023-10-11T07:21:58.958+0000] {dag.py:2915} INFO - Sync 2 DAGs
[2023-10-11T07:21:58.961+0000] {logging_mixin.py:151} INFO - [2023-10-11T07:21:58.961+0000] {dag.py:3696} INFO - Setting next_dagrun for example_subdag_operator.section-1 to None, run_after=None
[2023-10-11T07:21:58.961+0000] {logging_mixin.py:151} INFO - [2023-10-11T07:21:58.961+0000] {dag.py:3696} INFO - Setting next_dagrun for example_subdag_operator.section-2 to None, run_after=None
[2023-10-11T07:21:58.967+0000] {processor.py:179} INFO - Processing /home/airflow/.local/lib/python3.8/site-packages/airflow/example_dags/example_subdag_operator.py took 0.060 seconds
[2023-10-11T07:22:29.499+0000] {processor.py:157} INFO - Started process (PID=642) to work on /home/airflow/.local/lib/python3.8/site-packages/airflow/example_dags/example_subdag_operator.py
[2023-10-11T07:22:29.500+0000] {processor.py:829} INFO - Processing file /home/airflow/.local/lib/python3.8/site-packages/airflow/example_dags/example_subdag_operator.py for tasks to queue
[2023-10-11T07:22:29.502+0000] {logging_mixin.py:151} INFO - [2023-10-11T07:22:29.502+0000] {dagbag.py:539} INFO - Filling up the DagBag from /home/airflow/.local/lib/python3.8/site-packages/airflow/example_dags/example_subdag_operator.py
[2023-10-11T07:22:29.521+0000] {processor.py:839} INFO - DAG(s) dict_keys(['example_subdag_operator.section-1', 'example_subdag_operator.section-2', 'example_subdag_operator']) retrieved from /home/airflow/.local/lib/python3.8/site-packages/airflow/example_dags/example_subdag_operator.py
[2023-10-11T07:22:29.530+0000] {logging_mixin.py:151} INFO - [2023-10-11T07:22:29.530+0000] {dag.py:2915} INFO - Sync 3 DAGs
[2023-10-11T07:22:29.545+0000] {logging_mixin.py:151} INFO - [2023-10-11T07:22:29.545+0000] {dag.py:3696} INFO - Setting next_dagrun for example_subdag_operator to 2022-01-01T00:00:00+00:00, run_after=2022-01-01T00:00:00+00:00
[2023-10-11T07:22:29.547+0000] {logging_mixin.py:151} INFO - [2023-10-11T07:22:29.547+0000] {dag.py:3696} INFO - Setting next_dagrun for example_subdag_operator.section-1 to None, run_after=None
[2023-10-11T07:22:29.548+0000] {logging_mixin.py:151} INFO - [2023-10-11T07:22:29.548+0000] {dag.py:3696} INFO - Setting next_dagrun for example_subdag_operator.section-2 to None, run_after=None
[2023-10-11T07:22:29.552+0000] {logging_mixin.py:151} INFO - [2023-10-11T07:22:29.552+0000] {dag.py:2915} INFO - Sync 2 DAGs
[2023-10-11T07:22:29.555+0000] {logging_mixin.py:151} INFO - [2023-10-11T07:22:29.555+0000] {dag.py:3696} INFO - Setting next_dagrun for example_subdag_operator.section-1 to None, run_after=None
[2023-10-11T07:22:29.555+0000] {logging_mixin.py:151} INFO - [2023-10-11T07:22:29.555+0000] {dag.py:3696} INFO - Setting next_dagrun for example_subdag_operator.section-2 to None, run_after=None
[2023-10-11T07:22:29.561+0000] {processor.py:179} INFO - Processing /home/airflow/.local/lib/python3.8/site-packages/airflow/example_dags/example_subdag_operator.py took 0.064 seconds
[2023-10-11T07:22:59.931+0000] {processor.py:157} INFO - Started process (PID=700) to work on /home/airflow/.local/lib/python3.8/site-packages/airflow/example_dags/example_subdag_operator.py
[2023-10-11T07:22:59.932+0000] {processor.py:829} INFO - Processing file /home/airflow/.local/lib/python3.8/site-packages/airflow/example_dags/example_subdag_operator.py for tasks to queue
[2023-10-11T07:22:59.933+0000] {logging_mixin.py:151} INFO - [2023-10-11T07:22:59.933+0000] {dagbag.py:539} INFO - Filling up the DagBag from /home/airflow/.local/lib/python3.8/site-packages/airflow/example_dags/example_subdag_operator.py
[2023-10-11T07:22:59.952+0000] {processor.py:839} INFO - DAG(s) dict_keys(['example_subdag_operator.section-1', 'example_subdag_operator.section-2', 'example_subdag_operator']) retrieved from /home/airflow/.local/lib/python3.8/site-packages/airflow/example_dags/example_subdag_operator.py
[2023-10-11T07:22:59.961+0000] {logging_mixin.py:151} INFO - [2023-10-11T07:22:59.961+0000] {dag.py:2915} INFO - Sync 3 DAGs
[2023-10-11T07:22:59.975+0000] {logging_mixin.py:151} INFO - [2023-10-11T07:22:59.975+0000] {dag.py:3696} INFO - Setting next_dagrun for example_subdag_operator to 2022-01-01T00:00:00+00:00, run_after=2022-01-01T00:00:00+00:00
[2023-10-11T07:22:59.977+0000] {logging_mixin.py:151} INFO - [2023-10-11T07:22:59.977+0000] {dag.py:3696} INFO - Setting next_dagrun for example_subdag_operator.section-1 to None, run_after=None
[2023-10-11T07:22:59.978+0000] {logging_mixin.py:151} INFO - [2023-10-11T07:22:59.978+0000] {dag.py:3696} INFO - Setting next_dagrun for example_subdag_operator.section-2 to None, run_after=None
[2023-10-11T07:22:59.982+0000] {logging_mixin.py:151} INFO - [2023-10-11T07:22:59.982+0000] {dag.py:2915} INFO - Sync 2 DAGs
[2023-10-11T07:22:59.985+0000] {logging_mixin.py:151} INFO - [2023-10-11T07:22:59.985+0000] {dag.py:3696} INFO - Setting next_dagrun for example_subdag_operator.section-1 to None, run_after=None
[2023-10-11T07:22:59.985+0000] {logging_mixin.py:151} INFO - [2023-10-11T07:22:59.985+0000] {dag.py:3696} INFO - Setting next_dagrun for example_subdag_operator.section-2 to None, run_after=None
[2023-10-11T07:22:59.991+0000] {processor.py:179} INFO - Processing /home/airflow/.local/lib/python3.8/site-packages/airflow/example_dags/example_subdag_operator.py took 0.062 seconds
[2023-10-11T07:23:30.287+0000] {processor.py:157} INFO - Started process (PID=759) to work on /home/airflow/.local/lib/python3.8/site-packages/airflow/example_dags/example_subdag_operator.py
[2023-10-11T07:23:30.287+0000] {processor.py:829} INFO - Processing file /home/airflow/.local/lib/python3.8/site-packages/airflow/example_dags/example_subdag_operator.py for tasks to queue
[2023-10-11T07:23:30.289+0000] {logging_mixin.py:151} INFO - [2023-10-11T07:23:30.289+0000] {dagbag.py:539} INFO - Filling up the DagBag from /home/airflow/.local/lib/python3.8/site-packages/airflow/example_dags/example_subdag_operator.py
[2023-10-11T07:23:30.307+0000] {processor.py:839} INFO - DAG(s) dict_keys(['example_subdag_operator.section-1', 'example_subdag_operator.section-2', 'example_subdag_operator']) retrieved from /home/airflow/.local/lib/python3.8/site-packages/airflow/example_dags/example_subdag_operator.py
[2023-10-11T07:23:30.316+0000] {logging_mixin.py:151} INFO - [2023-10-11T07:23:30.316+0000] {dag.py:2915} INFO - Sync 3 DAGs
[2023-10-11T07:23:30.329+0000] {logging_mixin.py:151} INFO - [2023-10-11T07:23:30.329+0000] {dag.py:3696} INFO - Setting next_dagrun for example_subdag_operator to 2022-01-01T00:00:00+00:00, run_after=2022-01-01T00:00:00+00:00
[2023-10-11T07:23:30.332+0000] {logging_mixin.py:151} INFO - [2023-10-11T07:23:30.332+0000] {dag.py:3696} INFO - Setting next_dagrun for example_subdag_operator.section-1 to None, run_after=None
[2023-10-11T07:23:30.333+0000] {logging_mixin.py:151} INFO - [2023-10-11T07:23:30.332+0000] {dag.py:3696} INFO - Setting next_dagrun for example_subdag_operator.section-2 to None, run_after=None
[2023-10-11T07:23:30.336+0000] {logging_mixin.py:151} INFO - [2023-10-11T07:23:30.336+0000] {dag.py:2915} INFO - Sync 2 DAGs
[2023-10-11T07:23:30.339+0000] {logging_mixin.py:151} INFO - [2023-10-11T07:23:30.339+0000] {dag.py:3696} INFO - Setting next_dagrun for example_subdag_operator.section-1 to None, run_after=None
[2023-10-11T07:23:30.339+0000] {logging_mixin.py:151} INFO - [2023-10-11T07:23:30.339+0000] {dag.py:3696} INFO - Setting next_dagrun for example_subdag_operator.section-2 to None, run_after=None
[2023-10-11T07:23:30.345+0000] {processor.py:179} INFO - Processing /home/airflow/.local/lib/python3.8/site-packages/airflow/example_dags/example_subdag_operator.py took 0.060 seconds
[2023-10-11T07:24:00.791+0000] {processor.py:157} INFO - Started process (PID=818) to work on /home/airflow/.local/lib/python3.8/site-packages/airflow/example_dags/example_subdag_operator.py
[2023-10-11T07:24:00.791+0000] {processor.py:829} INFO - Processing file /home/airflow/.local/lib/python3.8/site-packages/airflow/example_dags/example_subdag_operator.py for tasks to queue
[2023-10-11T07:24:00.793+0000] {logging_mixin.py:151} INFO - [2023-10-11T07:24:00.793+0000] {dagbag.py:539} INFO - Filling up the DagBag from /home/airflow/.local/lib/python3.8/site-packages/airflow/example_dags/example_subdag_operator.py
[2023-10-11T07:24:00.818+0000] {processor.py:839} INFO - DAG(s) dict_keys(['example_subdag_operator.section-1', 'example_subdag_operator.section-2', 'example_subdag_operator']) retrieved from /home/airflow/.local/lib/python3.8/site-packages/airflow/example_dags/example_subdag_operator.py
[2023-10-11T07:24:00.827+0000] {logging_mixin.py:151} INFO - [2023-10-11T07:24:00.827+0000] {dag.py:2915} INFO - Sync 3 DAGs
[2023-10-11T07:24:00.847+0000] {logging_mixin.py:151} INFO - [2023-10-11T07:24:00.846+0000] {dag.py:3696} INFO - Setting next_dagrun for example_subdag_operator to 2022-01-01T00:00:00+00:00, run_after=2022-01-01T00:00:00+00:00
[2023-10-11T07:24:00.849+0000] {logging_mixin.py:151} INFO - [2023-10-11T07:24:00.849+0000] {dag.py:3696} INFO - Setting next_dagrun for example_subdag_operator.section-1 to None, run_after=None
[2023-10-11T07:24:00.849+0000] {logging_mixin.py:151} INFO - [2023-10-11T07:24:00.849+0000] {dag.py:3696} INFO - Setting next_dagrun for example_subdag_operator.section-2 to None, run_after=None
[2023-10-11T07:24:00.853+0000] {logging_mixin.py:151} INFO - [2023-10-11T07:24:00.853+0000] {dag.py:2915} INFO - Sync 2 DAGs
[2023-10-11T07:24:00.857+0000] {logging_mixin.py:151} INFO - [2023-10-11T07:24:00.857+0000] {dag.py:3696} INFO - Setting next_dagrun for example_subdag_operator.section-1 to None, run_after=None
[2023-10-11T07:24:00.857+0000] {logging_mixin.py:151} INFO - [2023-10-11T07:24:00.857+0000] {dag.py:3696} INFO - Setting next_dagrun for example_subdag_operator.section-2 to None, run_after=None
[2023-10-11T07:24:00.863+0000] {processor.py:179} INFO - Processing /home/airflow/.local/lib/python3.8/site-packages/airflow/example_dags/example_subdag_operator.py took 0.075 seconds
[2023-10-11T07:24:30.987+0000] {processor.py:157} INFO - Started process (PID=877) to work on /home/airflow/.local/lib/python3.8/site-packages/airflow/example_dags/example_subdag_operator.py
[2023-10-11T07:24:30.987+0000] {processor.py:829} INFO - Processing file /home/airflow/.local/lib/python3.8/site-packages/airflow/example_dags/example_subdag_operator.py for tasks to queue
[2023-10-11T07:24:30.989+0000] {logging_mixin.py:151} INFO - [2023-10-11T07:24:30.989+0000] {dagbag.py:539} INFO - Filling up the DagBag from /home/airflow/.local/lib/python3.8/site-packages/airflow/example_dags/example_subdag_operator.py
[2023-10-11T07:24:31.008+0000] {processor.py:839} INFO - DAG(s) dict_keys(['example_subdag_operator.section-1', 'example_subdag_operator.section-2', 'example_subdag_operator']) retrieved from /home/airflow/.local/lib/python3.8/site-packages/airflow/example_dags/example_subdag_operator.py
[2023-10-11T07:24:31.017+0000] {logging_mixin.py:151} INFO - [2023-10-11T07:24:31.016+0000] {dag.py:2915} INFO - Sync 3 DAGs
[2023-10-11T07:24:31.030+0000] {logging_mixin.py:151} INFO - [2023-10-11T07:24:31.030+0000] {dag.py:3696} INFO - Setting next_dagrun for example_subdag_operator to 2022-01-01T00:00:00+00:00, run_after=2022-01-01T00:00:00+00:00
[2023-10-11T07:24:31.032+0000] {logging_mixin.py:151} INFO - [2023-10-11T07:24:31.032+0000] {dag.py:3696} INFO - Setting next_dagrun for example_subdag_operator.section-1 to None, run_after=None
[2023-10-11T07:24:31.033+0000] {logging_mixin.py:151} INFO - [2023-10-11T07:24:31.033+0000] {dag.py:3696} INFO - Setting next_dagrun for example_subdag_operator.section-2 to None, run_after=None
[2023-10-11T07:24:31.037+0000] {logging_mixin.py:151} INFO - [2023-10-11T07:24:31.037+0000] {dag.py:2915} INFO - Sync 2 DAGs
[2023-10-11T07:24:31.040+0000] {logging_mixin.py:151} INFO - [2023-10-11T07:24:31.040+0000] {dag.py:3696} INFO - Setting next_dagrun for example_subdag_operator.section-1 to None, run_after=None
[2023-10-11T07:24:31.040+0000] {logging_mixin.py:151} INFO - [2023-10-11T07:24:31.040+0000] {dag.py:3696} INFO - Setting next_dagrun for example_subdag_operator.section-2 to None, run_after=None
[2023-10-11T07:24:31.046+0000] {processor.py:179} INFO - Processing /home/airflow/.local/lib/python3.8/site-packages/airflow/example_dags/example_subdag_operator.py took 0.061 seconds
[2023-10-11T07:25:02.276+0000] {processor.py:157} INFO - Started process (PID=936) to work on /home/airflow/.local/lib/python3.8/site-packages/airflow/example_dags/example_subdag_operator.py
[2023-10-11T07:25:02.277+0000] {processor.py:829} INFO - Processing file /home/airflow/.local/lib/python3.8/site-packages/airflow/example_dags/example_subdag_operator.py for tasks to queue
[2023-10-11T07:25:02.279+0000] {logging_mixin.py:151} INFO - [2023-10-11T07:25:02.278+0000] {dagbag.py:539} INFO - Filling up the DagBag from /home/airflow/.local/lib/python3.8/site-packages/airflow/example_dags/example_subdag_operator.py
[2023-10-11T07:25:02.297+0000] {processor.py:839} INFO - DAG(s) dict_keys(['example_subdag_operator.section-1', 'example_subdag_operator.section-2', 'example_subdag_operator']) retrieved from /home/airflow/.local/lib/python3.8/site-packages/airflow/example_dags/example_subdag_operator.py
[2023-10-11T07:25:02.306+0000] {logging_mixin.py:151} INFO - [2023-10-11T07:25:02.306+0000] {dag.py:2915} INFO - Sync 3 DAGs
[2023-10-11T07:25:02.319+0000] {logging_mixin.py:151} INFO - [2023-10-11T07:25:02.319+0000] {dag.py:3696} INFO - Setting next_dagrun for example_subdag_operator to 2022-01-01T00:00:00+00:00, run_after=2022-01-01T00:00:00+00:00
[2023-10-11T07:25:02.321+0000] {logging_mixin.py:151} INFO - [2023-10-11T07:25:02.321+0000] {dag.py:3696} INFO - Setting next_dagrun for example_subdag_operator.section-1 to None, run_after=None
[2023-10-11T07:25:02.322+0000] {logging_mixin.py:151} INFO - [2023-10-11T07:25:02.322+0000] {dag.py:3696} INFO - Setting next_dagrun for example_subdag_operator.section-2 to None, run_after=None
[2023-10-11T07:25:02.326+0000] {logging_mixin.py:151} INFO - [2023-10-11T07:25:02.326+0000] {dag.py:2915} INFO - Sync 2 DAGs
[2023-10-11T07:25:02.329+0000] {logging_mixin.py:151} INFO - [2023-10-11T07:25:02.329+0000] {dag.py:3696} INFO - Setting next_dagrun for example_subdag_operator.section-1 to None, run_after=None
[2023-10-11T07:25:02.329+0000] {logging_mixin.py:151} INFO - [2023-10-11T07:25:02.329+0000] {dag.py:3696} INFO - Setting next_dagrun for example_subdag_operator.section-2 to None, run_after=None
[2023-10-11T07:25:02.335+0000] {processor.py:179} INFO - Processing /home/airflow/.local/lib/python3.8/site-packages/airflow/example_dags/example_subdag_operator.py took 0.061 seconds
[2023-10-11T07:25:33.391+0000] {processor.py:157} INFO - Started process (PID=995) to work on /home/airflow/.local/lib/python3.8/site-packages/airflow/example_dags/example_subdag_operator.py
[2023-10-11T07:25:33.392+0000] {processor.py:829} INFO - Processing file /home/airflow/.local/lib/python3.8/site-packages/airflow/example_dags/example_subdag_operator.py for tasks to queue
[2023-10-11T07:25:33.394+0000] {logging_mixin.py:151} INFO - [2023-10-11T07:25:33.394+0000] {dagbag.py:539} INFO - Filling up the DagBag from /home/airflow/.local/lib/python3.8/site-packages/airflow/example_dags/example_subdag_operator.py
[2023-10-11T07:25:33.415+0000] {processor.py:839} INFO - DAG(s) dict_keys(['example_subdag_operator.section-1', 'example_subdag_operator.section-2', 'example_subdag_operator']) retrieved from /home/airflow/.local/lib/python3.8/site-packages/airflow/example_dags/example_subdag_operator.py
[2023-10-11T07:25:33.425+0000] {logging_mixin.py:151} INFO - [2023-10-11T07:25:33.425+0000] {dag.py:2915} INFO - Sync 3 DAGs
[2023-10-11T07:25:33.440+0000] {logging_mixin.py:151} INFO - [2023-10-11T07:25:33.440+0000] {dag.py:3696} INFO - Setting next_dagrun for example_subdag_operator to 2022-01-01T00:00:00+00:00, run_after=2022-01-01T00:00:00+00:00
[2023-10-11T07:25:33.443+0000] {logging_mixin.py:151} INFO - [2023-10-11T07:25:33.443+0000] {dag.py:3696} INFO - Setting next_dagrun for example_subdag_operator.section-1 to None, run_after=None
[2023-10-11T07:25:33.444+0000] {logging_mixin.py:151} INFO - [2023-10-11T07:25:33.444+0000] {dag.py:3696} INFO - Setting next_dagrun for example_subdag_operator.section-2 to None, run_after=None
[2023-10-11T07:25:33.448+0000] {logging_mixin.py:151} INFO - [2023-10-11T07:25:33.448+0000] {dag.py:2915} INFO - Sync 2 DAGs
[2023-10-11T07:25:33.451+0000] {logging_mixin.py:151} INFO - [2023-10-11T07:25:33.451+0000] {dag.py:3696} INFO - Setting next_dagrun for example_subdag_operator.section-1 to None, run_after=None
[2023-10-11T07:25:33.451+0000] {logging_mixin.py:151} INFO - [2023-10-11T07:25:33.451+0000] {dag.py:3696} INFO - Setting next_dagrun for example_subdag_operator.section-2 to None, run_after=None
[2023-10-11T07:25:33.457+0000] {processor.py:179} INFO - Processing /home/airflow/.local/lib/python3.8/site-packages/airflow/example_dags/example_subdag_operator.py took 0.069 seconds
[2023-10-11T07:26:04.523+0000] {processor.py:157} INFO - Started process (PID=1054) to work on /home/airflow/.local/lib/python3.8/site-packages/airflow/example_dags/example_subdag_operator.py
[2023-10-11T07:26:04.524+0000] {processor.py:829} INFO - Processing file /home/airflow/.local/lib/python3.8/site-packages/airflow/example_dags/example_subdag_operator.py for tasks to queue
[2023-10-11T07:26:04.526+0000] {logging_mixin.py:151} INFO - [2023-10-11T07:26:04.526+0000] {dagbag.py:539} INFO - Filling up the DagBag from /home/airflow/.local/lib/python3.8/site-packages/airflow/example_dags/example_subdag_operator.py
[2023-10-11T07:26:04.545+0000] {processor.py:839} INFO - DAG(s) dict_keys(['example_subdag_operator.section-1', 'example_subdag_operator.section-2', 'example_subdag_operator']) retrieved from /home/airflow/.local/lib/python3.8/site-packages/airflow/example_dags/example_subdag_operator.py
[2023-10-11T07:26:04.554+0000] {logging_mixin.py:151} INFO - [2023-10-11T07:26:04.553+0000] {dag.py:2915} INFO - Sync 3 DAGs
[2023-10-11T07:26:04.567+0000] {logging_mixin.py:151} INFO - [2023-10-11T07:26:04.567+0000] {dag.py:3696} INFO - Setting next_dagrun for example_subdag_operator to 2022-01-01T00:00:00+00:00, run_after=2022-01-01T00:00:00+00:00
[2023-10-11T07:26:04.570+0000] {logging_mixin.py:151} INFO - [2023-10-11T07:26:04.570+0000] {dag.py:3696} INFO - Setting next_dagrun for example_subdag_operator.section-1 to None, run_after=None
[2023-10-11T07:26:04.570+0000] {logging_mixin.py:151} INFO - [2023-10-11T07:26:04.570+0000] {dag.py:3696} INFO - Setting next_dagrun for example_subdag_operator.section-2 to None, run_after=None
[2023-10-11T07:26:04.574+0000] {logging_mixin.py:151} INFO - [2023-10-11T07:26:04.574+0000] {dag.py:2915} INFO - Sync 2 DAGs
[2023-10-11T07:26:04.577+0000] {logging_mixin.py:151} INFO - [2023-10-11T07:26:04.577+0000] {dag.py:3696} INFO - Setting next_dagrun for example_subdag_operator.section-1 to None, run_after=None
[2023-10-11T07:26:04.577+0000] {logging_mixin.py:151} INFO - [2023-10-11T07:26:04.577+0000] {dag.py:3696} INFO - Setting next_dagrun for example_subdag_operator.section-2 to None, run_after=None
[2023-10-11T07:26:04.583+0000] {processor.py:179} INFO - Processing /home/airflow/.local/lib/python3.8/site-packages/airflow/example_dags/example_subdag_operator.py took 0.062 seconds
[2023-10-11T07:26:35.640+0000] {processor.py:157} INFO - Started process (PID=1113) to work on /home/airflow/.local/lib/python3.8/site-packages/airflow/example_dags/example_subdag_operator.py
[2023-10-11T07:26:35.641+0000] {processor.py:829} INFO - Processing file /home/airflow/.local/lib/python3.8/site-packages/airflow/example_dags/example_subdag_operator.py for tasks to queue
[2023-10-11T07:26:35.643+0000] {logging_mixin.py:151} INFO - [2023-10-11T07:26:35.642+0000] {dagbag.py:539} INFO - Filling up the DagBag from /home/airflow/.local/lib/python3.8/site-packages/airflow/example_dags/example_subdag_operator.py
[2023-10-11T07:26:35.662+0000] {processor.py:839} INFO - DAG(s) dict_keys(['example_subdag_operator.section-1', 'example_subdag_operator.section-2', 'example_subdag_operator']) retrieved from /home/airflow/.local/lib/python3.8/site-packages/airflow/example_dags/example_subdag_operator.py
[2023-10-11T07:26:35.671+0000] {logging_mixin.py:151} INFO - [2023-10-11T07:26:35.671+0000] {dag.py:2915} INFO - Sync 3 DAGs
[2023-10-11T07:26:35.684+0000] {logging_mixin.py:151} INFO - [2023-10-11T07:26:35.684+0000] {dag.py:3696} INFO - Setting next_dagrun for example_subdag_operator to 2022-01-01T00:00:00+00:00, run_after=2022-01-01T00:00:00+00:00
[2023-10-11T07:26:35.686+0000] {logging_mixin.py:151} INFO - [2023-10-11T07:26:35.686+0000] {dag.py:3696} INFO - Setting next_dagrun for example_subdag_operator.section-1 to None, run_after=None
[2023-10-11T07:26:35.687+0000] {logging_mixin.py:151} INFO - [2023-10-11T07:26:35.686+0000] {dag.py:3696} INFO - Setting next_dagrun for example_subdag_operator.section-2 to None, run_after=None
[2023-10-11T07:26:35.690+0000] {logging_mixin.py:151} INFO - [2023-10-11T07:26:35.690+0000] {dag.py:2915} INFO - Sync 2 DAGs
[2023-10-11T07:26:35.693+0000] {logging_mixin.py:151} INFO - [2023-10-11T07:26:35.693+0000] {dag.py:3696} INFO - Setting next_dagrun for example_subdag_operator.section-1 to None, run_after=None
[2023-10-11T07:26:35.693+0000] {logging_mixin.py:151} INFO - [2023-10-11T07:26:35.693+0000] {dag.py:3696} INFO - Setting next_dagrun for example_subdag_operator.section-2 to None, run_after=None
[2023-10-11T07:26:35.699+0000] {processor.py:179} INFO - Processing /home/airflow/.local/lib/python3.8/site-packages/airflow/example_dags/example_subdag_operator.py took 0.060 seconds
[2023-10-11T07:27:06.047+0000] {processor.py:157} INFO - Started process (PID=1172) to work on /home/airflow/.local/lib/python3.8/site-packages/airflow/example_dags/example_subdag_operator.py
[2023-10-11T07:27:06.048+0000] {processor.py:829} INFO - Processing file /home/airflow/.local/lib/python3.8/site-packages/airflow/example_dags/example_subdag_operator.py for tasks to queue
[2023-10-11T07:27:06.050+0000] {logging_mixin.py:151} INFO - [2023-10-11T07:27:06.050+0000] {dagbag.py:539} INFO - Filling up the DagBag from /home/airflow/.local/lib/python3.8/site-packages/airflow/example_dags/example_subdag_operator.py
[2023-10-11T07:27:06.069+0000] {processor.py:839} INFO - DAG(s) dict_keys(['example_subdag_operator.section-1', 'example_subdag_operator.section-2', 'example_subdag_operator']) retrieved from /home/airflow/.local/lib/python3.8/site-packages/airflow/example_dags/example_subdag_operator.py
[2023-10-11T07:27:06.077+0000] {logging_mixin.py:151} INFO - [2023-10-11T07:27:06.077+0000] {dag.py:2915} INFO - Sync 3 DAGs
[2023-10-11T07:27:06.091+0000] {logging_mixin.py:151} INFO - [2023-10-11T07:27:06.090+0000] {dag.py:3696} INFO - Setting next_dagrun for example_subdag_operator to 2022-01-01T00:00:00+00:00, run_after=2022-01-01T00:00:00+00:00
[2023-10-11T07:27:06.093+0000] {logging_mixin.py:151} INFO - [2023-10-11T07:27:06.092+0000] {dag.py:3696} INFO - Setting next_dagrun for example_subdag_operator.section-1 to None, run_after=None
[2023-10-11T07:27:06.093+0000] {logging_mixin.py:151} INFO - [2023-10-11T07:27:06.093+0000] {dag.py:3696} INFO - Setting next_dagrun for example_subdag_operator.section-2 to None, run_after=None
[2023-10-11T07:27:06.097+0000] {logging_mixin.py:151} INFO - [2023-10-11T07:27:06.097+0000] {dag.py:2915} INFO - Sync 2 DAGs
[2023-10-11T07:27:06.100+0000] {logging_mixin.py:151} INFO - [2023-10-11T07:27:06.100+0000] {dag.py:3696} INFO - Setting next_dagrun for example_subdag_operator.section-1 to None, run_after=None
[2023-10-11T07:27:06.101+0000] {logging_mixin.py:151} INFO - [2023-10-11T07:27:06.101+0000] {dag.py:3696} INFO - Setting next_dagrun for example_subdag_operator.section-2 to None, run_after=None
[2023-10-11T07:27:06.107+0000] {processor.py:179} INFO - Processing /home/airflow/.local/lib/python3.8/site-packages/airflow/example_dags/example_subdag_operator.py took 0.062 seconds
[2023-10-11T07:27:36.808+0000] {processor.py:157} INFO - Started process (PID=1231) to work on /home/airflow/.local/lib/python3.8/site-packages/airflow/example_dags/example_subdag_operator.py
[2023-10-11T07:27:36.808+0000] {processor.py:829} INFO - Processing file /home/airflow/.local/lib/python3.8/site-packages/airflow/example_dags/example_subdag_operator.py for tasks to queue
[2023-10-11T07:27:36.810+0000] {logging_mixin.py:151} INFO - [2023-10-11T07:27:36.810+0000] {dagbag.py:539} INFO - Filling up the DagBag from /home/airflow/.local/lib/python3.8/site-packages/airflow/example_dags/example_subdag_operator.py
[2023-10-11T07:27:36.828+0000] {processor.py:839} INFO - DAG(s) dict_keys(['example_subdag_operator.section-1', 'example_subdag_operator.section-2', 'example_subdag_operator']) retrieved from /home/airflow/.local/lib/python3.8/site-packages/airflow/example_dags/example_subdag_operator.py
[2023-10-11T07:27:36.837+0000] {logging_mixin.py:151} INFO - [2023-10-11T07:27:36.837+0000] {dag.py:2915} INFO - Sync 3 DAGs
[2023-10-11T07:27:36.850+0000] {logging_mixin.py:151} INFO - [2023-10-11T07:27:36.850+0000] {dag.py:3696} INFO - Setting next_dagrun for example_subdag_operator to 2022-01-01T00:00:00+00:00, run_after=2022-01-01T00:00:00+00:00
[2023-10-11T07:27:36.852+0000] {logging_mixin.py:151} INFO - [2023-10-11T07:27:36.852+0000] {dag.py:3696} INFO - Setting next_dagrun for example_subdag_operator.section-1 to None, run_after=None
[2023-10-11T07:27:36.853+0000] {logging_mixin.py:151} INFO - [2023-10-11T07:27:36.853+0000] {dag.py:3696} INFO - Setting next_dagrun for example_subdag_operator.section-2 to None, run_after=None
[2023-10-11T07:27:36.856+0000] {logging_mixin.py:151} INFO - [2023-10-11T07:27:36.856+0000] {dag.py:2915} INFO - Sync 2 DAGs
[2023-10-11T07:27:36.859+0000] {logging_mixin.py:151} INFO - [2023-10-11T07:27:36.859+0000] {dag.py:3696} INFO - Setting next_dagrun for example_subdag_operator.section-1 to None, run_after=None
[2023-10-11T07:27:36.859+0000] {logging_mixin.py:151} INFO - [2023-10-11T07:27:36.859+0000] {dag.py:3696} INFO - Setting next_dagrun for example_subdag_operator.section-2 to None, run_after=None
[2023-10-11T07:27:36.865+0000] {processor.py:179} INFO - Processing /home/airflow/.local/lib/python3.8/site-packages/airflow/example_dags/example_subdag_operator.py took 0.060 seconds
[2023-10-11T07:28:07.942+0000] {processor.py:157} INFO - Started process (PID=1290) to work on /home/airflow/.local/lib/python3.8/site-packages/airflow/example_dags/example_subdag_operator.py
[2023-10-11T07:28:07.943+0000] {processor.py:829} INFO - Processing file /home/airflow/.local/lib/python3.8/site-packages/airflow/example_dags/example_subdag_operator.py for tasks to queue
[2023-10-11T07:28:07.945+0000] {logging_mixin.py:151} INFO - [2023-10-11T07:28:07.945+0000] {dagbag.py:539} INFO - Filling up the DagBag from /home/airflow/.local/lib/python3.8/site-packages/airflow/example_dags/example_subdag_operator.py
[2023-10-11T07:28:07.963+0000] {processor.py:839} INFO - DAG(s) dict_keys(['example_subdag_operator.section-1', 'example_subdag_operator.section-2', 'example_subdag_operator']) retrieved from /home/airflow/.local/lib/python3.8/site-packages/airflow/example_dags/example_subdag_operator.py
[2023-10-11T07:28:07.972+0000] {logging_mixin.py:151} INFO - [2023-10-11T07:28:07.972+0000] {dag.py:2915} INFO - Sync 3 DAGs
[2023-10-11T07:28:07.985+0000] {logging_mixin.py:151} INFO - [2023-10-11T07:28:07.985+0000] {dag.py:3696} INFO - Setting next_dagrun for example_subdag_operator to 2022-01-01T00:00:00+00:00, run_after=2022-01-01T00:00:00+00:00
[2023-10-11T07:28:07.987+0000] {logging_mixin.py:151} INFO - [2023-10-11T07:28:07.987+0000] {dag.py:3696} INFO - Setting next_dagrun for example_subdag_operator.section-1 to None, run_after=None
[2023-10-11T07:28:07.988+0000] {logging_mixin.py:151} INFO - [2023-10-11T07:28:07.988+0000] {dag.py:3696} INFO - Setting next_dagrun for example_subdag_operator.section-2 to None, run_after=None
[2023-10-11T07:28:07.991+0000] {logging_mixin.py:151} INFO - [2023-10-11T07:28:07.991+0000] {dag.py:2915} INFO - Sync 2 DAGs
[2023-10-11T07:28:07.994+0000] {logging_mixin.py:151} INFO - [2023-10-11T07:28:07.994+0000] {dag.py:3696} INFO - Setting next_dagrun for example_subdag_operator.section-1 to None, run_after=None
[2023-10-11T07:28:07.994+0000] {logging_mixin.py:151} INFO - [2023-10-11T07:28:07.994+0000] {dag.py:3696} INFO - Setting next_dagrun for example_subdag_operator.section-2 to None, run_after=None
[2023-10-11T07:28:08.000+0000] {processor.py:179} INFO - Processing /home/airflow/.local/lib/python3.8/site-packages/airflow/example_dags/example_subdag_operator.py took 0.060 seconds
[2023-10-11T07:28:38.423+0000] {processor.py:157} INFO - Started process (PID=1349) to work on /home/airflow/.local/lib/python3.8/site-packages/airflow/example_dags/example_subdag_operator.py
[2023-10-11T07:28:38.423+0000] {processor.py:829} INFO - Processing file /home/airflow/.local/lib/python3.8/site-packages/airflow/example_dags/example_subdag_operator.py for tasks to queue
[2023-10-11T07:28:38.425+0000] {logging_mixin.py:151} INFO - [2023-10-11T07:28:38.425+0000] {dagbag.py:539} INFO - Filling up the DagBag from /home/airflow/.local/lib/python3.8/site-packages/airflow/example_dags/example_subdag_operator.py
[2023-10-11T07:28:38.444+0000] {processor.py:839} INFO - DAG(s) dict_keys(['example_subdag_operator.section-1', 'example_subdag_operator.section-2', 'example_subdag_operator']) retrieved from /home/airflow/.local/lib/python3.8/site-packages/airflow/example_dags/example_subdag_operator.py
[2023-10-11T07:28:38.453+0000] {logging_mixin.py:151} INFO - [2023-10-11T07:28:38.453+0000] {dag.py:2915} INFO - Sync 3 DAGs
[2023-10-11T07:28:38.466+0000] {logging_mixin.py:151} INFO - [2023-10-11T07:28:38.466+0000] {dag.py:3696} INFO - Setting next_dagrun for example_subdag_operator to 2022-01-01T00:00:00+00:00, run_after=2022-01-01T00:00:00+00:00
[2023-10-11T07:28:38.468+0000] {logging_mixin.py:151} INFO - [2023-10-11T07:28:38.468+0000] {dag.py:3696} INFO - Setting next_dagrun for example_subdag_operator.section-1 to None, run_after=None
[2023-10-11T07:28:38.469+0000] {logging_mixin.py:151} INFO - [2023-10-11T07:28:38.469+0000] {dag.py:3696} INFO - Setting next_dagrun for example_subdag_operator.section-2 to None, run_after=None
[2023-10-11T07:28:38.473+0000] {logging_mixin.py:151} INFO - [2023-10-11T07:28:38.472+0000] {dag.py:2915} INFO - Sync 2 DAGs
[2023-10-11T07:28:38.475+0000] {logging_mixin.py:151} INFO - [2023-10-11T07:28:38.475+0000] {dag.py:3696} INFO - Setting next_dagrun for example_subdag_operator.section-1 to None, run_after=None
[2023-10-11T07:28:38.476+0000] {logging_mixin.py:151} INFO - [2023-10-11T07:28:38.476+0000] {dag.py:3696} INFO - Setting next_dagrun for example_subdag_operator.section-2 to None, run_after=None
[2023-10-11T07:28:38.481+0000] {processor.py:179} INFO - Processing /home/airflow/.local/lib/python3.8/site-packages/airflow/example_dags/example_subdag_operator.py took 0.060 seconds
[2023-10-11T07:29:09.603+0000] {processor.py:157} INFO - Started process (PID=1408) to work on /home/airflow/.local/lib/python3.8/site-packages/airflow/example_dags/example_subdag_operator.py
[2023-10-11T07:29:09.603+0000] {processor.py:829} INFO - Processing file /home/airflow/.local/lib/python3.8/site-packages/airflow/example_dags/example_subdag_operator.py for tasks to queue
[2023-10-11T07:29:09.605+0000] {logging_mixin.py:151} INFO - [2023-10-11T07:29:09.605+0000] {dagbag.py:539} INFO - Filling up the DagBag from /home/airflow/.local/lib/python3.8/site-packages/airflow/example_dags/example_subdag_operator.py
[2023-10-11T07:29:09.624+0000] {processor.py:839} INFO - DAG(s) dict_keys(['example_subdag_operator.section-1', 'example_subdag_operator.section-2', 'example_subdag_operator']) retrieved from /home/airflow/.local/lib/python3.8/site-packages/airflow/example_dags/example_subdag_operator.py
[2023-10-11T07:29:09.633+0000] {logging_mixin.py:151} INFO - [2023-10-11T07:29:09.632+0000] {dag.py:2915} INFO - Sync 3 DAGs
[2023-10-11T07:29:09.646+0000] {logging_mixin.py:151} INFO - [2023-10-11T07:29:09.645+0000] {dag.py:3696} INFO - Setting next_dagrun for example_subdag_operator to 2022-01-01T00:00:00+00:00, run_after=2022-01-01T00:00:00+00:00
[2023-10-11T07:29:09.647+0000] {logging_mixin.py:151} INFO - [2023-10-11T07:29:09.647+0000] {dag.py:3696} INFO - Setting next_dagrun for example_subdag_operator.section-1 to None, run_after=None
[2023-10-11T07:29:09.648+0000] {logging_mixin.py:151} INFO - [2023-10-11T07:29:09.648+0000] {dag.py:3696} INFO - Setting next_dagrun for example_subdag_operator.section-2 to None, run_after=None
[2023-10-11T07:29:09.652+0000] {logging_mixin.py:151} INFO - [2023-10-11T07:29:09.652+0000] {dag.py:2915} INFO - Sync 2 DAGs
[2023-10-11T07:29:09.655+0000] {logging_mixin.py:151} INFO - [2023-10-11T07:29:09.655+0000] {dag.py:3696} INFO - Setting next_dagrun for example_subdag_operator.section-1 to None, run_after=None
[2023-10-11T07:29:09.655+0000] {logging_mixin.py:151} INFO - [2023-10-11T07:29:09.655+0000] {dag.py:3696} INFO - Setting next_dagrun for example_subdag_operator.section-2 to None, run_after=None
[2023-10-11T07:29:09.667+0000] {processor.py:179} INFO - Processing /home/airflow/.local/lib/python3.8/site-packages/airflow/example_dags/example_subdag_operator.py took 0.067 seconds
[2023-10-11T07:29:40.452+0000] {processor.py:157} INFO - Started process (PID=1467) to work on /home/airflow/.local/lib/python3.8/site-packages/airflow/example_dags/example_subdag_operator.py
[2023-10-11T07:29:40.453+0000] {processor.py:829} INFO - Processing file /home/airflow/.local/lib/python3.8/site-packages/airflow/example_dags/example_subdag_operator.py for tasks to queue
[2023-10-11T07:29:40.455+0000] {logging_mixin.py:151} INFO - [2023-10-11T07:29:40.455+0000] {dagbag.py:539} INFO - Filling up the DagBag from /home/airflow/.local/lib/python3.8/site-packages/airflow/example_dags/example_subdag_operator.py
[2023-10-11T07:29:40.477+0000] {processor.py:839} INFO - DAG(s) dict_keys(['example_subdag_operator.section-1', 'example_subdag_operator.section-2', 'example_subdag_operator']) retrieved from /home/airflow/.local/lib/python3.8/site-packages/airflow/example_dags/example_subdag_operator.py
[2023-10-11T07:29:40.488+0000] {logging_mixin.py:151} INFO - [2023-10-11T07:29:40.488+0000] {dag.py:2915} INFO - Sync 3 DAGs
[2023-10-11T07:29:40.502+0000] {logging_mixin.py:151} INFO - [2023-10-11T07:29:40.502+0000] {dag.py:3696} INFO - Setting next_dagrun for example_subdag_operator to 2022-01-01T00:00:00+00:00, run_after=2022-01-01T00:00:00+00:00
[2023-10-11T07:29:40.505+0000] {logging_mixin.py:151} INFO - [2023-10-11T07:29:40.504+0000] {dag.py:3696} INFO - Setting next_dagrun for example_subdag_operator.section-1 to None, run_after=None
[2023-10-11T07:29:40.505+0000] {logging_mixin.py:151} INFO - [2023-10-11T07:29:40.505+0000] {dag.py:3696} INFO - Setting next_dagrun for example_subdag_operator.section-2 to None, run_after=None
[2023-10-11T07:29:40.514+0000] {logging_mixin.py:151} INFO - [2023-10-11T07:29:40.514+0000] {dag.py:2915} INFO - Sync 2 DAGs
[2023-10-11T07:29:40.519+0000] {logging_mixin.py:151} INFO - [2023-10-11T07:29:40.519+0000] {dag.py:3696} INFO - Setting next_dagrun for example_subdag_operator.section-1 to None, run_after=None
[2023-10-11T07:29:40.519+0000] {logging_mixin.py:151} INFO - [2023-10-11T07:29:40.519+0000] {dag.py:3696} INFO - Setting next_dagrun for example_subdag_operator.section-2 to None, run_after=None
[2023-10-11T07:29:40.530+0000] {processor.py:179} INFO - Processing /home/airflow/.local/lib/python3.8/site-packages/airflow/example_dags/example_subdag_operator.py took 0.080 seconds
[2023-10-11T07:30:11.485+0000] {processor.py:157} INFO - Started process (PID=1526) to work on /home/airflow/.local/lib/python3.8/site-packages/airflow/example_dags/example_subdag_operator.py
[2023-10-11T07:30:11.486+0000] {processor.py:829} INFO - Processing file /home/airflow/.local/lib/python3.8/site-packages/airflow/example_dags/example_subdag_operator.py for tasks to queue
[2023-10-11T07:30:11.491+0000] {logging_mixin.py:151} INFO - [2023-10-11T07:30:11.490+0000] {dagbag.py:539} INFO - Filling up the DagBag from /home/airflow/.local/lib/python3.8/site-packages/airflow/example_dags/example_subdag_operator.py
[2023-10-11T07:30:11.525+0000] {processor.py:839} INFO - DAG(s) dict_keys(['example_subdag_operator.section-1', 'example_subdag_operator.section-2', 'example_subdag_operator']) retrieved from /home/airflow/.local/lib/python3.8/site-packages/airflow/example_dags/example_subdag_operator.py
[2023-10-11T07:30:11.538+0000] {logging_mixin.py:151} INFO - [2023-10-11T07:30:11.538+0000] {dag.py:2915} INFO - Sync 3 DAGs
[2023-10-11T07:30:11.555+0000] {logging_mixin.py:151} INFO - [2023-10-11T07:30:11.555+0000] {dag.py:3696} INFO - Setting next_dagrun for example_subdag_operator to 2022-01-01T00:00:00+00:00, run_after=2022-01-01T00:00:00+00:00
[2023-10-11T07:30:11.557+0000] {logging_mixin.py:151} INFO - [2023-10-11T07:30:11.557+0000] {dag.py:3696} INFO - Setting next_dagrun for example_subdag_operator.section-1 to None, run_after=None
[2023-10-11T07:30:11.558+0000] {logging_mixin.py:151} INFO - [2023-10-11T07:30:11.558+0000] {dag.py:3696} INFO - Setting next_dagrun for example_subdag_operator.section-2 to None, run_after=None
[2023-10-11T07:30:11.563+0000] {logging_mixin.py:151} INFO - [2023-10-11T07:30:11.563+0000] {dag.py:2915} INFO - Sync 2 DAGs
[2023-10-11T07:30:11.567+0000] {logging_mixin.py:151} INFO - [2023-10-11T07:30:11.567+0000] {dag.py:3696} INFO - Setting next_dagrun for example_subdag_operator.section-1 to None, run_after=None
[2023-10-11T07:30:11.567+0000] {logging_mixin.py:151} INFO - [2023-10-11T07:30:11.567+0000] {dag.py:3696} INFO - Setting next_dagrun for example_subdag_operator.section-2 to None, run_after=None
[2023-10-11T07:30:11.574+0000] {processor.py:179} INFO - Processing /home/airflow/.local/lib/python3.8/site-packages/airflow/example_dags/example_subdag_operator.py took 0.094 seconds
[2023-10-11T07:30:41.738+0000] {processor.py:157} INFO - Started process (PID=1584) to work on /home/airflow/.local/lib/python3.8/site-packages/airflow/example_dags/example_subdag_operator.py
[2023-10-11T07:30:41.738+0000] {processor.py:829} INFO - Processing file /home/airflow/.local/lib/python3.8/site-packages/airflow/example_dags/example_subdag_operator.py for tasks to queue
[2023-10-11T07:30:41.740+0000] {logging_mixin.py:151} INFO - [2023-10-11T07:30:41.740+0000] {dagbag.py:539} INFO - Filling up the DagBag from /home/airflow/.local/lib/python3.8/site-packages/airflow/example_dags/example_subdag_operator.py
[2023-10-11T07:30:41.760+0000] {processor.py:839} INFO - DAG(s) dict_keys(['example_subdag_operator.section-1', 'example_subdag_operator.section-2', 'example_subdag_operator']) retrieved from /home/airflow/.local/lib/python3.8/site-packages/airflow/example_dags/example_subdag_operator.py
[2023-10-11T07:30:41.769+0000] {logging_mixin.py:151} INFO - [2023-10-11T07:30:41.769+0000] {dag.py:2915} INFO - Sync 3 DAGs
[2023-10-11T07:30:41.783+0000] {logging_mixin.py:151} INFO - [2023-10-11T07:30:41.783+0000] {dag.py:3696} INFO - Setting next_dagrun for example_subdag_operator to 2022-01-01T00:00:00+00:00, run_after=2022-01-01T00:00:00+00:00
[2023-10-11T07:30:41.785+0000] {logging_mixin.py:151} INFO - [2023-10-11T07:30:41.785+0000] {dag.py:3696} INFO - Setting next_dagrun for example_subdag_operator.section-1 to None, run_after=None
[2023-10-11T07:30:41.786+0000] {logging_mixin.py:151} INFO - [2023-10-11T07:30:41.786+0000] {dag.py:3696} INFO - Setting next_dagrun for example_subdag_operator.section-2 to None, run_after=None
[2023-10-11T07:30:41.790+0000] {logging_mixin.py:151} INFO - [2023-10-11T07:30:41.790+0000] {dag.py:2915} INFO - Sync 2 DAGs
[2023-10-11T07:30:41.793+0000] {logging_mixin.py:151} INFO - [2023-10-11T07:30:41.793+0000] {dag.py:3696} INFO - Setting next_dagrun for example_subdag_operator.section-1 to None, run_after=None
[2023-10-11T07:30:41.793+0000] {logging_mixin.py:151} INFO - [2023-10-11T07:30:41.793+0000] {dag.py:3696} INFO - Setting next_dagrun for example_subdag_operator.section-2 to None, run_after=None
[2023-10-11T07:30:41.799+0000] {processor.py:179} INFO - Processing /home/airflow/.local/lib/python3.8/site-packages/airflow/example_dags/example_subdag_operator.py took 0.063 seconds
[2023-10-11T07:31:11.968+0000] {processor.py:157} INFO - Started process (PID=1642) to work on /home/airflow/.local/lib/python3.8/site-packages/airflow/example_dags/example_subdag_operator.py
[2023-10-11T07:31:11.968+0000] {processor.py:829} INFO - Processing file /home/airflow/.local/lib/python3.8/site-packages/airflow/example_dags/example_subdag_operator.py for tasks to queue
[2023-10-11T07:31:11.970+0000] {logging_mixin.py:151} INFO - [2023-10-11T07:31:11.970+0000] {dagbag.py:539} INFO - Filling up the DagBag from /home/airflow/.local/lib/python3.8/site-packages/airflow/example_dags/example_subdag_operator.py
[2023-10-11T07:31:11.989+0000] {processor.py:839} INFO - DAG(s) dict_keys(['example_subdag_operator.section-1', 'example_subdag_operator.section-2', 'example_subdag_operator']) retrieved from /home/airflow/.local/lib/python3.8/site-packages/airflow/example_dags/example_subdag_operator.py
[2023-10-11T07:31:11.998+0000] {logging_mixin.py:151} INFO - [2023-10-11T07:31:11.998+0000] {dag.py:2915} INFO - Sync 3 DAGs
[2023-10-11T07:31:12.012+0000] {logging_mixin.py:151} INFO - [2023-10-11T07:31:12.011+0000] {dag.py:3696} INFO - Setting next_dagrun for example_subdag_operator to 2022-01-01T00:00:00+00:00, run_after=2022-01-01T00:00:00+00:00
[2023-10-11T07:31:12.014+0000] {logging_mixin.py:151} INFO - [2023-10-11T07:31:12.014+0000] {dag.py:3696} INFO - Setting next_dagrun for example_subdag_operator.section-1 to None, run_after=None
[2023-10-11T07:31:12.014+0000] {logging_mixin.py:151} INFO - [2023-10-11T07:31:12.014+0000] {dag.py:3696} INFO - Setting next_dagrun for example_subdag_operator.section-2 to None, run_after=None
[2023-10-11T07:31:12.018+0000] {logging_mixin.py:151} INFO - [2023-10-11T07:31:12.018+0000] {dag.py:2915} INFO - Sync 2 DAGs
[2023-10-11T07:31:12.021+0000] {logging_mixin.py:151} INFO - [2023-10-11T07:31:12.021+0000] {dag.py:3696} INFO - Setting next_dagrun for example_subdag_operator.section-1 to None, run_after=None
[2023-10-11T07:31:12.021+0000] {logging_mixin.py:151} INFO - [2023-10-11T07:31:12.021+0000] {dag.py:3696} INFO - Setting next_dagrun for example_subdag_operator.section-2 to None, run_after=None
[2023-10-11T07:31:12.027+0000] {processor.py:179} INFO - Processing /home/airflow/.local/lib/python3.8/site-packages/airflow/example_dags/example_subdag_operator.py took 0.062 seconds
[2023-10-11T07:31:42.262+0000] {processor.py:157} INFO - Started process (PID=1708) to work on /home/airflow/.local/lib/python3.8/site-packages/airflow/example_dags/example_subdag_operator.py
[2023-10-11T07:31:42.262+0000] {processor.py:829} INFO - Processing file /home/airflow/.local/lib/python3.8/site-packages/airflow/example_dags/example_subdag_operator.py for tasks to queue
[2023-10-11T07:31:42.264+0000] {logging_mixin.py:151} INFO - [2023-10-11T07:31:42.264+0000] {dagbag.py:539} INFO - Filling up the DagBag from /home/airflow/.local/lib/python3.8/site-packages/airflow/example_dags/example_subdag_operator.py
[2023-10-11T07:31:42.294+0000] {processor.py:839} INFO - DAG(s) dict_keys(['example_subdag_operator.section-1', 'example_subdag_operator.section-2', 'example_subdag_operator']) retrieved from /home/airflow/.local/lib/python3.8/site-packages/airflow/example_dags/example_subdag_operator.py
[2023-10-11T07:31:42.306+0000] {logging_mixin.py:151} INFO - [2023-10-11T07:31:42.306+0000] {dag.py:2915} INFO - Sync 3 DAGs
[2023-10-11T07:31:42.325+0000] {logging_mixin.py:151} INFO - [2023-10-11T07:31:42.325+0000] {dag.py:3696} INFO - Setting next_dagrun for example_subdag_operator to 2022-01-01T00:00:00+00:00, run_after=2022-01-01T00:00:00+00:00
[2023-10-11T07:31:42.329+0000] {logging_mixin.py:151} INFO - [2023-10-11T07:31:42.329+0000] {dag.py:3696} INFO - Setting next_dagrun for example_subdag_operator.section-1 to None, run_after=None
[2023-10-11T07:31:42.331+0000] {logging_mixin.py:151} INFO - [2023-10-11T07:31:42.330+0000] {dag.py:3696} INFO - Setting next_dagrun for example_subdag_operator.section-2 to None, run_after=None
[2023-10-11T07:31:42.337+0000] {logging_mixin.py:151} INFO - [2023-10-11T07:31:42.337+0000] {dag.py:2915} INFO - Sync 2 DAGs
[2023-10-11T07:31:42.344+0000] {logging_mixin.py:151} INFO - [2023-10-11T07:31:42.343+0000] {dag.py:3696} INFO - Setting next_dagrun for example_subdag_operator.section-1 to None, run_after=None
[2023-10-11T07:31:42.344+0000] {logging_mixin.py:151} INFO - [2023-10-11T07:31:42.344+0000] {dag.py:3696} INFO - Setting next_dagrun for example_subdag_operator.section-2 to None, run_after=None
[2023-10-11T07:31:42.350+0000] {processor.py:179} INFO - Processing /home/airflow/.local/lib/python3.8/site-packages/airflow/example_dags/example_subdag_operator.py took 0.090 seconds
