[2023-10-11T07:17:23.104+0000] {processor.py:157} INFO - Started process (PID=61) to work on /home/airflow/.local/lib/python3.8/site-packages/airflow/example_dags/example_setup_teardown_taskflow.py
[2023-10-11T07:17:23.105+0000] {processor.py:829} INFO - Processing file /home/airflow/.local/lib/python3.8/site-packages/airflow/example_dags/example_setup_teardown_taskflow.py for tasks to queue
[2023-10-11T07:17:23.107+0000] {logging_mixin.py:151} INFO - [2023-10-11T07:17:23.107+0000] {dagbag.py:539} INFO - Filling up the DagBag from /home/airflow/.local/lib/python3.8/site-packages/airflow/example_dags/example_setup_teardown_taskflow.py
[2023-10-11T07:17:23.114+0000] {processor.py:839} INFO - DAG(s) dict_keys(['example_setup_teardown_taskflow']) retrieved from /home/airflow/.local/lib/python3.8/site-packages/airflow/example_dags/example_setup_teardown_taskflow.py
[2023-10-11T07:17:23.135+0000] {logging_mixin.py:151} INFO - [2023-10-11T07:17:23.135+0000] {dag.py:2915} INFO - Sync 1 DAGs
[2023-10-11T07:17:23.151+0000] {logging_mixin.py:151} INFO - [2023-10-11T07:17:23.151+0000] {dag.py:3696} INFO - Setting next_dagrun for example_setup_teardown_taskflow to 2023-10-10T07:17:23.151232+00:00, run_after=2023-10-11T07:17:23.151232+00:00
[2023-10-11T07:17:23.167+0000] {processor.py:179} INFO - Processing /home/airflow/.local/lib/python3.8/site-packages/airflow/example_dags/example_setup_teardown_taskflow.py took 0.065 seconds
[2023-10-11T07:17:53.361+0000] {processor.py:157} INFO - Started process (PID=120) to work on /home/airflow/.local/lib/python3.8/site-packages/airflow/example_dags/example_setup_teardown_taskflow.py
[2023-10-11T07:17:53.362+0000] {processor.py:829} INFO - Processing file /home/airflow/.local/lib/python3.8/site-packages/airflow/example_dags/example_setup_teardown_taskflow.py for tasks to queue
[2023-10-11T07:17:53.363+0000] {logging_mixin.py:151} INFO - [2023-10-11T07:17:53.363+0000] {dagbag.py:539} INFO - Filling up the DagBag from /home/airflow/.local/lib/python3.8/site-packages/airflow/example_dags/example_setup_teardown_taskflow.py
[2023-10-11T07:17:53.368+0000] {processor.py:839} INFO - DAG(s) dict_keys(['example_setup_teardown_taskflow']) retrieved from /home/airflow/.local/lib/python3.8/site-packages/airflow/example_dags/example_setup_teardown_taskflow.py
[2023-10-11T07:17:53.387+0000] {logging_mixin.py:151} INFO - [2023-10-11T07:17:53.387+0000] {dag.py:2915} INFO - Sync 1 DAGs
[2023-10-11T07:17:53.401+0000] {logging_mixin.py:151} INFO - [2023-10-11T07:17:53.401+0000] {dag.py:3696} INFO - Setting next_dagrun for example_setup_teardown_taskflow to 2023-10-10T07:17:53.401376+00:00, run_after=2023-10-11T07:17:53.401376+00:00
[2023-10-11T07:17:53.411+0000] {processor.py:179} INFO - Processing /home/airflow/.local/lib/python3.8/site-packages/airflow/example_dags/example_setup_teardown_taskflow.py took 0.052 seconds
[2023-10-11T07:18:24.154+0000] {processor.py:157} INFO - Started process (PID=179) to work on /home/airflow/.local/lib/python3.8/site-packages/airflow/example_dags/example_setup_teardown_taskflow.py
[2023-10-11T07:18:24.155+0000] {processor.py:829} INFO - Processing file /home/airflow/.local/lib/python3.8/site-packages/airflow/example_dags/example_setup_teardown_taskflow.py for tasks to queue
[2023-10-11T07:18:24.156+0000] {logging_mixin.py:151} INFO - [2023-10-11T07:18:24.156+0000] {dagbag.py:539} INFO - Filling up the DagBag from /home/airflow/.local/lib/python3.8/site-packages/airflow/example_dags/example_setup_teardown_taskflow.py
[2023-10-11T07:18:24.162+0000] {processor.py:839} INFO - DAG(s) dict_keys(['example_setup_teardown_taskflow']) retrieved from /home/airflow/.local/lib/python3.8/site-packages/airflow/example_dags/example_setup_teardown_taskflow.py
[2023-10-11T07:18:24.178+0000] {logging_mixin.py:151} INFO - [2023-10-11T07:18:24.178+0000] {dag.py:2915} INFO - Sync 1 DAGs
[2023-10-11T07:18:24.191+0000] {logging_mixin.py:151} INFO - [2023-10-11T07:18:24.191+0000] {dag.py:3696} INFO - Setting next_dagrun for example_setup_teardown_taskflow to 2023-10-10T07:18:24.191565+00:00, run_after=2023-10-11T07:18:24.191565+00:00
[2023-10-11T07:18:24.202+0000] {processor.py:179} INFO - Processing /home/airflow/.local/lib/python3.8/site-packages/airflow/example_dags/example_setup_teardown_taskflow.py took 0.050 seconds
[2023-10-11T07:18:55.360+0000] {processor.py:157} INFO - Started process (PID=238) to work on /home/airflow/.local/lib/python3.8/site-packages/airflow/example_dags/example_setup_teardown_taskflow.py
[2023-10-11T07:18:55.361+0000] {processor.py:829} INFO - Processing file /home/airflow/.local/lib/python3.8/site-packages/airflow/example_dags/example_setup_teardown_taskflow.py for tasks to queue
[2023-10-11T07:18:55.363+0000] {logging_mixin.py:151} INFO - [2023-10-11T07:18:55.362+0000] {dagbag.py:539} INFO - Filling up the DagBag from /home/airflow/.local/lib/python3.8/site-packages/airflow/example_dags/example_setup_teardown_taskflow.py
[2023-10-11T07:18:55.368+0000] {processor.py:839} INFO - DAG(s) dict_keys(['example_setup_teardown_taskflow']) retrieved from /home/airflow/.local/lib/python3.8/site-packages/airflow/example_dags/example_setup_teardown_taskflow.py
[2023-10-11T07:18:55.384+0000] {logging_mixin.py:151} INFO - [2023-10-11T07:18:55.384+0000] {dag.py:2915} INFO - Sync 1 DAGs
[2023-10-11T07:18:55.398+0000] {logging_mixin.py:151} INFO - [2023-10-11T07:18:55.398+0000] {dag.py:3696} INFO - Setting next_dagrun for example_setup_teardown_taskflow to 2023-10-10T07:18:55.398415+00:00, run_after=2023-10-11T07:18:55.398415+00:00
[2023-10-11T07:18:55.409+0000] {processor.py:179} INFO - Processing /home/airflow/.local/lib/python3.8/site-packages/airflow/example_dags/example_setup_teardown_taskflow.py took 0.051 seconds
[2023-10-11T07:19:26.519+0000] {processor.py:157} INFO - Started process (PID=297) to work on /home/airflow/.local/lib/python3.8/site-packages/airflow/example_dags/example_setup_teardown_taskflow.py
[2023-10-11T07:19:26.519+0000] {processor.py:829} INFO - Processing file /home/airflow/.local/lib/python3.8/site-packages/airflow/example_dags/example_setup_teardown_taskflow.py for tasks to queue
[2023-10-11T07:19:26.521+0000] {logging_mixin.py:151} INFO - [2023-10-11T07:19:26.520+0000] {dagbag.py:539} INFO - Filling up the DagBag from /home/airflow/.local/lib/python3.8/site-packages/airflow/example_dags/example_setup_teardown_taskflow.py
[2023-10-11T07:19:26.526+0000] {processor.py:839} INFO - DAG(s) dict_keys(['example_setup_teardown_taskflow']) retrieved from /home/airflow/.local/lib/python3.8/site-packages/airflow/example_dags/example_setup_teardown_taskflow.py
[2023-10-11T07:19:26.543+0000] {logging_mixin.py:151} INFO - [2023-10-11T07:19:26.543+0000] {dag.py:2915} INFO - Sync 1 DAGs
[2023-10-11T07:19:26.557+0000] {logging_mixin.py:151} INFO - [2023-10-11T07:19:26.557+0000] {dag.py:3696} INFO - Setting next_dagrun for example_setup_teardown_taskflow to 2023-10-10T07:19:26.557176+00:00, run_after=2023-10-11T07:19:26.557176+00:00
[2023-10-11T07:19:26.568+0000] {processor.py:179} INFO - Processing /home/airflow/.local/lib/python3.8/site-packages/airflow/example_dags/example_setup_teardown_taskflow.py took 0.051 seconds
[2023-10-11T07:19:57.839+0000] {processor.py:157} INFO - Started process (PID=356) to work on /home/airflow/.local/lib/python3.8/site-packages/airflow/example_dags/example_setup_teardown_taskflow.py
[2023-10-11T07:19:57.840+0000] {processor.py:829} INFO - Processing file /home/airflow/.local/lib/python3.8/site-packages/airflow/example_dags/example_setup_teardown_taskflow.py for tasks to queue
[2023-10-11T07:19:57.841+0000] {logging_mixin.py:151} INFO - [2023-10-11T07:19:57.841+0000] {dagbag.py:539} INFO - Filling up the DagBag from /home/airflow/.local/lib/python3.8/site-packages/airflow/example_dags/example_setup_teardown_taskflow.py
[2023-10-11T07:19:57.846+0000] {processor.py:839} INFO - DAG(s) dict_keys(['example_setup_teardown_taskflow']) retrieved from /home/airflow/.local/lib/python3.8/site-packages/airflow/example_dags/example_setup_teardown_taskflow.py
[2023-10-11T07:19:57.863+0000] {logging_mixin.py:151} INFO - [2023-10-11T07:19:57.863+0000] {dag.py:2915} INFO - Sync 1 DAGs
[2023-10-11T07:19:57.875+0000] {logging_mixin.py:151} INFO - [2023-10-11T07:19:57.875+0000] {dag.py:3696} INFO - Setting next_dagrun for example_setup_teardown_taskflow to 2023-10-10T07:19:57.875058+00:00, run_after=2023-10-11T07:19:57.875058+00:00
[2023-10-11T07:19:57.886+0000] {processor.py:179} INFO - Processing /home/airflow/.local/lib/python3.8/site-packages/airflow/example_dags/example_setup_teardown_taskflow.py took 0.048 seconds
[2023-10-11T07:20:28.154+0000] {processor.py:157} INFO - Started process (PID=415) to work on /home/airflow/.local/lib/python3.8/site-packages/airflow/example_dags/example_setup_teardown_taskflow.py
[2023-10-11T07:20:28.155+0000] {processor.py:829} INFO - Processing file /home/airflow/.local/lib/python3.8/site-packages/airflow/example_dags/example_setup_teardown_taskflow.py for tasks to queue
[2023-10-11T07:20:28.156+0000] {logging_mixin.py:151} INFO - [2023-10-11T07:20:28.156+0000] {dagbag.py:539} INFO - Filling up the DagBag from /home/airflow/.local/lib/python3.8/site-packages/airflow/example_dags/example_setup_teardown_taskflow.py
[2023-10-11T07:20:28.161+0000] {processor.py:839} INFO - DAG(s) dict_keys(['example_setup_teardown_taskflow']) retrieved from /home/airflow/.local/lib/python3.8/site-packages/airflow/example_dags/example_setup_teardown_taskflow.py
[2023-10-11T07:20:28.178+0000] {logging_mixin.py:151} INFO - [2023-10-11T07:20:28.178+0000] {dag.py:2915} INFO - Sync 1 DAGs
[2023-10-11T07:20:28.191+0000] {logging_mixin.py:151} INFO - [2023-10-11T07:20:28.191+0000] {dag.py:3696} INFO - Setting next_dagrun for example_setup_teardown_taskflow to 2023-10-10T07:20:28.191053+00:00, run_after=2023-10-11T07:20:28.191053+00:00
[2023-10-11T07:20:28.201+0000] {processor.py:179} INFO - Processing /home/airflow/.local/lib/python3.8/site-packages/airflow/example_dags/example_setup_teardown_taskflow.py took 0.050 seconds
[2023-10-11T07:20:58.535+0000] {processor.py:157} INFO - Started process (PID=475) to work on /home/airflow/.local/lib/python3.8/site-packages/airflow/example_dags/example_setup_teardown_taskflow.py
[2023-10-11T07:20:58.535+0000] {processor.py:829} INFO - Processing file /home/airflow/.local/lib/python3.8/site-packages/airflow/example_dags/example_setup_teardown_taskflow.py for tasks to queue
[2023-10-11T07:20:58.537+0000] {logging_mixin.py:151} INFO - [2023-10-11T07:20:58.537+0000] {dagbag.py:539} INFO - Filling up the DagBag from /home/airflow/.local/lib/python3.8/site-packages/airflow/example_dags/example_setup_teardown_taskflow.py
[2023-10-11T07:20:58.542+0000] {processor.py:839} INFO - DAG(s) dict_keys(['example_setup_teardown_taskflow']) retrieved from /home/airflow/.local/lib/python3.8/site-packages/airflow/example_dags/example_setup_teardown_taskflow.py
[2023-10-11T07:20:58.559+0000] {logging_mixin.py:151} INFO - [2023-10-11T07:20:58.559+0000] {dag.py:2915} INFO - Sync 1 DAGs
[2023-10-11T07:20:58.572+0000] {logging_mixin.py:151} INFO - [2023-10-11T07:20:58.572+0000] {dag.py:3696} INFO - Setting next_dagrun for example_setup_teardown_taskflow to 2023-10-10T07:20:58.572611+00:00, run_after=2023-10-11T07:20:58.572611+00:00
[2023-10-11T07:20:58.582+0000] {processor.py:179} INFO - Processing /home/airflow/.local/lib/python3.8/site-packages/airflow/example_dags/example_setup_teardown_taskflow.py took 0.050 seconds
[2023-10-11T07:21:29.095+0000] {processor.py:157} INFO - Started process (PID=534) to work on /home/airflow/.local/lib/python3.8/site-packages/airflow/example_dags/example_setup_teardown_taskflow.py
[2023-10-11T07:21:29.096+0000] {processor.py:829} INFO - Processing file /home/airflow/.local/lib/python3.8/site-packages/airflow/example_dags/example_setup_teardown_taskflow.py for tasks to queue
[2023-10-11T07:21:29.098+0000] {logging_mixin.py:151} INFO - [2023-10-11T07:21:29.098+0000] {dagbag.py:539} INFO - Filling up the DagBag from /home/airflow/.local/lib/python3.8/site-packages/airflow/example_dags/example_setup_teardown_taskflow.py
[2023-10-11T07:21:29.103+0000] {processor.py:839} INFO - DAG(s) dict_keys(['example_setup_teardown_taskflow']) retrieved from /home/airflow/.local/lib/python3.8/site-packages/airflow/example_dags/example_setup_teardown_taskflow.py
[2023-10-11T07:21:29.123+0000] {logging_mixin.py:151} INFO - [2023-10-11T07:21:29.123+0000] {dag.py:2915} INFO - Sync 1 DAGs
[2023-10-11T07:21:29.138+0000] {logging_mixin.py:151} INFO - [2023-10-11T07:21:29.138+0000] {dag.py:3696} INFO - Setting next_dagrun for example_setup_teardown_taskflow to 2023-10-10T07:21:29.138069+00:00, run_after=2023-10-11T07:21:29.138069+00:00
[2023-10-11T07:21:29.147+0000] {processor.py:179} INFO - Processing /home/airflow/.local/lib/python3.8/site-packages/airflow/example_dags/example_setup_teardown_taskflow.py took 0.054 seconds
[2023-10-11T07:21:59.607+0000] {processor.py:157} INFO - Started process (PID=593) to work on /home/airflow/.local/lib/python3.8/site-packages/airflow/example_dags/example_setup_teardown_taskflow.py
[2023-10-11T07:21:59.608+0000] {processor.py:829} INFO - Processing file /home/airflow/.local/lib/python3.8/site-packages/airflow/example_dags/example_setup_teardown_taskflow.py for tasks to queue
[2023-10-11T07:21:59.609+0000] {logging_mixin.py:151} INFO - [2023-10-11T07:21:59.609+0000] {dagbag.py:539} INFO - Filling up the DagBag from /home/airflow/.local/lib/python3.8/site-packages/airflow/example_dags/example_setup_teardown_taskflow.py
[2023-10-11T07:21:59.620+0000] {processor.py:839} INFO - DAG(s) dict_keys(['example_setup_teardown_taskflow']) retrieved from /home/airflow/.local/lib/python3.8/site-packages/airflow/example_dags/example_setup_teardown_taskflow.py
[2023-10-11T07:21:59.639+0000] {logging_mixin.py:151} INFO - [2023-10-11T07:21:59.638+0000] {dag.py:2915} INFO - Sync 1 DAGs
[2023-10-11T07:21:59.652+0000] {logging_mixin.py:151} INFO - [2023-10-11T07:21:59.652+0000] {dag.py:3696} INFO - Setting next_dagrun for example_setup_teardown_taskflow to 2023-10-10T07:21:59.652053+00:00, run_after=2023-10-11T07:21:59.652053+00:00
[2023-10-11T07:21:59.662+0000] {processor.py:179} INFO - Processing /home/airflow/.local/lib/python3.8/site-packages/airflow/example_dags/example_setup_teardown_taskflow.py took 0.057 seconds
[2023-10-11T07:22:29.700+0000] {processor.py:157} INFO - Started process (PID=648) to work on /home/airflow/.local/lib/python3.8/site-packages/airflow/example_dags/example_setup_teardown_taskflow.py
[2023-10-11T07:22:29.701+0000] {processor.py:829} INFO - Processing file /home/airflow/.local/lib/python3.8/site-packages/airflow/example_dags/example_setup_teardown_taskflow.py for tasks to queue
[2023-10-11T07:22:29.702+0000] {logging_mixin.py:151} INFO - [2023-10-11T07:22:29.702+0000] {dagbag.py:539} INFO - Filling up the DagBag from /home/airflow/.local/lib/python3.8/site-packages/airflow/example_dags/example_setup_teardown_taskflow.py
[2023-10-11T07:22:29.707+0000] {processor.py:839} INFO - DAG(s) dict_keys(['example_setup_teardown_taskflow']) retrieved from /home/airflow/.local/lib/python3.8/site-packages/airflow/example_dags/example_setup_teardown_taskflow.py
[2023-10-11T07:22:29.724+0000] {logging_mixin.py:151} INFO - [2023-10-11T07:22:29.724+0000] {dag.py:2915} INFO - Sync 1 DAGs
[2023-10-11T07:22:29.738+0000] {logging_mixin.py:151} INFO - [2023-10-11T07:22:29.738+0000] {dag.py:3696} INFO - Setting next_dagrun for example_setup_teardown_taskflow to 2023-10-10T07:22:29.738399+00:00, run_after=2023-10-11T07:22:29.738399+00:00
[2023-10-11T07:22:29.748+0000] {processor.py:179} INFO - Processing /home/airflow/.local/lib/python3.8/site-packages/airflow/example_dags/example_setup_teardown_taskflow.py took 0.050 seconds
[2023-10-11T07:23:00.108+0000] {processor.py:157} INFO - Started process (PID=705) to work on /home/airflow/.local/lib/python3.8/site-packages/airflow/example_dags/example_setup_teardown_taskflow.py
[2023-10-11T07:23:00.109+0000] {processor.py:829} INFO - Processing file /home/airflow/.local/lib/python3.8/site-packages/airflow/example_dags/example_setup_teardown_taskflow.py for tasks to queue
[2023-10-11T07:23:00.110+0000] {logging_mixin.py:151} INFO - [2023-10-11T07:23:00.110+0000] {dagbag.py:539} INFO - Filling up the DagBag from /home/airflow/.local/lib/python3.8/site-packages/airflow/example_dags/example_setup_teardown_taskflow.py
[2023-10-11T07:23:00.115+0000] {processor.py:839} INFO - DAG(s) dict_keys(['example_setup_teardown_taskflow']) retrieved from /home/airflow/.local/lib/python3.8/site-packages/airflow/example_dags/example_setup_teardown_taskflow.py
[2023-10-11T07:23:00.132+0000] {logging_mixin.py:151} INFO - [2023-10-11T07:23:00.132+0000] {dag.py:2915} INFO - Sync 1 DAGs
[2023-10-11T07:23:00.147+0000] {logging_mixin.py:151} INFO - [2023-10-11T07:23:00.146+0000] {dag.py:3696} INFO - Setting next_dagrun for example_setup_teardown_taskflow to 2023-10-10T07:23:00.146734+00:00, run_after=2023-10-11T07:23:00.146734+00:00
[2023-10-11T07:23:00.159+0000] {processor.py:179} INFO - Processing /home/airflow/.local/lib/python3.8/site-packages/airflow/example_dags/example_setup_teardown_taskflow.py took 0.053 seconds
[2023-10-11T07:23:30.441+0000] {processor.py:157} INFO - Started process (PID=764) to work on /home/airflow/.local/lib/python3.8/site-packages/airflow/example_dags/example_setup_teardown_taskflow.py
[2023-10-11T07:23:30.442+0000] {processor.py:829} INFO - Processing file /home/airflow/.local/lib/python3.8/site-packages/airflow/example_dags/example_setup_teardown_taskflow.py for tasks to queue
[2023-10-11T07:23:30.444+0000] {logging_mixin.py:151} INFO - [2023-10-11T07:23:30.444+0000] {dagbag.py:539} INFO - Filling up the DagBag from /home/airflow/.local/lib/python3.8/site-packages/airflow/example_dags/example_setup_teardown_taskflow.py
[2023-10-11T07:23:30.449+0000] {processor.py:839} INFO - DAG(s) dict_keys(['example_setup_teardown_taskflow']) retrieved from /home/airflow/.local/lib/python3.8/site-packages/airflow/example_dags/example_setup_teardown_taskflow.py
[2023-10-11T07:23:30.466+0000] {logging_mixin.py:151} INFO - [2023-10-11T07:23:30.466+0000] {dag.py:2915} INFO - Sync 1 DAGs
[2023-10-11T07:23:30.485+0000] {logging_mixin.py:151} INFO - [2023-10-11T07:23:30.485+0000] {dag.py:3696} INFO - Setting next_dagrun for example_setup_teardown_taskflow to 2023-10-10T07:23:30.485268+00:00, run_after=2023-10-11T07:23:30.485268+00:00
[2023-10-11T07:23:30.499+0000] {processor.py:179} INFO - Processing /home/airflow/.local/lib/python3.8/site-packages/airflow/example_dags/example_setup_teardown_taskflow.py took 0.060 seconds
[2023-10-11T07:24:01.003+0000] {processor.py:157} INFO - Started process (PID=823) to work on /home/airflow/.local/lib/python3.8/site-packages/airflow/example_dags/example_setup_teardown_taskflow.py
[2023-10-11T07:24:01.003+0000] {processor.py:829} INFO - Processing file /home/airflow/.local/lib/python3.8/site-packages/airflow/example_dags/example_setup_teardown_taskflow.py for tasks to queue
[2023-10-11T07:24:01.005+0000] {logging_mixin.py:151} INFO - [2023-10-11T07:24:01.005+0000] {dagbag.py:539} INFO - Filling up the DagBag from /home/airflow/.local/lib/python3.8/site-packages/airflow/example_dags/example_setup_teardown_taskflow.py
[2023-10-11T07:24:01.010+0000] {processor.py:839} INFO - DAG(s) dict_keys(['example_setup_teardown_taskflow']) retrieved from /home/airflow/.local/lib/python3.8/site-packages/airflow/example_dags/example_setup_teardown_taskflow.py
[2023-10-11T07:24:01.027+0000] {logging_mixin.py:151} INFO - [2023-10-11T07:24:01.027+0000] {dag.py:2915} INFO - Sync 1 DAGs
[2023-10-11T07:24:01.039+0000] {logging_mixin.py:151} INFO - [2023-10-11T07:24:01.039+0000] {dag.py:3696} INFO - Setting next_dagrun for example_setup_teardown_taskflow to 2023-10-10T07:24:01.039577+00:00, run_after=2023-10-11T07:24:01.039577+00:00
[2023-10-11T07:24:01.049+0000] {processor.py:179} INFO - Processing /home/airflow/.local/lib/python3.8/site-packages/airflow/example_dags/example_setup_teardown_taskflow.py took 0.049 seconds
[2023-10-11T07:24:31.149+0000] {processor.py:157} INFO - Started process (PID=882) to work on /home/airflow/.local/lib/python3.8/site-packages/airflow/example_dags/example_setup_teardown_taskflow.py
[2023-10-11T07:24:31.150+0000] {processor.py:829} INFO - Processing file /home/airflow/.local/lib/python3.8/site-packages/airflow/example_dags/example_setup_teardown_taskflow.py for tasks to queue
[2023-10-11T07:24:31.152+0000] {logging_mixin.py:151} INFO - [2023-10-11T07:24:31.152+0000] {dagbag.py:539} INFO - Filling up the DagBag from /home/airflow/.local/lib/python3.8/site-packages/airflow/example_dags/example_setup_teardown_taskflow.py
[2023-10-11T07:24:31.157+0000] {processor.py:839} INFO - DAG(s) dict_keys(['example_setup_teardown_taskflow']) retrieved from /home/airflow/.local/lib/python3.8/site-packages/airflow/example_dags/example_setup_teardown_taskflow.py
[2023-10-11T07:24:31.174+0000] {logging_mixin.py:151} INFO - [2023-10-11T07:24:31.174+0000] {dag.py:2915} INFO - Sync 1 DAGs
[2023-10-11T07:24:31.188+0000] {logging_mixin.py:151} INFO - [2023-10-11T07:24:31.188+0000] {dag.py:3696} INFO - Setting next_dagrun for example_setup_teardown_taskflow to 2023-10-10T07:24:31.188033+00:00, run_after=2023-10-11T07:24:31.188033+00:00
[2023-10-11T07:24:31.198+0000] {processor.py:179} INFO - Processing /home/airflow/.local/lib/python3.8/site-packages/airflow/example_dags/example_setup_teardown_taskflow.py took 0.051 seconds
[2023-10-11T07:25:02.427+0000] {processor.py:157} INFO - Started process (PID=941) to work on /home/airflow/.local/lib/python3.8/site-packages/airflow/example_dags/example_setup_teardown_taskflow.py
[2023-10-11T07:25:02.428+0000] {processor.py:829} INFO - Processing file /home/airflow/.local/lib/python3.8/site-packages/airflow/example_dags/example_setup_teardown_taskflow.py for tasks to queue
[2023-10-11T07:25:02.429+0000] {logging_mixin.py:151} INFO - [2023-10-11T07:25:02.429+0000] {dagbag.py:539} INFO - Filling up the DagBag from /home/airflow/.local/lib/python3.8/site-packages/airflow/example_dags/example_setup_teardown_taskflow.py
[2023-10-11T07:25:02.435+0000] {processor.py:839} INFO - DAG(s) dict_keys(['example_setup_teardown_taskflow']) retrieved from /home/airflow/.local/lib/python3.8/site-packages/airflow/example_dags/example_setup_teardown_taskflow.py
[2023-10-11T07:25:02.451+0000] {logging_mixin.py:151} INFO - [2023-10-11T07:25:02.451+0000] {dag.py:2915} INFO - Sync 1 DAGs
[2023-10-11T07:25:02.465+0000] {logging_mixin.py:151} INFO - [2023-10-11T07:25:02.465+0000] {dag.py:3696} INFO - Setting next_dagrun for example_setup_teardown_taskflow to 2023-10-10T07:25:02.464904+00:00, run_after=2023-10-11T07:25:02.464904+00:00
[2023-10-11T07:25:02.475+0000] {processor.py:179} INFO - Processing /home/airflow/.local/lib/python3.8/site-packages/airflow/example_dags/example_setup_teardown_taskflow.py took 0.050 seconds
[2023-10-11T07:25:33.562+0000] {processor.py:157} INFO - Started process (PID=1000) to work on /home/airflow/.local/lib/python3.8/site-packages/airflow/example_dags/example_setup_teardown_taskflow.py
[2023-10-11T07:25:33.563+0000] {processor.py:829} INFO - Processing file /home/airflow/.local/lib/python3.8/site-packages/airflow/example_dags/example_setup_teardown_taskflow.py for tasks to queue
[2023-10-11T07:25:33.565+0000] {logging_mixin.py:151} INFO - [2023-10-11T07:25:33.565+0000] {dagbag.py:539} INFO - Filling up the DagBag from /home/airflow/.local/lib/python3.8/site-packages/airflow/example_dags/example_setup_teardown_taskflow.py
[2023-10-11T07:25:33.570+0000] {processor.py:839} INFO - DAG(s) dict_keys(['example_setup_teardown_taskflow']) retrieved from /home/airflow/.local/lib/python3.8/site-packages/airflow/example_dags/example_setup_teardown_taskflow.py
[2023-10-11T07:25:33.588+0000] {logging_mixin.py:151} INFO - [2023-10-11T07:25:33.587+0000] {dag.py:2915} INFO - Sync 1 DAGs
[2023-10-11T07:25:33.602+0000] {logging_mixin.py:151} INFO - [2023-10-11T07:25:33.602+0000] {dag.py:3696} INFO - Setting next_dagrun for example_setup_teardown_taskflow to 2023-10-10T07:25:33.602094+00:00, run_after=2023-10-11T07:25:33.602094+00:00
[2023-10-11T07:25:33.612+0000] {processor.py:179} INFO - Processing /home/airflow/.local/lib/python3.8/site-packages/airflow/example_dags/example_setup_teardown_taskflow.py took 0.051 seconds
[2023-10-11T07:26:04.682+0000] {processor.py:157} INFO - Started process (PID=1059) to work on /home/airflow/.local/lib/python3.8/site-packages/airflow/example_dags/example_setup_teardown_taskflow.py
[2023-10-11T07:26:04.683+0000] {processor.py:829} INFO - Processing file /home/airflow/.local/lib/python3.8/site-packages/airflow/example_dags/example_setup_teardown_taskflow.py for tasks to queue
[2023-10-11T07:26:04.684+0000] {logging_mixin.py:151} INFO - [2023-10-11T07:26:04.684+0000] {dagbag.py:539} INFO - Filling up the DagBag from /home/airflow/.local/lib/python3.8/site-packages/airflow/example_dags/example_setup_teardown_taskflow.py
[2023-10-11T07:26:04.690+0000] {processor.py:839} INFO - DAG(s) dict_keys(['example_setup_teardown_taskflow']) retrieved from /home/airflow/.local/lib/python3.8/site-packages/airflow/example_dags/example_setup_teardown_taskflow.py
[2023-10-11T07:26:04.707+0000] {logging_mixin.py:151} INFO - [2023-10-11T07:26:04.706+0000] {dag.py:2915} INFO - Sync 1 DAGs
[2023-10-11T07:26:04.721+0000] {logging_mixin.py:151} INFO - [2023-10-11T07:26:04.721+0000] {dag.py:3696} INFO - Setting next_dagrun for example_setup_teardown_taskflow to 2023-10-10T07:26:04.721164+00:00, run_after=2023-10-11T07:26:04.721164+00:00
[2023-10-11T07:26:04.731+0000] {processor.py:179} INFO - Processing /home/airflow/.local/lib/python3.8/site-packages/airflow/example_dags/example_setup_teardown_taskflow.py took 0.051 seconds
[2023-10-11T07:26:35.787+0000] {processor.py:157} INFO - Started process (PID=1118) to work on /home/airflow/.local/lib/python3.8/site-packages/airflow/example_dags/example_setup_teardown_taskflow.py
[2023-10-11T07:26:35.787+0000] {processor.py:829} INFO - Processing file /home/airflow/.local/lib/python3.8/site-packages/airflow/example_dags/example_setup_teardown_taskflow.py for tasks to queue
[2023-10-11T07:26:35.789+0000] {logging_mixin.py:151} INFO - [2023-10-11T07:26:35.789+0000] {dagbag.py:539} INFO - Filling up the DagBag from /home/airflow/.local/lib/python3.8/site-packages/airflow/example_dags/example_setup_teardown_taskflow.py
[2023-10-11T07:26:35.794+0000] {processor.py:839} INFO - DAG(s) dict_keys(['example_setup_teardown_taskflow']) retrieved from /home/airflow/.local/lib/python3.8/site-packages/airflow/example_dags/example_setup_teardown_taskflow.py
[2023-10-11T07:26:35.811+0000] {logging_mixin.py:151} INFO - [2023-10-11T07:26:35.811+0000] {dag.py:2915} INFO - Sync 1 DAGs
[2023-10-11T07:26:35.824+0000] {logging_mixin.py:151} INFO - [2023-10-11T07:26:35.824+0000] {dag.py:3696} INFO - Setting next_dagrun for example_setup_teardown_taskflow to 2023-10-10T07:26:35.824698+00:00, run_after=2023-10-11T07:26:35.824698+00:00
[2023-10-11T07:26:35.835+0000] {processor.py:179} INFO - Processing /home/airflow/.local/lib/python3.8/site-packages/airflow/example_dags/example_setup_teardown_taskflow.py took 0.050 seconds
[2023-10-11T07:27:06.233+0000] {processor.py:157} INFO - Started process (PID=1177) to work on /home/airflow/.local/lib/python3.8/site-packages/airflow/example_dags/example_setup_teardown_taskflow.py
[2023-10-11T07:27:06.234+0000] {processor.py:829} INFO - Processing file /home/airflow/.local/lib/python3.8/site-packages/airflow/example_dags/example_setup_teardown_taskflow.py for tasks to queue
[2023-10-11T07:27:06.235+0000] {logging_mixin.py:151} INFO - [2023-10-11T07:27:06.235+0000] {dagbag.py:539} INFO - Filling up the DagBag from /home/airflow/.local/lib/python3.8/site-packages/airflow/example_dags/example_setup_teardown_taskflow.py
[2023-10-11T07:27:06.240+0000] {processor.py:839} INFO - DAG(s) dict_keys(['example_setup_teardown_taskflow']) retrieved from /home/airflow/.local/lib/python3.8/site-packages/airflow/example_dags/example_setup_teardown_taskflow.py
[2023-10-11T07:27:06.255+0000] {logging_mixin.py:151} INFO - [2023-10-11T07:27:06.255+0000] {dag.py:2915} INFO - Sync 1 DAGs
[2023-10-11T07:27:06.268+0000] {logging_mixin.py:151} INFO - [2023-10-11T07:27:06.268+0000] {dag.py:3696} INFO - Setting next_dagrun for example_setup_teardown_taskflow to 2023-10-10T07:27:06.267915+00:00, run_after=2023-10-11T07:27:06.267915+00:00
[2023-10-11T07:27:06.277+0000] {processor.py:179} INFO - Processing /home/airflow/.local/lib/python3.8/site-packages/airflow/example_dags/example_setup_teardown_taskflow.py took 0.046 seconds
[2023-10-11T07:27:36.960+0000] {processor.py:157} INFO - Started process (PID=1236) to work on /home/airflow/.local/lib/python3.8/site-packages/airflow/example_dags/example_setup_teardown_taskflow.py
[2023-10-11T07:27:36.961+0000] {processor.py:829} INFO - Processing file /home/airflow/.local/lib/python3.8/site-packages/airflow/example_dags/example_setup_teardown_taskflow.py for tasks to queue
[2023-10-11T07:27:36.962+0000] {logging_mixin.py:151} INFO - [2023-10-11T07:27:36.962+0000] {dagbag.py:539} INFO - Filling up the DagBag from /home/airflow/.local/lib/python3.8/site-packages/airflow/example_dags/example_setup_teardown_taskflow.py
[2023-10-11T07:27:36.967+0000] {processor.py:839} INFO - DAG(s) dict_keys(['example_setup_teardown_taskflow']) retrieved from /home/airflow/.local/lib/python3.8/site-packages/airflow/example_dags/example_setup_teardown_taskflow.py
[2023-10-11T07:27:36.984+0000] {logging_mixin.py:151} INFO - [2023-10-11T07:27:36.984+0000] {dag.py:2915} INFO - Sync 1 DAGs
[2023-10-11T07:27:36.998+0000] {logging_mixin.py:151} INFO - [2023-10-11T07:27:36.998+0000] {dag.py:3696} INFO - Setting next_dagrun for example_setup_teardown_taskflow to 2023-10-10T07:27:36.998174+00:00, run_after=2023-10-11T07:27:36.998174+00:00
[2023-10-11T07:27:37.009+0000] {processor.py:179} INFO - Processing /home/airflow/.local/lib/python3.8/site-packages/airflow/example_dags/example_setup_teardown_taskflow.py took 0.052 seconds
[2023-10-11T07:28:08.091+0000] {processor.py:157} INFO - Started process (PID=1295) to work on /home/airflow/.local/lib/python3.8/site-packages/airflow/example_dags/example_setup_teardown_taskflow.py
[2023-10-11T07:28:08.092+0000] {processor.py:829} INFO - Processing file /home/airflow/.local/lib/python3.8/site-packages/airflow/example_dags/example_setup_teardown_taskflow.py for tasks to queue
[2023-10-11T07:28:08.094+0000] {logging_mixin.py:151} INFO - [2023-10-11T07:28:08.093+0000] {dagbag.py:539} INFO - Filling up the DagBag from /home/airflow/.local/lib/python3.8/site-packages/airflow/example_dags/example_setup_teardown_taskflow.py
[2023-10-11T07:28:08.099+0000] {processor.py:839} INFO - DAG(s) dict_keys(['example_setup_teardown_taskflow']) retrieved from /home/airflow/.local/lib/python3.8/site-packages/airflow/example_dags/example_setup_teardown_taskflow.py
[2023-10-11T07:28:08.115+0000] {logging_mixin.py:151} INFO - [2023-10-11T07:28:08.115+0000] {dag.py:2915} INFO - Sync 1 DAGs
[2023-10-11T07:28:08.129+0000] {logging_mixin.py:151} INFO - [2023-10-11T07:28:08.129+0000] {dag.py:3696} INFO - Setting next_dagrun for example_setup_teardown_taskflow to 2023-10-10T07:28:08.129208+00:00, run_after=2023-10-11T07:28:08.129208+00:00
[2023-10-11T07:28:08.139+0000] {processor.py:179} INFO - Processing /home/airflow/.local/lib/python3.8/site-packages/airflow/example_dags/example_setup_teardown_taskflow.py took 0.050 seconds
[2023-10-11T07:28:38.568+0000] {processor.py:157} INFO - Started process (PID=1354) to work on /home/airflow/.local/lib/python3.8/site-packages/airflow/example_dags/example_setup_teardown_taskflow.py
[2023-10-11T07:28:38.569+0000] {processor.py:829} INFO - Processing file /home/airflow/.local/lib/python3.8/site-packages/airflow/example_dags/example_setup_teardown_taskflow.py for tasks to queue
[2023-10-11T07:28:38.570+0000] {logging_mixin.py:151} INFO - [2023-10-11T07:28:38.570+0000] {dagbag.py:539} INFO - Filling up the DagBag from /home/airflow/.local/lib/python3.8/site-packages/airflow/example_dags/example_setup_teardown_taskflow.py
[2023-10-11T07:28:38.575+0000] {processor.py:839} INFO - DAG(s) dict_keys(['example_setup_teardown_taskflow']) retrieved from /home/airflow/.local/lib/python3.8/site-packages/airflow/example_dags/example_setup_teardown_taskflow.py
[2023-10-11T07:28:38.591+0000] {logging_mixin.py:151} INFO - [2023-10-11T07:28:38.591+0000] {dag.py:2915} INFO - Sync 1 DAGs
[2023-10-11T07:28:38.605+0000] {logging_mixin.py:151} INFO - [2023-10-11T07:28:38.605+0000] {dag.py:3696} INFO - Setting next_dagrun for example_setup_teardown_taskflow to 2023-10-10T07:28:38.604971+00:00, run_after=2023-10-11T07:28:38.604971+00:00
[2023-10-11T07:28:38.615+0000] {processor.py:179} INFO - Processing /home/airflow/.local/lib/python3.8/site-packages/airflow/example_dags/example_setup_teardown_taskflow.py took 0.050 seconds
[2023-10-11T07:29:09.744+0000] {processor.py:157} INFO - Started process (PID=1413) to work on /home/airflow/.local/lib/python3.8/site-packages/airflow/example_dags/example_setup_teardown_taskflow.py
[2023-10-11T07:29:09.745+0000] {processor.py:829} INFO - Processing file /home/airflow/.local/lib/python3.8/site-packages/airflow/example_dags/example_setup_teardown_taskflow.py for tasks to queue
[2023-10-11T07:29:09.747+0000] {logging_mixin.py:151} INFO - [2023-10-11T07:29:09.746+0000] {dagbag.py:539} INFO - Filling up the DagBag from /home/airflow/.local/lib/python3.8/site-packages/airflow/example_dags/example_setup_teardown_taskflow.py
[2023-10-11T07:29:09.752+0000] {processor.py:839} INFO - DAG(s) dict_keys(['example_setup_teardown_taskflow']) retrieved from /home/airflow/.local/lib/python3.8/site-packages/airflow/example_dags/example_setup_teardown_taskflow.py
[2023-10-11T07:29:09.768+0000] {logging_mixin.py:151} INFO - [2023-10-11T07:29:09.768+0000] {dag.py:2915} INFO - Sync 1 DAGs
[2023-10-11T07:29:09.782+0000] {logging_mixin.py:151} INFO - [2023-10-11T07:29:09.782+0000] {dag.py:3696} INFO - Setting next_dagrun for example_setup_teardown_taskflow to 2023-10-10T07:29:09.782520+00:00, run_after=2023-10-11T07:29:09.782520+00:00
[2023-10-11T07:29:09.793+0000] {processor.py:179} INFO - Processing /home/airflow/.local/lib/python3.8/site-packages/airflow/example_dags/example_setup_teardown_taskflow.py took 0.050 seconds
[2023-10-11T07:29:40.697+0000] {processor.py:157} INFO - Started process (PID=1472) to work on /home/airflow/.local/lib/python3.8/site-packages/airflow/example_dags/example_setup_teardown_taskflow.py
[2023-10-11T07:29:40.698+0000] {processor.py:829} INFO - Processing file /home/airflow/.local/lib/python3.8/site-packages/airflow/example_dags/example_setup_teardown_taskflow.py for tasks to queue
[2023-10-11T07:29:40.699+0000] {logging_mixin.py:151} INFO - [2023-10-11T07:29:40.699+0000] {dagbag.py:539} INFO - Filling up the DagBag from /home/airflow/.local/lib/python3.8/site-packages/airflow/example_dags/example_setup_teardown_taskflow.py
[2023-10-11T07:29:40.705+0000] {processor.py:839} INFO - DAG(s) dict_keys(['example_setup_teardown_taskflow']) retrieved from /home/airflow/.local/lib/python3.8/site-packages/airflow/example_dags/example_setup_teardown_taskflow.py
[2023-10-11T07:29:40.725+0000] {logging_mixin.py:151} INFO - [2023-10-11T07:29:40.725+0000] {dag.py:2915} INFO - Sync 1 DAGs
[2023-10-11T07:29:40.741+0000] {logging_mixin.py:151} INFO - [2023-10-11T07:29:40.741+0000] {dag.py:3696} INFO - Setting next_dagrun for example_setup_teardown_taskflow to 2023-10-10T07:29:40.740930+00:00, run_after=2023-10-11T07:29:40.740930+00:00
[2023-10-11T07:29:40.751+0000] {processor.py:179} INFO - Processing /home/airflow/.local/lib/python3.8/site-packages/airflow/example_dags/example_setup_teardown_taskflow.py took 0.057 seconds
[2023-10-11T07:30:11.693+0000] {processor.py:157} INFO - Started process (PID=1531) to work on /home/airflow/.local/lib/python3.8/site-packages/airflow/example_dags/example_setup_teardown_taskflow.py
[2023-10-11T07:30:11.694+0000] {processor.py:829} INFO - Processing file /home/airflow/.local/lib/python3.8/site-packages/airflow/example_dags/example_setup_teardown_taskflow.py for tasks to queue
[2023-10-11T07:30:11.696+0000] {logging_mixin.py:151} INFO - [2023-10-11T07:30:11.696+0000] {dagbag.py:539} INFO - Filling up the DagBag from /home/airflow/.local/lib/python3.8/site-packages/airflow/example_dags/example_setup_teardown_taskflow.py
[2023-10-11T07:30:11.705+0000] {processor.py:839} INFO - DAG(s) dict_keys(['example_setup_teardown_taskflow']) retrieved from /home/airflow/.local/lib/python3.8/site-packages/airflow/example_dags/example_setup_teardown_taskflow.py
[2023-10-11T07:30:11.726+0000] {logging_mixin.py:151} INFO - [2023-10-11T07:30:11.726+0000] {dag.py:2915} INFO - Sync 1 DAGs
[2023-10-11T07:30:11.743+0000] {logging_mixin.py:151} INFO - [2023-10-11T07:30:11.743+0000] {dag.py:3696} INFO - Setting next_dagrun for example_setup_teardown_taskflow to 2023-10-10T07:30:11.742911+00:00, run_after=2023-10-11T07:30:11.742911+00:00
[2023-10-11T07:30:11.755+0000] {processor.py:179} INFO - Processing /home/airflow/.local/lib/python3.8/site-packages/airflow/example_dags/example_setup_teardown_taskflow.py took 0.065 seconds
[2023-10-11T07:30:41.905+0000] {processor.py:157} INFO - Started process (PID=1589) to work on /home/airflow/.local/lib/python3.8/site-packages/airflow/example_dags/example_setup_teardown_taskflow.py
[2023-10-11T07:30:41.906+0000] {processor.py:829} INFO - Processing file /home/airflow/.local/lib/python3.8/site-packages/airflow/example_dags/example_setup_teardown_taskflow.py for tasks to queue
[2023-10-11T07:30:41.908+0000] {logging_mixin.py:151} INFO - [2023-10-11T07:30:41.907+0000] {dagbag.py:539} INFO - Filling up the DagBag from /home/airflow/.local/lib/python3.8/site-packages/airflow/example_dags/example_setup_teardown_taskflow.py
[2023-10-11T07:30:41.914+0000] {processor.py:839} INFO - DAG(s) dict_keys(['example_setup_teardown_taskflow']) retrieved from /home/airflow/.local/lib/python3.8/site-packages/airflow/example_dags/example_setup_teardown_taskflow.py
[2023-10-11T07:30:41.932+0000] {logging_mixin.py:151} INFO - [2023-10-11T07:30:41.932+0000] {dag.py:2915} INFO - Sync 1 DAGs
[2023-10-11T07:30:41.946+0000] {logging_mixin.py:151} INFO - [2023-10-11T07:30:41.946+0000] {dag.py:3696} INFO - Setting next_dagrun for example_setup_teardown_taskflow to 2023-10-10T07:30:41.946677+00:00, run_after=2023-10-11T07:30:41.946677+00:00
[2023-10-11T07:30:41.957+0000] {processor.py:179} INFO - Processing /home/airflow/.local/lib/python3.8/site-packages/airflow/example_dags/example_setup_teardown_taskflow.py took 0.055 seconds
[2023-10-11T07:31:12.191+0000] {processor.py:157} INFO - Started process (PID=1654) to work on /home/airflow/.local/lib/python3.8/site-packages/airflow/example_dags/example_setup_teardown_taskflow.py
[2023-10-11T07:31:12.192+0000] {processor.py:829} INFO - Processing file /home/airflow/.local/lib/python3.8/site-packages/airflow/example_dags/example_setup_teardown_taskflow.py for tasks to queue
[2023-10-11T07:31:12.194+0000] {logging_mixin.py:151} INFO - [2023-10-11T07:31:12.193+0000] {dagbag.py:539} INFO - Filling up the DagBag from /home/airflow/.local/lib/python3.8/site-packages/airflow/example_dags/example_setup_teardown_taskflow.py
[2023-10-11T07:31:12.200+0000] {processor.py:839} INFO - DAG(s) dict_keys(['example_setup_teardown_taskflow']) retrieved from /home/airflow/.local/lib/python3.8/site-packages/airflow/example_dags/example_setup_teardown_taskflow.py
[2023-10-11T07:31:12.218+0000] {logging_mixin.py:151} INFO - [2023-10-11T07:31:12.218+0000] {dag.py:2915} INFO - Sync 1 DAGs
[2023-10-11T07:31:12.232+0000] {logging_mixin.py:151} INFO - [2023-10-11T07:31:12.232+0000] {dag.py:3696} INFO - Setting next_dagrun for example_setup_teardown_taskflow to 2023-10-10T07:31:12.232284+00:00, run_after=2023-10-11T07:31:12.232284+00:00
[2023-10-11T07:31:12.242+0000] {processor.py:179} INFO - Processing /home/airflow/.local/lib/python3.8/site-packages/airflow/example_dags/example_setup_teardown_taskflow.py took 0.053 seconds
[2023-10-11T07:31:42.458+0000] {processor.py:157} INFO - Started process (PID=1713) to work on /home/airflow/.local/lib/python3.8/site-packages/airflow/example_dags/example_setup_teardown_taskflow.py
[2023-10-11T07:31:42.459+0000] {processor.py:829} INFO - Processing file /home/airflow/.local/lib/python3.8/site-packages/airflow/example_dags/example_setup_teardown_taskflow.py for tasks to queue
[2023-10-11T07:31:42.461+0000] {logging_mixin.py:151} INFO - [2023-10-11T07:31:42.461+0000] {dagbag.py:539} INFO - Filling up the DagBag from /home/airflow/.local/lib/python3.8/site-packages/airflow/example_dags/example_setup_teardown_taskflow.py
[2023-10-11T07:31:42.466+0000] {processor.py:839} INFO - DAG(s) dict_keys(['example_setup_teardown_taskflow']) retrieved from /home/airflow/.local/lib/python3.8/site-packages/airflow/example_dags/example_setup_teardown_taskflow.py
[2023-10-11T07:31:42.483+0000] {logging_mixin.py:151} INFO - [2023-10-11T07:31:42.483+0000] {dag.py:2915} INFO - Sync 1 DAGs
[2023-10-11T07:31:42.498+0000] {logging_mixin.py:151} INFO - [2023-10-11T07:31:42.498+0000] {dag.py:3696} INFO - Setting next_dagrun for example_setup_teardown_taskflow to 2023-10-10T07:31:42.498136+00:00, run_after=2023-10-11T07:31:42.498136+00:00
[2023-10-11T07:31:42.508+0000] {processor.py:179} INFO - Processing /home/airflow/.local/lib/python3.8/site-packages/airflow/example_dags/example_setup_teardown_taskflow.py took 0.051 seconds
[2023-10-11T07:32:13.624+0000] {processor.py:157} INFO - Started process (PID=1772) to work on /home/airflow/.local/lib/python3.8/site-packages/airflow/example_dags/example_setup_teardown_taskflow.py
[2023-10-11T07:32:13.625+0000] {processor.py:829} INFO - Processing file /home/airflow/.local/lib/python3.8/site-packages/airflow/example_dags/example_setup_teardown_taskflow.py for tasks to queue
[2023-10-11T07:32:13.626+0000] {logging_mixin.py:151} INFO - [2023-10-11T07:32:13.626+0000] {dagbag.py:539} INFO - Filling up the DagBag from /home/airflow/.local/lib/python3.8/site-packages/airflow/example_dags/example_setup_teardown_taskflow.py
[2023-10-11T07:32:13.632+0000] {processor.py:839} INFO - DAG(s) dict_keys(['example_setup_teardown_taskflow']) retrieved from /home/airflow/.local/lib/python3.8/site-packages/airflow/example_dags/example_setup_teardown_taskflow.py
[2023-10-11T07:32:13.649+0000] {logging_mixin.py:151} INFO - [2023-10-11T07:32:13.649+0000] {dag.py:2915} INFO - Sync 1 DAGs
[2023-10-11T07:32:13.663+0000] {logging_mixin.py:151} INFO - [2023-10-11T07:32:13.663+0000] {dag.py:3696} INFO - Setting next_dagrun for example_setup_teardown_taskflow to 2023-10-10T07:32:13.663521+00:00, run_after=2023-10-11T07:32:13.663521+00:00
[2023-10-11T07:32:13.673+0000] {processor.py:179} INFO - Processing /home/airflow/.local/lib/python3.8/site-packages/airflow/example_dags/example_setup_teardown_taskflow.py took 0.051 seconds
[2023-10-11T07:32:44.828+0000] {processor.py:157} INFO - Started process (PID=1831) to work on /home/airflow/.local/lib/python3.8/site-packages/airflow/example_dags/example_setup_teardown_taskflow.py
[2023-10-11T07:32:44.828+0000] {processor.py:829} INFO - Processing file /home/airflow/.local/lib/python3.8/site-packages/airflow/example_dags/example_setup_teardown_taskflow.py for tasks to queue
[2023-10-11T07:32:44.830+0000] {logging_mixin.py:151} INFO - [2023-10-11T07:32:44.830+0000] {dagbag.py:539} INFO - Filling up the DagBag from /home/airflow/.local/lib/python3.8/site-packages/airflow/example_dags/example_setup_teardown_taskflow.py
[2023-10-11T07:32:44.835+0000] {processor.py:839} INFO - DAG(s) dict_keys(['example_setup_teardown_taskflow']) retrieved from /home/airflow/.local/lib/python3.8/site-packages/airflow/example_dags/example_setup_teardown_taskflow.py
[2023-10-11T07:32:44.852+0000] {logging_mixin.py:151} INFO - [2023-10-11T07:32:44.852+0000] {dag.py:2915} INFO - Sync 1 DAGs
[2023-10-11T07:32:44.866+0000] {logging_mixin.py:151} INFO - [2023-10-11T07:32:44.866+0000] {dag.py:3696} INFO - Setting next_dagrun for example_setup_teardown_taskflow to 2023-10-10T07:32:44.866249+00:00, run_after=2023-10-11T07:32:44.866249+00:00
[2023-10-11T07:32:44.876+0000] {processor.py:179} INFO - Processing /home/airflow/.local/lib/python3.8/site-packages/airflow/example_dags/example_setup_teardown_taskflow.py took 0.051 seconds
[2023-10-11T07:33:15.047+0000] {processor.py:157} INFO - Started process (PID=1891) to work on /home/airflow/.local/lib/python3.8/site-packages/airflow/example_dags/example_setup_teardown_taskflow.py
[2023-10-11T07:33:15.048+0000] {processor.py:829} INFO - Processing file /home/airflow/.local/lib/python3.8/site-packages/airflow/example_dags/example_setup_teardown_taskflow.py for tasks to queue
[2023-10-11T07:33:15.049+0000] {logging_mixin.py:151} INFO - [2023-10-11T07:33:15.049+0000] {dagbag.py:539} INFO - Filling up the DagBag from /home/airflow/.local/lib/python3.8/site-packages/airflow/example_dags/example_setup_teardown_taskflow.py
[2023-10-11T07:33:15.055+0000] {processor.py:839} INFO - DAG(s) dict_keys(['example_setup_teardown_taskflow']) retrieved from /home/airflow/.local/lib/python3.8/site-packages/airflow/example_dags/example_setup_teardown_taskflow.py
[2023-10-11T07:33:15.072+0000] {logging_mixin.py:151} INFO - [2023-10-11T07:33:15.072+0000] {dag.py:2915} INFO - Sync 1 DAGs
[2023-10-11T07:33:15.087+0000] {logging_mixin.py:151} INFO - [2023-10-11T07:33:15.086+0000] {dag.py:3696} INFO - Setting next_dagrun for example_setup_teardown_taskflow to 2023-10-10T07:33:15.086772+00:00, run_after=2023-10-11T07:33:15.086772+00:00
[2023-10-11T07:33:15.097+0000] {processor.py:179} INFO - Processing /home/airflow/.local/lib/python3.8/site-packages/airflow/example_dags/example_setup_teardown_taskflow.py took 0.052 seconds
[2023-10-11T07:33:46.388+0000] {processor.py:157} INFO - Started process (PID=1950) to work on /home/airflow/.local/lib/python3.8/site-packages/airflow/example_dags/example_setup_teardown_taskflow.py
[2023-10-11T07:33:46.389+0000] {processor.py:829} INFO - Processing file /home/airflow/.local/lib/python3.8/site-packages/airflow/example_dags/example_setup_teardown_taskflow.py for tasks to queue
[2023-10-11T07:33:46.391+0000] {logging_mixin.py:151} INFO - [2023-10-11T07:33:46.391+0000] {dagbag.py:539} INFO - Filling up the DagBag from /home/airflow/.local/lib/python3.8/site-packages/airflow/example_dags/example_setup_teardown_taskflow.py
[2023-10-11T07:33:46.396+0000] {processor.py:839} INFO - DAG(s) dict_keys(['example_setup_teardown_taskflow']) retrieved from /home/airflow/.local/lib/python3.8/site-packages/airflow/example_dags/example_setup_teardown_taskflow.py
[2023-10-11T07:33:46.413+0000] {logging_mixin.py:151} INFO - [2023-10-11T07:33:46.413+0000] {dag.py:2915} INFO - Sync 1 DAGs
[2023-10-11T07:33:46.427+0000] {logging_mixin.py:151} INFO - [2023-10-11T07:33:46.426+0000] {dag.py:3696} INFO - Setting next_dagrun for example_setup_teardown_taskflow to 2023-10-10T07:33:46.426793+00:00, run_after=2023-10-11T07:33:46.426793+00:00
[2023-10-11T07:33:46.437+0000] {processor.py:179} INFO - Processing /home/airflow/.local/lib/python3.8/site-packages/airflow/example_dags/example_setup_teardown_taskflow.py took 0.051 seconds
[2023-10-11T07:34:17.537+0000] {processor.py:157} INFO - Started process (PID=2009) to work on /home/airflow/.local/lib/python3.8/site-packages/airflow/example_dags/example_setup_teardown_taskflow.py
[2023-10-11T07:34:17.537+0000] {processor.py:829} INFO - Processing file /home/airflow/.local/lib/python3.8/site-packages/airflow/example_dags/example_setup_teardown_taskflow.py for tasks to queue
[2023-10-11T07:34:17.539+0000] {logging_mixin.py:151} INFO - [2023-10-11T07:34:17.539+0000] {dagbag.py:539} INFO - Filling up the DagBag from /home/airflow/.local/lib/python3.8/site-packages/airflow/example_dags/example_setup_teardown_taskflow.py
[2023-10-11T07:34:17.544+0000] {processor.py:839} INFO - DAG(s) dict_keys(['example_setup_teardown_taskflow']) retrieved from /home/airflow/.local/lib/python3.8/site-packages/airflow/example_dags/example_setup_teardown_taskflow.py
[2023-10-11T07:34:17.561+0000] {logging_mixin.py:151} INFO - [2023-10-11T07:34:17.561+0000] {dag.py:2915} INFO - Sync 1 DAGs
[2023-10-11T07:34:17.576+0000] {logging_mixin.py:151} INFO - [2023-10-11T07:34:17.576+0000] {dag.py:3696} INFO - Setting next_dagrun for example_setup_teardown_taskflow to 2023-10-10T07:34:17.575900+00:00, run_after=2023-10-11T07:34:17.575900+00:00
[2023-10-11T07:34:17.586+0000] {processor.py:179} INFO - Processing /home/airflow/.local/lib/python3.8/site-packages/airflow/example_dags/example_setup_teardown_taskflow.py took 0.052 seconds
[2023-10-11T07:34:48.666+0000] {processor.py:157} INFO - Started process (PID=2068) to work on /home/airflow/.local/lib/python3.8/site-packages/airflow/example_dags/example_setup_teardown_taskflow.py
[2023-10-11T07:34:48.667+0000] {processor.py:829} INFO - Processing file /home/airflow/.local/lib/python3.8/site-packages/airflow/example_dags/example_setup_teardown_taskflow.py for tasks to queue
[2023-10-11T07:34:48.669+0000] {logging_mixin.py:151} INFO - [2023-10-11T07:34:48.668+0000] {dagbag.py:539} INFO - Filling up the DagBag from /home/airflow/.local/lib/python3.8/site-packages/airflow/example_dags/example_setup_teardown_taskflow.py
[2023-10-11T07:34:48.674+0000] {processor.py:839} INFO - DAG(s) dict_keys(['example_setup_teardown_taskflow']) retrieved from /home/airflow/.local/lib/python3.8/site-packages/airflow/example_dags/example_setup_teardown_taskflow.py
[2023-10-11T07:34:48.691+0000] {logging_mixin.py:151} INFO - [2023-10-11T07:34:48.691+0000] {dag.py:2915} INFO - Sync 1 DAGs
[2023-10-11T07:34:48.705+0000] {logging_mixin.py:151} INFO - [2023-10-11T07:34:48.705+0000] {dag.py:3696} INFO - Setting next_dagrun for example_setup_teardown_taskflow to 2023-10-10T07:34:48.705160+00:00, run_after=2023-10-11T07:34:48.705160+00:00
[2023-10-11T07:34:48.716+0000] {processor.py:179} INFO - Processing /home/airflow/.local/lib/python3.8/site-packages/airflow/example_dags/example_setup_teardown_taskflow.py took 0.052 seconds
[2023-10-11T07:35:19.045+0000] {processor.py:157} INFO - Started process (PID=2127) to work on /home/airflow/.local/lib/python3.8/site-packages/airflow/example_dags/example_setup_teardown_taskflow.py
[2023-10-11T07:35:19.046+0000] {processor.py:829} INFO - Processing file /home/airflow/.local/lib/python3.8/site-packages/airflow/example_dags/example_setup_teardown_taskflow.py for tasks to queue
[2023-10-11T07:35:19.047+0000] {logging_mixin.py:151} INFO - [2023-10-11T07:35:19.047+0000] {dagbag.py:539} INFO - Filling up the DagBag from /home/airflow/.local/lib/python3.8/site-packages/airflow/example_dags/example_setup_teardown_taskflow.py
[2023-10-11T07:35:19.053+0000] {processor.py:839} INFO - DAG(s) dict_keys(['example_setup_teardown_taskflow']) retrieved from /home/airflow/.local/lib/python3.8/site-packages/airflow/example_dags/example_setup_teardown_taskflow.py
[2023-10-11T07:35:19.070+0000] {logging_mixin.py:151} INFO - [2023-10-11T07:35:19.070+0000] {dag.py:2915} INFO - Sync 1 DAGs
[2023-10-11T07:35:19.084+0000] {logging_mixin.py:151} INFO - [2023-10-11T07:35:19.083+0000] {dag.py:3696} INFO - Setting next_dagrun for example_setup_teardown_taskflow to 2023-10-10T07:35:19.083751+00:00, run_after=2023-10-11T07:35:19.083751+00:00
[2023-10-11T07:35:19.094+0000] {processor.py:179} INFO - Processing /home/airflow/.local/lib/python3.8/site-packages/airflow/example_dags/example_setup_teardown_taskflow.py took 0.051 seconds
[2023-10-11T07:35:50.379+0000] {processor.py:157} INFO - Started process (PID=2186) to work on /home/airflow/.local/lib/python3.8/site-packages/airflow/example_dags/example_setup_teardown_taskflow.py
[2023-10-11T07:35:50.380+0000] {processor.py:829} INFO - Processing file /home/airflow/.local/lib/python3.8/site-packages/airflow/example_dags/example_setup_teardown_taskflow.py for tasks to queue
[2023-10-11T07:35:50.382+0000] {logging_mixin.py:151} INFO - [2023-10-11T07:35:50.382+0000] {dagbag.py:539} INFO - Filling up the DagBag from /home/airflow/.local/lib/python3.8/site-packages/airflow/example_dags/example_setup_teardown_taskflow.py
[2023-10-11T07:35:50.388+0000] {processor.py:839} INFO - DAG(s) dict_keys(['example_setup_teardown_taskflow']) retrieved from /home/airflow/.local/lib/python3.8/site-packages/airflow/example_dags/example_setup_teardown_taskflow.py
[2023-10-11T07:35:50.405+0000] {logging_mixin.py:151} INFO - [2023-10-11T07:35:50.405+0000] {dag.py:2915} INFO - Sync 1 DAGs
[2023-10-11T07:35:50.419+0000] {logging_mixin.py:151} INFO - [2023-10-11T07:35:50.419+0000] {dag.py:3696} INFO - Setting next_dagrun for example_setup_teardown_taskflow to 2023-10-10T07:35:50.419506+00:00, run_after=2023-10-11T07:35:50.419506+00:00
[2023-10-11T07:35:50.431+0000] {processor.py:179} INFO - Processing /home/airflow/.local/lib/python3.8/site-packages/airflow/example_dags/example_setup_teardown_taskflow.py took 0.054 seconds
[2023-10-11T07:37:29.769+0000] {processor.py:157} INFO - Started process (PID=62) to work on /home/airflow/.local/lib/python3.8/site-packages/airflow/example_dags/example_setup_teardown_taskflow.py
[2023-10-11T07:37:29.770+0000] {processor.py:829} INFO - Processing file /home/airflow/.local/lib/python3.8/site-packages/airflow/example_dags/example_setup_teardown_taskflow.py for tasks to queue
[2023-10-11T07:37:29.772+0000] {logging_mixin.py:151} INFO - [2023-10-11T07:37:29.771+0000] {dagbag.py:539} INFO - Filling up the DagBag from /home/airflow/.local/lib/python3.8/site-packages/airflow/example_dags/example_setup_teardown_taskflow.py
[2023-10-11T07:37:29.777+0000] {processor.py:839} INFO - DAG(s) dict_keys(['example_setup_teardown_taskflow']) retrieved from /home/airflow/.local/lib/python3.8/site-packages/airflow/example_dags/example_setup_teardown_taskflow.py
[2023-10-11T07:37:29.839+0000] {logging_mixin.py:151} INFO - [2023-10-11T07:37:29.839+0000] {manager.py:499} INFO - Created Permission View: %s
[2023-10-11T07:37:29.845+0000] {logging_mixin.py:151} INFO - [2023-10-11T07:37:29.845+0000] {manager.py:499} INFO - Created Permission View: %s
[2023-10-11T07:37:29.849+0000] {logging_mixin.py:151} INFO - [2023-10-11T07:37:29.849+0000] {manager.py:499} INFO - Created Permission View: %s
[2023-10-11T07:37:29.850+0000] {logging_mixin.py:151} INFO - [2023-10-11T07:37:29.850+0000] {security.py:708} INFO - Not syncing DAG-level permissions for DAG 'DAG:example_setup_teardown_taskflow' as access control is unset.
[2023-10-11T07:37:29.851+0000] {logging_mixin.py:151} INFO - [2023-10-11T07:37:29.851+0000] {dag.py:2915} INFO - Sync 1 DAGs
[2023-10-11T07:37:29.860+0000] {logging_mixin.py:151} INFO - [2023-10-11T07:37:29.860+0000] {dag.py:2937} INFO - Creating ORM DAG for example_setup_teardown_taskflow
[2023-10-11T07:37:29.867+0000] {logging_mixin.py:151} INFO - [2023-10-11T07:37:29.867+0000] {dag.py:3696} INFO - Setting next_dagrun for example_setup_teardown_taskflow to 2023-10-10T07:37:29.866901+00:00, run_after=2023-10-11T07:37:29.866901+00:00
[2023-10-11T07:37:29.877+0000] {processor.py:179} INFO - Processing /home/airflow/.local/lib/python3.8/site-packages/airflow/example_dags/example_setup_teardown_taskflow.py took 0.110 seconds
[2023-10-11T07:38:00.649+0000] {processor.py:157} INFO - Started process (PID=121) to work on /home/airflow/.local/lib/python3.8/site-packages/airflow/example_dags/example_setup_teardown_taskflow.py
[2023-10-11T07:38:00.650+0000] {processor.py:829} INFO - Processing file /home/airflow/.local/lib/python3.8/site-packages/airflow/example_dags/example_setup_teardown_taskflow.py for tasks to queue
[2023-10-11T07:38:00.651+0000] {logging_mixin.py:151} INFO - [2023-10-11T07:38:00.651+0000] {dagbag.py:539} INFO - Filling up the DagBag from /home/airflow/.local/lib/python3.8/site-packages/airflow/example_dags/example_setup_teardown_taskflow.py
[2023-10-11T07:38:00.656+0000] {processor.py:839} INFO - DAG(s) dict_keys(['example_setup_teardown_taskflow']) retrieved from /home/airflow/.local/lib/python3.8/site-packages/airflow/example_dags/example_setup_teardown_taskflow.py
[2023-10-11T07:38:00.673+0000] {logging_mixin.py:151} INFO - [2023-10-11T07:38:00.673+0000] {dag.py:2915} INFO - Sync 1 DAGs
[2023-10-11T07:38:00.687+0000] {logging_mixin.py:151} INFO - [2023-10-11T07:38:00.687+0000] {dag.py:3696} INFO - Setting next_dagrun for example_setup_teardown_taskflow to 2023-10-10T07:38:00.687584+00:00, run_after=2023-10-11T07:38:00.687584+00:00
[2023-10-11T07:38:00.698+0000] {processor.py:179} INFO - Processing /home/airflow/.local/lib/python3.8/site-packages/airflow/example_dags/example_setup_teardown_taskflow.py took 0.052 seconds
[2023-10-11T07:38:31.185+0000] {processor.py:157} INFO - Started process (PID=180) to work on /home/airflow/.local/lib/python3.8/site-packages/airflow/example_dags/example_setup_teardown_taskflow.py
[2023-10-11T07:38:31.187+0000] {processor.py:829} INFO - Processing file /home/airflow/.local/lib/python3.8/site-packages/airflow/example_dags/example_setup_teardown_taskflow.py for tasks to queue
[2023-10-11T07:38:31.188+0000] {logging_mixin.py:151} INFO - [2023-10-11T07:38:31.188+0000] {dagbag.py:539} INFO - Filling up the DagBag from /home/airflow/.local/lib/python3.8/site-packages/airflow/example_dags/example_setup_teardown_taskflow.py
[2023-10-11T07:38:31.194+0000] {processor.py:839} INFO - DAG(s) dict_keys(['example_setup_teardown_taskflow']) retrieved from /home/airflow/.local/lib/python3.8/site-packages/airflow/example_dags/example_setup_teardown_taskflow.py
[2023-10-11T07:38:31.212+0000] {logging_mixin.py:151} INFO - [2023-10-11T07:38:31.212+0000] {dag.py:2915} INFO - Sync 1 DAGs
[2023-10-11T07:38:31.227+0000] {logging_mixin.py:151} INFO - [2023-10-11T07:38:31.226+0000] {dag.py:3696} INFO - Setting next_dagrun for example_setup_teardown_taskflow to 2023-10-10T07:38:31.226783+00:00, run_after=2023-10-11T07:38:31.226783+00:00
[2023-10-11T07:38:31.239+0000] {processor.py:179} INFO - Processing /home/airflow/.local/lib/python3.8/site-packages/airflow/example_dags/example_setup_teardown_taskflow.py took 0.056 seconds
[2023-10-11T07:39:01.433+0000] {processor.py:157} INFO - Started process (PID=239) to work on /home/airflow/.local/lib/python3.8/site-packages/airflow/example_dags/example_setup_teardown_taskflow.py
[2023-10-11T07:39:01.434+0000] {processor.py:829} INFO - Processing file /home/airflow/.local/lib/python3.8/site-packages/airflow/example_dags/example_setup_teardown_taskflow.py for tasks to queue
[2023-10-11T07:39:01.435+0000] {logging_mixin.py:151} INFO - [2023-10-11T07:39:01.435+0000] {dagbag.py:539} INFO - Filling up the DagBag from /home/airflow/.local/lib/python3.8/site-packages/airflow/example_dags/example_setup_teardown_taskflow.py
[2023-10-11T07:39:01.441+0000] {processor.py:839} INFO - DAG(s) dict_keys(['example_setup_teardown_taskflow']) retrieved from /home/airflow/.local/lib/python3.8/site-packages/airflow/example_dags/example_setup_teardown_taskflow.py
[2023-10-11T07:39:01.458+0000] {logging_mixin.py:151} INFO - [2023-10-11T07:39:01.458+0000] {dag.py:2915} INFO - Sync 1 DAGs
[2023-10-11T07:39:01.472+0000] {logging_mixin.py:151} INFO - [2023-10-11T07:39:01.472+0000] {dag.py:3696} INFO - Setting next_dagrun for example_setup_teardown_taskflow to 2023-10-10T07:39:01.472265+00:00, run_after=2023-10-11T07:39:01.472265+00:00
[2023-10-11T07:39:01.482+0000] {processor.py:179} INFO - Processing /home/airflow/.local/lib/python3.8/site-packages/airflow/example_dags/example_setup_teardown_taskflow.py took 0.051 seconds
[2023-10-11T07:39:31.841+0000] {processor.py:157} INFO - Started process (PID=298) to work on /home/airflow/.local/lib/python3.8/site-packages/airflow/example_dags/example_setup_teardown_taskflow.py
[2023-10-11T07:39:31.841+0000] {processor.py:829} INFO - Processing file /home/airflow/.local/lib/python3.8/site-packages/airflow/example_dags/example_setup_teardown_taskflow.py for tasks to queue
[2023-10-11T07:39:31.843+0000] {logging_mixin.py:151} INFO - [2023-10-11T07:39:31.843+0000] {dagbag.py:539} INFO - Filling up the DagBag from /home/airflow/.local/lib/python3.8/site-packages/airflow/example_dags/example_setup_teardown_taskflow.py
[2023-10-11T07:39:31.848+0000] {processor.py:839} INFO - DAG(s) dict_keys(['example_setup_teardown_taskflow']) retrieved from /home/airflow/.local/lib/python3.8/site-packages/airflow/example_dags/example_setup_teardown_taskflow.py
[2023-10-11T07:39:31.865+0000] {logging_mixin.py:151} INFO - [2023-10-11T07:39:31.864+0000] {dag.py:2915} INFO - Sync 1 DAGs
[2023-10-11T07:39:31.878+0000] {logging_mixin.py:151} INFO - [2023-10-11T07:39:31.878+0000] {dag.py:3696} INFO - Setting next_dagrun for example_setup_teardown_taskflow to 2023-10-10T07:39:31.878108+00:00, run_after=2023-10-11T07:39:31.878108+00:00
[2023-10-11T07:39:31.889+0000] {processor.py:179} INFO - Processing /home/airflow/.local/lib/python3.8/site-packages/airflow/example_dags/example_setup_teardown_taskflow.py took 0.051 seconds
[2023-10-11T07:40:02.184+0000] {processor.py:157} INFO - Started process (PID=357) to work on /home/airflow/.local/lib/python3.8/site-packages/airflow/example_dags/example_setup_teardown_taskflow.py
[2023-10-11T07:40:02.184+0000] {processor.py:829} INFO - Processing file /home/airflow/.local/lib/python3.8/site-packages/airflow/example_dags/example_setup_teardown_taskflow.py for tasks to queue
[2023-10-11T07:40:02.186+0000] {logging_mixin.py:151} INFO - [2023-10-11T07:40:02.186+0000] {dagbag.py:539} INFO - Filling up the DagBag from /home/airflow/.local/lib/python3.8/site-packages/airflow/example_dags/example_setup_teardown_taskflow.py
[2023-10-11T07:40:02.191+0000] {processor.py:839} INFO - DAG(s) dict_keys(['example_setup_teardown_taskflow']) retrieved from /home/airflow/.local/lib/python3.8/site-packages/airflow/example_dags/example_setup_teardown_taskflow.py
[2023-10-11T07:40:02.208+0000] {logging_mixin.py:151} INFO - [2023-10-11T07:40:02.208+0000] {dag.py:2915} INFO - Sync 1 DAGs
[2023-10-11T07:40:02.221+0000] {logging_mixin.py:151} INFO - [2023-10-11T07:40:02.221+0000] {dag.py:3696} INFO - Setting next_dagrun for example_setup_teardown_taskflow to 2023-10-10T07:40:02.221252+00:00, run_after=2023-10-11T07:40:02.221252+00:00
[2023-10-11T07:40:02.231+0000] {processor.py:179} INFO - Processing /home/airflow/.local/lib/python3.8/site-packages/airflow/example_dags/example_setup_teardown_taskflow.py took 0.050 seconds
[2023-10-11T07:40:33.296+0000] {processor.py:157} INFO - Started process (PID=415) to work on /home/airflow/.local/lib/python3.8/site-packages/airflow/example_dags/example_setup_teardown_taskflow.py
[2023-10-11T07:40:33.297+0000] {processor.py:829} INFO - Processing file /home/airflow/.local/lib/python3.8/site-packages/airflow/example_dags/example_setup_teardown_taskflow.py for tasks to queue
[2023-10-11T07:40:33.298+0000] {logging_mixin.py:151} INFO - [2023-10-11T07:40:33.298+0000] {dagbag.py:539} INFO - Filling up the DagBag from /home/airflow/.local/lib/python3.8/site-packages/airflow/example_dags/example_setup_teardown_taskflow.py
[2023-10-11T07:40:33.304+0000] {processor.py:839} INFO - DAG(s) dict_keys(['example_setup_teardown_taskflow']) retrieved from /home/airflow/.local/lib/python3.8/site-packages/airflow/example_dags/example_setup_teardown_taskflow.py
[2023-10-11T07:40:33.321+0000] {logging_mixin.py:151} INFO - [2023-10-11T07:40:33.321+0000] {dag.py:2915} INFO - Sync 1 DAGs
[2023-10-11T07:40:33.334+0000] {logging_mixin.py:151} INFO - [2023-10-11T07:40:33.334+0000] {dag.py:3696} INFO - Setting next_dagrun for example_setup_teardown_taskflow to 2023-10-10T07:40:33.333896+00:00, run_after=2023-10-11T07:40:33.333896+00:00
[2023-10-11T07:40:33.343+0000] {processor.py:179} INFO - Processing /home/airflow/.local/lib/python3.8/site-packages/airflow/example_dags/example_setup_teardown_taskflow.py took 0.050 seconds
[2023-10-11T07:41:04.348+0000] {processor.py:157} INFO - Started process (PID=471) to work on /home/airflow/.local/lib/python3.8/site-packages/airflow/example_dags/example_setup_teardown_taskflow.py
[2023-10-11T07:41:04.349+0000] {processor.py:829} INFO - Processing file /home/airflow/.local/lib/python3.8/site-packages/airflow/example_dags/example_setup_teardown_taskflow.py for tasks to queue
[2023-10-11T07:41:04.352+0000] {logging_mixin.py:151} INFO - [2023-10-11T07:41:04.352+0000] {dagbag.py:539} INFO - Filling up the DagBag from /home/airflow/.local/lib/python3.8/site-packages/airflow/example_dags/example_setup_teardown_taskflow.py
[2023-10-11T07:41:04.360+0000] {processor.py:839} INFO - DAG(s) dict_keys(['example_setup_teardown_taskflow']) retrieved from /home/airflow/.local/lib/python3.8/site-packages/airflow/example_dags/example_setup_teardown_taskflow.py
[2023-10-11T07:41:04.384+0000] {logging_mixin.py:151} INFO - [2023-10-11T07:41:04.384+0000] {dag.py:2915} INFO - Sync 1 DAGs
[2023-10-11T07:41:04.398+0000] {logging_mixin.py:151} INFO - [2023-10-11T07:41:04.398+0000] {dag.py:3696} INFO - Setting next_dagrun for example_setup_teardown_taskflow to 2023-10-10T07:41:04.398273+00:00, run_after=2023-10-11T07:41:04.398273+00:00
[2023-10-11T07:41:04.408+0000] {processor.py:179} INFO - Processing /home/airflow/.local/lib/python3.8/site-packages/airflow/example_dags/example_setup_teardown_taskflow.py took 0.064 seconds
[2023-10-11T07:41:34.620+0000] {processor.py:157} INFO - Started process (PID=529) to work on /home/airflow/.local/lib/python3.8/site-packages/airflow/example_dags/example_setup_teardown_taskflow.py
[2023-10-11T07:41:34.621+0000] {processor.py:829} INFO - Processing file /home/airflow/.local/lib/python3.8/site-packages/airflow/example_dags/example_setup_teardown_taskflow.py for tasks to queue
[2023-10-11T07:41:34.624+0000] {logging_mixin.py:151} INFO - [2023-10-11T07:41:34.624+0000] {dagbag.py:539} INFO - Filling up the DagBag from /home/airflow/.local/lib/python3.8/site-packages/airflow/example_dags/example_setup_teardown_taskflow.py
[2023-10-11T07:41:34.635+0000] {processor.py:839} INFO - DAG(s) dict_keys(['example_setup_teardown_taskflow']) retrieved from /home/airflow/.local/lib/python3.8/site-packages/airflow/example_dags/example_setup_teardown_taskflow.py
[2023-10-11T07:41:34.660+0000] {logging_mixin.py:151} INFO - [2023-10-11T07:41:34.660+0000] {dag.py:2915} INFO - Sync 1 DAGs
[2023-10-11T07:41:34.675+0000] {logging_mixin.py:151} INFO - [2023-10-11T07:41:34.675+0000] {dag.py:3696} INFO - Setting next_dagrun for example_setup_teardown_taskflow to 2023-10-10T07:41:34.675059+00:00, run_after=2023-10-11T07:41:34.675059+00:00
[2023-10-11T07:41:34.685+0000] {processor.py:179} INFO - Processing /home/airflow/.local/lib/python3.8/site-packages/airflow/example_dags/example_setup_teardown_taskflow.py took 0.071 seconds
[2023-10-11T07:42:04.893+0000] {processor.py:157} INFO - Started process (PID=588) to work on /home/airflow/.local/lib/python3.8/site-packages/airflow/example_dags/example_setup_teardown_taskflow.py
[2023-10-11T07:42:04.894+0000] {processor.py:829} INFO - Processing file /home/airflow/.local/lib/python3.8/site-packages/airflow/example_dags/example_setup_teardown_taskflow.py for tasks to queue
[2023-10-11T07:42:04.900+0000] {logging_mixin.py:151} INFO - [2023-10-11T07:42:04.899+0000] {dagbag.py:539} INFO - Filling up the DagBag from /home/airflow/.local/lib/python3.8/site-packages/airflow/example_dags/example_setup_teardown_taskflow.py
[2023-10-11T07:42:04.909+0000] {processor.py:839} INFO - DAG(s) dict_keys(['example_setup_teardown_taskflow']) retrieved from /home/airflow/.local/lib/python3.8/site-packages/airflow/example_dags/example_setup_teardown_taskflow.py
[2023-10-11T07:42:04.933+0000] {logging_mixin.py:151} INFO - [2023-10-11T07:42:04.933+0000] {dag.py:2915} INFO - Sync 1 DAGs
[2023-10-11T07:42:04.946+0000] {logging_mixin.py:151} INFO - [2023-10-11T07:42:04.946+0000] {dag.py:3696} INFO - Setting next_dagrun for example_setup_teardown_taskflow to 2023-10-10T07:42:04.946675+00:00, run_after=2023-10-11T07:42:04.946675+00:00
[2023-10-11T07:42:04.956+0000] {processor.py:179} INFO - Processing /home/airflow/.local/lib/python3.8/site-packages/airflow/example_dags/example_setup_teardown_taskflow.py took 0.067 seconds
[2023-10-11T07:42:35.582+0000] {processor.py:157} INFO - Started process (PID=647) to work on /home/airflow/.local/lib/python3.8/site-packages/airflow/example_dags/example_setup_teardown_taskflow.py
[2023-10-11T07:42:35.583+0000] {processor.py:829} INFO - Processing file /home/airflow/.local/lib/python3.8/site-packages/airflow/example_dags/example_setup_teardown_taskflow.py for tasks to queue
[2023-10-11T07:42:35.586+0000] {logging_mixin.py:151} INFO - [2023-10-11T07:42:35.586+0000] {dagbag.py:539} INFO - Filling up the DagBag from /home/airflow/.local/lib/python3.8/site-packages/airflow/example_dags/example_setup_teardown_taskflow.py
[2023-10-11T07:42:35.597+0000] {processor.py:839} INFO - DAG(s) dict_keys(['example_setup_teardown_taskflow']) retrieved from /home/airflow/.local/lib/python3.8/site-packages/airflow/example_dags/example_setup_teardown_taskflow.py
[2023-10-11T07:42:35.622+0000] {logging_mixin.py:151} INFO - [2023-10-11T07:42:35.622+0000] {dag.py:2915} INFO - Sync 1 DAGs
[2023-10-11T07:42:35.636+0000] {logging_mixin.py:151} INFO - [2023-10-11T07:42:35.636+0000] {dag.py:3696} INFO - Setting next_dagrun for example_setup_teardown_taskflow to 2023-10-10T07:42:35.636440+00:00, run_after=2023-10-11T07:42:35.636440+00:00
[2023-10-11T07:42:35.647+0000] {processor.py:179} INFO - Processing /home/airflow/.local/lib/python3.8/site-packages/airflow/example_dags/example_setup_teardown_taskflow.py took 0.071 seconds
[2023-10-11T07:43:06.040+0000] {processor.py:157} INFO - Started process (PID=706) to work on /home/airflow/.local/lib/python3.8/site-packages/airflow/example_dags/example_setup_teardown_taskflow.py
[2023-10-11T07:43:06.041+0000] {processor.py:829} INFO - Processing file /home/airflow/.local/lib/python3.8/site-packages/airflow/example_dags/example_setup_teardown_taskflow.py for tasks to queue
[2023-10-11T07:43:06.044+0000] {logging_mixin.py:151} INFO - [2023-10-11T07:43:06.044+0000] {dagbag.py:539} INFO - Filling up the DagBag from /home/airflow/.local/lib/python3.8/site-packages/airflow/example_dags/example_setup_teardown_taskflow.py
[2023-10-11T07:43:06.054+0000] {processor.py:839} INFO - DAG(s) dict_keys(['example_setup_teardown_taskflow']) retrieved from /home/airflow/.local/lib/python3.8/site-packages/airflow/example_dags/example_setup_teardown_taskflow.py
[2023-10-11T07:43:06.078+0000] {logging_mixin.py:151} INFO - [2023-10-11T07:43:06.078+0000] {dag.py:2915} INFO - Sync 1 DAGs
[2023-10-11T07:43:06.093+0000] {logging_mixin.py:151} INFO - [2023-10-11T07:43:06.093+0000] {dag.py:3696} INFO - Setting next_dagrun for example_setup_teardown_taskflow to 2023-10-10T07:43:06.093190+00:00, run_after=2023-10-11T07:43:06.093190+00:00
[2023-10-11T07:43:06.103+0000] {processor.py:179} INFO - Processing /home/airflow/.local/lib/python3.8/site-packages/airflow/example_dags/example_setup_teardown_taskflow.py took 0.068 seconds
[2023-10-11T07:43:36.171+0000] {processor.py:157} INFO - Started process (PID=765) to work on /home/airflow/.local/lib/python3.8/site-packages/airflow/example_dags/example_setup_teardown_taskflow.py
[2023-10-11T07:43:36.173+0000] {processor.py:829} INFO - Processing file /home/airflow/.local/lib/python3.8/site-packages/airflow/example_dags/example_setup_teardown_taskflow.py for tasks to queue
[2023-10-11T07:43:36.176+0000] {logging_mixin.py:151} INFO - [2023-10-11T07:43:36.175+0000] {dagbag.py:539} INFO - Filling up the DagBag from /home/airflow/.local/lib/python3.8/site-packages/airflow/example_dags/example_setup_teardown_taskflow.py
[2023-10-11T07:43:36.186+0000] {processor.py:839} INFO - DAG(s) dict_keys(['example_setup_teardown_taskflow']) retrieved from /home/airflow/.local/lib/python3.8/site-packages/airflow/example_dags/example_setup_teardown_taskflow.py
[2023-10-11T07:43:36.211+0000] {logging_mixin.py:151} INFO - [2023-10-11T07:43:36.210+0000] {dag.py:2915} INFO - Sync 1 DAGs
[2023-10-11T07:43:36.225+0000] {logging_mixin.py:151} INFO - [2023-10-11T07:43:36.225+0000] {dag.py:3696} INFO - Setting next_dagrun for example_setup_teardown_taskflow to 2023-10-10T07:43:36.225613+00:00, run_after=2023-10-11T07:43:36.225613+00:00
[2023-10-11T07:43:36.235+0000] {processor.py:179} INFO - Processing /home/airflow/.local/lib/python3.8/site-packages/airflow/example_dags/example_setup_teardown_taskflow.py took 0.069 seconds
[2023-10-11T07:44:06.318+0000] {processor.py:157} INFO - Started process (PID=824) to work on /home/airflow/.local/lib/python3.8/site-packages/airflow/example_dags/example_setup_teardown_taskflow.py
[2023-10-11T07:44:06.320+0000] {processor.py:829} INFO - Processing file /home/airflow/.local/lib/python3.8/site-packages/airflow/example_dags/example_setup_teardown_taskflow.py for tasks to queue
[2023-10-11T07:44:06.323+0000] {logging_mixin.py:151} INFO - [2023-10-11T07:44:06.322+0000] {dagbag.py:539} INFO - Filling up the DagBag from /home/airflow/.local/lib/python3.8/site-packages/airflow/example_dags/example_setup_teardown_taskflow.py
[2023-10-11T07:44:06.333+0000] {processor.py:839} INFO - DAG(s) dict_keys(['example_setup_teardown_taskflow']) retrieved from /home/airflow/.local/lib/python3.8/site-packages/airflow/example_dags/example_setup_teardown_taskflow.py
[2023-10-11T07:44:06.358+0000] {logging_mixin.py:151} INFO - [2023-10-11T07:44:06.358+0000] {dag.py:2915} INFO - Sync 1 DAGs
[2023-10-11T07:44:06.374+0000] {logging_mixin.py:151} INFO - [2023-10-11T07:44:06.374+0000] {dag.py:3696} INFO - Setting next_dagrun for example_setup_teardown_taskflow to 2023-10-10T07:44:06.374132+00:00, run_after=2023-10-11T07:44:06.374132+00:00
[2023-10-11T07:44:06.383+0000] {processor.py:179} INFO - Processing /home/airflow/.local/lib/python3.8/site-packages/airflow/example_dags/example_setup_teardown_taskflow.py took 0.071 seconds
[2023-10-11T07:44:36.436+0000] {processor.py:157} INFO - Started process (PID=883) to work on /home/airflow/.local/lib/python3.8/site-packages/airflow/example_dags/example_setup_teardown_taskflow.py
[2023-10-11T07:44:36.437+0000] {processor.py:829} INFO - Processing file /home/airflow/.local/lib/python3.8/site-packages/airflow/example_dags/example_setup_teardown_taskflow.py for tasks to queue
[2023-10-11T07:44:36.438+0000] {logging_mixin.py:151} INFO - [2023-10-11T07:44:36.438+0000] {dagbag.py:539} INFO - Filling up the DagBag from /home/airflow/.local/lib/python3.8/site-packages/airflow/example_dags/example_setup_teardown_taskflow.py
[2023-10-11T07:44:36.444+0000] {processor.py:839} INFO - DAG(s) dict_keys(['example_setup_teardown_taskflow']) retrieved from /home/airflow/.local/lib/python3.8/site-packages/airflow/example_dags/example_setup_teardown_taskflow.py
[2023-10-11T07:44:36.461+0000] {logging_mixin.py:151} INFO - [2023-10-11T07:44:36.461+0000] {dag.py:2915} INFO - Sync 1 DAGs
[2023-10-11T07:44:36.475+0000] {logging_mixin.py:151} INFO - [2023-10-11T07:44:36.475+0000] {dag.py:3696} INFO - Setting next_dagrun for example_setup_teardown_taskflow to 2023-10-10T07:44:36.475647+00:00, run_after=2023-10-11T07:44:36.475647+00:00
[2023-10-11T07:44:36.486+0000] {processor.py:179} INFO - Processing /home/airflow/.local/lib/python3.8/site-packages/airflow/example_dags/example_setup_teardown_taskflow.py took 0.051 seconds
[2023-10-11T07:45:07.541+0000] {processor.py:157} INFO - Started process (PID=942) to work on /home/airflow/.local/lib/python3.8/site-packages/airflow/example_dags/example_setup_teardown_taskflow.py
[2023-10-11T07:45:07.542+0000] {processor.py:829} INFO - Processing file /home/airflow/.local/lib/python3.8/site-packages/airflow/example_dags/example_setup_teardown_taskflow.py for tasks to queue
[2023-10-11T07:45:07.543+0000] {logging_mixin.py:151} INFO - [2023-10-11T07:45:07.543+0000] {dagbag.py:539} INFO - Filling up the DagBag from /home/airflow/.local/lib/python3.8/site-packages/airflow/example_dags/example_setup_teardown_taskflow.py
[2023-10-11T07:45:07.549+0000] {processor.py:839} INFO - DAG(s) dict_keys(['example_setup_teardown_taskflow']) retrieved from /home/airflow/.local/lib/python3.8/site-packages/airflow/example_dags/example_setup_teardown_taskflow.py
[2023-10-11T07:45:07.566+0000] {logging_mixin.py:151} INFO - [2023-10-11T07:45:07.566+0000] {dag.py:2915} INFO - Sync 1 DAGs
[2023-10-11T07:45:07.580+0000] {logging_mixin.py:151} INFO - [2023-10-11T07:45:07.580+0000] {dag.py:3696} INFO - Setting next_dagrun for example_setup_teardown_taskflow to 2023-10-10T07:45:07.580460+00:00, run_after=2023-10-11T07:45:07.580460+00:00
[2023-10-11T07:45:07.591+0000] {processor.py:179} INFO - Processing /home/airflow/.local/lib/python3.8/site-packages/airflow/example_dags/example_setup_teardown_taskflow.py took 0.052 seconds
[2023-10-11T07:45:38.105+0000] {processor.py:157} INFO - Started process (PID=1001) to work on /home/airflow/.local/lib/python3.8/site-packages/airflow/example_dags/example_setup_teardown_taskflow.py
[2023-10-11T07:45:38.106+0000] {processor.py:829} INFO - Processing file /home/airflow/.local/lib/python3.8/site-packages/airflow/example_dags/example_setup_teardown_taskflow.py for tasks to queue
[2023-10-11T07:45:38.107+0000] {logging_mixin.py:151} INFO - [2023-10-11T07:45:38.107+0000] {dagbag.py:539} INFO - Filling up the DagBag from /home/airflow/.local/lib/python3.8/site-packages/airflow/example_dags/example_setup_teardown_taskflow.py
[2023-10-11T07:45:38.113+0000] {processor.py:839} INFO - DAG(s) dict_keys(['example_setup_teardown_taskflow']) retrieved from /home/airflow/.local/lib/python3.8/site-packages/airflow/example_dags/example_setup_teardown_taskflow.py
[2023-10-11T07:45:38.130+0000] {logging_mixin.py:151} INFO - [2023-10-11T07:45:38.130+0000] {dag.py:2915} INFO - Sync 1 DAGs
[2023-10-11T07:45:38.144+0000] {logging_mixin.py:151} INFO - [2023-10-11T07:45:38.144+0000] {dag.py:3696} INFO - Setting next_dagrun for example_setup_teardown_taskflow to 2023-10-10T07:45:38.144281+00:00, run_after=2023-10-11T07:45:38.144281+00:00
[2023-10-11T07:45:38.155+0000] {processor.py:179} INFO - Processing /home/airflow/.local/lib/python3.8/site-packages/airflow/example_dags/example_setup_teardown_taskflow.py took 0.052 seconds
[2023-10-11T07:46:08.611+0000] {processor.py:157} INFO - Started process (PID=1060) to work on /home/airflow/.local/lib/python3.8/site-packages/airflow/example_dags/example_setup_teardown_taskflow.py
[2023-10-11T07:46:08.613+0000] {processor.py:829} INFO - Processing file /home/airflow/.local/lib/python3.8/site-packages/airflow/example_dags/example_setup_teardown_taskflow.py for tasks to queue
[2023-10-11T07:46:08.615+0000] {logging_mixin.py:151} INFO - [2023-10-11T07:46:08.614+0000] {dagbag.py:539} INFO - Filling up the DagBag from /home/airflow/.local/lib/python3.8/site-packages/airflow/example_dags/example_setup_teardown_taskflow.py
[2023-10-11T07:46:08.620+0000] {processor.py:839} INFO - DAG(s) dict_keys(['example_setup_teardown_taskflow']) retrieved from /home/airflow/.local/lib/python3.8/site-packages/airflow/example_dags/example_setup_teardown_taskflow.py
[2023-10-11T07:46:08.641+0000] {logging_mixin.py:151} INFO - [2023-10-11T07:46:08.641+0000] {dag.py:2915} INFO - Sync 1 DAGs
[2023-10-11T07:46:08.657+0000] {logging_mixin.py:151} INFO - [2023-10-11T07:46:08.657+0000] {dag.py:3696} INFO - Setting next_dagrun for example_setup_teardown_taskflow to 2023-10-10T07:46:08.656992+00:00, run_after=2023-10-11T07:46:08.656992+00:00
[2023-10-11T07:46:08.670+0000] {processor.py:179} INFO - Processing /home/airflow/.local/lib/python3.8/site-packages/airflow/example_dags/example_setup_teardown_taskflow.py took 0.061 seconds
[2023-10-11T07:46:38.812+0000] {processor.py:157} INFO - Started process (PID=1118) to work on /home/airflow/.local/lib/python3.8/site-packages/airflow/example_dags/example_setup_teardown_taskflow.py
[2023-10-11T07:46:38.814+0000] {processor.py:829} INFO - Processing file /home/airflow/.local/lib/python3.8/site-packages/airflow/example_dags/example_setup_teardown_taskflow.py for tasks to queue
[2023-10-11T07:46:38.815+0000] {logging_mixin.py:151} INFO - [2023-10-11T07:46:38.815+0000] {dagbag.py:539} INFO - Filling up the DagBag from /home/airflow/.local/lib/python3.8/site-packages/airflow/example_dags/example_setup_teardown_taskflow.py
[2023-10-11T07:46:38.821+0000] {processor.py:839} INFO - DAG(s) dict_keys(['example_setup_teardown_taskflow']) retrieved from /home/airflow/.local/lib/python3.8/site-packages/airflow/example_dags/example_setup_teardown_taskflow.py
[2023-10-11T07:46:38.839+0000] {logging_mixin.py:151} INFO - [2023-10-11T07:46:38.839+0000] {dag.py:2915} INFO - Sync 1 DAGs
[2023-10-11T07:46:38.853+0000] {logging_mixin.py:151} INFO - [2023-10-11T07:46:38.853+0000] {dag.py:3696} INFO - Setting next_dagrun for example_setup_teardown_taskflow to 2023-10-10T07:46:38.853545+00:00, run_after=2023-10-11T07:46:38.853545+00:00
[2023-10-11T07:46:38.867+0000] {processor.py:179} INFO - Processing /home/airflow/.local/lib/python3.8/site-packages/airflow/example_dags/example_setup_teardown_taskflow.py took 0.057 seconds
[2023-10-11T07:47:09.068+0000] {processor.py:157} INFO - Started process (PID=1177) to work on /home/airflow/.local/lib/python3.8/site-packages/airflow/example_dags/example_setup_teardown_taskflow.py
[2023-10-11T07:47:09.069+0000] {processor.py:829} INFO - Processing file /home/airflow/.local/lib/python3.8/site-packages/airflow/example_dags/example_setup_teardown_taskflow.py for tasks to queue
[2023-10-11T07:47:09.070+0000] {logging_mixin.py:151} INFO - [2023-10-11T07:47:09.070+0000] {dagbag.py:539} INFO - Filling up the DagBag from /home/airflow/.local/lib/python3.8/site-packages/airflow/example_dags/example_setup_teardown_taskflow.py
[2023-10-11T07:47:09.076+0000] {processor.py:839} INFO - DAG(s) dict_keys(['example_setup_teardown_taskflow']) retrieved from /home/airflow/.local/lib/python3.8/site-packages/airflow/example_dags/example_setup_teardown_taskflow.py
[2023-10-11T07:47:09.093+0000] {logging_mixin.py:151} INFO - [2023-10-11T07:47:09.093+0000] {dag.py:2915} INFO - Sync 1 DAGs
[2023-10-11T07:47:09.107+0000] {logging_mixin.py:151} INFO - [2023-10-11T07:47:09.107+0000] {dag.py:3696} INFO - Setting next_dagrun for example_setup_teardown_taskflow to 2023-10-10T07:47:09.107489+00:00, run_after=2023-10-11T07:47:09.107489+00:00
[2023-10-11T07:47:09.119+0000] {processor.py:179} INFO - Processing /home/airflow/.local/lib/python3.8/site-packages/airflow/example_dags/example_setup_teardown_taskflow.py took 0.053 seconds
[2023-10-11T07:47:40.328+0000] {processor.py:157} INFO - Started process (PID=1236) to work on /home/airflow/.local/lib/python3.8/site-packages/airflow/example_dags/example_setup_teardown_taskflow.py
[2023-10-11T07:47:40.329+0000] {processor.py:829} INFO - Processing file /home/airflow/.local/lib/python3.8/site-packages/airflow/example_dags/example_setup_teardown_taskflow.py for tasks to queue
[2023-10-11T07:47:40.331+0000] {logging_mixin.py:151} INFO - [2023-10-11T07:47:40.331+0000] {dagbag.py:539} INFO - Filling up the DagBag from /home/airflow/.local/lib/python3.8/site-packages/airflow/example_dags/example_setup_teardown_taskflow.py
[2023-10-11T07:47:40.336+0000] {processor.py:839} INFO - DAG(s) dict_keys(['example_setup_teardown_taskflow']) retrieved from /home/airflow/.local/lib/python3.8/site-packages/airflow/example_dags/example_setup_teardown_taskflow.py
[2023-10-11T07:47:40.354+0000] {logging_mixin.py:151} INFO - [2023-10-11T07:47:40.354+0000] {dag.py:2915} INFO - Sync 1 DAGs
[2023-10-11T07:47:40.369+0000] {logging_mixin.py:151} INFO - [2023-10-11T07:47:40.369+0000] {dag.py:3696} INFO - Setting next_dagrun for example_setup_teardown_taskflow to 2023-10-10T07:47:40.369315+00:00, run_after=2023-10-11T07:47:40.369315+00:00
[2023-10-11T07:47:40.382+0000] {processor.py:179} INFO - Processing /home/airflow/.local/lib/python3.8/site-packages/airflow/example_dags/example_setup_teardown_taskflow.py took 0.057 seconds
[2023-10-11T07:48:10.523+0000] {processor.py:157} INFO - Started process (PID=1295) to work on /home/airflow/.local/lib/python3.8/site-packages/airflow/example_dags/example_setup_teardown_taskflow.py
[2023-10-11T07:48:10.523+0000] {processor.py:829} INFO - Processing file /home/airflow/.local/lib/python3.8/site-packages/airflow/example_dags/example_setup_teardown_taskflow.py for tasks to queue
[2023-10-11T07:48:10.525+0000] {logging_mixin.py:151} INFO - [2023-10-11T07:48:10.525+0000] {dagbag.py:539} INFO - Filling up the DagBag from /home/airflow/.local/lib/python3.8/site-packages/airflow/example_dags/example_setup_teardown_taskflow.py
[2023-10-11T07:48:10.530+0000] {processor.py:839} INFO - DAG(s) dict_keys(['example_setup_teardown_taskflow']) retrieved from /home/airflow/.local/lib/python3.8/site-packages/airflow/example_dags/example_setup_teardown_taskflow.py
[2023-10-11T07:48:10.547+0000] {logging_mixin.py:151} INFO - [2023-10-11T07:48:10.547+0000] {dag.py:2915} INFO - Sync 1 DAGs
[2023-10-11T07:48:10.561+0000] {logging_mixin.py:151} INFO - [2023-10-11T07:48:10.561+0000] {dag.py:3696} INFO - Setting next_dagrun for example_setup_teardown_taskflow to 2023-10-10T07:48:10.561089+00:00, run_after=2023-10-11T07:48:10.561089+00:00
[2023-10-11T07:48:10.576+0000] {processor.py:179} INFO - Processing /home/airflow/.local/lib/python3.8/site-packages/airflow/example_dags/example_setup_teardown_taskflow.py took 0.056 seconds
[2023-10-11T07:48:41.257+0000] {processor.py:157} INFO - Started process (PID=1354) to work on /home/airflow/.local/lib/python3.8/site-packages/airflow/example_dags/example_setup_teardown_taskflow.py
[2023-10-11T07:48:41.258+0000] {processor.py:829} INFO - Processing file /home/airflow/.local/lib/python3.8/site-packages/airflow/example_dags/example_setup_teardown_taskflow.py for tasks to queue
[2023-10-11T07:48:41.260+0000] {logging_mixin.py:151} INFO - [2023-10-11T07:48:41.259+0000] {dagbag.py:539} INFO - Filling up the DagBag from /home/airflow/.local/lib/python3.8/site-packages/airflow/example_dags/example_setup_teardown_taskflow.py
[2023-10-11T07:48:41.265+0000] {processor.py:839} INFO - DAG(s) dict_keys(['example_setup_teardown_taskflow']) retrieved from /home/airflow/.local/lib/python3.8/site-packages/airflow/example_dags/example_setup_teardown_taskflow.py
[2023-10-11T07:48:41.284+0000] {logging_mixin.py:151} INFO - [2023-10-11T07:48:41.284+0000] {dag.py:2915} INFO - Sync 1 DAGs
[2023-10-11T07:48:41.302+0000] {logging_mixin.py:151} INFO - [2023-10-11T07:48:41.302+0000] {dag.py:3696} INFO - Setting next_dagrun for example_setup_teardown_taskflow to 2023-10-10T07:48:41.301881+00:00, run_after=2023-10-11T07:48:41.301881+00:00
[2023-10-11T07:48:41.315+0000] {processor.py:179} INFO - Processing /home/airflow/.local/lib/python3.8/site-packages/airflow/example_dags/example_setup_teardown_taskflow.py took 0.060 seconds
[2023-10-11T07:49:12.247+0000] {processor.py:157} INFO - Started process (PID=1418) to work on /home/airflow/.local/lib/python3.8/site-packages/airflow/example_dags/example_setup_teardown_taskflow.py
[2023-10-11T07:49:12.248+0000] {processor.py:829} INFO - Processing file /home/airflow/.local/lib/python3.8/site-packages/airflow/example_dags/example_setup_teardown_taskflow.py for tasks to queue
[2023-10-11T07:49:12.249+0000] {logging_mixin.py:151} INFO - [2023-10-11T07:49:12.249+0000] {dagbag.py:539} INFO - Filling up the DagBag from /home/airflow/.local/lib/python3.8/site-packages/airflow/example_dags/example_setup_teardown_taskflow.py
[2023-10-11T07:49:12.255+0000] {processor.py:839} INFO - DAG(s) dict_keys(['example_setup_teardown_taskflow']) retrieved from /home/airflow/.local/lib/python3.8/site-packages/airflow/example_dags/example_setup_teardown_taskflow.py
[2023-10-11T07:49:12.273+0000] {logging_mixin.py:151} INFO - [2023-10-11T07:49:12.273+0000] {dag.py:2915} INFO - Sync 1 DAGs
[2023-10-11T07:49:12.288+0000] {logging_mixin.py:151} INFO - [2023-10-11T07:49:12.288+0000] {dag.py:3696} INFO - Setting next_dagrun for example_setup_teardown_taskflow to 2023-10-10T07:49:12.288066+00:00, run_after=2023-10-11T07:49:12.288066+00:00
[2023-10-11T07:49:12.301+0000] {processor.py:179} INFO - Processing /home/airflow/.local/lib/python3.8/site-packages/airflow/example_dags/example_setup_teardown_taskflow.py took 0.056 seconds
[2023-10-11T07:49:43.387+0000] {processor.py:157} INFO - Started process (PID=1477) to work on /home/airflow/.local/lib/python3.8/site-packages/airflow/example_dags/example_setup_teardown_taskflow.py
[2023-10-11T07:49:43.388+0000] {processor.py:829} INFO - Processing file /home/airflow/.local/lib/python3.8/site-packages/airflow/example_dags/example_setup_teardown_taskflow.py for tasks to queue
[2023-10-11T07:49:43.389+0000] {logging_mixin.py:151} INFO - [2023-10-11T07:49:43.389+0000] {dagbag.py:539} INFO - Filling up the DagBag from /home/airflow/.local/lib/python3.8/site-packages/airflow/example_dags/example_setup_teardown_taskflow.py
[2023-10-11T07:49:43.395+0000] {processor.py:839} INFO - DAG(s) dict_keys(['example_setup_teardown_taskflow']) retrieved from /home/airflow/.local/lib/python3.8/site-packages/airflow/example_dags/example_setup_teardown_taskflow.py
[2023-10-11T07:49:43.412+0000] {logging_mixin.py:151} INFO - [2023-10-11T07:49:43.412+0000] {dag.py:2915} INFO - Sync 1 DAGs
[2023-10-11T07:49:43.426+0000] {logging_mixin.py:151} INFO - [2023-10-11T07:49:43.425+0000] {dag.py:3696} INFO - Setting next_dagrun for example_setup_teardown_taskflow to 2023-10-10T07:49:43.425777+00:00, run_after=2023-10-11T07:49:43.425777+00:00
[2023-10-11T07:49:43.436+0000] {processor.py:179} INFO - Processing /home/airflow/.local/lib/python3.8/site-packages/airflow/example_dags/example_setup_teardown_taskflow.py took 0.051 seconds
[2023-10-11T07:50:13.716+0000] {processor.py:157} INFO - Started process (PID=1536) to work on /home/airflow/.local/lib/python3.8/site-packages/airflow/example_dags/example_setup_teardown_taskflow.py
[2023-10-11T07:50:13.717+0000] {processor.py:829} INFO - Processing file /home/airflow/.local/lib/python3.8/site-packages/airflow/example_dags/example_setup_teardown_taskflow.py for tasks to queue
[2023-10-11T07:50:13.719+0000] {logging_mixin.py:151} INFO - [2023-10-11T07:50:13.718+0000] {dagbag.py:539} INFO - Filling up the DagBag from /home/airflow/.local/lib/python3.8/site-packages/airflow/example_dags/example_setup_teardown_taskflow.py
[2023-10-11T07:50:13.724+0000] {processor.py:839} INFO - DAG(s) dict_keys(['example_setup_teardown_taskflow']) retrieved from /home/airflow/.local/lib/python3.8/site-packages/airflow/example_dags/example_setup_teardown_taskflow.py
[2023-10-11T07:50:13.741+0000] {logging_mixin.py:151} INFO - [2023-10-11T07:50:13.741+0000] {dag.py:2915} INFO - Sync 1 DAGs
[2023-10-11T07:50:13.755+0000] {logging_mixin.py:151} INFO - [2023-10-11T07:50:13.755+0000] {dag.py:3696} INFO - Setting next_dagrun for example_setup_teardown_taskflow to 2023-10-10T07:50:13.755530+00:00, run_after=2023-10-11T07:50:13.755530+00:00
[2023-10-11T07:50:13.766+0000] {processor.py:179} INFO - Processing /home/airflow/.local/lib/python3.8/site-packages/airflow/example_dags/example_setup_teardown_taskflow.py took 0.052 seconds
[2023-10-11T07:50:43.939+0000] {processor.py:157} INFO - Started process (PID=1595) to work on /home/airflow/.local/lib/python3.8/site-packages/airflow/example_dags/example_setup_teardown_taskflow.py
[2023-10-11T07:50:43.940+0000] {processor.py:829} INFO - Processing file /home/airflow/.local/lib/python3.8/site-packages/airflow/example_dags/example_setup_teardown_taskflow.py for tasks to queue
[2023-10-11T07:50:43.941+0000] {logging_mixin.py:151} INFO - [2023-10-11T07:50:43.941+0000] {dagbag.py:539} INFO - Filling up the DagBag from /home/airflow/.local/lib/python3.8/site-packages/airflow/example_dags/example_setup_teardown_taskflow.py
[2023-10-11T07:50:43.947+0000] {processor.py:839} INFO - DAG(s) dict_keys(['example_setup_teardown_taskflow']) retrieved from /home/airflow/.local/lib/python3.8/site-packages/airflow/example_dags/example_setup_teardown_taskflow.py
[2023-10-11T07:50:43.965+0000] {logging_mixin.py:151} INFO - [2023-10-11T07:50:43.964+0000] {dag.py:2915} INFO - Sync 1 DAGs
[2023-10-11T07:50:43.978+0000] {logging_mixin.py:151} INFO - [2023-10-11T07:50:43.978+0000] {dag.py:3696} INFO - Setting next_dagrun for example_setup_teardown_taskflow to 2023-10-10T07:50:43.978585+00:00, run_after=2023-10-11T07:50:43.978585+00:00
[2023-10-11T07:50:43.988+0000] {processor.py:179} INFO - Processing /home/airflow/.local/lib/python3.8/site-packages/airflow/example_dags/example_setup_teardown_taskflow.py took 0.052 seconds
[2023-10-11T07:51:15.149+0000] {processor.py:157} INFO - Started process (PID=1654) to work on /home/airflow/.local/lib/python3.8/site-packages/airflow/example_dags/example_setup_teardown_taskflow.py
[2023-10-11T07:51:15.150+0000] {processor.py:829} INFO - Processing file /home/airflow/.local/lib/python3.8/site-packages/airflow/example_dags/example_setup_teardown_taskflow.py for tasks to queue
[2023-10-11T07:51:15.151+0000] {logging_mixin.py:151} INFO - [2023-10-11T07:51:15.151+0000] {dagbag.py:539} INFO - Filling up the DagBag from /home/airflow/.local/lib/python3.8/site-packages/airflow/example_dags/example_setup_teardown_taskflow.py
[2023-10-11T07:51:15.156+0000] {processor.py:839} INFO - DAG(s) dict_keys(['example_setup_teardown_taskflow']) retrieved from /home/airflow/.local/lib/python3.8/site-packages/airflow/example_dags/example_setup_teardown_taskflow.py
[2023-10-11T07:51:15.173+0000] {logging_mixin.py:151} INFO - [2023-10-11T07:51:15.173+0000] {dag.py:2915} INFO - Sync 1 DAGs
[2023-10-11T07:51:15.187+0000] {logging_mixin.py:151} INFO - [2023-10-11T07:51:15.187+0000] {dag.py:3696} INFO - Setting next_dagrun for example_setup_teardown_taskflow to 2023-10-10T07:51:15.186972+00:00, run_after=2023-10-11T07:51:15.186972+00:00
[2023-10-11T07:51:15.197+0000] {processor.py:179} INFO - Processing /home/airflow/.local/lib/python3.8/site-packages/airflow/example_dags/example_setup_teardown_taskflow.py took 0.051 seconds
