[2023-10-11T07:17:23.185+0000] {processor.py:157} INFO - Started process (PID=63) to work on /home/airflow/.local/lib/python3.8/site-packages/airflow/example_dags/example_short_circuit_decorator.py
[2023-10-11T07:17:23.186+0000] {processor.py:829} INFO - Processing file /home/airflow/.local/lib/python3.8/site-packages/airflow/example_dags/example_short_circuit_decorator.py for tasks to queue
[2023-10-11T07:17:23.188+0000] {logging_mixin.py:151} INFO - [2023-10-11T07:17:23.187+0000] {dagbag.py:539} INFO - Filling up the DagBag from /home/airflow/.local/lib/python3.8/site-packages/airflow/example_dags/example_short_circuit_decorator.py
[2023-10-11T07:17:23.194+0000] {processor.py:839} INFO - DAG(s) dict_keys(['example_short_circuit_decorator']) retrieved from /home/airflow/.local/lib/python3.8/site-packages/airflow/example_dags/example_short_circuit_decorator.py
[2023-10-11T07:17:23.214+0000] {logging_mixin.py:151} INFO - [2023-10-11T07:17:23.214+0000] {dag.py:2915} INFO - Sync 1 DAGs
[2023-10-11T07:17:23.230+0000] {logging_mixin.py:151} INFO - [2023-10-11T07:17:23.230+0000] {dag.py:3696} INFO - Setting next_dagrun for example_short_circuit_decorator to 2023-10-10T07:17:23.229851+00:00, run_after=2023-10-11T07:17:23.229851+00:00
[2023-10-11T07:17:23.242+0000] {processor.py:179} INFO - Processing /home/airflow/.local/lib/python3.8/site-packages/airflow/example_dags/example_short_circuit_decorator.py took 0.060 seconds
[2023-10-11T07:17:53.426+0000] {processor.py:157} INFO - Started process (PID=122) to work on /home/airflow/.local/lib/python3.8/site-packages/airflow/example_dags/example_short_circuit_decorator.py
[2023-10-11T07:17:53.427+0000] {processor.py:829} INFO - Processing file /home/airflow/.local/lib/python3.8/site-packages/airflow/example_dags/example_short_circuit_decorator.py for tasks to queue
[2023-10-11T07:17:53.428+0000] {logging_mixin.py:151} INFO - [2023-10-11T07:17:53.428+0000] {dagbag.py:539} INFO - Filling up the DagBag from /home/airflow/.local/lib/python3.8/site-packages/airflow/example_dags/example_short_circuit_decorator.py
[2023-10-11T07:17:53.434+0000] {processor.py:839} INFO - DAG(s) dict_keys(['example_short_circuit_decorator']) retrieved from /home/airflow/.local/lib/python3.8/site-packages/airflow/example_dags/example_short_circuit_decorator.py
[2023-10-11T07:17:53.451+0000] {logging_mixin.py:151} INFO - [2023-10-11T07:17:53.451+0000] {dag.py:2915} INFO - Sync 1 DAGs
[2023-10-11T07:17:53.466+0000] {logging_mixin.py:151} INFO - [2023-10-11T07:17:53.466+0000] {dag.py:3696} INFO - Setting next_dagrun for example_short_circuit_decorator to 2023-10-10T07:17:53.466103+00:00, run_after=2023-10-11T07:17:53.466103+00:00
[2023-10-11T07:17:53.476+0000] {processor.py:179} INFO - Processing /home/airflow/.local/lib/python3.8/site-packages/airflow/example_dags/example_short_circuit_decorator.py took 0.052 seconds
[2023-10-11T07:18:24.217+0000] {processor.py:157} INFO - Started process (PID=181) to work on /home/airflow/.local/lib/python3.8/site-packages/airflow/example_dags/example_short_circuit_decorator.py
[2023-10-11T07:18:24.218+0000] {processor.py:829} INFO - Processing file /home/airflow/.local/lib/python3.8/site-packages/airflow/example_dags/example_short_circuit_decorator.py for tasks to queue
[2023-10-11T07:18:24.220+0000] {logging_mixin.py:151} INFO - [2023-10-11T07:18:24.219+0000] {dagbag.py:539} INFO - Filling up the DagBag from /home/airflow/.local/lib/python3.8/site-packages/airflow/example_dags/example_short_circuit_decorator.py
[2023-10-11T07:18:24.225+0000] {processor.py:839} INFO - DAG(s) dict_keys(['example_short_circuit_decorator']) retrieved from /home/airflow/.local/lib/python3.8/site-packages/airflow/example_dags/example_short_circuit_decorator.py
[2023-10-11T07:18:24.243+0000] {logging_mixin.py:151} INFO - [2023-10-11T07:18:24.243+0000] {dag.py:2915} INFO - Sync 1 DAGs
[2023-10-11T07:18:24.256+0000] {logging_mixin.py:151} INFO - [2023-10-11T07:18:24.256+0000] {dag.py:3696} INFO - Setting next_dagrun for example_short_circuit_decorator to 2023-10-10T07:18:24.256584+00:00, run_after=2023-10-11T07:18:24.256584+00:00
[2023-10-11T07:18:24.268+0000] {processor.py:179} INFO - Processing /home/airflow/.local/lib/python3.8/site-packages/airflow/example_dags/example_short_circuit_decorator.py took 0.053 seconds
[2023-10-11T07:18:55.423+0000] {processor.py:157} INFO - Started process (PID=240) to work on /home/airflow/.local/lib/python3.8/site-packages/airflow/example_dags/example_short_circuit_decorator.py
[2023-10-11T07:18:55.424+0000] {processor.py:829} INFO - Processing file /home/airflow/.local/lib/python3.8/site-packages/airflow/example_dags/example_short_circuit_decorator.py for tasks to queue
[2023-10-11T07:18:55.425+0000] {logging_mixin.py:151} INFO - [2023-10-11T07:18:55.425+0000] {dagbag.py:539} INFO - Filling up the DagBag from /home/airflow/.local/lib/python3.8/site-packages/airflow/example_dags/example_short_circuit_decorator.py
[2023-10-11T07:18:55.431+0000] {processor.py:839} INFO - DAG(s) dict_keys(['example_short_circuit_decorator']) retrieved from /home/airflow/.local/lib/python3.8/site-packages/airflow/example_dags/example_short_circuit_decorator.py
[2023-10-11T07:18:55.448+0000] {logging_mixin.py:151} INFO - [2023-10-11T07:18:55.448+0000] {dag.py:2915} INFO - Sync 1 DAGs
[2023-10-11T07:18:55.462+0000] {logging_mixin.py:151} INFO - [2023-10-11T07:18:55.462+0000] {dag.py:3696} INFO - Setting next_dagrun for example_short_circuit_decorator to 2023-10-10T07:18:55.462208+00:00, run_after=2023-10-11T07:18:55.462208+00:00
[2023-10-11T07:18:55.472+0000] {processor.py:179} INFO - Processing /home/airflow/.local/lib/python3.8/site-packages/airflow/example_dags/example_short_circuit_decorator.py took 0.051 seconds
[2023-10-11T07:19:26.582+0000] {processor.py:157} INFO - Started process (PID=299) to work on /home/airflow/.local/lib/python3.8/site-packages/airflow/example_dags/example_short_circuit_decorator.py
[2023-10-11T07:19:26.583+0000] {processor.py:829} INFO - Processing file /home/airflow/.local/lib/python3.8/site-packages/airflow/example_dags/example_short_circuit_decorator.py for tasks to queue
[2023-10-11T07:19:26.584+0000] {logging_mixin.py:151} INFO - [2023-10-11T07:19:26.584+0000] {dagbag.py:539} INFO - Filling up the DagBag from /home/airflow/.local/lib/python3.8/site-packages/airflow/example_dags/example_short_circuit_decorator.py
[2023-10-11T07:19:26.589+0000] {processor.py:839} INFO - DAG(s) dict_keys(['example_short_circuit_decorator']) retrieved from /home/airflow/.local/lib/python3.8/site-packages/airflow/example_dags/example_short_circuit_decorator.py
[2023-10-11T07:19:26.607+0000] {logging_mixin.py:151} INFO - [2023-10-11T07:19:26.607+0000] {dag.py:2915} INFO - Sync 1 DAGs
[2023-10-11T07:19:26.621+0000] {logging_mixin.py:151} INFO - [2023-10-11T07:19:26.621+0000] {dag.py:3696} INFO - Setting next_dagrun for example_short_circuit_decorator to 2023-10-10T07:19:26.620857+00:00, run_after=2023-10-11T07:19:26.620857+00:00
[2023-10-11T07:19:26.631+0000] {processor.py:179} INFO - Processing /home/airflow/.local/lib/python3.8/site-packages/airflow/example_dags/example_short_circuit_decorator.py took 0.051 seconds
[2023-10-11T07:19:57.947+0000] {processor.py:157} INFO - Started process (PID=358) to work on /home/airflow/.local/lib/python3.8/site-packages/airflow/example_dags/example_short_circuit_decorator.py
[2023-10-11T07:19:57.948+0000] {processor.py:829} INFO - Processing file /home/airflow/.local/lib/python3.8/site-packages/airflow/example_dags/example_short_circuit_decorator.py for tasks to queue
[2023-10-11T07:19:57.949+0000] {logging_mixin.py:151} INFO - [2023-10-11T07:19:57.949+0000] {dagbag.py:539} INFO - Filling up the DagBag from /home/airflow/.local/lib/python3.8/site-packages/airflow/example_dags/example_short_circuit_decorator.py
[2023-10-11T07:19:57.954+0000] {processor.py:839} INFO - DAG(s) dict_keys(['example_short_circuit_decorator']) retrieved from /home/airflow/.local/lib/python3.8/site-packages/airflow/example_dags/example_short_circuit_decorator.py
[2023-10-11T07:19:57.972+0000] {logging_mixin.py:151} INFO - [2023-10-11T07:19:57.971+0000] {dag.py:2915} INFO - Sync 1 DAGs
[2023-10-11T07:19:57.984+0000] {logging_mixin.py:151} INFO - [2023-10-11T07:19:57.984+0000] {dag.py:3696} INFO - Setting next_dagrun for example_short_circuit_decorator to 2023-10-10T07:19:57.984013+00:00, run_after=2023-10-11T07:19:57.984013+00:00
[2023-10-11T07:19:57.993+0000] {processor.py:179} INFO - Processing /home/airflow/.local/lib/python3.8/site-packages/airflow/example_dags/example_short_circuit_decorator.py took 0.049 seconds
[2023-10-11T07:20:28.216+0000] {processor.py:157} INFO - Started process (PID=417) to work on /home/airflow/.local/lib/python3.8/site-packages/airflow/example_dags/example_short_circuit_decorator.py
[2023-10-11T07:20:28.216+0000] {processor.py:829} INFO - Processing file /home/airflow/.local/lib/python3.8/site-packages/airflow/example_dags/example_short_circuit_decorator.py for tasks to queue
[2023-10-11T07:20:28.218+0000] {logging_mixin.py:151} INFO - [2023-10-11T07:20:28.218+0000] {dagbag.py:539} INFO - Filling up the DagBag from /home/airflow/.local/lib/python3.8/site-packages/airflow/example_dags/example_short_circuit_decorator.py
[2023-10-11T07:20:28.223+0000] {processor.py:839} INFO - DAG(s) dict_keys(['example_short_circuit_decorator']) retrieved from /home/airflow/.local/lib/python3.8/site-packages/airflow/example_dags/example_short_circuit_decorator.py
[2023-10-11T07:20:28.241+0000] {logging_mixin.py:151} INFO - [2023-10-11T07:20:28.241+0000] {dag.py:2915} INFO - Sync 1 DAGs
[2023-10-11T07:20:28.255+0000] {logging_mixin.py:151} INFO - [2023-10-11T07:20:28.254+0000] {dag.py:3696} INFO - Setting next_dagrun for example_short_circuit_decorator to 2023-10-10T07:20:28.254752+00:00, run_after=2023-10-11T07:20:28.254752+00:00
[2023-10-11T07:20:28.265+0000] {processor.py:179} INFO - Processing /home/airflow/.local/lib/python3.8/site-packages/airflow/example_dags/example_short_circuit_decorator.py took 0.051 seconds
[2023-10-11T07:20:58.596+0000] {processor.py:157} INFO - Started process (PID=477) to work on /home/airflow/.local/lib/python3.8/site-packages/airflow/example_dags/example_short_circuit_decorator.py
[2023-10-11T07:20:58.597+0000] {processor.py:829} INFO - Processing file /home/airflow/.local/lib/python3.8/site-packages/airflow/example_dags/example_short_circuit_decorator.py for tasks to queue
[2023-10-11T07:20:58.599+0000] {logging_mixin.py:151} INFO - [2023-10-11T07:20:58.598+0000] {dagbag.py:539} INFO - Filling up the DagBag from /home/airflow/.local/lib/python3.8/site-packages/airflow/example_dags/example_short_circuit_decorator.py
[2023-10-11T07:20:58.604+0000] {processor.py:839} INFO - DAG(s) dict_keys(['example_short_circuit_decorator']) retrieved from /home/airflow/.local/lib/python3.8/site-packages/airflow/example_dags/example_short_circuit_decorator.py
[2023-10-11T07:20:58.621+0000] {logging_mixin.py:151} INFO - [2023-10-11T07:20:58.621+0000] {dag.py:2915} INFO - Sync 1 DAGs
[2023-10-11T07:20:58.635+0000] {logging_mixin.py:151} INFO - [2023-10-11T07:20:58.635+0000] {dag.py:3696} INFO - Setting next_dagrun for example_short_circuit_decorator to 2023-10-10T07:20:58.634891+00:00, run_after=2023-10-11T07:20:58.634891+00:00
[2023-10-11T07:20:58.644+0000] {processor.py:179} INFO - Processing /home/airflow/.local/lib/python3.8/site-packages/airflow/example_dags/example_short_circuit_decorator.py took 0.050 seconds
[2023-10-11T07:21:29.156+0000] {processor.py:157} INFO - Started process (PID=536) to work on /home/airflow/.local/lib/python3.8/site-packages/airflow/example_dags/example_short_circuit_decorator.py
[2023-10-11T07:21:29.156+0000] {processor.py:829} INFO - Processing file /home/airflow/.local/lib/python3.8/site-packages/airflow/example_dags/example_short_circuit_decorator.py for tasks to queue
[2023-10-11T07:21:29.158+0000] {logging_mixin.py:151} INFO - [2023-10-11T07:21:29.157+0000] {dagbag.py:539} INFO - Filling up the DagBag from /home/airflow/.local/lib/python3.8/site-packages/airflow/example_dags/example_short_circuit_decorator.py
[2023-10-11T07:21:29.163+0000] {processor.py:839} INFO - DAG(s) dict_keys(['example_short_circuit_decorator']) retrieved from /home/airflow/.local/lib/python3.8/site-packages/airflow/example_dags/example_short_circuit_decorator.py
[2023-10-11T07:21:29.180+0000] {logging_mixin.py:151} INFO - [2023-10-11T07:21:29.180+0000] {dag.py:2915} INFO - Sync 1 DAGs
[2023-10-11T07:21:29.193+0000] {logging_mixin.py:151} INFO - [2023-10-11T07:21:29.193+0000] {dag.py:3696} INFO - Setting next_dagrun for example_short_circuit_decorator to 2023-10-10T07:21:29.192916+00:00, run_after=2023-10-11T07:21:29.192916+00:00
[2023-10-11T07:21:29.202+0000] {processor.py:179} INFO - Processing /home/airflow/.local/lib/python3.8/site-packages/airflow/example_dags/example_short_circuit_decorator.py took 0.048 seconds
[2023-10-11T07:21:59.670+0000] {processor.py:157} INFO - Started process (PID=595) to work on /home/airflow/.local/lib/python3.8/site-packages/airflow/example_dags/example_short_circuit_decorator.py
[2023-10-11T07:21:59.671+0000] {processor.py:829} INFO - Processing file /home/airflow/.local/lib/python3.8/site-packages/airflow/example_dags/example_short_circuit_decorator.py for tasks to queue
[2023-10-11T07:21:59.672+0000] {logging_mixin.py:151} INFO - [2023-10-11T07:21:59.672+0000] {dagbag.py:539} INFO - Filling up the DagBag from /home/airflow/.local/lib/python3.8/site-packages/airflow/example_dags/example_short_circuit_decorator.py
[2023-10-11T07:21:59.678+0000] {processor.py:839} INFO - DAG(s) dict_keys(['example_short_circuit_decorator']) retrieved from /home/airflow/.local/lib/python3.8/site-packages/airflow/example_dags/example_short_circuit_decorator.py
[2023-10-11T07:21:59.696+0000] {logging_mixin.py:151} INFO - [2023-10-11T07:21:59.696+0000] {dag.py:2915} INFO - Sync 1 DAGs
[2023-10-11T07:21:59.709+0000] {logging_mixin.py:151} INFO - [2023-10-11T07:21:59.709+0000] {dag.py:3696} INFO - Setting next_dagrun for example_short_circuit_decorator to 2023-10-10T07:21:59.708949+00:00, run_after=2023-10-11T07:21:59.708949+00:00
[2023-10-11T07:21:59.718+0000] {processor.py:179} INFO - Processing /home/airflow/.local/lib/python3.8/site-packages/airflow/example_dags/example_short_circuit_decorator.py took 0.050 seconds
[2023-10-11T07:22:29.825+0000] {processor.py:157} INFO - Started process (PID=653) to work on /home/airflow/.local/lib/python3.8/site-packages/airflow/example_dags/example_short_circuit_decorator.py
[2023-10-11T07:22:29.826+0000] {processor.py:829} INFO - Processing file /home/airflow/.local/lib/python3.8/site-packages/airflow/example_dags/example_short_circuit_decorator.py for tasks to queue
[2023-10-11T07:22:29.828+0000] {logging_mixin.py:151} INFO - [2023-10-11T07:22:29.827+0000] {dagbag.py:539} INFO - Filling up the DagBag from /home/airflow/.local/lib/python3.8/site-packages/airflow/example_dags/example_short_circuit_decorator.py
[2023-10-11T07:22:29.833+0000] {processor.py:839} INFO - DAG(s) dict_keys(['example_short_circuit_decorator']) retrieved from /home/airflow/.local/lib/python3.8/site-packages/airflow/example_dags/example_short_circuit_decorator.py
[2023-10-11T07:22:29.850+0000] {logging_mixin.py:151} INFO - [2023-10-11T07:22:29.850+0000] {dag.py:2915} INFO - Sync 1 DAGs
[2023-10-11T07:22:29.863+0000] {logging_mixin.py:151} INFO - [2023-10-11T07:22:29.863+0000] {dag.py:3696} INFO - Setting next_dagrun for example_short_circuit_decorator to 2023-10-10T07:22:29.863531+00:00, run_after=2023-10-11T07:22:29.863531+00:00
[2023-10-11T07:22:29.873+0000] {processor.py:179} INFO - Processing /home/airflow/.local/lib/python3.8/site-packages/airflow/example_dags/example_short_circuit_decorator.py took 0.050 seconds
[2023-10-11T07:23:00.175+0000] {processor.py:157} INFO - Started process (PID=707) to work on /home/airflow/.local/lib/python3.8/site-packages/airflow/example_dags/example_short_circuit_decorator.py
[2023-10-11T07:23:00.175+0000] {processor.py:829} INFO - Processing file /home/airflow/.local/lib/python3.8/site-packages/airflow/example_dags/example_short_circuit_decorator.py for tasks to queue
[2023-10-11T07:23:00.177+0000] {logging_mixin.py:151} INFO - [2023-10-11T07:23:00.177+0000] {dagbag.py:539} INFO - Filling up the DagBag from /home/airflow/.local/lib/python3.8/site-packages/airflow/example_dags/example_short_circuit_decorator.py
[2023-10-11T07:23:00.183+0000] {processor.py:839} INFO - DAG(s) dict_keys(['example_short_circuit_decorator']) retrieved from /home/airflow/.local/lib/python3.8/site-packages/airflow/example_dags/example_short_circuit_decorator.py
[2023-10-11T07:23:00.200+0000] {logging_mixin.py:151} INFO - [2023-10-11T07:23:00.200+0000] {dag.py:2915} INFO - Sync 1 DAGs
[2023-10-11T07:23:00.214+0000] {logging_mixin.py:151} INFO - [2023-10-11T07:23:00.214+0000] {dag.py:3696} INFO - Setting next_dagrun for example_short_circuit_decorator to 2023-10-10T07:23:00.213956+00:00, run_after=2023-10-11T07:23:00.213956+00:00
[2023-10-11T07:23:00.223+0000] {processor.py:179} INFO - Processing /home/airflow/.local/lib/python3.8/site-packages/airflow/example_dags/example_short_circuit_decorator.py took 0.051 seconds
[2023-10-11T07:23:30.515+0000] {processor.py:157} INFO - Started process (PID=766) to work on /home/airflow/.local/lib/python3.8/site-packages/airflow/example_dags/example_short_circuit_decorator.py
[2023-10-11T07:23:30.516+0000] {processor.py:829} INFO - Processing file /home/airflow/.local/lib/python3.8/site-packages/airflow/example_dags/example_short_circuit_decorator.py for tasks to queue
[2023-10-11T07:23:30.518+0000] {logging_mixin.py:151} INFO - [2023-10-11T07:23:30.518+0000] {dagbag.py:539} INFO - Filling up the DagBag from /home/airflow/.local/lib/python3.8/site-packages/airflow/example_dags/example_short_circuit_decorator.py
[2023-10-11T07:23:30.523+0000] {processor.py:839} INFO - DAG(s) dict_keys(['example_short_circuit_decorator']) retrieved from /home/airflow/.local/lib/python3.8/site-packages/airflow/example_dags/example_short_circuit_decorator.py
[2023-10-11T07:23:30.544+0000] {logging_mixin.py:151} INFO - [2023-10-11T07:23:30.544+0000] {dag.py:2915} INFO - Sync 1 DAGs
[2023-10-11T07:23:30.560+0000] {logging_mixin.py:151} INFO - [2023-10-11T07:23:30.560+0000] {dag.py:3696} INFO - Setting next_dagrun for example_short_circuit_decorator to 2023-10-10T07:23:30.560525+00:00, run_after=2023-10-11T07:23:30.560525+00:00
[2023-10-11T07:23:30.571+0000] {processor.py:179} INFO - Processing /home/airflow/.local/lib/python3.8/site-packages/airflow/example_dags/example_short_circuit_decorator.py took 0.058 seconds
[2023-10-11T07:24:01.110+0000] {processor.py:157} INFO - Started process (PID=825) to work on /home/airflow/.local/lib/python3.8/site-packages/airflow/example_dags/example_short_circuit_decorator.py
[2023-10-11T07:24:01.111+0000] {processor.py:829} INFO - Processing file /home/airflow/.local/lib/python3.8/site-packages/airflow/example_dags/example_short_circuit_decorator.py for tasks to queue
[2023-10-11T07:24:01.112+0000] {logging_mixin.py:151} INFO - [2023-10-11T07:24:01.112+0000] {dagbag.py:539} INFO - Filling up the DagBag from /home/airflow/.local/lib/python3.8/site-packages/airflow/example_dags/example_short_circuit_decorator.py
[2023-10-11T07:24:01.117+0000] {processor.py:839} INFO - DAG(s) dict_keys(['example_short_circuit_decorator']) retrieved from /home/airflow/.local/lib/python3.8/site-packages/airflow/example_dags/example_short_circuit_decorator.py
[2023-10-11T07:24:01.135+0000] {logging_mixin.py:151} INFO - [2023-10-11T07:24:01.135+0000] {dag.py:2915} INFO - Sync 1 DAGs
[2023-10-11T07:24:01.147+0000] {logging_mixin.py:151} INFO - [2023-10-11T07:24:01.147+0000] {dag.py:3696} INFO - Setting next_dagrun for example_short_circuit_decorator to 2023-10-10T07:24:01.147285+00:00, run_after=2023-10-11T07:24:01.147285+00:00
[2023-10-11T07:24:01.157+0000] {processor.py:179} INFO - Processing /home/airflow/.local/lib/python3.8/site-packages/airflow/example_dags/example_short_circuit_decorator.py took 0.049 seconds
[2023-10-11T07:24:31.212+0000] {processor.py:157} INFO - Started process (PID=884) to work on /home/airflow/.local/lib/python3.8/site-packages/airflow/example_dags/example_short_circuit_decorator.py
[2023-10-11T07:24:31.213+0000] {processor.py:829} INFO - Processing file /home/airflow/.local/lib/python3.8/site-packages/airflow/example_dags/example_short_circuit_decorator.py for tasks to queue
[2023-10-11T07:24:31.214+0000] {logging_mixin.py:151} INFO - [2023-10-11T07:24:31.214+0000] {dagbag.py:539} INFO - Filling up the DagBag from /home/airflow/.local/lib/python3.8/site-packages/airflow/example_dags/example_short_circuit_decorator.py
[2023-10-11T07:24:31.220+0000] {processor.py:839} INFO - DAG(s) dict_keys(['example_short_circuit_decorator']) retrieved from /home/airflow/.local/lib/python3.8/site-packages/airflow/example_dags/example_short_circuit_decorator.py
[2023-10-11T07:24:31.237+0000] {logging_mixin.py:151} INFO - [2023-10-11T07:24:31.237+0000] {dag.py:2915} INFO - Sync 1 DAGs
[2023-10-11T07:24:31.254+0000] {logging_mixin.py:151} INFO - [2023-10-11T07:24:31.254+0000] {dag.py:3696} INFO - Setting next_dagrun for example_short_circuit_decorator to 2023-10-10T07:24:31.254174+00:00, run_after=2023-10-11T07:24:31.254174+00:00
[2023-10-11T07:24:31.264+0000] {processor.py:179} INFO - Processing /home/airflow/.local/lib/python3.8/site-packages/airflow/example_dags/example_short_circuit_decorator.py took 0.054 seconds
[2023-10-11T07:25:02.490+0000] {processor.py:157} INFO - Started process (PID=943) to work on /home/airflow/.local/lib/python3.8/site-packages/airflow/example_dags/example_short_circuit_decorator.py
[2023-10-11T07:25:02.490+0000] {processor.py:829} INFO - Processing file /home/airflow/.local/lib/python3.8/site-packages/airflow/example_dags/example_short_circuit_decorator.py for tasks to queue
[2023-10-11T07:25:02.492+0000] {logging_mixin.py:151} INFO - [2023-10-11T07:25:02.492+0000] {dagbag.py:539} INFO - Filling up the DagBag from /home/airflow/.local/lib/python3.8/site-packages/airflow/example_dags/example_short_circuit_decorator.py
[2023-10-11T07:25:02.497+0000] {processor.py:839} INFO - DAG(s) dict_keys(['example_short_circuit_decorator']) retrieved from /home/airflow/.local/lib/python3.8/site-packages/airflow/example_dags/example_short_circuit_decorator.py
[2023-10-11T07:25:02.515+0000] {logging_mixin.py:151} INFO - [2023-10-11T07:25:02.515+0000] {dag.py:2915} INFO - Sync 1 DAGs
[2023-10-11T07:25:02.529+0000] {logging_mixin.py:151} INFO - [2023-10-11T07:25:02.529+0000] {dag.py:3696} INFO - Setting next_dagrun for example_short_circuit_decorator to 2023-10-10T07:25:02.529207+00:00, run_after=2023-10-11T07:25:02.529207+00:00
[2023-10-11T07:25:02.539+0000] {processor.py:179} INFO - Processing /home/airflow/.local/lib/python3.8/site-packages/airflow/example_dags/example_short_circuit_decorator.py took 0.051 seconds
[2023-10-11T07:25:33.626+0000] {processor.py:157} INFO - Started process (PID=1002) to work on /home/airflow/.local/lib/python3.8/site-packages/airflow/example_dags/example_short_circuit_decorator.py
[2023-10-11T07:25:33.627+0000] {processor.py:829} INFO - Processing file /home/airflow/.local/lib/python3.8/site-packages/airflow/example_dags/example_short_circuit_decorator.py for tasks to queue
[2023-10-11T07:25:33.628+0000] {logging_mixin.py:151} INFO - [2023-10-11T07:25:33.628+0000] {dagbag.py:539} INFO - Filling up the DagBag from /home/airflow/.local/lib/python3.8/site-packages/airflow/example_dags/example_short_circuit_decorator.py
[2023-10-11T07:25:33.633+0000] {processor.py:839} INFO - DAG(s) dict_keys(['example_short_circuit_decorator']) retrieved from /home/airflow/.local/lib/python3.8/site-packages/airflow/example_dags/example_short_circuit_decorator.py
[2023-10-11T07:25:33.651+0000] {logging_mixin.py:151} INFO - [2023-10-11T07:25:33.651+0000] {dag.py:2915} INFO - Sync 1 DAGs
[2023-10-11T07:25:33.665+0000] {logging_mixin.py:151} INFO - [2023-10-11T07:25:33.665+0000] {dag.py:3696} INFO - Setting next_dagrun for example_short_circuit_decorator to 2023-10-10T07:25:33.665376+00:00, run_after=2023-10-11T07:25:33.665376+00:00
[2023-10-11T07:25:33.675+0000] {processor.py:179} INFO - Processing /home/airflow/.local/lib/python3.8/site-packages/airflow/example_dags/example_short_circuit_decorator.py took 0.051 seconds
[2023-10-11T07:26:04.746+0000] {processor.py:157} INFO - Started process (PID=1061) to work on /home/airflow/.local/lib/python3.8/site-packages/airflow/example_dags/example_short_circuit_decorator.py
[2023-10-11T07:26:04.747+0000] {processor.py:829} INFO - Processing file /home/airflow/.local/lib/python3.8/site-packages/airflow/example_dags/example_short_circuit_decorator.py for tasks to queue
[2023-10-11T07:26:04.749+0000] {logging_mixin.py:151} INFO - [2023-10-11T07:26:04.748+0000] {dagbag.py:539} INFO - Filling up the DagBag from /home/airflow/.local/lib/python3.8/site-packages/airflow/example_dags/example_short_circuit_decorator.py
[2023-10-11T07:26:04.754+0000] {processor.py:839} INFO - DAG(s) dict_keys(['example_short_circuit_decorator']) retrieved from /home/airflow/.local/lib/python3.8/site-packages/airflow/example_dags/example_short_circuit_decorator.py
[2023-10-11T07:26:04.771+0000] {logging_mixin.py:151} INFO - [2023-10-11T07:26:04.771+0000] {dag.py:2915} INFO - Sync 1 DAGs
[2023-10-11T07:26:04.786+0000] {logging_mixin.py:151} INFO - [2023-10-11T07:26:04.786+0000] {dag.py:3696} INFO - Setting next_dagrun for example_short_circuit_decorator to 2023-10-10T07:26:04.786082+00:00, run_after=2023-10-11T07:26:04.786082+00:00
[2023-10-11T07:26:04.795+0000] {processor.py:179} INFO - Processing /home/airflow/.local/lib/python3.8/site-packages/airflow/example_dags/example_short_circuit_decorator.py took 0.051 seconds
[2023-10-11T07:26:35.849+0000] {processor.py:157} INFO - Started process (PID=1120) to work on /home/airflow/.local/lib/python3.8/site-packages/airflow/example_dags/example_short_circuit_decorator.py
[2023-10-11T07:26:35.850+0000] {processor.py:829} INFO - Processing file /home/airflow/.local/lib/python3.8/site-packages/airflow/example_dags/example_short_circuit_decorator.py for tasks to queue
[2023-10-11T07:26:35.851+0000] {logging_mixin.py:151} INFO - [2023-10-11T07:26:35.851+0000] {dagbag.py:539} INFO - Filling up the DagBag from /home/airflow/.local/lib/python3.8/site-packages/airflow/example_dags/example_short_circuit_decorator.py
[2023-10-11T07:26:35.857+0000] {processor.py:839} INFO - DAG(s) dict_keys(['example_short_circuit_decorator']) retrieved from /home/airflow/.local/lib/python3.8/site-packages/airflow/example_dags/example_short_circuit_decorator.py
[2023-10-11T07:26:35.875+0000] {logging_mixin.py:151} INFO - [2023-10-11T07:26:35.875+0000] {dag.py:2915} INFO - Sync 1 DAGs
[2023-10-11T07:26:35.889+0000] {logging_mixin.py:151} INFO - [2023-10-11T07:26:35.889+0000] {dag.py:3696} INFO - Setting next_dagrun for example_short_circuit_decorator to 2023-10-10T07:26:35.888947+00:00, run_after=2023-10-11T07:26:35.888947+00:00
[2023-10-11T07:26:35.899+0000] {processor.py:179} INFO - Processing /home/airflow/.local/lib/python3.8/site-packages/airflow/example_dags/example_short_circuit_decorator.py took 0.052 seconds
[2023-10-11T07:27:06.340+0000] {processor.py:157} INFO - Started process (PID=1179) to work on /home/airflow/.local/lib/python3.8/site-packages/airflow/example_dags/example_short_circuit_decorator.py
[2023-10-11T07:27:06.341+0000] {processor.py:829} INFO - Processing file /home/airflow/.local/lib/python3.8/site-packages/airflow/example_dags/example_short_circuit_decorator.py for tasks to queue
[2023-10-11T07:27:06.342+0000] {logging_mixin.py:151} INFO - [2023-10-11T07:27:06.342+0000] {dagbag.py:539} INFO - Filling up the DagBag from /home/airflow/.local/lib/python3.8/site-packages/airflow/example_dags/example_short_circuit_decorator.py
[2023-10-11T07:27:06.347+0000] {processor.py:839} INFO - DAG(s) dict_keys(['example_short_circuit_decorator']) retrieved from /home/airflow/.local/lib/python3.8/site-packages/airflow/example_dags/example_short_circuit_decorator.py
[2023-10-11T07:27:06.364+0000] {logging_mixin.py:151} INFO - [2023-10-11T07:27:06.364+0000] {dag.py:2915} INFO - Sync 1 DAGs
[2023-10-11T07:27:06.377+0000] {logging_mixin.py:151} INFO - [2023-10-11T07:27:06.376+0000] {dag.py:3696} INFO - Setting next_dagrun for example_short_circuit_decorator to 2023-10-10T07:27:06.376797+00:00, run_after=2023-10-11T07:27:06.376797+00:00
[2023-10-11T07:27:06.385+0000] {processor.py:179} INFO - Processing /home/airflow/.local/lib/python3.8/site-packages/airflow/example_dags/example_short_circuit_decorator.py took 0.048 seconds
[2023-10-11T07:27:37.025+0000] {processor.py:157} INFO - Started process (PID=1238) to work on /home/airflow/.local/lib/python3.8/site-packages/airflow/example_dags/example_short_circuit_decorator.py
[2023-10-11T07:27:37.026+0000] {processor.py:829} INFO - Processing file /home/airflow/.local/lib/python3.8/site-packages/airflow/example_dags/example_short_circuit_decorator.py for tasks to queue
[2023-10-11T07:27:37.027+0000] {logging_mixin.py:151} INFO - [2023-10-11T07:27:37.027+0000] {dagbag.py:539} INFO - Filling up the DagBag from /home/airflow/.local/lib/python3.8/site-packages/airflow/example_dags/example_short_circuit_decorator.py
[2023-10-11T07:27:37.032+0000] {processor.py:839} INFO - DAG(s) dict_keys(['example_short_circuit_decorator']) retrieved from /home/airflow/.local/lib/python3.8/site-packages/airflow/example_dags/example_short_circuit_decorator.py
[2023-10-11T07:27:37.052+0000] {logging_mixin.py:151} INFO - [2023-10-11T07:27:37.052+0000] {dag.py:2915} INFO - Sync 1 DAGs
[2023-10-11T07:27:37.073+0000] {logging_mixin.py:151} INFO - [2023-10-11T07:27:37.073+0000] {dag.py:3696} INFO - Setting next_dagrun for example_short_circuit_decorator to 2023-10-10T07:27:37.072915+00:00, run_after=2023-10-11T07:27:37.072915+00:00
[2023-10-11T07:27:37.084+0000] {processor.py:179} INFO - Processing /home/airflow/.local/lib/python3.8/site-packages/airflow/example_dags/example_short_circuit_decorator.py took 0.062 seconds
[2023-10-11T07:28:08.153+0000] {processor.py:157} INFO - Started process (PID=1297) to work on /home/airflow/.local/lib/python3.8/site-packages/airflow/example_dags/example_short_circuit_decorator.py
[2023-10-11T07:28:08.154+0000] {processor.py:829} INFO - Processing file /home/airflow/.local/lib/python3.8/site-packages/airflow/example_dags/example_short_circuit_decorator.py for tasks to queue
[2023-10-11T07:28:08.156+0000] {logging_mixin.py:151} INFO - [2023-10-11T07:28:08.155+0000] {dagbag.py:539} INFO - Filling up the DagBag from /home/airflow/.local/lib/python3.8/site-packages/airflow/example_dags/example_short_circuit_decorator.py
[2023-10-11T07:28:08.161+0000] {processor.py:839} INFO - DAG(s) dict_keys(['example_short_circuit_decorator']) retrieved from /home/airflow/.local/lib/python3.8/site-packages/airflow/example_dags/example_short_circuit_decorator.py
[2023-10-11T07:28:08.179+0000] {logging_mixin.py:151} INFO - [2023-10-11T07:28:08.179+0000] {dag.py:2915} INFO - Sync 1 DAGs
[2023-10-11T07:28:08.193+0000] {logging_mixin.py:151} INFO - [2023-10-11T07:28:08.193+0000] {dag.py:3696} INFO - Setting next_dagrun for example_short_circuit_decorator to 2023-10-10T07:28:08.192834+00:00, run_after=2023-10-11T07:28:08.192834+00:00
[2023-10-11T07:28:08.202+0000] {processor.py:179} INFO - Processing /home/airflow/.local/lib/python3.8/site-packages/airflow/example_dags/example_short_circuit_decorator.py took 0.051 seconds
[2023-10-11T07:28:38.630+0000] {processor.py:157} INFO - Started process (PID=1356) to work on /home/airflow/.local/lib/python3.8/site-packages/airflow/example_dags/example_short_circuit_decorator.py
[2023-10-11T07:28:38.630+0000] {processor.py:829} INFO - Processing file /home/airflow/.local/lib/python3.8/site-packages/airflow/example_dags/example_short_circuit_decorator.py for tasks to queue
[2023-10-11T07:28:38.632+0000] {logging_mixin.py:151} INFO - [2023-10-11T07:28:38.632+0000] {dagbag.py:539} INFO - Filling up the DagBag from /home/airflow/.local/lib/python3.8/site-packages/airflow/example_dags/example_short_circuit_decorator.py
[2023-10-11T07:28:38.637+0000] {processor.py:839} INFO - DAG(s) dict_keys(['example_short_circuit_decorator']) retrieved from /home/airflow/.local/lib/python3.8/site-packages/airflow/example_dags/example_short_circuit_decorator.py
[2023-10-11T07:28:38.654+0000] {logging_mixin.py:151} INFO - [2023-10-11T07:28:38.654+0000] {dag.py:2915} INFO - Sync 1 DAGs
[2023-10-11T07:28:38.668+0000] {logging_mixin.py:151} INFO - [2023-10-11T07:28:38.668+0000] {dag.py:3696} INFO - Setting next_dagrun for example_short_circuit_decorator to 2023-10-10T07:28:38.668440+00:00, run_after=2023-10-11T07:28:38.668440+00:00
[2023-10-11T07:28:38.679+0000] {processor.py:179} INFO - Processing /home/airflow/.local/lib/python3.8/site-packages/airflow/example_dags/example_short_circuit_decorator.py took 0.051 seconds
[2023-10-11T07:29:09.808+0000] {processor.py:157} INFO - Started process (PID=1415) to work on /home/airflow/.local/lib/python3.8/site-packages/airflow/example_dags/example_short_circuit_decorator.py
[2023-10-11T07:29:09.809+0000] {processor.py:829} INFO - Processing file /home/airflow/.local/lib/python3.8/site-packages/airflow/example_dags/example_short_circuit_decorator.py for tasks to queue
[2023-10-11T07:29:09.810+0000] {logging_mixin.py:151} INFO - [2023-10-11T07:29:09.810+0000] {dagbag.py:539} INFO - Filling up the DagBag from /home/airflow/.local/lib/python3.8/site-packages/airflow/example_dags/example_short_circuit_decorator.py
[2023-10-11T07:29:09.815+0000] {processor.py:839} INFO - DAG(s) dict_keys(['example_short_circuit_decorator']) retrieved from /home/airflow/.local/lib/python3.8/site-packages/airflow/example_dags/example_short_circuit_decorator.py
[2023-10-11T07:29:09.832+0000] {logging_mixin.py:151} INFO - [2023-10-11T07:29:09.832+0000] {dag.py:2915} INFO - Sync 1 DAGs
[2023-10-11T07:29:09.846+0000] {logging_mixin.py:151} INFO - [2023-10-11T07:29:09.846+0000] {dag.py:3696} INFO - Setting next_dagrun for example_short_circuit_decorator to 2023-10-10T07:29:09.846089+00:00, run_after=2023-10-11T07:29:09.846089+00:00
[2023-10-11T07:29:09.856+0000] {processor.py:179} INFO - Processing /home/airflow/.local/lib/python3.8/site-packages/airflow/example_dags/example_short_circuit_decorator.py took 0.050 seconds
[2023-10-11T07:29:40.765+0000] {processor.py:157} INFO - Started process (PID=1474) to work on /home/airflow/.local/lib/python3.8/site-packages/airflow/example_dags/example_short_circuit_decorator.py
[2023-10-11T07:29:40.767+0000] {processor.py:829} INFO - Processing file /home/airflow/.local/lib/python3.8/site-packages/airflow/example_dags/example_short_circuit_decorator.py for tasks to queue
[2023-10-11T07:29:40.769+0000] {logging_mixin.py:151} INFO - [2023-10-11T07:29:40.768+0000] {dagbag.py:539} INFO - Filling up the DagBag from /home/airflow/.local/lib/python3.8/site-packages/airflow/example_dags/example_short_circuit_decorator.py
[2023-10-11T07:29:40.775+0000] {processor.py:839} INFO - DAG(s) dict_keys(['example_short_circuit_decorator']) retrieved from /home/airflow/.local/lib/python3.8/site-packages/airflow/example_dags/example_short_circuit_decorator.py
[2023-10-11T07:29:40.800+0000] {logging_mixin.py:151} INFO - [2023-10-11T07:29:40.800+0000] {dag.py:2915} INFO - Sync 1 DAGs
[2023-10-11T07:29:40.815+0000] {logging_mixin.py:151} INFO - [2023-10-11T07:29:40.815+0000] {dag.py:3696} INFO - Setting next_dagrun for example_short_circuit_decorator to 2023-10-10T07:29:40.815409+00:00, run_after=2023-10-11T07:29:40.815409+00:00
[2023-10-11T07:29:40.827+0000] {processor.py:179} INFO - Processing /home/airflow/.local/lib/python3.8/site-packages/airflow/example_dags/example_short_circuit_decorator.py took 0.064 seconds
[2023-10-11T07:30:11.770+0000] {processor.py:157} INFO - Started process (PID=1533) to work on /home/airflow/.local/lib/python3.8/site-packages/airflow/example_dags/example_short_circuit_decorator.py
[2023-10-11T07:30:11.771+0000] {processor.py:829} INFO - Processing file /home/airflow/.local/lib/python3.8/site-packages/airflow/example_dags/example_short_circuit_decorator.py for tasks to queue
[2023-10-11T07:30:11.773+0000] {logging_mixin.py:151} INFO - [2023-10-11T07:30:11.772+0000] {dagbag.py:539} INFO - Filling up the DagBag from /home/airflow/.local/lib/python3.8/site-packages/airflow/example_dags/example_short_circuit_decorator.py
[2023-10-11T07:30:11.778+0000] {processor.py:839} INFO - DAG(s) dict_keys(['example_short_circuit_decorator']) retrieved from /home/airflow/.local/lib/python3.8/site-packages/airflow/example_dags/example_short_circuit_decorator.py
[2023-10-11T07:30:11.796+0000] {logging_mixin.py:151} INFO - [2023-10-11T07:30:11.796+0000] {dag.py:2915} INFO - Sync 1 DAGs
[2023-10-11T07:30:11.811+0000] {logging_mixin.py:151} INFO - [2023-10-11T07:30:11.811+0000] {dag.py:3696} INFO - Setting next_dagrun for example_short_circuit_decorator to 2023-10-10T07:30:11.810917+00:00, run_after=2023-10-11T07:30:11.810917+00:00
[2023-10-11T07:30:11.820+0000] {processor.py:179} INFO - Processing /home/airflow/.local/lib/python3.8/site-packages/airflow/example_dags/example_short_circuit_decorator.py took 0.052 seconds
[2023-10-11T07:30:41.973+0000] {processor.py:157} INFO - Started process (PID=1591) to work on /home/airflow/.local/lib/python3.8/site-packages/airflow/example_dags/example_short_circuit_decorator.py
[2023-10-11T07:30:41.973+0000] {processor.py:829} INFO - Processing file /home/airflow/.local/lib/python3.8/site-packages/airflow/example_dags/example_short_circuit_decorator.py for tasks to queue
[2023-10-11T07:30:41.975+0000] {logging_mixin.py:151} INFO - [2023-10-11T07:30:41.975+0000] {dagbag.py:539} INFO - Filling up the DagBag from /home/airflow/.local/lib/python3.8/site-packages/airflow/example_dags/example_short_circuit_decorator.py
[2023-10-11T07:30:41.980+0000] {processor.py:839} INFO - DAG(s) dict_keys(['example_short_circuit_decorator']) retrieved from /home/airflow/.local/lib/python3.8/site-packages/airflow/example_dags/example_short_circuit_decorator.py
[2023-10-11T07:30:41.998+0000] {logging_mixin.py:151} INFO - [2023-10-11T07:30:41.998+0000] {dag.py:2915} INFO - Sync 1 DAGs
[2023-10-11T07:30:42.014+0000] {logging_mixin.py:151} INFO - [2023-10-11T07:30:42.013+0000] {dag.py:3696} INFO - Setting next_dagrun for example_short_circuit_decorator to 2023-10-10T07:30:42.013788+00:00, run_after=2023-10-11T07:30:42.013788+00:00
[2023-10-11T07:30:42.024+0000] {processor.py:179} INFO - Processing /home/airflow/.local/lib/python3.8/site-packages/airflow/example_dags/example_short_circuit_decorator.py took 0.054 seconds
[2023-10-11T07:31:12.256+0000] {processor.py:157} INFO - Started process (PID=1656) to work on /home/airflow/.local/lib/python3.8/site-packages/airflow/example_dags/example_short_circuit_decorator.py
[2023-10-11T07:31:12.257+0000] {processor.py:829} INFO - Processing file /home/airflow/.local/lib/python3.8/site-packages/airflow/example_dags/example_short_circuit_decorator.py for tasks to queue
[2023-10-11T07:31:12.258+0000] {logging_mixin.py:151} INFO - [2023-10-11T07:31:12.258+0000] {dagbag.py:539} INFO - Filling up the DagBag from /home/airflow/.local/lib/python3.8/site-packages/airflow/example_dags/example_short_circuit_decorator.py
[2023-10-11T07:31:12.263+0000] {processor.py:839} INFO - DAG(s) dict_keys(['example_short_circuit_decorator']) retrieved from /home/airflow/.local/lib/python3.8/site-packages/airflow/example_dags/example_short_circuit_decorator.py
[2023-10-11T07:31:12.281+0000] {logging_mixin.py:151} INFO - [2023-10-11T07:31:12.281+0000] {dag.py:2915} INFO - Sync 1 DAGs
[2023-10-11T07:31:12.294+0000] {logging_mixin.py:151} INFO - [2023-10-11T07:31:12.293+0000] {dag.py:3696} INFO - Setting next_dagrun for example_short_circuit_decorator to 2023-10-10T07:31:12.293785+00:00, run_after=2023-10-11T07:31:12.293785+00:00
[2023-10-11T07:31:12.302+0000] {processor.py:179} INFO - Processing /home/airflow/.local/lib/python3.8/site-packages/airflow/example_dags/example_short_circuit_decorator.py took 0.048 seconds
[2023-10-11T07:31:42.522+0000] {processor.py:157} INFO - Started process (PID=1715) to work on /home/airflow/.local/lib/python3.8/site-packages/airflow/example_dags/example_short_circuit_decorator.py
[2023-10-11T07:31:42.523+0000] {processor.py:829} INFO - Processing file /home/airflow/.local/lib/python3.8/site-packages/airflow/example_dags/example_short_circuit_decorator.py for tasks to queue
[2023-10-11T07:31:42.525+0000] {logging_mixin.py:151} INFO - [2023-10-11T07:31:42.525+0000] {dagbag.py:539} INFO - Filling up the DagBag from /home/airflow/.local/lib/python3.8/site-packages/airflow/example_dags/example_short_circuit_decorator.py
[2023-10-11T07:31:42.530+0000] {processor.py:839} INFO - DAG(s) dict_keys(['example_short_circuit_decorator']) retrieved from /home/airflow/.local/lib/python3.8/site-packages/airflow/example_dags/example_short_circuit_decorator.py
[2023-10-11T07:31:42.548+0000] {logging_mixin.py:151} INFO - [2023-10-11T07:31:42.548+0000] {dag.py:2915} INFO - Sync 1 DAGs
[2023-10-11T07:31:42.562+0000] {logging_mixin.py:151} INFO - [2023-10-11T07:31:42.562+0000] {dag.py:3696} INFO - Setting next_dagrun for example_short_circuit_decorator to 2023-10-10T07:31:42.562302+00:00, run_after=2023-10-11T07:31:42.562302+00:00
[2023-10-11T07:31:42.572+0000] {processor.py:179} INFO - Processing /home/airflow/.local/lib/python3.8/site-packages/airflow/example_dags/example_short_circuit_decorator.py took 0.052 seconds
