[2023-10-11T07:17:22.596+0000] {processor.py:157} INFO - Started process (PID=50) to work on /home/airflow/.local/lib/python3.8/site-packages/airflow/example_dags/example_skip_dag.py
[2023-10-11T07:17:22.597+0000] {processor.py:829} INFO - Processing file /home/airflow/.local/lib/python3.8/site-packages/airflow/example_dags/example_skip_dag.py for tasks to queue
[2023-10-11T07:17:22.600+0000] {logging_mixin.py:151} INFO - [2023-10-11T07:17:22.600+0000] {dagbag.py:539} INFO - Filling up the DagBag from /home/airflow/.local/lib/python3.8/site-packages/airflow/example_dags/example_skip_dag.py
[2023-10-11T07:17:22.607+0000] {processor.py:839} INFO - DAG(s) dict_keys(['example_skip_dag']) retrieved from /home/airflow/.local/lib/python3.8/site-packages/airflow/example_dags/example_skip_dag.py
[2023-10-11T07:17:22.628+0000] {logging_mixin.py:151} INFO - [2023-10-11T07:17:22.628+0000] {dag.py:2915} INFO - Sync 1 DAGs
[2023-10-11T07:17:22.643+0000] {logging_mixin.py:151} INFO - [2023-10-11T07:17:22.643+0000] {dag.py:3696} INFO - Setting next_dagrun for example_skip_dag to 2023-10-10T07:17:22.643321+00:00, run_after=2023-10-11T07:17:22.643321+00:00
[2023-10-11T07:17:22.655+0000] {processor.py:179} INFO - Processing /home/airflow/.local/lib/python3.8/site-packages/airflow/example_dags/example_skip_dag.py took 0.062 seconds
[2023-10-11T07:17:52.969+0000] {processor.py:157} INFO - Started process (PID=109) to work on /home/airflow/.local/lib/python3.8/site-packages/airflow/example_dags/example_skip_dag.py
[2023-10-11T07:17:52.970+0000] {processor.py:829} INFO - Processing file /home/airflow/.local/lib/python3.8/site-packages/airflow/example_dags/example_skip_dag.py for tasks to queue
[2023-10-11T07:17:52.971+0000] {logging_mixin.py:151} INFO - [2023-10-11T07:17:52.971+0000] {dagbag.py:539} INFO - Filling up the DagBag from /home/airflow/.local/lib/python3.8/site-packages/airflow/example_dags/example_skip_dag.py
[2023-10-11T07:17:52.975+0000] {processor.py:839} INFO - DAG(s) dict_keys(['example_skip_dag']) retrieved from /home/airflow/.local/lib/python3.8/site-packages/airflow/example_dags/example_skip_dag.py
[2023-10-11T07:17:52.992+0000] {logging_mixin.py:151} INFO - [2023-10-11T07:17:52.991+0000] {dag.py:2915} INFO - Sync 1 DAGs
[2023-10-11T07:17:53.005+0000] {logging_mixin.py:151} INFO - [2023-10-11T07:17:53.005+0000] {dag.py:3696} INFO - Setting next_dagrun for example_skip_dag to 2023-10-10T07:17:53.005191+00:00, run_after=2023-10-11T07:17:53.005191+00:00
[2023-10-11T07:17:53.016+0000] {processor.py:179} INFO - Processing /home/airflow/.local/lib/python3.8/site-packages/airflow/example_dags/example_skip_dag.py took 0.049 seconds
[2023-10-11T07:18:23.759+0000] {processor.py:157} INFO - Started process (PID=168) to work on /home/airflow/.local/lib/python3.8/site-packages/airflow/example_dags/example_skip_dag.py
[2023-10-11T07:18:23.760+0000] {processor.py:829} INFO - Processing file /home/airflow/.local/lib/python3.8/site-packages/airflow/example_dags/example_skip_dag.py for tasks to queue
[2023-10-11T07:18:23.761+0000] {logging_mixin.py:151} INFO - [2023-10-11T07:18:23.761+0000] {dagbag.py:539} INFO - Filling up the DagBag from /home/airflow/.local/lib/python3.8/site-packages/airflow/example_dags/example_skip_dag.py
[2023-10-11T07:18:23.765+0000] {processor.py:839} INFO - DAG(s) dict_keys(['example_skip_dag']) retrieved from /home/airflow/.local/lib/python3.8/site-packages/airflow/example_dags/example_skip_dag.py
[2023-10-11T07:18:23.782+0000] {logging_mixin.py:151} INFO - [2023-10-11T07:18:23.782+0000] {dag.py:2915} INFO - Sync 1 DAGs
[2023-10-11T07:18:23.795+0000] {logging_mixin.py:151} INFO - [2023-10-11T07:18:23.795+0000] {dag.py:3696} INFO - Setting next_dagrun for example_skip_dag to 2023-10-10T07:18:23.795522+00:00, run_after=2023-10-11T07:18:23.795522+00:00
[2023-10-11T07:18:23.806+0000] {processor.py:179} INFO - Processing /home/airflow/.local/lib/python3.8/site-packages/airflow/example_dags/example_skip_dag.py took 0.049 seconds
[2023-10-11T07:18:54.964+0000] {processor.py:157} INFO - Started process (PID=227) to work on /home/airflow/.local/lib/python3.8/site-packages/airflow/example_dags/example_skip_dag.py
[2023-10-11T07:18:54.965+0000] {processor.py:829} INFO - Processing file /home/airflow/.local/lib/python3.8/site-packages/airflow/example_dags/example_skip_dag.py for tasks to queue
[2023-10-11T07:18:54.966+0000] {logging_mixin.py:151} INFO - [2023-10-11T07:18:54.966+0000] {dagbag.py:539} INFO - Filling up the DagBag from /home/airflow/.local/lib/python3.8/site-packages/airflow/example_dags/example_skip_dag.py
[2023-10-11T07:18:54.970+0000] {processor.py:839} INFO - DAG(s) dict_keys(['example_skip_dag']) retrieved from /home/airflow/.local/lib/python3.8/site-packages/airflow/example_dags/example_skip_dag.py
[2023-10-11T07:18:54.987+0000] {logging_mixin.py:151} INFO - [2023-10-11T07:18:54.987+0000] {dag.py:2915} INFO - Sync 1 DAGs
[2023-10-11T07:18:55.001+0000] {logging_mixin.py:151} INFO - [2023-10-11T07:18:55.001+0000] {dag.py:3696} INFO - Setting next_dagrun for example_skip_dag to 2023-10-10T07:18:55.000917+00:00, run_after=2023-10-11T07:18:55.000917+00:00
[2023-10-11T07:18:55.011+0000] {processor.py:179} INFO - Processing /home/airflow/.local/lib/python3.8/site-packages/airflow/example_dags/example_skip_dag.py took 0.050 seconds
[2023-10-11T07:19:26.127+0000] {processor.py:157} INFO - Started process (PID=286) to work on /home/airflow/.local/lib/python3.8/site-packages/airflow/example_dags/example_skip_dag.py
[2023-10-11T07:19:26.128+0000] {processor.py:829} INFO - Processing file /home/airflow/.local/lib/python3.8/site-packages/airflow/example_dags/example_skip_dag.py for tasks to queue
[2023-10-11T07:19:26.129+0000] {logging_mixin.py:151} INFO - [2023-10-11T07:19:26.129+0000] {dagbag.py:539} INFO - Filling up the DagBag from /home/airflow/.local/lib/python3.8/site-packages/airflow/example_dags/example_skip_dag.py
[2023-10-11T07:19:26.133+0000] {processor.py:839} INFO - DAG(s) dict_keys(['example_skip_dag']) retrieved from /home/airflow/.local/lib/python3.8/site-packages/airflow/example_dags/example_skip_dag.py
[2023-10-11T07:19:26.150+0000] {logging_mixin.py:151} INFO - [2023-10-11T07:19:26.150+0000] {dag.py:2915} INFO - Sync 1 DAGs
[2023-10-11T07:19:26.163+0000] {logging_mixin.py:151} INFO - [2023-10-11T07:19:26.163+0000] {dag.py:3696} INFO - Setting next_dagrun for example_skip_dag to 2023-10-10T07:19:26.163009+00:00, run_after=2023-10-11T07:19:26.163009+00:00
[2023-10-11T07:19:26.173+0000] {processor.py:179} INFO - Processing /home/airflow/.local/lib/python3.8/site-packages/airflow/example_dags/example_skip_dag.py took 0.048 seconds
[2023-10-11T07:19:57.367+0000] {processor.py:157} INFO - Started process (PID=345) to work on /home/airflow/.local/lib/python3.8/site-packages/airflow/example_dags/example_skip_dag.py
[2023-10-11T07:19:57.368+0000] {processor.py:829} INFO - Processing file /home/airflow/.local/lib/python3.8/site-packages/airflow/example_dags/example_skip_dag.py for tasks to queue
[2023-10-11T07:19:57.369+0000] {logging_mixin.py:151} INFO - [2023-10-11T07:19:57.369+0000] {dagbag.py:539} INFO - Filling up the DagBag from /home/airflow/.local/lib/python3.8/site-packages/airflow/example_dags/example_skip_dag.py
[2023-10-11T07:19:57.373+0000] {processor.py:839} INFO - DAG(s) dict_keys(['example_skip_dag']) retrieved from /home/airflow/.local/lib/python3.8/site-packages/airflow/example_dags/example_skip_dag.py
[2023-10-11T07:19:57.390+0000] {logging_mixin.py:151} INFO - [2023-10-11T07:19:57.390+0000] {dag.py:2915} INFO - Sync 1 DAGs
[2023-10-11T07:19:57.403+0000] {logging_mixin.py:151} INFO - [2023-10-11T07:19:57.403+0000] {dag.py:3696} INFO - Setting next_dagrun for example_skip_dag to 2023-10-10T07:19:57.403263+00:00, run_after=2023-10-11T07:19:57.403263+00:00
[2023-10-11T07:19:57.412+0000] {processor.py:179} INFO - Processing /home/airflow/.local/lib/python3.8/site-packages/airflow/example_dags/example_skip_dag.py took 0.047 seconds
[2023-10-11T07:20:27.668+0000] {processor.py:157} INFO - Started process (PID=403) to work on /home/airflow/.local/lib/python3.8/site-packages/airflow/example_dags/example_skip_dag.py
[2023-10-11T07:20:27.669+0000] {processor.py:829} INFO - Processing file /home/airflow/.local/lib/python3.8/site-packages/airflow/example_dags/example_skip_dag.py for tasks to queue
[2023-10-11T07:20:27.671+0000] {logging_mixin.py:151} INFO - [2023-10-11T07:20:27.671+0000] {dagbag.py:539} INFO - Filling up the DagBag from /home/airflow/.local/lib/python3.8/site-packages/airflow/example_dags/example_skip_dag.py
[2023-10-11T07:20:27.675+0000] {processor.py:839} INFO - DAG(s) dict_keys(['example_skip_dag']) retrieved from /home/airflow/.local/lib/python3.8/site-packages/airflow/example_dags/example_skip_dag.py
[2023-10-11T07:20:27.694+0000] {logging_mixin.py:151} INFO - [2023-10-11T07:20:27.693+0000] {dag.py:2915} INFO - Sync 1 DAGs
[2023-10-11T07:20:27.709+0000] {logging_mixin.py:151} INFO - [2023-10-11T07:20:27.708+0000] {dag.py:3696} INFO - Setting next_dagrun for example_skip_dag to 2023-10-10T07:20:27.708746+00:00, run_after=2023-10-11T07:20:27.708746+00:00
[2023-10-11T07:20:27.721+0000] {processor.py:179} INFO - Processing /home/airflow/.local/lib/python3.8/site-packages/airflow/example_dags/example_skip_dag.py took 0.055 seconds
[2023-10-11T07:20:57.797+0000] {processor.py:157} INFO - Started process (PID=459) to work on /home/airflow/.local/lib/python3.8/site-packages/airflow/example_dags/example_skip_dag.py
[2023-10-11T07:20:57.798+0000] {processor.py:829} INFO - Processing file /home/airflow/.local/lib/python3.8/site-packages/airflow/example_dags/example_skip_dag.py for tasks to queue
[2023-10-11T07:20:57.799+0000] {logging_mixin.py:151} INFO - [2023-10-11T07:20:57.799+0000] {dagbag.py:539} INFO - Filling up the DagBag from /home/airflow/.local/lib/python3.8/site-packages/airflow/example_dags/example_skip_dag.py
[2023-10-11T07:20:57.803+0000] {processor.py:839} INFO - DAG(s) dict_keys(['example_skip_dag']) retrieved from /home/airflow/.local/lib/python3.8/site-packages/airflow/example_dags/example_skip_dag.py
[2023-10-11T07:20:57.821+0000] {logging_mixin.py:151} INFO - [2023-10-11T07:20:57.821+0000] {dag.py:2915} INFO - Sync 1 DAGs
[2023-10-11T07:20:57.834+0000] {logging_mixin.py:151} INFO - [2023-10-11T07:20:57.834+0000] {dag.py:3696} INFO - Setting next_dagrun for example_skip_dag to 2023-10-10T07:20:57.833950+00:00, run_after=2023-10-11T07:20:57.833950+00:00
[2023-10-11T07:20:57.843+0000] {processor.py:179} INFO - Processing /home/airflow/.local/lib/python3.8/site-packages/airflow/example_dags/example_skip_dag.py took 0.049 seconds
[2023-10-11T07:21:28.088+0000] {processor.py:157} INFO - Started process (PID=518) to work on /home/airflow/.local/lib/python3.8/site-packages/airflow/example_dags/example_skip_dag.py
[2023-10-11T07:21:28.088+0000] {processor.py:829} INFO - Processing file /home/airflow/.local/lib/python3.8/site-packages/airflow/example_dags/example_skip_dag.py for tasks to queue
[2023-10-11T07:21:28.090+0000] {logging_mixin.py:151} INFO - [2023-10-11T07:21:28.090+0000] {dagbag.py:539} INFO - Filling up the DagBag from /home/airflow/.local/lib/python3.8/site-packages/airflow/example_dags/example_skip_dag.py
[2023-10-11T07:21:28.094+0000] {processor.py:839} INFO - DAG(s) dict_keys(['example_skip_dag']) retrieved from /home/airflow/.local/lib/python3.8/site-packages/airflow/example_dags/example_skip_dag.py
[2023-10-11T07:21:28.111+0000] {logging_mixin.py:151} INFO - [2023-10-11T07:21:28.111+0000] {dag.py:2915} INFO - Sync 1 DAGs
[2023-10-11T07:21:28.125+0000] {logging_mixin.py:151} INFO - [2023-10-11T07:21:28.125+0000] {dag.py:3696} INFO - Setting next_dagrun for example_skip_dag to 2023-10-10T07:21:28.124930+00:00, run_after=2023-10-11T07:21:28.124930+00:00
[2023-10-11T07:21:28.134+0000] {processor.py:179} INFO - Processing /home/airflow/.local/lib/python3.8/site-packages/airflow/example_dags/example_skip_dag.py took 0.048 seconds
[2023-10-11T07:21:58.666+0000] {processor.py:157} INFO - Started process (PID=577) to work on /home/airflow/.local/lib/python3.8/site-packages/airflow/example_dags/example_skip_dag.py
[2023-10-11T07:21:58.667+0000] {processor.py:829} INFO - Processing file /home/airflow/.local/lib/python3.8/site-packages/airflow/example_dags/example_skip_dag.py for tasks to queue
[2023-10-11T07:21:58.668+0000] {logging_mixin.py:151} INFO - [2023-10-11T07:21:58.668+0000] {dagbag.py:539} INFO - Filling up the DagBag from /home/airflow/.local/lib/python3.8/site-packages/airflow/example_dags/example_skip_dag.py
[2023-10-11T07:21:58.672+0000] {processor.py:839} INFO - DAG(s) dict_keys(['example_skip_dag']) retrieved from /home/airflow/.local/lib/python3.8/site-packages/airflow/example_dags/example_skip_dag.py
[2023-10-11T07:21:58.689+0000] {logging_mixin.py:151} INFO - [2023-10-11T07:21:58.689+0000] {dag.py:2915} INFO - Sync 1 DAGs
[2023-10-11T07:21:58.703+0000] {logging_mixin.py:151} INFO - [2023-10-11T07:21:58.703+0000] {dag.py:3696} INFO - Setting next_dagrun for example_skip_dag to 2023-10-10T07:21:58.703326+00:00, run_after=2023-10-11T07:21:58.703326+00:00
[2023-10-11T07:21:58.713+0000] {processor.py:179} INFO - Processing /home/airflow/.local/lib/python3.8/site-packages/airflow/example_dags/example_skip_dag.py took 0.050 seconds
[2023-10-11T07:22:29.261+0000] {processor.py:157} INFO - Started process (PID=636) to work on /home/airflow/.local/lib/python3.8/site-packages/airflow/example_dags/example_skip_dag.py
[2023-10-11T07:22:29.262+0000] {processor.py:829} INFO - Processing file /home/airflow/.local/lib/python3.8/site-packages/airflow/example_dags/example_skip_dag.py for tasks to queue
[2023-10-11T07:22:29.263+0000] {logging_mixin.py:151} INFO - [2023-10-11T07:22:29.263+0000] {dagbag.py:539} INFO - Filling up the DagBag from /home/airflow/.local/lib/python3.8/site-packages/airflow/example_dags/example_skip_dag.py
[2023-10-11T07:22:29.267+0000] {processor.py:839} INFO - DAG(s) dict_keys(['example_skip_dag']) retrieved from /home/airflow/.local/lib/python3.8/site-packages/airflow/example_dags/example_skip_dag.py
[2023-10-11T07:22:29.283+0000] {logging_mixin.py:151} INFO - [2023-10-11T07:22:29.283+0000] {dag.py:2915} INFO - Sync 1 DAGs
[2023-10-11T07:22:29.297+0000] {logging_mixin.py:151} INFO - [2023-10-11T07:22:29.297+0000] {dag.py:3696} INFO - Setting next_dagrun for example_skip_dag to 2023-10-10T07:22:29.297488+00:00, run_after=2023-10-11T07:22:29.297488+00:00
[2023-10-11T07:22:29.307+0000] {processor.py:179} INFO - Processing /home/airflow/.local/lib/python3.8/site-packages/airflow/example_dags/example_skip_dag.py took 0.049 seconds
[2023-10-11T07:22:59.660+0000] {processor.py:157} INFO - Started process (PID=693) to work on /home/airflow/.local/lib/python3.8/site-packages/airflow/example_dags/example_skip_dag.py
[2023-10-11T07:22:59.661+0000] {processor.py:829} INFO - Processing file /home/airflow/.local/lib/python3.8/site-packages/airflow/example_dags/example_skip_dag.py for tasks to queue
[2023-10-11T07:22:59.663+0000] {logging_mixin.py:151} INFO - [2023-10-11T07:22:59.662+0000] {dagbag.py:539} INFO - Filling up the DagBag from /home/airflow/.local/lib/python3.8/site-packages/airflow/example_dags/example_skip_dag.py
[2023-10-11T07:22:59.667+0000] {processor.py:839} INFO - DAG(s) dict_keys(['example_skip_dag']) retrieved from /home/airflow/.local/lib/python3.8/site-packages/airflow/example_dags/example_skip_dag.py
[2023-10-11T07:22:59.682+0000] {logging_mixin.py:151} INFO - [2023-10-11T07:22:59.682+0000] {dag.py:2915} INFO - Sync 1 DAGs
[2023-10-11T07:22:59.694+0000] {logging_mixin.py:151} INFO - [2023-10-11T07:22:59.694+0000] {dag.py:3696} INFO - Setting next_dagrun for example_skip_dag to 2023-10-10T07:22:59.694716+00:00, run_after=2023-10-11T07:22:59.694716+00:00
[2023-10-11T07:22:59.704+0000] {processor.py:179} INFO - Processing /home/airflow/.local/lib/python3.8/site-packages/airflow/example_dags/example_skip_dag.py took 0.046 seconds
[2023-10-11T07:23:30.038+0000] {processor.py:157} INFO - Started process (PID=753) to work on /home/airflow/.local/lib/python3.8/site-packages/airflow/example_dags/example_skip_dag.py
[2023-10-11T07:23:30.038+0000] {processor.py:829} INFO - Processing file /home/airflow/.local/lib/python3.8/site-packages/airflow/example_dags/example_skip_dag.py for tasks to queue
[2023-10-11T07:23:30.040+0000] {logging_mixin.py:151} INFO - [2023-10-11T07:23:30.040+0000] {dagbag.py:539} INFO - Filling up the DagBag from /home/airflow/.local/lib/python3.8/site-packages/airflow/example_dags/example_skip_dag.py
[2023-10-11T07:23:30.044+0000] {processor.py:839} INFO - DAG(s) dict_keys(['example_skip_dag']) retrieved from /home/airflow/.local/lib/python3.8/site-packages/airflow/example_dags/example_skip_dag.py
[2023-10-11T07:23:30.062+0000] {logging_mixin.py:151} INFO - [2023-10-11T07:23:30.062+0000] {dag.py:2915} INFO - Sync 1 DAGs
[2023-10-11T07:23:30.077+0000] {logging_mixin.py:151} INFO - [2023-10-11T07:23:30.077+0000] {dag.py:3696} INFO - Setting next_dagrun for example_skip_dag to 2023-10-10T07:23:30.076805+00:00, run_after=2023-10-11T07:23:30.076805+00:00
[2023-10-11T07:23:30.089+0000] {processor.py:179} INFO - Processing /home/airflow/.local/lib/python3.8/site-packages/airflow/example_dags/example_skip_dag.py took 0.053 seconds
[2023-10-11T07:24:00.459+0000] {processor.py:157} INFO - Started process (PID=811) to work on /home/airflow/.local/lib/python3.8/site-packages/airflow/example_dags/example_skip_dag.py
[2023-10-11T07:24:00.460+0000] {processor.py:829} INFO - Processing file /home/airflow/.local/lib/python3.8/site-packages/airflow/example_dags/example_skip_dag.py for tasks to queue
[2023-10-11T07:24:00.461+0000] {logging_mixin.py:151} INFO - [2023-10-11T07:24:00.461+0000] {dagbag.py:539} INFO - Filling up the DagBag from /home/airflow/.local/lib/python3.8/site-packages/airflow/example_dags/example_skip_dag.py
[2023-10-11T07:24:00.465+0000] {processor.py:839} INFO - DAG(s) dict_keys(['example_skip_dag']) retrieved from /home/airflow/.local/lib/python3.8/site-packages/airflow/example_dags/example_skip_dag.py
[2023-10-11T07:24:00.484+0000] {logging_mixin.py:151} INFO - [2023-10-11T07:24:00.484+0000] {dag.py:2915} INFO - Sync 1 DAGs
[2023-10-11T07:24:00.498+0000] {logging_mixin.py:151} INFO - [2023-10-11T07:24:00.498+0000] {dag.py:3696} INFO - Setting next_dagrun for example_skip_dag to 2023-10-10T07:24:00.498055+00:00, run_after=2023-10-11T07:24:00.498055+00:00
[2023-10-11T07:24:00.510+0000] {processor.py:179} INFO - Processing /home/airflow/.local/lib/python3.8/site-packages/airflow/example_dags/example_skip_dag.py took 0.053 seconds
[2023-10-11T07:24:30.745+0000] {processor.py:157} INFO - Started process (PID=871) to work on /home/airflow/.local/lib/python3.8/site-packages/airflow/example_dags/example_skip_dag.py
[2023-10-11T07:24:30.745+0000] {processor.py:829} INFO - Processing file /home/airflow/.local/lib/python3.8/site-packages/airflow/example_dags/example_skip_dag.py for tasks to queue
[2023-10-11T07:24:30.747+0000] {logging_mixin.py:151} INFO - [2023-10-11T07:24:30.746+0000] {dagbag.py:539} INFO - Filling up the DagBag from /home/airflow/.local/lib/python3.8/site-packages/airflow/example_dags/example_skip_dag.py
[2023-10-11T07:24:30.750+0000] {processor.py:839} INFO - DAG(s) dict_keys(['example_skip_dag']) retrieved from /home/airflow/.local/lib/python3.8/site-packages/airflow/example_dags/example_skip_dag.py
[2023-10-11T07:24:30.767+0000] {logging_mixin.py:151} INFO - [2023-10-11T07:24:30.767+0000] {dag.py:2915} INFO - Sync 1 DAGs
[2023-10-11T07:24:30.780+0000] {logging_mixin.py:151} INFO - [2023-10-11T07:24:30.780+0000] {dag.py:3696} INFO - Setting next_dagrun for example_skip_dag to 2023-10-10T07:24:30.780585+00:00, run_after=2023-10-11T07:24:30.780585+00:00
[2023-10-11T07:24:30.793+0000] {processor.py:179} INFO - Processing /home/airflow/.local/lib/python3.8/site-packages/airflow/example_dags/example_skip_dag.py took 0.051 seconds
[2023-10-11T07:25:01.983+0000] {processor.py:157} INFO - Started process (PID=930) to work on /home/airflow/.local/lib/python3.8/site-packages/airflow/example_dags/example_skip_dag.py
[2023-10-11T07:25:01.984+0000] {processor.py:829} INFO - Processing file /home/airflow/.local/lib/python3.8/site-packages/airflow/example_dags/example_skip_dag.py for tasks to queue
[2023-10-11T07:25:01.986+0000] {logging_mixin.py:151} INFO - [2023-10-11T07:25:01.985+0000] {dagbag.py:539} INFO - Filling up the DagBag from /home/airflow/.local/lib/python3.8/site-packages/airflow/example_dags/example_skip_dag.py
[2023-10-11T07:25:01.990+0000] {processor.py:839} INFO - DAG(s) dict_keys(['example_skip_dag']) retrieved from /home/airflow/.local/lib/python3.8/site-packages/airflow/example_dags/example_skip_dag.py
[2023-10-11T07:25:02.013+0000] {logging_mixin.py:151} INFO - [2023-10-11T07:25:02.013+0000] {dag.py:2915} INFO - Sync 1 DAGs
[2023-10-11T07:25:02.035+0000] {logging_mixin.py:151} INFO - [2023-10-11T07:25:02.035+0000] {dag.py:3696} INFO - Setting next_dagrun for example_skip_dag to 2023-10-10T07:25:02.034759+00:00, run_after=2023-10-11T07:25:02.034759+00:00
[2023-10-11T07:25:02.047+0000] {processor.py:179} INFO - Processing /home/airflow/.local/lib/python3.8/site-packages/airflow/example_dags/example_skip_dag.py took 0.065 seconds
[2023-10-11T07:25:33.128+0000] {processor.py:157} INFO - Started process (PID=989) to work on /home/airflow/.local/lib/python3.8/site-packages/airflow/example_dags/example_skip_dag.py
[2023-10-11T07:25:33.129+0000] {processor.py:829} INFO - Processing file /home/airflow/.local/lib/python3.8/site-packages/airflow/example_dags/example_skip_dag.py for tasks to queue
[2023-10-11T07:25:33.131+0000] {logging_mixin.py:151} INFO - [2023-10-11T07:25:33.131+0000] {dagbag.py:539} INFO - Filling up the DagBag from /home/airflow/.local/lib/python3.8/site-packages/airflow/example_dags/example_skip_dag.py
[2023-10-11T07:25:33.136+0000] {processor.py:839} INFO - DAG(s) dict_keys(['example_skip_dag']) retrieved from /home/airflow/.local/lib/python3.8/site-packages/airflow/example_dags/example_skip_dag.py
[2023-10-11T07:25:33.157+0000] {logging_mixin.py:151} INFO - [2023-10-11T07:25:33.157+0000] {dag.py:2915} INFO - Sync 1 DAGs
[2023-10-11T07:25:33.173+0000] {logging_mixin.py:151} INFO - [2023-10-11T07:25:33.173+0000] {dag.py:3696} INFO - Setting next_dagrun for example_skip_dag to 2023-10-10T07:25:33.173660+00:00, run_after=2023-10-11T07:25:33.173660+00:00
[2023-10-11T07:25:33.186+0000] {processor.py:179} INFO - Processing /home/airflow/.local/lib/python3.8/site-packages/airflow/example_dags/example_skip_dag.py took 0.061 seconds
[2023-10-11T07:26:04.250+0000] {processor.py:157} INFO - Started process (PID=1048) to work on /home/airflow/.local/lib/python3.8/site-packages/airflow/example_dags/example_skip_dag.py
[2023-10-11T07:26:04.250+0000] {processor.py:829} INFO - Processing file /home/airflow/.local/lib/python3.8/site-packages/airflow/example_dags/example_skip_dag.py for tasks to queue
[2023-10-11T07:26:04.252+0000] {logging_mixin.py:151} INFO - [2023-10-11T07:26:04.251+0000] {dagbag.py:539} INFO - Filling up the DagBag from /home/airflow/.local/lib/python3.8/site-packages/airflow/example_dags/example_skip_dag.py
[2023-10-11T07:26:04.255+0000] {processor.py:839} INFO - DAG(s) dict_keys(['example_skip_dag']) retrieved from /home/airflow/.local/lib/python3.8/site-packages/airflow/example_dags/example_skip_dag.py
[2023-10-11T07:26:04.274+0000] {logging_mixin.py:151} INFO - [2023-10-11T07:26:04.274+0000] {dag.py:2915} INFO - Sync 1 DAGs
[2023-10-11T07:26:04.289+0000] {logging_mixin.py:151} INFO - [2023-10-11T07:26:04.289+0000] {dag.py:3696} INFO - Setting next_dagrun for example_skip_dag to 2023-10-10T07:26:04.289504+00:00, run_after=2023-10-11T07:26:04.289504+00:00
[2023-10-11T07:26:04.302+0000] {processor.py:179} INFO - Processing /home/airflow/.local/lib/python3.8/site-packages/airflow/example_dags/example_skip_dag.py took 0.054 seconds
[2023-10-11T07:26:35.401+0000] {processor.py:157} INFO - Started process (PID=1107) to work on /home/airflow/.local/lib/python3.8/site-packages/airflow/example_dags/example_skip_dag.py
[2023-10-11T07:26:35.401+0000] {processor.py:829} INFO - Processing file /home/airflow/.local/lib/python3.8/site-packages/airflow/example_dags/example_skip_dag.py for tasks to queue
[2023-10-11T07:26:35.403+0000] {logging_mixin.py:151} INFO - [2023-10-11T07:26:35.403+0000] {dagbag.py:539} INFO - Filling up the DagBag from /home/airflow/.local/lib/python3.8/site-packages/airflow/example_dags/example_skip_dag.py
[2023-10-11T07:26:35.407+0000] {processor.py:839} INFO - DAG(s) dict_keys(['example_skip_dag']) retrieved from /home/airflow/.local/lib/python3.8/site-packages/airflow/example_dags/example_skip_dag.py
[2023-10-11T07:26:35.423+0000] {logging_mixin.py:151} INFO - [2023-10-11T07:26:35.423+0000] {dag.py:2915} INFO - Sync 1 DAGs
[2023-10-11T07:26:35.437+0000] {logging_mixin.py:151} INFO - [2023-10-11T07:26:35.437+0000] {dag.py:3696} INFO - Setting next_dagrun for example_skip_dag to 2023-10-10T07:26:35.436820+00:00, run_after=2023-10-11T07:26:35.436820+00:00
[2023-10-11T07:26:35.447+0000] {processor.py:179} INFO - Processing /home/airflow/.local/lib/python3.8/site-packages/airflow/example_dags/example_skip_dag.py took 0.049 seconds
[2023-10-11T07:27:05.797+0000] {processor.py:157} INFO - Started process (PID=1165) to work on /home/airflow/.local/lib/python3.8/site-packages/airflow/example_dags/example_skip_dag.py
[2023-10-11T07:27:05.798+0000] {processor.py:829} INFO - Processing file /home/airflow/.local/lib/python3.8/site-packages/airflow/example_dags/example_skip_dag.py for tasks to queue
[2023-10-11T07:27:05.799+0000] {logging_mixin.py:151} INFO - [2023-10-11T07:27:05.799+0000] {dagbag.py:539} INFO - Filling up the DagBag from /home/airflow/.local/lib/python3.8/site-packages/airflow/example_dags/example_skip_dag.py
[2023-10-11T07:27:05.803+0000] {processor.py:839} INFO - DAG(s) dict_keys(['example_skip_dag']) retrieved from /home/airflow/.local/lib/python3.8/site-packages/airflow/example_dags/example_skip_dag.py
[2023-10-11T07:27:05.820+0000] {logging_mixin.py:151} INFO - [2023-10-11T07:27:05.820+0000] {dag.py:2915} INFO - Sync 1 DAGs
[2023-10-11T07:27:05.832+0000] {logging_mixin.py:151} INFO - [2023-10-11T07:27:05.832+0000] {dag.py:3696} INFO - Setting next_dagrun for example_skip_dag to 2023-10-10T07:27:05.832469+00:00, run_after=2023-10-11T07:27:05.832469+00:00
[2023-10-11T07:27:05.842+0000] {processor.py:179} INFO - Processing /home/airflow/.local/lib/python3.8/site-packages/airflow/example_dags/example_skip_dag.py took 0.046 seconds
[2023-10-11T07:27:36.568+0000] {processor.py:157} INFO - Started process (PID=1225) to work on /home/airflow/.local/lib/python3.8/site-packages/airflow/example_dags/example_skip_dag.py
[2023-10-11T07:27:36.569+0000] {processor.py:829} INFO - Processing file /home/airflow/.local/lib/python3.8/site-packages/airflow/example_dags/example_skip_dag.py for tasks to queue
[2023-10-11T07:27:36.570+0000] {logging_mixin.py:151} INFO - [2023-10-11T07:27:36.570+0000] {dagbag.py:539} INFO - Filling up the DagBag from /home/airflow/.local/lib/python3.8/site-packages/airflow/example_dags/example_skip_dag.py
[2023-10-11T07:27:36.574+0000] {processor.py:839} INFO - DAG(s) dict_keys(['example_skip_dag']) retrieved from /home/airflow/.local/lib/python3.8/site-packages/airflow/example_dags/example_skip_dag.py
[2023-10-11T07:27:36.591+0000] {logging_mixin.py:151} INFO - [2023-10-11T07:27:36.591+0000] {dag.py:2915} INFO - Sync 1 DAGs
[2023-10-11T07:27:36.605+0000] {logging_mixin.py:151} INFO - [2023-10-11T07:27:36.604+0000] {dag.py:3696} INFO - Setting next_dagrun for example_skip_dag to 2023-10-10T07:27:36.604731+00:00, run_after=2023-10-11T07:27:36.604731+00:00
[2023-10-11T07:27:36.614+0000] {processor.py:179} INFO - Processing /home/airflow/.local/lib/python3.8/site-packages/airflow/example_dags/example_skip_dag.py took 0.048 seconds
[2023-10-11T07:28:07.704+0000] {processor.py:157} INFO - Started process (PID=1284) to work on /home/airflow/.local/lib/python3.8/site-packages/airflow/example_dags/example_skip_dag.py
[2023-10-11T07:28:07.704+0000] {processor.py:829} INFO - Processing file /home/airflow/.local/lib/python3.8/site-packages/airflow/example_dags/example_skip_dag.py for tasks to queue
[2023-10-11T07:28:07.706+0000] {logging_mixin.py:151} INFO - [2023-10-11T07:28:07.705+0000] {dagbag.py:539} INFO - Filling up the DagBag from /home/airflow/.local/lib/python3.8/site-packages/airflow/example_dags/example_skip_dag.py
[2023-10-11T07:28:07.710+0000] {processor.py:839} INFO - DAG(s) dict_keys(['example_skip_dag']) retrieved from /home/airflow/.local/lib/python3.8/site-packages/airflow/example_dags/example_skip_dag.py
[2023-10-11T07:28:07.726+0000] {logging_mixin.py:151} INFO - [2023-10-11T07:28:07.726+0000] {dag.py:2915} INFO - Sync 1 DAGs
[2023-10-11T07:28:07.739+0000] {logging_mixin.py:151} INFO - [2023-10-11T07:28:07.739+0000] {dag.py:3696} INFO - Setting next_dagrun for example_skip_dag to 2023-10-10T07:28:07.739472+00:00, run_after=2023-10-11T07:28:07.739472+00:00
[2023-10-11T07:28:07.749+0000] {processor.py:179} INFO - Processing /home/airflow/.local/lib/python3.8/site-packages/airflow/example_dags/example_skip_dag.py took 0.047 seconds
[2023-10-11T07:28:38.178+0000] {processor.py:157} INFO - Started process (PID=1343) to work on /home/airflow/.local/lib/python3.8/site-packages/airflow/example_dags/example_skip_dag.py
[2023-10-11T07:28:38.179+0000] {processor.py:829} INFO - Processing file /home/airflow/.local/lib/python3.8/site-packages/airflow/example_dags/example_skip_dag.py for tasks to queue
[2023-10-11T07:28:38.180+0000] {logging_mixin.py:151} INFO - [2023-10-11T07:28:38.180+0000] {dagbag.py:539} INFO - Filling up the DagBag from /home/airflow/.local/lib/python3.8/site-packages/airflow/example_dags/example_skip_dag.py
[2023-10-11T07:28:38.184+0000] {processor.py:839} INFO - DAG(s) dict_keys(['example_skip_dag']) retrieved from /home/airflow/.local/lib/python3.8/site-packages/airflow/example_dags/example_skip_dag.py
[2023-10-11T07:28:38.201+0000] {logging_mixin.py:151} INFO - [2023-10-11T07:28:38.201+0000] {dag.py:2915} INFO - Sync 1 DAGs
[2023-10-11T07:28:38.215+0000] {logging_mixin.py:151} INFO - [2023-10-11T07:28:38.215+0000] {dag.py:3696} INFO - Setting next_dagrun for example_skip_dag to 2023-10-10T07:28:38.214830+00:00, run_after=2023-10-11T07:28:38.214830+00:00
[2023-10-11T07:28:38.224+0000] {processor.py:179} INFO - Processing /home/airflow/.local/lib/python3.8/site-packages/airflow/example_dags/example_skip_dag.py took 0.048 seconds
[2023-10-11T07:29:09.350+0000] {processor.py:157} INFO - Started process (PID=1402) to work on /home/airflow/.local/lib/python3.8/site-packages/airflow/example_dags/example_skip_dag.py
[2023-10-11T07:29:09.351+0000] {processor.py:829} INFO - Processing file /home/airflow/.local/lib/python3.8/site-packages/airflow/example_dags/example_skip_dag.py for tasks to queue
[2023-10-11T07:29:09.353+0000] {logging_mixin.py:151} INFO - [2023-10-11T07:29:09.352+0000] {dagbag.py:539} INFO - Filling up the DagBag from /home/airflow/.local/lib/python3.8/site-packages/airflow/example_dags/example_skip_dag.py
[2023-10-11T07:29:09.357+0000] {processor.py:839} INFO - DAG(s) dict_keys(['example_skip_dag']) retrieved from /home/airflow/.local/lib/python3.8/site-packages/airflow/example_dags/example_skip_dag.py
[2023-10-11T07:29:09.374+0000] {logging_mixin.py:151} INFO - [2023-10-11T07:29:09.373+0000] {dag.py:2915} INFO - Sync 1 DAGs
[2023-10-11T07:29:09.388+0000] {logging_mixin.py:151} INFO - [2023-10-11T07:29:09.388+0000] {dag.py:3696} INFO - Setting next_dagrun for example_skip_dag to 2023-10-10T07:29:09.388272+00:00, run_after=2023-10-11T07:29:09.388272+00:00
[2023-10-11T07:29:09.399+0000] {processor.py:179} INFO - Processing /home/airflow/.local/lib/python3.8/site-packages/airflow/example_dags/example_skip_dag.py took 0.050 seconds
[2023-10-11T07:29:40.104+0000] {processor.py:157} INFO - Started process (PID=1461) to work on /home/airflow/.local/lib/python3.8/site-packages/airflow/example_dags/example_skip_dag.py
[2023-10-11T07:29:40.105+0000] {processor.py:829} INFO - Processing file /home/airflow/.local/lib/python3.8/site-packages/airflow/example_dags/example_skip_dag.py for tasks to queue
[2023-10-11T07:29:40.107+0000] {logging_mixin.py:151} INFO - [2023-10-11T07:29:40.107+0000] {dagbag.py:539} INFO - Filling up the DagBag from /home/airflow/.local/lib/python3.8/site-packages/airflow/example_dags/example_skip_dag.py
[2023-10-11T07:29:40.113+0000] {processor.py:839} INFO - DAG(s) dict_keys(['example_skip_dag']) retrieved from /home/airflow/.local/lib/python3.8/site-packages/airflow/example_dags/example_skip_dag.py
[2023-10-11T07:29:40.144+0000] {logging_mixin.py:151} INFO - [2023-10-11T07:29:40.144+0000] {dag.py:2915} INFO - Sync 1 DAGs
[2023-10-11T07:29:40.159+0000] {logging_mixin.py:151} INFO - [2023-10-11T07:29:40.159+0000] {dag.py:3696} INFO - Setting next_dagrun for example_skip_dag to 2023-10-10T07:29:40.159196+00:00, run_after=2023-10-11T07:29:40.159196+00:00
[2023-10-11T07:29:40.171+0000] {processor.py:179} INFO - Processing /home/airflow/.local/lib/python3.8/site-packages/airflow/example_dags/example_skip_dag.py took 0.069 seconds
[2023-10-11T07:30:11.187+0000] {processor.py:157} INFO - Started process (PID=1520) to work on /home/airflow/.local/lib/python3.8/site-packages/airflow/example_dags/example_skip_dag.py
[2023-10-11T07:30:11.188+0000] {processor.py:829} INFO - Processing file /home/airflow/.local/lib/python3.8/site-packages/airflow/example_dags/example_skip_dag.py for tasks to queue
[2023-10-11T07:30:11.189+0000] {logging_mixin.py:151} INFO - [2023-10-11T07:30:11.189+0000] {dagbag.py:539} INFO - Filling up the DagBag from /home/airflow/.local/lib/python3.8/site-packages/airflow/example_dags/example_skip_dag.py
[2023-10-11T07:30:11.193+0000] {processor.py:839} INFO - DAG(s) dict_keys(['example_skip_dag']) retrieved from /home/airflow/.local/lib/python3.8/site-packages/airflow/example_dags/example_skip_dag.py
[2023-10-11T07:30:11.210+0000] {logging_mixin.py:151} INFO - [2023-10-11T07:30:11.210+0000] {dag.py:2915} INFO - Sync 1 DAGs
[2023-10-11T07:30:11.224+0000] {logging_mixin.py:151} INFO - [2023-10-11T07:30:11.224+0000] {dag.py:3696} INFO - Setting next_dagrun for example_skip_dag to 2023-10-10T07:30:11.224115+00:00, run_after=2023-10-11T07:30:11.224115+00:00
[2023-10-11T07:30:11.236+0000] {processor.py:179} INFO - Processing /home/airflow/.local/lib/python3.8/site-packages/airflow/example_dags/example_skip_dag.py took 0.051 seconds
[2023-10-11T07:30:41.467+0000] {processor.py:157} INFO - Started process (PID=1578) to work on /home/airflow/.local/lib/python3.8/site-packages/airflow/example_dags/example_skip_dag.py
[2023-10-11T07:30:41.468+0000] {processor.py:829} INFO - Processing file /home/airflow/.local/lib/python3.8/site-packages/airflow/example_dags/example_skip_dag.py for tasks to queue
[2023-10-11T07:30:41.469+0000] {logging_mixin.py:151} INFO - [2023-10-11T07:30:41.469+0000] {dagbag.py:539} INFO - Filling up the DagBag from /home/airflow/.local/lib/python3.8/site-packages/airflow/example_dags/example_skip_dag.py
[2023-10-11T07:30:41.474+0000] {processor.py:839} INFO - DAG(s) dict_keys(['example_skip_dag']) retrieved from /home/airflow/.local/lib/python3.8/site-packages/airflow/example_dags/example_skip_dag.py
[2023-10-11T07:30:41.491+0000] {logging_mixin.py:151} INFO - [2023-10-11T07:30:41.491+0000] {dag.py:2915} INFO - Sync 1 DAGs
[2023-10-11T07:30:41.506+0000] {logging_mixin.py:151} INFO - [2023-10-11T07:30:41.506+0000] {dag.py:3696} INFO - Setting next_dagrun for example_skip_dag to 2023-10-10T07:30:41.506369+00:00, run_after=2023-10-11T07:30:41.506369+00:00
[2023-10-11T07:30:41.518+0000] {processor.py:179} INFO - Processing /home/airflow/.local/lib/python3.8/site-packages/airflow/example_dags/example_skip_dag.py took 0.053 seconds
[2023-10-11T07:31:11.688+0000] {processor.py:157} INFO - Started process (PID=1635) to work on /home/airflow/.local/lib/python3.8/site-packages/airflow/example_dags/example_skip_dag.py
[2023-10-11T07:31:11.689+0000] {processor.py:829} INFO - Processing file /home/airflow/.local/lib/python3.8/site-packages/airflow/example_dags/example_skip_dag.py for tasks to queue
[2023-10-11T07:31:11.691+0000] {logging_mixin.py:151} INFO - [2023-10-11T07:31:11.691+0000] {dagbag.py:539} INFO - Filling up the DagBag from /home/airflow/.local/lib/python3.8/site-packages/airflow/example_dags/example_skip_dag.py
[2023-10-11T07:31:11.695+0000] {processor.py:839} INFO - DAG(s) dict_keys(['example_skip_dag']) retrieved from /home/airflow/.local/lib/python3.8/site-packages/airflow/example_dags/example_skip_dag.py
[2023-10-11T07:31:11.712+0000] {logging_mixin.py:151} INFO - [2023-10-11T07:31:11.712+0000] {dag.py:2915} INFO - Sync 1 DAGs
[2023-10-11T07:31:11.725+0000] {logging_mixin.py:151} INFO - [2023-10-11T07:31:11.725+0000] {dag.py:3696} INFO - Setting next_dagrun for example_skip_dag to 2023-10-10T07:31:11.725309+00:00, run_after=2023-10-11T07:31:11.725309+00:00
[2023-10-11T07:31:11.736+0000] {processor.py:179} INFO - Processing /home/airflow/.local/lib/python3.8/site-packages/airflow/example_dags/example_skip_dag.py took 0.049 seconds
[2023-10-11T07:31:42.003+0000] {processor.py:157} INFO - Started process (PID=1695) to work on /home/airflow/.local/lib/python3.8/site-packages/airflow/example_dags/example_skip_dag.py
[2023-10-11T07:31:42.004+0000] {processor.py:829} INFO - Processing file /home/airflow/.local/lib/python3.8/site-packages/airflow/example_dags/example_skip_dag.py for tasks to queue
[2023-10-11T07:31:42.005+0000] {logging_mixin.py:151} INFO - [2023-10-11T07:31:42.005+0000] {dagbag.py:539} INFO - Filling up the DagBag from /home/airflow/.local/lib/python3.8/site-packages/airflow/example_dags/example_skip_dag.py
[2023-10-11T07:31:42.009+0000] {processor.py:839} INFO - DAG(s) dict_keys(['example_skip_dag']) retrieved from /home/airflow/.local/lib/python3.8/site-packages/airflow/example_dags/example_skip_dag.py
[2023-10-11T07:31:42.026+0000] {logging_mixin.py:151} INFO - [2023-10-11T07:31:42.026+0000] {dag.py:2915} INFO - Sync 1 DAGs
[2023-10-11T07:31:42.040+0000] {logging_mixin.py:151} INFO - [2023-10-11T07:31:42.040+0000] {dag.py:3696} INFO - Setting next_dagrun for example_skip_dag to 2023-10-10T07:31:42.040177+00:00, run_after=2023-10-11T07:31:42.040177+00:00
[2023-10-11T07:31:42.051+0000] {processor.py:179} INFO - Processing /home/airflow/.local/lib/python3.8/site-packages/airflow/example_dags/example_skip_dag.py took 0.050 seconds
[2023-10-11T07:32:13.199+0000] {processor.py:157} INFO - Started process (PID=1761) to work on /home/airflow/.local/lib/python3.8/site-packages/airflow/example_dags/example_skip_dag.py
[2023-10-11T07:32:13.199+0000] {processor.py:829} INFO - Processing file /home/airflow/.local/lib/python3.8/site-packages/airflow/example_dags/example_skip_dag.py for tasks to queue
[2023-10-11T07:32:13.201+0000] {logging_mixin.py:151} INFO - [2023-10-11T07:32:13.201+0000] {dagbag.py:539} INFO - Filling up the DagBag from /home/airflow/.local/lib/python3.8/site-packages/airflow/example_dags/example_skip_dag.py
[2023-10-11T07:32:13.205+0000] {processor.py:839} INFO - DAG(s) dict_keys(['example_skip_dag']) retrieved from /home/airflow/.local/lib/python3.8/site-packages/airflow/example_dags/example_skip_dag.py
[2023-10-11T07:32:13.222+0000] {logging_mixin.py:151} INFO - [2023-10-11T07:32:13.222+0000] {dag.py:2915} INFO - Sync 1 DAGs
[2023-10-11T07:32:13.239+0000] {logging_mixin.py:151} INFO - [2023-10-11T07:32:13.239+0000] {dag.py:3696} INFO - Setting next_dagrun for example_skip_dag to 2023-10-10T07:32:13.238794+00:00, run_after=2023-10-11T07:32:13.238794+00:00
[2023-10-11T07:32:13.253+0000] {processor.py:179} INFO - Processing /home/airflow/.local/lib/python3.8/site-packages/airflow/example_dags/example_skip_dag.py took 0.057 seconds
[2023-10-11T07:32:44.410+0000] {processor.py:157} INFO - Started process (PID=1820) to work on /home/airflow/.local/lib/python3.8/site-packages/airflow/example_dags/example_skip_dag.py
[2023-10-11T07:32:44.411+0000] {processor.py:829} INFO - Processing file /home/airflow/.local/lib/python3.8/site-packages/airflow/example_dags/example_skip_dag.py for tasks to queue
[2023-10-11T07:32:44.412+0000] {logging_mixin.py:151} INFO - [2023-10-11T07:32:44.412+0000] {dagbag.py:539} INFO - Filling up the DagBag from /home/airflow/.local/lib/python3.8/site-packages/airflow/example_dags/example_skip_dag.py
[2023-10-11T07:32:44.416+0000] {processor.py:839} INFO - DAG(s) dict_keys(['example_skip_dag']) retrieved from /home/airflow/.local/lib/python3.8/site-packages/airflow/example_dags/example_skip_dag.py
[2023-10-11T07:32:44.433+0000] {logging_mixin.py:151} INFO - [2023-10-11T07:32:44.433+0000] {dag.py:2915} INFO - Sync 1 DAGs
[2023-10-11T07:32:44.447+0000] {logging_mixin.py:151} INFO - [2023-10-11T07:32:44.447+0000] {dag.py:3696} INFO - Setting next_dagrun for example_skip_dag to 2023-10-10T07:32:44.447507+00:00, run_after=2023-10-11T07:32:44.447507+00:00
[2023-10-11T07:32:44.458+0000] {processor.py:179} INFO - Processing /home/airflow/.local/lib/python3.8/site-packages/airflow/example_dags/example_skip_dag.py took 0.050 seconds
[2023-10-11T07:33:14.652+0000] {processor.py:157} INFO - Started process (PID=1880) to work on /home/airflow/.local/lib/python3.8/site-packages/airflow/example_dags/example_skip_dag.py
[2023-10-11T07:33:14.652+0000] {processor.py:829} INFO - Processing file /home/airflow/.local/lib/python3.8/site-packages/airflow/example_dags/example_skip_dag.py for tasks to queue
[2023-10-11T07:33:14.654+0000] {logging_mixin.py:151} INFO - [2023-10-11T07:33:14.654+0000] {dagbag.py:539} INFO - Filling up the DagBag from /home/airflow/.local/lib/python3.8/site-packages/airflow/example_dags/example_skip_dag.py
[2023-10-11T07:33:14.658+0000] {processor.py:839} INFO - DAG(s) dict_keys(['example_skip_dag']) retrieved from /home/airflow/.local/lib/python3.8/site-packages/airflow/example_dags/example_skip_dag.py
[2023-10-11T07:33:14.675+0000] {logging_mixin.py:151} INFO - [2023-10-11T07:33:14.675+0000] {dag.py:2915} INFO - Sync 1 DAGs
[2023-10-11T07:33:14.689+0000] {logging_mixin.py:151} INFO - [2023-10-11T07:33:14.689+0000] {dag.py:3696} INFO - Setting next_dagrun for example_skip_dag to 2023-10-10T07:33:14.689303+00:00, run_after=2023-10-11T07:33:14.689303+00:00
[2023-10-11T07:33:14.700+0000] {processor.py:179} INFO - Processing /home/airflow/.local/lib/python3.8/site-packages/airflow/example_dags/example_skip_dag.py took 0.050 seconds
[2023-10-11T07:33:45.970+0000] {processor.py:157} INFO - Started process (PID=1939) to work on /home/airflow/.local/lib/python3.8/site-packages/airflow/example_dags/example_skip_dag.py
[2023-10-11T07:33:45.971+0000] {processor.py:829} INFO - Processing file /home/airflow/.local/lib/python3.8/site-packages/airflow/example_dags/example_skip_dag.py for tasks to queue
[2023-10-11T07:33:45.973+0000] {logging_mixin.py:151} INFO - [2023-10-11T07:33:45.972+0000] {dagbag.py:539} INFO - Filling up the DagBag from /home/airflow/.local/lib/python3.8/site-packages/airflow/example_dags/example_skip_dag.py
[2023-10-11T07:33:45.977+0000] {processor.py:839} INFO - DAG(s) dict_keys(['example_skip_dag']) retrieved from /home/airflow/.local/lib/python3.8/site-packages/airflow/example_dags/example_skip_dag.py
[2023-10-11T07:33:45.993+0000] {logging_mixin.py:151} INFO - [2023-10-11T07:33:45.993+0000] {dag.py:2915} INFO - Sync 1 DAGs
[2023-10-11T07:33:46.008+0000] {logging_mixin.py:151} INFO - [2023-10-11T07:33:46.008+0000] {dag.py:3696} INFO - Setting next_dagrun for example_skip_dag to 2023-10-10T07:33:46.008588+00:00, run_after=2023-10-11T07:33:46.008588+00:00
[2023-10-11T07:33:46.019+0000] {processor.py:179} INFO - Processing /home/airflow/.local/lib/python3.8/site-packages/airflow/example_dags/example_skip_dag.py took 0.051 seconds
[2023-10-11T07:34:17.131+0000] {processor.py:157} INFO - Started process (PID=1998) to work on /home/airflow/.local/lib/python3.8/site-packages/airflow/example_dags/example_skip_dag.py
[2023-10-11T07:34:17.132+0000] {processor.py:829} INFO - Processing file /home/airflow/.local/lib/python3.8/site-packages/airflow/example_dags/example_skip_dag.py for tasks to queue
[2023-10-11T07:34:17.133+0000] {logging_mixin.py:151} INFO - [2023-10-11T07:34:17.133+0000] {dagbag.py:539} INFO - Filling up the DagBag from /home/airflow/.local/lib/python3.8/site-packages/airflow/example_dags/example_skip_dag.py
[2023-10-11T07:34:17.138+0000] {processor.py:839} INFO - DAG(s) dict_keys(['example_skip_dag']) retrieved from /home/airflow/.local/lib/python3.8/site-packages/airflow/example_dags/example_skip_dag.py
[2023-10-11T07:34:17.157+0000] {logging_mixin.py:151} INFO - [2023-10-11T07:34:17.157+0000] {dag.py:2915} INFO - Sync 1 DAGs
[2023-10-11T07:34:17.170+0000] {logging_mixin.py:151} INFO - [2023-10-11T07:34:17.170+0000] {dag.py:3696} INFO - Setting next_dagrun for example_skip_dag to 2023-10-10T07:34:17.170359+00:00, run_after=2023-10-11T07:34:17.170359+00:00
[2023-10-11T07:34:17.180+0000] {processor.py:179} INFO - Processing /home/airflow/.local/lib/python3.8/site-packages/airflow/example_dags/example_skip_dag.py took 0.051 seconds
[2023-10-11T07:34:48.260+0000] {processor.py:157} INFO - Started process (PID=2057) to work on /home/airflow/.local/lib/python3.8/site-packages/airflow/example_dags/example_skip_dag.py
[2023-10-11T07:34:48.261+0000] {processor.py:829} INFO - Processing file /home/airflow/.local/lib/python3.8/site-packages/airflow/example_dags/example_skip_dag.py for tasks to queue
[2023-10-11T07:34:48.262+0000] {logging_mixin.py:151} INFO - [2023-10-11T07:34:48.262+0000] {dagbag.py:539} INFO - Filling up the DagBag from /home/airflow/.local/lib/python3.8/site-packages/airflow/example_dags/example_skip_dag.py
[2023-10-11T07:34:48.266+0000] {processor.py:839} INFO - DAG(s) dict_keys(['example_skip_dag']) retrieved from /home/airflow/.local/lib/python3.8/site-packages/airflow/example_dags/example_skip_dag.py
[2023-10-11T07:34:48.284+0000] {logging_mixin.py:151} INFO - [2023-10-11T07:34:48.284+0000] {dag.py:2915} INFO - Sync 1 DAGs
[2023-10-11T07:34:48.298+0000] {logging_mixin.py:151} INFO - [2023-10-11T07:34:48.298+0000] {dag.py:3696} INFO - Setting next_dagrun for example_skip_dag to 2023-10-10T07:34:48.298371+00:00, run_after=2023-10-11T07:34:48.298371+00:00
[2023-10-11T07:34:48.309+0000] {processor.py:179} INFO - Processing /home/airflow/.local/lib/python3.8/site-packages/airflow/example_dags/example_skip_dag.py took 0.051 seconds
[2023-10-11T07:35:18.620+0000] {processor.py:157} INFO - Started process (PID=2116) to work on /home/airflow/.local/lib/python3.8/site-packages/airflow/example_dags/example_skip_dag.py
[2023-10-11T07:35:18.621+0000] {processor.py:829} INFO - Processing file /home/airflow/.local/lib/python3.8/site-packages/airflow/example_dags/example_skip_dag.py for tasks to queue
[2023-10-11T07:35:18.622+0000] {logging_mixin.py:151} INFO - [2023-10-11T07:35:18.622+0000] {dagbag.py:539} INFO - Filling up the DagBag from /home/airflow/.local/lib/python3.8/site-packages/airflow/example_dags/example_skip_dag.py
[2023-10-11T07:35:18.626+0000] {processor.py:839} INFO - DAG(s) dict_keys(['example_skip_dag']) retrieved from /home/airflow/.local/lib/python3.8/site-packages/airflow/example_dags/example_skip_dag.py
[2023-10-11T07:35:18.643+0000] {logging_mixin.py:151} INFO - [2023-10-11T07:35:18.643+0000] {dag.py:2915} INFO - Sync 1 DAGs
[2023-10-11T07:35:18.657+0000] {logging_mixin.py:151} INFO - [2023-10-11T07:35:18.657+0000] {dag.py:3696} INFO - Setting next_dagrun for example_skip_dag to 2023-10-10T07:35:18.657190+00:00, run_after=2023-10-11T07:35:18.657190+00:00
[2023-10-11T07:35:18.667+0000] {processor.py:179} INFO - Processing /home/airflow/.local/lib/python3.8/site-packages/airflow/example_dags/example_skip_dag.py took 0.049 seconds
[2023-10-11T07:35:49.932+0000] {processor.py:157} INFO - Started process (PID=2175) to work on /home/airflow/.local/lib/python3.8/site-packages/airflow/example_dags/example_skip_dag.py
[2023-10-11T07:35:49.932+0000] {processor.py:829} INFO - Processing file /home/airflow/.local/lib/python3.8/site-packages/airflow/example_dags/example_skip_dag.py for tasks to queue
[2023-10-11T07:35:49.934+0000] {logging_mixin.py:151} INFO - [2023-10-11T07:35:49.933+0000] {dagbag.py:539} INFO - Filling up the DagBag from /home/airflow/.local/lib/python3.8/site-packages/airflow/example_dags/example_skip_dag.py
[2023-10-11T07:35:49.938+0000] {processor.py:839} INFO - DAG(s) dict_keys(['example_skip_dag']) retrieved from /home/airflow/.local/lib/python3.8/site-packages/airflow/example_dags/example_skip_dag.py
[2023-10-11T07:35:49.955+0000] {logging_mixin.py:151} INFO - [2023-10-11T07:35:49.955+0000] {dag.py:2915} INFO - Sync 1 DAGs
[2023-10-11T07:35:49.970+0000] {logging_mixin.py:151} INFO - [2023-10-11T07:35:49.969+0000] {dag.py:3696} INFO - Setting next_dagrun for example_skip_dag to 2023-10-10T07:35:49.969758+00:00, run_after=2023-10-11T07:35:49.969758+00:00
[2023-10-11T07:35:49.980+0000] {processor.py:179} INFO - Processing /home/airflow/.local/lib/python3.8/site-packages/airflow/example_dags/example_skip_dag.py took 0.051 seconds
[2023-10-11T07:37:28.945+0000] {processor.py:157} INFO - Started process (PID=51) to work on /home/airflow/.local/lib/python3.8/site-packages/airflow/example_dags/example_skip_dag.py
[2023-10-11T07:37:28.947+0000] {processor.py:829} INFO - Processing file /home/airflow/.local/lib/python3.8/site-packages/airflow/example_dags/example_skip_dag.py for tasks to queue
[2023-10-11T07:37:28.950+0000] {logging_mixin.py:151} INFO - [2023-10-11T07:37:28.950+0000] {dagbag.py:539} INFO - Filling up the DagBag from /home/airflow/.local/lib/python3.8/site-packages/airflow/example_dags/example_skip_dag.py
[2023-10-11T07:37:28.960+0000] {processor.py:839} INFO - DAG(s) dict_keys(['example_skip_dag']) retrieved from /home/airflow/.local/lib/python3.8/site-packages/airflow/example_dags/example_skip_dag.py
[2023-10-11T07:37:29.029+0000] {logging_mixin.py:151} INFO - [2023-10-11T07:37:29.028+0000] {manager.py:499} INFO - Created Permission View: %s
[2023-10-11T07:37:29.035+0000] {logging_mixin.py:151} INFO - [2023-10-11T07:37:29.035+0000] {manager.py:499} INFO - Created Permission View: %s
[2023-10-11T07:37:29.039+0000] {logging_mixin.py:151} INFO - [2023-10-11T07:37:29.039+0000] {manager.py:499} INFO - Created Permission View: %s
[2023-10-11T07:37:29.039+0000] {logging_mixin.py:151} INFO - [2023-10-11T07:37:29.039+0000] {security.py:708} INFO - Not syncing DAG-level permissions for DAG 'DAG:example_skip_dag' as access control is unset.
[2023-10-11T07:37:29.040+0000] {logging_mixin.py:151} INFO - [2023-10-11T07:37:29.040+0000] {dag.py:2915} INFO - Sync 1 DAGs
[2023-10-11T07:37:29.047+0000] {logging_mixin.py:151} INFO - [2023-10-11T07:37:29.047+0000] {dag.py:2937} INFO - Creating ORM DAG for example_skip_dag
[2023-10-11T07:37:29.055+0000] {logging_mixin.py:151} INFO - [2023-10-11T07:37:29.055+0000] {dag.py:3696} INFO - Setting next_dagrun for example_skip_dag to 2023-10-10T07:37:29.055532+00:00, run_after=2023-10-11T07:37:29.055532+00:00
[2023-10-11T07:37:29.068+0000] {processor.py:179} INFO - Processing /home/airflow/.local/lib/python3.8/site-packages/airflow/example_dags/example_skip_dag.py took 0.127 seconds
[2023-10-11T07:37:59.126+0000] {processor.py:157} INFO - Started process (PID=110) to work on /home/airflow/.local/lib/python3.8/site-packages/airflow/example_dags/example_skip_dag.py
[2023-10-11T07:37:59.127+0000] {processor.py:829} INFO - Processing file /home/airflow/.local/lib/python3.8/site-packages/airflow/example_dags/example_skip_dag.py for tasks to queue
[2023-10-11T07:37:59.128+0000] {logging_mixin.py:151} INFO - [2023-10-11T07:37:59.128+0000] {dagbag.py:539} INFO - Filling up the DagBag from /home/airflow/.local/lib/python3.8/site-packages/airflow/example_dags/example_skip_dag.py
[2023-10-11T07:37:59.132+0000] {processor.py:839} INFO - DAG(s) dict_keys(['example_skip_dag']) retrieved from /home/airflow/.local/lib/python3.8/site-packages/airflow/example_dags/example_skip_dag.py
[2023-10-11T07:37:59.150+0000] {logging_mixin.py:151} INFO - [2023-10-11T07:37:59.150+0000] {dag.py:2915} INFO - Sync 1 DAGs
[2023-10-11T07:37:59.165+0000] {logging_mixin.py:151} INFO - [2023-10-11T07:37:59.165+0000] {dag.py:3696} INFO - Setting next_dagrun for example_skip_dag to 2023-10-10T07:37:59.165222+00:00, run_after=2023-10-11T07:37:59.165222+00:00
[2023-10-11T07:37:59.176+0000] {processor.py:179} INFO - Processing /home/airflow/.local/lib/python3.8/site-packages/airflow/example_dags/example_skip_dag.py took 0.053 seconds
[2023-10-11T07:38:29.751+0000] {processor.py:157} INFO - Started process (PID=169) to work on /home/airflow/.local/lib/python3.8/site-packages/airflow/example_dags/example_skip_dag.py
[2023-10-11T07:38:29.752+0000] {processor.py:829} INFO - Processing file /home/airflow/.local/lib/python3.8/site-packages/airflow/example_dags/example_skip_dag.py for tasks to queue
[2023-10-11T07:38:29.753+0000] {logging_mixin.py:151} INFO - [2023-10-11T07:38:29.753+0000] {dagbag.py:539} INFO - Filling up the DagBag from /home/airflow/.local/lib/python3.8/site-packages/airflow/example_dags/example_skip_dag.py
[2023-10-11T07:38:29.757+0000] {processor.py:839} INFO - DAG(s) dict_keys(['example_skip_dag']) retrieved from /home/airflow/.local/lib/python3.8/site-packages/airflow/example_dags/example_skip_dag.py
[2023-10-11T07:38:29.774+0000] {logging_mixin.py:151} INFO - [2023-10-11T07:38:29.774+0000] {dag.py:2915} INFO - Sync 1 DAGs
[2023-10-11T07:38:29.788+0000] {logging_mixin.py:151} INFO - [2023-10-11T07:38:29.787+0000] {dag.py:3696} INFO - Setting next_dagrun for example_skip_dag to 2023-10-10T07:38:29.787715+00:00, run_after=2023-10-11T07:38:29.787715+00:00
[2023-10-11T07:38:29.798+0000] {processor.py:179} INFO - Processing /home/airflow/.local/lib/python3.8/site-packages/airflow/example_dags/example_skip_dag.py took 0.049 seconds
[2023-10-11T07:39:01.005+0000] {processor.py:157} INFO - Started process (PID=228) to work on /home/airflow/.local/lib/python3.8/site-packages/airflow/example_dags/example_skip_dag.py
[2023-10-11T07:39:01.005+0000] {processor.py:829} INFO - Processing file /home/airflow/.local/lib/python3.8/site-packages/airflow/example_dags/example_skip_dag.py for tasks to queue
[2023-10-11T07:39:01.007+0000] {logging_mixin.py:151} INFO - [2023-10-11T07:39:01.007+0000] {dagbag.py:539} INFO - Filling up the DagBag from /home/airflow/.local/lib/python3.8/site-packages/airflow/example_dags/example_skip_dag.py
[2023-10-11T07:39:01.011+0000] {processor.py:839} INFO - DAG(s) dict_keys(['example_skip_dag']) retrieved from /home/airflow/.local/lib/python3.8/site-packages/airflow/example_dags/example_skip_dag.py
[2023-10-11T07:39:01.029+0000] {logging_mixin.py:151} INFO - [2023-10-11T07:39:01.028+0000] {dag.py:2915} INFO - Sync 1 DAGs
[2023-10-11T07:39:01.042+0000] {logging_mixin.py:151} INFO - [2023-10-11T07:39:01.042+0000] {dag.py:3696} INFO - Setting next_dagrun for example_skip_dag to 2023-10-10T07:39:01.042260+00:00, run_after=2023-10-11T07:39:01.042260+00:00
[2023-10-11T07:39:01.052+0000] {processor.py:179} INFO - Processing /home/airflow/.local/lib/python3.8/site-packages/airflow/example_dags/example_skip_dag.py took 0.049 seconds
[2023-10-11T07:39:31.373+0000] {processor.py:157} INFO - Started process (PID=286) to work on /home/airflow/.local/lib/python3.8/site-packages/airflow/example_dags/example_skip_dag.py
[2023-10-11T07:39:31.374+0000] {processor.py:829} INFO - Processing file /home/airflow/.local/lib/python3.8/site-packages/airflow/example_dags/example_skip_dag.py for tasks to queue
[2023-10-11T07:39:31.375+0000] {logging_mixin.py:151} INFO - [2023-10-11T07:39:31.375+0000] {dagbag.py:539} INFO - Filling up the DagBag from /home/airflow/.local/lib/python3.8/site-packages/airflow/example_dags/example_skip_dag.py
[2023-10-11T07:39:31.379+0000] {processor.py:839} INFO - DAG(s) dict_keys(['example_skip_dag']) retrieved from /home/airflow/.local/lib/python3.8/site-packages/airflow/example_dags/example_skip_dag.py
[2023-10-11T07:39:31.399+0000] {logging_mixin.py:151} INFO - [2023-10-11T07:39:31.399+0000] {dag.py:2915} INFO - Sync 1 DAGs
[2023-10-11T07:39:31.415+0000] {logging_mixin.py:151} INFO - [2023-10-11T07:39:31.415+0000] {dag.py:3696} INFO - Setting next_dagrun for example_skip_dag to 2023-10-10T07:39:31.414917+00:00, run_after=2023-10-11T07:39:31.414917+00:00
[2023-10-11T07:39:31.429+0000] {processor.py:179} INFO - Processing /home/airflow/.local/lib/python3.8/site-packages/airflow/example_dags/example_skip_dag.py took 0.059 seconds
[2023-10-11T07:40:01.480+0000] {processor.py:157} INFO - Started process (PID=341) to work on /home/airflow/.local/lib/python3.8/site-packages/airflow/example_dags/example_skip_dag.py
[2023-10-11T07:40:01.480+0000] {processor.py:829} INFO - Processing file /home/airflow/.local/lib/python3.8/site-packages/airflow/example_dags/example_skip_dag.py for tasks to queue
[2023-10-11T07:40:01.482+0000] {logging_mixin.py:151} INFO - [2023-10-11T07:40:01.481+0000] {dagbag.py:539} INFO - Filling up the DagBag from /home/airflow/.local/lib/python3.8/site-packages/airflow/example_dags/example_skip_dag.py
[2023-10-11T07:40:01.486+0000] {processor.py:839} INFO - DAG(s) dict_keys(['example_skip_dag']) retrieved from /home/airflow/.local/lib/python3.8/site-packages/airflow/example_dags/example_skip_dag.py
[2023-10-11T07:40:01.502+0000] {logging_mixin.py:151} INFO - [2023-10-11T07:40:01.502+0000] {dag.py:2915} INFO - Sync 1 DAGs
[2023-10-11T07:40:01.514+0000] {logging_mixin.py:151} INFO - [2023-10-11T07:40:01.514+0000] {dag.py:3696} INFO - Setting next_dagrun for example_skip_dag to 2023-10-10T07:40:01.514049+00:00, run_after=2023-10-11T07:40:01.514049+00:00
[2023-10-11T07:40:01.523+0000] {processor.py:179} INFO - Processing /home/airflow/.local/lib/python3.8/site-packages/airflow/example_dags/example_skip_dag.py took 0.045 seconds
[2023-10-11T07:40:31.637+0000] {processor.py:157} INFO - Started process (PID=400) to work on /home/airflow/.local/lib/python3.8/site-packages/airflow/example_dags/example_skip_dag.py
[2023-10-11T07:40:31.637+0000] {processor.py:829} INFO - Processing file /home/airflow/.local/lib/python3.8/site-packages/airflow/example_dags/example_skip_dag.py for tasks to queue
[2023-10-11T07:40:31.639+0000] {logging_mixin.py:151} INFO - [2023-10-11T07:40:31.638+0000] {dagbag.py:539} INFO - Filling up the DagBag from /home/airflow/.local/lib/python3.8/site-packages/airflow/example_dags/example_skip_dag.py
[2023-10-11T07:40:31.642+0000] {processor.py:839} INFO - DAG(s) dict_keys(['example_skip_dag']) retrieved from /home/airflow/.local/lib/python3.8/site-packages/airflow/example_dags/example_skip_dag.py
[2023-10-11T07:40:31.659+0000] {logging_mixin.py:151} INFO - [2023-10-11T07:40:31.659+0000] {dag.py:2915} INFO - Sync 1 DAGs
[2023-10-11T07:40:31.673+0000] {logging_mixin.py:151} INFO - [2023-10-11T07:40:31.672+0000] {dag.py:3696} INFO - Setting next_dagrun for example_skip_dag to 2023-10-10T07:40:31.672762+00:00, run_after=2023-10-11T07:40:31.672762+00:00
[2023-10-11T07:40:31.682+0000] {processor.py:179} INFO - Processing /home/airflow/.local/lib/python3.8/site-packages/airflow/example_dags/example_skip_dag.py took 0.048 seconds
[2023-10-11T07:41:01.854+0000] {processor.py:157} INFO - Started process (PID=458) to work on /home/airflow/.local/lib/python3.8/site-packages/airflow/example_dags/example_skip_dag.py
[2023-10-11T07:41:01.854+0000] {processor.py:829} INFO - Processing file /home/airflow/.local/lib/python3.8/site-packages/airflow/example_dags/example_skip_dag.py for tasks to queue
[2023-10-11T07:41:01.856+0000] {logging_mixin.py:151} INFO - [2023-10-11T07:41:01.856+0000] {dagbag.py:539} INFO - Filling up the DagBag from /home/airflow/.local/lib/python3.8/site-packages/airflow/example_dags/example_skip_dag.py
[2023-10-11T07:41:01.860+0000] {processor.py:839} INFO - DAG(s) dict_keys(['example_skip_dag']) retrieved from /home/airflow/.local/lib/python3.8/site-packages/airflow/example_dags/example_skip_dag.py
[2023-10-11T07:41:01.877+0000] {logging_mixin.py:151} INFO - [2023-10-11T07:41:01.877+0000] {dag.py:2915} INFO - Sync 1 DAGs
[2023-10-11T07:41:01.890+0000] {logging_mixin.py:151} INFO - [2023-10-11T07:41:01.890+0000] {dag.py:3696} INFO - Setting next_dagrun for example_skip_dag to 2023-10-10T07:41:01.890557+00:00, run_after=2023-10-11T07:41:01.890557+00:00
[2023-10-11T07:41:01.900+0000] {processor.py:179} INFO - Processing /home/airflow/.local/lib/python3.8/site-packages/airflow/example_dags/example_skip_dag.py took 0.048 seconds
[2023-10-11T07:41:32.152+0000] {processor.py:157} INFO - Started process (PID=518) to work on /home/airflow/.local/lib/python3.8/site-packages/airflow/example_dags/example_skip_dag.py
[2023-10-11T07:41:32.153+0000] {processor.py:829} INFO - Processing file /home/airflow/.local/lib/python3.8/site-packages/airflow/example_dags/example_skip_dag.py for tasks to queue
[2023-10-11T07:41:32.154+0000] {logging_mixin.py:151} INFO - [2023-10-11T07:41:32.154+0000] {dagbag.py:539} INFO - Filling up the DagBag from /home/airflow/.local/lib/python3.8/site-packages/airflow/example_dags/example_skip_dag.py
[2023-10-11T07:41:32.158+0000] {processor.py:839} INFO - DAG(s) dict_keys(['example_skip_dag']) retrieved from /home/airflow/.local/lib/python3.8/site-packages/airflow/example_dags/example_skip_dag.py
[2023-10-11T07:41:32.175+0000] {logging_mixin.py:151} INFO - [2023-10-11T07:41:32.174+0000] {dag.py:2915} INFO - Sync 1 DAGs
[2023-10-11T07:41:32.188+0000] {logging_mixin.py:151} INFO - [2023-10-11T07:41:32.188+0000] {dag.py:3696} INFO - Setting next_dagrun for example_skip_dag to 2023-10-10T07:41:32.188635+00:00, run_after=2023-10-11T07:41:32.188635+00:00
[2023-10-11T07:41:32.198+0000] {processor.py:179} INFO - Processing /home/airflow/.local/lib/python3.8/site-packages/airflow/example_dags/example_skip_dag.py took 0.048 seconds
[2023-10-11T07:42:02.484+0000] {processor.py:157} INFO - Started process (PID=577) to work on /home/airflow/.local/lib/python3.8/site-packages/airflow/example_dags/example_skip_dag.py
[2023-10-11T07:42:02.485+0000] {processor.py:829} INFO - Processing file /home/airflow/.local/lib/python3.8/site-packages/airflow/example_dags/example_skip_dag.py for tasks to queue
[2023-10-11T07:42:02.486+0000] {logging_mixin.py:151} INFO - [2023-10-11T07:42:02.486+0000] {dagbag.py:539} INFO - Filling up the DagBag from /home/airflow/.local/lib/python3.8/site-packages/airflow/example_dags/example_skip_dag.py
[2023-10-11T07:42:02.490+0000] {processor.py:839} INFO - DAG(s) dict_keys(['example_skip_dag']) retrieved from /home/airflow/.local/lib/python3.8/site-packages/airflow/example_dags/example_skip_dag.py
[2023-10-11T07:42:02.507+0000] {logging_mixin.py:151} INFO - [2023-10-11T07:42:02.507+0000] {dag.py:2915} INFO - Sync 1 DAGs
[2023-10-11T07:42:02.520+0000] {logging_mixin.py:151} INFO - [2023-10-11T07:42:02.520+0000] {dag.py:3696} INFO - Setting next_dagrun for example_skip_dag to 2023-10-10T07:42:02.520361+00:00, run_after=2023-10-11T07:42:02.520361+00:00
[2023-10-11T07:42:02.530+0000] {processor.py:179} INFO - Processing /home/airflow/.local/lib/python3.8/site-packages/airflow/example_dags/example_skip_dag.py took 0.048 seconds
[2023-10-11T07:42:33.107+0000] {processor.py:157} INFO - Started process (PID=636) to work on /home/airflow/.local/lib/python3.8/site-packages/airflow/example_dags/example_skip_dag.py
[2023-10-11T07:42:33.108+0000] {processor.py:829} INFO - Processing file /home/airflow/.local/lib/python3.8/site-packages/airflow/example_dags/example_skip_dag.py for tasks to queue
[2023-10-11T07:42:33.109+0000] {logging_mixin.py:151} INFO - [2023-10-11T07:42:33.109+0000] {dagbag.py:539} INFO - Filling up the DagBag from /home/airflow/.local/lib/python3.8/site-packages/airflow/example_dags/example_skip_dag.py
[2023-10-11T07:42:33.113+0000] {processor.py:839} INFO - DAG(s) dict_keys(['example_skip_dag']) retrieved from /home/airflow/.local/lib/python3.8/site-packages/airflow/example_dags/example_skip_dag.py
[2023-10-11T07:42:33.130+0000] {logging_mixin.py:151} INFO - [2023-10-11T07:42:33.130+0000] {dag.py:2915} INFO - Sync 1 DAGs
[2023-10-11T07:42:33.143+0000] {logging_mixin.py:151} INFO - [2023-10-11T07:42:33.143+0000] {dag.py:3696} INFO - Setting next_dagrun for example_skip_dag to 2023-10-10T07:42:33.143380+00:00, run_after=2023-10-11T07:42:33.143380+00:00
[2023-10-11T07:42:33.153+0000] {processor.py:179} INFO - Processing /home/airflow/.local/lib/python3.8/site-packages/airflow/example_dags/example_skip_dag.py took 0.048 seconds
[2023-10-11T07:43:03.558+0000] {processor.py:157} INFO - Started process (PID=694) to work on /home/airflow/.local/lib/python3.8/site-packages/airflow/example_dags/example_skip_dag.py
[2023-10-11T07:43:03.559+0000] {processor.py:829} INFO - Processing file /home/airflow/.local/lib/python3.8/site-packages/airflow/example_dags/example_skip_dag.py for tasks to queue
[2023-10-11T07:43:03.561+0000] {logging_mixin.py:151} INFO - [2023-10-11T07:43:03.560+0000] {dagbag.py:539} INFO - Filling up the DagBag from /home/airflow/.local/lib/python3.8/site-packages/airflow/example_dags/example_skip_dag.py
[2023-10-11T07:43:03.565+0000] {processor.py:839} INFO - DAG(s) dict_keys(['example_skip_dag']) retrieved from /home/airflow/.local/lib/python3.8/site-packages/airflow/example_dags/example_skip_dag.py
[2023-10-11T07:43:03.584+0000] {logging_mixin.py:151} INFO - [2023-10-11T07:43:03.584+0000] {dag.py:2915} INFO - Sync 1 DAGs
[2023-10-11T07:43:03.599+0000] {logging_mixin.py:151} INFO - [2023-10-11T07:43:03.599+0000] {dag.py:3696} INFO - Setting next_dagrun for example_skip_dag to 2023-10-10T07:43:03.599273+00:00, run_after=2023-10-11T07:43:03.599273+00:00
[2023-10-11T07:43:03.610+0000] {processor.py:179} INFO - Processing /home/airflow/.local/lib/python3.8/site-packages/airflow/example_dags/example_skip_dag.py took 0.054 seconds
[2023-10-11T07:43:34.704+0000] {processor.py:157} INFO - Started process (PID=754) to work on /home/airflow/.local/lib/python3.8/site-packages/airflow/example_dags/example_skip_dag.py
[2023-10-11T07:43:34.704+0000] {processor.py:829} INFO - Processing file /home/airflow/.local/lib/python3.8/site-packages/airflow/example_dags/example_skip_dag.py for tasks to queue
[2023-10-11T07:43:34.706+0000] {logging_mixin.py:151} INFO - [2023-10-11T07:43:34.706+0000] {dagbag.py:539} INFO - Filling up the DagBag from /home/airflow/.local/lib/python3.8/site-packages/airflow/example_dags/example_skip_dag.py
[2023-10-11T07:43:34.710+0000] {processor.py:839} INFO - DAG(s) dict_keys(['example_skip_dag']) retrieved from /home/airflow/.local/lib/python3.8/site-packages/airflow/example_dags/example_skip_dag.py
[2023-10-11T07:43:34.726+0000] {logging_mixin.py:151} INFO - [2023-10-11T07:43:34.726+0000] {dag.py:2915} INFO - Sync 1 DAGs
[2023-10-11T07:43:34.740+0000] {logging_mixin.py:151} INFO - [2023-10-11T07:43:34.740+0000] {dag.py:3696} INFO - Setting next_dagrun for example_skip_dag to 2023-10-10T07:43:34.740179+00:00, run_after=2023-10-11T07:43:34.740179+00:00
[2023-10-11T07:43:34.750+0000] {processor.py:179} INFO - Processing /home/airflow/.local/lib/python3.8/site-packages/airflow/example_dags/example_skip_dag.py took 0.048 seconds
[2023-10-11T07:44:04.885+0000] {processor.py:157} INFO - Started process (PID=812) to work on /home/airflow/.local/lib/python3.8/site-packages/airflow/example_dags/example_skip_dag.py
[2023-10-11T07:44:04.886+0000] {processor.py:829} INFO - Processing file /home/airflow/.local/lib/python3.8/site-packages/airflow/example_dags/example_skip_dag.py for tasks to queue
[2023-10-11T07:44:04.887+0000] {logging_mixin.py:151} INFO - [2023-10-11T07:44:04.887+0000] {dagbag.py:539} INFO - Filling up the DagBag from /home/airflow/.local/lib/python3.8/site-packages/airflow/example_dags/example_skip_dag.py
[2023-10-11T07:44:04.892+0000] {processor.py:839} INFO - DAG(s) dict_keys(['example_skip_dag']) retrieved from /home/airflow/.local/lib/python3.8/site-packages/airflow/example_dags/example_skip_dag.py
[2023-10-11T07:44:04.908+0000] {logging_mixin.py:151} INFO - [2023-10-11T07:44:04.908+0000] {dag.py:2915} INFO - Sync 1 DAGs
[2023-10-11T07:44:04.921+0000] {logging_mixin.py:151} INFO - [2023-10-11T07:44:04.921+0000] {dag.py:3696} INFO - Setting next_dagrun for example_skip_dag to 2023-10-10T07:44:04.921385+00:00, run_after=2023-10-11T07:44:04.921385+00:00
[2023-10-11T07:44:04.931+0000] {processor.py:179} INFO - Processing /home/airflow/.local/lib/python3.8/site-packages/airflow/example_dags/example_skip_dag.py took 0.048 seconds
[2023-10-11T07:44:36.040+0000] {processor.py:157} INFO - Started process (PID=872) to work on /home/airflow/.local/lib/python3.8/site-packages/airflow/example_dags/example_skip_dag.py
[2023-10-11T07:44:36.041+0000] {processor.py:829} INFO - Processing file /home/airflow/.local/lib/python3.8/site-packages/airflow/example_dags/example_skip_dag.py for tasks to queue
[2023-10-11T07:44:36.043+0000] {logging_mixin.py:151} INFO - [2023-10-11T07:44:36.042+0000] {dagbag.py:539} INFO - Filling up the DagBag from /home/airflow/.local/lib/python3.8/site-packages/airflow/example_dags/example_skip_dag.py
[2023-10-11T07:44:36.047+0000] {processor.py:839} INFO - DAG(s) dict_keys(['example_skip_dag']) retrieved from /home/airflow/.local/lib/python3.8/site-packages/airflow/example_dags/example_skip_dag.py
[2023-10-11T07:44:36.064+0000] {logging_mixin.py:151} INFO - [2023-10-11T07:44:36.063+0000] {dag.py:2915} INFO - Sync 1 DAGs
[2023-10-11T07:44:36.077+0000] {logging_mixin.py:151} INFO - [2023-10-11T07:44:36.077+0000] {dag.py:3696} INFO - Setting next_dagrun for example_skip_dag to 2023-10-10T07:44:36.077311+00:00, run_after=2023-10-11T07:44:36.077311+00:00
[2023-10-11T07:44:36.087+0000] {processor.py:179} INFO - Processing /home/airflow/.local/lib/python3.8/site-packages/airflow/example_dags/example_skip_dag.py took 0.049 seconds
[2023-10-11T07:45:07.146+0000] {processor.py:157} INFO - Started process (PID=931) to work on /home/airflow/.local/lib/python3.8/site-packages/airflow/example_dags/example_skip_dag.py
[2023-10-11T07:45:07.147+0000] {processor.py:829} INFO - Processing file /home/airflow/.local/lib/python3.8/site-packages/airflow/example_dags/example_skip_dag.py for tasks to queue
[2023-10-11T07:45:07.148+0000] {logging_mixin.py:151} INFO - [2023-10-11T07:45:07.148+0000] {dagbag.py:539} INFO - Filling up the DagBag from /home/airflow/.local/lib/python3.8/site-packages/airflow/example_dags/example_skip_dag.py
[2023-10-11T07:45:07.152+0000] {processor.py:839} INFO - DAG(s) dict_keys(['example_skip_dag']) retrieved from /home/airflow/.local/lib/python3.8/site-packages/airflow/example_dags/example_skip_dag.py
[2023-10-11T07:45:07.169+0000] {logging_mixin.py:151} INFO - [2023-10-11T07:45:07.169+0000] {dag.py:2915} INFO - Sync 1 DAGs
[2023-10-11T07:45:07.182+0000] {logging_mixin.py:151} INFO - [2023-10-11T07:45:07.182+0000] {dag.py:3696} INFO - Setting next_dagrun for example_skip_dag to 2023-10-10T07:45:07.182261+00:00, run_after=2023-10-11T07:45:07.182261+00:00
[2023-10-11T07:45:07.192+0000] {processor.py:179} INFO - Processing /home/airflow/.local/lib/python3.8/site-packages/airflow/example_dags/example_skip_dag.py took 0.048 seconds
[2023-10-11T07:45:37.668+0000] {processor.py:157} INFO - Started process (PID=990) to work on /home/airflow/.local/lib/python3.8/site-packages/airflow/example_dags/example_skip_dag.py
[2023-10-11T07:45:37.669+0000] {processor.py:829} INFO - Processing file /home/airflow/.local/lib/python3.8/site-packages/airflow/example_dags/example_skip_dag.py for tasks to queue
[2023-10-11T07:45:37.671+0000] {logging_mixin.py:151} INFO - [2023-10-11T07:45:37.670+0000] {dagbag.py:539} INFO - Filling up the DagBag from /home/airflow/.local/lib/python3.8/site-packages/airflow/example_dags/example_skip_dag.py
[2023-10-11T07:45:37.675+0000] {processor.py:839} INFO - DAG(s) dict_keys(['example_skip_dag']) retrieved from /home/airflow/.local/lib/python3.8/site-packages/airflow/example_dags/example_skip_dag.py
[2023-10-11T07:45:37.700+0000] {logging_mixin.py:151} INFO - [2023-10-11T07:45:37.700+0000] {dag.py:2915} INFO - Sync 1 DAGs
[2023-10-11T07:45:37.717+0000] {logging_mixin.py:151} INFO - [2023-10-11T07:45:37.717+0000] {dag.py:3696} INFO - Setting next_dagrun for example_skip_dag to 2023-10-10T07:45:37.716779+00:00, run_after=2023-10-11T07:45:37.716779+00:00
[2023-10-11T07:45:37.731+0000] {processor.py:179} INFO - Processing /home/airflow/.local/lib/python3.8/site-packages/airflow/example_dags/example_skip_dag.py took 0.066 seconds
[2023-10-11T07:46:08.173+0000] {processor.py:157} INFO - Started process (PID=1049) to work on /home/airflow/.local/lib/python3.8/site-packages/airflow/example_dags/example_skip_dag.py
[2023-10-11T07:46:08.174+0000] {processor.py:829} INFO - Processing file /home/airflow/.local/lib/python3.8/site-packages/airflow/example_dags/example_skip_dag.py for tasks to queue
[2023-10-11T07:46:08.175+0000] {logging_mixin.py:151} INFO - [2023-10-11T07:46:08.175+0000] {dagbag.py:539} INFO - Filling up the DagBag from /home/airflow/.local/lib/python3.8/site-packages/airflow/example_dags/example_skip_dag.py
[2023-10-11T07:46:08.180+0000] {processor.py:839} INFO - DAG(s) dict_keys(['example_skip_dag']) retrieved from /home/airflow/.local/lib/python3.8/site-packages/airflow/example_dags/example_skip_dag.py
[2023-10-11T07:46:08.200+0000] {logging_mixin.py:151} INFO - [2023-10-11T07:46:08.199+0000] {dag.py:2915} INFO - Sync 1 DAGs
[2023-10-11T07:46:08.215+0000] {logging_mixin.py:151} INFO - [2023-10-11T07:46:08.215+0000] {dag.py:3696} INFO - Setting next_dagrun for example_skip_dag to 2023-10-10T07:46:08.215090+00:00, run_after=2023-10-11T07:46:08.215090+00:00
[2023-10-11T07:46:08.230+0000] {processor.py:179} INFO - Processing /home/airflow/.local/lib/python3.8/site-packages/airflow/example_dags/example_skip_dag.py took 0.059 seconds
[2023-10-11T07:46:38.397+0000] {processor.py:157} INFO - Started process (PID=1107) to work on /home/airflow/.local/lib/python3.8/site-packages/airflow/example_dags/example_skip_dag.py
[2023-10-11T07:46:38.398+0000] {processor.py:829} INFO - Processing file /home/airflow/.local/lib/python3.8/site-packages/airflow/example_dags/example_skip_dag.py for tasks to queue
[2023-10-11T07:46:38.399+0000] {logging_mixin.py:151} INFO - [2023-10-11T07:46:38.399+0000] {dagbag.py:539} INFO - Filling up the DagBag from /home/airflow/.local/lib/python3.8/site-packages/airflow/example_dags/example_skip_dag.py
[2023-10-11T07:46:38.403+0000] {processor.py:839} INFO - DAG(s) dict_keys(['example_skip_dag']) retrieved from /home/airflow/.local/lib/python3.8/site-packages/airflow/example_dags/example_skip_dag.py
[2023-10-11T07:46:38.419+0000] {logging_mixin.py:151} INFO - [2023-10-11T07:46:38.419+0000] {dag.py:2915} INFO - Sync 1 DAGs
[2023-10-11T07:46:38.433+0000] {logging_mixin.py:151} INFO - [2023-10-11T07:46:38.433+0000] {dag.py:3696} INFO - Setting next_dagrun for example_skip_dag to 2023-10-10T07:46:38.433059+00:00, run_after=2023-10-11T07:46:38.433059+00:00
[2023-10-11T07:46:38.443+0000] {processor.py:179} INFO - Processing /home/airflow/.local/lib/python3.8/site-packages/airflow/example_dags/example_skip_dag.py took 0.048 seconds
[2023-10-11T07:47:08.653+0000] {processor.py:157} INFO - Started process (PID=1166) to work on /home/airflow/.local/lib/python3.8/site-packages/airflow/example_dags/example_skip_dag.py
[2023-10-11T07:47:08.653+0000] {processor.py:829} INFO - Processing file /home/airflow/.local/lib/python3.8/site-packages/airflow/example_dags/example_skip_dag.py for tasks to queue
[2023-10-11T07:47:08.655+0000] {logging_mixin.py:151} INFO - [2023-10-11T07:47:08.655+0000] {dagbag.py:539} INFO - Filling up the DagBag from /home/airflow/.local/lib/python3.8/site-packages/airflow/example_dags/example_skip_dag.py
[2023-10-11T07:47:08.659+0000] {processor.py:839} INFO - DAG(s) dict_keys(['example_skip_dag']) retrieved from /home/airflow/.local/lib/python3.8/site-packages/airflow/example_dags/example_skip_dag.py
[2023-10-11T07:47:08.675+0000] {logging_mixin.py:151} INFO - [2023-10-11T07:47:08.675+0000] {dag.py:2915} INFO - Sync 1 DAGs
[2023-10-11T07:47:08.689+0000] {logging_mixin.py:151} INFO - [2023-10-11T07:47:08.689+0000] {dag.py:3696} INFO - Setting next_dagrun for example_skip_dag to 2023-10-10T07:47:08.689368+00:00, run_after=2023-10-11T07:47:08.689368+00:00
[2023-10-11T07:47:08.699+0000] {processor.py:179} INFO - Processing /home/airflow/.local/lib/python3.8/site-packages/airflow/example_dags/example_skip_dag.py took 0.049 seconds
[2023-10-11T07:47:39.884+0000] {processor.py:157} INFO - Started process (PID=1225) to work on /home/airflow/.local/lib/python3.8/site-packages/airflow/example_dags/example_skip_dag.py
[2023-10-11T07:47:39.884+0000] {processor.py:829} INFO - Processing file /home/airflow/.local/lib/python3.8/site-packages/airflow/example_dags/example_skip_dag.py for tasks to queue
[2023-10-11T07:47:39.886+0000] {logging_mixin.py:151} INFO - [2023-10-11T07:47:39.886+0000] {dagbag.py:539} INFO - Filling up the DagBag from /home/airflow/.local/lib/python3.8/site-packages/airflow/example_dags/example_skip_dag.py
[2023-10-11T07:47:39.892+0000] {processor.py:839} INFO - DAG(s) dict_keys(['example_skip_dag']) retrieved from /home/airflow/.local/lib/python3.8/site-packages/airflow/example_dags/example_skip_dag.py
[2023-10-11T07:47:39.915+0000] {logging_mixin.py:151} INFO - [2023-10-11T07:47:39.915+0000] {dag.py:2915} INFO - Sync 1 DAGs
[2023-10-11T07:47:39.933+0000] {logging_mixin.py:151} INFO - [2023-10-11T07:47:39.933+0000] {dag.py:3696} INFO - Setting next_dagrun for example_skip_dag to 2023-10-10T07:47:39.933296+00:00, run_after=2023-10-11T07:47:39.933296+00:00
[2023-10-11T07:47:39.947+0000] {processor.py:179} INFO - Processing /home/airflow/.local/lib/python3.8/site-packages/airflow/example_dags/example_skip_dag.py took 0.066 seconds
[2023-10-11T07:48:10.126+0000] {processor.py:157} INFO - Started process (PID=1284) to work on /home/airflow/.local/lib/python3.8/site-packages/airflow/example_dags/example_skip_dag.py
[2023-10-11T07:48:10.127+0000] {processor.py:829} INFO - Processing file /home/airflow/.local/lib/python3.8/site-packages/airflow/example_dags/example_skip_dag.py for tasks to queue
[2023-10-11T07:48:10.128+0000] {logging_mixin.py:151} INFO - [2023-10-11T07:48:10.128+0000] {dagbag.py:539} INFO - Filling up the DagBag from /home/airflow/.local/lib/python3.8/site-packages/airflow/example_dags/example_skip_dag.py
[2023-10-11T07:48:10.132+0000] {processor.py:839} INFO - DAG(s) dict_keys(['example_skip_dag']) retrieved from /home/airflow/.local/lib/python3.8/site-packages/airflow/example_dags/example_skip_dag.py
[2023-10-11T07:48:10.149+0000] {logging_mixin.py:151} INFO - [2023-10-11T07:48:10.149+0000] {dag.py:2915} INFO - Sync 1 DAGs
[2023-10-11T07:48:10.162+0000] {logging_mixin.py:151} INFO - [2023-10-11T07:48:10.162+0000] {dag.py:3696} INFO - Setting next_dagrun for example_skip_dag to 2023-10-10T07:48:10.162567+00:00, run_after=2023-10-11T07:48:10.162567+00:00
[2023-10-11T07:48:10.172+0000] {processor.py:179} INFO - Processing /home/airflow/.local/lib/python3.8/site-packages/airflow/example_dags/example_skip_dag.py took 0.048 seconds
[2023-10-11T07:48:40.740+0000] {processor.py:157} INFO - Started process (PID=1343) to work on /home/airflow/.local/lib/python3.8/site-packages/airflow/example_dags/example_skip_dag.py
[2023-10-11T07:48:40.741+0000] {processor.py:829} INFO - Processing file /home/airflow/.local/lib/python3.8/site-packages/airflow/example_dags/example_skip_dag.py for tasks to queue
[2023-10-11T07:48:40.742+0000] {logging_mixin.py:151} INFO - [2023-10-11T07:48:40.742+0000] {dagbag.py:539} INFO - Filling up the DagBag from /home/airflow/.local/lib/python3.8/site-packages/airflow/example_dags/example_skip_dag.py
[2023-10-11T07:48:40.747+0000] {processor.py:839} INFO - DAG(s) dict_keys(['example_skip_dag']) retrieved from /home/airflow/.local/lib/python3.8/site-packages/airflow/example_dags/example_skip_dag.py
[2023-10-11T07:48:40.766+0000] {logging_mixin.py:151} INFO - [2023-10-11T07:48:40.766+0000] {dag.py:2915} INFO - Sync 1 DAGs
[2023-10-11T07:48:40.781+0000] {logging_mixin.py:151} INFO - [2023-10-11T07:48:40.781+0000] {dag.py:3696} INFO - Setting next_dagrun for example_skip_dag to 2023-10-10T07:48:40.781172+00:00, run_after=2023-10-11T07:48:40.781172+00:00
[2023-10-11T07:48:40.794+0000] {processor.py:179} INFO - Processing /home/airflow/.local/lib/python3.8/site-packages/airflow/example_dags/example_skip_dag.py took 0.058 seconds
[2023-10-11T07:49:11.804+0000] {processor.py:157} INFO - Started process (PID=1407) to work on /home/airflow/.local/lib/python3.8/site-packages/airflow/example_dags/example_skip_dag.py
[2023-10-11T07:49:11.805+0000] {processor.py:829} INFO - Processing file /home/airflow/.local/lib/python3.8/site-packages/airflow/example_dags/example_skip_dag.py for tasks to queue
[2023-10-11T07:49:11.806+0000] {logging_mixin.py:151} INFO - [2023-10-11T07:49:11.806+0000] {dagbag.py:539} INFO - Filling up the DagBag from /home/airflow/.local/lib/python3.8/site-packages/airflow/example_dags/example_skip_dag.py
[2023-10-11T07:49:11.810+0000] {processor.py:839} INFO - DAG(s) dict_keys(['example_skip_dag']) retrieved from /home/airflow/.local/lib/python3.8/site-packages/airflow/example_dags/example_skip_dag.py
[2023-10-11T07:49:11.828+0000] {logging_mixin.py:151} INFO - [2023-10-11T07:49:11.828+0000] {dag.py:2915} INFO - Sync 1 DAGs
[2023-10-11T07:49:11.842+0000] {logging_mixin.py:151} INFO - [2023-10-11T07:49:11.842+0000] {dag.py:3696} INFO - Setting next_dagrun for example_skip_dag to 2023-10-10T07:49:11.842382+00:00, run_after=2023-10-11T07:49:11.842382+00:00
[2023-10-11T07:49:11.852+0000] {processor.py:179} INFO - Processing /home/airflow/.local/lib/python3.8/site-packages/airflow/example_dags/example_skip_dag.py took 0.050 seconds
[2023-10-11T07:49:42.978+0000] {processor.py:157} INFO - Started process (PID=1466) to work on /home/airflow/.local/lib/python3.8/site-packages/airflow/example_dags/example_skip_dag.py
[2023-10-11T07:49:42.978+0000] {processor.py:829} INFO - Processing file /home/airflow/.local/lib/python3.8/site-packages/airflow/example_dags/example_skip_dag.py for tasks to queue
[2023-10-11T07:49:42.980+0000] {logging_mixin.py:151} INFO - [2023-10-11T07:49:42.979+0000] {dagbag.py:539} INFO - Filling up the DagBag from /home/airflow/.local/lib/python3.8/site-packages/airflow/example_dags/example_skip_dag.py
[2023-10-11T07:49:42.984+0000] {processor.py:839} INFO - DAG(s) dict_keys(['example_skip_dag']) retrieved from /home/airflow/.local/lib/python3.8/site-packages/airflow/example_dags/example_skip_dag.py
[2023-10-11T07:49:43.001+0000] {logging_mixin.py:151} INFO - [2023-10-11T07:49:43.001+0000] {dag.py:2915} INFO - Sync 1 DAGs
[2023-10-11T07:49:43.016+0000] {logging_mixin.py:151} INFO - [2023-10-11T07:49:43.016+0000] {dag.py:3696} INFO - Setting next_dagrun for example_skip_dag to 2023-10-10T07:49:43.015985+00:00, run_after=2023-10-11T07:49:43.015985+00:00
[2023-10-11T07:49:43.026+0000] {processor.py:179} INFO - Processing /home/airflow/.local/lib/python3.8/site-packages/airflow/example_dags/example_skip_dag.py took 0.051 seconds
[2023-10-11T07:50:13.300+0000] {processor.py:157} INFO - Started process (PID=1525) to work on /home/airflow/.local/lib/python3.8/site-packages/airflow/example_dags/example_skip_dag.py
[2023-10-11T07:50:13.301+0000] {processor.py:829} INFO - Processing file /home/airflow/.local/lib/python3.8/site-packages/airflow/example_dags/example_skip_dag.py for tasks to queue
[2023-10-11T07:50:13.302+0000] {logging_mixin.py:151} INFO - [2023-10-11T07:50:13.302+0000] {dagbag.py:539} INFO - Filling up the DagBag from /home/airflow/.local/lib/python3.8/site-packages/airflow/example_dags/example_skip_dag.py
[2023-10-11T07:50:13.306+0000] {processor.py:839} INFO - DAG(s) dict_keys(['example_skip_dag']) retrieved from /home/airflow/.local/lib/python3.8/site-packages/airflow/example_dags/example_skip_dag.py
[2023-10-11T07:50:13.323+0000] {logging_mixin.py:151} INFO - [2023-10-11T07:50:13.323+0000] {dag.py:2915} INFO - Sync 1 DAGs
[2023-10-11T07:50:13.337+0000] {logging_mixin.py:151} INFO - [2023-10-11T07:50:13.337+0000] {dag.py:3696} INFO - Setting next_dagrun for example_skip_dag to 2023-10-10T07:50:13.337520+00:00, run_after=2023-10-11T07:50:13.337520+00:00
[2023-10-11T07:50:13.347+0000] {processor.py:179} INFO - Processing /home/airflow/.local/lib/python3.8/site-packages/airflow/example_dags/example_skip_dag.py took 0.050 seconds
[2023-10-11T07:50:43.535+0000] {processor.py:157} INFO - Started process (PID=1584) to work on /home/airflow/.local/lib/python3.8/site-packages/airflow/example_dags/example_skip_dag.py
[2023-10-11T07:50:43.535+0000] {processor.py:829} INFO - Processing file /home/airflow/.local/lib/python3.8/site-packages/airflow/example_dags/example_skip_dag.py for tasks to queue
[2023-10-11T07:50:43.537+0000] {logging_mixin.py:151} INFO - [2023-10-11T07:50:43.537+0000] {dagbag.py:539} INFO - Filling up the DagBag from /home/airflow/.local/lib/python3.8/site-packages/airflow/example_dags/example_skip_dag.py
[2023-10-11T07:50:43.541+0000] {processor.py:839} INFO - DAG(s) dict_keys(['example_skip_dag']) retrieved from /home/airflow/.local/lib/python3.8/site-packages/airflow/example_dags/example_skip_dag.py
[2023-10-11T07:50:43.572+0000] {logging_mixin.py:151} INFO - [2023-10-11T07:50:43.571+0000] {dag.py:2915} INFO - Sync 1 DAGs
[2023-10-11T07:50:43.585+0000] {logging_mixin.py:151} INFO - [2023-10-11T07:50:43.585+0000] {dag.py:3696} INFO - Setting next_dagrun for example_skip_dag to 2023-10-10T07:50:43.585410+00:00, run_after=2023-10-11T07:50:43.585410+00:00
[2023-10-11T07:50:43.597+0000] {processor.py:179} INFO - Processing /home/airflow/.local/lib/python3.8/site-packages/airflow/example_dags/example_skip_dag.py took 0.065 seconds
[2023-10-11T07:51:14.748+0000] {processor.py:157} INFO - Started process (PID=1643) to work on /home/airflow/.local/lib/python3.8/site-packages/airflow/example_dags/example_skip_dag.py
[2023-10-11T07:51:14.748+0000] {processor.py:829} INFO - Processing file /home/airflow/.local/lib/python3.8/site-packages/airflow/example_dags/example_skip_dag.py for tasks to queue
[2023-10-11T07:51:14.750+0000] {logging_mixin.py:151} INFO - [2023-10-11T07:51:14.750+0000] {dagbag.py:539} INFO - Filling up the DagBag from /home/airflow/.local/lib/python3.8/site-packages/airflow/example_dags/example_skip_dag.py
[2023-10-11T07:51:14.754+0000] {processor.py:839} INFO - DAG(s) dict_keys(['example_skip_dag']) retrieved from /home/airflow/.local/lib/python3.8/site-packages/airflow/example_dags/example_skip_dag.py
[2023-10-11T07:51:14.772+0000] {logging_mixin.py:151} INFO - [2023-10-11T07:51:14.771+0000] {dag.py:2915} INFO - Sync 1 DAGs
[2023-10-11T07:51:14.786+0000] {logging_mixin.py:151} INFO - [2023-10-11T07:51:14.785+0000] {dag.py:3696} INFO - Setting next_dagrun for example_skip_dag to 2023-10-10T07:51:14.785775+00:00, run_after=2023-10-11T07:51:14.785775+00:00
[2023-10-11T07:51:14.797+0000] {processor.py:179} INFO - Processing /home/airflow/.local/lib/python3.8/site-packages/airflow/example_dags/example_skip_dag.py took 0.051 seconds
