[2023-10-11T07:17:23.649+0000] {processor.py:157} INFO - Started process (PID=74) to work on /home/airflow/.local/lib/python3.8/site-packages/airflow/example_dags/example_short_circuit_operator.py
[2023-10-11T07:17:23.651+0000] {processor.py:829} INFO - Processing file /home/airflow/.local/lib/python3.8/site-packages/airflow/example_dags/example_short_circuit_operator.py for tasks to queue
[2023-10-11T07:17:23.653+0000] {logging_mixin.py:151} INFO - [2023-10-11T07:17:23.653+0000] {dagbag.py:539} INFO - Filling up the DagBag from /home/airflow/.local/lib/python3.8/site-packages/airflow/example_dags/example_short_circuit_operator.py
[2023-10-11T07:17:23.659+0000] {processor.py:839} INFO - DAG(s) dict_keys(['example_short_circuit_operator']) retrieved from /home/airflow/.local/lib/python3.8/site-packages/airflow/example_dags/example_short_circuit_operator.py
[2023-10-11T07:17:23.680+0000] {logging_mixin.py:151} INFO - [2023-10-11T07:17:23.679+0000] {dag.py:2915} INFO - Sync 1 DAGs
[2023-10-11T07:17:23.695+0000] {logging_mixin.py:151} INFO - [2023-10-11T07:17:23.695+0000] {dag.py:3696} INFO - Setting next_dagrun for example_short_circuit_operator to 2023-10-10T07:17:23.695117+00:00, run_after=2023-10-11T07:17:23.695117+00:00
[2023-10-11T07:17:23.705+0000] {processor.py:179} INFO - Processing /home/airflow/.local/lib/python3.8/site-packages/airflow/example_dags/example_short_circuit_operator.py took 0.058 seconds
[2023-10-11T07:17:53.776+0000] {processor.py:157} INFO - Started process (PID=133) to work on /home/airflow/.local/lib/python3.8/site-packages/airflow/example_dags/example_short_circuit_operator.py
[2023-10-11T07:17:53.777+0000] {processor.py:829} INFO - Processing file /home/airflow/.local/lib/python3.8/site-packages/airflow/example_dags/example_short_circuit_operator.py for tasks to queue
[2023-10-11T07:17:53.778+0000] {logging_mixin.py:151} INFO - [2023-10-11T07:17:53.778+0000] {dagbag.py:539} INFO - Filling up the DagBag from /home/airflow/.local/lib/python3.8/site-packages/airflow/example_dags/example_short_circuit_operator.py
[2023-10-11T07:17:53.783+0000] {processor.py:839} INFO - DAG(s) dict_keys(['example_short_circuit_operator']) retrieved from /home/airflow/.local/lib/python3.8/site-packages/airflow/example_dags/example_short_circuit_operator.py
[2023-10-11T07:17:53.801+0000] {logging_mixin.py:151} INFO - [2023-10-11T07:17:53.800+0000] {dag.py:2915} INFO - Sync 1 DAGs
[2023-10-11T07:17:53.815+0000] {logging_mixin.py:151} INFO - [2023-10-11T07:17:53.815+0000] {dag.py:3696} INFO - Setting next_dagrun for example_short_circuit_operator to 2023-10-10T07:17:53.814955+00:00, run_after=2023-10-11T07:17:53.814955+00:00
[2023-10-11T07:17:53.824+0000] {processor.py:179} INFO - Processing /home/airflow/.local/lib/python3.8/site-packages/airflow/example_dags/example_short_circuit_operator.py took 0.050 seconds
[2023-10-11T07:18:24.574+0000] {processor.py:157} INFO - Started process (PID=192) to work on /home/airflow/.local/lib/python3.8/site-packages/airflow/example_dags/example_short_circuit_operator.py
[2023-10-11T07:18:24.575+0000] {processor.py:829} INFO - Processing file /home/airflow/.local/lib/python3.8/site-packages/airflow/example_dags/example_short_circuit_operator.py for tasks to queue
[2023-10-11T07:18:24.577+0000] {logging_mixin.py:151} INFO - [2023-10-11T07:18:24.577+0000] {dagbag.py:539} INFO - Filling up the DagBag from /home/airflow/.local/lib/python3.8/site-packages/airflow/example_dags/example_short_circuit_operator.py
[2023-10-11T07:18:24.581+0000] {processor.py:839} INFO - DAG(s) dict_keys(['example_short_circuit_operator']) retrieved from /home/airflow/.local/lib/python3.8/site-packages/airflow/example_dags/example_short_circuit_operator.py
[2023-10-11T07:18:24.600+0000] {logging_mixin.py:151} INFO - [2023-10-11T07:18:24.599+0000] {dag.py:2915} INFO - Sync 1 DAGs
[2023-10-11T07:18:24.613+0000] {logging_mixin.py:151} INFO - [2023-10-11T07:18:24.613+0000] {dag.py:3696} INFO - Setting next_dagrun for example_short_circuit_operator to 2023-10-10T07:18:24.613317+00:00, run_after=2023-10-11T07:18:24.613317+00:00
[2023-10-11T07:18:24.623+0000] {processor.py:179} INFO - Processing /home/airflow/.local/lib/python3.8/site-packages/airflow/example_dags/example_short_circuit_operator.py took 0.051 seconds
[2023-10-11T07:18:55.764+0000] {processor.py:157} INFO - Started process (PID=251) to work on /home/airflow/.local/lib/python3.8/site-packages/airflow/example_dags/example_short_circuit_operator.py
[2023-10-11T07:18:55.765+0000] {processor.py:829} INFO - Processing file /home/airflow/.local/lib/python3.8/site-packages/airflow/example_dags/example_short_circuit_operator.py for tasks to queue
[2023-10-11T07:18:55.766+0000] {logging_mixin.py:151} INFO - [2023-10-11T07:18:55.766+0000] {dagbag.py:539} INFO - Filling up the DagBag from /home/airflow/.local/lib/python3.8/site-packages/airflow/example_dags/example_short_circuit_operator.py
[2023-10-11T07:18:55.771+0000] {processor.py:839} INFO - DAG(s) dict_keys(['example_short_circuit_operator']) retrieved from /home/airflow/.local/lib/python3.8/site-packages/airflow/example_dags/example_short_circuit_operator.py
[2023-10-11T07:18:55.788+0000] {logging_mixin.py:151} INFO - [2023-10-11T07:18:55.788+0000] {dag.py:2915} INFO - Sync 1 DAGs
[2023-10-11T07:18:55.803+0000] {logging_mixin.py:151} INFO - [2023-10-11T07:18:55.803+0000] {dag.py:3696} INFO - Setting next_dagrun for example_short_circuit_operator to 2023-10-10T07:18:55.802959+00:00, run_after=2023-10-11T07:18:55.802959+00:00
[2023-10-11T07:18:55.812+0000] {processor.py:179} INFO - Processing /home/airflow/.local/lib/python3.8/site-packages/airflow/example_dags/example_short_circuit_operator.py took 0.051 seconds
[2023-10-11T07:19:26.935+0000] {processor.py:157} INFO - Started process (PID=310) to work on /home/airflow/.local/lib/python3.8/site-packages/airflow/example_dags/example_short_circuit_operator.py
[2023-10-11T07:19:26.936+0000] {processor.py:829} INFO - Processing file /home/airflow/.local/lib/python3.8/site-packages/airflow/example_dags/example_short_circuit_operator.py for tasks to queue
[2023-10-11T07:19:26.938+0000] {logging_mixin.py:151} INFO - [2023-10-11T07:19:26.938+0000] {dagbag.py:539} INFO - Filling up the DagBag from /home/airflow/.local/lib/python3.8/site-packages/airflow/example_dags/example_short_circuit_operator.py
[2023-10-11T07:19:26.942+0000] {processor.py:839} INFO - DAG(s) dict_keys(['example_short_circuit_operator']) retrieved from /home/airflow/.local/lib/python3.8/site-packages/airflow/example_dags/example_short_circuit_operator.py
[2023-10-11T07:19:26.960+0000] {logging_mixin.py:151} INFO - [2023-10-11T07:19:26.960+0000] {dag.py:2915} INFO - Sync 1 DAGs
[2023-10-11T07:19:26.975+0000] {logging_mixin.py:151} INFO - [2023-10-11T07:19:26.975+0000] {dag.py:3696} INFO - Setting next_dagrun for example_short_circuit_operator to 2023-10-10T07:19:26.974975+00:00, run_after=2023-10-11T07:19:26.974975+00:00
[2023-10-11T07:19:26.985+0000] {processor.py:179} INFO - Processing /home/airflow/.local/lib/python3.8/site-packages/airflow/example_dags/example_short_circuit_operator.py took 0.052 seconds
[2023-10-11T07:19:58.302+0000] {processor.py:157} INFO - Started process (PID=369) to work on /home/airflow/.local/lib/python3.8/site-packages/airflow/example_dags/example_short_circuit_operator.py
[2023-10-11T07:19:58.303+0000] {processor.py:829} INFO - Processing file /home/airflow/.local/lib/python3.8/site-packages/airflow/example_dags/example_short_circuit_operator.py for tasks to queue
[2023-10-11T07:19:58.305+0000] {logging_mixin.py:151} INFO - [2023-10-11T07:19:58.305+0000] {dagbag.py:539} INFO - Filling up the DagBag from /home/airflow/.local/lib/python3.8/site-packages/airflow/example_dags/example_short_circuit_operator.py
[2023-10-11T07:19:58.310+0000] {processor.py:839} INFO - DAG(s) dict_keys(['example_short_circuit_operator']) retrieved from /home/airflow/.local/lib/python3.8/site-packages/airflow/example_dags/example_short_circuit_operator.py
[2023-10-11T07:19:58.327+0000] {logging_mixin.py:151} INFO - [2023-10-11T07:19:58.327+0000] {dag.py:2915} INFO - Sync 1 DAGs
[2023-10-11T07:19:58.342+0000] {logging_mixin.py:151} INFO - [2023-10-11T07:19:58.341+0000] {dag.py:3696} INFO - Setting next_dagrun for example_short_circuit_operator to 2023-10-10T07:19:58.341712+00:00, run_after=2023-10-11T07:19:58.341712+00:00
[2023-10-11T07:19:58.352+0000] {processor.py:179} INFO - Processing /home/airflow/.local/lib/python3.8/site-packages/airflow/example_dags/example_short_circuit_operator.py took 0.052 seconds
[2023-10-11T07:20:28.597+0000] {processor.py:157} INFO - Started process (PID=428) to work on /home/airflow/.local/lib/python3.8/site-packages/airflow/example_dags/example_short_circuit_operator.py
[2023-10-11T07:20:28.597+0000] {processor.py:829} INFO - Processing file /home/airflow/.local/lib/python3.8/site-packages/airflow/example_dags/example_short_circuit_operator.py for tasks to queue
[2023-10-11T07:20:28.599+0000] {logging_mixin.py:151} INFO - [2023-10-11T07:20:28.599+0000] {dagbag.py:539} INFO - Filling up the DagBag from /home/airflow/.local/lib/python3.8/site-packages/airflow/example_dags/example_short_circuit_operator.py
[2023-10-11T07:20:28.603+0000] {processor.py:839} INFO - DAG(s) dict_keys(['example_short_circuit_operator']) retrieved from /home/airflow/.local/lib/python3.8/site-packages/airflow/example_dags/example_short_circuit_operator.py
[2023-10-11T07:20:28.621+0000] {logging_mixin.py:151} INFO - [2023-10-11T07:20:28.621+0000] {dag.py:2915} INFO - Sync 1 DAGs
[2023-10-11T07:20:28.634+0000] {logging_mixin.py:151} INFO - [2023-10-11T07:20:28.634+0000] {dag.py:3696} INFO - Setting next_dagrun for example_short_circuit_operator to 2023-10-10T07:20:28.634113+00:00, run_after=2023-10-11T07:20:28.634113+00:00
[2023-10-11T07:20:28.644+0000] {processor.py:179} INFO - Processing /home/airflow/.local/lib/python3.8/site-packages/airflow/example_dags/example_short_circuit_operator.py took 0.049 seconds
[2023-10-11T07:20:58.929+0000] {processor.py:157} INFO - Started process (PID=488) to work on /home/airflow/.local/lib/python3.8/site-packages/airflow/example_dags/example_short_circuit_operator.py
[2023-10-11T07:20:58.930+0000] {processor.py:829} INFO - Processing file /home/airflow/.local/lib/python3.8/site-packages/airflow/example_dags/example_short_circuit_operator.py for tasks to queue
[2023-10-11T07:20:58.931+0000] {logging_mixin.py:151} INFO - [2023-10-11T07:20:58.931+0000] {dagbag.py:539} INFO - Filling up the DagBag from /home/airflow/.local/lib/python3.8/site-packages/airflow/example_dags/example_short_circuit_operator.py
[2023-10-11T07:20:58.936+0000] {processor.py:839} INFO - DAG(s) dict_keys(['example_short_circuit_operator']) retrieved from /home/airflow/.local/lib/python3.8/site-packages/airflow/example_dags/example_short_circuit_operator.py
[2023-10-11T07:20:58.953+0000] {logging_mixin.py:151} INFO - [2023-10-11T07:20:58.953+0000] {dag.py:2915} INFO - Sync 1 DAGs
[2023-10-11T07:20:58.967+0000] {logging_mixin.py:151} INFO - [2023-10-11T07:20:58.967+0000] {dag.py:3696} INFO - Setting next_dagrun for example_short_circuit_operator to 2023-10-10T07:20:58.967108+00:00, run_after=2023-10-11T07:20:58.967108+00:00
[2023-10-11T07:20:58.977+0000] {processor.py:179} INFO - Processing /home/airflow/.local/lib/python3.8/site-packages/airflow/example_dags/example_short_circuit_operator.py took 0.050 seconds
[2023-10-11T07:21:29.510+0000] {processor.py:157} INFO - Started process (PID=547) to work on /home/airflow/.local/lib/python3.8/site-packages/airflow/example_dags/example_short_circuit_operator.py
[2023-10-11T07:21:29.511+0000] {processor.py:829} INFO - Processing file /home/airflow/.local/lib/python3.8/site-packages/airflow/example_dags/example_short_circuit_operator.py for tasks to queue
[2023-10-11T07:21:29.512+0000] {logging_mixin.py:151} INFO - [2023-10-11T07:21:29.512+0000] {dagbag.py:539} INFO - Filling up the DagBag from /home/airflow/.local/lib/python3.8/site-packages/airflow/example_dags/example_short_circuit_operator.py
[2023-10-11T07:21:29.517+0000] {processor.py:839} INFO - DAG(s) dict_keys(['example_short_circuit_operator']) retrieved from /home/airflow/.local/lib/python3.8/site-packages/airflow/example_dags/example_short_circuit_operator.py
[2023-10-11T07:21:29.535+0000] {logging_mixin.py:151} INFO - [2023-10-11T07:21:29.535+0000] {dag.py:2915} INFO - Sync 1 DAGs
[2023-10-11T07:21:29.549+0000] {logging_mixin.py:151} INFO - [2023-10-11T07:21:29.549+0000] {dag.py:3696} INFO - Setting next_dagrun for example_short_circuit_operator to 2023-10-10T07:21:29.549422+00:00, run_after=2023-10-11T07:21:29.549422+00:00
[2023-10-11T07:21:29.559+0000] {processor.py:179} INFO - Processing /home/airflow/.local/lib/python3.8/site-packages/airflow/example_dags/example_short_circuit_operator.py took 0.051 seconds
[2023-10-11T07:22:00.027+0000] {processor.py:157} INFO - Started process (PID=606) to work on /home/airflow/.local/lib/python3.8/site-packages/airflow/example_dags/example_short_circuit_operator.py
[2023-10-11T07:22:00.027+0000] {processor.py:829} INFO - Processing file /home/airflow/.local/lib/python3.8/site-packages/airflow/example_dags/example_short_circuit_operator.py for tasks to queue
[2023-10-11T07:22:00.029+0000] {logging_mixin.py:151} INFO - [2023-10-11T07:22:00.028+0000] {dagbag.py:539} INFO - Filling up the DagBag from /home/airflow/.local/lib/python3.8/site-packages/airflow/example_dags/example_short_circuit_operator.py
[2023-10-11T07:22:00.033+0000] {processor.py:839} INFO - DAG(s) dict_keys(['example_short_circuit_operator']) retrieved from /home/airflow/.local/lib/python3.8/site-packages/airflow/example_dags/example_short_circuit_operator.py
[2023-10-11T07:22:00.051+0000] {logging_mixin.py:151} INFO - [2023-10-11T07:22:00.051+0000] {dag.py:2915} INFO - Sync 1 DAGs
[2023-10-11T07:22:00.065+0000] {logging_mixin.py:151} INFO - [2023-10-11T07:22:00.065+0000] {dag.py:3696} INFO - Setting next_dagrun for example_short_circuit_operator to 2023-10-10T07:22:00.065406+00:00, run_after=2023-10-11T07:22:00.065406+00:00
[2023-10-11T07:22:00.076+0000] {processor.py:179} INFO - Processing /home/airflow/.local/lib/python3.8/site-packages/airflow/example_dags/example_short_circuit_operator.py took 0.051 seconds
[2023-10-11T07:22:30.410+0000] {processor.py:157} INFO - Started process (PID=665) to work on /home/airflow/.local/lib/python3.8/site-packages/airflow/example_dags/example_short_circuit_operator.py
[2023-10-11T07:22:30.410+0000] {processor.py:829} INFO - Processing file /home/airflow/.local/lib/python3.8/site-packages/airflow/example_dags/example_short_circuit_operator.py for tasks to queue
[2023-10-11T07:22:30.412+0000] {logging_mixin.py:151} INFO - [2023-10-11T07:22:30.411+0000] {dagbag.py:539} INFO - Filling up the DagBag from /home/airflow/.local/lib/python3.8/site-packages/airflow/example_dags/example_short_circuit_operator.py
[2023-10-11T07:22:30.416+0000] {processor.py:839} INFO - DAG(s) dict_keys(['example_short_circuit_operator']) retrieved from /home/airflow/.local/lib/python3.8/site-packages/airflow/example_dags/example_short_circuit_operator.py
[2023-10-11T07:22:30.434+0000] {logging_mixin.py:151} INFO - [2023-10-11T07:22:30.434+0000] {dag.py:2915} INFO - Sync 1 DAGs
[2023-10-11T07:22:30.447+0000] {logging_mixin.py:151} INFO - [2023-10-11T07:22:30.447+0000] {dag.py:3696} INFO - Setting next_dagrun for example_short_circuit_operator to 2023-10-10T07:22:30.447206+00:00, run_after=2023-10-11T07:22:30.447206+00:00
[2023-10-11T07:22:30.457+0000] {processor.py:179} INFO - Processing /home/airflow/.local/lib/python3.8/site-packages/airflow/example_dags/example_short_circuit_operator.py took 0.049 seconds
[2023-10-11T07:23:00.856+0000] {processor.py:157} INFO - Started process (PID=723) to work on /home/airflow/.local/lib/python3.8/site-packages/airflow/example_dags/example_short_circuit_operator.py
[2023-10-11T07:23:00.857+0000] {processor.py:829} INFO - Processing file /home/airflow/.local/lib/python3.8/site-packages/airflow/example_dags/example_short_circuit_operator.py for tasks to queue
[2023-10-11T07:23:00.858+0000] {logging_mixin.py:151} INFO - [2023-10-11T07:23:00.858+0000] {dagbag.py:539} INFO - Filling up the DagBag from /home/airflow/.local/lib/python3.8/site-packages/airflow/example_dags/example_short_circuit_operator.py
[2023-10-11T07:23:00.863+0000] {processor.py:839} INFO - DAG(s) dict_keys(['example_short_circuit_operator']) retrieved from /home/airflow/.local/lib/python3.8/site-packages/airflow/example_dags/example_short_circuit_operator.py
[2023-10-11T07:23:00.881+0000] {logging_mixin.py:151} INFO - [2023-10-11T07:23:00.881+0000] {dag.py:2915} INFO - Sync 1 DAGs
[2023-10-11T07:23:00.895+0000] {logging_mixin.py:151} INFO - [2023-10-11T07:23:00.895+0000] {dag.py:3696} INFO - Setting next_dagrun for example_short_circuit_operator to 2023-10-10T07:23:00.895647+00:00, run_after=2023-10-11T07:23:00.895647+00:00
[2023-10-11T07:23:00.906+0000] {processor.py:179} INFO - Processing /home/airflow/.local/lib/python3.8/site-packages/airflow/example_dags/example_short_circuit_operator.py took 0.052 seconds
[2023-10-11T07:23:30.938+0000] {processor.py:157} INFO - Started process (PID=777) to work on /home/airflow/.local/lib/python3.8/site-packages/airflow/example_dags/example_short_circuit_operator.py
[2023-10-11T07:23:30.939+0000] {processor.py:829} INFO - Processing file /home/airflow/.local/lib/python3.8/site-packages/airflow/example_dags/example_short_circuit_operator.py for tasks to queue
[2023-10-11T07:23:30.940+0000] {logging_mixin.py:151} INFO - [2023-10-11T07:23:30.940+0000] {dagbag.py:539} INFO - Filling up the DagBag from /home/airflow/.local/lib/python3.8/site-packages/airflow/example_dags/example_short_circuit_operator.py
[2023-10-11T07:23:30.945+0000] {processor.py:839} INFO - DAG(s) dict_keys(['example_short_circuit_operator']) retrieved from /home/airflow/.local/lib/python3.8/site-packages/airflow/example_dags/example_short_circuit_operator.py
[2023-10-11T07:23:30.963+0000] {logging_mixin.py:151} INFO - [2023-10-11T07:23:30.963+0000] {dag.py:2915} INFO - Sync 1 DAGs
[2023-10-11T07:23:30.978+0000] {logging_mixin.py:151} INFO - [2023-10-11T07:23:30.978+0000] {dag.py:3696} INFO - Setting next_dagrun for example_short_circuit_operator to 2023-10-10T07:23:30.978236+00:00, run_after=2023-10-11T07:23:30.978236+00:00
[2023-10-11T07:23:30.988+0000] {processor.py:179} INFO - Processing /home/airflow/.local/lib/python3.8/site-packages/airflow/example_dags/example_short_circuit_operator.py took 0.052 seconds
[2023-10-11T07:24:01.473+0000] {processor.py:157} INFO - Started process (PID=836) to work on /home/airflow/.local/lib/python3.8/site-packages/airflow/example_dags/example_short_circuit_operator.py
[2023-10-11T07:24:01.474+0000] {processor.py:829} INFO - Processing file /home/airflow/.local/lib/python3.8/site-packages/airflow/example_dags/example_short_circuit_operator.py for tasks to queue
[2023-10-11T07:24:01.475+0000] {logging_mixin.py:151} INFO - [2023-10-11T07:24:01.475+0000] {dagbag.py:539} INFO - Filling up the DagBag from /home/airflow/.local/lib/python3.8/site-packages/airflow/example_dags/example_short_circuit_operator.py
[2023-10-11T07:24:01.480+0000] {processor.py:839} INFO - DAG(s) dict_keys(['example_short_circuit_operator']) retrieved from /home/airflow/.local/lib/python3.8/site-packages/airflow/example_dags/example_short_circuit_operator.py
[2023-10-11T07:24:01.497+0000] {logging_mixin.py:151} INFO - [2023-10-11T07:24:01.497+0000] {dag.py:2915} INFO - Sync 1 DAGs
[2023-10-11T07:24:01.511+0000] {logging_mixin.py:151} INFO - [2023-10-11T07:24:01.511+0000] {dag.py:3696} INFO - Setting next_dagrun for example_short_circuit_operator to 2023-10-10T07:24:01.511512+00:00, run_after=2023-10-11T07:24:01.511512+00:00
[2023-10-11T07:24:01.521+0000] {processor.py:179} INFO - Processing /home/airflow/.local/lib/python3.8/site-packages/airflow/example_dags/example_short_circuit_operator.py took 0.051 seconds
[2023-10-11T07:24:31.647+0000] {processor.py:157} INFO - Started process (PID=895) to work on /home/airflow/.local/lib/python3.8/site-packages/airflow/example_dags/example_short_circuit_operator.py
[2023-10-11T07:24:31.648+0000] {processor.py:829} INFO - Processing file /home/airflow/.local/lib/python3.8/site-packages/airflow/example_dags/example_short_circuit_operator.py for tasks to queue
[2023-10-11T07:24:31.649+0000] {logging_mixin.py:151} INFO - [2023-10-11T07:24:31.649+0000] {dagbag.py:539} INFO - Filling up the DagBag from /home/airflow/.local/lib/python3.8/site-packages/airflow/example_dags/example_short_circuit_operator.py
[2023-10-11T07:24:31.654+0000] {processor.py:839} INFO - DAG(s) dict_keys(['example_short_circuit_operator']) retrieved from /home/airflow/.local/lib/python3.8/site-packages/airflow/example_dags/example_short_circuit_operator.py
[2023-10-11T07:24:31.670+0000] {logging_mixin.py:151} INFO - [2023-10-11T07:24:31.670+0000] {dag.py:2915} INFO - Sync 1 DAGs
[2023-10-11T07:24:31.682+0000] {logging_mixin.py:151} INFO - [2023-10-11T07:24:31.682+0000] {dag.py:3696} INFO - Setting next_dagrun for example_short_circuit_operator to 2023-10-10T07:24:31.682592+00:00, run_after=2023-10-11T07:24:31.682592+00:00
[2023-10-11T07:24:31.691+0000] {processor.py:179} INFO - Processing /home/airflow/.local/lib/python3.8/site-packages/airflow/example_dags/example_short_circuit_operator.py took 0.046 seconds
[2023-10-11T07:25:02.838+0000] {processor.py:157} INFO - Started process (PID=954) to work on /home/airflow/.local/lib/python3.8/site-packages/airflow/example_dags/example_short_circuit_operator.py
[2023-10-11T07:25:02.839+0000] {processor.py:829} INFO - Processing file /home/airflow/.local/lib/python3.8/site-packages/airflow/example_dags/example_short_circuit_operator.py for tasks to queue
[2023-10-11T07:25:02.840+0000] {logging_mixin.py:151} INFO - [2023-10-11T07:25:02.840+0000] {dagbag.py:539} INFO - Filling up the DagBag from /home/airflow/.local/lib/python3.8/site-packages/airflow/example_dags/example_short_circuit_operator.py
[2023-10-11T07:25:02.845+0000] {processor.py:839} INFO - DAG(s) dict_keys(['example_short_circuit_operator']) retrieved from /home/airflow/.local/lib/python3.8/site-packages/airflow/example_dags/example_short_circuit_operator.py
[2023-10-11T07:25:02.863+0000] {logging_mixin.py:151} INFO - [2023-10-11T07:25:02.863+0000] {dag.py:2915} INFO - Sync 1 DAGs
[2023-10-11T07:25:02.877+0000] {logging_mixin.py:151} INFO - [2023-10-11T07:25:02.876+0000] {dag.py:3696} INFO - Setting next_dagrun for example_short_circuit_operator to 2023-10-10T07:25:02.876765+00:00, run_after=2023-10-11T07:25:02.876765+00:00
[2023-10-11T07:25:02.886+0000] {processor.py:179} INFO - Processing /home/airflow/.local/lib/python3.8/site-packages/airflow/example_dags/example_short_circuit_operator.py took 0.050 seconds
[2023-10-11T07:25:33.968+0000] {processor.py:157} INFO - Started process (PID=1013) to work on /home/airflow/.local/lib/python3.8/site-packages/airflow/example_dags/example_short_circuit_operator.py
[2023-10-11T07:25:33.969+0000] {processor.py:829} INFO - Processing file /home/airflow/.local/lib/python3.8/site-packages/airflow/example_dags/example_short_circuit_operator.py for tasks to queue
[2023-10-11T07:25:33.971+0000] {logging_mixin.py:151} INFO - [2023-10-11T07:25:33.971+0000] {dagbag.py:539} INFO - Filling up the DagBag from /home/airflow/.local/lib/python3.8/site-packages/airflow/example_dags/example_short_circuit_operator.py
[2023-10-11T07:25:33.976+0000] {processor.py:839} INFO - DAG(s) dict_keys(['example_short_circuit_operator']) retrieved from /home/airflow/.local/lib/python3.8/site-packages/airflow/example_dags/example_short_circuit_operator.py
[2023-10-11T07:25:33.993+0000] {logging_mixin.py:151} INFO - [2023-10-11T07:25:33.993+0000] {dag.py:2915} INFO - Sync 1 DAGs
[2023-10-11T07:25:34.007+0000] {logging_mixin.py:151} INFO - [2023-10-11T07:25:34.007+0000] {dag.py:3696} INFO - Setting next_dagrun for example_short_circuit_operator to 2023-10-10T07:25:34.007384+00:00, run_after=2023-10-11T07:25:34.007384+00:00
[2023-10-11T07:25:34.017+0000] {processor.py:179} INFO - Processing /home/airflow/.local/lib/python3.8/site-packages/airflow/example_dags/example_short_circuit_operator.py took 0.051 seconds
[2023-10-11T07:26:05.103+0000] {processor.py:157} INFO - Started process (PID=1072) to work on /home/airflow/.local/lib/python3.8/site-packages/airflow/example_dags/example_short_circuit_operator.py
[2023-10-11T07:26:05.104+0000] {processor.py:829} INFO - Processing file /home/airflow/.local/lib/python3.8/site-packages/airflow/example_dags/example_short_circuit_operator.py for tasks to queue
[2023-10-11T07:26:05.105+0000] {logging_mixin.py:151} INFO - [2023-10-11T07:26:05.105+0000] {dagbag.py:539} INFO - Filling up the DagBag from /home/airflow/.local/lib/python3.8/site-packages/airflow/example_dags/example_short_circuit_operator.py
[2023-10-11T07:26:05.110+0000] {processor.py:839} INFO - DAG(s) dict_keys(['example_short_circuit_operator']) retrieved from /home/airflow/.local/lib/python3.8/site-packages/airflow/example_dags/example_short_circuit_operator.py
[2023-10-11T07:26:05.127+0000] {logging_mixin.py:151} INFO - [2023-10-11T07:26:05.127+0000] {dag.py:2915} INFO - Sync 1 DAGs
[2023-10-11T07:26:05.141+0000] {logging_mixin.py:151} INFO - [2023-10-11T07:26:05.141+0000] {dag.py:3696} INFO - Setting next_dagrun for example_short_circuit_operator to 2023-10-10T07:26:05.141358+00:00, run_after=2023-10-11T07:26:05.141358+00:00
[2023-10-11T07:26:05.151+0000] {processor.py:179} INFO - Processing /home/airflow/.local/lib/python3.8/site-packages/airflow/example_dags/example_short_circuit_operator.py took 0.050 seconds
[2023-10-11T07:26:36.200+0000] {processor.py:157} INFO - Started process (PID=1131) to work on /home/airflow/.local/lib/python3.8/site-packages/airflow/example_dags/example_short_circuit_operator.py
[2023-10-11T07:26:36.201+0000] {processor.py:829} INFO - Processing file /home/airflow/.local/lib/python3.8/site-packages/airflow/example_dags/example_short_circuit_operator.py for tasks to queue
[2023-10-11T07:26:36.202+0000] {logging_mixin.py:151} INFO - [2023-10-11T07:26:36.202+0000] {dagbag.py:539} INFO - Filling up the DagBag from /home/airflow/.local/lib/python3.8/site-packages/airflow/example_dags/example_short_circuit_operator.py
[2023-10-11T07:26:36.207+0000] {processor.py:839} INFO - DAG(s) dict_keys(['example_short_circuit_operator']) retrieved from /home/airflow/.local/lib/python3.8/site-packages/airflow/example_dags/example_short_circuit_operator.py
[2023-10-11T07:26:36.224+0000] {logging_mixin.py:151} INFO - [2023-10-11T07:26:36.224+0000] {dag.py:2915} INFO - Sync 1 DAGs
[2023-10-11T07:26:36.238+0000] {logging_mixin.py:151} INFO - [2023-10-11T07:26:36.237+0000] {dag.py:3696} INFO - Setting next_dagrun for example_short_circuit_operator to 2023-10-10T07:26:36.237783+00:00, run_after=2023-10-11T07:26:36.237783+00:00
[2023-10-11T07:26:36.247+0000] {processor.py:179} INFO - Processing /home/airflow/.local/lib/python3.8/site-packages/airflow/example_dags/example_short_circuit_operator.py took 0.049 seconds
[2023-10-11T07:27:06.658+0000] {processor.py:157} INFO - Started process (PID=1190) to work on /home/airflow/.local/lib/python3.8/site-packages/airflow/example_dags/example_short_circuit_operator.py
[2023-10-11T07:27:06.658+0000] {processor.py:829} INFO - Processing file /home/airflow/.local/lib/python3.8/site-packages/airflow/example_dags/example_short_circuit_operator.py for tasks to queue
[2023-10-11T07:27:06.659+0000] {logging_mixin.py:151} INFO - [2023-10-11T07:27:06.659+0000] {dagbag.py:539} INFO - Filling up the DagBag from /home/airflow/.local/lib/python3.8/site-packages/airflow/example_dags/example_short_circuit_operator.py
[2023-10-11T07:27:06.664+0000] {processor.py:839} INFO - DAG(s) dict_keys(['example_short_circuit_operator']) retrieved from /home/airflow/.local/lib/python3.8/site-packages/airflow/example_dags/example_short_circuit_operator.py
[2023-10-11T07:27:06.681+0000] {logging_mixin.py:151} INFO - [2023-10-11T07:27:06.681+0000] {dag.py:2915} INFO - Sync 1 DAGs
[2023-10-11T07:27:06.695+0000] {logging_mixin.py:151} INFO - [2023-10-11T07:27:06.695+0000] {dag.py:3696} INFO - Setting next_dagrun for example_short_circuit_operator to 2023-10-10T07:27:06.694838+00:00, run_after=2023-10-11T07:27:06.694838+00:00
[2023-10-11T07:27:06.705+0000] {processor.py:179} INFO - Processing /home/airflow/.local/lib/python3.8/site-packages/airflow/example_dags/example_short_circuit_operator.py took 0.050 seconds
[2023-10-11T07:27:37.400+0000] {processor.py:157} INFO - Started process (PID=1249) to work on /home/airflow/.local/lib/python3.8/site-packages/airflow/example_dags/example_short_circuit_operator.py
[2023-10-11T07:27:37.401+0000] {processor.py:829} INFO - Processing file /home/airflow/.local/lib/python3.8/site-packages/airflow/example_dags/example_short_circuit_operator.py for tasks to queue
[2023-10-11T07:27:37.402+0000] {logging_mixin.py:151} INFO - [2023-10-11T07:27:37.402+0000] {dagbag.py:539} INFO - Filling up the DagBag from /home/airflow/.local/lib/python3.8/site-packages/airflow/example_dags/example_short_circuit_operator.py
[2023-10-11T07:27:37.407+0000] {processor.py:839} INFO - DAG(s) dict_keys(['example_short_circuit_operator']) retrieved from /home/airflow/.local/lib/python3.8/site-packages/airflow/example_dags/example_short_circuit_operator.py
[2023-10-11T07:27:37.427+0000] {logging_mixin.py:151} INFO - [2023-10-11T07:27:37.427+0000] {dag.py:2915} INFO - Sync 1 DAGs
[2023-10-11T07:27:37.442+0000] {logging_mixin.py:151} INFO - [2023-10-11T07:27:37.441+0000] {dag.py:3696} INFO - Setting next_dagrun for example_short_circuit_operator to 2023-10-10T07:27:37.441785+00:00, run_after=2023-10-11T07:27:37.441785+00:00
[2023-10-11T07:27:37.452+0000] {processor.py:179} INFO - Processing /home/airflow/.local/lib/python3.8/site-packages/airflow/example_dags/example_short_circuit_operator.py took 0.054 seconds
[2023-10-11T07:28:08.502+0000] {processor.py:157} INFO - Started process (PID=1308) to work on /home/airflow/.local/lib/python3.8/site-packages/airflow/example_dags/example_short_circuit_operator.py
[2023-10-11T07:28:08.503+0000] {processor.py:829} INFO - Processing file /home/airflow/.local/lib/python3.8/site-packages/airflow/example_dags/example_short_circuit_operator.py for tasks to queue
[2023-10-11T07:28:08.504+0000] {logging_mixin.py:151} INFO - [2023-10-11T07:28:08.504+0000] {dagbag.py:539} INFO - Filling up the DagBag from /home/airflow/.local/lib/python3.8/site-packages/airflow/example_dags/example_short_circuit_operator.py
[2023-10-11T07:28:08.509+0000] {processor.py:839} INFO - DAG(s) dict_keys(['example_short_circuit_operator']) retrieved from /home/airflow/.local/lib/python3.8/site-packages/airflow/example_dags/example_short_circuit_operator.py
[2023-10-11T07:28:08.527+0000] {logging_mixin.py:151} INFO - [2023-10-11T07:28:08.527+0000] {dag.py:2915} INFO - Sync 1 DAGs
[2023-10-11T07:28:08.541+0000] {logging_mixin.py:151} INFO - [2023-10-11T07:28:08.541+0000] {dag.py:3696} INFO - Setting next_dagrun for example_short_circuit_operator to 2023-10-10T07:28:08.541214+00:00, run_after=2023-10-11T07:28:08.541214+00:00
[2023-10-11T07:28:08.551+0000] {processor.py:179} INFO - Processing /home/airflow/.local/lib/python3.8/site-packages/airflow/example_dags/example_short_circuit_operator.py took 0.051 seconds
[2023-10-11T07:28:38.986+0000] {processor.py:157} INFO - Started process (PID=1367) to work on /home/airflow/.local/lib/python3.8/site-packages/airflow/example_dags/example_short_circuit_operator.py
[2023-10-11T07:28:38.986+0000] {processor.py:829} INFO - Processing file /home/airflow/.local/lib/python3.8/site-packages/airflow/example_dags/example_short_circuit_operator.py for tasks to queue
[2023-10-11T07:28:38.988+0000] {logging_mixin.py:151} INFO - [2023-10-11T07:28:38.988+0000] {dagbag.py:539} INFO - Filling up the DagBag from /home/airflow/.local/lib/python3.8/site-packages/airflow/example_dags/example_short_circuit_operator.py
[2023-10-11T07:28:38.994+0000] {processor.py:839} INFO - DAG(s) dict_keys(['example_short_circuit_operator']) retrieved from /home/airflow/.local/lib/python3.8/site-packages/airflow/example_dags/example_short_circuit_operator.py
[2023-10-11T07:28:39.014+0000] {logging_mixin.py:151} INFO - [2023-10-11T07:28:39.013+0000] {dag.py:2915} INFO - Sync 1 DAGs
[2023-10-11T07:28:39.029+0000] {logging_mixin.py:151} INFO - [2023-10-11T07:28:39.029+0000] {dag.py:3696} INFO - Setting next_dagrun for example_short_circuit_operator to 2023-10-10T07:28:39.028872+00:00, run_after=2023-10-11T07:28:39.028872+00:00
[2023-10-11T07:28:39.039+0000] {processor.py:179} INFO - Processing /home/airflow/.local/lib/python3.8/site-packages/airflow/example_dags/example_short_circuit_operator.py took 0.055 seconds
[2023-10-11T07:29:10.219+0000] {processor.py:157} INFO - Started process (PID=1426) to work on /home/airflow/.local/lib/python3.8/site-packages/airflow/example_dags/example_short_circuit_operator.py
[2023-10-11T07:29:10.220+0000] {processor.py:829} INFO - Processing file /home/airflow/.local/lib/python3.8/site-packages/airflow/example_dags/example_short_circuit_operator.py for tasks to queue
[2023-10-11T07:29:10.221+0000] {logging_mixin.py:151} INFO - [2023-10-11T07:29:10.221+0000] {dagbag.py:539} INFO - Filling up the DagBag from /home/airflow/.local/lib/python3.8/site-packages/airflow/example_dags/example_short_circuit_operator.py
[2023-10-11T07:29:10.226+0000] {processor.py:839} INFO - DAG(s) dict_keys(['example_short_circuit_operator']) retrieved from /home/airflow/.local/lib/python3.8/site-packages/airflow/example_dags/example_short_circuit_operator.py
[2023-10-11T07:29:10.244+0000] {logging_mixin.py:151} INFO - [2023-10-11T07:29:10.244+0000] {dag.py:2915} INFO - Sync 1 DAGs
[2023-10-11T07:29:10.258+0000] {logging_mixin.py:151} INFO - [2023-10-11T07:29:10.258+0000] {dag.py:3696} INFO - Setting next_dagrun for example_short_circuit_operator to 2023-10-10T07:29:10.258137+00:00, run_after=2023-10-11T07:29:10.258137+00:00
[2023-10-11T07:29:10.268+0000] {processor.py:179} INFO - Processing /home/airflow/.local/lib/python3.8/site-packages/airflow/example_dags/example_short_circuit_operator.py took 0.051 seconds
[2023-10-11T07:29:41.383+0000] {processor.py:157} INFO - Started process (PID=1485) to work on /home/airflow/.local/lib/python3.8/site-packages/airflow/example_dags/example_short_circuit_operator.py
[2023-10-11T07:29:41.384+0000] {processor.py:829} INFO - Processing file /home/airflow/.local/lib/python3.8/site-packages/airflow/example_dags/example_short_circuit_operator.py for tasks to queue
[2023-10-11T07:29:41.387+0000] {logging_mixin.py:151} INFO - [2023-10-11T07:29:41.387+0000] {dagbag.py:539} INFO - Filling up the DagBag from /home/airflow/.local/lib/python3.8/site-packages/airflow/example_dags/example_short_circuit_operator.py
[2023-10-11T07:29:41.395+0000] {processor.py:839} INFO - DAG(s) dict_keys(['example_short_circuit_operator']) retrieved from /home/airflow/.local/lib/python3.8/site-packages/airflow/example_dags/example_short_circuit_operator.py
[2023-10-11T07:29:41.414+0000] {logging_mixin.py:151} INFO - [2023-10-11T07:29:41.414+0000] {dag.py:2915} INFO - Sync 1 DAGs
[2023-10-11T07:29:41.430+0000] {logging_mixin.py:151} INFO - [2023-10-11T07:29:41.430+0000] {dag.py:3696} INFO - Setting next_dagrun for example_short_circuit_operator to 2023-10-10T07:29:41.430558+00:00, run_after=2023-10-11T07:29:41.430558+00:00
[2023-10-11T07:29:41.444+0000] {processor.py:179} INFO - Processing /home/airflow/.local/lib/python3.8/site-packages/airflow/example_dags/example_short_circuit_operator.py took 0.063 seconds
[2023-10-11T07:30:12.164+0000] {processor.py:157} INFO - Started process (PID=1550) to work on /home/airflow/.local/lib/python3.8/site-packages/airflow/example_dags/example_short_circuit_operator.py
[2023-10-11T07:30:12.165+0000] {processor.py:829} INFO - Processing file /home/airflow/.local/lib/python3.8/site-packages/airflow/example_dags/example_short_circuit_operator.py for tasks to queue
[2023-10-11T07:30:12.167+0000] {logging_mixin.py:151} INFO - [2023-10-11T07:30:12.167+0000] {dagbag.py:539} INFO - Filling up the DagBag from /home/airflow/.local/lib/python3.8/site-packages/airflow/example_dags/example_short_circuit_operator.py
[2023-10-11T07:30:12.177+0000] {processor.py:839} INFO - DAG(s) dict_keys(['example_short_circuit_operator']) retrieved from /home/airflow/.local/lib/python3.8/site-packages/airflow/example_dags/example_short_circuit_operator.py
[2023-10-11T07:30:12.203+0000] {logging_mixin.py:151} INFO - [2023-10-11T07:30:12.203+0000] {dag.py:2915} INFO - Sync 1 DAGs
[2023-10-11T07:30:12.218+0000] {logging_mixin.py:151} INFO - [2023-10-11T07:30:12.218+0000] {dag.py:3696} INFO - Setting next_dagrun for example_short_circuit_operator to 2023-10-10T07:30:12.218048+00:00, run_after=2023-10-11T07:30:12.218048+00:00
[2023-10-11T07:30:12.228+0000] {processor.py:179} INFO - Processing /home/airflow/.local/lib/python3.8/site-packages/airflow/example_dags/example_short_circuit_operator.py took 0.068 seconds
[2023-10-11T07:30:42.355+0000] {processor.py:157} INFO - Started process (PID=1608) to work on /home/airflow/.local/lib/python3.8/site-packages/airflow/example_dags/example_short_circuit_operator.py
[2023-10-11T07:30:42.355+0000] {processor.py:829} INFO - Processing file /home/airflow/.local/lib/python3.8/site-packages/airflow/example_dags/example_short_circuit_operator.py for tasks to queue
[2023-10-11T07:30:42.357+0000] {logging_mixin.py:151} INFO - [2023-10-11T07:30:42.357+0000] {dagbag.py:539} INFO - Filling up the DagBag from /home/airflow/.local/lib/python3.8/site-packages/airflow/example_dags/example_short_circuit_operator.py
[2023-10-11T07:30:42.362+0000] {processor.py:839} INFO - DAG(s) dict_keys(['example_short_circuit_operator']) retrieved from /home/airflow/.local/lib/python3.8/site-packages/airflow/example_dags/example_short_circuit_operator.py
[2023-10-11T07:30:42.380+0000] {logging_mixin.py:151} INFO - [2023-10-11T07:30:42.380+0000] {dag.py:2915} INFO - Sync 1 DAGs
[2023-10-11T07:30:42.395+0000] {logging_mixin.py:151} INFO - [2023-10-11T07:30:42.395+0000] {dag.py:3696} INFO - Setting next_dagrun for example_short_circuit_operator to 2023-10-10T07:30:42.395214+00:00, run_after=2023-10-11T07:30:42.395214+00:00
[2023-10-11T07:30:42.405+0000] {processor.py:179} INFO - Processing /home/airflow/.local/lib/python3.8/site-packages/airflow/example_dags/example_short_circuit_operator.py took 0.052 seconds
[2023-10-11T07:31:12.624+0000] {processor.py:157} INFO - Started process (PID=1667) to work on /home/airflow/.local/lib/python3.8/site-packages/airflow/example_dags/example_short_circuit_operator.py
[2023-10-11T07:31:12.625+0000] {processor.py:829} INFO - Processing file /home/airflow/.local/lib/python3.8/site-packages/airflow/example_dags/example_short_circuit_operator.py for tasks to queue
[2023-10-11T07:31:12.627+0000] {logging_mixin.py:151} INFO - [2023-10-11T07:31:12.626+0000] {dagbag.py:539} INFO - Filling up the DagBag from /home/airflow/.local/lib/python3.8/site-packages/airflow/example_dags/example_short_circuit_operator.py
[2023-10-11T07:31:12.631+0000] {processor.py:839} INFO - DAG(s) dict_keys(['example_short_circuit_operator']) retrieved from /home/airflow/.local/lib/python3.8/site-packages/airflow/example_dags/example_short_circuit_operator.py
[2023-10-11T07:31:12.650+0000] {logging_mixin.py:151} INFO - [2023-10-11T07:31:12.650+0000] {dag.py:2915} INFO - Sync 1 DAGs
[2023-10-11T07:31:12.665+0000] {logging_mixin.py:151} INFO - [2023-10-11T07:31:12.664+0000] {dag.py:3696} INFO - Setting next_dagrun for example_short_circuit_operator to 2023-10-10T07:31:12.664746+00:00, run_after=2023-10-11T07:31:12.664746+00:00
[2023-10-11T07:31:12.674+0000] {processor.py:179} INFO - Processing /home/airflow/.local/lib/python3.8/site-packages/airflow/example_dags/example_short_circuit_operator.py took 0.052 seconds
[2023-10-11T07:31:42.878+0000] {processor.py:157} INFO - Started process (PID=1726) to work on /home/airflow/.local/lib/python3.8/site-packages/airflow/example_dags/example_short_circuit_operator.py
[2023-10-11T07:31:42.879+0000] {processor.py:829} INFO - Processing file /home/airflow/.local/lib/python3.8/site-packages/airflow/example_dags/example_short_circuit_operator.py for tasks to queue
[2023-10-11T07:31:42.881+0000] {logging_mixin.py:151} INFO - [2023-10-11T07:31:42.881+0000] {dagbag.py:539} INFO - Filling up the DagBag from /home/airflow/.local/lib/python3.8/site-packages/airflow/example_dags/example_short_circuit_operator.py
[2023-10-11T07:31:42.885+0000] {processor.py:839} INFO - DAG(s) dict_keys(['example_short_circuit_operator']) retrieved from /home/airflow/.local/lib/python3.8/site-packages/airflow/example_dags/example_short_circuit_operator.py
[2023-10-11T07:31:42.905+0000] {logging_mixin.py:151} INFO - [2023-10-11T07:31:42.905+0000] {dag.py:2915} INFO - Sync 1 DAGs
[2023-10-11T07:31:42.920+0000] {logging_mixin.py:151} INFO - [2023-10-11T07:31:42.920+0000] {dag.py:3696} INFO - Setting next_dagrun for example_short_circuit_operator to 2023-10-10T07:31:42.919900+00:00, run_after=2023-10-11T07:31:42.919900+00:00
[2023-10-11T07:31:42.930+0000] {processor.py:179} INFO - Processing /home/airflow/.local/lib/python3.8/site-packages/airflow/example_dags/example_short_circuit_operator.py took 0.054 seconds
