[2023-10-11T07:17:23.262+0000] {processor.py:157} INFO - Started process (PID=65) to work on /home/airflow/.local/lib/python3.8/site-packages/airflow/example_dags/example_nested_branch_dag.py
[2023-10-11T07:17:23.263+0000] {processor.py:829} INFO - Processing file /home/airflow/.local/lib/python3.8/site-packages/airflow/example_dags/example_nested_branch_dag.py for tasks to queue
[2023-10-11T07:17:23.265+0000] {logging_mixin.py:151} INFO - [2023-10-11T07:17:23.264+0000] {dagbag.py:539} INFO - Filling up the DagBag from /home/airflow/.local/lib/python3.8/site-packages/airflow/example_dags/example_nested_branch_dag.py
[2023-10-11T07:17:23.272+0000] {processor.py:839} INFO - DAG(s) dict_keys(['example_nested_branch_dag']) retrieved from /home/airflow/.local/lib/python3.8/site-packages/airflow/example_dags/example_nested_branch_dag.py
[2023-10-11T07:17:23.291+0000] {logging_mixin.py:151} INFO - [2023-10-11T07:17:23.291+0000] {dag.py:2915} INFO - Sync 1 DAGs
[2023-10-11T07:17:23.307+0000] {logging_mixin.py:151} INFO - [2023-10-11T07:17:23.307+0000] {dag.py:3696} INFO - Setting next_dagrun for example_nested_branch_dag to 2023-10-10T00:00:00+00:00, run_after=2023-10-11T00:00:00+00:00
[2023-10-11T07:17:23.319+0000] {processor.py:179} INFO - Processing /home/airflow/.local/lib/python3.8/site-packages/airflow/example_dags/example_nested_branch_dag.py took 0.061 seconds
[2023-10-11T07:17:53.490+0000] {processor.py:157} INFO - Started process (PID=124) to work on /home/airflow/.local/lib/python3.8/site-packages/airflow/example_dags/example_nested_branch_dag.py
[2023-10-11T07:17:53.490+0000] {processor.py:829} INFO - Processing file /home/airflow/.local/lib/python3.8/site-packages/airflow/example_dags/example_nested_branch_dag.py for tasks to queue
[2023-10-11T07:17:53.492+0000] {logging_mixin.py:151} INFO - [2023-10-11T07:17:53.492+0000] {dagbag.py:539} INFO - Filling up the DagBag from /home/airflow/.local/lib/python3.8/site-packages/airflow/example_dags/example_nested_branch_dag.py
[2023-10-11T07:17:53.498+0000] {processor.py:839} INFO - DAG(s) dict_keys(['example_nested_branch_dag']) retrieved from /home/airflow/.local/lib/python3.8/site-packages/airflow/example_dags/example_nested_branch_dag.py
[2023-10-11T07:17:53.515+0000] {logging_mixin.py:151} INFO - [2023-10-11T07:17:53.515+0000] {dag.py:2915} INFO - Sync 1 DAGs
[2023-10-11T07:17:53.530+0000] {logging_mixin.py:151} INFO - [2023-10-11T07:17:53.530+0000] {dag.py:3696} INFO - Setting next_dagrun for example_nested_branch_dag to 2023-10-10T00:00:00+00:00, run_after=2023-10-11T00:00:00+00:00
[2023-10-11T07:17:53.540+0000] {processor.py:179} INFO - Processing /home/airflow/.local/lib/python3.8/site-packages/airflow/example_dags/example_nested_branch_dag.py took 0.052 seconds
[2023-10-11T07:18:24.282+0000] {processor.py:157} INFO - Started process (PID=183) to work on /home/airflow/.local/lib/python3.8/site-packages/airflow/example_dags/example_nested_branch_dag.py
[2023-10-11T07:18:24.283+0000] {processor.py:829} INFO - Processing file /home/airflow/.local/lib/python3.8/site-packages/airflow/example_dags/example_nested_branch_dag.py for tasks to queue
[2023-10-11T07:18:24.285+0000] {logging_mixin.py:151} INFO - [2023-10-11T07:18:24.284+0000] {dagbag.py:539} INFO - Filling up the DagBag from /home/airflow/.local/lib/python3.8/site-packages/airflow/example_dags/example_nested_branch_dag.py
[2023-10-11T07:18:24.291+0000] {processor.py:839} INFO - DAG(s) dict_keys(['example_nested_branch_dag']) retrieved from /home/airflow/.local/lib/python3.8/site-packages/airflow/example_dags/example_nested_branch_dag.py
[2023-10-11T07:18:24.308+0000] {logging_mixin.py:151} INFO - [2023-10-11T07:18:24.308+0000] {dag.py:2915} INFO - Sync 1 DAGs
[2023-10-11T07:18:24.323+0000] {logging_mixin.py:151} INFO - [2023-10-11T07:18:24.323+0000] {dag.py:3696} INFO - Setting next_dagrun for example_nested_branch_dag to 2023-10-10T00:00:00+00:00, run_after=2023-10-11T00:00:00+00:00
[2023-10-11T07:18:24.333+0000] {processor.py:179} INFO - Processing /home/airflow/.local/lib/python3.8/site-packages/airflow/example_dags/example_nested_branch_dag.py took 0.053 seconds
[2023-10-11T07:18:55.487+0000] {processor.py:157} INFO - Started process (PID=242) to work on /home/airflow/.local/lib/python3.8/site-packages/airflow/example_dags/example_nested_branch_dag.py
[2023-10-11T07:18:55.487+0000] {processor.py:829} INFO - Processing file /home/airflow/.local/lib/python3.8/site-packages/airflow/example_dags/example_nested_branch_dag.py for tasks to queue
[2023-10-11T07:18:55.489+0000] {logging_mixin.py:151} INFO - [2023-10-11T07:18:55.489+0000] {dagbag.py:539} INFO - Filling up the DagBag from /home/airflow/.local/lib/python3.8/site-packages/airflow/example_dags/example_nested_branch_dag.py
[2023-10-11T07:18:55.495+0000] {processor.py:839} INFO - DAG(s) dict_keys(['example_nested_branch_dag']) retrieved from /home/airflow/.local/lib/python3.8/site-packages/airflow/example_dags/example_nested_branch_dag.py
[2023-10-11T07:18:55.512+0000] {logging_mixin.py:151} INFO - [2023-10-11T07:18:55.512+0000] {dag.py:2915} INFO - Sync 1 DAGs
[2023-10-11T07:18:55.526+0000] {logging_mixin.py:151} INFO - [2023-10-11T07:18:55.526+0000] {dag.py:3696} INFO - Setting next_dagrun for example_nested_branch_dag to 2023-10-10T00:00:00+00:00, run_after=2023-10-11T00:00:00+00:00
[2023-10-11T07:18:55.535+0000] {processor.py:179} INFO - Processing /home/airflow/.local/lib/python3.8/site-packages/airflow/example_dags/example_nested_branch_dag.py took 0.051 seconds
[2023-10-11T07:19:26.645+0000] {processor.py:157} INFO - Started process (PID=301) to work on /home/airflow/.local/lib/python3.8/site-packages/airflow/example_dags/example_nested_branch_dag.py
[2023-10-11T07:19:26.645+0000] {processor.py:829} INFO - Processing file /home/airflow/.local/lib/python3.8/site-packages/airflow/example_dags/example_nested_branch_dag.py for tasks to queue
[2023-10-11T07:19:26.647+0000] {logging_mixin.py:151} INFO - [2023-10-11T07:19:26.647+0000] {dagbag.py:539} INFO - Filling up the DagBag from /home/airflow/.local/lib/python3.8/site-packages/airflow/example_dags/example_nested_branch_dag.py
[2023-10-11T07:19:26.653+0000] {processor.py:839} INFO - DAG(s) dict_keys(['example_nested_branch_dag']) retrieved from /home/airflow/.local/lib/python3.8/site-packages/airflow/example_dags/example_nested_branch_dag.py
[2023-10-11T07:19:26.670+0000] {logging_mixin.py:151} INFO - [2023-10-11T07:19:26.670+0000] {dag.py:2915} INFO - Sync 1 DAGs
[2023-10-11T07:19:26.684+0000] {logging_mixin.py:151} INFO - [2023-10-11T07:19:26.684+0000] {dag.py:3696} INFO - Setting next_dagrun for example_nested_branch_dag to 2023-10-10T00:00:00+00:00, run_after=2023-10-11T00:00:00+00:00
[2023-10-11T07:19:26.696+0000] {processor.py:179} INFO - Processing /home/airflow/.local/lib/python3.8/site-packages/airflow/example_dags/example_nested_branch_dag.py took 0.053 seconds
[2023-10-11T07:19:58.007+0000] {processor.py:157} INFO - Started process (PID=360) to work on /home/airflow/.local/lib/python3.8/site-packages/airflow/example_dags/example_nested_branch_dag.py
[2023-10-11T07:19:58.007+0000] {processor.py:829} INFO - Processing file /home/airflow/.local/lib/python3.8/site-packages/airflow/example_dags/example_nested_branch_dag.py for tasks to queue
[2023-10-11T07:19:58.009+0000] {logging_mixin.py:151} INFO - [2023-10-11T07:19:58.008+0000] {dagbag.py:539} INFO - Filling up the DagBag from /home/airflow/.local/lib/python3.8/site-packages/airflow/example_dags/example_nested_branch_dag.py
[2023-10-11T07:19:58.014+0000] {processor.py:839} INFO - DAG(s) dict_keys(['example_nested_branch_dag']) retrieved from /home/airflow/.local/lib/python3.8/site-packages/airflow/example_dags/example_nested_branch_dag.py
[2023-10-11T07:19:58.030+0000] {logging_mixin.py:151} INFO - [2023-10-11T07:19:58.030+0000] {dag.py:2915} INFO - Sync 1 DAGs
[2023-10-11T07:19:58.043+0000] {logging_mixin.py:151} INFO - [2023-10-11T07:19:58.043+0000] {dag.py:3696} INFO - Setting next_dagrun for example_nested_branch_dag to 2023-10-10T00:00:00+00:00, run_after=2023-10-11T00:00:00+00:00
[2023-10-11T07:19:58.052+0000] {processor.py:179} INFO - Processing /home/airflow/.local/lib/python3.8/site-packages/airflow/example_dags/example_nested_branch_dag.py took 0.047 seconds
[2023-10-11T07:20:28.279+0000] {processor.py:157} INFO - Started process (PID=419) to work on /home/airflow/.local/lib/python3.8/site-packages/airflow/example_dags/example_nested_branch_dag.py
[2023-10-11T07:20:28.279+0000] {processor.py:829} INFO - Processing file /home/airflow/.local/lib/python3.8/site-packages/airflow/example_dags/example_nested_branch_dag.py for tasks to queue
[2023-10-11T07:20:28.280+0000] {logging_mixin.py:151} INFO - [2023-10-11T07:20:28.280+0000] {dagbag.py:539} INFO - Filling up the DagBag from /home/airflow/.local/lib/python3.8/site-packages/airflow/example_dags/example_nested_branch_dag.py
[2023-10-11T07:20:28.287+0000] {processor.py:839} INFO - DAG(s) dict_keys(['example_nested_branch_dag']) retrieved from /home/airflow/.local/lib/python3.8/site-packages/airflow/example_dags/example_nested_branch_dag.py
[2023-10-11T07:20:28.304+0000] {logging_mixin.py:151} INFO - [2023-10-11T07:20:28.304+0000] {dag.py:2915} INFO - Sync 1 DAGs
[2023-10-11T07:20:28.319+0000] {logging_mixin.py:151} INFO - [2023-10-11T07:20:28.319+0000] {dag.py:3696} INFO - Setting next_dagrun for example_nested_branch_dag to 2023-10-10T00:00:00+00:00, run_after=2023-10-11T00:00:00+00:00
[2023-10-11T07:20:28.329+0000] {processor.py:179} INFO - Processing /home/airflow/.local/lib/python3.8/site-packages/airflow/example_dags/example_nested_branch_dag.py took 0.052 seconds
[2023-10-11T07:20:58.658+0000] {processor.py:157} INFO - Started process (PID=479) to work on /home/airflow/.local/lib/python3.8/site-packages/airflow/example_dags/example_nested_branch_dag.py
[2023-10-11T07:20:58.659+0000] {processor.py:829} INFO - Processing file /home/airflow/.local/lib/python3.8/site-packages/airflow/example_dags/example_nested_branch_dag.py for tasks to queue
[2023-10-11T07:20:58.661+0000] {logging_mixin.py:151} INFO - [2023-10-11T07:20:58.661+0000] {dagbag.py:539} INFO - Filling up the DagBag from /home/airflow/.local/lib/python3.8/site-packages/airflow/example_dags/example_nested_branch_dag.py
[2023-10-11T07:20:58.666+0000] {processor.py:839} INFO - DAG(s) dict_keys(['example_nested_branch_dag']) retrieved from /home/airflow/.local/lib/python3.8/site-packages/airflow/example_dags/example_nested_branch_dag.py
[2023-10-11T07:20:58.683+0000] {logging_mixin.py:151} INFO - [2023-10-11T07:20:58.683+0000] {dag.py:2915} INFO - Sync 1 DAGs
[2023-10-11T07:20:58.697+0000] {logging_mixin.py:151} INFO - [2023-10-11T07:20:58.697+0000] {dag.py:3696} INFO - Setting next_dagrun for example_nested_branch_dag to 2023-10-10T00:00:00+00:00, run_after=2023-10-11T00:00:00+00:00
[2023-10-11T07:20:58.706+0000] {processor.py:179} INFO - Processing /home/airflow/.local/lib/python3.8/site-packages/airflow/example_dags/example_nested_branch_dag.py took 0.050 seconds
[2023-10-11T07:21:29.216+0000] {processor.py:157} INFO - Started process (PID=538) to work on /home/airflow/.local/lib/python3.8/site-packages/airflow/example_dags/example_nested_branch_dag.py
[2023-10-11T07:21:29.217+0000] {processor.py:829} INFO - Processing file /home/airflow/.local/lib/python3.8/site-packages/airflow/example_dags/example_nested_branch_dag.py for tasks to queue
[2023-10-11T07:21:29.218+0000] {logging_mixin.py:151} INFO - [2023-10-11T07:21:29.218+0000] {dagbag.py:539} INFO - Filling up the DagBag from /home/airflow/.local/lib/python3.8/site-packages/airflow/example_dags/example_nested_branch_dag.py
[2023-10-11T07:21:29.224+0000] {processor.py:839} INFO - DAG(s) dict_keys(['example_nested_branch_dag']) retrieved from /home/airflow/.local/lib/python3.8/site-packages/airflow/example_dags/example_nested_branch_dag.py
[2023-10-11T07:21:29.239+0000] {logging_mixin.py:151} INFO - [2023-10-11T07:21:29.239+0000] {dag.py:2915} INFO - Sync 1 DAGs
[2023-10-11T07:21:29.252+0000] {logging_mixin.py:151} INFO - [2023-10-11T07:21:29.252+0000] {dag.py:3696} INFO - Setting next_dagrun for example_nested_branch_dag to 2023-10-10T00:00:00+00:00, run_after=2023-10-11T00:00:00+00:00
[2023-10-11T07:21:29.260+0000] {processor.py:179} INFO - Processing /home/airflow/.local/lib/python3.8/site-packages/airflow/example_dags/example_nested_branch_dag.py took 0.046 seconds
[2023-10-11T07:21:59.731+0000] {processor.py:157} INFO - Started process (PID=597) to work on /home/airflow/.local/lib/python3.8/site-packages/airflow/example_dags/example_nested_branch_dag.py
[2023-10-11T07:21:59.732+0000] {processor.py:829} INFO - Processing file /home/airflow/.local/lib/python3.8/site-packages/airflow/example_dags/example_nested_branch_dag.py for tasks to queue
[2023-10-11T07:21:59.733+0000] {logging_mixin.py:151} INFO - [2023-10-11T07:21:59.733+0000] {dagbag.py:539} INFO - Filling up the DagBag from /home/airflow/.local/lib/python3.8/site-packages/airflow/example_dags/example_nested_branch_dag.py
[2023-10-11T07:21:59.739+0000] {processor.py:839} INFO - DAG(s) dict_keys(['example_nested_branch_dag']) retrieved from /home/airflow/.local/lib/python3.8/site-packages/airflow/example_dags/example_nested_branch_dag.py
[2023-10-11T07:21:59.755+0000] {logging_mixin.py:151} INFO - [2023-10-11T07:21:59.755+0000] {dag.py:2915} INFO - Sync 1 DAGs
[2023-10-11T07:21:59.767+0000] {logging_mixin.py:151} INFO - [2023-10-11T07:21:59.767+0000] {dag.py:3696} INFO - Setting next_dagrun for example_nested_branch_dag to 2023-10-10T00:00:00+00:00, run_after=2023-10-11T00:00:00+00:00
[2023-10-11T07:21:59.776+0000] {processor.py:179} INFO - Processing /home/airflow/.local/lib/python3.8/site-packages/airflow/example_dags/example_nested_branch_dag.py took 0.047 seconds
[2023-10-11T07:22:29.951+0000] {processor.py:157} INFO - Started process (PID=655) to work on /home/airflow/.local/lib/python3.8/site-packages/airflow/example_dags/example_nested_branch_dag.py
[2023-10-11T07:22:29.952+0000] {processor.py:829} INFO - Processing file /home/airflow/.local/lib/python3.8/site-packages/airflow/example_dags/example_nested_branch_dag.py for tasks to queue
[2023-10-11T07:22:29.953+0000] {logging_mixin.py:151} INFO - [2023-10-11T07:22:29.953+0000] {dagbag.py:539} INFO - Filling up the DagBag from /home/airflow/.local/lib/python3.8/site-packages/airflow/example_dags/example_nested_branch_dag.py
[2023-10-11T07:22:29.960+0000] {processor.py:839} INFO - DAG(s) dict_keys(['example_nested_branch_dag']) retrieved from /home/airflow/.local/lib/python3.8/site-packages/airflow/example_dags/example_nested_branch_dag.py
[2023-10-11T07:22:29.980+0000] {logging_mixin.py:151} INFO - [2023-10-11T07:22:29.980+0000] {dag.py:2915} INFO - Sync 1 DAGs
[2023-10-11T07:22:29.995+0000] {logging_mixin.py:151} INFO - [2023-10-11T07:22:29.995+0000] {dag.py:3696} INFO - Setting next_dagrun for example_nested_branch_dag to 2023-10-10T00:00:00+00:00, run_after=2023-10-11T00:00:00+00:00
[2023-10-11T07:22:30.006+0000] {processor.py:179} INFO - Processing /home/airflow/.local/lib/python3.8/site-packages/airflow/example_dags/example_nested_branch_dag.py took 0.057 seconds
[2023-10-11T07:23:00.238+0000] {processor.py:157} INFO - Started process (PID=709) to work on /home/airflow/.local/lib/python3.8/site-packages/airflow/example_dags/example_nested_branch_dag.py
[2023-10-11T07:23:00.238+0000] {processor.py:829} INFO - Processing file /home/airflow/.local/lib/python3.8/site-packages/airflow/example_dags/example_nested_branch_dag.py for tasks to queue
[2023-10-11T07:23:00.240+0000] {logging_mixin.py:151} INFO - [2023-10-11T07:23:00.240+0000] {dagbag.py:539} INFO - Filling up the DagBag from /home/airflow/.local/lib/python3.8/site-packages/airflow/example_dags/example_nested_branch_dag.py
[2023-10-11T07:23:00.246+0000] {processor.py:839} INFO - DAG(s) dict_keys(['example_nested_branch_dag']) retrieved from /home/airflow/.local/lib/python3.8/site-packages/airflow/example_dags/example_nested_branch_dag.py
[2023-10-11T07:23:00.264+0000] {logging_mixin.py:151} INFO - [2023-10-11T07:23:00.264+0000] {dag.py:2915} INFO - Sync 1 DAGs
[2023-10-11T07:23:00.278+0000] {logging_mixin.py:151} INFO - [2023-10-11T07:23:00.278+0000] {dag.py:3696} INFO - Setting next_dagrun for example_nested_branch_dag to 2023-10-10T00:00:00+00:00, run_after=2023-10-11T00:00:00+00:00
[2023-10-11T07:23:00.287+0000] {processor.py:179} INFO - Processing /home/airflow/.local/lib/python3.8/site-packages/airflow/example_dags/example_nested_branch_dag.py took 0.052 seconds
[2023-10-11T07:23:30.586+0000] {processor.py:157} INFO - Started process (PID=768) to work on /home/airflow/.local/lib/python3.8/site-packages/airflow/example_dags/example_nested_branch_dag.py
[2023-10-11T07:23:30.587+0000] {processor.py:829} INFO - Processing file /home/airflow/.local/lib/python3.8/site-packages/airflow/example_dags/example_nested_branch_dag.py for tasks to queue
[2023-10-11T07:23:30.588+0000] {logging_mixin.py:151} INFO - [2023-10-11T07:23:30.588+0000] {dagbag.py:539} INFO - Filling up the DagBag from /home/airflow/.local/lib/python3.8/site-packages/airflow/example_dags/example_nested_branch_dag.py
[2023-10-11T07:23:30.594+0000] {processor.py:839} INFO - DAG(s) dict_keys(['example_nested_branch_dag']) retrieved from /home/airflow/.local/lib/python3.8/site-packages/airflow/example_dags/example_nested_branch_dag.py
[2023-10-11T07:23:30.612+0000] {logging_mixin.py:151} INFO - [2023-10-11T07:23:30.612+0000] {dag.py:2915} INFO - Sync 1 DAGs
[2023-10-11T07:23:30.627+0000] {logging_mixin.py:151} INFO - [2023-10-11T07:23:30.627+0000] {dag.py:3696} INFO - Setting next_dagrun for example_nested_branch_dag to 2023-10-10T00:00:00+00:00, run_after=2023-10-11T00:00:00+00:00
[2023-10-11T07:23:30.640+0000] {processor.py:179} INFO - Processing /home/airflow/.local/lib/python3.8/site-packages/airflow/example_dags/example_nested_branch_dag.py took 0.057 seconds
[2023-10-11T07:24:01.170+0000] {processor.py:157} INFO - Started process (PID=827) to work on /home/airflow/.local/lib/python3.8/site-packages/airflow/example_dags/example_nested_branch_dag.py
[2023-10-11T07:24:01.171+0000] {processor.py:829} INFO - Processing file /home/airflow/.local/lib/python3.8/site-packages/airflow/example_dags/example_nested_branch_dag.py for tasks to queue
[2023-10-11T07:24:01.172+0000] {logging_mixin.py:151} INFO - [2023-10-11T07:24:01.172+0000] {dagbag.py:539} INFO - Filling up the DagBag from /home/airflow/.local/lib/python3.8/site-packages/airflow/example_dags/example_nested_branch_dag.py
[2023-10-11T07:24:01.178+0000] {processor.py:839} INFO - DAG(s) dict_keys(['example_nested_branch_dag']) retrieved from /home/airflow/.local/lib/python3.8/site-packages/airflow/example_dags/example_nested_branch_dag.py
[2023-10-11T07:24:01.198+0000] {logging_mixin.py:151} INFO - [2023-10-11T07:24:01.198+0000] {dag.py:2915} INFO - Sync 1 DAGs
[2023-10-11T07:24:01.211+0000] {logging_mixin.py:151} INFO - [2023-10-11T07:24:01.210+0000] {dag.py:3696} INFO - Setting next_dagrun for example_nested_branch_dag to 2023-10-10T00:00:00+00:00, run_after=2023-10-11T00:00:00+00:00
[2023-10-11T07:24:01.220+0000] {processor.py:179} INFO - Processing /home/airflow/.local/lib/python3.8/site-packages/airflow/example_dags/example_nested_branch_dag.py took 0.052 seconds
[2023-10-11T07:24:31.278+0000] {processor.py:157} INFO - Started process (PID=886) to work on /home/airflow/.local/lib/python3.8/site-packages/airflow/example_dags/example_nested_branch_dag.py
[2023-10-11T07:24:31.278+0000] {processor.py:829} INFO - Processing file /home/airflow/.local/lib/python3.8/site-packages/airflow/example_dags/example_nested_branch_dag.py for tasks to queue
[2023-10-11T07:24:31.280+0000] {logging_mixin.py:151} INFO - [2023-10-11T07:24:31.280+0000] {dagbag.py:539} INFO - Filling up the DagBag from /home/airflow/.local/lib/python3.8/site-packages/airflow/example_dags/example_nested_branch_dag.py
[2023-10-11T07:24:31.286+0000] {processor.py:839} INFO - DAG(s) dict_keys(['example_nested_branch_dag']) retrieved from /home/airflow/.local/lib/python3.8/site-packages/airflow/example_dags/example_nested_branch_dag.py
[2023-10-11T07:24:31.303+0000] {logging_mixin.py:151} INFO - [2023-10-11T07:24:31.303+0000] {dag.py:2915} INFO - Sync 1 DAGs
[2023-10-11T07:24:31.317+0000] {logging_mixin.py:151} INFO - [2023-10-11T07:24:31.317+0000] {dag.py:3696} INFO - Setting next_dagrun for example_nested_branch_dag to 2023-10-10T00:00:00+00:00, run_after=2023-10-11T00:00:00+00:00
[2023-10-11T07:24:31.327+0000] {processor.py:179} INFO - Processing /home/airflow/.local/lib/python3.8/site-packages/airflow/example_dags/example_nested_branch_dag.py took 0.051 seconds
[2023-10-11T07:25:02.553+0000] {processor.py:157} INFO - Started process (PID=945) to work on /home/airflow/.local/lib/python3.8/site-packages/airflow/example_dags/example_nested_branch_dag.py
[2023-10-11T07:25:02.554+0000] {processor.py:829} INFO - Processing file /home/airflow/.local/lib/python3.8/site-packages/airflow/example_dags/example_nested_branch_dag.py for tasks to queue
[2023-10-11T07:25:02.556+0000] {logging_mixin.py:151} INFO - [2023-10-11T07:25:02.556+0000] {dagbag.py:539} INFO - Filling up the DagBag from /home/airflow/.local/lib/python3.8/site-packages/airflow/example_dags/example_nested_branch_dag.py
[2023-10-11T07:25:02.562+0000] {processor.py:839} INFO - DAG(s) dict_keys(['example_nested_branch_dag']) retrieved from /home/airflow/.local/lib/python3.8/site-packages/airflow/example_dags/example_nested_branch_dag.py
[2023-10-11T07:25:02.579+0000] {logging_mixin.py:151} INFO - [2023-10-11T07:25:02.579+0000] {dag.py:2915} INFO - Sync 1 DAGs
[2023-10-11T07:25:02.593+0000] {logging_mixin.py:151} INFO - [2023-10-11T07:25:02.593+0000] {dag.py:3696} INFO - Setting next_dagrun for example_nested_branch_dag to 2023-10-10T00:00:00+00:00, run_after=2023-10-11T00:00:00+00:00
[2023-10-11T07:25:02.603+0000] {processor.py:179} INFO - Processing /home/airflow/.local/lib/python3.8/site-packages/airflow/example_dags/example_nested_branch_dag.py took 0.051 seconds
[2023-10-11T07:25:33.688+0000] {processor.py:157} INFO - Started process (PID=1004) to work on /home/airflow/.local/lib/python3.8/site-packages/airflow/example_dags/example_nested_branch_dag.py
[2023-10-11T07:25:33.689+0000] {processor.py:829} INFO - Processing file /home/airflow/.local/lib/python3.8/site-packages/airflow/example_dags/example_nested_branch_dag.py for tasks to queue
[2023-10-11T07:25:33.691+0000] {logging_mixin.py:151} INFO - [2023-10-11T07:25:33.690+0000] {dagbag.py:539} INFO - Filling up the DagBag from /home/airflow/.local/lib/python3.8/site-packages/airflow/example_dags/example_nested_branch_dag.py
[2023-10-11T07:25:33.696+0000] {processor.py:839} INFO - DAG(s) dict_keys(['example_nested_branch_dag']) retrieved from /home/airflow/.local/lib/python3.8/site-packages/airflow/example_dags/example_nested_branch_dag.py
[2023-10-11T07:25:33.713+0000] {logging_mixin.py:151} INFO - [2023-10-11T07:25:33.713+0000] {dag.py:2915} INFO - Sync 1 DAGs
[2023-10-11T07:25:33.727+0000] {logging_mixin.py:151} INFO - [2023-10-11T07:25:33.727+0000] {dag.py:3696} INFO - Setting next_dagrun for example_nested_branch_dag to 2023-10-10T00:00:00+00:00, run_after=2023-10-11T00:00:00+00:00
[2023-10-11T07:25:33.737+0000] {processor.py:179} INFO - Processing /home/airflow/.local/lib/python3.8/site-packages/airflow/example_dags/example_nested_branch_dag.py took 0.051 seconds
[2023-10-11T07:26:04.810+0000] {processor.py:157} INFO - Started process (PID=1063) to work on /home/airflow/.local/lib/python3.8/site-packages/airflow/example_dags/example_nested_branch_dag.py
[2023-10-11T07:26:04.810+0000] {processor.py:829} INFO - Processing file /home/airflow/.local/lib/python3.8/site-packages/airflow/example_dags/example_nested_branch_dag.py for tasks to queue
[2023-10-11T07:26:04.812+0000] {logging_mixin.py:151} INFO - [2023-10-11T07:26:04.811+0000] {dagbag.py:539} INFO - Filling up the DagBag from /home/airflow/.local/lib/python3.8/site-packages/airflow/example_dags/example_nested_branch_dag.py
[2023-10-11T07:26:04.818+0000] {processor.py:839} INFO - DAG(s) dict_keys(['example_nested_branch_dag']) retrieved from /home/airflow/.local/lib/python3.8/site-packages/airflow/example_dags/example_nested_branch_dag.py
[2023-10-11T07:26:04.835+0000] {logging_mixin.py:151} INFO - [2023-10-11T07:26:04.835+0000] {dag.py:2915} INFO - Sync 1 DAGs
[2023-10-11T07:26:04.849+0000] {logging_mixin.py:151} INFO - [2023-10-11T07:26:04.849+0000] {dag.py:3696} INFO - Setting next_dagrun for example_nested_branch_dag to 2023-10-10T00:00:00+00:00, run_after=2023-10-11T00:00:00+00:00
[2023-10-11T07:26:04.864+0000] {processor.py:179} INFO - Processing /home/airflow/.local/lib/python3.8/site-packages/airflow/example_dags/example_nested_branch_dag.py took 0.056 seconds
[2023-10-11T07:26:35.912+0000] {processor.py:157} INFO - Started process (PID=1122) to work on /home/airflow/.local/lib/python3.8/site-packages/airflow/example_dags/example_nested_branch_dag.py
[2023-10-11T07:26:35.913+0000] {processor.py:829} INFO - Processing file /home/airflow/.local/lib/python3.8/site-packages/airflow/example_dags/example_nested_branch_dag.py for tasks to queue
[2023-10-11T07:26:35.914+0000] {logging_mixin.py:151} INFO - [2023-10-11T07:26:35.914+0000] {dagbag.py:539} INFO - Filling up the DagBag from /home/airflow/.local/lib/python3.8/site-packages/airflow/example_dags/example_nested_branch_dag.py
[2023-10-11T07:26:35.920+0000] {processor.py:839} INFO - DAG(s) dict_keys(['example_nested_branch_dag']) retrieved from /home/airflow/.local/lib/python3.8/site-packages/airflow/example_dags/example_nested_branch_dag.py
[2023-10-11T07:26:35.939+0000] {logging_mixin.py:151} INFO - [2023-10-11T07:26:35.939+0000] {dag.py:2915} INFO - Sync 1 DAGs
[2023-10-11T07:26:35.954+0000] {logging_mixin.py:151} INFO - [2023-10-11T07:26:35.954+0000] {dag.py:3696} INFO - Setting next_dagrun for example_nested_branch_dag to 2023-10-10T00:00:00+00:00, run_after=2023-10-11T00:00:00+00:00
[2023-10-11T07:26:35.964+0000] {processor.py:179} INFO - Processing /home/airflow/.local/lib/python3.8/site-packages/airflow/example_dags/example_nested_branch_dag.py took 0.053 seconds
[2023-10-11T07:27:06.399+0000] {processor.py:157} INFO - Started process (PID=1181) to work on /home/airflow/.local/lib/python3.8/site-packages/airflow/example_dags/example_nested_branch_dag.py
[2023-10-11T07:27:06.399+0000] {processor.py:829} INFO - Processing file /home/airflow/.local/lib/python3.8/site-packages/airflow/example_dags/example_nested_branch_dag.py for tasks to queue
[2023-10-11T07:27:06.401+0000] {logging_mixin.py:151} INFO - [2023-10-11T07:27:06.400+0000] {dagbag.py:539} INFO - Filling up the DagBag from /home/airflow/.local/lib/python3.8/site-packages/airflow/example_dags/example_nested_branch_dag.py
[2023-10-11T07:27:06.406+0000] {processor.py:839} INFO - DAG(s) dict_keys(['example_nested_branch_dag']) retrieved from /home/airflow/.local/lib/python3.8/site-packages/airflow/example_dags/example_nested_branch_dag.py
[2023-10-11T07:27:06.423+0000] {logging_mixin.py:151} INFO - [2023-10-11T07:27:06.423+0000] {dag.py:2915} INFO - Sync 1 DAGs
[2023-10-11T07:27:06.436+0000] {logging_mixin.py:151} INFO - [2023-10-11T07:27:06.436+0000] {dag.py:3696} INFO - Setting next_dagrun for example_nested_branch_dag to 2023-10-10T00:00:00+00:00, run_after=2023-10-11T00:00:00+00:00
[2023-10-11T07:27:06.446+0000] {processor.py:179} INFO - Processing /home/airflow/.local/lib/python3.8/site-packages/airflow/example_dags/example_nested_branch_dag.py took 0.049 seconds
[2023-10-11T07:27:37.100+0000] {processor.py:157} INFO - Started process (PID=1240) to work on /home/airflow/.local/lib/python3.8/site-packages/airflow/example_dags/example_nested_branch_dag.py
[2023-10-11T07:27:37.101+0000] {processor.py:829} INFO - Processing file /home/airflow/.local/lib/python3.8/site-packages/airflow/example_dags/example_nested_branch_dag.py for tasks to queue
[2023-10-11T07:27:37.102+0000] {logging_mixin.py:151} INFO - [2023-10-11T07:27:37.102+0000] {dagbag.py:539} INFO - Filling up the DagBag from /home/airflow/.local/lib/python3.8/site-packages/airflow/example_dags/example_nested_branch_dag.py
[2023-10-11T07:27:37.109+0000] {processor.py:839} INFO - DAG(s) dict_keys(['example_nested_branch_dag']) retrieved from /home/airflow/.local/lib/python3.8/site-packages/airflow/example_dags/example_nested_branch_dag.py
[2023-10-11T07:27:37.127+0000] {logging_mixin.py:151} INFO - [2023-10-11T07:27:37.126+0000] {dag.py:2915} INFO - Sync 1 DAGs
[2023-10-11T07:27:37.141+0000] {logging_mixin.py:151} INFO - [2023-10-11T07:27:37.141+0000] {dag.py:3696} INFO - Setting next_dagrun for example_nested_branch_dag to 2023-10-10T00:00:00+00:00, run_after=2023-10-11T00:00:00+00:00
[2023-10-11T07:27:37.151+0000] {processor.py:179} INFO - Processing /home/airflow/.local/lib/python3.8/site-packages/airflow/example_dags/example_nested_branch_dag.py took 0.053 seconds
[2023-10-11T07:28:08.217+0000] {processor.py:157} INFO - Started process (PID=1299) to work on /home/airflow/.local/lib/python3.8/site-packages/airflow/example_dags/example_nested_branch_dag.py
[2023-10-11T07:28:08.217+0000] {processor.py:829} INFO - Processing file /home/airflow/.local/lib/python3.8/site-packages/airflow/example_dags/example_nested_branch_dag.py for tasks to queue
[2023-10-11T07:28:08.219+0000] {logging_mixin.py:151} INFO - [2023-10-11T07:28:08.219+0000] {dagbag.py:539} INFO - Filling up the DagBag from /home/airflow/.local/lib/python3.8/site-packages/airflow/example_dags/example_nested_branch_dag.py
[2023-10-11T07:28:08.225+0000] {processor.py:839} INFO - DAG(s) dict_keys(['example_nested_branch_dag']) retrieved from /home/airflow/.local/lib/python3.8/site-packages/airflow/example_dags/example_nested_branch_dag.py
[2023-10-11T07:28:08.242+0000] {logging_mixin.py:151} INFO - [2023-10-11T07:28:08.242+0000] {dag.py:2915} INFO - Sync 1 DAGs
[2023-10-11T07:28:08.256+0000] {logging_mixin.py:151} INFO - [2023-10-11T07:28:08.256+0000] {dag.py:3696} INFO - Setting next_dagrun for example_nested_branch_dag to 2023-10-10T00:00:00+00:00, run_after=2023-10-11T00:00:00+00:00
[2023-10-11T07:28:08.266+0000] {processor.py:179} INFO - Processing /home/airflow/.local/lib/python3.8/site-packages/airflow/example_dags/example_nested_branch_dag.py took 0.051 seconds
[2023-10-11T07:28:38.693+0000] {processor.py:157} INFO - Started process (PID=1358) to work on /home/airflow/.local/lib/python3.8/site-packages/airflow/example_dags/example_nested_branch_dag.py
[2023-10-11T07:28:38.693+0000] {processor.py:829} INFO - Processing file /home/airflow/.local/lib/python3.8/site-packages/airflow/example_dags/example_nested_branch_dag.py for tasks to queue
[2023-10-11T07:28:38.695+0000] {logging_mixin.py:151} INFO - [2023-10-11T07:28:38.694+0000] {dagbag.py:539} INFO - Filling up the DagBag from /home/airflow/.local/lib/python3.8/site-packages/airflow/example_dags/example_nested_branch_dag.py
[2023-10-11T07:28:38.701+0000] {processor.py:839} INFO - DAG(s) dict_keys(['example_nested_branch_dag']) retrieved from /home/airflow/.local/lib/python3.8/site-packages/airflow/example_dags/example_nested_branch_dag.py
[2023-10-11T07:28:38.717+0000] {logging_mixin.py:151} INFO - [2023-10-11T07:28:38.717+0000] {dag.py:2915} INFO - Sync 1 DAGs
[2023-10-11T07:28:38.732+0000] {logging_mixin.py:151} INFO - [2023-10-11T07:28:38.732+0000] {dag.py:3696} INFO - Setting next_dagrun for example_nested_branch_dag to 2023-10-10T00:00:00+00:00, run_after=2023-10-11T00:00:00+00:00
[2023-10-11T07:28:38.742+0000] {processor.py:179} INFO - Processing /home/airflow/.local/lib/python3.8/site-packages/airflow/example_dags/example_nested_branch_dag.py took 0.051 seconds
[2023-10-11T07:29:09.870+0000] {processor.py:157} INFO - Started process (PID=1417) to work on /home/airflow/.local/lib/python3.8/site-packages/airflow/example_dags/example_nested_branch_dag.py
[2023-10-11T07:29:09.871+0000] {processor.py:829} INFO - Processing file /home/airflow/.local/lib/python3.8/site-packages/airflow/example_dags/example_nested_branch_dag.py for tasks to queue
[2023-10-11T07:29:09.872+0000] {logging_mixin.py:151} INFO - [2023-10-11T07:29:09.872+0000] {dagbag.py:539} INFO - Filling up the DagBag from /home/airflow/.local/lib/python3.8/site-packages/airflow/example_dags/example_nested_branch_dag.py
[2023-10-11T07:29:09.878+0000] {processor.py:839} INFO - DAG(s) dict_keys(['example_nested_branch_dag']) retrieved from /home/airflow/.local/lib/python3.8/site-packages/airflow/example_dags/example_nested_branch_dag.py
[2023-10-11T07:29:09.895+0000] {logging_mixin.py:151} INFO - [2023-10-11T07:29:09.895+0000] {dag.py:2915} INFO - Sync 1 DAGs
[2023-10-11T07:29:09.910+0000] {logging_mixin.py:151} INFO - [2023-10-11T07:29:09.910+0000] {dag.py:3696} INFO - Setting next_dagrun for example_nested_branch_dag to 2023-10-10T00:00:00+00:00, run_after=2023-10-11T00:00:00+00:00
[2023-10-11T07:29:09.920+0000] {processor.py:179} INFO - Processing /home/airflow/.local/lib/python3.8/site-packages/airflow/example_dags/example_nested_branch_dag.py took 0.052 seconds
[2023-10-11T07:29:40.851+0000] {processor.py:157} INFO - Started process (PID=1476) to work on /home/airflow/.local/lib/python3.8/site-packages/airflow/example_dags/example_nested_branch_dag.py
[2023-10-11T07:29:40.859+0000] {processor.py:829} INFO - Processing file /home/airflow/.local/lib/python3.8/site-packages/airflow/example_dags/example_nested_branch_dag.py for tasks to queue
[2023-10-11T07:29:40.860+0000] {logging_mixin.py:151} INFO - [2023-10-11T07:29:40.860+0000] {dagbag.py:539} INFO - Filling up the DagBag from /home/airflow/.local/lib/python3.8/site-packages/airflow/example_dags/example_nested_branch_dag.py
[2023-10-11T07:29:40.868+0000] {processor.py:839} INFO - DAG(s) dict_keys(['example_nested_branch_dag']) retrieved from /home/airflow/.local/lib/python3.8/site-packages/airflow/example_dags/example_nested_branch_dag.py
[2023-10-11T07:29:40.897+0000] {logging_mixin.py:151} INFO - [2023-10-11T07:29:40.897+0000] {dag.py:2915} INFO - Sync 1 DAGs
[2023-10-11T07:29:40.912+0000] {logging_mixin.py:151} INFO - [2023-10-11T07:29:40.912+0000] {dag.py:3696} INFO - Setting next_dagrun for example_nested_branch_dag to 2023-10-10T00:00:00+00:00, run_after=2023-10-11T00:00:00+00:00
[2023-10-11T07:29:40.924+0000] {processor.py:179} INFO - Processing /home/airflow/.local/lib/python3.8/site-packages/airflow/example_dags/example_nested_branch_dag.py took 0.076 seconds
[2023-10-11T07:30:11.835+0000] {processor.py:157} INFO - Started process (PID=1535) to work on /home/airflow/.local/lib/python3.8/site-packages/airflow/example_dags/example_nested_branch_dag.py
[2023-10-11T07:30:11.836+0000] {processor.py:829} INFO - Processing file /home/airflow/.local/lib/python3.8/site-packages/airflow/example_dags/example_nested_branch_dag.py for tasks to queue
[2023-10-11T07:30:11.838+0000] {logging_mixin.py:151} INFO - [2023-10-11T07:30:11.838+0000] {dagbag.py:539} INFO - Filling up the DagBag from /home/airflow/.local/lib/python3.8/site-packages/airflow/example_dags/example_nested_branch_dag.py
[2023-10-11T07:30:11.846+0000] {processor.py:839} INFO - DAG(s) dict_keys(['example_nested_branch_dag']) retrieved from /home/airflow/.local/lib/python3.8/site-packages/airflow/example_dags/example_nested_branch_dag.py
[2023-10-11T07:30:11.865+0000] {logging_mixin.py:151} INFO - [2023-10-11T07:30:11.864+0000] {dag.py:2915} INFO - Sync 1 DAGs
[2023-10-11T07:30:11.881+0000] {logging_mixin.py:151} INFO - [2023-10-11T07:30:11.881+0000] {dag.py:3696} INFO - Setting next_dagrun for example_nested_branch_dag to 2023-10-10T00:00:00+00:00, run_after=2023-10-11T00:00:00+00:00
[2023-10-11T07:30:11.899+0000] {processor.py:179} INFO - Processing /home/airflow/.local/lib/python3.8/site-packages/airflow/example_dags/example_nested_branch_dag.py took 0.065 seconds
[2023-10-11T07:30:42.040+0000] {processor.py:157} INFO - Started process (PID=1593) to work on /home/airflow/.local/lib/python3.8/site-packages/airflow/example_dags/example_nested_branch_dag.py
[2023-10-11T07:30:42.040+0000] {processor.py:829} INFO - Processing file /home/airflow/.local/lib/python3.8/site-packages/airflow/example_dags/example_nested_branch_dag.py for tasks to queue
[2023-10-11T07:30:42.042+0000] {logging_mixin.py:151} INFO - [2023-10-11T07:30:42.042+0000] {dagbag.py:539} INFO - Filling up the DagBag from /home/airflow/.local/lib/python3.8/site-packages/airflow/example_dags/example_nested_branch_dag.py
[2023-10-11T07:30:42.048+0000] {processor.py:839} INFO - DAG(s) dict_keys(['example_nested_branch_dag']) retrieved from /home/airflow/.local/lib/python3.8/site-packages/airflow/example_dags/example_nested_branch_dag.py
[2023-10-11T07:30:42.065+0000] {logging_mixin.py:151} INFO - [2023-10-11T07:30:42.065+0000] {dag.py:2915} INFO - Sync 1 DAGs
[2023-10-11T07:30:42.080+0000] {logging_mixin.py:151} INFO - [2023-10-11T07:30:42.080+0000] {dag.py:3696} INFO - Setting next_dagrun for example_nested_branch_dag to 2023-10-10T00:00:00+00:00, run_after=2023-10-11T00:00:00+00:00
[2023-10-11T07:30:42.090+0000] {processor.py:179} INFO - Processing /home/airflow/.local/lib/python3.8/site-packages/airflow/example_dags/example_nested_branch_dag.py took 0.053 seconds
[2023-10-11T07:31:12.319+0000] {processor.py:157} INFO - Started process (PID=1658) to work on /home/airflow/.local/lib/python3.8/site-packages/airflow/example_dags/example_nested_branch_dag.py
[2023-10-11T07:31:12.320+0000] {processor.py:829} INFO - Processing file /home/airflow/.local/lib/python3.8/site-packages/airflow/example_dags/example_nested_branch_dag.py for tasks to queue
[2023-10-11T07:31:12.321+0000] {logging_mixin.py:151} INFO - [2023-10-11T07:31:12.321+0000] {dagbag.py:539} INFO - Filling up the DagBag from /home/airflow/.local/lib/python3.8/site-packages/airflow/example_dags/example_nested_branch_dag.py
[2023-10-11T07:31:12.327+0000] {processor.py:839} INFO - DAG(s) dict_keys(['example_nested_branch_dag']) retrieved from /home/airflow/.local/lib/python3.8/site-packages/airflow/example_dags/example_nested_branch_dag.py
[2023-10-11T07:31:12.344+0000] {logging_mixin.py:151} INFO - [2023-10-11T07:31:12.344+0000] {dag.py:2915} INFO - Sync 1 DAGs
[2023-10-11T07:31:12.358+0000] {logging_mixin.py:151} INFO - [2023-10-11T07:31:12.358+0000] {dag.py:3696} INFO - Setting next_dagrun for example_nested_branch_dag to 2023-10-10T00:00:00+00:00, run_after=2023-10-11T00:00:00+00:00
[2023-10-11T07:31:12.368+0000] {processor.py:179} INFO - Processing /home/airflow/.local/lib/python3.8/site-packages/airflow/example_dags/example_nested_branch_dag.py took 0.052 seconds
[2023-10-11T07:31:42.587+0000] {processor.py:157} INFO - Started process (PID=1717) to work on /home/airflow/.local/lib/python3.8/site-packages/airflow/example_dags/example_nested_branch_dag.py
[2023-10-11T07:31:42.589+0000] {processor.py:829} INFO - Processing file /home/airflow/.local/lib/python3.8/site-packages/airflow/example_dags/example_nested_branch_dag.py for tasks to queue
[2023-10-11T07:31:42.591+0000] {logging_mixin.py:151} INFO - [2023-10-11T07:31:42.590+0000] {dagbag.py:539} INFO - Filling up the DagBag from /home/airflow/.local/lib/python3.8/site-packages/airflow/example_dags/example_nested_branch_dag.py
[2023-10-11T07:31:42.597+0000] {processor.py:839} INFO - DAG(s) dict_keys(['example_nested_branch_dag']) retrieved from /home/airflow/.local/lib/python3.8/site-packages/airflow/example_dags/example_nested_branch_dag.py
[2023-10-11T07:31:42.614+0000] {logging_mixin.py:151} INFO - [2023-10-11T07:31:42.614+0000] {dag.py:2915} INFO - Sync 1 DAGs
[2023-10-11T07:31:42.628+0000] {logging_mixin.py:151} INFO - [2023-10-11T07:31:42.628+0000] {dag.py:3696} INFO - Setting next_dagrun for example_nested_branch_dag to 2023-10-10T00:00:00+00:00, run_after=2023-10-11T00:00:00+00:00
[2023-10-11T07:31:42.638+0000] {processor.py:179} INFO - Processing /home/airflow/.local/lib/python3.8/site-packages/airflow/example_dags/example_nested_branch_dag.py took 0.053 seconds
