[2023-10-11T07:17:18.813+0000] {processor.py:157} INFO - Started process (PID=38) to work on /home/airflow/.local/lib/python3.8/site-packages/airflow/example_dags/example_setup_teardown.py
[2023-10-11T07:17:18.814+0000] {processor.py:829} INFO - Processing file /home/airflow/.local/lib/python3.8/site-packages/airflow/example_dags/example_setup_teardown.py for tasks to queue
[2023-10-11T07:17:18.823+0000] {logging_mixin.py:151} INFO - [2023-10-11T07:17:18.822+0000] {dagbag.py:539} INFO - Filling up the DagBag from /home/airflow/.local/lib/python3.8/site-packages/airflow/example_dags/example_setup_teardown.py
[2023-10-11T07:17:18.844+0000] {processor.py:839} INFO - DAG(s) dict_keys(['example_setup_teardown']) retrieved from /home/airflow/.local/lib/python3.8/site-packages/airflow/example_dags/example_setup_teardown.py
[2023-10-11T07:17:18.884+0000] {logging_mixin.py:151} INFO - [2023-10-11T07:17:18.884+0000] {dag.py:2915} INFO - Sync 1 DAGs
[2023-10-11T07:17:18.917+0000] {logging_mixin.py:151} INFO - [2023-10-11T07:17:18.917+0000] {dag.py:3696} INFO - Setting next_dagrun for example_setup_teardown to 2023-10-10T07:17:18.916789+00:00, run_after=2023-10-11T07:17:18.916789+00:00
[2023-10-11T07:17:18.942+0000] {processor.py:179} INFO - Processing /home/airflow/.local/lib/python3.8/site-packages/airflow/example_dags/example_setup_teardown.py took 0.132 seconds
[2023-10-11T07:17:49.276+0000] {processor.py:157} INFO - Started process (PID=93) to work on /home/airflow/.local/lib/python3.8/site-packages/airflow/example_dags/example_setup_teardown.py
[2023-10-11T07:17:49.277+0000] {processor.py:829} INFO - Processing file /home/airflow/.local/lib/python3.8/site-packages/airflow/example_dags/example_setup_teardown.py for tasks to queue
[2023-10-11T07:17:49.279+0000] {logging_mixin.py:151} INFO - [2023-10-11T07:17:49.279+0000] {dagbag.py:539} INFO - Filling up the DagBag from /home/airflow/.local/lib/python3.8/site-packages/airflow/example_dags/example_setup_teardown.py
[2023-10-11T07:17:49.283+0000] {processor.py:839} INFO - DAG(s) dict_keys(['example_setup_teardown']) retrieved from /home/airflow/.local/lib/python3.8/site-packages/airflow/example_dags/example_setup_teardown.py
[2023-10-11T07:17:49.299+0000] {logging_mixin.py:151} INFO - [2023-10-11T07:17:49.299+0000] {dag.py:2915} INFO - Sync 1 DAGs
[2023-10-11T07:17:49.311+0000] {logging_mixin.py:151} INFO - [2023-10-11T07:17:49.311+0000] {dag.py:3696} INFO - Setting next_dagrun for example_setup_teardown to 2023-10-10T07:17:49.311219+00:00, run_after=2023-10-11T07:17:49.311219+00:00
[2023-10-11T07:17:49.320+0000] {processor.py:179} INFO - Processing /home/airflow/.local/lib/python3.8/site-packages/airflow/example_dags/example_setup_teardown.py took 0.046 seconds
[2023-10-11T07:18:19.592+0000] {processor.py:157} INFO - Started process (PID=152) to work on /home/airflow/.local/lib/python3.8/site-packages/airflow/example_dags/example_setup_teardown.py
[2023-10-11T07:18:19.593+0000] {processor.py:829} INFO - Processing file /home/airflow/.local/lib/python3.8/site-packages/airflow/example_dags/example_setup_teardown.py for tasks to queue
[2023-10-11T07:18:19.594+0000] {logging_mixin.py:151} INFO - [2023-10-11T07:18:19.594+0000] {dagbag.py:539} INFO - Filling up the DagBag from /home/airflow/.local/lib/python3.8/site-packages/airflow/example_dags/example_setup_teardown.py
[2023-10-11T07:18:19.598+0000] {processor.py:839} INFO - DAG(s) dict_keys(['example_setup_teardown']) retrieved from /home/airflow/.local/lib/python3.8/site-packages/airflow/example_dags/example_setup_teardown.py
[2023-10-11T07:18:19.614+0000] {logging_mixin.py:151} INFO - [2023-10-11T07:18:19.614+0000] {dag.py:2915} INFO - Sync 1 DAGs
[2023-10-11T07:18:19.628+0000] {logging_mixin.py:151} INFO - [2023-10-11T07:18:19.628+0000] {dag.py:3696} INFO - Setting next_dagrun for example_setup_teardown to 2023-10-10T07:18:19.628451+00:00, run_after=2023-10-11T07:18:19.628451+00:00
[2023-10-11T07:18:19.639+0000] {processor.py:179} INFO - Processing /home/airflow/.local/lib/python3.8/site-packages/airflow/example_dags/example_setup_teardown.py took 0.051 seconds
[2023-10-11T07:18:50.131+0000] {processor.py:157} INFO - Started process (PID=211) to work on /home/airflow/.local/lib/python3.8/site-packages/airflow/example_dags/example_setup_teardown.py
[2023-10-11T07:18:50.132+0000] {processor.py:829} INFO - Processing file /home/airflow/.local/lib/python3.8/site-packages/airflow/example_dags/example_setup_teardown.py for tasks to queue
[2023-10-11T07:18:50.134+0000] {logging_mixin.py:151} INFO - [2023-10-11T07:18:50.133+0000] {dagbag.py:539} INFO - Filling up the DagBag from /home/airflow/.local/lib/python3.8/site-packages/airflow/example_dags/example_setup_teardown.py
[2023-10-11T07:18:50.138+0000] {processor.py:839} INFO - DAG(s) dict_keys(['example_setup_teardown']) retrieved from /home/airflow/.local/lib/python3.8/site-packages/airflow/example_dags/example_setup_teardown.py
[2023-10-11T07:18:50.156+0000] {logging_mixin.py:151} INFO - [2023-10-11T07:18:50.156+0000] {dag.py:2915} INFO - Sync 1 DAGs
[2023-10-11T07:18:50.168+0000] {logging_mixin.py:151} INFO - [2023-10-11T07:18:50.168+0000] {dag.py:3696} INFO - Setting next_dagrun for example_setup_teardown to 2023-10-10T07:18:50.168540+00:00, run_after=2023-10-11T07:18:50.168540+00:00
[2023-10-11T07:18:50.178+0000] {processor.py:179} INFO - Processing /home/airflow/.local/lib/python3.8/site-packages/airflow/example_dags/example_setup_teardown.py took 0.048 seconds
[2023-10-11T07:19:20.340+0000] {processor.py:157} INFO - Started process (PID=270) to work on /home/airflow/.local/lib/python3.8/site-packages/airflow/example_dags/example_setup_teardown.py
[2023-10-11T07:19:20.341+0000] {processor.py:829} INFO - Processing file /home/airflow/.local/lib/python3.8/site-packages/airflow/example_dags/example_setup_teardown.py for tasks to queue
[2023-10-11T07:19:20.342+0000] {logging_mixin.py:151} INFO - [2023-10-11T07:19:20.342+0000] {dagbag.py:539} INFO - Filling up the DagBag from /home/airflow/.local/lib/python3.8/site-packages/airflow/example_dags/example_setup_teardown.py
[2023-10-11T07:19:20.346+0000] {processor.py:839} INFO - DAG(s) dict_keys(['example_setup_teardown']) retrieved from /home/airflow/.local/lib/python3.8/site-packages/airflow/example_dags/example_setup_teardown.py
[2023-10-11T07:19:20.362+0000] {logging_mixin.py:151} INFO - [2023-10-11T07:19:20.362+0000] {dag.py:2915} INFO - Sync 1 DAGs
[2023-10-11T07:19:20.374+0000] {logging_mixin.py:151} INFO - [2023-10-11T07:19:20.374+0000] {dag.py:3696} INFO - Setting next_dagrun for example_setup_teardown to 2023-10-10T07:19:20.374029+00:00, run_after=2023-10-11T07:19:20.374029+00:00
[2023-10-11T07:19:20.383+0000] {processor.py:179} INFO - Processing /home/airflow/.local/lib/python3.8/site-packages/airflow/example_dags/example_setup_teardown.py took 0.045 seconds
[2023-10-11T07:19:50.527+0000] {processor.py:157} INFO - Started process (PID=329) to work on /home/airflow/.local/lib/python3.8/site-packages/airflow/example_dags/example_setup_teardown.py
[2023-10-11T07:19:50.527+0000] {processor.py:829} INFO - Processing file /home/airflow/.local/lib/python3.8/site-packages/airflow/example_dags/example_setup_teardown.py for tasks to queue
[2023-10-11T07:19:50.529+0000] {logging_mixin.py:151} INFO - [2023-10-11T07:19:50.529+0000] {dagbag.py:539} INFO - Filling up the DagBag from /home/airflow/.local/lib/python3.8/site-packages/airflow/example_dags/example_setup_teardown.py
[2023-10-11T07:19:50.533+0000] {processor.py:839} INFO - DAG(s) dict_keys(['example_setup_teardown']) retrieved from /home/airflow/.local/lib/python3.8/site-packages/airflow/example_dags/example_setup_teardown.py
[2023-10-11T07:19:50.549+0000] {logging_mixin.py:151} INFO - [2023-10-11T07:19:50.549+0000] {dag.py:2915} INFO - Sync 1 DAGs
[2023-10-11T07:19:50.562+0000] {logging_mixin.py:151} INFO - [2023-10-11T07:19:50.562+0000] {dag.py:3696} INFO - Setting next_dagrun for example_setup_teardown to 2023-10-10T07:19:50.561832+00:00, run_after=2023-10-11T07:19:50.561832+00:00
[2023-10-11T07:19:50.571+0000] {processor.py:179} INFO - Processing /home/airflow/.local/lib/python3.8/site-packages/airflow/example_dags/example_setup_teardown.py took 0.046 seconds
[2023-10-11T07:20:20.862+0000] {processor.py:157} INFO - Started process (PID=388) to work on /home/airflow/.local/lib/python3.8/site-packages/airflow/example_dags/example_setup_teardown.py
[2023-10-11T07:20:20.863+0000] {processor.py:829} INFO - Processing file /home/airflow/.local/lib/python3.8/site-packages/airflow/example_dags/example_setup_teardown.py for tasks to queue
[2023-10-11T07:20:20.864+0000] {logging_mixin.py:151} INFO - [2023-10-11T07:20:20.864+0000] {dagbag.py:539} INFO - Filling up the DagBag from /home/airflow/.local/lib/python3.8/site-packages/airflow/example_dags/example_setup_teardown.py
[2023-10-11T07:20:20.868+0000] {processor.py:839} INFO - DAG(s) dict_keys(['example_setup_teardown']) retrieved from /home/airflow/.local/lib/python3.8/site-packages/airflow/example_dags/example_setup_teardown.py
[2023-10-11T07:20:20.884+0000] {logging_mixin.py:151} INFO - [2023-10-11T07:20:20.883+0000] {dag.py:2915} INFO - Sync 1 DAGs
[2023-10-11T07:20:20.896+0000] {logging_mixin.py:151} INFO - [2023-10-11T07:20:20.896+0000] {dag.py:3696} INFO - Setting next_dagrun for example_setup_teardown to 2023-10-10T07:20:20.896061+00:00, run_after=2023-10-11T07:20:20.896061+00:00
[2023-10-11T07:20:20.905+0000] {processor.py:179} INFO - Processing /home/airflow/.local/lib/python3.8/site-packages/airflow/example_dags/example_setup_teardown.py took 0.045 seconds
[2023-10-11T07:20:51.163+0000] {processor.py:157} INFO - Started process (PID=448) to work on /home/airflow/.local/lib/python3.8/site-packages/airflow/example_dags/example_setup_teardown.py
[2023-10-11T07:20:51.164+0000] {processor.py:829} INFO - Processing file /home/airflow/.local/lib/python3.8/site-packages/airflow/example_dags/example_setup_teardown.py for tasks to queue
[2023-10-11T07:20:51.166+0000] {logging_mixin.py:151} INFO - [2023-10-11T07:20:51.165+0000] {dagbag.py:539} INFO - Filling up the DagBag from /home/airflow/.local/lib/python3.8/site-packages/airflow/example_dags/example_setup_teardown.py
[2023-10-11T07:20:51.170+0000] {processor.py:839} INFO - DAG(s) dict_keys(['example_setup_teardown']) retrieved from /home/airflow/.local/lib/python3.8/site-packages/airflow/example_dags/example_setup_teardown.py
[2023-10-11T07:20:51.185+0000] {logging_mixin.py:151} INFO - [2023-10-11T07:20:51.185+0000] {dag.py:2915} INFO - Sync 1 DAGs
[2023-10-11T07:20:51.198+0000] {logging_mixin.py:151} INFO - [2023-10-11T07:20:51.198+0000] {dag.py:3696} INFO - Setting next_dagrun for example_setup_teardown to 2023-10-10T07:20:51.198051+00:00, run_after=2023-10-11T07:20:51.198051+00:00
[2023-10-11T07:20:51.212+0000] {processor.py:179} INFO - Processing /home/airflow/.local/lib/python3.8/site-packages/airflow/example_dags/example_setup_teardown.py took 0.051 seconds
[2023-10-11T07:21:21.438+0000] {processor.py:157} INFO - Started process (PID=507) to work on /home/airflow/.local/lib/python3.8/site-packages/airflow/example_dags/example_setup_teardown.py
[2023-10-11T07:21:21.439+0000] {processor.py:829} INFO - Processing file /home/airflow/.local/lib/python3.8/site-packages/airflow/example_dags/example_setup_teardown.py for tasks to queue
[2023-10-11T07:21:21.440+0000] {logging_mixin.py:151} INFO - [2023-10-11T07:21:21.440+0000] {dagbag.py:539} INFO - Filling up the DagBag from /home/airflow/.local/lib/python3.8/site-packages/airflow/example_dags/example_setup_teardown.py
[2023-10-11T07:21:21.444+0000] {processor.py:839} INFO - DAG(s) dict_keys(['example_setup_teardown']) retrieved from /home/airflow/.local/lib/python3.8/site-packages/airflow/example_dags/example_setup_teardown.py
[2023-10-11T07:21:21.460+0000] {logging_mixin.py:151} INFO - [2023-10-11T07:21:21.460+0000] {dag.py:2915} INFO - Sync 1 DAGs
[2023-10-11T07:21:21.472+0000] {logging_mixin.py:151} INFO - [2023-10-11T07:21:21.472+0000] {dag.py:3696} INFO - Setting next_dagrun for example_setup_teardown to 2023-10-10T07:21:21.472436+00:00, run_after=2023-10-11T07:21:21.472436+00:00
[2023-10-11T07:21:21.481+0000] {processor.py:179} INFO - Processing /home/airflow/.local/lib/python3.8/site-packages/airflow/example_dags/example_setup_teardown.py took 0.045 seconds
[2023-10-11T07:21:52.035+0000] {processor.py:157} INFO - Started process (PID=566) to work on /home/airflow/.local/lib/python3.8/site-packages/airflow/example_dags/example_setup_teardown.py
[2023-10-11T07:21:52.036+0000] {processor.py:829} INFO - Processing file /home/airflow/.local/lib/python3.8/site-packages/airflow/example_dags/example_setup_teardown.py for tasks to queue
[2023-10-11T07:21:52.037+0000] {logging_mixin.py:151} INFO - [2023-10-11T07:21:52.037+0000] {dagbag.py:539} INFO - Filling up the DagBag from /home/airflow/.local/lib/python3.8/site-packages/airflow/example_dags/example_setup_teardown.py
[2023-10-11T07:21:52.041+0000] {processor.py:839} INFO - DAG(s) dict_keys(['example_setup_teardown']) retrieved from /home/airflow/.local/lib/python3.8/site-packages/airflow/example_dags/example_setup_teardown.py
[2023-10-11T07:21:52.060+0000] {logging_mixin.py:151} INFO - [2023-10-11T07:21:52.060+0000] {dag.py:2915} INFO - Sync 1 DAGs
[2023-10-11T07:21:52.074+0000] {logging_mixin.py:151} INFO - [2023-10-11T07:21:52.074+0000] {dag.py:3696} INFO - Setting next_dagrun for example_setup_teardown to 2023-10-10T07:21:52.073968+00:00, run_after=2023-10-11T07:21:52.073968+00:00
[2023-10-11T07:21:52.086+0000] {processor.py:179} INFO - Processing /home/airflow/.local/lib/python3.8/site-packages/airflow/example_dags/example_setup_teardown.py took 0.053 seconds
[2023-10-11T07:22:22.687+0000] {processor.py:157} INFO - Started process (PID=625) to work on /home/airflow/.local/lib/python3.8/site-packages/airflow/example_dags/example_setup_teardown.py
[2023-10-11T07:22:22.687+0000] {processor.py:829} INFO - Processing file /home/airflow/.local/lib/python3.8/site-packages/airflow/example_dags/example_setup_teardown.py for tasks to queue
[2023-10-11T07:22:22.689+0000] {logging_mixin.py:151} INFO - [2023-10-11T07:22:22.689+0000] {dagbag.py:539} INFO - Filling up the DagBag from /home/airflow/.local/lib/python3.8/site-packages/airflow/example_dags/example_setup_teardown.py
[2023-10-11T07:22:22.693+0000] {processor.py:839} INFO - DAG(s) dict_keys(['example_setup_teardown']) retrieved from /home/airflow/.local/lib/python3.8/site-packages/airflow/example_dags/example_setup_teardown.py
[2023-10-11T07:22:22.709+0000] {logging_mixin.py:151} INFO - [2023-10-11T07:22:22.708+0000] {dag.py:2915} INFO - Sync 1 DAGs
[2023-10-11T07:22:22.721+0000] {logging_mixin.py:151} INFO - [2023-10-11T07:22:22.721+0000] {dag.py:3696} INFO - Setting next_dagrun for example_setup_teardown to 2023-10-10T07:22:22.721347+00:00, run_after=2023-10-11T07:22:22.721347+00:00
[2023-10-11T07:22:22.731+0000] {processor.py:179} INFO - Processing /home/airflow/.local/lib/python3.8/site-packages/airflow/example_dags/example_setup_teardown.py took 0.047 seconds
[2023-10-11T07:22:53.048+0000] {processor.py:157} INFO - Started process (PID=683) to work on /home/airflow/.local/lib/python3.8/site-packages/airflow/example_dags/example_setup_teardown.py
[2023-10-11T07:22:53.048+0000] {processor.py:829} INFO - Processing file /home/airflow/.local/lib/python3.8/site-packages/airflow/example_dags/example_setup_teardown.py for tasks to queue
[2023-10-11T07:22:53.050+0000] {logging_mixin.py:151} INFO - [2023-10-11T07:22:53.050+0000] {dagbag.py:539} INFO - Filling up the DagBag from /home/airflow/.local/lib/python3.8/site-packages/airflow/example_dags/example_setup_teardown.py
[2023-10-11T07:22:53.054+0000] {processor.py:839} INFO - DAG(s) dict_keys(['example_setup_teardown']) retrieved from /home/airflow/.local/lib/python3.8/site-packages/airflow/example_dags/example_setup_teardown.py
[2023-10-11T07:22:53.071+0000] {logging_mixin.py:151} INFO - [2023-10-11T07:22:53.071+0000] {dag.py:2915} INFO - Sync 1 DAGs
[2023-10-11T07:22:53.084+0000] {logging_mixin.py:151} INFO - [2023-10-11T07:22:53.084+0000] {dag.py:3696} INFO - Setting next_dagrun for example_setup_teardown to 2023-10-10T07:22:53.084260+00:00, run_after=2023-10-11T07:22:53.084260+00:00
[2023-10-11T07:22:53.096+0000] {processor.py:179} INFO - Processing /home/airflow/.local/lib/python3.8/site-packages/airflow/example_dags/example_setup_teardown.py took 0.051 seconds
[2023-10-11T07:23:23.459+0000] {processor.py:157} INFO - Started process (PID=742) to work on /home/airflow/.local/lib/python3.8/site-packages/airflow/example_dags/example_setup_teardown.py
[2023-10-11T07:23:23.459+0000] {processor.py:829} INFO - Processing file /home/airflow/.local/lib/python3.8/site-packages/airflow/example_dags/example_setup_teardown.py for tasks to queue
[2023-10-11T07:23:23.461+0000] {logging_mixin.py:151} INFO - [2023-10-11T07:23:23.460+0000] {dagbag.py:539} INFO - Filling up the DagBag from /home/airflow/.local/lib/python3.8/site-packages/airflow/example_dags/example_setup_teardown.py
[2023-10-11T07:23:23.465+0000] {processor.py:839} INFO - DAG(s) dict_keys(['example_setup_teardown']) retrieved from /home/airflow/.local/lib/python3.8/site-packages/airflow/example_dags/example_setup_teardown.py
[2023-10-11T07:23:23.480+0000] {logging_mixin.py:151} INFO - [2023-10-11T07:23:23.480+0000] {dag.py:2915} INFO - Sync 1 DAGs
[2023-10-11T07:23:23.492+0000] {logging_mixin.py:151} INFO - [2023-10-11T07:23:23.492+0000] {dag.py:3696} INFO - Setting next_dagrun for example_setup_teardown to 2023-10-10T07:23:23.492610+00:00, run_after=2023-10-11T07:23:23.492610+00:00
[2023-10-11T07:23:23.502+0000] {processor.py:179} INFO - Processing /home/airflow/.local/lib/python3.8/site-packages/airflow/example_dags/example_setup_teardown.py took 0.045 seconds
[2023-10-11T07:23:53.884+0000] {processor.py:157} INFO - Started process (PID=801) to work on /home/airflow/.local/lib/python3.8/site-packages/airflow/example_dags/example_setup_teardown.py
[2023-10-11T07:23:53.885+0000] {processor.py:829} INFO - Processing file /home/airflow/.local/lib/python3.8/site-packages/airflow/example_dags/example_setup_teardown.py for tasks to queue
[2023-10-11T07:23:53.887+0000] {logging_mixin.py:151} INFO - [2023-10-11T07:23:53.886+0000] {dagbag.py:539} INFO - Filling up the DagBag from /home/airflow/.local/lib/python3.8/site-packages/airflow/example_dags/example_setup_teardown.py
[2023-10-11T07:23:53.891+0000] {processor.py:839} INFO - DAG(s) dict_keys(['example_setup_teardown']) retrieved from /home/airflow/.local/lib/python3.8/site-packages/airflow/example_dags/example_setup_teardown.py
[2023-10-11T07:23:53.907+0000] {logging_mixin.py:151} INFO - [2023-10-11T07:23:53.907+0000] {dag.py:2915} INFO - Sync 1 DAGs
[2023-10-11T07:23:53.921+0000] {logging_mixin.py:151} INFO - [2023-10-11T07:23:53.921+0000] {dag.py:3696} INFO - Setting next_dagrun for example_setup_teardown to 2023-10-10T07:23:53.921106+00:00, run_after=2023-10-11T07:23:53.921106+00:00
[2023-10-11T07:23:53.940+0000] {processor.py:179} INFO - Processing /home/airflow/.local/lib/python3.8/site-packages/airflow/example_dags/example_setup_teardown.py took 0.058 seconds
[2023-10-11T07:24:24.224+0000] {processor.py:157} INFO - Started process (PID=860) to work on /home/airflow/.local/lib/python3.8/site-packages/airflow/example_dags/example_setup_teardown.py
[2023-10-11T07:24:24.225+0000] {processor.py:829} INFO - Processing file /home/airflow/.local/lib/python3.8/site-packages/airflow/example_dags/example_setup_teardown.py for tasks to queue
[2023-10-11T07:24:24.227+0000] {logging_mixin.py:151} INFO - [2023-10-11T07:24:24.227+0000] {dagbag.py:539} INFO - Filling up the DagBag from /home/airflow/.local/lib/python3.8/site-packages/airflow/example_dags/example_setup_teardown.py
[2023-10-11T07:24:24.232+0000] {processor.py:839} INFO - DAG(s) dict_keys(['example_setup_teardown']) retrieved from /home/airflow/.local/lib/python3.8/site-packages/airflow/example_dags/example_setup_teardown.py
[2023-10-11T07:24:24.250+0000] {logging_mixin.py:151} INFO - [2023-10-11T07:24:24.250+0000] {dag.py:2915} INFO - Sync 1 DAGs
[2023-10-11T07:24:24.264+0000] {logging_mixin.py:151} INFO - [2023-10-11T07:24:24.264+0000] {dag.py:3696} INFO - Setting next_dagrun for example_setup_teardown to 2023-10-10T07:24:24.264150+00:00, run_after=2023-10-11T07:24:24.264150+00:00
[2023-10-11T07:24:24.276+0000] {processor.py:179} INFO - Processing /home/airflow/.local/lib/python3.8/site-packages/airflow/example_dags/example_setup_teardown.py took 0.054 seconds
[2023-10-11T07:24:54.388+0000] {processor.py:157} INFO - Started process (PID=919) to work on /home/airflow/.local/lib/python3.8/site-packages/airflow/example_dags/example_setup_teardown.py
[2023-10-11T07:24:54.388+0000] {processor.py:829} INFO - Processing file /home/airflow/.local/lib/python3.8/site-packages/airflow/example_dags/example_setup_teardown.py for tasks to queue
[2023-10-11T07:24:54.390+0000] {logging_mixin.py:151} INFO - [2023-10-11T07:24:54.390+0000] {dagbag.py:539} INFO - Filling up the DagBag from /home/airflow/.local/lib/python3.8/site-packages/airflow/example_dags/example_setup_teardown.py
[2023-10-11T07:24:54.394+0000] {processor.py:839} INFO - DAG(s) dict_keys(['example_setup_teardown']) retrieved from /home/airflow/.local/lib/python3.8/site-packages/airflow/example_dags/example_setup_teardown.py
[2023-10-11T07:24:54.410+0000] {logging_mixin.py:151} INFO - [2023-10-11T07:24:54.409+0000] {dag.py:2915} INFO - Sync 1 DAGs
[2023-10-11T07:24:54.422+0000] {logging_mixin.py:151} INFO - [2023-10-11T07:24:54.422+0000] {dag.py:3696} INFO - Setting next_dagrun for example_setup_teardown to 2023-10-10T07:24:54.421975+00:00, run_after=2023-10-11T07:24:54.421975+00:00
[2023-10-11T07:24:54.431+0000] {processor.py:179} INFO - Processing /home/airflow/.local/lib/python3.8/site-packages/airflow/example_dags/example_setup_teardown.py took 0.045 seconds
[2023-10-11T07:25:24.545+0000] {processor.py:157} INFO - Started process (PID=978) to work on /home/airflow/.local/lib/python3.8/site-packages/airflow/example_dags/example_setup_teardown.py
[2023-10-11T07:25:24.545+0000] {processor.py:829} INFO - Processing file /home/airflow/.local/lib/python3.8/site-packages/airflow/example_dags/example_setup_teardown.py for tasks to queue
[2023-10-11T07:25:24.547+0000] {logging_mixin.py:151} INFO - [2023-10-11T07:25:24.547+0000] {dagbag.py:539} INFO - Filling up the DagBag from /home/airflow/.local/lib/python3.8/site-packages/airflow/example_dags/example_setup_teardown.py
[2023-10-11T07:25:24.552+0000] {processor.py:839} INFO - DAG(s) dict_keys(['example_setup_teardown']) retrieved from /home/airflow/.local/lib/python3.8/site-packages/airflow/example_dags/example_setup_teardown.py
[2023-10-11T07:25:24.568+0000] {logging_mixin.py:151} INFO - [2023-10-11T07:25:24.568+0000] {dag.py:2915} INFO - Sync 1 DAGs
[2023-10-11T07:25:24.582+0000] {logging_mixin.py:151} INFO - [2023-10-11T07:25:24.582+0000] {dag.py:3696} INFO - Setting next_dagrun for example_setup_teardown to 2023-10-10T07:25:24.582324+00:00, run_after=2023-10-11T07:25:24.582324+00:00
[2023-10-11T07:25:24.591+0000] {processor.py:179} INFO - Processing /home/airflow/.local/lib/python3.8/site-packages/airflow/example_dags/example_setup_teardown.py took 0.049 seconds
[2023-10-11T07:25:54.702+0000] {processor.py:157} INFO - Started process (PID=1037) to work on /home/airflow/.local/lib/python3.8/site-packages/airflow/example_dags/example_setup_teardown.py
[2023-10-11T07:25:54.703+0000] {processor.py:829} INFO - Processing file /home/airflow/.local/lib/python3.8/site-packages/airflow/example_dags/example_setup_teardown.py for tasks to queue
[2023-10-11T07:25:54.704+0000] {logging_mixin.py:151} INFO - [2023-10-11T07:25:54.704+0000] {dagbag.py:539} INFO - Filling up the DagBag from /home/airflow/.local/lib/python3.8/site-packages/airflow/example_dags/example_setup_teardown.py
[2023-10-11T07:25:54.708+0000] {processor.py:839} INFO - DAG(s) dict_keys(['example_setup_teardown']) retrieved from /home/airflow/.local/lib/python3.8/site-packages/airflow/example_dags/example_setup_teardown.py
[2023-10-11T07:25:54.724+0000] {logging_mixin.py:151} INFO - [2023-10-11T07:25:54.724+0000] {dag.py:2915} INFO - Sync 1 DAGs
[2023-10-11T07:25:54.736+0000] {logging_mixin.py:151} INFO - [2023-10-11T07:25:54.736+0000] {dag.py:3696} INFO - Setting next_dagrun for example_setup_teardown to 2023-10-10T07:25:54.736459+00:00, run_after=2023-10-11T07:25:54.736459+00:00
[2023-10-11T07:25:54.745+0000] {processor.py:179} INFO - Processing /home/airflow/.local/lib/python3.8/site-packages/airflow/example_dags/example_setup_teardown.py took 0.045 seconds
[2023-10-11T07:26:24.772+0000] {processor.py:157} INFO - Started process (PID=1096) to work on /home/airflow/.local/lib/python3.8/site-packages/airflow/example_dags/example_setup_teardown.py
[2023-10-11T07:26:24.773+0000] {processor.py:829} INFO - Processing file /home/airflow/.local/lib/python3.8/site-packages/airflow/example_dags/example_setup_teardown.py for tasks to queue
[2023-10-11T07:26:24.774+0000] {logging_mixin.py:151} INFO - [2023-10-11T07:26:24.774+0000] {dagbag.py:539} INFO - Filling up the DagBag from /home/airflow/.local/lib/python3.8/site-packages/airflow/example_dags/example_setup_teardown.py
[2023-10-11T07:26:24.778+0000] {processor.py:839} INFO - DAG(s) dict_keys(['example_setup_teardown']) retrieved from /home/airflow/.local/lib/python3.8/site-packages/airflow/example_dags/example_setup_teardown.py
[2023-10-11T07:26:24.794+0000] {logging_mixin.py:151} INFO - [2023-10-11T07:26:24.794+0000] {dag.py:2915} INFO - Sync 1 DAGs
[2023-10-11T07:26:24.806+0000] {logging_mixin.py:151} INFO - [2023-10-11T07:26:24.806+0000] {dag.py:3696} INFO - Setting next_dagrun for example_setup_teardown to 2023-10-10T07:26:24.806146+00:00, run_after=2023-10-11T07:26:24.806146+00:00
[2023-10-11T07:26:24.814+0000] {processor.py:179} INFO - Processing /home/airflow/.local/lib/python3.8/site-packages/airflow/example_dags/example_setup_teardown.py took 0.044 seconds
[2023-10-11T07:26:55.259+0000] {processor.py:157} INFO - Started process (PID=1155) to work on /home/airflow/.local/lib/python3.8/site-packages/airflow/example_dags/example_setup_teardown.py
[2023-10-11T07:26:55.260+0000] {processor.py:829} INFO - Processing file /home/airflow/.local/lib/python3.8/site-packages/airflow/example_dags/example_setup_teardown.py for tasks to queue
[2023-10-11T07:26:55.261+0000] {logging_mixin.py:151} INFO - [2023-10-11T07:26:55.261+0000] {dagbag.py:539} INFO - Filling up the DagBag from /home/airflow/.local/lib/python3.8/site-packages/airflow/example_dags/example_setup_teardown.py
[2023-10-11T07:26:55.265+0000] {processor.py:839} INFO - DAG(s) dict_keys(['example_setup_teardown']) retrieved from /home/airflow/.local/lib/python3.8/site-packages/airflow/example_dags/example_setup_teardown.py
[2023-10-11T07:26:55.282+0000] {logging_mixin.py:151} INFO - [2023-10-11T07:26:55.282+0000] {dag.py:2915} INFO - Sync 1 DAGs
[2023-10-11T07:26:55.294+0000] {logging_mixin.py:151} INFO - [2023-10-11T07:26:55.294+0000] {dag.py:3696} INFO - Setting next_dagrun for example_setup_teardown to 2023-10-10T07:26:55.294121+00:00, run_after=2023-10-11T07:26:55.294121+00:00
[2023-10-11T07:26:55.303+0000] {processor.py:179} INFO - Processing /home/airflow/.local/lib/python3.8/site-packages/airflow/example_dags/example_setup_teardown.py took 0.046 seconds
[2023-10-11T07:27:25.935+0000] {processor.py:157} INFO - Started process (PID=1214) to work on /home/airflow/.local/lib/python3.8/site-packages/airflow/example_dags/example_setup_teardown.py
[2023-10-11T07:27:25.936+0000] {processor.py:829} INFO - Processing file /home/airflow/.local/lib/python3.8/site-packages/airflow/example_dags/example_setup_teardown.py for tasks to queue
[2023-10-11T07:27:25.937+0000] {logging_mixin.py:151} INFO - [2023-10-11T07:27:25.937+0000] {dagbag.py:539} INFO - Filling up the DagBag from /home/airflow/.local/lib/python3.8/site-packages/airflow/example_dags/example_setup_teardown.py
[2023-10-11T07:27:25.941+0000] {processor.py:839} INFO - DAG(s) dict_keys(['example_setup_teardown']) retrieved from /home/airflow/.local/lib/python3.8/site-packages/airflow/example_dags/example_setup_teardown.py
[2023-10-11T07:27:25.956+0000] {logging_mixin.py:151} INFO - [2023-10-11T07:27:25.956+0000] {dag.py:2915} INFO - Sync 1 DAGs
[2023-10-11T07:27:25.969+0000] {logging_mixin.py:151} INFO - [2023-10-11T07:27:25.969+0000] {dag.py:3696} INFO - Setting next_dagrun for example_setup_teardown to 2023-10-10T07:27:25.968865+00:00, run_after=2023-10-11T07:27:25.968865+00:00
[2023-10-11T07:27:25.978+0000] {processor.py:179} INFO - Processing /home/airflow/.local/lib/python3.8/site-packages/airflow/example_dags/example_setup_teardown.py took 0.045 seconds
[2023-10-11T07:27:56.148+0000] {processor.py:157} INFO - Started process (PID=1273) to work on /home/airflow/.local/lib/python3.8/site-packages/airflow/example_dags/example_setup_teardown.py
[2023-10-11T07:27:56.149+0000] {processor.py:829} INFO - Processing file /home/airflow/.local/lib/python3.8/site-packages/airflow/example_dags/example_setup_teardown.py for tasks to queue
[2023-10-11T07:27:56.150+0000] {logging_mixin.py:151} INFO - [2023-10-11T07:27:56.150+0000] {dagbag.py:539} INFO - Filling up the DagBag from /home/airflow/.local/lib/python3.8/site-packages/airflow/example_dags/example_setup_teardown.py
[2023-10-11T07:27:56.154+0000] {processor.py:839} INFO - DAG(s) dict_keys(['example_setup_teardown']) retrieved from /home/airflow/.local/lib/python3.8/site-packages/airflow/example_dags/example_setup_teardown.py
[2023-10-11T07:27:56.170+0000] {logging_mixin.py:151} INFO - [2023-10-11T07:27:56.170+0000] {dag.py:2915} INFO - Sync 1 DAGs
[2023-10-11T07:27:56.182+0000] {logging_mixin.py:151} INFO - [2023-10-11T07:27:56.182+0000] {dag.py:3696} INFO - Setting next_dagrun for example_setup_teardown to 2023-10-10T07:27:56.182429+00:00, run_after=2023-10-11T07:27:56.182429+00:00
[2023-10-11T07:27:56.191+0000] {processor.py:179} INFO - Processing /home/airflow/.local/lib/python3.8/site-packages/airflow/example_dags/example_setup_teardown.py took 0.045 seconds
[2023-10-11T07:28:26.543+0000] {processor.py:157} INFO - Started process (PID=1332) to work on /home/airflow/.local/lib/python3.8/site-packages/airflow/example_dags/example_setup_teardown.py
[2023-10-11T07:28:26.544+0000] {processor.py:829} INFO - Processing file /home/airflow/.local/lib/python3.8/site-packages/airflow/example_dags/example_setup_teardown.py for tasks to queue
[2023-10-11T07:28:26.546+0000] {logging_mixin.py:151} INFO - [2023-10-11T07:28:26.545+0000] {dagbag.py:539} INFO - Filling up the DagBag from /home/airflow/.local/lib/python3.8/site-packages/airflow/example_dags/example_setup_teardown.py
[2023-10-11T07:28:26.550+0000] {processor.py:839} INFO - DAG(s) dict_keys(['example_setup_teardown']) retrieved from /home/airflow/.local/lib/python3.8/site-packages/airflow/example_dags/example_setup_teardown.py
[2023-10-11T07:28:26.565+0000] {logging_mixin.py:151} INFO - [2023-10-11T07:28:26.565+0000] {dag.py:2915} INFO - Sync 1 DAGs
[2023-10-11T07:28:26.578+0000] {logging_mixin.py:151} INFO - [2023-10-11T07:28:26.578+0000] {dag.py:3696} INFO - Setting next_dagrun for example_setup_teardown to 2023-10-10T07:28:26.577907+00:00, run_after=2023-10-11T07:28:26.577907+00:00
[2023-10-11T07:28:26.587+0000] {processor.py:179} INFO - Processing /home/airflow/.local/lib/python3.8/site-packages/airflow/example_dags/example_setup_teardown.py took 0.046 seconds
[2023-10-11T07:28:56.711+0000] {processor.py:157} INFO - Started process (PID=1391) to work on /home/airflow/.local/lib/python3.8/site-packages/airflow/example_dags/example_setup_teardown.py
[2023-10-11T07:28:56.712+0000] {processor.py:829} INFO - Processing file /home/airflow/.local/lib/python3.8/site-packages/airflow/example_dags/example_setup_teardown.py for tasks to queue
[2023-10-11T07:28:56.713+0000] {logging_mixin.py:151} INFO - [2023-10-11T07:28:56.713+0000] {dagbag.py:539} INFO - Filling up the DagBag from /home/airflow/.local/lib/python3.8/site-packages/airflow/example_dags/example_setup_teardown.py
[2023-10-11T07:28:56.717+0000] {processor.py:839} INFO - DAG(s) dict_keys(['example_setup_teardown']) retrieved from /home/airflow/.local/lib/python3.8/site-packages/airflow/example_dags/example_setup_teardown.py
[2023-10-11T07:28:56.733+0000] {logging_mixin.py:151} INFO - [2023-10-11T07:28:56.733+0000] {dag.py:2915} INFO - Sync 1 DAGs
[2023-10-11T07:28:56.745+0000] {logging_mixin.py:151} INFO - [2023-10-11T07:28:56.745+0000] {dag.py:3696} INFO - Setting next_dagrun for example_setup_teardown to 2023-10-10T07:28:56.744902+00:00, run_after=2023-10-11T07:28:56.744902+00:00
[2023-10-11T07:28:56.754+0000] {processor.py:179} INFO - Processing /home/airflow/.local/lib/python3.8/site-packages/airflow/example_dags/example_setup_teardown.py took 0.045 seconds
[2023-10-11T07:29:27.423+0000] {processor.py:157} INFO - Started process (PID=1450) to work on /home/airflow/.local/lib/python3.8/site-packages/airflow/example_dags/example_setup_teardown.py
[2023-10-11T07:29:27.424+0000] {processor.py:829} INFO - Processing file /home/airflow/.local/lib/python3.8/site-packages/airflow/example_dags/example_setup_teardown.py for tasks to queue
[2023-10-11T07:29:27.425+0000] {logging_mixin.py:151} INFO - [2023-10-11T07:29:27.425+0000] {dagbag.py:539} INFO - Filling up the DagBag from /home/airflow/.local/lib/python3.8/site-packages/airflow/example_dags/example_setup_teardown.py
[2023-10-11T07:29:27.430+0000] {processor.py:839} INFO - DAG(s) dict_keys(['example_setup_teardown']) retrieved from /home/airflow/.local/lib/python3.8/site-packages/airflow/example_dags/example_setup_teardown.py
[2023-10-11T07:29:27.462+0000] {logging_mixin.py:151} INFO - [2023-10-11T07:29:27.462+0000] {dag.py:2915} INFO - Sync 1 DAGs
[2023-10-11T07:29:27.486+0000] {logging_mixin.py:151} INFO - [2023-10-11T07:29:27.486+0000] {dag.py:3696} INFO - Setting next_dagrun for example_setup_teardown to 2023-10-10T07:29:27.486623+00:00, run_after=2023-10-11T07:29:27.486623+00:00
[2023-10-11T07:29:27.498+0000] {processor.py:179} INFO - Processing /home/airflow/.local/lib/python3.8/site-packages/airflow/example_dags/example_setup_teardown.py took 0.077 seconds
[2023-10-11T07:29:57.556+0000] {processor.py:157} INFO - Started process (PID=1509) to work on /home/airflow/.local/lib/python3.8/site-packages/airflow/example_dags/example_setup_teardown.py
[2023-10-11T07:29:57.557+0000] {processor.py:829} INFO - Processing file /home/airflow/.local/lib/python3.8/site-packages/airflow/example_dags/example_setup_teardown.py for tasks to queue
[2023-10-11T07:29:57.559+0000] {logging_mixin.py:151} INFO - [2023-10-11T07:29:57.558+0000] {dagbag.py:539} INFO - Filling up the DagBag from /home/airflow/.local/lib/python3.8/site-packages/airflow/example_dags/example_setup_teardown.py
[2023-10-11T07:29:57.562+0000] {processor.py:839} INFO - DAG(s) dict_keys(['example_setup_teardown']) retrieved from /home/airflow/.local/lib/python3.8/site-packages/airflow/example_dags/example_setup_teardown.py
[2023-10-11T07:29:57.579+0000] {logging_mixin.py:151} INFO - [2023-10-11T07:29:57.579+0000] {dag.py:2915} INFO - Sync 1 DAGs
[2023-10-11T07:29:57.592+0000] {logging_mixin.py:151} INFO - [2023-10-11T07:29:57.592+0000] {dag.py:3696} INFO - Setting next_dagrun for example_setup_teardown to 2023-10-10T07:29:57.592479+00:00, run_after=2023-10-11T07:29:57.592479+00:00
[2023-10-11T07:29:57.604+0000] {processor.py:179} INFO - Processing /home/airflow/.local/lib/python3.8/site-packages/airflow/example_dags/example_setup_teardown.py took 0.050 seconds
[2023-10-11T07:30:27.835+0000] {processor.py:157} INFO - Started process (PID=1567) to work on /home/airflow/.local/lib/python3.8/site-packages/airflow/example_dags/example_setup_teardown.py
[2023-10-11T07:30:27.836+0000] {processor.py:829} INFO - Processing file /home/airflow/.local/lib/python3.8/site-packages/airflow/example_dags/example_setup_teardown.py for tasks to queue
[2023-10-11T07:30:27.837+0000] {logging_mixin.py:151} INFO - [2023-10-11T07:30:27.837+0000] {dagbag.py:539} INFO - Filling up the DagBag from /home/airflow/.local/lib/python3.8/site-packages/airflow/example_dags/example_setup_teardown.py
[2023-10-11T07:30:27.841+0000] {processor.py:839} INFO - DAG(s) dict_keys(['example_setup_teardown']) retrieved from /home/airflow/.local/lib/python3.8/site-packages/airflow/example_dags/example_setup_teardown.py
[2023-10-11T07:30:27.857+0000] {logging_mixin.py:151} INFO - [2023-10-11T07:30:27.857+0000] {dag.py:2915} INFO - Sync 1 DAGs
[2023-10-11T07:30:27.870+0000] {logging_mixin.py:151} INFO - [2023-10-11T07:30:27.870+0000] {dag.py:3696} INFO - Setting next_dagrun for example_setup_teardown to 2023-10-10T07:30:27.870241+00:00, run_after=2023-10-11T07:30:27.870241+00:00
[2023-10-11T07:30:27.879+0000] {processor.py:179} INFO - Processing /home/airflow/.local/lib/python3.8/site-packages/airflow/example_dags/example_setup_teardown.py took 0.047 seconds
[2023-10-11T07:30:58.091+0000] {processor.py:157} INFO - Started process (PID=1625) to work on /home/airflow/.local/lib/python3.8/site-packages/airflow/example_dags/example_setup_teardown.py
[2023-10-11T07:30:58.091+0000] {processor.py:829} INFO - Processing file /home/airflow/.local/lib/python3.8/site-packages/airflow/example_dags/example_setup_teardown.py for tasks to queue
[2023-10-11T07:30:58.093+0000] {logging_mixin.py:151} INFO - [2023-10-11T07:30:58.092+0000] {dagbag.py:539} INFO - Filling up the DagBag from /home/airflow/.local/lib/python3.8/site-packages/airflow/example_dags/example_setup_teardown.py
[2023-10-11T07:30:58.097+0000] {processor.py:839} INFO - DAG(s) dict_keys(['example_setup_teardown']) retrieved from /home/airflow/.local/lib/python3.8/site-packages/airflow/example_dags/example_setup_teardown.py
[2023-10-11T07:30:58.113+0000] {logging_mixin.py:151} INFO - [2023-10-11T07:30:58.113+0000] {dag.py:2915} INFO - Sync 1 DAGs
[2023-10-11T07:30:58.125+0000] {logging_mixin.py:151} INFO - [2023-10-11T07:30:58.125+0000] {dag.py:3696} INFO - Setting next_dagrun for example_setup_teardown to 2023-10-10T07:30:58.125472+00:00, run_after=2023-10-11T07:30:58.125472+00:00
[2023-10-11T07:30:58.135+0000] {processor.py:179} INFO - Processing /home/airflow/.local/lib/python3.8/site-packages/airflow/example_dags/example_setup_teardown.py took 0.046 seconds
[2023-10-11T07:31:28.368+0000] {processor.py:157} INFO - Started process (PID=1684) to work on /home/airflow/.local/lib/python3.8/site-packages/airflow/example_dags/example_setup_teardown.py
[2023-10-11T07:31:28.368+0000] {processor.py:829} INFO - Processing file /home/airflow/.local/lib/python3.8/site-packages/airflow/example_dags/example_setup_teardown.py for tasks to queue
[2023-10-11T07:31:28.369+0000] {logging_mixin.py:151} INFO - [2023-10-11T07:31:28.369+0000] {dagbag.py:539} INFO - Filling up the DagBag from /home/airflow/.local/lib/python3.8/site-packages/airflow/example_dags/example_setup_teardown.py
[2023-10-11T07:31:28.374+0000] {processor.py:839} INFO - DAG(s) dict_keys(['example_setup_teardown']) retrieved from /home/airflow/.local/lib/python3.8/site-packages/airflow/example_dags/example_setup_teardown.py
[2023-10-11T07:31:28.389+0000] {logging_mixin.py:151} INFO - [2023-10-11T07:31:28.389+0000] {dag.py:2915} INFO - Sync 1 DAGs
[2023-10-11T07:31:28.401+0000] {logging_mixin.py:151} INFO - [2023-10-11T07:31:28.401+0000] {dag.py:3696} INFO - Setting next_dagrun for example_setup_teardown to 2023-10-10T07:31:28.401346+00:00, run_after=2023-10-11T07:31:28.401346+00:00
[2023-10-11T07:31:28.410+0000] {processor.py:179} INFO - Processing /home/airflow/.local/lib/python3.8/site-packages/airflow/example_dags/example_setup_teardown.py took 0.044 seconds
[2023-10-11T07:31:58.522+0000] {processor.py:157} INFO - Started process (PID=1743) to work on /home/airflow/.local/lib/python3.8/site-packages/airflow/example_dags/example_setup_teardown.py
[2023-10-11T07:31:58.522+0000] {processor.py:829} INFO - Processing file /home/airflow/.local/lib/python3.8/site-packages/airflow/example_dags/example_setup_teardown.py for tasks to queue
[2023-10-11T07:31:58.524+0000] {logging_mixin.py:151} INFO - [2023-10-11T07:31:58.523+0000] {dagbag.py:539} INFO - Filling up the DagBag from /home/airflow/.local/lib/python3.8/site-packages/airflow/example_dags/example_setup_teardown.py
[2023-10-11T07:31:58.528+0000] {processor.py:839} INFO - DAG(s) dict_keys(['example_setup_teardown']) retrieved from /home/airflow/.local/lib/python3.8/site-packages/airflow/example_dags/example_setup_teardown.py
[2023-10-11T07:31:58.544+0000] {logging_mixin.py:151} INFO - [2023-10-11T07:31:58.544+0000] {dag.py:2915} INFO - Sync 1 DAGs
[2023-10-11T07:31:58.556+0000] {logging_mixin.py:151} INFO - [2023-10-11T07:31:58.556+0000] {dag.py:3696} INFO - Setting next_dagrun for example_setup_teardown to 2023-10-10T07:31:58.556255+00:00, run_after=2023-10-11T07:31:58.556255+00:00
[2023-10-11T07:31:58.565+0000] {processor.py:179} INFO - Processing /home/airflow/.local/lib/python3.8/site-packages/airflow/example_dags/example_setup_teardown.py took 0.045 seconds
