[2023-10-11T07:17:22.343+0000] {processor.py:157} INFO - Started process (PID=46) to work on /home/airflow/.local/lib/python3.8/site-packages/airflow/example_dags/example_branch_python_dop_operator_3.py
[2023-10-11T07:17:22.344+0000] {processor.py:829} INFO - Processing file /home/airflow/.local/lib/python3.8/site-packages/airflow/example_dags/example_branch_python_dop_operator_3.py for tasks to queue
[2023-10-11T07:17:22.346+0000] {logging_mixin.py:151} INFO - [2023-10-11T07:17:22.346+0000] {dagbag.py:539} INFO - Filling up the DagBag from /home/airflow/.local/lib/python3.8/site-packages/airflow/example_dags/example_branch_python_dop_operator_3.py
[2023-10-11T07:17:22.355+0000] {processor.py:839} INFO - DAG(s) dict_keys(['example_branch_dop_operator_v3']) retrieved from /home/airflow/.local/lib/python3.8/site-packages/airflow/example_dags/example_branch_python_dop_operator_3.py
[2023-10-11T07:17:22.376+0000] {logging_mixin.py:151} INFO - [2023-10-11T07:17:22.376+0000] {dag.py:2915} INFO - Sync 1 DAGs
[2023-10-11T07:17:22.398+0000] {logging_mixin.py:151} INFO - [2023-10-11T07:17:22.398+0000] {dag.py:3696} INFO - Setting next_dagrun for example_branch_dop_operator_v3 to 2023-10-11T07:16:00+00:00, run_after=2023-10-11T07:17:00+00:00
[2023-10-11T07:17:22.411+0000] {processor.py:179} INFO - Processing /home/airflow/.local/lib/python3.8/site-packages/airflow/example_dags/example_branch_python_dop_operator_3.py took 0.070 seconds
[2023-10-11T07:17:52.843+0000] {processor.py:157} INFO - Started process (PID=105) to work on /home/airflow/.local/lib/python3.8/site-packages/airflow/example_dags/example_branch_python_dop_operator_3.py
[2023-10-11T07:17:52.844+0000] {processor.py:829} INFO - Processing file /home/airflow/.local/lib/python3.8/site-packages/airflow/example_dags/example_branch_python_dop_operator_3.py for tasks to queue
[2023-10-11T07:17:52.845+0000] {logging_mixin.py:151} INFO - [2023-10-11T07:17:52.845+0000] {dagbag.py:539} INFO - Filling up the DagBag from /home/airflow/.local/lib/python3.8/site-packages/airflow/example_dags/example_branch_python_dop_operator_3.py
[2023-10-11T07:17:52.851+0000] {processor.py:839} INFO - DAG(s) dict_keys(['example_branch_dop_operator_v3']) retrieved from /home/airflow/.local/lib/python3.8/site-packages/airflow/example_dags/example_branch_python_dop_operator_3.py
[2023-10-11T07:17:52.867+0000] {logging_mixin.py:151} INFO - [2023-10-11T07:17:52.867+0000] {dag.py:2915} INFO - Sync 1 DAGs
[2023-10-11T07:17:52.882+0000] {logging_mixin.py:151} INFO - [2023-10-11T07:17:52.882+0000] {dag.py:3696} INFO - Setting next_dagrun for example_branch_dop_operator_v3 to 2023-10-11T07:16:00+00:00, run_after=2023-10-11T07:17:00+00:00
[2023-10-11T07:17:52.892+0000] {processor.py:179} INFO - Processing /home/airflow/.local/lib/python3.8/site-packages/airflow/example_dags/example_branch_python_dop_operator_3.py took 0.050 seconds
[2023-10-11T07:18:23.635+0000] {processor.py:157} INFO - Started process (PID=164) to work on /home/airflow/.local/lib/python3.8/site-packages/airflow/example_dags/example_branch_python_dop_operator_3.py
[2023-10-11T07:18:23.635+0000] {processor.py:829} INFO - Processing file /home/airflow/.local/lib/python3.8/site-packages/airflow/example_dags/example_branch_python_dop_operator_3.py for tasks to queue
[2023-10-11T07:18:23.637+0000] {logging_mixin.py:151} INFO - [2023-10-11T07:18:23.636+0000] {dagbag.py:539} INFO - Filling up the DagBag from /home/airflow/.local/lib/python3.8/site-packages/airflow/example_dags/example_branch_python_dop_operator_3.py
[2023-10-11T07:18:23.642+0000] {processor.py:839} INFO - DAG(s) dict_keys(['example_branch_dop_operator_v3']) retrieved from /home/airflow/.local/lib/python3.8/site-packages/airflow/example_dags/example_branch_python_dop_operator_3.py
[2023-10-11T07:18:23.658+0000] {logging_mixin.py:151} INFO - [2023-10-11T07:18:23.658+0000] {dag.py:2915} INFO - Sync 1 DAGs
[2023-10-11T07:18:23.674+0000] {logging_mixin.py:151} INFO - [2023-10-11T07:18:23.674+0000] {dag.py:3696} INFO - Setting next_dagrun for example_branch_dop_operator_v3 to 2023-10-11T07:17:00+00:00, run_after=2023-10-11T07:18:00+00:00
[2023-10-11T07:18:23.685+0000] {processor.py:179} INFO - Processing /home/airflow/.local/lib/python3.8/site-packages/airflow/example_dags/example_branch_python_dop_operator_3.py took 0.052 seconds
[2023-10-11T07:18:54.767+0000] {processor.py:157} INFO - Started process (PID=222) to work on /home/airflow/.local/lib/python3.8/site-packages/airflow/example_dags/example_branch_python_dop_operator_3.py
[2023-10-11T07:18:54.768+0000] {processor.py:829} INFO - Processing file /home/airflow/.local/lib/python3.8/site-packages/airflow/example_dags/example_branch_python_dop_operator_3.py for tasks to queue
[2023-10-11T07:18:54.769+0000] {logging_mixin.py:151} INFO - [2023-10-11T07:18:54.769+0000] {dagbag.py:539} INFO - Filling up the DagBag from /home/airflow/.local/lib/python3.8/site-packages/airflow/example_dags/example_branch_python_dop_operator_3.py
[2023-10-11T07:18:54.775+0000] {processor.py:839} INFO - DAG(s) dict_keys(['example_branch_dop_operator_v3']) retrieved from /home/airflow/.local/lib/python3.8/site-packages/airflow/example_dags/example_branch_python_dop_operator_3.py
[2023-10-11T07:18:54.791+0000] {logging_mixin.py:151} INFO - [2023-10-11T07:18:54.791+0000] {dag.py:2915} INFO - Sync 1 DAGs
[2023-10-11T07:18:54.806+0000] {logging_mixin.py:151} INFO - [2023-10-11T07:18:54.806+0000] {dag.py:3696} INFO - Setting next_dagrun for example_branch_dop_operator_v3 to 2023-10-11T07:17:00+00:00, run_after=2023-10-11T07:18:00+00:00
[2023-10-11T07:18:54.817+0000] {processor.py:179} INFO - Processing /home/airflow/.local/lib/python3.8/site-packages/airflow/example_dags/example_branch_python_dop_operator_3.py took 0.052 seconds
[2023-10-11T07:19:25.942+0000] {processor.py:157} INFO - Started process (PID=281) to work on /home/airflow/.local/lib/python3.8/site-packages/airflow/example_dags/example_branch_python_dop_operator_3.py
[2023-10-11T07:19:25.942+0000] {processor.py:829} INFO - Processing file /home/airflow/.local/lib/python3.8/site-packages/airflow/example_dags/example_branch_python_dop_operator_3.py for tasks to queue
[2023-10-11T07:19:25.944+0000] {logging_mixin.py:151} INFO - [2023-10-11T07:19:25.943+0000] {dagbag.py:539} INFO - Filling up the DagBag from /home/airflow/.local/lib/python3.8/site-packages/airflow/example_dags/example_branch_python_dop_operator_3.py
[2023-10-11T07:19:25.949+0000] {processor.py:839} INFO - DAG(s) dict_keys(['example_branch_dop_operator_v3']) retrieved from /home/airflow/.local/lib/python3.8/site-packages/airflow/example_dags/example_branch_python_dop_operator_3.py
[2023-10-11T07:19:25.965+0000] {logging_mixin.py:151} INFO - [2023-10-11T07:19:25.965+0000] {dag.py:2915} INFO - Sync 1 DAGs
[2023-10-11T07:19:25.980+0000] {logging_mixin.py:151} INFO - [2023-10-11T07:19:25.980+0000] {dag.py:3696} INFO - Setting next_dagrun for example_branch_dop_operator_v3 to 2023-10-11T07:18:00+00:00, run_after=2023-10-11T07:19:00+00:00
[2023-10-11T07:19:25.990+0000] {processor.py:179} INFO - Processing /home/airflow/.local/lib/python3.8/site-packages/airflow/example_dags/example_branch_python_dop_operator_3.py took 0.050 seconds
[2023-10-11T07:19:57.172+0000] {processor.py:157} INFO - Started process (PID=340) to work on /home/airflow/.local/lib/python3.8/site-packages/airflow/example_dags/example_branch_python_dop_operator_3.py
[2023-10-11T07:19:57.173+0000] {processor.py:829} INFO - Processing file /home/airflow/.local/lib/python3.8/site-packages/airflow/example_dags/example_branch_python_dop_operator_3.py for tasks to queue
[2023-10-11T07:19:57.175+0000] {logging_mixin.py:151} INFO - [2023-10-11T07:19:57.174+0000] {dagbag.py:539} INFO - Filling up the DagBag from /home/airflow/.local/lib/python3.8/site-packages/airflow/example_dags/example_branch_python_dop_operator_3.py
[2023-10-11T07:19:57.180+0000] {processor.py:839} INFO - DAG(s) dict_keys(['example_branch_dop_operator_v3']) retrieved from /home/airflow/.local/lib/python3.8/site-packages/airflow/example_dags/example_branch_python_dop_operator_3.py
[2023-10-11T07:19:57.197+0000] {logging_mixin.py:151} INFO - [2023-10-11T07:19:57.197+0000] {dag.py:2915} INFO - Sync 1 DAGs
[2023-10-11T07:19:57.212+0000] {logging_mixin.py:151} INFO - [2023-10-11T07:19:57.212+0000] {dag.py:3696} INFO - Setting next_dagrun for example_branch_dop_operator_v3 to 2023-10-11T07:18:00+00:00, run_after=2023-10-11T07:19:00+00:00
[2023-10-11T07:19:57.222+0000] {processor.py:179} INFO - Processing /home/airflow/.local/lib/python3.8/site-packages/airflow/example_dags/example_branch_python_dop_operator_3.py took 0.052 seconds
[2023-10-11T07:20:27.275+0000] {processor.py:157} INFO - Started process (PID=395) to work on /home/airflow/.local/lib/python3.8/site-packages/airflow/example_dags/example_branch_python_dop_operator_3.py
[2023-10-11T07:20:27.275+0000] {processor.py:829} INFO - Processing file /home/airflow/.local/lib/python3.8/site-packages/airflow/example_dags/example_branch_python_dop_operator_3.py for tasks to queue
[2023-10-11T07:20:27.277+0000] {logging_mixin.py:151} INFO - [2023-10-11T07:20:27.277+0000] {dagbag.py:539} INFO - Filling up the DagBag from /home/airflow/.local/lib/python3.8/site-packages/airflow/example_dags/example_branch_python_dop_operator_3.py
[2023-10-11T07:20:27.282+0000] {processor.py:839} INFO - DAG(s) dict_keys(['example_branch_dop_operator_v3']) retrieved from /home/airflow/.local/lib/python3.8/site-packages/airflow/example_dags/example_branch_python_dop_operator_3.py
[2023-10-11T07:20:27.300+0000] {logging_mixin.py:151} INFO - [2023-10-11T07:20:27.300+0000] {dag.py:2915} INFO - Sync 1 DAGs
[2023-10-11T07:20:27.316+0000] {logging_mixin.py:151} INFO - [2023-10-11T07:20:27.316+0000] {dag.py:3696} INFO - Setting next_dagrun for example_branch_dop_operator_v3 to 2023-10-11T07:19:00+00:00, run_after=2023-10-11T07:20:00+00:00
[2023-10-11T07:20:27.328+0000] {processor.py:179} INFO - Processing /home/airflow/.local/lib/python3.8/site-packages/airflow/example_dags/example_branch_python_dop_operator_3.py took 0.055 seconds
[2023-10-11T07:20:57.475+0000] {processor.py:157} INFO - Started process (PID=454) to work on /home/airflow/.local/lib/python3.8/site-packages/airflow/example_dags/example_branch_python_dop_operator_3.py
[2023-10-11T07:20:57.476+0000] {processor.py:829} INFO - Processing file /home/airflow/.local/lib/python3.8/site-packages/airflow/example_dags/example_branch_python_dop_operator_3.py for tasks to queue
[2023-10-11T07:20:57.479+0000] {logging_mixin.py:151} INFO - [2023-10-11T07:20:57.478+0000] {dagbag.py:539} INFO - Filling up the DagBag from /home/airflow/.local/lib/python3.8/site-packages/airflow/example_dags/example_branch_python_dop_operator_3.py
[2023-10-11T07:20:57.487+0000] {processor.py:839} INFO - DAG(s) dict_keys(['example_branch_dop_operator_v3']) retrieved from /home/airflow/.local/lib/python3.8/site-packages/airflow/example_dags/example_branch_python_dop_operator_3.py
[2023-10-11T07:20:57.510+0000] {logging_mixin.py:151} INFO - [2023-10-11T07:20:57.510+0000] {dag.py:2915} INFO - Sync 1 DAGs
[2023-10-11T07:20:57.528+0000] {logging_mixin.py:151} INFO - [2023-10-11T07:20:57.527+0000] {dag.py:3696} INFO - Setting next_dagrun for example_branch_dop_operator_v3 to 2023-10-11T07:19:00+00:00, run_after=2023-10-11T07:20:00+00:00
[2023-10-11T07:20:57.538+0000] {processor.py:179} INFO - Processing /home/airflow/.local/lib/python3.8/site-packages/airflow/example_dags/example_branch_python_dop_operator_3.py took 0.067 seconds
[2023-10-11T07:21:27.656+0000] {processor.py:157} INFO - Started process (PID=512) to work on /home/airflow/.local/lib/python3.8/site-packages/airflow/example_dags/example_branch_python_dop_operator_3.py
[2023-10-11T07:21:27.658+0000] {processor.py:829} INFO - Processing file /home/airflow/.local/lib/python3.8/site-packages/airflow/example_dags/example_branch_python_dop_operator_3.py for tasks to queue
[2023-10-11T07:21:27.661+0000] {logging_mixin.py:151} INFO - [2023-10-11T07:21:27.660+0000] {dagbag.py:539} INFO - Filling up the DagBag from /home/airflow/.local/lib/python3.8/site-packages/airflow/example_dags/example_branch_python_dop_operator_3.py
[2023-10-11T07:21:27.671+0000] {processor.py:839} INFO - DAG(s) dict_keys(['example_branch_dop_operator_v3']) retrieved from /home/airflow/.local/lib/python3.8/site-packages/airflow/example_dags/example_branch_python_dop_operator_3.py
[2023-10-11T07:21:27.695+0000] {logging_mixin.py:151} INFO - [2023-10-11T07:21:27.695+0000] {dag.py:2915} INFO - Sync 1 DAGs
[2023-10-11T07:21:27.712+0000] {logging_mixin.py:151} INFO - [2023-10-11T07:21:27.712+0000] {dag.py:3696} INFO - Setting next_dagrun for example_branch_dop_operator_v3 to 2023-10-11T07:20:00+00:00, run_after=2023-10-11T07:21:00+00:00
[2023-10-11T07:21:27.722+0000] {processor.py:179} INFO - Processing /home/airflow/.local/lib/python3.8/site-packages/airflow/example_dags/example_branch_python_dop_operator_3.py took 0.071 seconds
[2023-10-11T07:21:58.538+0000] {processor.py:157} INFO - Started process (PID=573) to work on /home/airflow/.local/lib/python3.8/site-packages/airflow/example_dags/example_branch_python_dop_operator_3.py
[2023-10-11T07:21:58.539+0000] {processor.py:829} INFO - Processing file /home/airflow/.local/lib/python3.8/site-packages/airflow/example_dags/example_branch_python_dop_operator_3.py for tasks to queue
[2023-10-11T07:21:58.540+0000] {logging_mixin.py:151} INFO - [2023-10-11T07:21:58.540+0000] {dagbag.py:539} INFO - Filling up the DagBag from /home/airflow/.local/lib/python3.8/site-packages/airflow/example_dags/example_branch_python_dop_operator_3.py
[2023-10-11T07:21:58.545+0000] {processor.py:839} INFO - DAG(s) dict_keys(['example_branch_dop_operator_v3']) retrieved from /home/airflow/.local/lib/python3.8/site-packages/airflow/example_dags/example_branch_python_dop_operator_3.py
[2023-10-11T07:21:58.560+0000] {logging_mixin.py:151} INFO - [2023-10-11T07:21:58.560+0000] {dag.py:2915} INFO - Sync 1 DAGs
[2023-10-11T07:21:58.575+0000] {logging_mixin.py:151} INFO - [2023-10-11T07:21:58.574+0000] {dag.py:3696} INFO - Setting next_dagrun for example_branch_dop_operator_v3 to 2023-10-11T07:20:00+00:00, run_after=2023-10-11T07:21:00+00:00
[2023-10-11T07:21:58.583+0000] {processor.py:179} INFO - Processing /home/airflow/.local/lib/python3.8/site-packages/airflow/example_dags/example_branch_python_dop_operator_3.py took 0.047 seconds
[2023-10-11T07:22:29.131+0000] {processor.py:157} INFO - Started process (PID=632) to work on /home/airflow/.local/lib/python3.8/site-packages/airflow/example_dags/example_branch_python_dop_operator_3.py
[2023-10-11T07:22:29.132+0000] {processor.py:829} INFO - Processing file /home/airflow/.local/lib/python3.8/site-packages/airflow/example_dags/example_branch_python_dop_operator_3.py for tasks to queue
[2023-10-11T07:22:29.133+0000] {logging_mixin.py:151} INFO - [2023-10-11T07:22:29.133+0000] {dagbag.py:539} INFO - Filling up the DagBag from /home/airflow/.local/lib/python3.8/site-packages/airflow/example_dags/example_branch_python_dop_operator_3.py
[2023-10-11T07:22:29.139+0000] {processor.py:839} INFO - DAG(s) dict_keys(['example_branch_dop_operator_v3']) retrieved from /home/airflow/.local/lib/python3.8/site-packages/airflow/example_dags/example_branch_python_dop_operator_3.py
[2023-10-11T07:22:29.155+0000] {logging_mixin.py:151} INFO - [2023-10-11T07:22:29.155+0000] {dag.py:2915} INFO - Sync 1 DAGs
[2023-10-11T07:22:29.170+0000] {logging_mixin.py:151} INFO - [2023-10-11T07:22:29.170+0000] {dag.py:3696} INFO - Setting next_dagrun for example_branch_dop_operator_v3 to 2023-10-11T07:21:00+00:00, run_after=2023-10-11T07:22:00+00:00
[2023-10-11T07:22:29.179+0000] {processor.py:179} INFO - Processing /home/airflow/.local/lib/python3.8/site-packages/airflow/example_dags/example_branch_python_dop_operator_3.py took 0.051 seconds
[2023-10-11T07:22:59.540+0000] {processor.py:157} INFO - Started process (PID=690) to work on /home/airflow/.local/lib/python3.8/site-packages/airflow/example_dags/example_branch_python_dop_operator_3.py
[2023-10-11T07:22:59.540+0000] {processor.py:829} INFO - Processing file /home/airflow/.local/lib/python3.8/site-packages/airflow/example_dags/example_branch_python_dop_operator_3.py for tasks to queue
[2023-10-11T07:22:59.542+0000] {logging_mixin.py:151} INFO - [2023-10-11T07:22:59.541+0000] {dagbag.py:539} INFO - Filling up the DagBag from /home/airflow/.local/lib/python3.8/site-packages/airflow/example_dags/example_branch_python_dop_operator_3.py
[2023-10-11T07:22:59.547+0000] {processor.py:839} INFO - DAG(s) dict_keys(['example_branch_dop_operator_v3']) retrieved from /home/airflow/.local/lib/python3.8/site-packages/airflow/example_dags/example_branch_python_dop_operator_3.py
[2023-10-11T07:22:59.563+0000] {logging_mixin.py:151} INFO - [2023-10-11T07:22:59.563+0000] {dag.py:2915} INFO - Sync 1 DAGs
[2023-10-11T07:22:59.578+0000] {logging_mixin.py:151} INFO - [2023-10-11T07:22:59.578+0000] {dag.py:3696} INFO - Setting next_dagrun for example_branch_dop_operator_v3 to 2023-10-11T07:21:00+00:00, run_after=2023-10-11T07:22:00+00:00
[2023-10-11T07:22:59.588+0000] {processor.py:179} INFO - Processing /home/airflow/.local/lib/python3.8/site-packages/airflow/example_dags/example_branch_python_dop_operator_3.py took 0.051 seconds
[2023-10-11T07:23:29.901+0000] {processor.py:157} INFO - Started process (PID=749) to work on /home/airflow/.local/lib/python3.8/site-packages/airflow/example_dags/example_branch_python_dop_operator_3.py
[2023-10-11T07:23:29.902+0000] {processor.py:829} INFO - Processing file /home/airflow/.local/lib/python3.8/site-packages/airflow/example_dags/example_branch_python_dop_operator_3.py for tasks to queue
[2023-10-11T07:23:29.903+0000] {logging_mixin.py:151} INFO - [2023-10-11T07:23:29.903+0000] {dagbag.py:539} INFO - Filling up the DagBag from /home/airflow/.local/lib/python3.8/site-packages/airflow/example_dags/example_branch_python_dop_operator_3.py
[2023-10-11T07:23:29.908+0000] {processor.py:839} INFO - DAG(s) dict_keys(['example_branch_dop_operator_v3']) retrieved from /home/airflow/.local/lib/python3.8/site-packages/airflow/example_dags/example_branch_python_dop_operator_3.py
[2023-10-11T07:23:29.923+0000] {logging_mixin.py:151} INFO - [2023-10-11T07:23:29.923+0000] {dag.py:2915} INFO - Sync 1 DAGs
[2023-10-11T07:23:29.937+0000] {logging_mixin.py:151} INFO - [2023-10-11T07:23:29.937+0000] {dag.py:3696} INFO - Setting next_dagrun for example_branch_dop_operator_v3 to 2023-10-11T07:22:00+00:00, run_after=2023-10-11T07:23:00+00:00
[2023-10-11T07:23:29.946+0000] {processor.py:179} INFO - Processing /home/airflow/.local/lib/python3.8/site-packages/airflow/example_dags/example_branch_python_dop_operator_3.py took 0.047 seconds
[2023-10-11T07:24:00.342+0000] {processor.py:157} INFO - Started process (PID=808) to work on /home/airflow/.local/lib/python3.8/site-packages/airflow/example_dags/example_branch_python_dop_operator_3.py
[2023-10-11T07:24:00.342+0000] {processor.py:829} INFO - Processing file /home/airflow/.local/lib/python3.8/site-packages/airflow/example_dags/example_branch_python_dop_operator_3.py for tasks to queue
[2023-10-11T07:24:00.343+0000] {logging_mixin.py:151} INFO - [2023-10-11T07:24:00.343+0000] {dagbag.py:539} INFO - Filling up the DagBag from /home/airflow/.local/lib/python3.8/site-packages/airflow/example_dags/example_branch_python_dop_operator_3.py
[2023-10-11T07:24:00.349+0000] {processor.py:839} INFO - DAG(s) dict_keys(['example_branch_dop_operator_v3']) retrieved from /home/airflow/.local/lib/python3.8/site-packages/airflow/example_dags/example_branch_python_dop_operator_3.py
[2023-10-11T07:24:00.364+0000] {logging_mixin.py:151} INFO - [2023-10-11T07:24:00.364+0000] {dag.py:2915} INFO - Sync 1 DAGs
[2023-10-11T07:24:00.378+0000] {logging_mixin.py:151} INFO - [2023-10-11T07:24:00.378+0000] {dag.py:3696} INFO - Setting next_dagrun for example_branch_dop_operator_v3 to 2023-10-11T07:23:00+00:00, run_after=2023-10-11T07:24:00+00:00
[2023-10-11T07:24:00.387+0000] {processor.py:179} INFO - Processing /home/airflow/.local/lib/python3.8/site-packages/airflow/example_dags/example_branch_python_dop_operator_3.py took 0.048 seconds
[2023-10-11T07:24:30.619+0000] {processor.py:157} INFO - Started process (PID=867) to work on /home/airflow/.local/lib/python3.8/site-packages/airflow/example_dags/example_branch_python_dop_operator_3.py
[2023-10-11T07:24:30.620+0000] {processor.py:829} INFO - Processing file /home/airflow/.local/lib/python3.8/site-packages/airflow/example_dags/example_branch_python_dop_operator_3.py for tasks to queue
[2023-10-11T07:24:30.621+0000] {logging_mixin.py:151} INFO - [2023-10-11T07:24:30.621+0000] {dagbag.py:539} INFO - Filling up the DagBag from /home/airflow/.local/lib/python3.8/site-packages/airflow/example_dags/example_branch_python_dop_operator_3.py
[2023-10-11T07:24:30.626+0000] {processor.py:839} INFO - DAG(s) dict_keys(['example_branch_dop_operator_v3']) retrieved from /home/airflow/.local/lib/python3.8/site-packages/airflow/example_dags/example_branch_python_dop_operator_3.py
[2023-10-11T07:24:30.642+0000] {logging_mixin.py:151} INFO - [2023-10-11T07:24:30.642+0000] {dag.py:2915} INFO - Sync 1 DAGs
[2023-10-11T07:24:30.656+0000] {logging_mixin.py:151} INFO - [2023-10-11T07:24:30.655+0000] {dag.py:3696} INFO - Setting next_dagrun for example_branch_dop_operator_v3 to 2023-10-11T07:23:00+00:00, run_after=2023-10-11T07:24:00+00:00
[2023-10-11T07:24:30.664+0000] {processor.py:179} INFO - Processing /home/airflow/.local/lib/python3.8/site-packages/airflow/example_dags/example_branch_python_dop_operator_3.py took 0.047 seconds
[2023-10-11T07:25:01.827+0000] {processor.py:157} INFO - Started process (PID=926) to work on /home/airflow/.local/lib/python3.8/site-packages/airflow/example_dags/example_branch_python_dop_operator_3.py
[2023-10-11T07:25:01.827+0000] {processor.py:829} INFO - Processing file /home/airflow/.local/lib/python3.8/site-packages/airflow/example_dags/example_branch_python_dop_operator_3.py for tasks to queue
[2023-10-11T07:25:01.830+0000] {logging_mixin.py:151} INFO - [2023-10-11T07:25:01.830+0000] {dagbag.py:539} INFO - Filling up the DagBag from /home/airflow/.local/lib/python3.8/site-packages/airflow/example_dags/example_branch_python_dop_operator_3.py
[2023-10-11T07:25:01.837+0000] {processor.py:839} INFO - DAG(s) dict_keys(['example_branch_dop_operator_v3']) retrieved from /home/airflow/.local/lib/python3.8/site-packages/airflow/example_dags/example_branch_python_dop_operator_3.py
[2023-10-11T07:25:01.854+0000] {logging_mixin.py:151} INFO - [2023-10-11T07:25:01.854+0000] {dag.py:2915} INFO - Sync 1 DAGs
[2023-10-11T07:25:01.876+0000] {logging_mixin.py:151} INFO - [2023-10-11T07:25:01.876+0000] {dag.py:3696} INFO - Setting next_dagrun for example_branch_dop_operator_v3 to 2023-10-11T07:24:00+00:00, run_after=2023-10-11T07:25:00+00:00
[2023-10-11T07:25:01.889+0000] {processor.py:179} INFO - Processing /home/airflow/.local/lib/python3.8/site-packages/airflow/example_dags/example_branch_python_dop_operator_3.py took 0.065 seconds
[2023-10-11T07:25:32.978+0000] {processor.py:157} INFO - Started process (PID=985) to work on /home/airflow/.local/lib/python3.8/site-packages/airflow/example_dags/example_branch_python_dop_operator_3.py
[2023-10-11T07:25:32.979+0000] {processor.py:829} INFO - Processing file /home/airflow/.local/lib/python3.8/site-packages/airflow/example_dags/example_branch_python_dop_operator_3.py for tasks to queue
[2023-10-11T07:25:32.980+0000] {logging_mixin.py:151} INFO - [2023-10-11T07:25:32.980+0000] {dagbag.py:539} INFO - Filling up the DagBag from /home/airflow/.local/lib/python3.8/site-packages/airflow/example_dags/example_branch_python_dop_operator_3.py
[2023-10-11T07:25:32.985+0000] {processor.py:839} INFO - DAG(s) dict_keys(['example_branch_dop_operator_v3']) retrieved from /home/airflow/.local/lib/python3.8/site-packages/airflow/example_dags/example_branch_python_dop_operator_3.py
[2023-10-11T07:25:33.004+0000] {logging_mixin.py:151} INFO - [2023-10-11T07:25:33.003+0000] {dag.py:2915} INFO - Sync 1 DAGs
[2023-10-11T07:25:33.019+0000] {logging_mixin.py:151} INFO - [2023-10-11T07:25:33.018+0000] {dag.py:3696} INFO - Setting next_dagrun for example_branch_dop_operator_v3 to 2023-10-11T07:24:00+00:00, run_after=2023-10-11T07:25:00+00:00
[2023-10-11T07:25:33.028+0000] {processor.py:179} INFO - Processing /home/airflow/.local/lib/python3.8/site-packages/airflow/example_dags/example_branch_python_dop_operator_3.py took 0.052 seconds
[2023-10-11T07:26:04.102+0000] {processor.py:157} INFO - Started process (PID=1044) to work on /home/airflow/.local/lib/python3.8/site-packages/airflow/example_dags/example_branch_python_dop_operator_3.py
[2023-10-11T07:26:04.103+0000] {processor.py:829} INFO - Processing file /home/airflow/.local/lib/python3.8/site-packages/airflow/example_dags/example_branch_python_dop_operator_3.py for tasks to queue
[2023-10-11T07:26:04.104+0000] {logging_mixin.py:151} INFO - [2023-10-11T07:26:04.104+0000] {dagbag.py:539} INFO - Filling up the DagBag from /home/airflow/.local/lib/python3.8/site-packages/airflow/example_dags/example_branch_python_dop_operator_3.py
[2023-10-11T07:26:04.109+0000] {processor.py:839} INFO - DAG(s) dict_keys(['example_branch_dop_operator_v3']) retrieved from /home/airflow/.local/lib/python3.8/site-packages/airflow/example_dags/example_branch_python_dop_operator_3.py
[2023-10-11T07:26:04.125+0000] {logging_mixin.py:151} INFO - [2023-10-11T07:26:04.125+0000] {dag.py:2915} INFO - Sync 1 DAGs
[2023-10-11T07:26:04.139+0000] {logging_mixin.py:151} INFO - [2023-10-11T07:26:04.139+0000] {dag.py:3696} INFO - Setting next_dagrun for example_branch_dop_operator_v3 to 2023-10-11T07:25:00+00:00, run_after=2023-10-11T07:26:00+00:00
[2023-10-11T07:26:04.148+0000] {processor.py:179} INFO - Processing /home/airflow/.local/lib/python3.8/site-packages/airflow/example_dags/example_branch_python_dop_operator_3.py took 0.048 seconds
[2023-10-11T07:26:35.280+0000] {processor.py:157} INFO - Started process (PID=1103) to work on /home/airflow/.local/lib/python3.8/site-packages/airflow/example_dags/example_branch_python_dop_operator_3.py
[2023-10-11T07:26:35.281+0000] {processor.py:829} INFO - Processing file /home/airflow/.local/lib/python3.8/site-packages/airflow/example_dags/example_branch_python_dop_operator_3.py for tasks to queue
[2023-10-11T07:26:35.282+0000] {logging_mixin.py:151} INFO - [2023-10-11T07:26:35.282+0000] {dagbag.py:539} INFO - Filling up the DagBag from /home/airflow/.local/lib/python3.8/site-packages/airflow/example_dags/example_branch_python_dop_operator_3.py
[2023-10-11T07:26:35.287+0000] {processor.py:839} INFO - DAG(s) dict_keys(['example_branch_dop_operator_v3']) retrieved from /home/airflow/.local/lib/python3.8/site-packages/airflow/example_dags/example_branch_python_dop_operator_3.py
[2023-10-11T07:26:35.303+0000] {logging_mixin.py:151} INFO - [2023-10-11T07:26:35.303+0000] {dag.py:2915} INFO - Sync 1 DAGs
[2023-10-11T07:26:35.319+0000] {logging_mixin.py:151} INFO - [2023-10-11T07:26:35.318+0000] {dag.py:3696} INFO - Setting next_dagrun for example_branch_dop_operator_v3 to 2023-10-11T07:25:00+00:00, run_after=2023-10-11T07:26:00+00:00
[2023-10-11T07:26:35.327+0000] {processor.py:179} INFO - Processing /home/airflow/.local/lib/python3.8/site-packages/airflow/example_dags/example_branch_python_dop_operator_3.py took 0.050 seconds
[2023-10-11T07:27:05.681+0000] {processor.py:157} INFO - Started process (PID=1162) to work on /home/airflow/.local/lib/python3.8/site-packages/airflow/example_dags/example_branch_python_dop_operator_3.py
[2023-10-11T07:27:05.682+0000] {processor.py:829} INFO - Processing file /home/airflow/.local/lib/python3.8/site-packages/airflow/example_dags/example_branch_python_dop_operator_3.py for tasks to queue
[2023-10-11T07:27:05.683+0000] {logging_mixin.py:151} INFO - [2023-10-11T07:27:05.683+0000] {dagbag.py:539} INFO - Filling up the DagBag from /home/airflow/.local/lib/python3.8/site-packages/airflow/example_dags/example_branch_python_dop_operator_3.py
[2023-10-11T07:27:05.688+0000] {processor.py:839} INFO - DAG(s) dict_keys(['example_branch_dop_operator_v3']) retrieved from /home/airflow/.local/lib/python3.8/site-packages/airflow/example_dags/example_branch_python_dop_operator_3.py
[2023-10-11T07:27:05.703+0000] {logging_mixin.py:151} INFO - [2023-10-11T07:27:05.703+0000] {dag.py:2915} INFO - Sync 1 DAGs
[2023-10-11T07:27:05.717+0000] {logging_mixin.py:151} INFO - [2023-10-11T07:27:05.717+0000] {dag.py:3696} INFO - Setting next_dagrun for example_branch_dop_operator_v3 to 2023-10-11T07:26:00+00:00, run_after=2023-10-11T07:27:00+00:00
[2023-10-11T07:27:05.726+0000] {processor.py:179} INFO - Processing /home/airflow/.local/lib/python3.8/site-packages/airflow/example_dags/example_branch_python_dop_operator_3.py took 0.047 seconds
[2023-10-11T07:27:36.434+0000] {processor.py:157} INFO - Started process (PID=1221) to work on /home/airflow/.local/lib/python3.8/site-packages/airflow/example_dags/example_branch_python_dop_operator_3.py
[2023-10-11T07:27:36.435+0000] {processor.py:829} INFO - Processing file /home/airflow/.local/lib/python3.8/site-packages/airflow/example_dags/example_branch_python_dop_operator_3.py for tasks to queue
[2023-10-11T07:27:36.437+0000] {logging_mixin.py:151} INFO - [2023-10-11T07:27:36.436+0000] {dagbag.py:539} INFO - Filling up the DagBag from /home/airflow/.local/lib/python3.8/site-packages/airflow/example_dags/example_branch_python_dop_operator_3.py
[2023-10-11T07:27:36.442+0000] {processor.py:839} INFO - DAG(s) dict_keys(['example_branch_dop_operator_v3']) retrieved from /home/airflow/.local/lib/python3.8/site-packages/airflow/example_dags/example_branch_python_dop_operator_3.py
[2023-10-11T07:27:36.460+0000] {logging_mixin.py:151} INFO - [2023-10-11T07:27:36.459+0000] {dag.py:2915} INFO - Sync 1 DAGs
[2023-10-11T07:27:36.474+0000] {logging_mixin.py:151} INFO - [2023-10-11T07:27:36.474+0000] {dag.py:3696} INFO - Setting next_dagrun for example_branch_dop_operator_v3 to 2023-10-11T07:26:00+00:00, run_after=2023-10-11T07:27:00+00:00
[2023-10-11T07:27:36.484+0000] {processor.py:179} INFO - Processing /home/airflow/.local/lib/python3.8/site-packages/airflow/example_dags/example_branch_python_dop_operator_3.py took 0.053 seconds
[2023-10-11T07:28:07.580+0000] {processor.py:157} INFO - Started process (PID=1280) to work on /home/airflow/.local/lib/python3.8/site-packages/airflow/example_dags/example_branch_python_dop_operator_3.py
[2023-10-11T07:28:07.581+0000] {processor.py:829} INFO - Processing file /home/airflow/.local/lib/python3.8/site-packages/airflow/example_dags/example_branch_python_dop_operator_3.py for tasks to queue
[2023-10-11T07:28:07.582+0000] {logging_mixin.py:151} INFO - [2023-10-11T07:28:07.582+0000] {dagbag.py:539} INFO - Filling up the DagBag from /home/airflow/.local/lib/python3.8/site-packages/airflow/example_dags/example_branch_python_dop_operator_3.py
[2023-10-11T07:28:07.587+0000] {processor.py:839} INFO - DAG(s) dict_keys(['example_branch_dop_operator_v3']) retrieved from /home/airflow/.local/lib/python3.8/site-packages/airflow/example_dags/example_branch_python_dop_operator_3.py
[2023-10-11T07:28:07.603+0000] {logging_mixin.py:151} INFO - [2023-10-11T07:28:07.602+0000] {dag.py:2915} INFO - Sync 1 DAGs
[2023-10-11T07:28:07.617+0000] {logging_mixin.py:151} INFO - [2023-10-11T07:28:07.617+0000] {dag.py:3696} INFO - Setting next_dagrun for example_branch_dop_operator_v3 to 2023-10-11T07:27:00+00:00, run_after=2023-10-11T07:28:00+00:00
[2023-10-11T07:28:07.625+0000] {processor.py:179} INFO - Processing /home/airflow/.local/lib/python3.8/site-packages/airflow/example_dags/example_branch_python_dop_operator_3.py took 0.047 seconds
[2023-10-11T07:28:38.056+0000] {processor.py:157} INFO - Started process (PID=1339) to work on /home/airflow/.local/lib/python3.8/site-packages/airflow/example_dags/example_branch_python_dop_operator_3.py
[2023-10-11T07:28:38.056+0000] {processor.py:829} INFO - Processing file /home/airflow/.local/lib/python3.8/site-packages/airflow/example_dags/example_branch_python_dop_operator_3.py for tasks to queue
[2023-10-11T07:28:38.058+0000] {logging_mixin.py:151} INFO - [2023-10-11T07:28:38.058+0000] {dagbag.py:539} INFO - Filling up the DagBag from /home/airflow/.local/lib/python3.8/site-packages/airflow/example_dags/example_branch_python_dop_operator_3.py
[2023-10-11T07:28:38.063+0000] {processor.py:839} INFO - DAG(s) dict_keys(['example_branch_dop_operator_v3']) retrieved from /home/airflow/.local/lib/python3.8/site-packages/airflow/example_dags/example_branch_python_dop_operator_3.py
[2023-10-11T07:28:38.079+0000] {logging_mixin.py:151} INFO - [2023-10-11T07:28:38.079+0000] {dag.py:2915} INFO - Sync 1 DAGs
[2023-10-11T07:28:38.095+0000] {logging_mixin.py:151} INFO - [2023-10-11T07:28:38.095+0000] {dag.py:3696} INFO - Setting next_dagrun for example_branch_dop_operator_v3 to 2023-10-11T07:27:00+00:00, run_after=2023-10-11T07:28:00+00:00
[2023-10-11T07:28:38.104+0000] {processor.py:179} INFO - Processing /home/airflow/.local/lib/python3.8/site-packages/airflow/example_dags/example_branch_python_dop_operator_3.py took 0.050 seconds
[2023-10-11T07:29:09.205+0000] {processor.py:157} INFO - Started process (PID=1398) to work on /home/airflow/.local/lib/python3.8/site-packages/airflow/example_dags/example_branch_python_dop_operator_3.py
[2023-10-11T07:29:09.206+0000] {processor.py:829} INFO - Processing file /home/airflow/.local/lib/python3.8/site-packages/airflow/example_dags/example_branch_python_dop_operator_3.py for tasks to queue
[2023-10-11T07:29:09.208+0000] {logging_mixin.py:151} INFO - [2023-10-11T07:29:09.208+0000] {dagbag.py:539} INFO - Filling up the DagBag from /home/airflow/.local/lib/python3.8/site-packages/airflow/example_dags/example_branch_python_dop_operator_3.py
[2023-10-11T07:29:09.214+0000] {processor.py:839} INFO - DAG(s) dict_keys(['example_branch_dop_operator_v3']) retrieved from /home/airflow/.local/lib/python3.8/site-packages/airflow/example_dags/example_branch_python_dop_operator_3.py
[2023-10-11T07:29:09.235+0000] {logging_mixin.py:151} INFO - [2023-10-11T07:29:09.235+0000] {dag.py:2915} INFO - Sync 1 DAGs
[2023-10-11T07:29:09.266+0000] {logging_mixin.py:151} INFO - [2023-10-11T07:29:09.266+0000] {dag.py:3696} INFO - Setting next_dagrun for example_branch_dop_operator_v3 to 2023-10-11T07:28:00+00:00, run_after=2023-10-11T07:29:00+00:00
[2023-10-11T07:29:09.275+0000] {processor.py:179} INFO - Processing /home/airflow/.local/lib/python3.8/site-packages/airflow/example_dags/example_branch_python_dop_operator_3.py took 0.072 seconds
[2023-10-11T07:29:39.950+0000] {processor.py:157} INFO - Started process (PID=1457) to work on /home/airflow/.local/lib/python3.8/site-packages/airflow/example_dags/example_branch_python_dop_operator_3.py
[2023-10-11T07:29:39.951+0000] {processor.py:829} INFO - Processing file /home/airflow/.local/lib/python3.8/site-packages/airflow/example_dags/example_branch_python_dop_operator_3.py for tasks to queue
[2023-10-11T07:29:39.952+0000] {logging_mixin.py:151} INFO - [2023-10-11T07:29:39.952+0000] {dagbag.py:539} INFO - Filling up the DagBag from /home/airflow/.local/lib/python3.8/site-packages/airflow/example_dags/example_branch_python_dop_operator_3.py
[2023-10-11T07:29:39.958+0000] {processor.py:839} INFO - DAG(s) dict_keys(['example_branch_dop_operator_v3']) retrieved from /home/airflow/.local/lib/python3.8/site-packages/airflow/example_dags/example_branch_python_dop_operator_3.py
[2023-10-11T07:29:39.976+0000] {logging_mixin.py:151} INFO - [2023-10-11T07:29:39.976+0000] {dag.py:2915} INFO - Sync 1 DAGs
[2023-10-11T07:29:39.992+0000] {logging_mixin.py:151} INFO - [2023-10-11T07:29:39.992+0000] {dag.py:3696} INFO - Setting next_dagrun for example_branch_dop_operator_v3 to 2023-10-11T07:28:00+00:00, run_after=2023-10-11T07:29:00+00:00
[2023-10-11T07:29:40.003+0000] {processor.py:179} INFO - Processing /home/airflow/.local/lib/python3.8/site-packages/airflow/example_dags/example_branch_python_dop_operator_3.py took 0.056 seconds
[2023-10-11T07:30:11.059+0000] {processor.py:157} INFO - Started process (PID=1516) to work on /home/airflow/.local/lib/python3.8/site-packages/airflow/example_dags/example_branch_python_dop_operator_3.py
[2023-10-11T07:30:11.060+0000] {processor.py:829} INFO - Processing file /home/airflow/.local/lib/python3.8/site-packages/airflow/example_dags/example_branch_python_dop_operator_3.py for tasks to queue
[2023-10-11T07:30:11.061+0000] {logging_mixin.py:151} INFO - [2023-10-11T07:30:11.061+0000] {dagbag.py:539} INFO - Filling up the DagBag from /home/airflow/.local/lib/python3.8/site-packages/airflow/example_dags/example_branch_python_dop_operator_3.py
[2023-10-11T07:30:11.067+0000] {processor.py:839} INFO - DAG(s) dict_keys(['example_branch_dop_operator_v3']) retrieved from /home/airflow/.local/lib/python3.8/site-packages/airflow/example_dags/example_branch_python_dop_operator_3.py
[2023-10-11T07:30:11.083+0000] {logging_mixin.py:151} INFO - [2023-10-11T07:30:11.083+0000] {dag.py:2915} INFO - Sync 1 DAGs
[2023-10-11T07:30:11.099+0000] {logging_mixin.py:151} INFO - [2023-10-11T07:30:11.099+0000] {dag.py:3696} INFO - Setting next_dagrun for example_branch_dop_operator_v3 to 2023-10-11T07:29:00+00:00, run_after=2023-10-11T07:30:00+00:00
[2023-10-11T07:30:11.109+0000] {processor.py:179} INFO - Processing /home/airflow/.local/lib/python3.8/site-packages/airflow/example_dags/example_branch_python_dop_operator_3.py took 0.052 seconds
[2023-10-11T07:30:41.335+0000] {processor.py:157} INFO - Started process (PID=1574) to work on /home/airflow/.local/lib/python3.8/site-packages/airflow/example_dags/example_branch_python_dop_operator_3.py
[2023-10-11T07:30:41.336+0000] {processor.py:829} INFO - Processing file /home/airflow/.local/lib/python3.8/site-packages/airflow/example_dags/example_branch_python_dop_operator_3.py for tasks to queue
[2023-10-11T07:30:41.338+0000] {logging_mixin.py:151} INFO - [2023-10-11T07:30:41.338+0000] {dagbag.py:539} INFO - Filling up the DagBag from /home/airflow/.local/lib/python3.8/site-packages/airflow/example_dags/example_branch_python_dop_operator_3.py
[2023-10-11T07:30:41.343+0000] {processor.py:839} INFO - DAG(s) dict_keys(['example_branch_dop_operator_v3']) retrieved from /home/airflow/.local/lib/python3.8/site-packages/airflow/example_dags/example_branch_python_dop_operator_3.py
[2023-10-11T07:30:41.359+0000] {logging_mixin.py:151} INFO - [2023-10-11T07:30:41.359+0000] {dag.py:2915} INFO - Sync 1 DAGs
[2023-10-11T07:30:41.373+0000] {logging_mixin.py:151} INFO - [2023-10-11T07:30:41.373+0000] {dag.py:3696} INFO - Setting next_dagrun for example_branch_dop_operator_v3 to 2023-10-11T07:29:00+00:00, run_after=2023-10-11T07:30:00+00:00
[2023-10-11T07:30:41.383+0000] {processor.py:179} INFO - Processing /home/airflow/.local/lib/python3.8/site-packages/airflow/example_dags/example_branch_python_dop_operator_3.py took 0.051 seconds
[2023-10-11T07:31:11.567+0000] {processor.py:157} INFO - Started process (PID=1632) to work on /home/airflow/.local/lib/python3.8/site-packages/airflow/example_dags/example_branch_python_dop_operator_3.py
[2023-10-11T07:31:11.568+0000] {processor.py:829} INFO - Processing file /home/airflow/.local/lib/python3.8/site-packages/airflow/example_dags/example_branch_python_dop_operator_3.py for tasks to queue
[2023-10-11T07:31:11.569+0000] {logging_mixin.py:151} INFO - [2023-10-11T07:31:11.569+0000] {dagbag.py:539} INFO - Filling up the DagBag from /home/airflow/.local/lib/python3.8/site-packages/airflow/example_dags/example_branch_python_dop_operator_3.py
[2023-10-11T07:31:11.574+0000] {processor.py:839} INFO - DAG(s) dict_keys(['example_branch_dop_operator_v3']) retrieved from /home/airflow/.local/lib/python3.8/site-packages/airflow/example_dags/example_branch_python_dop_operator_3.py
[2023-10-11T07:31:11.590+0000] {logging_mixin.py:151} INFO - [2023-10-11T07:31:11.589+0000] {dag.py:2915} INFO - Sync 1 DAGs
[2023-10-11T07:31:11.603+0000] {logging_mixin.py:151} INFO - [2023-10-11T07:31:11.603+0000] {dag.py:3696} INFO - Setting next_dagrun for example_branch_dop_operator_v3 to 2023-10-11T07:30:00+00:00, run_after=2023-10-11T07:31:00+00:00
[2023-10-11T07:31:11.613+0000] {processor.py:179} INFO - Processing /home/airflow/.local/lib/python3.8/site-packages/airflow/example_dags/example_branch_python_dop_operator_3.py took 0.048 seconds
[2023-10-11T07:31:41.858+0000] {processor.py:157} INFO - Started process (PID=1691) to work on /home/airflow/.local/lib/python3.8/site-packages/airflow/example_dags/example_branch_python_dop_operator_3.py
[2023-10-11T07:31:41.859+0000] {processor.py:829} INFO - Processing file /home/airflow/.local/lib/python3.8/site-packages/airflow/example_dags/example_branch_python_dop_operator_3.py for tasks to queue
[2023-10-11T07:31:41.861+0000] {logging_mixin.py:151} INFO - [2023-10-11T07:31:41.860+0000] {dagbag.py:539} INFO - Filling up the DagBag from /home/airflow/.local/lib/python3.8/site-packages/airflow/example_dags/example_branch_python_dop_operator_3.py
[2023-10-11T07:31:41.866+0000] {processor.py:839} INFO - DAG(s) dict_keys(['example_branch_dop_operator_v3']) retrieved from /home/airflow/.local/lib/python3.8/site-packages/airflow/example_dags/example_branch_python_dop_operator_3.py
[2023-10-11T07:31:41.884+0000] {logging_mixin.py:151} INFO - [2023-10-11T07:31:41.883+0000] {dag.py:2915} INFO - Sync 1 DAGs
[2023-10-11T07:31:41.901+0000] {logging_mixin.py:151} INFO - [2023-10-11T07:31:41.901+0000] {dag.py:3696} INFO - Setting next_dagrun for example_branch_dop_operator_v3 to 2023-10-11T07:30:00+00:00, run_after=2023-10-11T07:31:00+00:00
[2023-10-11T07:31:41.915+0000] {processor.py:179} INFO - Processing /home/airflow/.local/lib/python3.8/site-packages/airflow/example_dags/example_branch_python_dop_operator_3.py took 0.060 seconds
[2023-10-11T07:32:13.066+0000] {processor.py:157} INFO - Started process (PID=1757) to work on /home/airflow/.local/lib/python3.8/site-packages/airflow/example_dags/example_branch_python_dop_operator_3.py
[2023-10-11T07:32:13.067+0000] {processor.py:829} INFO - Processing file /home/airflow/.local/lib/python3.8/site-packages/airflow/example_dags/example_branch_python_dop_operator_3.py for tasks to queue
[2023-10-11T07:32:13.068+0000] {logging_mixin.py:151} INFO - [2023-10-11T07:32:13.068+0000] {dagbag.py:539} INFO - Filling up the DagBag from /home/airflow/.local/lib/python3.8/site-packages/airflow/example_dags/example_branch_python_dop_operator_3.py
[2023-10-11T07:32:13.073+0000] {processor.py:839} INFO - DAG(s) dict_keys(['example_branch_dop_operator_v3']) retrieved from /home/airflow/.local/lib/python3.8/site-packages/airflow/example_dags/example_branch_python_dop_operator_3.py
[2023-10-11T07:32:13.089+0000] {logging_mixin.py:151} INFO - [2023-10-11T07:32:13.089+0000] {dag.py:2915} INFO - Sync 1 DAGs
[2023-10-11T07:32:13.103+0000] {logging_mixin.py:151} INFO - [2023-10-11T07:32:13.103+0000] {dag.py:3696} INFO - Setting next_dagrun for example_branch_dop_operator_v3 to 2023-10-11T07:31:00+00:00, run_after=2023-10-11T07:32:00+00:00
[2023-10-11T07:32:13.112+0000] {processor.py:179} INFO - Processing /home/airflow/.local/lib/python3.8/site-packages/airflow/example_dags/example_branch_python_dop_operator_3.py took 0.049 seconds
[2023-10-11T07:32:44.278+0000] {processor.py:157} INFO - Started process (PID=1816) to work on /home/airflow/.local/lib/python3.8/site-packages/airflow/example_dags/example_branch_python_dop_operator_3.py
[2023-10-11T07:32:44.279+0000] {processor.py:829} INFO - Processing file /home/airflow/.local/lib/python3.8/site-packages/airflow/example_dags/example_branch_python_dop_operator_3.py for tasks to queue
[2023-10-11T07:32:44.280+0000] {logging_mixin.py:151} INFO - [2023-10-11T07:32:44.280+0000] {dagbag.py:539} INFO - Filling up the DagBag from /home/airflow/.local/lib/python3.8/site-packages/airflow/example_dags/example_branch_python_dop_operator_3.py
[2023-10-11T07:32:44.285+0000] {processor.py:839} INFO - DAG(s) dict_keys(['example_branch_dop_operator_v3']) retrieved from /home/airflow/.local/lib/python3.8/site-packages/airflow/example_dags/example_branch_python_dop_operator_3.py
[2023-10-11T07:32:44.301+0000] {logging_mixin.py:151} INFO - [2023-10-11T07:32:44.301+0000] {dag.py:2915} INFO - Sync 1 DAGs
[2023-10-11T07:32:44.316+0000] {logging_mixin.py:151} INFO - [2023-10-11T07:32:44.316+0000] {dag.py:3696} INFO - Setting next_dagrun for example_branch_dop_operator_v3 to 2023-10-11T07:31:00+00:00, run_after=2023-10-11T07:32:00+00:00
[2023-10-11T07:32:44.325+0000] {processor.py:179} INFO - Processing /home/airflow/.local/lib/python3.8/site-packages/airflow/example_dags/example_branch_python_dop_operator_3.py took 0.049 seconds
[2023-10-11T07:33:14.503+0000] {processor.py:157} INFO - Started process (PID=1876) to work on /home/airflow/.local/lib/python3.8/site-packages/airflow/example_dags/example_branch_python_dop_operator_3.py
[2023-10-11T07:33:14.504+0000] {processor.py:829} INFO - Processing file /home/airflow/.local/lib/python3.8/site-packages/airflow/example_dags/example_branch_python_dop_operator_3.py for tasks to queue
[2023-10-11T07:33:14.506+0000] {logging_mixin.py:151} INFO - [2023-10-11T07:33:14.506+0000] {dagbag.py:539} INFO - Filling up the DagBag from /home/airflow/.local/lib/python3.8/site-packages/airflow/example_dags/example_branch_python_dop_operator_3.py
[2023-10-11T07:33:14.512+0000] {processor.py:839} INFO - DAG(s) dict_keys(['example_branch_dop_operator_v3']) retrieved from /home/airflow/.local/lib/python3.8/site-packages/airflow/example_dags/example_branch_python_dop_operator_3.py
[2023-10-11T07:33:14.531+0000] {logging_mixin.py:151} INFO - [2023-10-11T07:33:14.531+0000] {dag.py:2915} INFO - Sync 1 DAGs
[2023-10-11T07:33:14.550+0000] {logging_mixin.py:151} INFO - [2023-10-11T07:33:14.550+0000] {dag.py:3696} INFO - Setting next_dagrun for example_branch_dop_operator_v3 to 2023-10-11T07:32:00+00:00, run_after=2023-10-11T07:33:00+00:00
[2023-10-11T07:33:14.560+0000] {processor.py:179} INFO - Processing /home/airflow/.local/lib/python3.8/site-packages/airflow/example_dags/example_branch_python_dop_operator_3.py took 0.059 seconds
[2023-10-11T07:33:45.841+0000] {processor.py:157} INFO - Started process (PID=1935) to work on /home/airflow/.local/lib/python3.8/site-packages/airflow/example_dags/example_branch_python_dop_operator_3.py
[2023-10-11T07:33:45.842+0000] {processor.py:829} INFO - Processing file /home/airflow/.local/lib/python3.8/site-packages/airflow/example_dags/example_branch_python_dop_operator_3.py for tasks to queue
[2023-10-11T07:33:45.844+0000] {logging_mixin.py:151} INFO - [2023-10-11T07:33:45.843+0000] {dagbag.py:539} INFO - Filling up the DagBag from /home/airflow/.local/lib/python3.8/site-packages/airflow/example_dags/example_branch_python_dop_operator_3.py
[2023-10-11T07:33:45.849+0000] {processor.py:839} INFO - DAG(s) dict_keys(['example_branch_dop_operator_v3']) retrieved from /home/airflow/.local/lib/python3.8/site-packages/airflow/example_dags/example_branch_python_dop_operator_3.py
[2023-10-11T07:33:45.866+0000] {logging_mixin.py:151} INFO - [2023-10-11T07:33:45.866+0000] {dag.py:2915} INFO - Sync 1 DAGs
[2023-10-11T07:33:45.882+0000] {logging_mixin.py:151} INFO - [2023-10-11T07:33:45.881+0000] {dag.py:3696} INFO - Setting next_dagrun for example_branch_dop_operator_v3 to 2023-10-11T07:32:00+00:00, run_after=2023-10-11T07:33:00+00:00
[2023-10-11T07:33:45.892+0000] {processor.py:179} INFO - Processing /home/airflow/.local/lib/python3.8/site-packages/airflow/example_dags/example_branch_python_dop_operator_3.py took 0.053 seconds
[2023-10-11T07:34:16.968+0000] {processor.py:157} INFO - Started process (PID=1994) to work on /home/airflow/.local/lib/python3.8/site-packages/airflow/example_dags/example_branch_python_dop_operator_3.py
[2023-10-11T07:34:16.968+0000] {processor.py:829} INFO - Processing file /home/airflow/.local/lib/python3.8/site-packages/airflow/example_dags/example_branch_python_dop_operator_3.py for tasks to queue
[2023-10-11T07:34:16.970+0000] {logging_mixin.py:151} INFO - [2023-10-11T07:34:16.970+0000] {dagbag.py:539} INFO - Filling up the DagBag from /home/airflow/.local/lib/python3.8/site-packages/airflow/example_dags/example_branch_python_dop_operator_3.py
[2023-10-11T07:34:16.976+0000] {processor.py:839} INFO - DAG(s) dict_keys(['example_branch_dop_operator_v3']) retrieved from /home/airflow/.local/lib/python3.8/site-packages/airflow/example_dags/example_branch_python_dop_operator_3.py
[2023-10-11T07:34:16.995+0000] {logging_mixin.py:151} INFO - [2023-10-11T07:34:16.995+0000] {dag.py:2915} INFO - Sync 1 DAGs
[2023-10-11T07:34:17.013+0000] {logging_mixin.py:151} INFO - [2023-10-11T07:34:17.012+0000] {dag.py:3696} INFO - Setting next_dagrun for example_branch_dop_operator_v3 to 2023-10-11T07:33:00+00:00, run_after=2023-10-11T07:34:00+00:00
[2023-10-11T07:34:17.027+0000] {processor.py:179} INFO - Processing /home/airflow/.local/lib/python3.8/site-packages/airflow/example_dags/example_branch_python_dop_operator_3.py took 0.062 seconds
[2023-10-11T07:34:48.134+0000] {processor.py:157} INFO - Started process (PID=2053) to work on /home/airflow/.local/lib/python3.8/site-packages/airflow/example_dags/example_branch_python_dop_operator_3.py
[2023-10-11T07:34:48.134+0000] {processor.py:829} INFO - Processing file /home/airflow/.local/lib/python3.8/site-packages/airflow/example_dags/example_branch_python_dop_operator_3.py for tasks to queue
[2023-10-11T07:34:48.136+0000] {logging_mixin.py:151} INFO - [2023-10-11T07:34:48.136+0000] {dagbag.py:539} INFO - Filling up the DagBag from /home/airflow/.local/lib/python3.8/site-packages/airflow/example_dags/example_branch_python_dop_operator_3.py
[2023-10-11T07:34:48.141+0000] {processor.py:839} INFO - DAG(s) dict_keys(['example_branch_dop_operator_v3']) retrieved from /home/airflow/.local/lib/python3.8/site-packages/airflow/example_dags/example_branch_python_dop_operator_3.py
[2023-10-11T07:34:48.158+0000] {logging_mixin.py:151} INFO - [2023-10-11T07:34:48.158+0000] {dag.py:2915} INFO - Sync 1 DAGs
[2023-10-11T07:34:48.174+0000] {logging_mixin.py:151} INFO - [2023-10-11T07:34:48.174+0000] {dag.py:3696} INFO - Setting next_dagrun for example_branch_dop_operator_v3 to 2023-10-11T07:33:00+00:00, run_after=2023-10-11T07:34:00+00:00
[2023-10-11T07:34:48.183+0000] {processor.py:179} INFO - Processing /home/airflow/.local/lib/python3.8/site-packages/airflow/example_dags/example_branch_python_dop_operator_3.py took 0.052 seconds
[2023-10-11T07:35:18.491+0000] {processor.py:157} INFO - Started process (PID=2112) to work on /home/airflow/.local/lib/python3.8/site-packages/airflow/example_dags/example_branch_python_dop_operator_3.py
[2023-10-11T07:35:18.491+0000] {processor.py:829} INFO - Processing file /home/airflow/.local/lib/python3.8/site-packages/airflow/example_dags/example_branch_python_dop_operator_3.py for tasks to queue
[2023-10-11T07:35:18.493+0000] {logging_mixin.py:151} INFO - [2023-10-11T07:35:18.492+0000] {dagbag.py:539} INFO - Filling up the DagBag from /home/airflow/.local/lib/python3.8/site-packages/airflow/example_dags/example_branch_python_dop_operator_3.py
[2023-10-11T07:35:18.498+0000] {processor.py:839} INFO - DAG(s) dict_keys(['example_branch_dop_operator_v3']) retrieved from /home/airflow/.local/lib/python3.8/site-packages/airflow/example_dags/example_branch_python_dop_operator_3.py
[2023-10-11T07:35:18.514+0000] {logging_mixin.py:151} INFO - [2023-10-11T07:35:18.514+0000] {dag.py:2915} INFO - Sync 1 DAGs
[2023-10-11T07:35:18.528+0000] {logging_mixin.py:151} INFO - [2023-10-11T07:35:18.528+0000] {dag.py:3696} INFO - Setting next_dagrun for example_branch_dop_operator_v3 to 2023-10-11T07:34:00+00:00, run_after=2023-10-11T07:35:00+00:00
[2023-10-11T07:35:18.537+0000] {processor.py:179} INFO - Processing /home/airflow/.local/lib/python3.8/site-packages/airflow/example_dags/example_branch_python_dop_operator_3.py took 0.048 seconds
[2023-10-11T07:35:49.753+0000] {processor.py:157} INFO - Started process (PID=2171) to work on /home/airflow/.local/lib/python3.8/site-packages/airflow/example_dags/example_branch_python_dop_operator_3.py
[2023-10-11T07:35:49.754+0000] {processor.py:829} INFO - Processing file /home/airflow/.local/lib/python3.8/site-packages/airflow/example_dags/example_branch_python_dop_operator_3.py for tasks to queue
[2023-10-11T07:35:49.756+0000] {logging_mixin.py:151} INFO - [2023-10-11T07:35:49.755+0000] {dagbag.py:539} INFO - Filling up the DagBag from /home/airflow/.local/lib/python3.8/site-packages/airflow/example_dags/example_branch_python_dop_operator_3.py
[2023-10-11T07:35:49.761+0000] {processor.py:839} INFO - DAG(s) dict_keys(['example_branch_dop_operator_v3']) retrieved from /home/airflow/.local/lib/python3.8/site-packages/airflow/example_dags/example_branch_python_dop_operator_3.py
[2023-10-11T07:35:49.800+0000] {logging_mixin.py:151} INFO - [2023-10-11T07:35:49.799+0000] {dag.py:2915} INFO - Sync 1 DAGs
[2023-10-11T07:35:49.824+0000] {logging_mixin.py:151} INFO - [2023-10-11T07:35:49.824+0000] {dag.py:3696} INFO - Setting next_dagrun for example_branch_dop_operator_v3 to 2023-10-11T07:34:00+00:00, run_after=2023-10-11T07:35:00+00:00
[2023-10-11T07:35:49.839+0000] {processor.py:179} INFO - Processing /home/airflow/.local/lib/python3.8/site-packages/airflow/example_dags/example_branch_python_dop_operator_3.py took 0.088 seconds
[2023-10-11T07:37:28.535+0000] {processor.py:157} INFO - Started process (PID=47) to work on /home/airflow/.local/lib/python3.8/site-packages/airflow/example_dags/example_branch_python_dop_operator_3.py
[2023-10-11T07:37:28.540+0000] {processor.py:829} INFO - Processing file /home/airflow/.local/lib/python3.8/site-packages/airflow/example_dags/example_branch_python_dop_operator_3.py for tasks to queue
[2023-10-11T07:37:28.553+0000] {logging_mixin.py:151} INFO - [2023-10-11T07:37:28.548+0000] {dagbag.py:539} INFO - Filling up the DagBag from /home/airflow/.local/lib/python3.8/site-packages/airflow/example_dags/example_branch_python_dop_operator_3.py
[2023-10-11T07:37:28.574+0000] {processor.py:839} INFO - DAG(s) dict_keys(['example_branch_dop_operator_v3']) retrieved from /home/airflow/.local/lib/python3.8/site-packages/airflow/example_dags/example_branch_python_dop_operator_3.py
[2023-10-11T07:37:28.659+0000] {logging_mixin.py:151} INFO - [2023-10-11T07:37:28.658+0000] {manager.py:499} INFO - Created Permission View: %s
[2023-10-11T07:37:28.670+0000] {logging_mixin.py:151} INFO - [2023-10-11T07:37:28.670+0000] {manager.py:499} INFO - Created Permission View: %s
[2023-10-11T07:37:28.676+0000] {logging_mixin.py:151} INFO - [2023-10-11T07:37:28.676+0000] {manager.py:499} INFO - Created Permission View: %s
[2023-10-11T07:37:28.676+0000] {logging_mixin.py:151} INFO - [2023-10-11T07:37:28.676+0000] {security.py:708} INFO - Not syncing DAG-level permissions for DAG 'DAG:example_branch_dop_operator_v3' as access control is unset.
[2023-10-11T07:37:28.677+0000] {logging_mixin.py:151} INFO - [2023-10-11T07:37:28.677+0000] {dag.py:2915} INFO - Sync 1 DAGs
[2023-10-11T07:37:28.690+0000] {logging_mixin.py:151} INFO - [2023-10-11T07:37:28.690+0000] {dag.py:2937} INFO - Creating ORM DAG for example_branch_dop_operator_v3
[2023-10-11T07:37:28.709+0000] {logging_mixin.py:151} INFO - [2023-10-11T07:37:28.709+0000] {dag.py:3696} INFO - Setting next_dagrun for example_branch_dop_operator_v3 to 2023-10-11T07:36:00+00:00, run_after=2023-10-11T07:37:00+00:00
[2023-10-11T07:37:28.731+0000] {processor.py:179} INFO - Processing /home/airflow/.local/lib/python3.8/site-packages/airflow/example_dags/example_branch_python_dop_operator_3.py took 0.200 seconds
[2023-10-11T07:37:58.985+0000] {processor.py:157} INFO - Started process (PID=106) to work on /home/airflow/.local/lib/python3.8/site-packages/airflow/example_dags/example_branch_python_dop_operator_3.py
[2023-10-11T07:37:58.985+0000] {processor.py:829} INFO - Processing file /home/airflow/.local/lib/python3.8/site-packages/airflow/example_dags/example_branch_python_dop_operator_3.py for tasks to queue
[2023-10-11T07:37:58.987+0000] {logging_mixin.py:151} INFO - [2023-10-11T07:37:58.987+0000] {dagbag.py:539} INFO - Filling up the DagBag from /home/airflow/.local/lib/python3.8/site-packages/airflow/example_dags/example_branch_python_dop_operator_3.py
[2023-10-11T07:37:58.992+0000] {processor.py:839} INFO - DAG(s) dict_keys(['example_branch_dop_operator_v3']) retrieved from /home/airflow/.local/lib/python3.8/site-packages/airflow/example_dags/example_branch_python_dop_operator_3.py
[2023-10-11T07:37:59.009+0000] {logging_mixin.py:151} INFO - [2023-10-11T07:37:59.009+0000] {dag.py:2915} INFO - Sync 1 DAGs
[2023-10-11T07:37:59.025+0000] {logging_mixin.py:151} INFO - [2023-10-11T07:37:59.025+0000] {dag.py:3696} INFO - Setting next_dagrun for example_branch_dop_operator_v3 to 2023-10-11T07:36:00+00:00, run_after=2023-10-11T07:37:00+00:00
[2023-10-11T07:37:59.036+0000] {processor.py:179} INFO - Processing /home/airflow/.local/lib/python3.8/site-packages/airflow/example_dags/example_branch_python_dop_operator_3.py took 0.053 seconds
[2023-10-11T07:38:29.621+0000] {processor.py:157} INFO - Started process (PID=165) to work on /home/airflow/.local/lib/python3.8/site-packages/airflow/example_dags/example_branch_python_dop_operator_3.py
[2023-10-11T07:38:29.622+0000] {processor.py:829} INFO - Processing file /home/airflow/.local/lib/python3.8/site-packages/airflow/example_dags/example_branch_python_dop_operator_3.py for tasks to queue
[2023-10-11T07:38:29.623+0000] {logging_mixin.py:151} INFO - [2023-10-11T07:38:29.623+0000] {dagbag.py:539} INFO - Filling up the DagBag from /home/airflow/.local/lib/python3.8/site-packages/airflow/example_dags/example_branch_python_dop_operator_3.py
[2023-10-11T07:38:29.629+0000] {processor.py:839} INFO - DAG(s) dict_keys(['example_branch_dop_operator_v3']) retrieved from /home/airflow/.local/lib/python3.8/site-packages/airflow/example_dags/example_branch_python_dop_operator_3.py
[2023-10-11T07:38:29.644+0000] {logging_mixin.py:151} INFO - [2023-10-11T07:38:29.644+0000] {dag.py:2915} INFO - Sync 1 DAGs
[2023-10-11T07:38:29.659+0000] {logging_mixin.py:151} INFO - [2023-10-11T07:38:29.658+0000] {dag.py:3696} INFO - Setting next_dagrun for example_branch_dop_operator_v3 to 2023-10-11T07:37:00+00:00, run_after=2023-10-11T07:38:00+00:00
[2023-10-11T07:38:29.668+0000] {processor.py:179} INFO - Processing /home/airflow/.local/lib/python3.8/site-packages/airflow/example_dags/example_branch_python_dop_operator_3.py took 0.048 seconds
[2023-10-11T07:39:00.812+0000] {processor.py:157} INFO - Started process (PID=224) to work on /home/airflow/.local/lib/python3.8/site-packages/airflow/example_dags/example_branch_python_dop_operator_3.py
[2023-10-11T07:39:00.812+0000] {processor.py:829} INFO - Processing file /home/airflow/.local/lib/python3.8/site-packages/airflow/example_dags/example_branch_python_dop_operator_3.py for tasks to queue
[2023-10-11T07:39:00.814+0000] {logging_mixin.py:151} INFO - [2023-10-11T07:39:00.814+0000] {dagbag.py:539} INFO - Filling up the DagBag from /home/airflow/.local/lib/python3.8/site-packages/airflow/example_dags/example_branch_python_dop_operator_3.py
[2023-10-11T07:39:00.820+0000] {processor.py:839} INFO - DAG(s) dict_keys(['example_branch_dop_operator_v3']) retrieved from /home/airflow/.local/lib/python3.8/site-packages/airflow/example_dags/example_branch_python_dop_operator_3.py
[2023-10-11T07:39:00.836+0000] {logging_mixin.py:151} INFO - [2023-10-11T07:39:00.836+0000] {dag.py:2915} INFO - Sync 1 DAGs
[2023-10-11T07:39:00.852+0000] {logging_mixin.py:151} INFO - [2023-10-11T07:39:00.851+0000] {dag.py:3696} INFO - Setting next_dagrun for example_branch_dop_operator_v3 to 2023-10-11T07:38:00+00:00, run_after=2023-10-11T07:39:00+00:00
[2023-10-11T07:39:00.862+0000] {processor.py:179} INFO - Processing /home/airflow/.local/lib/python3.8/site-packages/airflow/example_dags/example_branch_python_dop_operator_3.py took 0.052 seconds
[2023-10-11T07:39:31.027+0000] {processor.py:157} INFO - Started process (PID=279) to work on /home/airflow/.local/lib/python3.8/site-packages/airflow/example_dags/example_branch_python_dop_operator_3.py
[2023-10-11T07:39:31.028+0000] {processor.py:829} INFO - Processing file /home/airflow/.local/lib/python3.8/site-packages/airflow/example_dags/example_branch_python_dop_operator_3.py for tasks to queue
[2023-10-11T07:39:31.029+0000] {logging_mixin.py:151} INFO - [2023-10-11T07:39:31.029+0000] {dagbag.py:539} INFO - Filling up the DagBag from /home/airflow/.local/lib/python3.8/site-packages/airflow/example_dags/example_branch_python_dop_operator_3.py
[2023-10-11T07:39:31.034+0000] {processor.py:839} INFO - DAG(s) dict_keys(['example_branch_dop_operator_v3']) retrieved from /home/airflow/.local/lib/python3.8/site-packages/airflow/example_dags/example_branch_python_dop_operator_3.py
[2023-10-11T07:39:31.050+0000] {logging_mixin.py:151} INFO - [2023-10-11T07:39:31.050+0000] {dag.py:2915} INFO - Sync 1 DAGs
[2023-10-11T07:39:31.066+0000] {logging_mixin.py:151} INFO - [2023-10-11T07:39:31.065+0000] {dag.py:3696} INFO - Setting next_dagrun for example_branch_dop_operator_v3 to 2023-10-11T07:38:00+00:00, run_after=2023-10-11T07:39:00+00:00
[2023-10-11T07:39:31.076+0000] {processor.py:179} INFO - Processing /home/airflow/.local/lib/python3.8/site-packages/airflow/example_dags/example_branch_python_dop_operator_3.py took 0.051 seconds
[2023-10-11T07:40:01.278+0000] {processor.py:157} INFO - Started process (PID=337) to work on /home/airflow/.local/lib/python3.8/site-packages/airflow/example_dags/example_branch_python_dop_operator_3.py
[2023-10-11T07:40:01.278+0000] {processor.py:829} INFO - Processing file /home/airflow/.local/lib/python3.8/site-packages/airflow/example_dags/example_branch_python_dop_operator_3.py for tasks to queue
[2023-10-11T07:40:01.280+0000] {logging_mixin.py:151} INFO - [2023-10-11T07:40:01.280+0000] {dagbag.py:539} INFO - Filling up the DagBag from /home/airflow/.local/lib/python3.8/site-packages/airflow/example_dags/example_branch_python_dop_operator_3.py
[2023-10-11T07:40:01.285+0000] {processor.py:839} INFO - DAG(s) dict_keys(['example_branch_dop_operator_v3']) retrieved from /home/airflow/.local/lib/python3.8/site-packages/airflow/example_dags/example_branch_python_dop_operator_3.py
[2023-10-11T07:40:01.301+0000] {logging_mixin.py:151} INFO - [2023-10-11T07:40:01.301+0000] {dag.py:2915} INFO - Sync 1 DAGs
[2023-10-11T07:40:01.315+0000] {logging_mixin.py:151} INFO - [2023-10-11T07:40:01.315+0000] {dag.py:3696} INFO - Setting next_dagrun for example_branch_dop_operator_v3 to 2023-10-11T07:39:00+00:00, run_after=2023-10-11T07:40:00+00:00
[2023-10-11T07:40:01.324+0000] {processor.py:179} INFO - Processing /home/airflow/.local/lib/python3.8/site-packages/airflow/example_dags/example_branch_python_dop_operator_3.py took 0.049 seconds
[2023-10-11T07:40:31.509+0000] {processor.py:157} INFO - Started process (PID=396) to work on /home/airflow/.local/lib/python3.8/site-packages/airflow/example_dags/example_branch_python_dop_operator_3.py
[2023-10-11T07:40:31.510+0000] {processor.py:829} INFO - Processing file /home/airflow/.local/lib/python3.8/site-packages/airflow/example_dags/example_branch_python_dop_operator_3.py for tasks to queue
[2023-10-11T07:40:31.511+0000] {logging_mixin.py:151} INFO - [2023-10-11T07:40:31.511+0000] {dagbag.py:539} INFO - Filling up the DagBag from /home/airflow/.local/lib/python3.8/site-packages/airflow/example_dags/example_branch_python_dop_operator_3.py
[2023-10-11T07:40:31.516+0000] {processor.py:839} INFO - DAG(s) dict_keys(['example_branch_dop_operator_v3']) retrieved from /home/airflow/.local/lib/python3.8/site-packages/airflow/example_dags/example_branch_python_dop_operator_3.py
[2023-10-11T07:40:31.532+0000] {logging_mixin.py:151} INFO - [2023-10-11T07:40:31.532+0000] {dag.py:2915} INFO - Sync 1 DAGs
[2023-10-11T07:40:31.546+0000] {logging_mixin.py:151} INFO - [2023-10-11T07:40:31.546+0000] {dag.py:3696} INFO - Setting next_dagrun for example_branch_dop_operator_v3 to 2023-10-11T07:39:00+00:00, run_after=2023-10-11T07:40:00+00:00
[2023-10-11T07:40:31.554+0000] {processor.py:179} INFO - Processing /home/airflow/.local/lib/python3.8/site-packages/airflow/example_dags/example_branch_python_dop_operator_3.py took 0.047 seconds
[2023-10-11T07:41:01.735+0000] {processor.py:157} INFO - Started process (PID=455) to work on /home/airflow/.local/lib/python3.8/site-packages/airflow/example_dags/example_branch_python_dop_operator_3.py
[2023-10-11T07:41:01.736+0000] {processor.py:829} INFO - Processing file /home/airflow/.local/lib/python3.8/site-packages/airflow/example_dags/example_branch_python_dop_operator_3.py for tasks to queue
[2023-10-11T07:41:01.737+0000] {logging_mixin.py:151} INFO - [2023-10-11T07:41:01.737+0000] {dagbag.py:539} INFO - Filling up the DagBag from /home/airflow/.local/lib/python3.8/site-packages/airflow/example_dags/example_branch_python_dop_operator_3.py
[2023-10-11T07:41:01.742+0000] {processor.py:839} INFO - DAG(s) dict_keys(['example_branch_dop_operator_v3']) retrieved from /home/airflow/.local/lib/python3.8/site-packages/airflow/example_dags/example_branch_python_dop_operator_3.py
[2023-10-11T07:41:01.758+0000] {logging_mixin.py:151} INFO - [2023-10-11T07:41:01.758+0000] {dag.py:2915} INFO - Sync 1 DAGs
[2023-10-11T07:41:01.772+0000] {logging_mixin.py:151} INFO - [2023-10-11T07:41:01.772+0000] {dag.py:3696} INFO - Setting next_dagrun for example_branch_dop_operator_v3 to 2023-10-11T07:40:00+00:00, run_after=2023-10-11T07:41:00+00:00
[2023-10-11T07:41:01.781+0000] {processor.py:179} INFO - Processing /home/airflow/.local/lib/python3.8/site-packages/airflow/example_dags/example_branch_python_dop_operator_3.py took 0.048 seconds
[2023-10-11T07:41:32.025+0000] {processor.py:157} INFO - Started process (PID=514) to work on /home/airflow/.local/lib/python3.8/site-packages/airflow/example_dags/example_branch_python_dop_operator_3.py
[2023-10-11T07:41:32.026+0000] {processor.py:829} INFO - Processing file /home/airflow/.local/lib/python3.8/site-packages/airflow/example_dags/example_branch_python_dop_operator_3.py for tasks to queue
[2023-10-11T07:41:32.027+0000] {logging_mixin.py:151} INFO - [2023-10-11T07:41:32.027+0000] {dagbag.py:539} INFO - Filling up the DagBag from /home/airflow/.local/lib/python3.8/site-packages/airflow/example_dags/example_branch_python_dop_operator_3.py
[2023-10-11T07:41:32.032+0000] {processor.py:839} INFO - DAG(s) dict_keys(['example_branch_dop_operator_v3']) retrieved from /home/airflow/.local/lib/python3.8/site-packages/airflow/example_dags/example_branch_python_dop_operator_3.py
[2023-10-11T07:41:32.048+0000] {logging_mixin.py:151} INFO - [2023-10-11T07:41:32.048+0000] {dag.py:2915} INFO - Sync 1 DAGs
[2023-10-11T07:41:32.062+0000] {logging_mixin.py:151} INFO - [2023-10-11T07:41:32.062+0000] {dag.py:3696} INFO - Setting next_dagrun for example_branch_dop_operator_v3 to 2023-10-11T07:40:00+00:00, run_after=2023-10-11T07:41:00+00:00
[2023-10-11T07:41:32.071+0000] {processor.py:179} INFO - Processing /home/airflow/.local/lib/python3.8/site-packages/airflow/example_dags/example_branch_python_dop_operator_3.py took 0.048 seconds
[2023-10-11T07:42:02.357+0000] {processor.py:157} INFO - Started process (PID=573) to work on /home/airflow/.local/lib/python3.8/site-packages/airflow/example_dags/example_branch_python_dop_operator_3.py
[2023-10-11T07:42:02.358+0000] {processor.py:829} INFO - Processing file /home/airflow/.local/lib/python3.8/site-packages/airflow/example_dags/example_branch_python_dop_operator_3.py for tasks to queue
[2023-10-11T07:42:02.359+0000] {logging_mixin.py:151} INFO - [2023-10-11T07:42:02.359+0000] {dagbag.py:539} INFO - Filling up the DagBag from /home/airflow/.local/lib/python3.8/site-packages/airflow/example_dags/example_branch_python_dop_operator_3.py
[2023-10-11T07:42:02.364+0000] {processor.py:839} INFO - DAG(s) dict_keys(['example_branch_dop_operator_v3']) retrieved from /home/airflow/.local/lib/python3.8/site-packages/airflow/example_dags/example_branch_python_dop_operator_3.py
[2023-10-11T07:42:02.380+0000] {logging_mixin.py:151} INFO - [2023-10-11T07:42:02.379+0000] {dag.py:2915} INFO - Sync 1 DAGs
[2023-10-11T07:42:02.394+0000] {logging_mixin.py:151} INFO - [2023-10-11T07:42:02.394+0000] {dag.py:3696} INFO - Setting next_dagrun for example_branch_dop_operator_v3 to 2023-10-11T07:41:00+00:00, run_after=2023-10-11T07:42:00+00:00
[2023-10-11T07:42:02.402+0000] {processor.py:179} INFO - Processing /home/airflow/.local/lib/python3.8/site-packages/airflow/example_dags/example_branch_python_dop_operator_3.py took 0.047 seconds
[2023-10-11T07:42:32.979+0000] {processor.py:157} INFO - Started process (PID=632) to work on /home/airflow/.local/lib/python3.8/site-packages/airflow/example_dags/example_branch_python_dop_operator_3.py
[2023-10-11T07:42:32.979+0000] {processor.py:829} INFO - Processing file /home/airflow/.local/lib/python3.8/site-packages/airflow/example_dags/example_branch_python_dop_operator_3.py for tasks to queue
[2023-10-11T07:42:32.981+0000] {logging_mixin.py:151} INFO - [2023-10-11T07:42:32.980+0000] {dagbag.py:539} INFO - Filling up the DagBag from /home/airflow/.local/lib/python3.8/site-packages/airflow/example_dags/example_branch_python_dop_operator_3.py
[2023-10-11T07:42:32.986+0000] {processor.py:839} INFO - DAG(s) dict_keys(['example_branch_dop_operator_v3']) retrieved from /home/airflow/.local/lib/python3.8/site-packages/airflow/example_dags/example_branch_python_dop_operator_3.py
[2023-10-11T07:42:33.002+0000] {logging_mixin.py:151} INFO - [2023-10-11T07:42:33.001+0000] {dag.py:2915} INFO - Sync 1 DAGs
[2023-10-11T07:42:33.016+0000] {logging_mixin.py:151} INFO - [2023-10-11T07:42:33.016+0000] {dag.py:3696} INFO - Setting next_dagrun for example_branch_dop_operator_v3 to 2023-10-11T07:41:00+00:00, run_after=2023-10-11T07:42:00+00:00
[2023-10-11T07:42:33.025+0000] {processor.py:179} INFO - Processing /home/airflow/.local/lib/python3.8/site-packages/airflow/example_dags/example_branch_python_dop_operator_3.py took 0.048 seconds
[2023-10-11T07:43:03.438+0000] {processor.py:157} INFO - Started process (PID=691) to work on /home/airflow/.local/lib/python3.8/site-packages/airflow/example_dags/example_branch_python_dop_operator_3.py
[2023-10-11T07:43:03.439+0000] {processor.py:829} INFO - Processing file /home/airflow/.local/lib/python3.8/site-packages/airflow/example_dags/example_branch_python_dop_operator_3.py for tasks to queue
[2023-10-11T07:43:03.440+0000] {logging_mixin.py:151} INFO - [2023-10-11T07:43:03.440+0000] {dagbag.py:539} INFO - Filling up the DagBag from /home/airflow/.local/lib/python3.8/site-packages/airflow/example_dags/example_branch_python_dop_operator_3.py
[2023-10-11T07:43:03.445+0000] {processor.py:839} INFO - DAG(s) dict_keys(['example_branch_dop_operator_v3']) retrieved from /home/airflow/.local/lib/python3.8/site-packages/airflow/example_dags/example_branch_python_dop_operator_3.py
[2023-10-11T07:43:03.461+0000] {logging_mixin.py:151} INFO - [2023-10-11T07:43:03.460+0000] {dag.py:2915} INFO - Sync 1 DAGs
[2023-10-11T07:43:03.475+0000] {logging_mixin.py:151} INFO - [2023-10-11T07:43:03.475+0000] {dag.py:3696} INFO - Setting next_dagrun for example_branch_dop_operator_v3 to 2023-10-11T07:42:00+00:00, run_after=2023-10-11T07:43:00+00:00
[2023-10-11T07:43:03.484+0000] {processor.py:179} INFO - Processing /home/airflow/.local/lib/python3.8/site-packages/airflow/example_dags/example_branch_python_dop_operator_3.py took 0.048 seconds
[2023-10-11T07:43:34.580+0000] {processor.py:157} INFO - Started process (PID=750) to work on /home/airflow/.local/lib/python3.8/site-packages/airflow/example_dags/example_branch_python_dop_operator_3.py
[2023-10-11T07:43:34.581+0000] {processor.py:829} INFO - Processing file /home/airflow/.local/lib/python3.8/site-packages/airflow/example_dags/example_branch_python_dop_operator_3.py for tasks to queue
[2023-10-11T07:43:34.582+0000] {logging_mixin.py:151} INFO - [2023-10-11T07:43:34.582+0000] {dagbag.py:539} INFO - Filling up the DagBag from /home/airflow/.local/lib/python3.8/site-packages/airflow/example_dags/example_branch_python_dop_operator_3.py
[2023-10-11T07:43:34.588+0000] {processor.py:839} INFO - DAG(s) dict_keys(['example_branch_dop_operator_v3']) retrieved from /home/airflow/.local/lib/python3.8/site-packages/airflow/example_dags/example_branch_python_dop_operator_3.py
[2023-10-11T07:43:34.604+0000] {logging_mixin.py:151} INFO - [2023-10-11T07:43:34.604+0000] {dag.py:2915} INFO - Sync 1 DAGs
[2023-10-11T07:43:34.620+0000] {logging_mixin.py:151} INFO - [2023-10-11T07:43:34.619+0000] {dag.py:3696} INFO - Setting next_dagrun for example_branch_dop_operator_v3 to 2023-10-11T07:42:00+00:00, run_after=2023-10-11T07:43:00+00:00
[2023-10-11T07:43:34.629+0000] {processor.py:179} INFO - Processing /home/airflow/.local/lib/python3.8/site-packages/airflow/example_dags/example_branch_python_dop_operator_3.py took 0.051 seconds
[2023-10-11T07:44:04.766+0000] {processor.py:157} INFO - Started process (PID=809) to work on /home/airflow/.local/lib/python3.8/site-packages/airflow/example_dags/example_branch_python_dop_operator_3.py
[2023-10-11T07:44:04.767+0000] {processor.py:829} INFO - Processing file /home/airflow/.local/lib/python3.8/site-packages/airflow/example_dags/example_branch_python_dop_operator_3.py for tasks to queue
[2023-10-11T07:44:04.768+0000] {logging_mixin.py:151} INFO - [2023-10-11T07:44:04.768+0000] {dagbag.py:539} INFO - Filling up the DagBag from /home/airflow/.local/lib/python3.8/site-packages/airflow/example_dags/example_branch_python_dop_operator_3.py
[2023-10-11T07:44:04.773+0000] {processor.py:839} INFO - DAG(s) dict_keys(['example_branch_dop_operator_v3']) retrieved from /home/airflow/.local/lib/python3.8/site-packages/airflow/example_dags/example_branch_python_dop_operator_3.py
[2023-10-11T07:44:04.789+0000] {logging_mixin.py:151} INFO - [2023-10-11T07:44:04.789+0000] {dag.py:2915} INFO - Sync 1 DAGs
[2023-10-11T07:44:04.803+0000] {logging_mixin.py:151} INFO - [2023-10-11T07:44:04.803+0000] {dag.py:3696} INFO - Setting next_dagrun for example_branch_dop_operator_v3 to 2023-10-11T07:43:00+00:00, run_after=2023-10-11T07:44:00+00:00
[2023-10-11T07:44:04.812+0000] {processor.py:179} INFO - Processing /home/airflow/.local/lib/python3.8/site-packages/airflow/example_dags/example_branch_python_dop_operator_3.py took 0.048 seconds
[2023-10-11T07:44:35.897+0000] {processor.py:157} INFO - Started process (PID=868) to work on /home/airflow/.local/lib/python3.8/site-packages/airflow/example_dags/example_branch_python_dop_operator_3.py
[2023-10-11T07:44:35.897+0000] {processor.py:829} INFO - Processing file /home/airflow/.local/lib/python3.8/site-packages/airflow/example_dags/example_branch_python_dop_operator_3.py for tasks to queue
[2023-10-11T07:44:35.899+0000] {logging_mixin.py:151} INFO - [2023-10-11T07:44:35.898+0000] {dagbag.py:539} INFO - Filling up the DagBag from /home/airflow/.local/lib/python3.8/site-packages/airflow/example_dags/example_branch_python_dop_operator_3.py
[2023-10-11T07:44:35.904+0000] {processor.py:839} INFO - DAG(s) dict_keys(['example_branch_dop_operator_v3']) retrieved from /home/airflow/.local/lib/python3.8/site-packages/airflow/example_dags/example_branch_python_dop_operator_3.py
[2023-10-11T07:44:35.920+0000] {logging_mixin.py:151} INFO - [2023-10-11T07:44:35.920+0000] {dag.py:2915} INFO - Sync 1 DAGs
[2023-10-11T07:44:35.936+0000] {logging_mixin.py:151} INFO - [2023-10-11T07:44:35.936+0000] {dag.py:3696} INFO - Setting next_dagrun for example_branch_dop_operator_v3 to 2023-10-11T07:43:00+00:00, run_after=2023-10-11T07:44:00+00:00
[2023-10-11T07:44:35.946+0000] {processor.py:179} INFO - Processing /home/airflow/.local/lib/python3.8/site-packages/airflow/example_dags/example_branch_python_dop_operator_3.py took 0.051 seconds
[2023-10-11T07:45:07.018+0000] {processor.py:157} INFO - Started process (PID=927) to work on /home/airflow/.local/lib/python3.8/site-packages/airflow/example_dags/example_branch_python_dop_operator_3.py
[2023-10-11T07:45:07.018+0000] {processor.py:829} INFO - Processing file /home/airflow/.local/lib/python3.8/site-packages/airflow/example_dags/example_branch_python_dop_operator_3.py for tasks to queue
[2023-10-11T07:45:07.020+0000] {logging_mixin.py:151} INFO - [2023-10-11T07:45:07.019+0000] {dagbag.py:539} INFO - Filling up the DagBag from /home/airflow/.local/lib/python3.8/site-packages/airflow/example_dags/example_branch_python_dop_operator_3.py
[2023-10-11T07:45:07.025+0000] {processor.py:839} INFO - DAG(s) dict_keys(['example_branch_dop_operator_v3']) retrieved from /home/airflow/.local/lib/python3.8/site-packages/airflow/example_dags/example_branch_python_dop_operator_3.py
[2023-10-11T07:45:07.041+0000] {logging_mixin.py:151} INFO - [2023-10-11T07:45:07.041+0000] {dag.py:2915} INFO - Sync 1 DAGs
[2023-10-11T07:45:07.055+0000] {logging_mixin.py:151} INFO - [2023-10-11T07:45:07.055+0000] {dag.py:3696} INFO - Setting next_dagrun for example_branch_dop_operator_v3 to 2023-10-11T07:44:00+00:00, run_after=2023-10-11T07:45:00+00:00
[2023-10-11T07:45:07.064+0000] {processor.py:179} INFO - Processing /home/airflow/.local/lib/python3.8/site-packages/airflow/example_dags/example_branch_python_dop_operator_3.py took 0.048 seconds
[2023-10-11T07:45:37.491+0000] {processor.py:157} INFO - Started process (PID=986) to work on /home/airflow/.local/lib/python3.8/site-packages/airflow/example_dags/example_branch_python_dop_operator_3.py
[2023-10-11T07:45:37.492+0000] {processor.py:829} INFO - Processing file /home/airflow/.local/lib/python3.8/site-packages/airflow/example_dags/example_branch_python_dop_operator_3.py for tasks to queue
[2023-10-11T07:45:37.494+0000] {logging_mixin.py:151} INFO - [2023-10-11T07:45:37.493+0000] {dagbag.py:539} INFO - Filling up the DagBag from /home/airflow/.local/lib/python3.8/site-packages/airflow/example_dags/example_branch_python_dop_operator_3.py
[2023-10-11T07:45:37.499+0000] {processor.py:839} INFO - DAG(s) dict_keys(['example_branch_dop_operator_v3']) retrieved from /home/airflow/.local/lib/python3.8/site-packages/airflow/example_dags/example_branch_python_dop_operator_3.py
[2023-10-11T07:45:37.517+0000] {logging_mixin.py:151} INFO - [2023-10-11T07:45:37.516+0000] {dag.py:2915} INFO - Sync 1 DAGs
[2023-10-11T07:45:37.534+0000] {logging_mixin.py:151} INFO - [2023-10-11T07:45:37.534+0000] {dag.py:3696} INFO - Setting next_dagrun for example_branch_dop_operator_v3 to 2023-10-11T07:44:00+00:00, run_after=2023-10-11T07:45:00+00:00
[2023-10-11T07:45:37.545+0000] {processor.py:179} INFO - Processing /home/airflow/.local/lib/python3.8/site-packages/airflow/example_dags/example_branch_python_dop_operator_3.py took 0.056 seconds
[2023-10-11T07:46:07.872+0000] {processor.py:157} INFO - Started process (PID=1045) to work on /home/airflow/.local/lib/python3.8/site-packages/airflow/example_dags/example_branch_python_dop_operator_3.py
[2023-10-11T07:46:07.873+0000] {processor.py:829} INFO - Processing file /home/airflow/.local/lib/python3.8/site-packages/airflow/example_dags/example_branch_python_dop_operator_3.py for tasks to queue
[2023-10-11T07:46:07.875+0000] {logging_mixin.py:151} INFO - [2023-10-11T07:46:07.874+0000] {dagbag.py:539} INFO - Filling up the DagBag from /home/airflow/.local/lib/python3.8/site-packages/airflow/example_dags/example_branch_python_dop_operator_3.py
[2023-10-11T07:46:07.882+0000] {processor.py:839} INFO - DAG(s) dict_keys(['example_branch_dop_operator_v3']) retrieved from /home/airflow/.local/lib/python3.8/site-packages/airflow/example_dags/example_branch_python_dop_operator_3.py
[2023-10-11T07:46:07.902+0000] {logging_mixin.py:151} INFO - [2023-10-11T07:46:07.902+0000] {dag.py:2915} INFO - Sync 1 DAGs
[2023-10-11T07:46:07.923+0000] {logging_mixin.py:151} INFO - [2023-10-11T07:46:07.922+0000] {dag.py:3696} INFO - Setting next_dagrun for example_branch_dop_operator_v3 to 2023-10-11T07:45:00+00:00, run_after=2023-10-11T07:46:00+00:00
[2023-10-11T07:46:07.936+0000] {processor.py:179} INFO - Processing /home/airflow/.local/lib/python3.8/site-packages/airflow/example_dags/example_branch_python_dop_operator_3.py took 0.066 seconds
[2023-10-11T07:46:38.270+0000] {processor.py:157} INFO - Started process (PID=1103) to work on /home/airflow/.local/lib/python3.8/site-packages/airflow/example_dags/example_branch_python_dop_operator_3.py
[2023-10-11T07:46:38.271+0000] {processor.py:829} INFO - Processing file /home/airflow/.local/lib/python3.8/site-packages/airflow/example_dags/example_branch_python_dop_operator_3.py for tasks to queue
[2023-10-11T07:46:38.272+0000] {logging_mixin.py:151} INFO - [2023-10-11T07:46:38.272+0000] {dagbag.py:539} INFO - Filling up the DagBag from /home/airflow/.local/lib/python3.8/site-packages/airflow/example_dags/example_branch_python_dop_operator_3.py
[2023-10-11T07:46:38.277+0000] {processor.py:839} INFO - DAG(s) dict_keys(['example_branch_dop_operator_v3']) retrieved from /home/airflow/.local/lib/python3.8/site-packages/airflow/example_dags/example_branch_python_dop_operator_3.py
[2023-10-11T07:46:38.293+0000] {logging_mixin.py:151} INFO - [2023-10-11T07:46:38.293+0000] {dag.py:2915} INFO - Sync 1 DAGs
[2023-10-11T07:46:38.307+0000] {logging_mixin.py:151} INFO - [2023-10-11T07:46:38.307+0000] {dag.py:3696} INFO - Setting next_dagrun for example_branch_dop_operator_v3 to 2023-10-11T07:45:00+00:00, run_after=2023-10-11T07:46:00+00:00
[2023-10-11T07:46:38.316+0000] {processor.py:179} INFO - Processing /home/airflow/.local/lib/python3.8/site-packages/airflow/example_dags/example_branch_python_dop_operator_3.py took 0.047 seconds
[2023-10-11T07:47:08.522+0000] {processor.py:157} INFO - Started process (PID=1162) to work on /home/airflow/.local/lib/python3.8/site-packages/airflow/example_dags/example_branch_python_dop_operator_3.py
[2023-10-11T07:47:08.522+0000] {processor.py:829} INFO - Processing file /home/airflow/.local/lib/python3.8/site-packages/airflow/example_dags/example_branch_python_dop_operator_3.py for tasks to queue
[2023-10-11T07:47:08.524+0000] {logging_mixin.py:151} INFO - [2023-10-11T07:47:08.523+0000] {dagbag.py:539} INFO - Filling up the DagBag from /home/airflow/.local/lib/python3.8/site-packages/airflow/example_dags/example_branch_python_dop_operator_3.py
[2023-10-11T07:47:08.529+0000] {processor.py:839} INFO - DAG(s) dict_keys(['example_branch_dop_operator_v3']) retrieved from /home/airflow/.local/lib/python3.8/site-packages/airflow/example_dags/example_branch_python_dop_operator_3.py
[2023-10-11T07:47:08.545+0000] {logging_mixin.py:151} INFO - [2023-10-11T07:47:08.545+0000] {dag.py:2915} INFO - Sync 1 DAGs
[2023-10-11T07:47:08.559+0000] {logging_mixin.py:151} INFO - [2023-10-11T07:47:08.559+0000] {dag.py:3696} INFO - Setting next_dagrun for example_branch_dop_operator_v3 to 2023-10-11T07:46:00+00:00, run_after=2023-10-11T07:47:00+00:00
[2023-10-11T07:47:08.568+0000] {processor.py:179} INFO - Processing /home/airflow/.local/lib/python3.8/site-packages/airflow/example_dags/example_branch_python_dop_operator_3.py took 0.049 seconds
[2023-10-11T07:47:39.696+0000] {processor.py:157} INFO - Started process (PID=1221) to work on /home/airflow/.local/lib/python3.8/site-packages/airflow/example_dags/example_branch_python_dop_operator_3.py
[2023-10-11T07:47:39.696+0000] {processor.py:829} INFO - Processing file /home/airflow/.local/lib/python3.8/site-packages/airflow/example_dags/example_branch_python_dop_operator_3.py for tasks to queue
[2023-10-11T07:47:39.698+0000] {logging_mixin.py:151} INFO - [2023-10-11T07:47:39.697+0000] {dagbag.py:539} INFO - Filling up the DagBag from /home/airflow/.local/lib/python3.8/site-packages/airflow/example_dags/example_branch_python_dop_operator_3.py
[2023-10-11T07:47:39.704+0000] {processor.py:839} INFO - DAG(s) dict_keys(['example_branch_dop_operator_v3']) retrieved from /home/airflow/.local/lib/python3.8/site-packages/airflow/example_dags/example_branch_python_dop_operator_3.py
[2023-10-11T07:47:39.765+0000] {logging_mixin.py:151} INFO - [2023-10-11T07:47:39.765+0000] {dag.py:2915} INFO - Sync 1 DAGs
[2023-10-11T07:47:39.783+0000] {logging_mixin.py:151} INFO - [2023-10-11T07:47:39.783+0000] {dag.py:3696} INFO - Setting next_dagrun for example_branch_dop_operator_v3 to 2023-10-11T07:46:00+00:00, run_after=2023-10-11T07:47:00+00:00
[2023-10-11T07:47:39.792+0000] {processor.py:179} INFO - Processing /home/airflow/.local/lib/python3.8/site-packages/airflow/example_dags/example_branch_python_dop_operator_3.py took 0.099 seconds
[2023-10-11T07:48:09.995+0000] {processor.py:157} INFO - Started process (PID=1280) to work on /home/airflow/.local/lib/python3.8/site-packages/airflow/example_dags/example_branch_python_dop_operator_3.py
[2023-10-11T07:48:09.996+0000] {processor.py:829} INFO - Processing file /home/airflow/.local/lib/python3.8/site-packages/airflow/example_dags/example_branch_python_dop_operator_3.py for tasks to queue
[2023-10-11T07:48:09.997+0000] {logging_mixin.py:151} INFO - [2023-10-11T07:48:09.997+0000] {dagbag.py:539} INFO - Filling up the DagBag from /home/airflow/.local/lib/python3.8/site-packages/airflow/example_dags/example_branch_python_dop_operator_3.py
[2023-10-11T07:48:10.002+0000] {processor.py:839} INFO - DAG(s) dict_keys(['example_branch_dop_operator_v3']) retrieved from /home/airflow/.local/lib/python3.8/site-packages/airflow/example_dags/example_branch_python_dop_operator_3.py
[2023-10-11T07:48:10.019+0000] {logging_mixin.py:151} INFO - [2023-10-11T07:48:10.019+0000] {dag.py:2915} INFO - Sync 1 DAGs
[2023-10-11T07:48:10.033+0000] {logging_mixin.py:151} INFO - [2023-10-11T07:48:10.033+0000] {dag.py:3696} INFO - Setting next_dagrun for example_branch_dop_operator_v3 to 2023-10-11T07:47:00+00:00, run_after=2023-10-11T07:48:00+00:00
[2023-10-11T07:48:10.042+0000] {processor.py:179} INFO - Processing /home/airflow/.local/lib/python3.8/site-packages/airflow/example_dags/example_branch_python_dop_operator_3.py took 0.049 seconds
[2023-10-11T07:48:40.587+0000] {processor.py:157} INFO - Started process (PID=1339) to work on /home/airflow/.local/lib/python3.8/site-packages/airflow/example_dags/example_branch_python_dop_operator_3.py
[2023-10-11T07:48:40.588+0000] {processor.py:829} INFO - Processing file /home/airflow/.local/lib/python3.8/site-packages/airflow/example_dags/example_branch_python_dop_operator_3.py for tasks to queue
[2023-10-11T07:48:40.589+0000] {logging_mixin.py:151} INFO - [2023-10-11T07:48:40.589+0000] {dagbag.py:539} INFO - Filling up the DagBag from /home/airflow/.local/lib/python3.8/site-packages/airflow/example_dags/example_branch_python_dop_operator_3.py
[2023-10-11T07:48:40.595+0000] {processor.py:839} INFO - DAG(s) dict_keys(['example_branch_dop_operator_v3']) retrieved from /home/airflow/.local/lib/python3.8/site-packages/airflow/example_dags/example_branch_python_dop_operator_3.py
[2023-10-11T07:48:40.612+0000] {logging_mixin.py:151} INFO - [2023-10-11T07:48:40.612+0000] {dag.py:2915} INFO - Sync 1 DAGs
[2023-10-11T07:48:40.627+0000] {logging_mixin.py:151} INFO - [2023-10-11T07:48:40.627+0000] {dag.py:3696} INFO - Setting next_dagrun for example_branch_dop_operator_v3 to 2023-10-11T07:47:00+00:00, run_after=2023-10-11T07:48:00+00:00
[2023-10-11T07:48:40.637+0000] {processor.py:179} INFO - Processing /home/airflow/.local/lib/python3.8/site-packages/airflow/example_dags/example_branch_python_dop_operator_3.py took 0.052 seconds
[2023-10-11T07:49:11.670+0000] {processor.py:157} INFO - Started process (PID=1403) to work on /home/airflow/.local/lib/python3.8/site-packages/airflow/example_dags/example_branch_python_dop_operator_3.py
[2023-10-11T07:49:11.670+0000] {processor.py:829} INFO - Processing file /home/airflow/.local/lib/python3.8/site-packages/airflow/example_dags/example_branch_python_dop_operator_3.py for tasks to queue
[2023-10-11T07:49:11.671+0000] {logging_mixin.py:151} INFO - [2023-10-11T07:49:11.671+0000] {dagbag.py:539} INFO - Filling up the DagBag from /home/airflow/.local/lib/python3.8/site-packages/airflow/example_dags/example_branch_python_dop_operator_3.py
[2023-10-11T07:49:11.677+0000] {processor.py:839} INFO - DAG(s) dict_keys(['example_branch_dop_operator_v3']) retrieved from /home/airflow/.local/lib/python3.8/site-packages/airflow/example_dags/example_branch_python_dop_operator_3.py
[2023-10-11T07:49:11.693+0000] {logging_mixin.py:151} INFO - [2023-10-11T07:49:11.693+0000] {dag.py:2915} INFO - Sync 1 DAGs
[2023-10-11T07:49:11.708+0000] {logging_mixin.py:151} INFO - [2023-10-11T07:49:11.708+0000] {dag.py:3696} INFO - Setting next_dagrun for example_branch_dop_operator_v3 to 2023-10-11T07:48:00+00:00, run_after=2023-10-11T07:49:00+00:00
[2023-10-11T07:49:11.717+0000] {processor.py:179} INFO - Processing /home/airflow/.local/lib/python3.8/site-packages/airflow/example_dags/example_branch_python_dop_operator_3.py took 0.050 seconds
[2023-10-11T07:49:42.847+0000] {processor.py:157} INFO - Started process (PID=1462) to work on /home/airflow/.local/lib/python3.8/site-packages/airflow/example_dags/example_branch_python_dop_operator_3.py
[2023-10-11T07:49:42.847+0000] {processor.py:829} INFO - Processing file /home/airflow/.local/lib/python3.8/site-packages/airflow/example_dags/example_branch_python_dop_operator_3.py for tasks to queue
[2023-10-11T07:49:42.849+0000] {logging_mixin.py:151} INFO - [2023-10-11T07:49:42.848+0000] {dagbag.py:539} INFO - Filling up the DagBag from /home/airflow/.local/lib/python3.8/site-packages/airflow/example_dags/example_branch_python_dop_operator_3.py
[2023-10-11T07:49:42.854+0000] {processor.py:839} INFO - DAG(s) dict_keys(['example_branch_dop_operator_v3']) retrieved from /home/airflow/.local/lib/python3.8/site-packages/airflow/example_dags/example_branch_python_dop_operator_3.py
[2023-10-11T07:49:42.870+0000] {logging_mixin.py:151} INFO - [2023-10-11T07:49:42.870+0000] {dag.py:2915} INFO - Sync 1 DAGs
[2023-10-11T07:49:42.884+0000] {logging_mixin.py:151} INFO - [2023-10-11T07:49:42.884+0000] {dag.py:3696} INFO - Setting next_dagrun for example_branch_dop_operator_v3 to 2023-10-11T07:48:00+00:00, run_after=2023-10-11T07:49:00+00:00
[2023-10-11T07:49:42.893+0000] {processor.py:179} INFO - Processing /home/airflow/.local/lib/python3.8/site-packages/airflow/example_dags/example_branch_python_dop_operator_3.py took 0.048 seconds
[2023-10-11T07:50:13.154+0000] {processor.py:157} INFO - Started process (PID=1521) to work on /home/airflow/.local/lib/python3.8/site-packages/airflow/example_dags/example_branch_python_dop_operator_3.py
[2023-10-11T07:50:13.154+0000] {processor.py:829} INFO - Processing file /home/airflow/.local/lib/python3.8/site-packages/airflow/example_dags/example_branch_python_dop_operator_3.py for tasks to queue
[2023-10-11T07:50:13.155+0000] {logging_mixin.py:151} INFO - [2023-10-11T07:50:13.155+0000] {dagbag.py:539} INFO - Filling up the DagBag from /home/airflow/.local/lib/python3.8/site-packages/airflow/example_dags/example_branch_python_dop_operator_3.py
[2023-10-11T07:50:13.161+0000] {processor.py:839} INFO - DAG(s) dict_keys(['example_branch_dop_operator_v3']) retrieved from /home/airflow/.local/lib/python3.8/site-packages/airflow/example_dags/example_branch_python_dop_operator_3.py
[2023-10-11T07:50:13.182+0000] {logging_mixin.py:151} INFO - [2023-10-11T07:50:13.182+0000] {dag.py:2915} INFO - Sync 1 DAGs
[2023-10-11T07:50:13.201+0000] {logging_mixin.py:151} INFO - [2023-10-11T07:50:13.201+0000] {dag.py:3696} INFO - Setting next_dagrun for example_branch_dop_operator_v3 to 2023-10-11T07:49:00+00:00, run_after=2023-10-11T07:50:00+00:00
[2023-10-11T07:50:13.211+0000] {processor.py:179} INFO - Processing /home/airflow/.local/lib/python3.8/site-packages/airflow/example_dags/example_branch_python_dop_operator_3.py took 0.059 seconds
