[2023-10-11T07:17:22.769+0000] {processor.py:157} INFO - Started process (PID=53) to work on /home/airflow/.local/lib/python3.8/site-packages/airflow/example_dags/example_dynamic_task_mapping_with_no_taskflow_operators.py
[2023-10-11T07:17:22.770+0000] {processor.py:829} INFO - Processing file /home/airflow/.local/lib/python3.8/site-packages/airflow/example_dags/example_dynamic_task_mapping_with_no_taskflow_operators.py for tasks to queue
[2023-10-11T07:17:22.772+0000] {logging_mixin.py:151} INFO - [2023-10-11T07:17:22.771+0000] {dagbag.py:539} INFO - Filling up the DagBag from /home/airflow/.local/lib/python3.8/site-packages/airflow/example_dags/example_dynamic_task_mapping_with_no_taskflow_operators.py
[2023-10-11T07:17:22.777+0000] {processor.py:839} INFO - DAG(s) dict_keys(['example_dynamic_task_mapping_with_no_taskflow_operators']) retrieved from /home/airflow/.local/lib/python3.8/site-packages/airflow/example_dags/example_dynamic_task_mapping_with_no_taskflow_operators.py
[2023-10-11T07:17:22.796+0000] {logging_mixin.py:151} INFO - [2023-10-11T07:17:22.796+0000] {dag.py:2915} INFO - Sync 1 DAGs
[2023-10-11T07:17:22.814+0000] {logging_mixin.py:151} INFO - [2023-10-11T07:17:22.814+0000] {dag.py:3696} INFO - Setting next_dagrun for example_dynamic_task_mapping_with_no_taskflow_operators to 2023-10-10T07:17:22.814178+00:00, run_after=2023-10-11T07:17:22.814178+00:00
[2023-10-11T07:17:22.826+0000] {processor.py:179} INFO - Processing /home/airflow/.local/lib/python3.8/site-packages/airflow/example_dags/example_dynamic_task_mapping_with_no_taskflow_operators.py took 0.060 seconds
[2023-10-11T07:17:53.110+0000] {processor.py:157} INFO - Started process (PID=112) to work on /home/airflow/.local/lib/python3.8/site-packages/airflow/example_dags/example_dynamic_task_mapping_with_no_taskflow_operators.py
[2023-10-11T07:17:53.111+0000] {processor.py:829} INFO - Processing file /home/airflow/.local/lib/python3.8/site-packages/airflow/example_dags/example_dynamic_task_mapping_with_no_taskflow_operators.py for tasks to queue
[2023-10-11T07:17:53.112+0000] {logging_mixin.py:151} INFO - [2023-10-11T07:17:53.112+0000] {dagbag.py:539} INFO - Filling up the DagBag from /home/airflow/.local/lib/python3.8/site-packages/airflow/example_dags/example_dynamic_task_mapping_with_no_taskflow_operators.py
[2023-10-11T07:17:53.116+0000] {processor.py:839} INFO - DAG(s) dict_keys(['example_dynamic_task_mapping_with_no_taskflow_operators']) retrieved from /home/airflow/.local/lib/python3.8/site-packages/airflow/example_dags/example_dynamic_task_mapping_with_no_taskflow_operators.py
[2023-10-11T07:17:53.132+0000] {logging_mixin.py:151} INFO - [2023-10-11T07:17:53.132+0000] {dag.py:2915} INFO - Sync 1 DAGs
[2023-10-11T07:17:53.145+0000] {logging_mixin.py:151} INFO - [2023-10-11T07:17:53.145+0000] {dag.py:3696} INFO - Setting next_dagrun for example_dynamic_task_mapping_with_no_taskflow_operators to 2023-10-10T07:17:53.145494+00:00, run_after=2023-10-11T07:17:53.145494+00:00
[2023-10-11T07:17:53.156+0000] {processor.py:179} INFO - Processing /home/airflow/.local/lib/python3.8/site-packages/airflow/example_dags/example_dynamic_task_mapping_with_no_taskflow_operators.py took 0.048 seconds
[2023-10-11T07:18:23.899+0000] {processor.py:157} INFO - Started process (PID=171) to work on /home/airflow/.local/lib/python3.8/site-packages/airflow/example_dags/example_dynamic_task_mapping_with_no_taskflow_operators.py
[2023-10-11T07:18:23.900+0000] {processor.py:829} INFO - Processing file /home/airflow/.local/lib/python3.8/site-packages/airflow/example_dags/example_dynamic_task_mapping_with_no_taskflow_operators.py for tasks to queue
[2023-10-11T07:18:23.901+0000] {logging_mixin.py:151} INFO - [2023-10-11T07:18:23.901+0000] {dagbag.py:539} INFO - Filling up the DagBag from /home/airflow/.local/lib/python3.8/site-packages/airflow/example_dags/example_dynamic_task_mapping_with_no_taskflow_operators.py
[2023-10-11T07:18:23.906+0000] {processor.py:839} INFO - DAG(s) dict_keys(['example_dynamic_task_mapping_with_no_taskflow_operators']) retrieved from /home/airflow/.local/lib/python3.8/site-packages/airflow/example_dags/example_dynamic_task_mapping_with_no_taskflow_operators.py
[2023-10-11T07:18:23.922+0000] {logging_mixin.py:151} INFO - [2023-10-11T07:18:23.921+0000] {dag.py:2915} INFO - Sync 1 DAGs
[2023-10-11T07:18:23.935+0000] {logging_mixin.py:151} INFO - [2023-10-11T07:18:23.935+0000] {dag.py:3696} INFO - Setting next_dagrun for example_dynamic_task_mapping_with_no_taskflow_operators to 2023-10-10T07:18:23.935093+00:00, run_after=2023-10-11T07:18:23.935093+00:00
[2023-10-11T07:18:23.945+0000] {processor.py:179} INFO - Processing /home/airflow/.local/lib/python3.8/site-packages/airflow/example_dags/example_dynamic_task_mapping_with_no_taskflow_operators.py took 0.048 seconds
[2023-10-11T07:18:55.108+0000] {processor.py:157} INFO - Started process (PID=230) to work on /home/airflow/.local/lib/python3.8/site-packages/airflow/example_dags/example_dynamic_task_mapping_with_no_taskflow_operators.py
[2023-10-11T07:18:55.108+0000] {processor.py:829} INFO - Processing file /home/airflow/.local/lib/python3.8/site-packages/airflow/example_dags/example_dynamic_task_mapping_with_no_taskflow_operators.py for tasks to queue
[2023-10-11T07:18:55.110+0000] {logging_mixin.py:151} INFO - [2023-10-11T07:18:55.110+0000] {dagbag.py:539} INFO - Filling up the DagBag from /home/airflow/.local/lib/python3.8/site-packages/airflow/example_dags/example_dynamic_task_mapping_with_no_taskflow_operators.py
[2023-10-11T07:18:55.114+0000] {processor.py:839} INFO - DAG(s) dict_keys(['example_dynamic_task_mapping_with_no_taskflow_operators']) retrieved from /home/airflow/.local/lib/python3.8/site-packages/airflow/example_dags/example_dynamic_task_mapping_with_no_taskflow_operators.py
[2023-10-11T07:18:55.130+0000] {logging_mixin.py:151} INFO - [2023-10-11T07:18:55.130+0000] {dag.py:2915} INFO - Sync 1 DAGs
[2023-10-11T07:18:55.144+0000] {logging_mixin.py:151} INFO - [2023-10-11T07:18:55.144+0000] {dag.py:3696} INFO - Setting next_dagrun for example_dynamic_task_mapping_with_no_taskflow_operators to 2023-10-10T07:18:55.144371+00:00, run_after=2023-10-11T07:18:55.144371+00:00
[2023-10-11T07:18:55.154+0000] {processor.py:179} INFO - Processing /home/airflow/.local/lib/python3.8/site-packages/airflow/example_dags/example_dynamic_task_mapping_with_no_taskflow_operators.py took 0.049 seconds
[2023-10-11T07:19:26.267+0000] {processor.py:157} INFO - Started process (PID=289) to work on /home/airflow/.local/lib/python3.8/site-packages/airflow/example_dags/example_dynamic_task_mapping_with_no_taskflow_operators.py
[2023-10-11T07:19:26.268+0000] {processor.py:829} INFO - Processing file /home/airflow/.local/lib/python3.8/site-packages/airflow/example_dags/example_dynamic_task_mapping_with_no_taskflow_operators.py for tasks to queue
[2023-10-11T07:19:26.270+0000] {logging_mixin.py:151} INFO - [2023-10-11T07:19:26.269+0000] {dagbag.py:539} INFO - Filling up the DagBag from /home/airflow/.local/lib/python3.8/site-packages/airflow/example_dags/example_dynamic_task_mapping_with_no_taskflow_operators.py
[2023-10-11T07:19:26.274+0000] {processor.py:839} INFO - DAG(s) dict_keys(['example_dynamic_task_mapping_with_no_taskflow_operators']) retrieved from /home/airflow/.local/lib/python3.8/site-packages/airflow/example_dags/example_dynamic_task_mapping_with_no_taskflow_operators.py
[2023-10-11T07:19:26.290+0000] {logging_mixin.py:151} INFO - [2023-10-11T07:19:26.289+0000] {dag.py:2915} INFO - Sync 1 DAGs
[2023-10-11T07:19:26.304+0000] {logging_mixin.py:151} INFO - [2023-10-11T07:19:26.303+0000] {dag.py:3696} INFO - Setting next_dagrun for example_dynamic_task_mapping_with_no_taskflow_operators to 2023-10-10T07:19:26.303787+00:00, run_after=2023-10-11T07:19:26.303787+00:00
[2023-10-11T07:19:26.314+0000] {processor.py:179} INFO - Processing /home/airflow/.local/lib/python3.8/site-packages/airflow/example_dags/example_dynamic_task_mapping_with_no_taskflow_operators.py took 0.049 seconds
[2023-10-11T07:19:57.503+0000] {processor.py:157} INFO - Started process (PID=348) to work on /home/airflow/.local/lib/python3.8/site-packages/airflow/example_dags/example_dynamic_task_mapping_with_no_taskflow_operators.py
[2023-10-11T07:19:57.503+0000] {processor.py:829} INFO - Processing file /home/airflow/.local/lib/python3.8/site-packages/airflow/example_dags/example_dynamic_task_mapping_with_no_taskflow_operators.py for tasks to queue
[2023-10-11T07:19:57.505+0000] {logging_mixin.py:151} INFO - [2023-10-11T07:19:57.505+0000] {dagbag.py:539} INFO - Filling up the DagBag from /home/airflow/.local/lib/python3.8/site-packages/airflow/example_dags/example_dynamic_task_mapping_with_no_taskflow_operators.py
[2023-10-11T07:19:57.509+0000] {processor.py:839} INFO - DAG(s) dict_keys(['example_dynamic_task_mapping_with_no_taskflow_operators']) retrieved from /home/airflow/.local/lib/python3.8/site-packages/airflow/example_dags/example_dynamic_task_mapping_with_no_taskflow_operators.py
[2023-10-11T07:19:57.533+0000] {logging_mixin.py:151} INFO - [2023-10-11T07:19:57.533+0000] {dag.py:2915} INFO - Sync 1 DAGs
[2023-10-11T07:19:57.553+0000] {logging_mixin.py:151} INFO - [2023-10-11T07:19:57.553+0000] {dag.py:3696} INFO - Setting next_dagrun for example_dynamic_task_mapping_with_no_taskflow_operators to 2023-10-10T07:19:57.552894+00:00, run_after=2023-10-11T07:19:57.552894+00:00
[2023-10-11T07:19:57.572+0000] {processor.py:179} INFO - Processing /home/airflow/.local/lib/python3.8/site-packages/airflow/example_dags/example_dynamic_task_mapping_with_no_taskflow_operators.py took 0.072 seconds
[2023-10-11T07:20:27.883+0000] {processor.py:157} INFO - Started process (PID=407) to work on /home/airflow/.local/lib/python3.8/site-packages/airflow/example_dags/example_dynamic_task_mapping_with_no_taskflow_operators.py
[2023-10-11T07:20:27.883+0000] {processor.py:829} INFO - Processing file /home/airflow/.local/lib/python3.8/site-packages/airflow/example_dags/example_dynamic_task_mapping_with_no_taskflow_operators.py for tasks to queue
[2023-10-11T07:20:27.885+0000] {logging_mixin.py:151} INFO - [2023-10-11T07:20:27.885+0000] {dagbag.py:539} INFO - Filling up the DagBag from /home/airflow/.local/lib/python3.8/site-packages/airflow/example_dags/example_dynamic_task_mapping_with_no_taskflow_operators.py
[2023-10-11T07:20:27.889+0000] {processor.py:839} INFO - DAG(s) dict_keys(['example_dynamic_task_mapping_with_no_taskflow_operators']) retrieved from /home/airflow/.local/lib/python3.8/site-packages/airflow/example_dags/example_dynamic_task_mapping_with_no_taskflow_operators.py
[2023-10-11T07:20:27.907+0000] {logging_mixin.py:151} INFO - [2023-10-11T07:20:27.907+0000] {dag.py:2915} INFO - Sync 1 DAGs
[2023-10-11T07:20:27.922+0000] {logging_mixin.py:151} INFO - [2023-10-11T07:20:27.922+0000] {dag.py:3696} INFO - Setting next_dagrun for example_dynamic_task_mapping_with_no_taskflow_operators to 2023-10-10T07:20:27.922477+00:00, run_after=2023-10-11T07:20:27.922477+00:00
[2023-10-11T07:20:27.932+0000] {processor.py:179} INFO - Processing /home/airflow/.local/lib/python3.8/site-packages/airflow/example_dags/example_dynamic_task_mapping_with_no_taskflow_operators.py took 0.051 seconds
[2023-10-11T07:20:57.992+0000] {processor.py:157} INFO - Started process (PID=463) to work on /home/airflow/.local/lib/python3.8/site-packages/airflow/example_dags/example_dynamic_task_mapping_with_no_taskflow_operators.py
[2023-10-11T07:20:57.993+0000] {processor.py:829} INFO - Processing file /home/airflow/.local/lib/python3.8/site-packages/airflow/example_dags/example_dynamic_task_mapping_with_no_taskflow_operators.py for tasks to queue
[2023-10-11T07:20:57.994+0000] {logging_mixin.py:151} INFO - [2023-10-11T07:20:57.994+0000] {dagbag.py:539} INFO - Filling up the DagBag from /home/airflow/.local/lib/python3.8/site-packages/airflow/example_dags/example_dynamic_task_mapping_with_no_taskflow_operators.py
[2023-10-11T07:20:57.997+0000] {processor.py:839} INFO - DAG(s) dict_keys(['example_dynamic_task_mapping_with_no_taskflow_operators']) retrieved from /home/airflow/.local/lib/python3.8/site-packages/airflow/example_dags/example_dynamic_task_mapping_with_no_taskflow_operators.py
[2023-10-11T07:20:58.014+0000] {logging_mixin.py:151} INFO - [2023-10-11T07:20:58.014+0000] {dag.py:2915} INFO - Sync 1 DAGs
[2023-10-11T07:20:58.027+0000] {logging_mixin.py:151} INFO - [2023-10-11T07:20:58.027+0000] {dag.py:3696} INFO - Setting next_dagrun for example_dynamic_task_mapping_with_no_taskflow_operators to 2023-10-10T07:20:58.027151+00:00, run_after=2023-10-11T07:20:58.027151+00:00
[2023-10-11T07:20:58.037+0000] {processor.py:179} INFO - Processing /home/airflow/.local/lib/python3.8/site-packages/airflow/example_dags/example_dynamic_task_mapping_with_no_taskflow_operators.py took 0.047 seconds
[2023-10-11T07:21:28.185+0000] {processor.py:157} INFO - Started process (PID=521) to work on /home/airflow/.local/lib/python3.8/site-packages/airflow/example_dags/example_dynamic_task_mapping_with_no_taskflow_operators.py
[2023-10-11T07:21:28.186+0000] {processor.py:829} INFO - Processing file /home/airflow/.local/lib/python3.8/site-packages/airflow/example_dags/example_dynamic_task_mapping_with_no_taskflow_operators.py for tasks to queue
[2023-10-11T07:21:28.187+0000] {logging_mixin.py:151} INFO - [2023-10-11T07:21:28.187+0000] {dagbag.py:539} INFO - Filling up the DagBag from /home/airflow/.local/lib/python3.8/site-packages/airflow/example_dags/example_dynamic_task_mapping_with_no_taskflow_operators.py
[2023-10-11T07:21:28.192+0000] {processor.py:839} INFO - DAG(s) dict_keys(['example_dynamic_task_mapping_with_no_taskflow_operators']) retrieved from /home/airflow/.local/lib/python3.8/site-packages/airflow/example_dags/example_dynamic_task_mapping_with_no_taskflow_operators.py
[2023-10-11T07:21:28.208+0000] {logging_mixin.py:151} INFO - [2023-10-11T07:21:28.208+0000] {dag.py:2915} INFO - Sync 1 DAGs
[2023-10-11T07:21:28.222+0000] {logging_mixin.py:151} INFO - [2023-10-11T07:21:28.222+0000] {dag.py:3696} INFO - Setting next_dagrun for example_dynamic_task_mapping_with_no_taskflow_operators to 2023-10-10T07:21:28.222301+00:00, run_after=2023-10-11T07:21:28.222301+00:00
[2023-10-11T07:21:28.231+0000] {processor.py:179} INFO - Processing /home/airflow/.local/lib/python3.8/site-packages/airflow/example_dags/example_dynamic_task_mapping_with_no_taskflow_operators.py took 0.048 seconds
[2023-10-11T07:21:58.808+0000] {processor.py:157} INFO - Started process (PID=580) to work on /home/airflow/.local/lib/python3.8/site-packages/airflow/example_dags/example_dynamic_task_mapping_with_no_taskflow_operators.py
[2023-10-11T07:21:58.809+0000] {processor.py:829} INFO - Processing file /home/airflow/.local/lib/python3.8/site-packages/airflow/example_dags/example_dynamic_task_mapping_with_no_taskflow_operators.py for tasks to queue
[2023-10-11T07:21:58.811+0000] {logging_mixin.py:151} INFO - [2023-10-11T07:21:58.810+0000] {dagbag.py:539} INFO - Filling up the DagBag from /home/airflow/.local/lib/python3.8/site-packages/airflow/example_dags/example_dynamic_task_mapping_with_no_taskflow_operators.py
[2023-10-11T07:21:58.815+0000] {processor.py:839} INFO - DAG(s) dict_keys(['example_dynamic_task_mapping_with_no_taskflow_operators']) retrieved from /home/airflow/.local/lib/python3.8/site-packages/airflow/example_dags/example_dynamic_task_mapping_with_no_taskflow_operators.py
[2023-10-11T07:21:58.831+0000] {logging_mixin.py:151} INFO - [2023-10-11T07:21:58.831+0000] {dag.py:2915} INFO - Sync 1 DAGs
[2023-10-11T07:21:58.845+0000] {logging_mixin.py:151} INFO - [2023-10-11T07:21:58.845+0000] {dag.py:3696} INFO - Setting next_dagrun for example_dynamic_task_mapping_with_no_taskflow_operators to 2023-10-10T07:21:58.845089+00:00, run_after=2023-10-11T07:21:58.845089+00:00
[2023-10-11T07:21:58.856+0000] {processor.py:179} INFO - Processing /home/airflow/.local/lib/python3.8/site-packages/airflow/example_dags/example_dynamic_task_mapping_with_no_taskflow_operators.py took 0.050 seconds
[2023-10-11T07:22:29.401+0000] {processor.py:157} INFO - Started process (PID=639) to work on /home/airflow/.local/lib/python3.8/site-packages/airflow/example_dags/example_dynamic_task_mapping_with_no_taskflow_operators.py
[2023-10-11T07:22:29.402+0000] {processor.py:829} INFO - Processing file /home/airflow/.local/lib/python3.8/site-packages/airflow/example_dags/example_dynamic_task_mapping_with_no_taskflow_operators.py for tasks to queue
[2023-10-11T07:22:29.404+0000] {logging_mixin.py:151} INFO - [2023-10-11T07:22:29.403+0000] {dagbag.py:539} INFO - Filling up the DagBag from /home/airflow/.local/lib/python3.8/site-packages/airflow/example_dags/example_dynamic_task_mapping_with_no_taskflow_operators.py
[2023-10-11T07:22:29.408+0000] {processor.py:839} INFO - DAG(s) dict_keys(['example_dynamic_task_mapping_with_no_taskflow_operators']) retrieved from /home/airflow/.local/lib/python3.8/site-packages/airflow/example_dags/example_dynamic_task_mapping_with_no_taskflow_operators.py
[2023-10-11T07:22:29.424+0000] {logging_mixin.py:151} INFO - [2023-10-11T07:22:29.424+0000] {dag.py:2915} INFO - Sync 1 DAGs
[2023-10-11T07:22:29.438+0000] {logging_mixin.py:151} INFO - [2023-10-11T07:22:29.438+0000] {dag.py:3696} INFO - Setting next_dagrun for example_dynamic_task_mapping_with_no_taskflow_operators to 2023-10-10T07:22:29.438643+00:00, run_after=2023-10-11T07:22:29.438643+00:00
[2023-10-11T07:22:29.449+0000] {processor.py:179} INFO - Processing /home/airflow/.local/lib/python3.8/site-packages/airflow/example_dags/example_dynamic_task_mapping_with_no_taskflow_operators.py took 0.050 seconds
[2023-10-11T07:22:59.850+0000] {processor.py:157} INFO - Started process (PID=697) to work on /home/airflow/.local/lib/python3.8/site-packages/airflow/example_dags/example_dynamic_task_mapping_with_no_taskflow_operators.py
[2023-10-11T07:22:59.851+0000] {processor.py:829} INFO - Processing file /home/airflow/.local/lib/python3.8/site-packages/airflow/example_dags/example_dynamic_task_mapping_with_no_taskflow_operators.py for tasks to queue
[2023-10-11T07:22:59.852+0000] {logging_mixin.py:151} INFO - [2023-10-11T07:22:59.852+0000] {dagbag.py:539} INFO - Filling up the DagBag from /home/airflow/.local/lib/python3.8/site-packages/airflow/example_dags/example_dynamic_task_mapping_with_no_taskflow_operators.py
[2023-10-11T07:22:59.856+0000] {processor.py:839} INFO - DAG(s) dict_keys(['example_dynamic_task_mapping_with_no_taskflow_operators']) retrieved from /home/airflow/.local/lib/python3.8/site-packages/airflow/example_dags/example_dynamic_task_mapping_with_no_taskflow_operators.py
[2023-10-11T07:22:59.873+0000] {logging_mixin.py:151} INFO - [2023-10-11T07:22:59.873+0000] {dag.py:2915} INFO - Sync 1 DAGs
[2023-10-11T07:22:59.887+0000] {logging_mixin.py:151} INFO - [2023-10-11T07:22:59.887+0000] {dag.py:3696} INFO - Setting next_dagrun for example_dynamic_task_mapping_with_no_taskflow_operators to 2023-10-10T07:22:59.887042+00:00, run_after=2023-10-11T07:22:59.887042+00:00
[2023-10-11T07:22:59.896+0000] {processor.py:179} INFO - Processing /home/airflow/.local/lib/python3.8/site-packages/airflow/example_dags/example_dynamic_task_mapping_with_no_taskflow_operators.py took 0.049 seconds
[2023-10-11T07:23:30.189+0000] {processor.py:157} INFO - Started process (PID=756) to work on /home/airflow/.local/lib/python3.8/site-packages/airflow/example_dags/example_dynamic_task_mapping_with_no_taskflow_operators.py
[2023-10-11T07:23:30.190+0000] {processor.py:829} INFO - Processing file /home/airflow/.local/lib/python3.8/site-packages/airflow/example_dags/example_dynamic_task_mapping_with_no_taskflow_operators.py for tasks to queue
[2023-10-11T07:23:30.192+0000] {logging_mixin.py:151} INFO - [2023-10-11T07:23:30.191+0000] {dagbag.py:539} INFO - Filling up the DagBag from /home/airflow/.local/lib/python3.8/site-packages/airflow/example_dags/example_dynamic_task_mapping_with_no_taskflow_operators.py
[2023-10-11T07:23:30.197+0000] {processor.py:839} INFO - DAG(s) dict_keys(['example_dynamic_task_mapping_with_no_taskflow_operators']) retrieved from /home/airflow/.local/lib/python3.8/site-packages/airflow/example_dags/example_dynamic_task_mapping_with_no_taskflow_operators.py
[2023-10-11T07:23:30.213+0000] {logging_mixin.py:151} INFO - [2023-10-11T07:23:30.213+0000] {dag.py:2915} INFO - Sync 1 DAGs
[2023-10-11T07:23:30.227+0000] {logging_mixin.py:151} INFO - [2023-10-11T07:23:30.227+0000] {dag.py:3696} INFO - Setting next_dagrun for example_dynamic_task_mapping_with_no_taskflow_operators to 2023-10-10T07:23:30.227073+00:00, run_after=2023-10-11T07:23:30.227073+00:00
[2023-10-11T07:23:30.237+0000] {processor.py:179} INFO - Processing /home/airflow/.local/lib/python3.8/site-packages/airflow/example_dags/example_dynamic_task_mapping_with_no_taskflow_operators.py took 0.050 seconds
[2023-10-11T07:24:00.626+0000] {processor.py:157} INFO - Started process (PID=815) to work on /home/airflow/.local/lib/python3.8/site-packages/airflow/example_dags/example_dynamic_task_mapping_with_no_taskflow_operators.py
[2023-10-11T07:24:00.626+0000] {processor.py:829} INFO - Processing file /home/airflow/.local/lib/python3.8/site-packages/airflow/example_dags/example_dynamic_task_mapping_with_no_taskflow_operators.py for tasks to queue
[2023-10-11T07:24:00.629+0000] {logging_mixin.py:151} INFO - [2023-10-11T07:24:00.628+0000] {dagbag.py:539} INFO - Filling up the DagBag from /home/airflow/.local/lib/python3.8/site-packages/airflow/example_dags/example_dynamic_task_mapping_with_no_taskflow_operators.py
[2023-10-11T07:24:00.635+0000] {processor.py:839} INFO - DAG(s) dict_keys(['example_dynamic_task_mapping_with_no_taskflow_operators']) retrieved from /home/airflow/.local/lib/python3.8/site-packages/airflow/example_dags/example_dynamic_task_mapping_with_no_taskflow_operators.py
[2023-10-11T07:24:00.654+0000] {logging_mixin.py:151} INFO - [2023-10-11T07:24:00.654+0000] {dag.py:2915} INFO - Sync 1 DAGs
[2023-10-11T07:24:00.690+0000] {logging_mixin.py:151} INFO - [2023-10-11T07:24:00.690+0000] {dag.py:3696} INFO - Setting next_dagrun for example_dynamic_task_mapping_with_no_taskflow_operators to 2023-10-10T07:24:00.689738+00:00, run_after=2023-10-11T07:24:00.689738+00:00
[2023-10-11T07:24:00.704+0000] {processor.py:179} INFO - Processing /home/airflow/.local/lib/python3.8/site-packages/airflow/example_dags/example_dynamic_task_mapping_with_no_taskflow_operators.py took 0.082 seconds
[2023-10-11T07:24:30.887+0000] {processor.py:157} INFO - Started process (PID=874) to work on /home/airflow/.local/lib/python3.8/site-packages/airflow/example_dags/example_dynamic_task_mapping_with_no_taskflow_operators.py
[2023-10-11T07:24:30.888+0000] {processor.py:829} INFO - Processing file /home/airflow/.local/lib/python3.8/site-packages/airflow/example_dags/example_dynamic_task_mapping_with_no_taskflow_operators.py for tasks to queue
[2023-10-11T07:24:30.889+0000] {logging_mixin.py:151} INFO - [2023-10-11T07:24:30.889+0000] {dagbag.py:539} INFO - Filling up the DagBag from /home/airflow/.local/lib/python3.8/site-packages/airflow/example_dags/example_dynamic_task_mapping_with_no_taskflow_operators.py
[2023-10-11T07:24:30.894+0000] {processor.py:839} INFO - DAG(s) dict_keys(['example_dynamic_task_mapping_with_no_taskflow_operators']) retrieved from /home/airflow/.local/lib/python3.8/site-packages/airflow/example_dags/example_dynamic_task_mapping_with_no_taskflow_operators.py
[2023-10-11T07:24:30.910+0000] {logging_mixin.py:151} INFO - [2023-10-11T07:24:30.910+0000] {dag.py:2915} INFO - Sync 1 DAGs
[2023-10-11T07:24:30.924+0000] {logging_mixin.py:151} INFO - [2023-10-11T07:24:30.924+0000] {dag.py:3696} INFO - Setting next_dagrun for example_dynamic_task_mapping_with_no_taskflow_operators to 2023-10-10T07:24:30.923930+00:00, run_after=2023-10-11T07:24:30.923930+00:00
[2023-10-11T07:24:30.934+0000] {processor.py:179} INFO - Processing /home/airflow/.local/lib/python3.8/site-packages/airflow/example_dags/example_dynamic_task_mapping_with_no_taskflow_operators.py took 0.049 seconds
[2023-10-11T07:25:02.157+0000] {processor.py:157} INFO - Started process (PID=933) to work on /home/airflow/.local/lib/python3.8/site-packages/airflow/example_dags/example_dynamic_task_mapping_with_no_taskflow_operators.py
[2023-10-11T07:25:02.158+0000] {processor.py:829} INFO - Processing file /home/airflow/.local/lib/python3.8/site-packages/airflow/example_dags/example_dynamic_task_mapping_with_no_taskflow_operators.py for tasks to queue
[2023-10-11T07:25:02.160+0000] {logging_mixin.py:151} INFO - [2023-10-11T07:25:02.160+0000] {dagbag.py:539} INFO - Filling up the DagBag from /home/airflow/.local/lib/python3.8/site-packages/airflow/example_dags/example_dynamic_task_mapping_with_no_taskflow_operators.py
[2023-10-11T07:25:02.164+0000] {processor.py:839} INFO - DAG(s) dict_keys(['example_dynamic_task_mapping_with_no_taskflow_operators']) retrieved from /home/airflow/.local/lib/python3.8/site-packages/airflow/example_dags/example_dynamic_task_mapping_with_no_taskflow_operators.py
[2023-10-11T07:25:02.186+0000] {logging_mixin.py:151} INFO - [2023-10-11T07:25:02.185+0000] {dag.py:2915} INFO - Sync 1 DAGs
[2023-10-11T07:25:02.205+0000] {logging_mixin.py:151} INFO - [2023-10-11T07:25:02.205+0000] {dag.py:3696} INFO - Setting next_dagrun for example_dynamic_task_mapping_with_no_taskflow_operators to 2023-10-10T07:25:02.205077+00:00, run_after=2023-10-11T07:25:02.205077+00:00
[2023-10-11T07:25:02.217+0000] {processor.py:179} INFO - Processing /home/airflow/.local/lib/python3.8/site-packages/airflow/example_dags/example_dynamic_task_mapping_with_no_taskflow_operators.py took 0.063 seconds
[2023-10-11T07:25:33.292+0000] {processor.py:157} INFO - Started process (PID=992) to work on /home/airflow/.local/lib/python3.8/site-packages/airflow/example_dags/example_dynamic_task_mapping_with_no_taskflow_operators.py
[2023-10-11T07:25:33.292+0000] {processor.py:829} INFO - Processing file /home/airflow/.local/lib/python3.8/site-packages/airflow/example_dags/example_dynamic_task_mapping_with_no_taskflow_operators.py for tasks to queue
[2023-10-11T07:25:33.295+0000] {logging_mixin.py:151} INFO - [2023-10-11T07:25:33.295+0000] {dagbag.py:539} INFO - Filling up the DagBag from /home/airflow/.local/lib/python3.8/site-packages/airflow/example_dags/example_dynamic_task_mapping_with_no_taskflow_operators.py
[2023-10-11T07:25:33.301+0000] {processor.py:839} INFO - DAG(s) dict_keys(['example_dynamic_task_mapping_with_no_taskflow_operators']) retrieved from /home/airflow/.local/lib/python3.8/site-packages/airflow/example_dags/example_dynamic_task_mapping_with_no_taskflow_operators.py
[2023-10-11T07:25:33.318+0000] {logging_mixin.py:151} INFO - [2023-10-11T07:25:33.318+0000] {dag.py:2915} INFO - Sync 1 DAGs
[2023-10-11T07:25:33.334+0000] {logging_mixin.py:151} INFO - [2023-10-11T07:25:33.334+0000] {dag.py:3696} INFO - Setting next_dagrun for example_dynamic_task_mapping_with_no_taskflow_operators to 2023-10-10T07:25:33.334429+00:00, run_after=2023-10-11T07:25:33.334429+00:00
[2023-10-11T07:25:33.345+0000] {processor.py:179} INFO - Processing /home/airflow/.local/lib/python3.8/site-packages/airflow/example_dags/example_dynamic_task_mapping_with_no_taskflow_operators.py took 0.055 seconds
[2023-10-11T07:26:04.425+0000] {processor.py:157} INFO - Started process (PID=1051) to work on /home/airflow/.local/lib/python3.8/site-packages/airflow/example_dags/example_dynamic_task_mapping_with_no_taskflow_operators.py
[2023-10-11T07:26:04.426+0000] {processor.py:829} INFO - Processing file /home/airflow/.local/lib/python3.8/site-packages/airflow/example_dags/example_dynamic_task_mapping_with_no_taskflow_operators.py for tasks to queue
[2023-10-11T07:26:04.428+0000] {logging_mixin.py:151} INFO - [2023-10-11T07:26:04.427+0000] {dagbag.py:539} INFO - Filling up the DagBag from /home/airflow/.local/lib/python3.8/site-packages/airflow/example_dags/example_dynamic_task_mapping_with_no_taskflow_operators.py
[2023-10-11T07:26:04.432+0000] {processor.py:839} INFO - DAG(s) dict_keys(['example_dynamic_task_mapping_with_no_taskflow_operators']) retrieved from /home/airflow/.local/lib/python3.8/site-packages/airflow/example_dags/example_dynamic_task_mapping_with_no_taskflow_operators.py
[2023-10-11T07:26:04.448+0000] {logging_mixin.py:151} INFO - [2023-10-11T07:26:04.448+0000] {dag.py:2915} INFO - Sync 1 DAGs
[2023-10-11T07:26:04.464+0000] {logging_mixin.py:151} INFO - [2023-10-11T07:26:04.464+0000] {dag.py:3696} INFO - Setting next_dagrun for example_dynamic_task_mapping_with_no_taskflow_operators to 2023-10-10T07:26:04.463818+00:00, run_after=2023-10-11T07:26:04.463818+00:00
[2023-10-11T07:26:04.474+0000] {processor.py:179} INFO - Processing /home/airflow/.local/lib/python3.8/site-packages/airflow/example_dags/example_dynamic_task_mapping_with_no_taskflow_operators.py took 0.051 seconds
[2023-10-11T07:26:35.539+0000] {processor.py:157} INFO - Started process (PID=1110) to work on /home/airflow/.local/lib/python3.8/site-packages/airflow/example_dags/example_dynamic_task_mapping_with_no_taskflow_operators.py
[2023-10-11T07:26:35.540+0000] {processor.py:829} INFO - Processing file /home/airflow/.local/lib/python3.8/site-packages/airflow/example_dags/example_dynamic_task_mapping_with_no_taskflow_operators.py for tasks to queue
[2023-10-11T07:26:35.541+0000] {logging_mixin.py:151} INFO - [2023-10-11T07:26:35.541+0000] {dagbag.py:539} INFO - Filling up the DagBag from /home/airflow/.local/lib/python3.8/site-packages/airflow/example_dags/example_dynamic_task_mapping_with_no_taskflow_operators.py
[2023-10-11T07:26:35.546+0000] {processor.py:839} INFO - DAG(s) dict_keys(['example_dynamic_task_mapping_with_no_taskflow_operators']) retrieved from /home/airflow/.local/lib/python3.8/site-packages/airflow/example_dags/example_dynamic_task_mapping_with_no_taskflow_operators.py
[2023-10-11T07:26:35.562+0000] {logging_mixin.py:151} INFO - [2023-10-11T07:26:35.561+0000] {dag.py:2915} INFO - Sync 1 DAGs
[2023-10-11T07:26:35.575+0000] {logging_mixin.py:151} INFO - [2023-10-11T07:26:35.575+0000] {dag.py:3696} INFO - Setting next_dagrun for example_dynamic_task_mapping_with_no_taskflow_operators to 2023-10-10T07:26:35.575572+00:00, run_after=2023-10-11T07:26:35.575572+00:00
[2023-10-11T07:26:35.585+0000] {processor.py:179} INFO - Processing /home/airflow/.local/lib/python3.8/site-packages/airflow/example_dags/example_dynamic_task_mapping_with_no_taskflow_operators.py took 0.048 seconds
[2023-10-11T07:27:05.936+0000] {processor.py:157} INFO - Started process (PID=1169) to work on /home/airflow/.local/lib/python3.8/site-packages/airflow/example_dags/example_dynamic_task_mapping_with_no_taskflow_operators.py
[2023-10-11T07:27:05.936+0000] {processor.py:829} INFO - Processing file /home/airflow/.local/lib/python3.8/site-packages/airflow/example_dags/example_dynamic_task_mapping_with_no_taskflow_operators.py for tasks to queue
[2023-10-11T07:27:05.938+0000] {logging_mixin.py:151} INFO - [2023-10-11T07:27:05.937+0000] {dagbag.py:539} INFO - Filling up the DagBag from /home/airflow/.local/lib/python3.8/site-packages/airflow/example_dags/example_dynamic_task_mapping_with_no_taskflow_operators.py
[2023-10-11T07:27:05.941+0000] {processor.py:839} INFO - DAG(s) dict_keys(['example_dynamic_task_mapping_with_no_taskflow_operators']) retrieved from /home/airflow/.local/lib/python3.8/site-packages/airflow/example_dags/example_dynamic_task_mapping_with_no_taskflow_operators.py
[2023-10-11T07:27:05.957+0000] {logging_mixin.py:151} INFO - [2023-10-11T07:27:05.957+0000] {dag.py:2915} INFO - Sync 1 DAGs
[2023-10-11T07:27:05.970+0000] {logging_mixin.py:151} INFO - [2023-10-11T07:27:05.969+0000] {dag.py:3696} INFO - Setting next_dagrun for example_dynamic_task_mapping_with_no_taskflow_operators to 2023-10-10T07:27:05.969740+00:00, run_after=2023-10-11T07:27:05.969740+00:00
[2023-10-11T07:27:05.979+0000] {processor.py:179} INFO - Processing /home/airflow/.local/lib/python3.8/site-packages/airflow/example_dags/example_dynamic_task_mapping_with_no_taskflow_operators.py took 0.045 seconds
[2023-10-11T07:27:36.707+0000] {processor.py:157} INFO - Started process (PID=1228) to work on /home/airflow/.local/lib/python3.8/site-packages/airflow/example_dags/example_dynamic_task_mapping_with_no_taskflow_operators.py
[2023-10-11T07:27:36.708+0000] {processor.py:829} INFO - Processing file /home/airflow/.local/lib/python3.8/site-packages/airflow/example_dags/example_dynamic_task_mapping_with_no_taskflow_operators.py for tasks to queue
[2023-10-11T07:27:36.710+0000] {logging_mixin.py:151} INFO - [2023-10-11T07:27:36.709+0000] {dagbag.py:539} INFO - Filling up the DagBag from /home/airflow/.local/lib/python3.8/site-packages/airflow/example_dags/example_dynamic_task_mapping_with_no_taskflow_operators.py
[2023-10-11T07:27:36.714+0000] {processor.py:839} INFO - DAG(s) dict_keys(['example_dynamic_task_mapping_with_no_taskflow_operators']) retrieved from /home/airflow/.local/lib/python3.8/site-packages/airflow/example_dags/example_dynamic_task_mapping_with_no_taskflow_operators.py
[2023-10-11T07:27:36.730+0000] {logging_mixin.py:151} INFO - [2023-10-11T07:27:36.730+0000] {dag.py:2915} INFO - Sync 1 DAGs
[2023-10-11T07:27:36.744+0000] {logging_mixin.py:151} INFO - [2023-10-11T07:27:36.744+0000] {dag.py:3696} INFO - Setting next_dagrun for example_dynamic_task_mapping_with_no_taskflow_operators to 2023-10-10T07:27:36.743958+00:00, run_after=2023-10-11T07:27:36.743958+00:00
[2023-10-11T07:27:36.754+0000] {processor.py:179} INFO - Processing /home/airflow/.local/lib/python3.8/site-packages/airflow/example_dags/example_dynamic_task_mapping_with_no_taskflow_operators.py took 0.048 seconds
[2023-10-11T07:28:07.844+0000] {processor.py:157} INFO - Started process (PID=1287) to work on /home/airflow/.local/lib/python3.8/site-packages/airflow/example_dags/example_dynamic_task_mapping_with_no_taskflow_operators.py
[2023-10-11T07:28:07.844+0000] {processor.py:829} INFO - Processing file /home/airflow/.local/lib/python3.8/site-packages/airflow/example_dags/example_dynamic_task_mapping_with_no_taskflow_operators.py for tasks to queue
[2023-10-11T07:28:07.846+0000] {logging_mixin.py:151} INFO - [2023-10-11T07:28:07.845+0000] {dagbag.py:539} INFO - Filling up the DagBag from /home/airflow/.local/lib/python3.8/site-packages/airflow/example_dags/example_dynamic_task_mapping_with_no_taskflow_operators.py
[2023-10-11T07:28:07.850+0000] {processor.py:839} INFO - DAG(s) dict_keys(['example_dynamic_task_mapping_with_no_taskflow_operators']) retrieved from /home/airflow/.local/lib/python3.8/site-packages/airflow/example_dags/example_dynamic_task_mapping_with_no_taskflow_operators.py
[2023-10-11T07:28:07.865+0000] {logging_mixin.py:151} INFO - [2023-10-11T07:28:07.865+0000] {dag.py:2915} INFO - Sync 1 DAGs
[2023-10-11T07:28:07.879+0000] {logging_mixin.py:151} INFO - [2023-10-11T07:28:07.879+0000] {dag.py:3696} INFO - Setting next_dagrun for example_dynamic_task_mapping_with_no_taskflow_operators to 2023-10-10T07:28:07.879260+00:00, run_after=2023-10-11T07:28:07.879260+00:00
[2023-10-11T07:28:07.889+0000] {processor.py:179} INFO - Processing /home/airflow/.local/lib/python3.8/site-packages/airflow/example_dags/example_dynamic_task_mapping_with_no_taskflow_operators.py took 0.048 seconds
[2023-10-11T07:28:38.320+0000] {processor.py:157} INFO - Started process (PID=1346) to work on /home/airflow/.local/lib/python3.8/site-packages/airflow/example_dags/example_dynamic_task_mapping_with_no_taskflow_operators.py
[2023-10-11T07:28:38.321+0000] {processor.py:829} INFO - Processing file /home/airflow/.local/lib/python3.8/site-packages/airflow/example_dags/example_dynamic_task_mapping_with_no_taskflow_operators.py for tasks to queue
[2023-10-11T07:28:38.322+0000] {logging_mixin.py:151} INFO - [2023-10-11T07:28:38.322+0000] {dagbag.py:539} INFO - Filling up the DagBag from /home/airflow/.local/lib/python3.8/site-packages/airflow/example_dags/example_dynamic_task_mapping_with_no_taskflow_operators.py
[2023-10-11T07:28:38.326+0000] {processor.py:839} INFO - DAG(s) dict_keys(['example_dynamic_task_mapping_with_no_taskflow_operators']) retrieved from /home/airflow/.local/lib/python3.8/site-packages/airflow/example_dags/example_dynamic_task_mapping_with_no_taskflow_operators.py
[2023-10-11T07:28:38.342+0000] {logging_mixin.py:151} INFO - [2023-10-11T07:28:38.342+0000] {dag.py:2915} INFO - Sync 1 DAGs
[2023-10-11T07:28:38.355+0000] {logging_mixin.py:151} INFO - [2023-10-11T07:28:38.355+0000] {dag.py:3696} INFO - Setting next_dagrun for example_dynamic_task_mapping_with_no_taskflow_operators to 2023-10-10T07:28:38.355639+00:00, run_after=2023-10-11T07:28:38.355639+00:00
[2023-10-11T07:28:38.365+0000] {processor.py:179} INFO - Processing /home/airflow/.local/lib/python3.8/site-packages/airflow/example_dags/example_dynamic_task_mapping_with_no_taskflow_operators.py took 0.048 seconds
[2023-10-11T07:29:09.497+0000] {processor.py:157} INFO - Started process (PID=1405) to work on /home/airflow/.local/lib/python3.8/site-packages/airflow/example_dags/example_dynamic_task_mapping_with_no_taskflow_operators.py
[2023-10-11T07:29:09.498+0000] {processor.py:829} INFO - Processing file /home/airflow/.local/lib/python3.8/site-packages/airflow/example_dags/example_dynamic_task_mapping_with_no_taskflow_operators.py for tasks to queue
[2023-10-11T07:29:09.499+0000] {logging_mixin.py:151} INFO - [2023-10-11T07:29:09.499+0000] {dagbag.py:539} INFO - Filling up the DagBag from /home/airflow/.local/lib/python3.8/site-packages/airflow/example_dags/example_dynamic_task_mapping_with_no_taskflow_operators.py
[2023-10-11T07:29:09.503+0000] {processor.py:839} INFO - DAG(s) dict_keys(['example_dynamic_task_mapping_with_no_taskflow_operators']) retrieved from /home/airflow/.local/lib/python3.8/site-packages/airflow/example_dags/example_dynamic_task_mapping_with_no_taskflow_operators.py
[2023-10-11T07:29:09.519+0000] {logging_mixin.py:151} INFO - [2023-10-11T07:29:09.519+0000] {dag.py:2915} INFO - Sync 1 DAGs
[2023-10-11T07:29:09.533+0000] {logging_mixin.py:151} INFO - [2023-10-11T07:29:09.533+0000] {dag.py:3696} INFO - Setting next_dagrun for example_dynamic_task_mapping_with_no_taskflow_operators to 2023-10-10T07:29:09.533292+00:00, run_after=2023-10-11T07:29:09.533292+00:00
[2023-10-11T07:29:09.542+0000] {processor.py:179} INFO - Processing /home/airflow/.local/lib/python3.8/site-packages/airflow/example_dags/example_dynamic_task_mapping_with_no_taskflow_operators.py took 0.047 seconds
[2023-10-11T07:29:40.297+0000] {processor.py:157} INFO - Started process (PID=1464) to work on /home/airflow/.local/lib/python3.8/site-packages/airflow/example_dags/example_dynamic_task_mapping_with_no_taskflow_operators.py
[2023-10-11T07:29:40.298+0000] {processor.py:829} INFO - Processing file /home/airflow/.local/lib/python3.8/site-packages/airflow/example_dags/example_dynamic_task_mapping_with_no_taskflow_operators.py for tasks to queue
[2023-10-11T07:29:40.300+0000] {logging_mixin.py:151} INFO - [2023-10-11T07:29:40.299+0000] {dagbag.py:539} INFO - Filling up the DagBag from /home/airflow/.local/lib/python3.8/site-packages/airflow/example_dags/example_dynamic_task_mapping_with_no_taskflow_operators.py
[2023-10-11T07:29:40.305+0000] {processor.py:839} INFO - DAG(s) dict_keys(['example_dynamic_task_mapping_with_no_taskflow_operators']) retrieved from /home/airflow/.local/lib/python3.8/site-packages/airflow/example_dags/example_dynamic_task_mapping_with_no_taskflow_operators.py
[2023-10-11T07:29:40.326+0000] {logging_mixin.py:151} INFO - [2023-10-11T07:29:40.326+0000] {dag.py:2915} INFO - Sync 1 DAGs
[2023-10-11T07:29:40.354+0000] {logging_mixin.py:151} INFO - [2023-10-11T07:29:40.353+0000] {dag.py:3696} INFO - Setting next_dagrun for example_dynamic_task_mapping_with_no_taskflow_operators to 2023-10-10T07:29:40.353226+00:00, run_after=2023-10-11T07:29:40.353226+00:00
[2023-10-11T07:29:40.382+0000] {processor.py:179} INFO - Processing /home/airflow/.local/lib/python3.8/site-packages/airflow/example_dags/example_dynamic_task_mapping_with_no_taskflow_operators.py took 0.087 seconds
[2023-10-11T07:30:11.336+0000] {processor.py:157} INFO - Started process (PID=1523) to work on /home/airflow/.local/lib/python3.8/site-packages/airflow/example_dags/example_dynamic_task_mapping_with_no_taskflow_operators.py
[2023-10-11T07:30:11.337+0000] {processor.py:829} INFO - Processing file /home/airflow/.local/lib/python3.8/site-packages/airflow/example_dags/example_dynamic_task_mapping_with_no_taskflow_operators.py for tasks to queue
[2023-10-11T07:30:11.339+0000] {logging_mixin.py:151} INFO - [2023-10-11T07:30:11.338+0000] {dagbag.py:539} INFO - Filling up the DagBag from /home/airflow/.local/lib/python3.8/site-packages/airflow/example_dags/example_dynamic_task_mapping_with_no_taskflow_operators.py
[2023-10-11T07:30:11.343+0000] {processor.py:839} INFO - DAG(s) dict_keys(['example_dynamic_task_mapping_with_no_taskflow_operators']) retrieved from /home/airflow/.local/lib/python3.8/site-packages/airflow/example_dags/example_dynamic_task_mapping_with_no_taskflow_operators.py
[2023-10-11T07:30:11.359+0000] {logging_mixin.py:151} INFO - [2023-10-11T07:30:11.359+0000] {dag.py:2915} INFO - Sync 1 DAGs
[2023-10-11T07:30:11.374+0000] {logging_mixin.py:151} INFO - [2023-10-11T07:30:11.374+0000] {dag.py:3696} INFO - Setting next_dagrun for example_dynamic_task_mapping_with_no_taskflow_operators to 2023-10-10T07:30:11.373842+00:00, run_after=2023-10-11T07:30:11.373842+00:00
[2023-10-11T07:30:11.391+0000] {processor.py:179} INFO - Processing /home/airflow/.local/lib/python3.8/site-packages/airflow/example_dags/example_dynamic_task_mapping_with_no_taskflow_operators.py took 0.058 seconds
[2023-10-11T07:30:41.617+0000] {processor.py:157} INFO - Started process (PID=1581) to work on /home/airflow/.local/lib/python3.8/site-packages/airflow/example_dags/example_dynamic_task_mapping_with_no_taskflow_operators.py
[2023-10-11T07:30:41.618+0000] {processor.py:829} INFO - Processing file /home/airflow/.local/lib/python3.8/site-packages/airflow/example_dags/example_dynamic_task_mapping_with_no_taskflow_operators.py for tasks to queue
[2023-10-11T07:30:41.619+0000] {logging_mixin.py:151} INFO - [2023-10-11T07:30:41.619+0000] {dagbag.py:539} INFO - Filling up the DagBag from /home/airflow/.local/lib/python3.8/site-packages/airflow/example_dags/example_dynamic_task_mapping_with_no_taskflow_operators.py
[2023-10-11T07:30:41.624+0000] {processor.py:839} INFO - DAG(s) dict_keys(['example_dynamic_task_mapping_with_no_taskflow_operators']) retrieved from /home/airflow/.local/lib/python3.8/site-packages/airflow/example_dags/example_dynamic_task_mapping_with_no_taskflow_operators.py
[2023-10-11T07:30:41.640+0000] {logging_mixin.py:151} INFO - [2023-10-11T07:30:41.640+0000] {dag.py:2915} INFO - Sync 1 DAGs
[2023-10-11T07:30:41.654+0000] {logging_mixin.py:151} INFO - [2023-10-11T07:30:41.654+0000] {dag.py:3696} INFO - Setting next_dagrun for example_dynamic_task_mapping_with_no_taskflow_operators to 2023-10-10T07:30:41.654331+00:00, run_after=2023-10-11T07:30:41.654331+00:00
[2023-10-11T07:30:41.668+0000] {processor.py:179} INFO - Processing /home/airflow/.local/lib/python3.8/site-packages/airflow/example_dags/example_dynamic_task_mapping_with_no_taskflow_operators.py took 0.053 seconds
[2023-10-11T07:31:11.833+0000] {processor.py:157} INFO - Started process (PID=1639) to work on /home/airflow/.local/lib/python3.8/site-packages/airflow/example_dags/example_dynamic_task_mapping_with_no_taskflow_operators.py
[2023-10-11T07:31:11.834+0000] {processor.py:829} INFO - Processing file /home/airflow/.local/lib/python3.8/site-packages/airflow/example_dags/example_dynamic_task_mapping_with_no_taskflow_operators.py for tasks to queue
[2023-10-11T07:31:11.835+0000] {logging_mixin.py:151} INFO - [2023-10-11T07:31:11.835+0000] {dagbag.py:539} INFO - Filling up the DagBag from /home/airflow/.local/lib/python3.8/site-packages/airflow/example_dags/example_dynamic_task_mapping_with_no_taskflow_operators.py
[2023-10-11T07:31:11.840+0000] {processor.py:839} INFO - DAG(s) dict_keys(['example_dynamic_task_mapping_with_no_taskflow_operators']) retrieved from /home/airflow/.local/lib/python3.8/site-packages/airflow/example_dags/example_dynamic_task_mapping_with_no_taskflow_operators.py
[2023-10-11T07:31:11.859+0000] {logging_mixin.py:151} INFO - [2023-10-11T07:31:11.859+0000] {dag.py:2915} INFO - Sync 1 DAGs
[2023-10-11T07:31:11.875+0000] {logging_mixin.py:151} INFO - [2023-10-11T07:31:11.875+0000] {dag.py:3696} INFO - Setting next_dagrun for example_dynamic_task_mapping_with_no_taskflow_operators to 2023-10-10T07:31:11.874818+00:00, run_after=2023-10-11T07:31:11.874818+00:00
[2023-10-11T07:31:11.887+0000] {processor.py:179} INFO - Processing /home/airflow/.local/lib/python3.8/site-packages/airflow/example_dags/example_dynamic_task_mapping_with_no_taskflow_operators.py took 0.056 seconds
[2023-10-11T07:31:42.147+0000] {processor.py:157} INFO - Started process (PID=1698) to work on /home/airflow/.local/lib/python3.8/site-packages/airflow/example_dags/example_dynamic_task_mapping_with_no_taskflow_operators.py
[2023-10-11T07:31:42.148+0000] {processor.py:829} INFO - Processing file /home/airflow/.local/lib/python3.8/site-packages/airflow/example_dags/example_dynamic_task_mapping_with_no_taskflow_operators.py for tasks to queue
[2023-10-11T07:31:42.150+0000] {logging_mixin.py:151} INFO - [2023-10-11T07:31:42.149+0000] {dagbag.py:539} INFO - Filling up the DagBag from /home/airflow/.local/lib/python3.8/site-packages/airflow/example_dags/example_dynamic_task_mapping_with_no_taskflow_operators.py
[2023-10-11T07:31:42.154+0000] {processor.py:839} INFO - DAG(s) dict_keys(['example_dynamic_task_mapping_with_no_taskflow_operators']) retrieved from /home/airflow/.local/lib/python3.8/site-packages/airflow/example_dags/example_dynamic_task_mapping_with_no_taskflow_operators.py
[2023-10-11T07:31:42.170+0000] {logging_mixin.py:151} INFO - [2023-10-11T07:31:42.170+0000] {dag.py:2915} INFO - Sync 1 DAGs
[2023-10-11T07:31:42.188+0000] {logging_mixin.py:151} INFO - [2023-10-11T07:31:42.188+0000] {dag.py:3696} INFO - Setting next_dagrun for example_dynamic_task_mapping_with_no_taskflow_operators to 2023-10-10T07:31:42.188078+00:00, run_after=2023-10-11T07:31:42.188078+00:00
[2023-10-11T07:31:42.199+0000] {processor.py:179} INFO - Processing /home/airflow/.local/lib/python3.8/site-packages/airflow/example_dags/example_dynamic_task_mapping_with_no_taskflow_operators.py took 0.054 seconds
