[2023-10-11T07:17:22.933+0000] {processor.py:157} INFO - Started process (PID=57) to work on /home/airflow/.local/lib/python3.8/site-packages/airflow/example_dags/example_sensors.py
[2023-10-11T07:17:22.934+0000] {processor.py:829} INFO - Processing file /home/airflow/.local/lib/python3.8/site-packages/airflow/example_dags/example_sensors.py for tasks to queue
[2023-10-11T07:17:22.935+0000] {logging_mixin.py:151} INFO - [2023-10-11T07:17:22.935+0000] {dagbag.py:539} INFO - Filling up the DagBag from /home/airflow/.local/lib/python3.8/site-packages/airflow/example_dags/example_sensors.py
[2023-10-11T07:17:22.943+0000] {processor.py:839} INFO - DAG(s) dict_keys(['example_sensors']) retrieved from /home/airflow/.local/lib/python3.8/site-packages/airflow/example_dags/example_sensors.py
[2023-10-11T07:17:22.970+0000] {logging_mixin.py:151} INFO - [2023-10-11T07:17:22.969+0000] {dag.py:2915} INFO - Sync 1 DAGs
[2023-10-11T07:17:22.980+0000] {logging_mixin.py:151} INFO - [2023-10-11T07:17:22.979+0000] {dag.py:3696} INFO - Setting next_dagrun for example_sensors to None, run_after=None
[2023-10-11T07:17:22.998+0000] {processor.py:179} INFO - Processing /home/airflow/.local/lib/python3.8/site-packages/airflow/example_dags/example_sensors.py took 0.067 seconds
[2023-10-11T07:17:53.239+0000] {processor.py:157} INFO - Started process (PID=116) to work on /home/airflow/.local/lib/python3.8/site-packages/airflow/example_dags/example_sensors.py
[2023-10-11T07:17:53.239+0000] {processor.py:829} INFO - Processing file /home/airflow/.local/lib/python3.8/site-packages/airflow/example_dags/example_sensors.py for tasks to queue
[2023-10-11T07:17:53.241+0000] {logging_mixin.py:151} INFO - [2023-10-11T07:17:53.241+0000] {dagbag.py:539} INFO - Filling up the DagBag from /home/airflow/.local/lib/python3.8/site-packages/airflow/example_dags/example_sensors.py
[2023-10-11T07:17:53.246+0000] {processor.py:839} INFO - DAG(s) dict_keys(['example_sensors']) retrieved from /home/airflow/.local/lib/python3.8/site-packages/airflow/example_dags/example_sensors.py
[2023-10-11T07:17:53.264+0000] {logging_mixin.py:151} INFO - [2023-10-11T07:17:53.264+0000] {dag.py:2915} INFO - Sync 1 DAGs
[2023-10-11T07:17:53.272+0000] {logging_mixin.py:151} INFO - [2023-10-11T07:17:53.272+0000] {dag.py:3696} INFO - Setting next_dagrun for example_sensors to None, run_after=None
[2023-10-11T07:17:53.282+0000] {processor.py:179} INFO - Processing /home/airflow/.local/lib/python3.8/site-packages/airflow/example_dags/example_sensors.py took 0.045 seconds
[2023-10-11T07:18:24.030+0000] {processor.py:157} INFO - Started process (PID=175) to work on /home/airflow/.local/lib/python3.8/site-packages/airflow/example_dags/example_sensors.py
[2023-10-11T07:18:24.031+0000] {processor.py:829} INFO - Processing file /home/airflow/.local/lib/python3.8/site-packages/airflow/example_dags/example_sensors.py for tasks to queue
[2023-10-11T07:18:24.032+0000] {logging_mixin.py:151} INFO - [2023-10-11T07:18:24.032+0000] {dagbag.py:539} INFO - Filling up the DagBag from /home/airflow/.local/lib/python3.8/site-packages/airflow/example_dags/example_sensors.py
[2023-10-11T07:18:24.038+0000] {processor.py:839} INFO - DAG(s) dict_keys(['example_sensors']) retrieved from /home/airflow/.local/lib/python3.8/site-packages/airflow/example_dags/example_sensors.py
[2023-10-11T07:18:24.056+0000] {logging_mixin.py:151} INFO - [2023-10-11T07:18:24.056+0000] {dag.py:2915} INFO - Sync 1 DAGs
[2023-10-11T07:18:24.064+0000] {logging_mixin.py:151} INFO - [2023-10-11T07:18:24.064+0000] {dag.py:3696} INFO - Setting next_dagrun for example_sensors to None, run_after=None
[2023-10-11T07:18:24.074+0000] {processor.py:179} INFO - Processing /home/airflow/.local/lib/python3.8/site-packages/airflow/example_dags/example_sensors.py took 0.046 seconds
[2023-10-11T07:18:55.236+0000] {processor.py:157} INFO - Started process (PID=234) to work on /home/airflow/.local/lib/python3.8/site-packages/airflow/example_dags/example_sensors.py
[2023-10-11T07:18:55.237+0000] {processor.py:829} INFO - Processing file /home/airflow/.local/lib/python3.8/site-packages/airflow/example_dags/example_sensors.py for tasks to queue
[2023-10-11T07:18:55.239+0000] {logging_mixin.py:151} INFO - [2023-10-11T07:18:55.239+0000] {dagbag.py:539} INFO - Filling up the DagBag from /home/airflow/.local/lib/python3.8/site-packages/airflow/example_dags/example_sensors.py
[2023-10-11T07:18:55.244+0000] {processor.py:839} INFO - DAG(s) dict_keys(['example_sensors']) retrieved from /home/airflow/.local/lib/python3.8/site-packages/airflow/example_dags/example_sensors.py
[2023-10-11T07:18:55.262+0000] {logging_mixin.py:151} INFO - [2023-10-11T07:18:55.262+0000] {dag.py:2915} INFO - Sync 1 DAGs
[2023-10-11T07:18:55.270+0000] {logging_mixin.py:151} INFO - [2023-10-11T07:18:55.270+0000] {dag.py:3696} INFO - Setting next_dagrun for example_sensors to None, run_after=None
[2023-10-11T07:18:55.281+0000] {processor.py:179} INFO - Processing /home/airflow/.local/lib/python3.8/site-packages/airflow/example_dags/example_sensors.py took 0.047 seconds
[2023-10-11T07:19:26.396+0000] {processor.py:157} INFO - Started process (PID=293) to work on /home/airflow/.local/lib/python3.8/site-packages/airflow/example_dags/example_sensors.py
[2023-10-11T07:19:26.396+0000] {processor.py:829} INFO - Processing file /home/airflow/.local/lib/python3.8/site-packages/airflow/example_dags/example_sensors.py for tasks to queue
[2023-10-11T07:19:26.398+0000] {logging_mixin.py:151} INFO - [2023-10-11T07:19:26.398+0000] {dagbag.py:539} INFO - Filling up the DagBag from /home/airflow/.local/lib/python3.8/site-packages/airflow/example_dags/example_sensors.py
[2023-10-11T07:19:26.403+0000] {processor.py:839} INFO - DAG(s) dict_keys(['example_sensors']) retrieved from /home/airflow/.local/lib/python3.8/site-packages/airflow/example_dags/example_sensors.py
[2023-10-11T07:19:26.422+0000] {logging_mixin.py:151} INFO - [2023-10-11T07:19:26.422+0000] {dag.py:2915} INFO - Sync 1 DAGs
[2023-10-11T07:19:26.430+0000] {logging_mixin.py:151} INFO - [2023-10-11T07:19:26.430+0000] {dag.py:3696} INFO - Setting next_dagrun for example_sensors to None, run_after=None
[2023-10-11T07:19:26.441+0000] {processor.py:179} INFO - Processing /home/airflow/.local/lib/python3.8/site-packages/airflow/example_dags/example_sensors.py took 0.047 seconds
[2023-10-11T07:19:57.723+0000] {processor.py:157} INFO - Started process (PID=352) to work on /home/airflow/.local/lib/python3.8/site-packages/airflow/example_dags/example_sensors.py
[2023-10-11T07:19:57.723+0000] {processor.py:829} INFO - Processing file /home/airflow/.local/lib/python3.8/site-packages/airflow/example_dags/example_sensors.py for tasks to queue
[2023-10-11T07:19:57.725+0000] {logging_mixin.py:151} INFO - [2023-10-11T07:19:57.724+0000] {dagbag.py:539} INFO - Filling up the DagBag from /home/airflow/.local/lib/python3.8/site-packages/airflow/example_dags/example_sensors.py
[2023-10-11T07:19:57.730+0000] {processor.py:839} INFO - DAG(s) dict_keys(['example_sensors']) retrieved from /home/airflow/.local/lib/python3.8/site-packages/airflow/example_dags/example_sensors.py
[2023-10-11T07:19:57.748+0000] {logging_mixin.py:151} INFO - [2023-10-11T07:19:57.748+0000] {dag.py:2915} INFO - Sync 1 DAGs
[2023-10-11T07:19:57.756+0000] {logging_mixin.py:151} INFO - [2023-10-11T07:19:57.756+0000] {dag.py:3696} INFO - Setting next_dagrun for example_sensors to None, run_after=None
[2023-10-11T07:19:57.765+0000] {processor.py:179} INFO - Processing /home/airflow/.local/lib/python3.8/site-packages/airflow/example_dags/example_sensors.py took 0.045 seconds
[2023-10-11T07:20:28.032+0000] {processor.py:157} INFO - Started process (PID=411) to work on /home/airflow/.local/lib/python3.8/site-packages/airflow/example_dags/example_sensors.py
[2023-10-11T07:20:28.032+0000] {processor.py:829} INFO - Processing file /home/airflow/.local/lib/python3.8/site-packages/airflow/example_dags/example_sensors.py for tasks to queue
[2023-10-11T07:20:28.034+0000] {logging_mixin.py:151} INFO - [2023-10-11T07:20:28.033+0000] {dagbag.py:539} INFO - Filling up the DagBag from /home/airflow/.local/lib/python3.8/site-packages/airflow/example_dags/example_sensors.py
[2023-10-11T07:20:28.039+0000] {processor.py:839} INFO - DAG(s) dict_keys(['example_sensors']) retrieved from /home/airflow/.local/lib/python3.8/site-packages/airflow/example_dags/example_sensors.py
[2023-10-11T07:20:28.057+0000] {logging_mixin.py:151} INFO - [2023-10-11T07:20:28.057+0000] {dag.py:2915} INFO - Sync 1 DAGs
[2023-10-11T07:20:28.065+0000] {logging_mixin.py:151} INFO - [2023-10-11T07:20:28.065+0000] {dag.py:3696} INFO - Setting next_dagrun for example_sensors to None, run_after=None
[2023-10-11T07:20:28.075+0000] {processor.py:179} INFO - Processing /home/airflow/.local/lib/python3.8/site-packages/airflow/example_dags/example_sensors.py took 0.045 seconds
[2023-10-11T07:20:58.288+0000] {processor.py:157} INFO - Started process (PID=470) to work on /home/airflow/.local/lib/python3.8/site-packages/airflow/example_dags/example_sensors.py
[2023-10-11T07:20:58.289+0000] {processor.py:829} INFO - Processing file /home/airflow/.local/lib/python3.8/site-packages/airflow/example_dags/example_sensors.py for tasks to queue
[2023-10-11T07:20:58.291+0000] {logging_mixin.py:151} INFO - [2023-10-11T07:20:58.291+0000] {dagbag.py:539} INFO - Filling up the DagBag from /home/airflow/.local/lib/python3.8/site-packages/airflow/example_dags/example_sensors.py
[2023-10-11T07:20:58.297+0000] {processor.py:839} INFO - DAG(s) dict_keys(['example_sensors']) retrieved from /home/airflow/.local/lib/python3.8/site-packages/airflow/example_dags/example_sensors.py
[2023-10-11T07:20:58.318+0000] {logging_mixin.py:151} INFO - [2023-10-11T07:20:58.318+0000] {dag.py:2915} INFO - Sync 1 DAGs
[2023-10-11T07:20:58.328+0000] {logging_mixin.py:151} INFO - [2023-10-11T07:20:58.328+0000] {dag.py:3696} INFO - Setting next_dagrun for example_sensors to None, run_after=None
[2023-10-11T07:20:58.338+0000] {processor.py:179} INFO - Processing /home/airflow/.local/lib/python3.8/site-packages/airflow/example_dags/example_sensors.py took 0.053 seconds
[2023-10-11T07:21:28.373+0000] {processor.py:157} INFO - Started process (PID=525) to work on /home/airflow/.local/lib/python3.8/site-packages/airflow/example_dags/example_sensors.py
[2023-10-11T07:21:28.374+0000] {processor.py:829} INFO - Processing file /home/airflow/.local/lib/python3.8/site-packages/airflow/example_dags/example_sensors.py for tasks to queue
[2023-10-11T07:21:28.375+0000] {logging_mixin.py:151} INFO - [2023-10-11T07:21:28.375+0000] {dagbag.py:539} INFO - Filling up the DagBag from /home/airflow/.local/lib/python3.8/site-packages/airflow/example_dags/example_sensors.py
[2023-10-11T07:21:28.380+0000] {processor.py:839} INFO - DAG(s) dict_keys(['example_sensors']) retrieved from /home/airflow/.local/lib/python3.8/site-packages/airflow/example_dags/example_sensors.py
[2023-10-11T07:21:28.397+0000] {logging_mixin.py:151} INFO - [2023-10-11T07:21:28.397+0000] {dag.py:2915} INFO - Sync 1 DAGs
[2023-10-11T07:21:28.405+0000] {logging_mixin.py:151} INFO - [2023-10-11T07:21:28.404+0000] {dag.py:3696} INFO - Setting next_dagrun for example_sensors to None, run_after=None
[2023-10-11T07:21:28.414+0000] {processor.py:179} INFO - Processing /home/airflow/.local/lib/python3.8/site-packages/airflow/example_dags/example_sensors.py took 0.043 seconds
[2023-10-11T07:21:58.938+0000] {processor.py:157} INFO - Started process (PID=584) to work on /home/airflow/.local/lib/python3.8/site-packages/airflow/example_dags/example_sensors.py
[2023-10-11T07:21:58.939+0000] {processor.py:829} INFO - Processing file /home/airflow/.local/lib/python3.8/site-packages/airflow/example_dags/example_sensors.py for tasks to queue
[2023-10-11T07:21:58.941+0000] {logging_mixin.py:151} INFO - [2023-10-11T07:21:58.940+0000] {dagbag.py:539} INFO - Filling up the DagBag from /home/airflow/.local/lib/python3.8/site-packages/airflow/example_dags/example_sensors.py
[2023-10-11T07:21:58.946+0000] {processor.py:839} INFO - DAG(s) dict_keys(['example_sensors']) retrieved from /home/airflow/.local/lib/python3.8/site-packages/airflow/example_dags/example_sensors.py
[2023-10-11T07:21:58.964+0000] {logging_mixin.py:151} INFO - [2023-10-11T07:21:58.964+0000] {dag.py:2915} INFO - Sync 1 DAGs
[2023-10-11T07:21:58.972+0000] {logging_mixin.py:151} INFO - [2023-10-11T07:21:58.972+0000] {dag.py:3696} INFO - Setting next_dagrun for example_sensors to None, run_after=None
[2023-10-11T07:21:58.982+0000] {processor.py:179} INFO - Processing /home/airflow/.local/lib/python3.8/site-packages/airflow/example_dags/example_sensors.py took 0.045 seconds
[2023-10-11T07:22:29.534+0000] {processor.py:157} INFO - Started process (PID=643) to work on /home/airflow/.local/lib/python3.8/site-packages/airflow/example_dags/example_sensors.py
[2023-10-11T07:22:29.534+0000] {processor.py:829} INFO - Processing file /home/airflow/.local/lib/python3.8/site-packages/airflow/example_dags/example_sensors.py for tasks to queue
[2023-10-11T07:22:29.536+0000] {logging_mixin.py:151} INFO - [2023-10-11T07:22:29.536+0000] {dagbag.py:539} INFO - Filling up the DagBag from /home/airflow/.local/lib/python3.8/site-packages/airflow/example_dags/example_sensors.py
[2023-10-11T07:22:29.541+0000] {processor.py:839} INFO - DAG(s) dict_keys(['example_sensors']) retrieved from /home/airflow/.local/lib/python3.8/site-packages/airflow/example_dags/example_sensors.py
[2023-10-11T07:22:29.560+0000] {logging_mixin.py:151} INFO - [2023-10-11T07:22:29.560+0000] {dag.py:2915} INFO - Sync 1 DAGs
[2023-10-11T07:22:29.568+0000] {logging_mixin.py:151} INFO - [2023-10-11T07:22:29.568+0000] {dag.py:3696} INFO - Setting next_dagrun for example_sensors to None, run_after=None
[2023-10-11T07:22:29.579+0000] {processor.py:179} INFO - Processing /home/airflow/.local/lib/python3.8/site-packages/airflow/example_dags/example_sensors.py took 0.048 seconds
[2023-10-11T07:22:59.979+0000] {processor.py:157} INFO - Started process (PID=701) to work on /home/airflow/.local/lib/python3.8/site-packages/airflow/example_dags/example_sensors.py
[2023-10-11T07:22:59.979+0000] {processor.py:829} INFO - Processing file /home/airflow/.local/lib/python3.8/site-packages/airflow/example_dags/example_sensors.py for tasks to queue
[2023-10-11T07:22:59.981+0000] {logging_mixin.py:151} INFO - [2023-10-11T07:22:59.980+0000] {dagbag.py:539} INFO - Filling up the DagBag from /home/airflow/.local/lib/python3.8/site-packages/airflow/example_dags/example_sensors.py
[2023-10-11T07:22:59.986+0000] {processor.py:839} INFO - DAG(s) dict_keys(['example_sensors']) retrieved from /home/airflow/.local/lib/python3.8/site-packages/airflow/example_dags/example_sensors.py
[2023-10-11T07:23:00.005+0000] {logging_mixin.py:151} INFO - [2023-10-11T07:23:00.004+0000] {dag.py:2915} INFO - Sync 1 DAGs
[2023-10-11T07:23:00.013+0000] {logging_mixin.py:151} INFO - [2023-10-11T07:23:00.013+0000] {dag.py:3696} INFO - Setting next_dagrun for example_sensors to None, run_after=None
[2023-10-11T07:23:00.024+0000] {processor.py:179} INFO - Processing /home/airflow/.local/lib/python3.8/site-packages/airflow/example_dags/example_sensors.py took 0.047 seconds
[2023-10-11T07:23:30.319+0000] {processor.py:157} INFO - Started process (PID=760) to work on /home/airflow/.local/lib/python3.8/site-packages/airflow/example_dags/example_sensors.py
[2023-10-11T07:23:30.320+0000] {processor.py:829} INFO - Processing file /home/airflow/.local/lib/python3.8/site-packages/airflow/example_dags/example_sensors.py for tasks to queue
[2023-10-11T07:23:30.321+0000] {logging_mixin.py:151} INFO - [2023-10-11T07:23:30.321+0000] {dagbag.py:539} INFO - Filling up the DagBag from /home/airflow/.local/lib/python3.8/site-packages/airflow/example_dags/example_sensors.py
[2023-10-11T07:23:30.326+0000] {processor.py:839} INFO - DAG(s) dict_keys(['example_sensors']) retrieved from /home/airflow/.local/lib/python3.8/site-packages/airflow/example_dags/example_sensors.py
[2023-10-11T07:23:30.344+0000] {logging_mixin.py:151} INFO - [2023-10-11T07:23:30.344+0000] {dag.py:2915} INFO - Sync 1 DAGs
[2023-10-11T07:23:30.352+0000] {logging_mixin.py:151} INFO - [2023-10-11T07:23:30.352+0000] {dag.py:3696} INFO - Setting next_dagrun for example_sensors to None, run_after=None
[2023-10-11T07:23:30.363+0000] {processor.py:179} INFO - Processing /home/airflow/.local/lib/python3.8/site-packages/airflow/example_dags/example_sensors.py took 0.046 seconds
[2023-10-11T07:24:00.809+0000] {processor.py:157} INFO - Started process (PID=819) to work on /home/airflow/.local/lib/python3.8/site-packages/airflow/example_dags/example_sensors.py
[2023-10-11T07:24:00.810+0000] {processor.py:829} INFO - Processing file /home/airflow/.local/lib/python3.8/site-packages/airflow/example_dags/example_sensors.py for tasks to queue
[2023-10-11T07:24:00.813+0000] {logging_mixin.py:151} INFO - [2023-10-11T07:24:00.812+0000] {dagbag.py:539} INFO - Filling up the DagBag from /home/airflow/.local/lib/python3.8/site-packages/airflow/example_dags/example_sensors.py
[2023-10-11T07:24:00.818+0000] {processor.py:839} INFO - DAG(s) dict_keys(['example_sensors']) retrieved from /home/airflow/.local/lib/python3.8/site-packages/airflow/example_dags/example_sensors.py
[2023-10-11T07:24:00.845+0000] {logging_mixin.py:151} INFO - [2023-10-11T07:24:00.845+0000] {dag.py:2915} INFO - Sync 1 DAGs
[2023-10-11T07:24:00.853+0000] {logging_mixin.py:151} INFO - [2023-10-11T07:24:00.853+0000] {dag.py:3696} INFO - Setting next_dagrun for example_sensors to None, run_after=None
[2023-10-11T07:24:00.864+0000] {processor.py:179} INFO - Processing /home/airflow/.local/lib/python3.8/site-packages/airflow/example_dags/example_sensors.py took 0.058 seconds
[2023-10-11T07:24:31.025+0000] {processor.py:157} INFO - Started process (PID=878) to work on /home/airflow/.local/lib/python3.8/site-packages/airflow/example_dags/example_sensors.py
[2023-10-11T07:24:31.026+0000] {processor.py:829} INFO - Processing file /home/airflow/.local/lib/python3.8/site-packages/airflow/example_dags/example_sensors.py for tasks to queue
[2023-10-11T07:24:31.028+0000] {logging_mixin.py:151} INFO - [2023-10-11T07:24:31.028+0000] {dagbag.py:539} INFO - Filling up the DagBag from /home/airflow/.local/lib/python3.8/site-packages/airflow/example_dags/example_sensors.py
[2023-10-11T07:24:31.033+0000] {processor.py:839} INFO - DAG(s) dict_keys(['example_sensors']) retrieved from /home/airflow/.local/lib/python3.8/site-packages/airflow/example_dags/example_sensors.py
[2023-10-11T07:24:31.052+0000] {logging_mixin.py:151} INFO - [2023-10-11T07:24:31.052+0000] {dag.py:2915} INFO - Sync 1 DAGs
[2023-10-11T07:24:31.060+0000] {logging_mixin.py:151} INFO - [2023-10-11T07:24:31.060+0000] {dag.py:3696} INFO - Setting next_dagrun for example_sensors to None, run_after=None
[2023-10-11T07:24:31.070+0000] {processor.py:179} INFO - Processing /home/airflow/.local/lib/python3.8/site-packages/airflow/example_dags/example_sensors.py took 0.047 seconds
[2023-10-11T07:25:02.304+0000] {processor.py:157} INFO - Started process (PID=937) to work on /home/airflow/.local/lib/python3.8/site-packages/airflow/example_dags/example_sensors.py
[2023-10-11T07:25:02.305+0000] {processor.py:829} INFO - Processing file /home/airflow/.local/lib/python3.8/site-packages/airflow/example_dags/example_sensors.py for tasks to queue
[2023-10-11T07:25:02.306+0000] {logging_mixin.py:151} INFO - [2023-10-11T07:25:02.306+0000] {dagbag.py:539} INFO - Filling up the DagBag from /home/airflow/.local/lib/python3.8/site-packages/airflow/example_dags/example_sensors.py
[2023-10-11T07:25:02.311+0000] {processor.py:839} INFO - DAG(s) dict_keys(['example_sensors']) retrieved from /home/airflow/.local/lib/python3.8/site-packages/airflow/example_dags/example_sensors.py
[2023-10-11T07:25:02.330+0000] {logging_mixin.py:151} INFO - [2023-10-11T07:25:02.330+0000] {dag.py:2915} INFO - Sync 1 DAGs
[2023-10-11T07:25:02.338+0000] {logging_mixin.py:151} INFO - [2023-10-11T07:25:02.337+0000] {dag.py:3696} INFO - Setting next_dagrun for example_sensors to None, run_after=None
[2023-10-11T07:25:02.348+0000] {processor.py:179} INFO - Processing /home/airflow/.local/lib/python3.8/site-packages/airflow/example_dags/example_sensors.py took 0.046 seconds
[2023-10-11T07:25:33.435+0000] {processor.py:157} INFO - Started process (PID=996) to work on /home/airflow/.local/lib/python3.8/site-packages/airflow/example_dags/example_sensors.py
[2023-10-11T07:25:33.436+0000] {processor.py:829} INFO - Processing file /home/airflow/.local/lib/python3.8/site-packages/airflow/example_dags/example_sensors.py for tasks to queue
[2023-10-11T07:25:33.437+0000] {logging_mixin.py:151} INFO - [2023-10-11T07:25:33.437+0000] {dagbag.py:539} INFO - Filling up the DagBag from /home/airflow/.local/lib/python3.8/site-packages/airflow/example_dags/example_sensors.py
[2023-10-11T07:25:33.443+0000] {processor.py:839} INFO - DAG(s) dict_keys(['example_sensors']) retrieved from /home/airflow/.local/lib/python3.8/site-packages/airflow/example_dags/example_sensors.py
[2023-10-11T07:25:33.463+0000] {logging_mixin.py:151} INFO - [2023-10-11T07:25:33.463+0000] {dag.py:2915} INFO - Sync 1 DAGs
[2023-10-11T07:25:33.472+0000] {logging_mixin.py:151} INFO - [2023-10-11T07:25:33.472+0000] {dag.py:3696} INFO - Setting next_dagrun for example_sensors to None, run_after=None
[2023-10-11T07:25:33.483+0000] {processor.py:179} INFO - Processing /home/airflow/.local/lib/python3.8/site-packages/airflow/example_dags/example_sensors.py took 0.050 seconds
[2023-10-11T07:26:04.559+0000] {processor.py:157} INFO - Started process (PID=1055) to work on /home/airflow/.local/lib/python3.8/site-packages/airflow/example_dags/example_sensors.py
[2023-10-11T07:26:04.560+0000] {processor.py:829} INFO - Processing file /home/airflow/.local/lib/python3.8/site-packages/airflow/example_dags/example_sensors.py for tasks to queue
[2023-10-11T07:26:04.561+0000] {logging_mixin.py:151} INFO - [2023-10-11T07:26:04.561+0000] {dagbag.py:539} INFO - Filling up the DagBag from /home/airflow/.local/lib/python3.8/site-packages/airflow/example_dags/example_sensors.py
[2023-10-11T07:26:04.566+0000] {processor.py:839} INFO - DAG(s) dict_keys(['example_sensors']) retrieved from /home/airflow/.local/lib/python3.8/site-packages/airflow/example_dags/example_sensors.py
[2023-10-11T07:26:04.585+0000] {logging_mixin.py:151} INFO - [2023-10-11T07:26:04.585+0000] {dag.py:2915} INFO - Sync 1 DAGs
[2023-10-11T07:26:04.593+0000] {logging_mixin.py:151} INFO - [2023-10-11T07:26:04.592+0000] {dag.py:3696} INFO - Setting next_dagrun for example_sensors to None, run_after=None
[2023-10-11T07:26:04.603+0000] {processor.py:179} INFO - Processing /home/airflow/.local/lib/python3.8/site-packages/airflow/example_dags/example_sensors.py took 0.046 seconds
[2023-10-11T07:26:35.667+0000] {processor.py:157} INFO - Started process (PID=1114) to work on /home/airflow/.local/lib/python3.8/site-packages/airflow/example_dags/example_sensors.py
[2023-10-11T07:26:35.668+0000] {processor.py:829} INFO - Processing file /home/airflow/.local/lib/python3.8/site-packages/airflow/example_dags/example_sensors.py for tasks to queue
[2023-10-11T07:26:35.669+0000] {logging_mixin.py:151} INFO - [2023-10-11T07:26:35.669+0000] {dagbag.py:539} INFO - Filling up the DagBag from /home/airflow/.local/lib/python3.8/site-packages/airflow/example_dags/example_sensors.py
[2023-10-11T07:26:35.674+0000] {processor.py:839} INFO - DAG(s) dict_keys(['example_sensors']) retrieved from /home/airflow/.local/lib/python3.8/site-packages/airflow/example_dags/example_sensors.py
[2023-10-11T07:26:35.692+0000] {logging_mixin.py:151} INFO - [2023-10-11T07:26:35.692+0000] {dag.py:2915} INFO - Sync 1 DAGs
[2023-10-11T07:26:35.700+0000] {logging_mixin.py:151} INFO - [2023-10-11T07:26:35.700+0000] {dag.py:3696} INFO - Setting next_dagrun for example_sensors to None, run_after=None
[2023-10-11T07:26:35.710+0000] {processor.py:179} INFO - Processing /home/airflow/.local/lib/python3.8/site-packages/airflow/example_dags/example_sensors.py took 0.045 seconds
[2023-10-11T07:27:06.061+0000] {processor.py:157} INFO - Started process (PID=1173) to work on /home/airflow/.local/lib/python3.8/site-packages/airflow/example_dags/example_sensors.py
[2023-10-11T07:27:06.062+0000] {processor.py:829} INFO - Processing file /home/airflow/.local/lib/python3.8/site-packages/airflow/example_dags/example_sensors.py for tasks to queue
[2023-10-11T07:27:06.063+0000] {logging_mixin.py:151} INFO - [2023-10-11T07:27:06.063+0000] {dagbag.py:539} INFO - Filling up the DagBag from /home/airflow/.local/lib/python3.8/site-packages/airflow/example_dags/example_sensors.py
[2023-10-11T07:27:06.069+0000] {processor.py:839} INFO - DAG(s) dict_keys(['example_sensors']) retrieved from /home/airflow/.local/lib/python3.8/site-packages/airflow/example_dags/example_sensors.py
[2023-10-11T07:27:06.088+0000] {logging_mixin.py:151} INFO - [2023-10-11T07:27:06.088+0000] {dag.py:2915} INFO - Sync 1 DAGs
[2023-10-11T07:27:06.095+0000] {logging_mixin.py:151} INFO - [2023-10-11T07:27:06.095+0000] {dag.py:3696} INFO - Setting next_dagrun for example_sensors to None, run_after=None
[2023-10-11T07:27:06.107+0000] {processor.py:179} INFO - Processing /home/airflow/.local/lib/python3.8/site-packages/airflow/example_dags/example_sensors.py took 0.048 seconds
[2023-10-11T07:27:36.835+0000] {processor.py:157} INFO - Started process (PID=1232) to work on /home/airflow/.local/lib/python3.8/site-packages/airflow/example_dags/example_sensors.py
[2023-10-11T07:27:36.835+0000] {processor.py:829} INFO - Processing file /home/airflow/.local/lib/python3.8/site-packages/airflow/example_dags/example_sensors.py for tasks to queue
[2023-10-11T07:27:36.837+0000] {logging_mixin.py:151} INFO - [2023-10-11T07:27:36.837+0000] {dagbag.py:539} INFO - Filling up the DagBag from /home/airflow/.local/lib/python3.8/site-packages/airflow/example_dags/example_sensors.py
[2023-10-11T07:27:36.842+0000] {processor.py:839} INFO - DAG(s) dict_keys(['example_sensors']) retrieved from /home/airflow/.local/lib/python3.8/site-packages/airflow/example_dags/example_sensors.py
[2023-10-11T07:27:36.860+0000] {logging_mixin.py:151} INFO - [2023-10-11T07:27:36.860+0000] {dag.py:2915} INFO - Sync 1 DAGs
[2023-10-11T07:27:36.868+0000] {logging_mixin.py:151} INFO - [2023-10-11T07:27:36.868+0000] {dag.py:3696} INFO - Setting next_dagrun for example_sensors to None, run_after=None
[2023-10-11T07:27:36.878+0000] {processor.py:179} INFO - Processing /home/airflow/.local/lib/python3.8/site-packages/airflow/example_dags/example_sensors.py took 0.045 seconds
[2023-10-11T07:28:07.970+0000] {processor.py:157} INFO - Started process (PID=1291) to work on /home/airflow/.local/lib/python3.8/site-packages/airflow/example_dags/example_sensors.py
[2023-10-11T07:28:07.971+0000] {processor.py:829} INFO - Processing file /home/airflow/.local/lib/python3.8/site-packages/airflow/example_dags/example_sensors.py for tasks to queue
[2023-10-11T07:28:07.972+0000] {logging_mixin.py:151} INFO - [2023-10-11T07:28:07.972+0000] {dagbag.py:539} INFO - Filling up the DagBag from /home/airflow/.local/lib/python3.8/site-packages/airflow/example_dags/example_sensors.py
[2023-10-11T07:28:07.977+0000] {processor.py:839} INFO - DAG(s) dict_keys(['example_sensors']) retrieved from /home/airflow/.local/lib/python3.8/site-packages/airflow/example_dags/example_sensors.py
[2023-10-11T07:28:07.996+0000] {logging_mixin.py:151} INFO - [2023-10-11T07:28:07.995+0000] {dag.py:2915} INFO - Sync 1 DAGs
[2023-10-11T07:28:08.003+0000] {logging_mixin.py:151} INFO - [2023-10-11T07:28:08.003+0000] {dag.py:3696} INFO - Setting next_dagrun for example_sensors to None, run_after=None
[2023-10-11T07:28:08.013+0000] {processor.py:179} INFO - Processing /home/airflow/.local/lib/python3.8/site-packages/airflow/example_dags/example_sensors.py took 0.045 seconds
[2023-10-11T07:28:38.447+0000] {processor.py:157} INFO - Started process (PID=1350) to work on /home/airflow/.local/lib/python3.8/site-packages/airflow/example_dags/example_sensors.py
[2023-10-11T07:28:38.448+0000] {processor.py:829} INFO - Processing file /home/airflow/.local/lib/python3.8/site-packages/airflow/example_dags/example_sensors.py for tasks to queue
[2023-10-11T07:28:38.449+0000] {logging_mixin.py:151} INFO - [2023-10-11T07:28:38.449+0000] {dagbag.py:539} INFO - Filling up the DagBag from /home/airflow/.local/lib/python3.8/site-packages/airflow/example_dags/example_sensors.py
[2023-10-11T07:28:38.455+0000] {processor.py:839} INFO - DAG(s) dict_keys(['example_sensors']) retrieved from /home/airflow/.local/lib/python3.8/site-packages/airflow/example_dags/example_sensors.py
[2023-10-11T07:28:38.473+0000] {logging_mixin.py:151} INFO - [2023-10-11T07:28:38.472+0000] {dag.py:2915} INFO - Sync 1 DAGs
[2023-10-11T07:28:38.480+0000] {logging_mixin.py:151} INFO - [2023-10-11T07:28:38.480+0000] {dag.py:3696} INFO - Setting next_dagrun for example_sensors to None, run_after=None
[2023-10-11T07:28:38.490+0000] {processor.py:179} INFO - Processing /home/airflow/.local/lib/python3.8/site-packages/airflow/example_dags/example_sensors.py took 0.045 seconds
[2023-10-11T07:29:09.625+0000] {processor.py:157} INFO - Started process (PID=1409) to work on /home/airflow/.local/lib/python3.8/site-packages/airflow/example_dags/example_sensors.py
[2023-10-11T07:29:09.626+0000] {processor.py:829} INFO - Processing file /home/airflow/.local/lib/python3.8/site-packages/airflow/example_dags/example_sensors.py for tasks to queue
[2023-10-11T07:29:09.628+0000] {logging_mixin.py:151} INFO - [2023-10-11T07:29:09.627+0000] {dagbag.py:539} INFO - Filling up the DagBag from /home/airflow/.local/lib/python3.8/site-packages/airflow/example_dags/example_sensors.py
[2023-10-11T07:29:09.633+0000] {processor.py:839} INFO - DAG(s) dict_keys(['example_sensors']) retrieved from /home/airflow/.local/lib/python3.8/site-packages/airflow/example_dags/example_sensors.py
[2023-10-11T07:29:09.651+0000] {logging_mixin.py:151} INFO - [2023-10-11T07:29:09.651+0000] {dag.py:2915} INFO - Sync 1 DAGs
[2023-10-11T07:29:09.658+0000] {logging_mixin.py:151} INFO - [2023-10-11T07:29:09.658+0000] {dag.py:3696} INFO - Setting next_dagrun for example_sensors to None, run_after=None
[2023-10-11T07:29:09.668+0000] {processor.py:179} INFO - Processing /home/airflow/.local/lib/python3.8/site-packages/airflow/example_dags/example_sensors.py took 0.044 seconds
[2023-10-11T07:29:40.476+0000] {processor.py:157} INFO - Started process (PID=1468) to work on /home/airflow/.local/lib/python3.8/site-packages/airflow/example_dags/example_sensors.py
[2023-10-11T07:29:40.477+0000] {processor.py:829} INFO - Processing file /home/airflow/.local/lib/python3.8/site-packages/airflow/example_dags/example_sensors.py for tasks to queue
[2023-10-11T07:29:40.479+0000] {logging_mixin.py:151} INFO - [2023-10-11T07:29:40.479+0000] {dagbag.py:539} INFO - Filling up the DagBag from /home/airflow/.local/lib/python3.8/site-packages/airflow/example_dags/example_sensors.py
[2023-10-11T07:29:40.484+0000] {processor.py:839} INFO - DAG(s) dict_keys(['example_sensors']) retrieved from /home/airflow/.local/lib/python3.8/site-packages/airflow/example_dags/example_sensors.py
[2023-10-11T07:29:40.505+0000] {logging_mixin.py:151} INFO - [2023-10-11T07:29:40.504+0000] {dag.py:2915} INFO - Sync 1 DAGs
[2023-10-11T07:29:40.513+0000] {logging_mixin.py:151} INFO - [2023-10-11T07:29:40.513+0000] {dag.py:3696} INFO - Setting next_dagrun for example_sensors to None, run_after=None
[2023-10-11T07:29:40.526+0000] {processor.py:179} INFO - Processing /home/airflow/.local/lib/python3.8/site-packages/airflow/example_dags/example_sensors.py took 0.052 seconds
[2023-10-11T07:30:11.533+0000] {processor.py:157} INFO - Started process (PID=1527) to work on /home/airflow/.local/lib/python3.8/site-packages/airflow/example_dags/example_sensors.py
[2023-10-11T07:30:11.534+0000] {processor.py:829} INFO - Processing file /home/airflow/.local/lib/python3.8/site-packages/airflow/example_dags/example_sensors.py for tasks to queue
[2023-10-11T07:30:11.537+0000] {logging_mixin.py:151} INFO - [2023-10-11T07:30:11.536+0000] {dagbag.py:539} INFO - Filling up the DagBag from /home/airflow/.local/lib/python3.8/site-packages/airflow/example_dags/example_sensors.py
[2023-10-11T07:30:11.543+0000] {processor.py:839} INFO - DAG(s) dict_keys(['example_sensors']) retrieved from /home/airflow/.local/lib/python3.8/site-packages/airflow/example_dags/example_sensors.py
[2023-10-11T07:30:11.565+0000] {logging_mixin.py:151} INFO - [2023-10-11T07:30:11.565+0000] {dag.py:2915} INFO - Sync 1 DAGs
[2023-10-11T07:30:11.575+0000] {logging_mixin.py:151} INFO - [2023-10-11T07:30:11.575+0000] {dag.py:3696} INFO - Setting next_dagrun for example_sensors to None, run_after=None
[2023-10-11T07:30:11.589+0000] {processor.py:179} INFO - Processing /home/airflow/.local/lib/python3.8/site-packages/airflow/example_dags/example_sensors.py took 0.059 seconds
[2023-10-11T07:30:41.766+0000] {processor.py:157} INFO - Started process (PID=1585) to work on /home/airflow/.local/lib/python3.8/site-packages/airflow/example_dags/example_sensors.py
[2023-10-11T07:30:41.767+0000] {processor.py:829} INFO - Processing file /home/airflow/.local/lib/python3.8/site-packages/airflow/example_dags/example_sensors.py for tasks to queue
[2023-10-11T07:30:41.769+0000] {logging_mixin.py:151} INFO - [2023-10-11T07:30:41.768+0000] {dagbag.py:539} INFO - Filling up the DagBag from /home/airflow/.local/lib/python3.8/site-packages/airflow/example_dags/example_sensors.py
[2023-10-11T07:30:41.774+0000] {processor.py:839} INFO - DAG(s) dict_keys(['example_sensors']) retrieved from /home/airflow/.local/lib/python3.8/site-packages/airflow/example_dags/example_sensors.py
[2023-10-11T07:30:41.793+0000] {logging_mixin.py:151} INFO - [2023-10-11T07:30:41.793+0000] {dag.py:2915} INFO - Sync 1 DAGs
[2023-10-11T07:30:41.801+0000] {logging_mixin.py:151} INFO - [2023-10-11T07:30:41.801+0000] {dag.py:3696} INFO - Setting next_dagrun for example_sensors to None, run_after=None
[2023-10-11T07:30:41.811+0000] {processor.py:179} INFO - Processing /home/airflow/.local/lib/python3.8/site-packages/airflow/example_dags/example_sensors.py took 0.047 seconds
[2023-10-11T07:31:11.986+0000] {processor.py:157} INFO - Started process (PID=1643) to work on /home/airflow/.local/lib/python3.8/site-packages/airflow/example_dags/example_sensors.py
[2023-10-11T07:31:11.987+0000] {processor.py:829} INFO - Processing file /home/airflow/.local/lib/python3.8/site-packages/airflow/example_dags/example_sensors.py for tasks to queue
[2023-10-11T07:31:11.988+0000] {logging_mixin.py:151} INFO - [2023-10-11T07:31:11.988+0000] {dagbag.py:539} INFO - Filling up the DagBag from /home/airflow/.local/lib/python3.8/site-packages/airflow/example_dags/example_sensors.py
[2023-10-11T07:31:11.994+0000] {processor.py:839} INFO - DAG(s) dict_keys(['example_sensors']) retrieved from /home/airflow/.local/lib/python3.8/site-packages/airflow/example_dags/example_sensors.py
[2023-10-11T07:31:12.012+0000] {logging_mixin.py:151} INFO - [2023-10-11T07:31:12.012+0000] {dag.py:2915} INFO - Sync 1 DAGs
[2023-10-11T07:31:12.021+0000] {logging_mixin.py:151} INFO - [2023-10-11T07:31:12.020+0000] {dag.py:3696} INFO - Setting next_dagrun for example_sensors to None, run_after=None
[2023-10-11T07:31:12.030+0000] {processor.py:179} INFO - Processing /home/airflow/.local/lib/python3.8/site-packages/airflow/example_dags/example_sensors.py took 0.047 seconds
[2023-10-11T07:31:42.330+0000] {processor.py:157} INFO - Started process (PID=1709) to work on /home/airflow/.local/lib/python3.8/site-packages/airflow/example_dags/example_sensors.py
[2023-10-11T07:31:42.331+0000] {processor.py:829} INFO - Processing file /home/airflow/.local/lib/python3.8/site-packages/airflow/example_dags/example_sensors.py for tasks to queue
[2023-10-11T07:31:42.333+0000] {logging_mixin.py:151} INFO - [2023-10-11T07:31:42.333+0000] {dagbag.py:539} INFO - Filling up the DagBag from /home/airflow/.local/lib/python3.8/site-packages/airflow/example_dags/example_sensors.py
[2023-10-11T07:31:42.339+0000] {processor.py:839} INFO - DAG(s) dict_keys(['example_sensors']) retrieved from /home/airflow/.local/lib/python3.8/site-packages/airflow/example_dags/example_sensors.py
[2023-10-11T07:31:42.359+0000] {logging_mixin.py:151} INFO - [2023-10-11T07:31:42.359+0000] {dag.py:2915} INFO - Sync 1 DAGs
[2023-10-11T07:31:42.368+0000] {logging_mixin.py:151} INFO - [2023-10-11T07:31:42.368+0000] {dag.py:3696} INFO - Setting next_dagrun for example_sensors to None, run_after=None
[2023-10-11T07:31:42.378+0000] {processor.py:179} INFO - Processing /home/airflow/.local/lib/python3.8/site-packages/airflow/example_dags/example_sensors.py took 0.051 seconds
