[2023-10-11T07:17:22.957+0000] {processor.py:157} INFO - Started process (PID=58) to work on /home/airflow/.local/lib/python3.8/site-packages/airflow/example_dags/example_external_task_marker_dag.py
[2023-10-11T07:17:22.958+0000] {processor.py:829} INFO - Processing file /home/airflow/.local/lib/python3.8/site-packages/airflow/example_dags/example_external_task_marker_dag.py for tasks to queue
[2023-10-11T07:17:22.959+0000] {logging_mixin.py:151} INFO - [2023-10-11T07:17:22.959+0000] {dagbag.py:539} INFO - Filling up the DagBag from /home/airflow/.local/lib/python3.8/site-packages/airflow/example_dags/example_external_task_marker_dag.py
[2023-10-11T07:17:22.964+0000] {processor.py:839} INFO - DAG(s) dict_keys(['example_external_task_marker_child', 'example_external_task_marker_parent']) retrieved from /home/airflow/.local/lib/python3.8/site-packages/airflow/example_dags/example_external_task_marker_dag.py
[2023-10-11T07:17:22.985+0000] {logging_mixin.py:151} INFO - [2023-10-11T07:17:22.985+0000] {dag.py:2915} INFO - Sync 2 DAGs
[2023-10-11T07:17:23.006+0000] {logging_mixin.py:151} INFO - [2023-10-11T07:17:23.006+0000] {dag.py:3696} INFO - Setting next_dagrun for example_external_task_marker_child to None, run_after=None
[2023-10-11T07:17:23.009+0000] {logging_mixin.py:151} INFO - [2023-10-11T07:17:23.009+0000] {dag.py:3696} INFO - Setting next_dagrun for example_external_task_marker_parent to None, run_after=None
[2023-10-11T07:17:23.022+0000] {processor.py:179} INFO - Processing /home/airflow/.local/lib/python3.8/site-packages/airflow/example_dags/example_external_task_marker_dag.py took 0.068 seconds
[2023-10-11T07:17:53.286+0000] {processor.py:157} INFO - Started process (PID=117) to work on /home/airflow/.local/lib/python3.8/site-packages/airflow/example_dags/example_external_task_marker_dag.py
[2023-10-11T07:17:53.286+0000] {processor.py:829} INFO - Processing file /home/airflow/.local/lib/python3.8/site-packages/airflow/example_dags/example_external_task_marker_dag.py for tasks to queue
[2023-10-11T07:17:53.288+0000] {logging_mixin.py:151} INFO - [2023-10-11T07:17:53.288+0000] {dagbag.py:539} INFO - Filling up the DagBag from /home/airflow/.local/lib/python3.8/site-packages/airflow/example_dags/example_external_task_marker_dag.py
[2023-10-11T07:17:53.292+0000] {processor.py:839} INFO - DAG(s) dict_keys(['example_external_task_marker_parent', 'example_external_task_marker_child']) retrieved from /home/airflow/.local/lib/python3.8/site-packages/airflow/example_dags/example_external_task_marker_dag.py
[2023-10-11T07:17:53.310+0000] {logging_mixin.py:151} INFO - [2023-10-11T07:17:53.310+0000] {dag.py:2915} INFO - Sync 2 DAGs
[2023-10-11T07:17:53.319+0000] {logging_mixin.py:151} INFO - [2023-10-11T07:17:53.319+0000] {dag.py:3696} INFO - Setting next_dagrun for example_external_task_marker_child to None, run_after=None
[2023-10-11T07:17:53.321+0000] {logging_mixin.py:151} INFO - [2023-10-11T07:17:53.321+0000] {dag.py:3696} INFO - Setting next_dagrun for example_external_task_marker_parent to None, run_after=None
[2023-10-11T07:17:53.330+0000] {processor.py:179} INFO - Processing /home/airflow/.local/lib/python3.8/site-packages/airflow/example_dags/example_external_task_marker_dag.py took 0.047 seconds
[2023-10-11T07:18:24.079+0000] {processor.py:157} INFO - Started process (PID=176) to work on /home/airflow/.local/lib/python3.8/site-packages/airflow/example_dags/example_external_task_marker_dag.py
[2023-10-11T07:18:24.080+0000] {processor.py:829} INFO - Processing file /home/airflow/.local/lib/python3.8/site-packages/airflow/example_dags/example_external_task_marker_dag.py for tasks to queue
[2023-10-11T07:18:24.081+0000] {logging_mixin.py:151} INFO - [2023-10-11T07:18:24.081+0000] {dagbag.py:539} INFO - Filling up the DagBag from /home/airflow/.local/lib/python3.8/site-packages/airflow/example_dags/example_external_task_marker_dag.py
[2023-10-11T07:18:24.085+0000] {processor.py:839} INFO - DAG(s) dict_keys(['example_external_task_marker_child', 'example_external_task_marker_parent']) retrieved from /home/airflow/.local/lib/python3.8/site-packages/airflow/example_dags/example_external_task_marker_dag.py
[2023-10-11T07:18:24.104+0000] {logging_mixin.py:151} INFO - [2023-10-11T07:18:24.104+0000] {dag.py:2915} INFO - Sync 2 DAGs
[2023-10-11T07:18:24.112+0000] {logging_mixin.py:151} INFO - [2023-10-11T07:18:24.112+0000] {dag.py:3696} INFO - Setting next_dagrun for example_external_task_marker_child to None, run_after=None
[2023-10-11T07:18:24.114+0000] {logging_mixin.py:151} INFO - [2023-10-11T07:18:24.114+0000] {dag.py:3696} INFO - Setting next_dagrun for example_external_task_marker_parent to None, run_after=None
[2023-10-11T07:18:24.123+0000] {processor.py:179} INFO - Processing /home/airflow/.local/lib/python3.8/site-packages/airflow/example_dags/example_external_task_marker_dag.py took 0.046 seconds
[2023-10-11T07:18:55.274+0000] {processor.py:157} INFO - Started process (PID=235) to work on /home/airflow/.local/lib/python3.8/site-packages/airflow/example_dags/example_external_task_marker_dag.py
[2023-10-11T07:18:55.274+0000] {processor.py:829} INFO - Processing file /home/airflow/.local/lib/python3.8/site-packages/airflow/example_dags/example_external_task_marker_dag.py for tasks to queue
[2023-10-11T07:18:55.276+0000] {logging_mixin.py:151} INFO - [2023-10-11T07:18:55.275+0000] {dagbag.py:539} INFO - Filling up the DagBag from /home/airflow/.local/lib/python3.8/site-packages/airflow/example_dags/example_external_task_marker_dag.py
[2023-10-11T07:18:55.280+0000] {processor.py:839} INFO - DAG(s) dict_keys(['example_external_task_marker_parent', 'example_external_task_marker_child']) retrieved from /home/airflow/.local/lib/python3.8/site-packages/airflow/example_dags/example_external_task_marker_dag.py
[2023-10-11T07:18:55.298+0000] {logging_mixin.py:151} INFO - [2023-10-11T07:18:55.298+0000] {dag.py:2915} INFO - Sync 2 DAGs
[2023-10-11T07:18:55.307+0000] {logging_mixin.py:151} INFO - [2023-10-11T07:18:55.306+0000] {dag.py:3696} INFO - Setting next_dagrun for example_external_task_marker_child to None, run_after=None
[2023-10-11T07:18:55.309+0000] {logging_mixin.py:151} INFO - [2023-10-11T07:18:55.308+0000] {dag.py:3696} INFO - Setting next_dagrun for example_external_task_marker_parent to None, run_after=None
[2023-10-11T07:18:55.317+0000] {processor.py:179} INFO - Processing /home/airflow/.local/lib/python3.8/site-packages/airflow/example_dags/example_external_task_marker_dag.py took 0.046 seconds
[2023-10-11T07:19:26.433+0000] {processor.py:157} INFO - Started process (PID=294) to work on /home/airflow/.local/lib/python3.8/site-packages/airflow/example_dags/example_external_task_marker_dag.py
[2023-10-11T07:19:26.434+0000] {processor.py:829} INFO - Processing file /home/airflow/.local/lib/python3.8/site-packages/airflow/example_dags/example_external_task_marker_dag.py for tasks to queue
[2023-10-11T07:19:26.436+0000] {logging_mixin.py:151} INFO - [2023-10-11T07:19:26.435+0000] {dagbag.py:539} INFO - Filling up the DagBag from /home/airflow/.local/lib/python3.8/site-packages/airflow/example_dags/example_external_task_marker_dag.py
[2023-10-11T07:19:26.439+0000] {processor.py:839} INFO - DAG(s) dict_keys(['example_external_task_marker_parent', 'example_external_task_marker_child']) retrieved from /home/airflow/.local/lib/python3.8/site-packages/airflow/example_dags/example_external_task_marker_dag.py
[2023-10-11T07:19:26.458+0000] {logging_mixin.py:151} INFO - [2023-10-11T07:19:26.458+0000] {dag.py:2915} INFO - Sync 2 DAGs
[2023-10-11T07:19:26.466+0000] {logging_mixin.py:151} INFO - [2023-10-11T07:19:26.466+0000] {dag.py:3696} INFO - Setting next_dagrun for example_external_task_marker_child to None, run_after=None
[2023-10-11T07:19:26.468+0000] {logging_mixin.py:151} INFO - [2023-10-11T07:19:26.468+0000] {dag.py:3696} INFO - Setting next_dagrun for example_external_task_marker_parent to None, run_after=None
[2023-10-11T07:19:26.477+0000] {processor.py:179} INFO - Processing /home/airflow/.local/lib/python3.8/site-packages/airflow/example_dags/example_external_task_marker_dag.py took 0.046 seconds
[2023-10-11T07:19:57.726+0000] {processor.py:157} INFO - Started process (PID=353) to work on /home/airflow/.local/lib/python3.8/site-packages/airflow/example_dags/example_external_task_marker_dag.py
[2023-10-11T07:19:57.726+0000] {processor.py:829} INFO - Processing file /home/airflow/.local/lib/python3.8/site-packages/airflow/example_dags/example_external_task_marker_dag.py for tasks to queue
[2023-10-11T07:19:57.728+0000] {logging_mixin.py:151} INFO - [2023-10-11T07:19:57.727+0000] {dagbag.py:539} INFO - Filling up the DagBag from /home/airflow/.local/lib/python3.8/site-packages/airflow/example_dags/example_external_task_marker_dag.py
[2023-10-11T07:19:57.731+0000] {processor.py:839} INFO - DAG(s) dict_keys(['example_external_task_marker_parent', 'example_external_task_marker_child']) retrieved from /home/airflow/.local/lib/python3.8/site-packages/airflow/example_dags/example_external_task_marker_dag.py
[2023-10-11T07:19:57.748+0000] {logging_mixin.py:151} INFO - [2023-10-11T07:19:57.748+0000] {dag.py:2915} INFO - Sync 2 DAGs
[2023-10-11T07:19:57.756+0000] {logging_mixin.py:151} INFO - [2023-10-11T07:19:57.756+0000] {dag.py:3696} INFO - Setting next_dagrun for example_external_task_marker_child to None, run_after=None
[2023-10-11T07:19:57.758+0000] {logging_mixin.py:151} INFO - [2023-10-11T07:19:57.758+0000] {dag.py:3696} INFO - Setting next_dagrun for example_external_task_marker_parent to None, run_after=None
[2023-10-11T07:19:57.766+0000] {processor.py:179} INFO - Processing /home/airflow/.local/lib/python3.8/site-packages/airflow/example_dags/example_external_task_marker_dag.py took 0.042 seconds
[2023-10-11T07:20:28.079+0000] {processor.py:157} INFO - Started process (PID=412) to work on /home/airflow/.local/lib/python3.8/site-packages/airflow/example_dags/example_external_task_marker_dag.py
[2023-10-11T07:20:28.080+0000] {processor.py:829} INFO - Processing file /home/airflow/.local/lib/python3.8/site-packages/airflow/example_dags/example_external_task_marker_dag.py for tasks to queue
[2023-10-11T07:20:28.081+0000] {logging_mixin.py:151} INFO - [2023-10-11T07:20:28.081+0000] {dagbag.py:539} INFO - Filling up the DagBag from /home/airflow/.local/lib/python3.8/site-packages/airflow/example_dags/example_external_task_marker_dag.py
[2023-10-11T07:20:28.085+0000] {processor.py:839} INFO - DAG(s) dict_keys(['example_external_task_marker_child', 'example_external_task_marker_parent']) retrieved from /home/airflow/.local/lib/python3.8/site-packages/airflow/example_dags/example_external_task_marker_dag.py
[2023-10-11T07:20:28.103+0000] {logging_mixin.py:151} INFO - [2023-10-11T07:20:28.103+0000] {dag.py:2915} INFO - Sync 2 DAGs
[2023-10-11T07:20:28.111+0000] {logging_mixin.py:151} INFO - [2023-10-11T07:20:28.111+0000] {dag.py:3696} INFO - Setting next_dagrun for example_external_task_marker_child to None, run_after=None
[2023-10-11T07:20:28.113+0000] {logging_mixin.py:151} INFO - [2023-10-11T07:20:28.113+0000] {dag.py:3696} INFO - Setting next_dagrun for example_external_task_marker_parent to None, run_after=None
[2023-10-11T07:20:28.122+0000] {processor.py:179} INFO - Processing /home/airflow/.local/lib/python3.8/site-packages/airflow/example_dags/example_external_task_marker_dag.py took 0.045 seconds
[2023-10-11T07:20:58.352+0000] {processor.py:157} INFO - Started process (PID=471) to work on /home/airflow/.local/lib/python3.8/site-packages/airflow/example_dags/example_external_task_marker_dag.py
[2023-10-11T07:20:58.353+0000] {processor.py:829} INFO - Processing file /home/airflow/.local/lib/python3.8/site-packages/airflow/example_dags/example_external_task_marker_dag.py for tasks to queue
[2023-10-11T07:20:58.354+0000] {logging_mixin.py:151} INFO - [2023-10-11T07:20:58.354+0000] {dagbag.py:539} INFO - Filling up the DagBag from /home/airflow/.local/lib/python3.8/site-packages/airflow/example_dags/example_external_task_marker_dag.py
[2023-10-11T07:20:58.358+0000] {processor.py:839} INFO - DAG(s) dict_keys(['example_external_task_marker_child', 'example_external_task_marker_parent']) retrieved from /home/airflow/.local/lib/python3.8/site-packages/airflow/example_dags/example_external_task_marker_dag.py
[2023-10-11T07:20:58.376+0000] {logging_mixin.py:151} INFO - [2023-10-11T07:20:58.376+0000] {dag.py:2915} INFO - Sync 2 DAGs
[2023-10-11T07:20:58.385+0000] {logging_mixin.py:151} INFO - [2023-10-11T07:20:58.385+0000] {dag.py:3696} INFO - Setting next_dagrun for example_external_task_marker_child to None, run_after=None
[2023-10-11T07:20:58.387+0000] {logging_mixin.py:151} INFO - [2023-10-11T07:20:58.387+0000] {dag.py:3696} INFO - Setting next_dagrun for example_external_task_marker_parent to None, run_after=None
[2023-10-11T07:20:58.396+0000] {processor.py:179} INFO - Processing /home/airflow/.local/lib/python3.8/site-packages/airflow/example_dags/example_external_task_marker_dag.py took 0.046 seconds
[2023-10-11T07:21:28.427+0000] {processor.py:157} INFO - Started process (PID=526) to work on /home/airflow/.local/lib/python3.8/site-packages/airflow/example_dags/example_external_task_marker_dag.py
[2023-10-11T07:21:28.427+0000] {processor.py:829} INFO - Processing file /home/airflow/.local/lib/python3.8/site-packages/airflow/example_dags/example_external_task_marker_dag.py for tasks to queue
[2023-10-11T07:21:28.428+0000] {logging_mixin.py:151} INFO - [2023-10-11T07:21:28.428+0000] {dagbag.py:539} INFO - Filling up the DagBag from /home/airflow/.local/lib/python3.8/site-packages/airflow/example_dags/example_external_task_marker_dag.py
[2023-10-11T07:21:28.432+0000] {processor.py:839} INFO - DAG(s) dict_keys(['example_external_task_marker_parent', 'example_external_task_marker_child']) retrieved from /home/airflow/.local/lib/python3.8/site-packages/airflow/example_dags/example_external_task_marker_dag.py
[2023-10-11T07:21:28.449+0000] {logging_mixin.py:151} INFO - [2023-10-11T07:21:28.449+0000] {dag.py:2915} INFO - Sync 2 DAGs
[2023-10-11T07:21:28.457+0000] {logging_mixin.py:151} INFO - [2023-10-11T07:21:28.457+0000] {dag.py:3696} INFO - Setting next_dagrun for example_external_task_marker_child to None, run_after=None
[2023-10-11T07:21:28.458+0000] {logging_mixin.py:151} INFO - [2023-10-11T07:21:28.458+0000] {dag.py:3696} INFO - Setting next_dagrun for example_external_task_marker_parent to None, run_after=None
[2023-10-11T07:21:28.466+0000] {processor.py:179} INFO - Processing /home/airflow/.local/lib/python3.8/site-packages/airflow/example_dags/example_external_task_marker_dag.py took 0.042 seconds
[2023-10-11T07:21:58.981+0000] {processor.py:157} INFO - Started process (PID=585) to work on /home/airflow/.local/lib/python3.8/site-packages/airflow/example_dags/example_external_task_marker_dag.py
[2023-10-11T07:21:58.981+0000] {processor.py:829} INFO - Processing file /home/airflow/.local/lib/python3.8/site-packages/airflow/example_dags/example_external_task_marker_dag.py for tasks to queue
[2023-10-11T07:21:58.983+0000] {logging_mixin.py:151} INFO - [2023-10-11T07:21:58.982+0000] {dagbag.py:539} INFO - Filling up the DagBag from /home/airflow/.local/lib/python3.8/site-packages/airflow/example_dags/example_external_task_marker_dag.py
[2023-10-11T07:21:58.987+0000] {processor.py:839} INFO - DAG(s) dict_keys(['example_external_task_marker_child', 'example_external_task_marker_parent']) retrieved from /home/airflow/.local/lib/python3.8/site-packages/airflow/example_dags/example_external_task_marker_dag.py
[2023-10-11T07:21:59.006+0000] {logging_mixin.py:151} INFO - [2023-10-11T07:21:59.005+0000] {dag.py:2915} INFO - Sync 2 DAGs
[2023-10-11T07:21:59.014+0000] {logging_mixin.py:151} INFO - [2023-10-11T07:21:59.014+0000] {dag.py:3696} INFO - Setting next_dagrun for example_external_task_marker_child to None, run_after=None
[2023-10-11T07:21:59.016+0000] {logging_mixin.py:151} INFO - [2023-10-11T07:21:59.016+0000] {dag.py:3696} INFO - Setting next_dagrun for example_external_task_marker_parent to None, run_after=None
[2023-10-11T07:21:59.026+0000] {processor.py:179} INFO - Processing /home/airflow/.local/lib/python3.8/site-packages/airflow/example_dags/example_external_task_marker_dag.py took 0.047 seconds
[2023-10-11T07:22:29.576+0000] {processor.py:157} INFO - Started process (PID=644) to work on /home/airflow/.local/lib/python3.8/site-packages/airflow/example_dags/example_external_task_marker_dag.py
[2023-10-11T07:22:29.578+0000] {processor.py:829} INFO - Processing file /home/airflow/.local/lib/python3.8/site-packages/airflow/example_dags/example_external_task_marker_dag.py for tasks to queue
[2023-10-11T07:22:29.579+0000] {logging_mixin.py:151} INFO - [2023-10-11T07:22:29.579+0000] {dagbag.py:539} INFO - Filling up the DagBag from /home/airflow/.local/lib/python3.8/site-packages/airflow/example_dags/example_external_task_marker_dag.py
[2023-10-11T07:22:29.583+0000] {processor.py:839} INFO - DAG(s) dict_keys(['example_external_task_marker_parent', 'example_external_task_marker_child']) retrieved from /home/airflow/.local/lib/python3.8/site-packages/airflow/example_dags/example_external_task_marker_dag.py
[2023-10-11T07:22:29.602+0000] {logging_mixin.py:151} INFO - [2023-10-11T07:22:29.602+0000] {dag.py:2915} INFO - Sync 2 DAGs
[2023-10-11T07:22:29.610+0000] {logging_mixin.py:151} INFO - [2023-10-11T07:22:29.610+0000] {dag.py:3696} INFO - Setting next_dagrun for example_external_task_marker_child to None, run_after=None
[2023-10-11T07:22:29.612+0000] {logging_mixin.py:151} INFO - [2023-10-11T07:22:29.612+0000] {dag.py:3696} INFO - Setting next_dagrun for example_external_task_marker_parent to None, run_after=None
[2023-10-11T07:22:29.621+0000] {processor.py:179} INFO - Processing /home/airflow/.local/lib/python3.8/site-packages/airflow/example_dags/example_external_task_marker_dag.py took 0.047 seconds
[2023-10-11T07:23:00.005+0000] {processor.py:157} INFO - Started process (PID=702) to work on /home/airflow/.local/lib/python3.8/site-packages/airflow/example_dags/example_external_task_marker_dag.py
[2023-10-11T07:23:00.006+0000] {processor.py:829} INFO - Processing file /home/airflow/.local/lib/python3.8/site-packages/airflow/example_dags/example_external_task_marker_dag.py for tasks to queue
[2023-10-11T07:23:00.008+0000] {logging_mixin.py:151} INFO - [2023-10-11T07:23:00.007+0000] {dagbag.py:539} INFO - Filling up the DagBag from /home/airflow/.local/lib/python3.8/site-packages/airflow/example_dags/example_external_task_marker_dag.py
[2023-10-11T07:23:00.012+0000] {processor.py:839} INFO - DAG(s) dict_keys(['example_external_task_marker_parent', 'example_external_task_marker_child']) retrieved from /home/airflow/.local/lib/python3.8/site-packages/airflow/example_dags/example_external_task_marker_dag.py
[2023-10-11T07:23:00.031+0000] {logging_mixin.py:151} INFO - [2023-10-11T07:23:00.031+0000] {dag.py:2915} INFO - Sync 2 DAGs
[2023-10-11T07:23:00.040+0000] {logging_mixin.py:151} INFO - [2023-10-11T07:23:00.040+0000] {dag.py:3696} INFO - Setting next_dagrun for example_external_task_marker_child to None, run_after=None
[2023-10-11T07:23:00.042+0000] {logging_mixin.py:151} INFO - [2023-10-11T07:23:00.042+0000] {dag.py:3696} INFO - Setting next_dagrun for example_external_task_marker_parent to None, run_after=None
[2023-10-11T07:23:00.053+0000] {processor.py:179} INFO - Processing /home/airflow/.local/lib/python3.8/site-packages/airflow/example_dags/example_external_task_marker_dag.py took 0.050 seconds
[2023-10-11T07:23:30.359+0000] {processor.py:157} INFO - Started process (PID=761) to work on /home/airflow/.local/lib/python3.8/site-packages/airflow/example_dags/example_external_task_marker_dag.py
[2023-10-11T07:23:30.359+0000] {processor.py:829} INFO - Processing file /home/airflow/.local/lib/python3.8/site-packages/airflow/example_dags/example_external_task_marker_dag.py for tasks to queue
[2023-10-11T07:23:30.361+0000] {logging_mixin.py:151} INFO - [2023-10-11T07:23:30.360+0000] {dagbag.py:539} INFO - Filling up the DagBag from /home/airflow/.local/lib/python3.8/site-packages/airflow/example_dags/example_external_task_marker_dag.py
[2023-10-11T07:23:30.365+0000] {processor.py:839} INFO - DAG(s) dict_keys(['example_external_task_marker_child', 'example_external_task_marker_parent']) retrieved from /home/airflow/.local/lib/python3.8/site-packages/airflow/example_dags/example_external_task_marker_dag.py
[2023-10-11T07:23:30.384+0000] {logging_mixin.py:151} INFO - [2023-10-11T07:23:30.383+0000] {dag.py:2915} INFO - Sync 2 DAGs
[2023-10-11T07:23:30.391+0000] {logging_mixin.py:151} INFO - [2023-10-11T07:23:30.391+0000] {dag.py:3696} INFO - Setting next_dagrun for example_external_task_marker_child to None, run_after=None
[2023-10-11T07:23:30.393+0000] {logging_mixin.py:151} INFO - [2023-10-11T07:23:30.393+0000] {dag.py:3696} INFO - Setting next_dagrun for example_external_task_marker_parent to None, run_after=None
[2023-10-11T07:23:30.402+0000] {processor.py:179} INFO - Processing /home/airflow/.local/lib/python3.8/site-packages/airflow/example_dags/example_external_task_marker_dag.py took 0.045 seconds
[2023-10-11T07:24:00.877+0000] {processor.py:157} INFO - Started process (PID=820) to work on /home/airflow/.local/lib/python3.8/site-packages/airflow/example_dags/example_external_task_marker_dag.py
[2023-10-11T07:24:00.878+0000] {processor.py:829} INFO - Processing file /home/airflow/.local/lib/python3.8/site-packages/airflow/example_dags/example_external_task_marker_dag.py for tasks to queue
[2023-10-11T07:24:00.880+0000] {logging_mixin.py:151} INFO - [2023-10-11T07:24:00.879+0000] {dagbag.py:539} INFO - Filling up the DagBag from /home/airflow/.local/lib/python3.8/site-packages/airflow/example_dags/example_external_task_marker_dag.py
[2023-10-11T07:24:00.883+0000] {processor.py:839} INFO - DAG(s) dict_keys(['example_external_task_marker_parent', 'example_external_task_marker_child']) retrieved from /home/airflow/.local/lib/python3.8/site-packages/airflow/example_dags/example_external_task_marker_dag.py
[2023-10-11T07:24:00.902+0000] {logging_mixin.py:151} INFO - [2023-10-11T07:24:00.902+0000] {dag.py:2915} INFO - Sync 2 DAGs
[2023-10-11T07:24:00.910+0000] {logging_mixin.py:151} INFO - [2023-10-11T07:24:00.910+0000] {dag.py:3696} INFO - Setting next_dagrun for example_external_task_marker_child to None, run_after=None
[2023-10-11T07:24:00.912+0000] {logging_mixin.py:151} INFO - [2023-10-11T07:24:00.912+0000] {dag.py:3696} INFO - Setting next_dagrun for example_external_task_marker_parent to None, run_after=None
[2023-10-11T07:24:00.920+0000] {processor.py:179} INFO - Processing /home/airflow/.local/lib/python3.8/site-packages/airflow/example_dags/example_external_task_marker_dag.py took 0.045 seconds
[2023-10-11T07:24:31.060+0000] {processor.py:157} INFO - Started process (PID=879) to work on /home/airflow/.local/lib/python3.8/site-packages/airflow/example_dags/example_external_task_marker_dag.py
[2023-10-11T07:24:31.061+0000] {processor.py:829} INFO - Processing file /home/airflow/.local/lib/python3.8/site-packages/airflow/example_dags/example_external_task_marker_dag.py for tasks to queue
[2023-10-11T07:24:31.063+0000] {logging_mixin.py:151} INFO - [2023-10-11T07:24:31.062+0000] {dagbag.py:539} INFO - Filling up the DagBag from /home/airflow/.local/lib/python3.8/site-packages/airflow/example_dags/example_external_task_marker_dag.py
[2023-10-11T07:24:31.067+0000] {processor.py:839} INFO - DAG(s) dict_keys(['example_external_task_marker_child', 'example_external_task_marker_parent']) retrieved from /home/airflow/.local/lib/python3.8/site-packages/airflow/example_dags/example_external_task_marker_dag.py
[2023-10-11T07:24:31.085+0000] {logging_mixin.py:151} INFO - [2023-10-11T07:24:31.085+0000] {dag.py:2915} INFO - Sync 2 DAGs
[2023-10-11T07:24:31.093+0000] {logging_mixin.py:151} INFO - [2023-10-11T07:24:31.093+0000] {dag.py:3696} INFO - Setting next_dagrun for example_external_task_marker_child to None, run_after=None
[2023-10-11T07:24:31.096+0000] {logging_mixin.py:151} INFO - [2023-10-11T07:24:31.095+0000] {dag.py:3696} INFO - Setting next_dagrun for example_external_task_marker_parent to None, run_after=None
[2023-10-11T07:24:31.104+0000] {processor.py:179} INFO - Processing /home/airflow/.local/lib/python3.8/site-packages/airflow/example_dags/example_external_task_marker_dag.py took 0.046 seconds
[2023-10-11T07:25:02.349+0000] {processor.py:157} INFO - Started process (PID=938) to work on /home/airflow/.local/lib/python3.8/site-packages/airflow/example_dags/example_external_task_marker_dag.py
[2023-10-11T07:25:02.350+0000] {processor.py:829} INFO - Processing file /home/airflow/.local/lib/python3.8/site-packages/airflow/example_dags/example_external_task_marker_dag.py for tasks to queue
[2023-10-11T07:25:02.351+0000] {logging_mixin.py:151} INFO - [2023-10-11T07:25:02.351+0000] {dagbag.py:539} INFO - Filling up the DagBag from /home/airflow/.local/lib/python3.8/site-packages/airflow/example_dags/example_external_task_marker_dag.py
[2023-10-11T07:25:02.355+0000] {processor.py:839} INFO - DAG(s) dict_keys(['example_external_task_marker_parent', 'example_external_task_marker_child']) retrieved from /home/airflow/.local/lib/python3.8/site-packages/airflow/example_dags/example_external_task_marker_dag.py
[2023-10-11T07:25:02.374+0000] {logging_mixin.py:151} INFO - [2023-10-11T07:25:02.374+0000] {dag.py:2915} INFO - Sync 2 DAGs
[2023-10-11T07:25:02.382+0000] {logging_mixin.py:151} INFO - [2023-10-11T07:25:02.382+0000] {dag.py:3696} INFO - Setting next_dagrun for example_external_task_marker_child to None, run_after=None
[2023-10-11T07:25:02.384+0000] {logging_mixin.py:151} INFO - [2023-10-11T07:25:02.384+0000] {dag.py:3696} INFO - Setting next_dagrun for example_external_task_marker_parent to None, run_after=None
[2023-10-11T07:25:02.392+0000] {processor.py:179} INFO - Processing /home/airflow/.local/lib/python3.8/site-packages/airflow/example_dags/example_external_task_marker_dag.py took 0.045 seconds
[2023-10-11T07:25:33.474+0000] {processor.py:157} INFO - Started process (PID=997) to work on /home/airflow/.local/lib/python3.8/site-packages/airflow/example_dags/example_external_task_marker_dag.py
[2023-10-11T07:25:33.474+0000] {processor.py:829} INFO - Processing file /home/airflow/.local/lib/python3.8/site-packages/airflow/example_dags/example_external_task_marker_dag.py for tasks to queue
[2023-10-11T07:25:33.476+0000] {logging_mixin.py:151} INFO - [2023-10-11T07:25:33.476+0000] {dagbag.py:539} INFO - Filling up the DagBag from /home/airflow/.local/lib/python3.8/site-packages/airflow/example_dags/example_external_task_marker_dag.py
[2023-10-11T07:25:33.480+0000] {processor.py:839} INFO - DAG(s) dict_keys(['example_external_task_marker_parent', 'example_external_task_marker_child']) retrieved from /home/airflow/.local/lib/python3.8/site-packages/airflow/example_dags/example_external_task_marker_dag.py
[2023-10-11T07:25:33.499+0000] {logging_mixin.py:151} INFO - [2023-10-11T07:25:33.499+0000] {dag.py:2915} INFO - Sync 2 DAGs
[2023-10-11T07:25:33.508+0000] {logging_mixin.py:151} INFO - [2023-10-11T07:25:33.508+0000] {dag.py:3696} INFO - Setting next_dagrun for example_external_task_marker_child to None, run_after=None
[2023-10-11T07:25:33.510+0000] {logging_mixin.py:151} INFO - [2023-10-11T07:25:33.510+0000] {dag.py:3696} INFO - Setting next_dagrun for example_external_task_marker_parent to None, run_after=None
[2023-10-11T07:25:33.519+0000] {processor.py:179} INFO - Processing /home/airflow/.local/lib/python3.8/site-packages/airflow/example_dags/example_external_task_marker_dag.py took 0.047 seconds
[2023-10-11T07:26:04.597+0000] {processor.py:157} INFO - Started process (PID=1056) to work on /home/airflow/.local/lib/python3.8/site-packages/airflow/example_dags/example_external_task_marker_dag.py
[2023-10-11T07:26:04.597+0000] {processor.py:829} INFO - Processing file /home/airflow/.local/lib/python3.8/site-packages/airflow/example_dags/example_external_task_marker_dag.py for tasks to queue
[2023-10-11T07:26:04.599+0000] {logging_mixin.py:151} INFO - [2023-10-11T07:26:04.599+0000] {dagbag.py:539} INFO - Filling up the DagBag from /home/airflow/.local/lib/python3.8/site-packages/airflow/example_dags/example_external_task_marker_dag.py
[2023-10-11T07:26:04.603+0000] {processor.py:839} INFO - DAG(s) dict_keys(['example_external_task_marker_child', 'example_external_task_marker_parent']) retrieved from /home/airflow/.local/lib/python3.8/site-packages/airflow/example_dags/example_external_task_marker_dag.py
[2023-10-11T07:26:04.621+0000] {logging_mixin.py:151} INFO - [2023-10-11T07:26:04.621+0000] {dag.py:2915} INFO - Sync 2 DAGs
[2023-10-11T07:26:04.629+0000] {logging_mixin.py:151} INFO - [2023-10-11T07:26:04.629+0000] {dag.py:3696} INFO - Setting next_dagrun for example_external_task_marker_child to None, run_after=None
[2023-10-11T07:26:04.631+0000] {logging_mixin.py:151} INFO - [2023-10-11T07:26:04.631+0000] {dag.py:3696} INFO - Setting next_dagrun for example_external_task_marker_parent to None, run_after=None
[2023-10-11T07:26:04.640+0000] {processor.py:179} INFO - Processing /home/airflow/.local/lib/python3.8/site-packages/airflow/example_dags/example_external_task_marker_dag.py took 0.045 seconds
[2023-10-11T07:26:35.713+0000] {processor.py:157} INFO - Started process (PID=1115) to work on /home/airflow/.local/lib/python3.8/site-packages/airflow/example_dags/example_external_task_marker_dag.py
[2023-10-11T07:26:35.713+0000] {processor.py:829} INFO - Processing file /home/airflow/.local/lib/python3.8/site-packages/airflow/example_dags/example_external_task_marker_dag.py for tasks to queue
[2023-10-11T07:26:35.715+0000] {logging_mixin.py:151} INFO - [2023-10-11T07:26:35.714+0000] {dagbag.py:539} INFO - Filling up the DagBag from /home/airflow/.local/lib/python3.8/site-packages/airflow/example_dags/example_external_task_marker_dag.py
[2023-10-11T07:26:35.719+0000] {processor.py:839} INFO - DAG(s) dict_keys(['example_external_task_marker_parent', 'example_external_task_marker_child']) retrieved from /home/airflow/.local/lib/python3.8/site-packages/airflow/example_dags/example_external_task_marker_dag.py
[2023-10-11T07:26:35.737+0000] {logging_mixin.py:151} INFO - [2023-10-11T07:26:35.737+0000] {dag.py:2915} INFO - Sync 2 DAGs
[2023-10-11T07:26:35.745+0000] {logging_mixin.py:151} INFO - [2023-10-11T07:26:35.745+0000] {dag.py:3696} INFO - Setting next_dagrun for example_external_task_marker_child to None, run_after=None
[2023-10-11T07:26:35.747+0000] {logging_mixin.py:151} INFO - [2023-10-11T07:26:35.747+0000] {dag.py:3696} INFO - Setting next_dagrun for example_external_task_marker_parent to None, run_after=None
[2023-10-11T07:26:35.755+0000] {processor.py:179} INFO - Processing /home/airflow/.local/lib/python3.8/site-packages/airflow/example_dags/example_external_task_marker_dag.py took 0.045 seconds
[2023-10-11T07:27:06.119+0000] {processor.py:157} INFO - Started process (PID=1174) to work on /home/airflow/.local/lib/python3.8/site-packages/airflow/example_dags/example_external_task_marker_dag.py
[2023-10-11T07:27:06.120+0000] {processor.py:829} INFO - Processing file /home/airflow/.local/lib/python3.8/site-packages/airflow/example_dags/example_external_task_marker_dag.py for tasks to queue
[2023-10-11T07:27:06.121+0000] {logging_mixin.py:151} INFO - [2023-10-11T07:27:06.121+0000] {dagbag.py:539} INFO - Filling up the DagBag from /home/airflow/.local/lib/python3.8/site-packages/airflow/example_dags/example_external_task_marker_dag.py
[2023-10-11T07:27:06.125+0000] {processor.py:839} INFO - DAG(s) dict_keys(['example_external_task_marker_parent', 'example_external_task_marker_child']) retrieved from /home/airflow/.local/lib/python3.8/site-packages/airflow/example_dags/example_external_task_marker_dag.py
[2023-10-11T07:27:06.142+0000] {logging_mixin.py:151} INFO - [2023-10-11T07:27:06.142+0000] {dag.py:2915} INFO - Sync 2 DAGs
[2023-10-11T07:27:06.150+0000] {logging_mixin.py:151} INFO - [2023-10-11T07:27:06.150+0000] {dag.py:3696} INFO - Setting next_dagrun for example_external_task_marker_child to None, run_after=None
[2023-10-11T07:27:06.151+0000] {logging_mixin.py:151} INFO - [2023-10-11T07:27:06.151+0000] {dag.py:3696} INFO - Setting next_dagrun for example_external_task_marker_parent to None, run_after=None
[2023-10-11T07:27:06.159+0000] {processor.py:179} INFO - Processing /home/airflow/.local/lib/python3.8/site-packages/airflow/example_dags/example_external_task_marker_dag.py took 0.042 seconds
[2023-10-11T07:27:36.879+0000] {processor.py:157} INFO - Started process (PID=1233) to work on /home/airflow/.local/lib/python3.8/site-packages/airflow/example_dags/example_external_task_marker_dag.py
[2023-10-11T07:27:36.880+0000] {processor.py:829} INFO - Processing file /home/airflow/.local/lib/python3.8/site-packages/airflow/example_dags/example_external_task_marker_dag.py for tasks to queue
[2023-10-11T07:27:36.882+0000] {logging_mixin.py:151} INFO - [2023-10-11T07:27:36.881+0000] {dagbag.py:539} INFO - Filling up the DagBag from /home/airflow/.local/lib/python3.8/site-packages/airflow/example_dags/example_external_task_marker_dag.py
[2023-10-11T07:27:36.885+0000] {processor.py:839} INFO - DAG(s) dict_keys(['example_external_task_marker_parent', 'example_external_task_marker_child']) retrieved from /home/airflow/.local/lib/python3.8/site-packages/airflow/example_dags/example_external_task_marker_dag.py
[2023-10-11T07:27:36.904+0000] {logging_mixin.py:151} INFO - [2023-10-11T07:27:36.904+0000] {dag.py:2915} INFO - Sync 2 DAGs
[2023-10-11T07:27:36.912+0000] {logging_mixin.py:151} INFO - [2023-10-11T07:27:36.912+0000] {dag.py:3696} INFO - Setting next_dagrun for example_external_task_marker_child to None, run_after=None
[2023-10-11T07:27:36.914+0000] {logging_mixin.py:151} INFO - [2023-10-11T07:27:36.913+0000] {dag.py:3696} INFO - Setting next_dagrun for example_external_task_marker_parent to None, run_after=None
[2023-10-11T07:27:36.924+0000] {processor.py:179} INFO - Processing /home/airflow/.local/lib/python3.8/site-packages/airflow/example_dags/example_external_task_marker_dag.py took 0.047 seconds
[2023-10-11T07:28:08.014+0000] {processor.py:157} INFO - Started process (PID=1292) to work on /home/airflow/.local/lib/python3.8/site-packages/airflow/example_dags/example_external_task_marker_dag.py
[2023-10-11T07:28:08.015+0000] {processor.py:829} INFO - Processing file /home/airflow/.local/lib/python3.8/site-packages/airflow/example_dags/example_external_task_marker_dag.py for tasks to queue
[2023-10-11T07:28:08.016+0000] {logging_mixin.py:151} INFO - [2023-10-11T07:28:08.016+0000] {dagbag.py:539} INFO - Filling up the DagBag from /home/airflow/.local/lib/python3.8/site-packages/airflow/example_dags/example_external_task_marker_dag.py
[2023-10-11T07:28:08.020+0000] {processor.py:839} INFO - DAG(s) dict_keys(['example_external_task_marker_child', 'example_external_task_marker_parent']) retrieved from /home/airflow/.local/lib/python3.8/site-packages/airflow/example_dags/example_external_task_marker_dag.py
[2023-10-11T07:28:08.039+0000] {logging_mixin.py:151} INFO - [2023-10-11T07:28:08.039+0000] {dag.py:2915} INFO - Sync 2 DAGs
[2023-10-11T07:28:08.046+0000] {logging_mixin.py:151} INFO - [2023-10-11T07:28:08.046+0000] {dag.py:3696} INFO - Setting next_dagrun for example_external_task_marker_child to None, run_after=None
[2023-10-11T07:28:08.048+0000] {logging_mixin.py:151} INFO - [2023-10-11T07:28:08.048+0000] {dag.py:3696} INFO - Setting next_dagrun for example_external_task_marker_parent to None, run_after=None
[2023-10-11T07:28:08.057+0000] {processor.py:179} INFO - Processing /home/airflow/.local/lib/python3.8/site-packages/airflow/example_dags/example_external_task_marker_dag.py took 0.045 seconds
[2023-10-11T07:28:38.495+0000] {processor.py:157} INFO - Started process (PID=1351) to work on /home/airflow/.local/lib/python3.8/site-packages/airflow/example_dags/example_external_task_marker_dag.py
[2023-10-11T07:28:38.496+0000] {processor.py:829} INFO - Processing file /home/airflow/.local/lib/python3.8/site-packages/airflow/example_dags/example_external_task_marker_dag.py for tasks to queue
[2023-10-11T07:28:38.497+0000] {logging_mixin.py:151} INFO - [2023-10-11T07:28:38.497+0000] {dagbag.py:539} INFO - Filling up the DagBag from /home/airflow/.local/lib/python3.8/site-packages/airflow/example_dags/example_external_task_marker_dag.py
[2023-10-11T07:28:38.501+0000] {processor.py:839} INFO - DAG(s) dict_keys(['example_external_task_marker_parent', 'example_external_task_marker_child']) retrieved from /home/airflow/.local/lib/python3.8/site-packages/airflow/example_dags/example_external_task_marker_dag.py
[2023-10-11T07:28:38.519+0000] {logging_mixin.py:151} INFO - [2023-10-11T07:28:38.519+0000] {dag.py:2915} INFO - Sync 2 DAGs
[2023-10-11T07:28:38.527+0000] {logging_mixin.py:151} INFO - [2023-10-11T07:28:38.527+0000] {dag.py:3696} INFO - Setting next_dagrun for example_external_task_marker_child to None, run_after=None
[2023-10-11T07:28:38.529+0000] {logging_mixin.py:151} INFO - [2023-10-11T07:28:38.529+0000] {dag.py:3696} INFO - Setting next_dagrun for example_external_task_marker_parent to None, run_after=None
[2023-10-11T07:28:38.537+0000] {processor.py:179} INFO - Processing /home/airflow/.local/lib/python3.8/site-packages/airflow/example_dags/example_external_task_marker_dag.py took 0.045 seconds
[2023-10-11T07:29:09.680+0000] {processor.py:157} INFO - Started process (PID=1410) to work on /home/airflow/.local/lib/python3.8/site-packages/airflow/example_dags/example_external_task_marker_dag.py
[2023-10-11T07:29:09.681+0000] {processor.py:829} INFO - Processing file /home/airflow/.local/lib/python3.8/site-packages/airflow/example_dags/example_external_task_marker_dag.py for tasks to queue
[2023-10-11T07:29:09.682+0000] {logging_mixin.py:151} INFO - [2023-10-11T07:29:09.682+0000] {dagbag.py:539} INFO - Filling up the DagBag from /home/airflow/.local/lib/python3.8/site-packages/airflow/example_dags/example_external_task_marker_dag.py
[2023-10-11T07:29:09.686+0000] {processor.py:839} INFO - DAG(s) dict_keys(['example_external_task_marker_child', 'example_external_task_marker_parent']) retrieved from /home/airflow/.local/lib/python3.8/site-packages/airflow/example_dags/example_external_task_marker_dag.py
[2023-10-11T07:29:09.705+0000] {logging_mixin.py:151} INFO - [2023-10-11T07:29:09.704+0000] {dag.py:2915} INFO - Sync 2 DAGs
[2023-10-11T07:29:09.713+0000] {logging_mixin.py:151} INFO - [2023-10-11T07:29:09.713+0000] {dag.py:3696} INFO - Setting next_dagrun for example_external_task_marker_child to None, run_after=None
[2023-10-11T07:29:09.715+0000] {logging_mixin.py:151} INFO - [2023-10-11T07:29:09.715+0000] {dag.py:3696} INFO - Setting next_dagrun for example_external_task_marker_parent to None, run_after=None
[2023-10-11T07:29:09.723+0000] {processor.py:179} INFO - Processing /home/airflow/.local/lib/python3.8/site-packages/airflow/example_dags/example_external_task_marker_dag.py took 0.045 seconds
[2023-10-11T07:29:40.543+0000] {processor.py:157} INFO - Started process (PID=1469) to work on /home/airflow/.local/lib/python3.8/site-packages/airflow/example_dags/example_external_task_marker_dag.py
[2023-10-11T07:29:40.544+0000] {processor.py:829} INFO - Processing file /home/airflow/.local/lib/python3.8/site-packages/airflow/example_dags/example_external_task_marker_dag.py for tasks to queue
[2023-10-11T07:29:40.545+0000] {logging_mixin.py:151} INFO - [2023-10-11T07:29:40.545+0000] {dagbag.py:539} INFO - Filling up the DagBag from /home/airflow/.local/lib/python3.8/site-packages/airflow/example_dags/example_external_task_marker_dag.py
[2023-10-11T07:29:40.550+0000] {processor.py:839} INFO - DAG(s) dict_keys(['example_external_task_marker_parent', 'example_external_task_marker_child']) retrieved from /home/airflow/.local/lib/python3.8/site-packages/airflow/example_dags/example_external_task_marker_dag.py
[2023-10-11T07:29:40.570+0000] {logging_mixin.py:151} INFO - [2023-10-11T07:29:40.570+0000] {dag.py:2915} INFO - Sync 2 DAGs
[2023-10-11T07:29:40.579+0000] {logging_mixin.py:151} INFO - [2023-10-11T07:29:40.579+0000] {dag.py:3696} INFO - Setting next_dagrun for example_external_task_marker_child to None, run_after=None
[2023-10-11T07:29:40.581+0000] {logging_mixin.py:151} INFO - [2023-10-11T07:29:40.581+0000] {dag.py:3696} INFO - Setting next_dagrun for example_external_task_marker_parent to None, run_after=None
[2023-10-11T07:29:40.593+0000] {processor.py:179} INFO - Processing /home/airflow/.local/lib/python3.8/site-packages/airflow/example_dags/example_external_task_marker_dag.py took 0.052 seconds
[2023-10-11T07:30:11.591+0000] {processor.py:157} INFO - Started process (PID=1528) to work on /home/airflow/.local/lib/python3.8/site-packages/airflow/example_dags/example_external_task_marker_dag.py
[2023-10-11T07:30:11.592+0000] {processor.py:829} INFO - Processing file /home/airflow/.local/lib/python3.8/site-packages/airflow/example_dags/example_external_task_marker_dag.py for tasks to queue
[2023-10-11T07:30:11.593+0000] {logging_mixin.py:151} INFO - [2023-10-11T07:30:11.593+0000] {dagbag.py:539} INFO - Filling up the DagBag from /home/airflow/.local/lib/python3.8/site-packages/airflow/example_dags/example_external_task_marker_dag.py
[2023-10-11T07:30:11.597+0000] {processor.py:839} INFO - DAG(s) dict_keys(['example_external_task_marker_child', 'example_external_task_marker_parent']) retrieved from /home/airflow/.local/lib/python3.8/site-packages/airflow/example_dags/example_external_task_marker_dag.py
[2023-10-11T07:30:11.619+0000] {logging_mixin.py:151} INFO - [2023-10-11T07:30:11.619+0000] {dag.py:2915} INFO - Sync 2 DAGs
[2023-10-11T07:30:11.628+0000] {logging_mixin.py:151} INFO - [2023-10-11T07:30:11.627+0000] {dag.py:3696} INFO - Setting next_dagrun for example_external_task_marker_child to None, run_after=None
[2023-10-11T07:30:11.630+0000] {logging_mixin.py:151} INFO - [2023-10-11T07:30:11.630+0000] {dag.py:3696} INFO - Setting next_dagrun for example_external_task_marker_parent to None, run_after=None
[2023-10-11T07:30:11.643+0000] {processor.py:179} INFO - Processing /home/airflow/.local/lib/python3.8/site-packages/airflow/example_dags/example_external_task_marker_dag.py took 0.054 seconds
[2023-10-11T07:30:41.814+0000] {processor.py:157} INFO - Started process (PID=1586) to work on /home/airflow/.local/lib/python3.8/site-packages/airflow/example_dags/example_external_task_marker_dag.py
[2023-10-11T07:30:41.814+0000] {processor.py:829} INFO - Processing file /home/airflow/.local/lib/python3.8/site-packages/airflow/example_dags/example_external_task_marker_dag.py for tasks to queue
[2023-10-11T07:30:41.816+0000] {logging_mixin.py:151} INFO - [2023-10-11T07:30:41.816+0000] {dagbag.py:539} INFO - Filling up the DagBag from /home/airflow/.local/lib/python3.8/site-packages/airflow/example_dags/example_external_task_marker_dag.py
[2023-10-11T07:30:41.820+0000] {processor.py:839} INFO - DAG(s) dict_keys(['example_external_task_marker_child', 'example_external_task_marker_parent']) retrieved from /home/airflow/.local/lib/python3.8/site-packages/airflow/example_dags/example_external_task_marker_dag.py
[2023-10-11T07:30:41.839+0000] {logging_mixin.py:151} INFO - [2023-10-11T07:30:41.839+0000] {dag.py:2915} INFO - Sync 2 DAGs
[2023-10-11T07:30:41.848+0000] {logging_mixin.py:151} INFO - [2023-10-11T07:30:41.848+0000] {dag.py:3696} INFO - Setting next_dagrun for example_external_task_marker_child to None, run_after=None
[2023-10-11T07:30:41.851+0000] {logging_mixin.py:151} INFO - [2023-10-11T07:30:41.851+0000] {dag.py:3696} INFO - Setting next_dagrun for example_external_task_marker_parent to None, run_after=None
[2023-10-11T07:30:41.862+0000] {processor.py:179} INFO - Processing /home/airflow/.local/lib/python3.8/site-packages/airflow/example_dags/example_external_task_marker_dag.py took 0.050 seconds
[2023-10-11T07:31:12.042+0000] {processor.py:157} INFO - Started process (PID=1644) to work on /home/airflow/.local/lib/python3.8/site-packages/airflow/example_dags/example_external_task_marker_dag.py
[2023-10-11T07:31:12.043+0000] {processor.py:829} INFO - Processing file /home/airflow/.local/lib/python3.8/site-packages/airflow/example_dags/example_external_task_marker_dag.py for tasks to queue
[2023-10-11T07:31:12.044+0000] {logging_mixin.py:151} INFO - [2023-10-11T07:31:12.044+0000] {dagbag.py:539} INFO - Filling up the DagBag from /home/airflow/.local/lib/python3.8/site-packages/airflow/example_dags/example_external_task_marker_dag.py
[2023-10-11T07:31:12.048+0000] {processor.py:839} INFO - DAG(s) dict_keys(['example_external_task_marker_parent', 'example_external_task_marker_child']) retrieved from /home/airflow/.local/lib/python3.8/site-packages/airflow/example_dags/example_external_task_marker_dag.py
[2023-10-11T07:31:12.066+0000] {logging_mixin.py:151} INFO - [2023-10-11T07:31:12.066+0000] {dag.py:2915} INFO - Sync 2 DAGs
[2023-10-11T07:31:12.075+0000] {logging_mixin.py:151} INFO - [2023-10-11T07:31:12.075+0000] {dag.py:3696} INFO - Setting next_dagrun for example_external_task_marker_child to None, run_after=None
[2023-10-11T07:31:12.077+0000] {logging_mixin.py:151} INFO - [2023-10-11T07:31:12.077+0000] {dag.py:3696} INFO - Setting next_dagrun for example_external_task_marker_parent to None, run_after=None
[2023-10-11T07:31:12.086+0000] {processor.py:179} INFO - Processing /home/airflow/.local/lib/python3.8/site-packages/airflow/example_dags/example_external_task_marker_dag.py took 0.046 seconds
[2023-10-11T07:31:42.365+0000] {processor.py:157} INFO - Started process (PID=1710) to work on /home/airflow/.local/lib/python3.8/site-packages/airflow/example_dags/example_external_task_marker_dag.py
[2023-10-11T07:31:42.365+0000] {processor.py:829} INFO - Processing file /home/airflow/.local/lib/python3.8/site-packages/airflow/example_dags/example_external_task_marker_dag.py for tasks to queue
[2023-10-11T07:31:42.367+0000] {logging_mixin.py:151} INFO - [2023-10-11T07:31:42.367+0000] {dagbag.py:539} INFO - Filling up the DagBag from /home/airflow/.local/lib/python3.8/site-packages/airflow/example_dags/example_external_task_marker_dag.py
[2023-10-11T07:31:42.371+0000] {processor.py:839} INFO - DAG(s) dict_keys(['example_external_task_marker_child', 'example_external_task_marker_parent']) retrieved from /home/airflow/.local/lib/python3.8/site-packages/airflow/example_dags/example_external_task_marker_dag.py
[2023-10-11T07:31:42.389+0000] {logging_mixin.py:151} INFO - [2023-10-11T07:31:42.389+0000] {dag.py:2915} INFO - Sync 2 DAGs
[2023-10-11T07:31:42.398+0000] {logging_mixin.py:151} INFO - [2023-10-11T07:31:42.398+0000] {dag.py:3696} INFO - Setting next_dagrun for example_external_task_marker_child to None, run_after=None
[2023-10-11T07:31:42.400+0000] {logging_mixin.py:151} INFO - [2023-10-11T07:31:42.400+0000] {dag.py:3696} INFO - Setting next_dagrun for example_external_task_marker_parent to None, run_after=None
[2023-10-11T07:31:42.410+0000] {processor.py:179} INFO - Processing /home/airflow/.local/lib/python3.8/site-packages/airflow/example_dags/example_external_task_marker_dag.py took 0.047 seconds
