[2023-10-11T07:17:23.361+0000] {processor.py:157} INFO - Started process (PID=68) to work on /home/airflow/.local/lib/python3.8/site-packages/airflow/example_dags/example_trigger_target_dag.py
[2023-10-11T07:17:23.362+0000] {processor.py:829} INFO - Processing file /home/airflow/.local/lib/python3.8/site-packages/airflow/example_dags/example_trigger_target_dag.py for tasks to queue
[2023-10-11T07:17:23.364+0000] {logging_mixin.py:151} INFO - [2023-10-11T07:17:23.364+0000] {dagbag.py:539} INFO - Filling up the DagBag from /home/airflow/.local/lib/python3.8/site-packages/airflow/example_dags/example_trigger_target_dag.py
[2023-10-11T07:17:23.370+0000] {processor.py:839} INFO - DAG(s) dict_keys(['example_trigger_target_dag']) retrieved from /home/airflow/.local/lib/python3.8/site-packages/airflow/example_dags/example_trigger_target_dag.py
[2023-10-11T07:17:23.391+0000] {logging_mixin.py:151} INFO - [2023-10-11T07:17:23.391+0000] {dag.py:2915} INFO - Sync 1 DAGs
[2023-10-11T07:17:23.402+0000] {logging_mixin.py:151} INFO - [2023-10-11T07:17:23.401+0000] {dag.py:3696} INFO - Setting next_dagrun for example_trigger_target_dag to None, run_after=None
[2023-10-11T07:17:23.417+0000] {processor.py:179} INFO - Processing /home/airflow/.local/lib/python3.8/site-packages/airflow/example_dags/example_trigger_target_dag.py took 0.060 seconds
[2023-10-11T07:17:53.603+0000] {processor.py:157} INFO - Started process (PID=127) to work on /home/airflow/.local/lib/python3.8/site-packages/airflow/example_dags/example_trigger_target_dag.py
[2023-10-11T07:17:53.603+0000] {processor.py:829} INFO - Processing file /home/airflow/.local/lib/python3.8/site-packages/airflow/example_dags/example_trigger_target_dag.py for tasks to queue
[2023-10-11T07:17:53.605+0000] {logging_mixin.py:151} INFO - [2023-10-11T07:17:53.605+0000] {dagbag.py:539} INFO - Filling up the DagBag from /home/airflow/.local/lib/python3.8/site-packages/airflow/example_dags/example_trigger_target_dag.py
[2023-10-11T07:17:53.609+0000] {processor.py:839} INFO - DAG(s) dict_keys(['example_trigger_target_dag']) retrieved from /home/airflow/.local/lib/python3.8/site-packages/airflow/example_dags/example_trigger_target_dag.py
[2023-10-11T07:17:53.625+0000] {logging_mixin.py:151} INFO - [2023-10-11T07:17:53.625+0000] {dag.py:2915} INFO - Sync 1 DAGs
[2023-10-11T07:17:53.632+0000] {logging_mixin.py:151} INFO - [2023-10-11T07:17:53.632+0000] {dag.py:3696} INFO - Setting next_dagrun for example_trigger_target_dag to None, run_after=None
[2023-10-11T07:17:53.642+0000] {processor.py:179} INFO - Processing /home/airflow/.local/lib/python3.8/site-packages/airflow/example_dags/example_trigger_target_dag.py took 0.042 seconds
[2023-10-11T07:18:24.400+0000] {processor.py:157} INFO - Started process (PID=186) to work on /home/airflow/.local/lib/python3.8/site-packages/airflow/example_dags/example_trigger_target_dag.py
[2023-10-11T07:18:24.400+0000] {processor.py:829} INFO - Processing file /home/airflow/.local/lib/python3.8/site-packages/airflow/example_dags/example_trigger_target_dag.py for tasks to queue
[2023-10-11T07:18:24.402+0000] {logging_mixin.py:151} INFO - [2023-10-11T07:18:24.402+0000] {dagbag.py:539} INFO - Filling up the DagBag from /home/airflow/.local/lib/python3.8/site-packages/airflow/example_dags/example_trigger_target_dag.py
[2023-10-11T07:18:24.406+0000] {processor.py:839} INFO - DAG(s) dict_keys(['example_trigger_target_dag']) retrieved from /home/airflow/.local/lib/python3.8/site-packages/airflow/example_dags/example_trigger_target_dag.py
[2023-10-11T07:18:24.422+0000] {logging_mixin.py:151} INFO - [2023-10-11T07:18:24.422+0000] {dag.py:2915} INFO - Sync 1 DAGs
[2023-10-11T07:18:24.429+0000] {logging_mixin.py:151} INFO - [2023-10-11T07:18:24.429+0000] {dag.py:3696} INFO - Setting next_dagrun for example_trigger_target_dag to None, run_after=None
[2023-10-11T07:18:24.440+0000] {processor.py:179} INFO - Processing /home/airflow/.local/lib/python3.8/site-packages/airflow/example_dags/example_trigger_target_dag.py took 0.042 seconds
[2023-10-11T07:18:55.590+0000] {processor.py:157} INFO - Started process (PID=245) to work on /home/airflow/.local/lib/python3.8/site-packages/airflow/example_dags/example_trigger_target_dag.py
[2023-10-11T07:18:55.591+0000] {processor.py:829} INFO - Processing file /home/airflow/.local/lib/python3.8/site-packages/airflow/example_dags/example_trigger_target_dag.py for tasks to queue
[2023-10-11T07:18:55.592+0000] {logging_mixin.py:151} INFO - [2023-10-11T07:18:55.592+0000] {dagbag.py:539} INFO - Filling up the DagBag from /home/airflow/.local/lib/python3.8/site-packages/airflow/example_dags/example_trigger_target_dag.py
[2023-10-11T07:18:55.596+0000] {processor.py:839} INFO - DAG(s) dict_keys(['example_trigger_target_dag']) retrieved from /home/airflow/.local/lib/python3.8/site-packages/airflow/example_dags/example_trigger_target_dag.py
[2023-10-11T07:18:55.612+0000] {logging_mixin.py:151} INFO - [2023-10-11T07:18:55.612+0000] {dag.py:2915} INFO - Sync 1 DAGs
[2023-10-11T07:18:55.620+0000] {logging_mixin.py:151} INFO - [2023-10-11T07:18:55.620+0000] {dag.py:3696} INFO - Setting next_dagrun for example_trigger_target_dag to None, run_after=None
[2023-10-11T07:18:55.631+0000] {processor.py:179} INFO - Processing /home/airflow/.local/lib/python3.8/site-packages/airflow/example_dags/example_trigger_target_dag.py took 0.043 seconds
[2023-10-11T07:19:26.755+0000] {processor.py:157} INFO - Started process (PID=304) to work on /home/airflow/.local/lib/python3.8/site-packages/airflow/example_dags/example_trigger_target_dag.py
[2023-10-11T07:19:26.756+0000] {processor.py:829} INFO - Processing file /home/airflow/.local/lib/python3.8/site-packages/airflow/example_dags/example_trigger_target_dag.py for tasks to queue
[2023-10-11T07:19:26.758+0000] {logging_mixin.py:151} INFO - [2023-10-11T07:19:26.758+0000] {dagbag.py:539} INFO - Filling up the DagBag from /home/airflow/.local/lib/python3.8/site-packages/airflow/example_dags/example_trigger_target_dag.py
[2023-10-11T07:19:26.762+0000] {processor.py:839} INFO - DAG(s) dict_keys(['example_trigger_target_dag']) retrieved from /home/airflow/.local/lib/python3.8/site-packages/airflow/example_dags/example_trigger_target_dag.py
[2023-10-11T07:19:26.779+0000] {logging_mixin.py:151} INFO - [2023-10-11T07:19:26.779+0000] {dag.py:2915} INFO - Sync 1 DAGs
[2023-10-11T07:19:26.787+0000] {logging_mixin.py:151} INFO - [2023-10-11T07:19:26.787+0000] {dag.py:3696} INFO - Setting next_dagrun for example_trigger_target_dag to None, run_after=None
[2023-10-11T07:19:26.798+0000] {processor.py:179} INFO - Processing /home/airflow/.local/lib/python3.8/site-packages/airflow/example_dags/example_trigger_target_dag.py took 0.045 seconds
[2023-10-11T07:19:58.128+0000] {processor.py:157} INFO - Started process (PID=363) to work on /home/airflow/.local/lib/python3.8/site-packages/airflow/example_dags/example_trigger_target_dag.py
[2023-10-11T07:19:58.128+0000] {processor.py:829} INFO - Processing file /home/airflow/.local/lib/python3.8/site-packages/airflow/example_dags/example_trigger_target_dag.py for tasks to queue
[2023-10-11T07:19:58.130+0000] {logging_mixin.py:151} INFO - [2023-10-11T07:19:58.130+0000] {dagbag.py:539} INFO - Filling up the DagBag from /home/airflow/.local/lib/python3.8/site-packages/airflow/example_dags/example_trigger_target_dag.py
[2023-10-11T07:19:58.134+0000] {processor.py:839} INFO - DAG(s) dict_keys(['example_trigger_target_dag']) retrieved from /home/airflow/.local/lib/python3.8/site-packages/airflow/example_dags/example_trigger_target_dag.py
[2023-10-11T07:19:58.150+0000] {logging_mixin.py:151} INFO - [2023-10-11T07:19:58.150+0000] {dag.py:2915} INFO - Sync 1 DAGs
[2023-10-11T07:19:58.158+0000] {logging_mixin.py:151} INFO - [2023-10-11T07:19:58.158+0000] {dag.py:3696} INFO - Setting next_dagrun for example_trigger_target_dag to None, run_after=None
[2023-10-11T07:19:58.168+0000] {processor.py:179} INFO - Processing /home/airflow/.local/lib/python3.8/site-packages/airflow/example_dags/example_trigger_target_dag.py took 0.042 seconds
[2023-10-11T07:20:28.374+0000] {processor.py:157} INFO - Started process (PID=422) to work on /home/airflow/.local/lib/python3.8/site-packages/airflow/example_dags/example_trigger_target_dag.py
[2023-10-11T07:20:28.375+0000] {processor.py:829} INFO - Processing file /home/airflow/.local/lib/python3.8/site-packages/airflow/example_dags/example_trigger_target_dag.py for tasks to queue
[2023-10-11T07:20:28.377+0000] {logging_mixin.py:151} INFO - [2023-10-11T07:20:28.376+0000] {dagbag.py:539} INFO - Filling up the DagBag from /home/airflow/.local/lib/python3.8/site-packages/airflow/example_dags/example_trigger_target_dag.py
[2023-10-11T07:20:28.380+0000] {processor.py:839} INFO - DAG(s) dict_keys(['example_trigger_target_dag']) retrieved from /home/airflow/.local/lib/python3.8/site-packages/airflow/example_dags/example_trigger_target_dag.py
[2023-10-11T07:20:28.396+0000] {logging_mixin.py:151} INFO - [2023-10-11T07:20:28.396+0000] {dag.py:2915} INFO - Sync 1 DAGs
[2023-10-11T07:20:28.403+0000] {logging_mixin.py:151} INFO - [2023-10-11T07:20:28.403+0000] {dag.py:3696} INFO - Setting next_dagrun for example_trigger_target_dag to None, run_after=None
[2023-10-11T07:20:28.412+0000] {processor.py:179} INFO - Processing /home/airflow/.local/lib/python3.8/site-packages/airflow/example_dags/example_trigger_target_dag.py took 0.040 seconds
[2023-10-11T07:20:58.754+0000] {processor.py:157} INFO - Started process (PID=482) to work on /home/airflow/.local/lib/python3.8/site-packages/airflow/example_dags/example_trigger_target_dag.py
[2023-10-11T07:20:58.755+0000] {processor.py:829} INFO - Processing file /home/airflow/.local/lib/python3.8/site-packages/airflow/example_dags/example_trigger_target_dag.py for tasks to queue
[2023-10-11T07:20:58.756+0000] {logging_mixin.py:151} INFO - [2023-10-11T07:20:58.756+0000] {dagbag.py:539} INFO - Filling up the DagBag from /home/airflow/.local/lib/python3.8/site-packages/airflow/example_dags/example_trigger_target_dag.py
[2023-10-11T07:20:58.760+0000] {processor.py:839} INFO - DAG(s) dict_keys(['example_trigger_target_dag']) retrieved from /home/airflow/.local/lib/python3.8/site-packages/airflow/example_dags/example_trigger_target_dag.py
[2023-10-11T07:20:58.776+0000] {logging_mixin.py:151} INFO - [2023-10-11T07:20:58.776+0000] {dag.py:2915} INFO - Sync 1 DAGs
[2023-10-11T07:20:58.784+0000] {logging_mixin.py:151} INFO - [2023-10-11T07:20:58.784+0000] {dag.py:3696} INFO - Setting next_dagrun for example_trigger_target_dag to None, run_after=None
[2023-10-11T07:20:58.795+0000] {processor.py:179} INFO - Processing /home/airflow/.local/lib/python3.8/site-packages/airflow/example_dags/example_trigger_target_dag.py took 0.043 seconds
[2023-10-11T07:21:29.337+0000] {processor.py:157} INFO - Started process (PID=541) to work on /home/airflow/.local/lib/python3.8/site-packages/airflow/example_dags/example_trigger_target_dag.py
[2023-10-11T07:21:29.338+0000] {processor.py:829} INFO - Processing file /home/airflow/.local/lib/python3.8/site-packages/airflow/example_dags/example_trigger_target_dag.py for tasks to queue
[2023-10-11T07:21:29.339+0000] {logging_mixin.py:151} INFO - [2023-10-11T07:21:29.339+0000] {dagbag.py:539} INFO - Filling up the DagBag from /home/airflow/.local/lib/python3.8/site-packages/airflow/example_dags/example_trigger_target_dag.py
[2023-10-11T07:21:29.343+0000] {processor.py:839} INFO - DAG(s) dict_keys(['example_trigger_target_dag']) retrieved from /home/airflow/.local/lib/python3.8/site-packages/airflow/example_dags/example_trigger_target_dag.py
[2023-10-11T07:21:29.360+0000] {logging_mixin.py:151} INFO - [2023-10-11T07:21:29.359+0000] {dag.py:2915} INFO - Sync 1 DAGs
[2023-10-11T07:21:29.367+0000] {logging_mixin.py:151} INFO - [2023-10-11T07:21:29.367+0000] {dag.py:3696} INFO - Setting next_dagrun for example_trigger_target_dag to None, run_after=None
[2023-10-11T07:21:29.377+0000] {processor.py:179} INFO - Processing /home/airflow/.local/lib/python3.8/site-packages/airflow/example_dags/example_trigger_target_dag.py took 0.042 seconds
[2023-10-11T07:21:59.851+0000] {processor.py:157} INFO - Started process (PID=600) to work on /home/airflow/.local/lib/python3.8/site-packages/airflow/example_dags/example_trigger_target_dag.py
[2023-10-11T07:21:59.852+0000] {processor.py:829} INFO - Processing file /home/airflow/.local/lib/python3.8/site-packages/airflow/example_dags/example_trigger_target_dag.py for tasks to queue
[2023-10-11T07:21:59.854+0000] {logging_mixin.py:151} INFO - [2023-10-11T07:21:59.853+0000] {dagbag.py:539} INFO - Filling up the DagBag from /home/airflow/.local/lib/python3.8/site-packages/airflow/example_dags/example_trigger_target_dag.py
[2023-10-11T07:21:59.857+0000] {processor.py:839} INFO - DAG(s) dict_keys(['example_trigger_target_dag']) retrieved from /home/airflow/.local/lib/python3.8/site-packages/airflow/example_dags/example_trigger_target_dag.py
[2023-10-11T07:21:59.874+0000] {logging_mixin.py:151} INFO - [2023-10-11T07:21:59.874+0000] {dag.py:2915} INFO - Sync 1 DAGs
[2023-10-11T07:21:59.882+0000] {logging_mixin.py:151} INFO - [2023-10-11T07:21:59.882+0000] {dag.py:3696} INFO - Setting next_dagrun for example_trigger_target_dag to None, run_after=None
[2023-10-11T07:21:59.892+0000] {processor.py:179} INFO - Processing /home/airflow/.local/lib/python3.8/site-packages/airflow/example_dags/example_trigger_target_dag.py took 0.043 seconds
[2023-10-11T07:22:30.166+0000] {processor.py:157} INFO - Started process (PID=659) to work on /home/airflow/.local/lib/python3.8/site-packages/airflow/example_dags/example_trigger_target_dag.py
[2023-10-11T07:22:30.166+0000] {processor.py:829} INFO - Processing file /home/airflow/.local/lib/python3.8/site-packages/airflow/example_dags/example_trigger_target_dag.py for tasks to queue
[2023-10-11T07:22:30.168+0000] {logging_mixin.py:151} INFO - [2023-10-11T07:22:30.168+0000] {dagbag.py:539} INFO - Filling up the DagBag from /home/airflow/.local/lib/python3.8/site-packages/airflow/example_dags/example_trigger_target_dag.py
[2023-10-11T07:22:30.171+0000] {processor.py:839} INFO - DAG(s) dict_keys(['example_trigger_target_dag']) retrieved from /home/airflow/.local/lib/python3.8/site-packages/airflow/example_dags/example_trigger_target_dag.py
[2023-10-11T07:22:30.188+0000] {logging_mixin.py:151} INFO - [2023-10-11T07:22:30.188+0000] {dag.py:2915} INFO - Sync 1 DAGs
[2023-10-11T07:22:30.196+0000] {logging_mixin.py:151} INFO - [2023-10-11T07:22:30.196+0000] {dag.py:3696} INFO - Setting next_dagrun for example_trigger_target_dag to None, run_after=None
[2023-10-11T07:22:30.209+0000] {processor.py:179} INFO - Processing /home/airflow/.local/lib/python3.8/site-packages/airflow/example_dags/example_trigger_target_dag.py took 0.046 seconds
[2023-10-11T07:23:00.404+0000] {processor.py:157} INFO - Started process (PID=716) to work on /home/airflow/.local/lib/python3.8/site-packages/airflow/example_dags/example_trigger_target_dag.py
[2023-10-11T07:23:00.405+0000] {processor.py:829} INFO - Processing file /home/airflow/.local/lib/python3.8/site-packages/airflow/example_dags/example_trigger_target_dag.py for tasks to queue
[2023-10-11T07:23:00.406+0000] {logging_mixin.py:151} INFO - [2023-10-11T07:23:00.406+0000] {dagbag.py:539} INFO - Filling up the DagBag from /home/airflow/.local/lib/python3.8/site-packages/airflow/example_dags/example_trigger_target_dag.py
[2023-10-11T07:23:00.438+0000] {processor.py:839} INFO - DAG(s) dict_keys(['example_trigger_target_dag']) retrieved from /home/airflow/.local/lib/python3.8/site-packages/airflow/example_dags/example_trigger_target_dag.py
[2023-10-11T07:23:00.474+0000] {logging_mixin.py:151} INFO - [2023-10-11T07:23:00.474+0000] {dag.py:2915} INFO - Sync 1 DAGs
[2023-10-11T07:23:00.484+0000] {logging_mixin.py:151} INFO - [2023-10-11T07:23:00.484+0000] {dag.py:3696} INFO - Setting next_dagrun for example_trigger_target_dag to None, run_after=None
[2023-10-11T07:23:00.497+0000] {processor.py:179} INFO - Processing /home/airflow/.local/lib/python3.8/site-packages/airflow/example_dags/example_trigger_target_dag.py took 0.096 seconds
[2023-10-11T07:23:30.719+0000] {processor.py:157} INFO - Started process (PID=771) to work on /home/airflow/.local/lib/python3.8/site-packages/airflow/example_dags/example_trigger_target_dag.py
[2023-10-11T07:23:30.719+0000] {processor.py:829} INFO - Processing file /home/airflow/.local/lib/python3.8/site-packages/airflow/example_dags/example_trigger_target_dag.py for tasks to queue
[2023-10-11T07:23:30.721+0000] {logging_mixin.py:151} INFO - [2023-10-11T07:23:30.721+0000] {dagbag.py:539} INFO - Filling up the DagBag from /home/airflow/.local/lib/python3.8/site-packages/airflow/example_dags/example_trigger_target_dag.py
[2023-10-11T07:23:30.726+0000] {processor.py:839} INFO - DAG(s) dict_keys(['example_trigger_target_dag']) retrieved from /home/airflow/.local/lib/python3.8/site-packages/airflow/example_dags/example_trigger_target_dag.py
[2023-10-11T07:23:30.745+0000] {logging_mixin.py:151} INFO - [2023-10-11T07:23:30.744+0000] {dag.py:2915} INFO - Sync 1 DAGs
[2023-10-11T07:23:30.753+0000] {logging_mixin.py:151} INFO - [2023-10-11T07:23:30.753+0000] {dag.py:3696} INFO - Setting next_dagrun for example_trigger_target_dag to None, run_after=None
[2023-10-11T07:23:30.763+0000] {processor.py:179} INFO - Processing /home/airflow/.local/lib/python3.8/site-packages/airflow/example_dags/example_trigger_target_dag.py took 0.047 seconds
[2023-10-11T07:24:01.298+0000] {processor.py:157} INFO - Started process (PID=830) to work on /home/airflow/.local/lib/python3.8/site-packages/airflow/example_dags/example_trigger_target_dag.py
[2023-10-11T07:24:01.299+0000] {processor.py:829} INFO - Processing file /home/airflow/.local/lib/python3.8/site-packages/airflow/example_dags/example_trigger_target_dag.py for tasks to queue
[2023-10-11T07:24:01.300+0000] {logging_mixin.py:151} INFO - [2023-10-11T07:24:01.300+0000] {dagbag.py:539} INFO - Filling up the DagBag from /home/airflow/.local/lib/python3.8/site-packages/airflow/example_dags/example_trigger_target_dag.py
[2023-10-11T07:24:01.304+0000] {processor.py:839} INFO - DAG(s) dict_keys(['example_trigger_target_dag']) retrieved from /home/airflow/.local/lib/python3.8/site-packages/airflow/example_dags/example_trigger_target_dag.py
[2023-10-11T07:24:01.321+0000] {logging_mixin.py:151} INFO - [2023-10-11T07:24:01.321+0000] {dag.py:2915} INFO - Sync 1 DAGs
[2023-10-11T07:24:01.328+0000] {logging_mixin.py:151} INFO - [2023-10-11T07:24:01.328+0000] {dag.py:3696} INFO - Setting next_dagrun for example_trigger_target_dag to None, run_after=None
[2023-10-11T07:24:01.338+0000] {processor.py:179} INFO - Processing /home/airflow/.local/lib/python3.8/site-packages/airflow/example_dags/example_trigger_target_dag.py took 0.042 seconds
[2023-10-11T07:24:31.376+0000] {processor.py:157} INFO - Started process (PID=889) to work on /home/airflow/.local/lib/python3.8/site-packages/airflow/example_dags/example_trigger_target_dag.py
[2023-10-11T07:24:31.376+0000] {processor.py:829} INFO - Processing file /home/airflow/.local/lib/python3.8/site-packages/airflow/example_dags/example_trigger_target_dag.py for tasks to queue
[2023-10-11T07:24:31.378+0000] {logging_mixin.py:151} INFO - [2023-10-11T07:24:31.378+0000] {dagbag.py:539} INFO - Filling up the DagBag from /home/airflow/.local/lib/python3.8/site-packages/airflow/example_dags/example_trigger_target_dag.py
[2023-10-11T07:24:31.381+0000] {processor.py:839} INFO - DAG(s) dict_keys(['example_trigger_target_dag']) retrieved from /home/airflow/.local/lib/python3.8/site-packages/airflow/example_dags/example_trigger_target_dag.py
[2023-10-11T07:24:31.398+0000] {logging_mixin.py:151} INFO - [2023-10-11T07:24:31.398+0000] {dag.py:2915} INFO - Sync 1 DAGs
[2023-10-11T07:24:31.406+0000] {logging_mixin.py:151} INFO - [2023-10-11T07:24:31.406+0000] {dag.py:3696} INFO - Setting next_dagrun for example_trigger_target_dag to None, run_after=None
[2023-10-11T07:24:31.417+0000] {processor.py:179} INFO - Processing /home/airflow/.local/lib/python3.8/site-packages/airflow/example_dags/example_trigger_target_dag.py took 0.044 seconds
[2023-10-11T07:25:02.665+0000] {processor.py:157} INFO - Started process (PID=948) to work on /home/airflow/.local/lib/python3.8/site-packages/airflow/example_dags/example_trigger_target_dag.py
[2023-10-11T07:25:02.666+0000] {processor.py:829} INFO - Processing file /home/airflow/.local/lib/python3.8/site-packages/airflow/example_dags/example_trigger_target_dag.py for tasks to queue
[2023-10-11T07:25:02.667+0000] {logging_mixin.py:151} INFO - [2023-10-11T07:25:02.667+0000] {dagbag.py:539} INFO - Filling up the DagBag from /home/airflow/.local/lib/python3.8/site-packages/airflow/example_dags/example_trigger_target_dag.py
[2023-10-11T07:25:02.671+0000] {processor.py:839} INFO - DAG(s) dict_keys(['example_trigger_target_dag']) retrieved from /home/airflow/.local/lib/python3.8/site-packages/airflow/example_dags/example_trigger_target_dag.py
[2023-10-11T07:25:02.687+0000] {logging_mixin.py:151} INFO - [2023-10-11T07:25:02.687+0000] {dag.py:2915} INFO - Sync 1 DAGs
[2023-10-11T07:25:02.695+0000] {logging_mixin.py:151} INFO - [2023-10-11T07:25:02.695+0000] {dag.py:3696} INFO - Setting next_dagrun for example_trigger_target_dag to None, run_after=None
[2023-10-11T07:25:02.705+0000] {processor.py:179} INFO - Processing /home/airflow/.local/lib/python3.8/site-packages/airflow/example_dags/example_trigger_target_dag.py took 0.042 seconds
[2023-10-11T07:25:33.793+0000] {processor.py:157} INFO - Started process (PID=1007) to work on /home/airflow/.local/lib/python3.8/site-packages/airflow/example_dags/example_trigger_target_dag.py
[2023-10-11T07:25:33.794+0000] {processor.py:829} INFO - Processing file /home/airflow/.local/lib/python3.8/site-packages/airflow/example_dags/example_trigger_target_dag.py for tasks to queue
[2023-10-11T07:25:33.795+0000] {logging_mixin.py:151} INFO - [2023-10-11T07:25:33.795+0000] {dagbag.py:539} INFO - Filling up the DagBag from /home/airflow/.local/lib/python3.8/site-packages/airflow/example_dags/example_trigger_target_dag.py
[2023-10-11T07:25:33.799+0000] {processor.py:839} INFO - DAG(s) dict_keys(['example_trigger_target_dag']) retrieved from /home/airflow/.local/lib/python3.8/site-packages/airflow/example_dags/example_trigger_target_dag.py
[2023-10-11T07:25:33.816+0000] {logging_mixin.py:151} INFO - [2023-10-11T07:25:33.815+0000] {dag.py:2915} INFO - Sync 1 DAGs
[2023-10-11T07:25:33.823+0000] {logging_mixin.py:151} INFO - [2023-10-11T07:25:33.823+0000] {dag.py:3696} INFO - Setting next_dagrun for example_trigger_target_dag to None, run_after=None
[2023-10-11T07:25:33.834+0000] {processor.py:179} INFO - Processing /home/airflow/.local/lib/python3.8/site-packages/airflow/example_dags/example_trigger_target_dag.py took 0.043 seconds
[2023-10-11T07:26:04.926+0000] {processor.py:157} INFO - Started process (PID=1066) to work on /home/airflow/.local/lib/python3.8/site-packages/airflow/example_dags/example_trigger_target_dag.py
[2023-10-11T07:26:04.927+0000] {processor.py:829} INFO - Processing file /home/airflow/.local/lib/python3.8/site-packages/airflow/example_dags/example_trigger_target_dag.py for tasks to queue
[2023-10-11T07:26:04.929+0000] {logging_mixin.py:151} INFO - [2023-10-11T07:26:04.928+0000] {dagbag.py:539} INFO - Filling up the DagBag from /home/airflow/.local/lib/python3.8/site-packages/airflow/example_dags/example_trigger_target_dag.py
[2023-10-11T07:26:04.932+0000] {processor.py:839} INFO - DAG(s) dict_keys(['example_trigger_target_dag']) retrieved from /home/airflow/.local/lib/python3.8/site-packages/airflow/example_dags/example_trigger_target_dag.py
[2023-10-11T07:26:04.949+0000] {logging_mixin.py:151} INFO - [2023-10-11T07:26:04.949+0000] {dag.py:2915} INFO - Sync 1 DAGs
[2023-10-11T07:26:04.957+0000] {logging_mixin.py:151} INFO - [2023-10-11T07:26:04.957+0000] {dag.py:3696} INFO - Setting next_dagrun for example_trigger_target_dag to None, run_after=None
[2023-10-11T07:26:04.968+0000] {processor.py:179} INFO - Processing /home/airflow/.local/lib/python3.8/site-packages/airflow/example_dags/example_trigger_target_dag.py took 0.044 seconds
[2023-10-11T07:26:36.028+0000] {processor.py:157} INFO - Started process (PID=1125) to work on /home/airflow/.local/lib/python3.8/site-packages/airflow/example_dags/example_trigger_target_dag.py
[2023-10-11T07:26:36.029+0000] {processor.py:829} INFO - Processing file /home/airflow/.local/lib/python3.8/site-packages/airflow/example_dags/example_trigger_target_dag.py for tasks to queue
[2023-10-11T07:26:36.030+0000] {logging_mixin.py:151} INFO - [2023-10-11T07:26:36.030+0000] {dagbag.py:539} INFO - Filling up the DagBag from /home/airflow/.local/lib/python3.8/site-packages/airflow/example_dags/example_trigger_target_dag.py
[2023-10-11T07:26:36.035+0000] {processor.py:839} INFO - DAG(s) dict_keys(['example_trigger_target_dag']) retrieved from /home/airflow/.local/lib/python3.8/site-packages/airflow/example_dags/example_trigger_target_dag.py
[2023-10-11T07:26:36.051+0000] {logging_mixin.py:151} INFO - [2023-10-11T07:26:36.051+0000] {dag.py:2915} INFO - Sync 1 DAGs
[2023-10-11T07:26:36.058+0000] {logging_mixin.py:151} INFO - [2023-10-11T07:26:36.058+0000] {dag.py:3696} INFO - Setting next_dagrun for example_trigger_target_dag to None, run_after=None
[2023-10-11T07:26:36.068+0000] {processor.py:179} INFO - Processing /home/airflow/.local/lib/python3.8/site-packages/airflow/example_dags/example_trigger_target_dag.py took 0.041 seconds
[2023-10-11T07:27:06.484+0000] {processor.py:157} INFO - Started process (PID=1184) to work on /home/airflow/.local/lib/python3.8/site-packages/airflow/example_dags/example_trigger_target_dag.py
[2023-10-11T07:27:06.485+0000] {processor.py:829} INFO - Processing file /home/airflow/.local/lib/python3.8/site-packages/airflow/example_dags/example_trigger_target_dag.py for tasks to queue
[2023-10-11T07:27:06.486+0000] {logging_mixin.py:151} INFO - [2023-10-11T07:27:06.486+0000] {dagbag.py:539} INFO - Filling up the DagBag from /home/airflow/.local/lib/python3.8/site-packages/airflow/example_dags/example_trigger_target_dag.py
[2023-10-11T07:27:06.490+0000] {processor.py:839} INFO - DAG(s) dict_keys(['example_trigger_target_dag']) retrieved from /home/airflow/.local/lib/python3.8/site-packages/airflow/example_dags/example_trigger_target_dag.py
[2023-10-11T07:27:06.506+0000] {logging_mixin.py:151} INFO - [2023-10-11T07:27:06.506+0000] {dag.py:2915} INFO - Sync 1 DAGs
[2023-10-11T07:27:06.514+0000] {logging_mixin.py:151} INFO - [2023-10-11T07:27:06.514+0000] {dag.py:3696} INFO - Setting next_dagrun for example_trigger_target_dag to None, run_after=None
[2023-10-11T07:27:06.524+0000] {processor.py:179} INFO - Processing /home/airflow/.local/lib/python3.8/site-packages/airflow/example_dags/example_trigger_target_dag.py took 0.042 seconds
[2023-10-11T07:27:37.214+0000] {processor.py:157} INFO - Started process (PID=1243) to work on /home/airflow/.local/lib/python3.8/site-packages/airflow/example_dags/example_trigger_target_dag.py
[2023-10-11T07:27:37.214+0000] {processor.py:829} INFO - Processing file /home/airflow/.local/lib/python3.8/site-packages/airflow/example_dags/example_trigger_target_dag.py for tasks to queue
[2023-10-11T07:27:37.216+0000] {logging_mixin.py:151} INFO - [2023-10-11T07:27:37.216+0000] {dagbag.py:539} INFO - Filling up the DagBag from /home/airflow/.local/lib/python3.8/site-packages/airflow/example_dags/example_trigger_target_dag.py
[2023-10-11T07:27:37.220+0000] {processor.py:839} INFO - DAG(s) dict_keys(['example_trigger_target_dag']) retrieved from /home/airflow/.local/lib/python3.8/site-packages/airflow/example_dags/example_trigger_target_dag.py
[2023-10-11T07:27:37.238+0000] {logging_mixin.py:151} INFO - [2023-10-11T07:27:37.238+0000] {dag.py:2915} INFO - Sync 1 DAGs
[2023-10-11T07:27:37.246+0000] {logging_mixin.py:151} INFO - [2023-10-11T07:27:37.246+0000] {dag.py:3696} INFO - Setting next_dagrun for example_trigger_target_dag to None, run_after=None
[2023-10-11T07:27:37.256+0000] {processor.py:179} INFO - Processing /home/airflow/.local/lib/python3.8/site-packages/airflow/example_dags/example_trigger_target_dag.py took 0.044 seconds
[2023-10-11T07:28:08.329+0000] {processor.py:157} INFO - Started process (PID=1302) to work on /home/airflow/.local/lib/python3.8/site-packages/airflow/example_dags/example_trigger_target_dag.py
[2023-10-11T07:28:08.329+0000] {processor.py:829} INFO - Processing file /home/airflow/.local/lib/python3.8/site-packages/airflow/example_dags/example_trigger_target_dag.py for tasks to queue
[2023-10-11T07:28:08.331+0000] {logging_mixin.py:151} INFO - [2023-10-11T07:28:08.331+0000] {dagbag.py:539} INFO - Filling up the DagBag from /home/airflow/.local/lib/python3.8/site-packages/airflow/example_dags/example_trigger_target_dag.py
[2023-10-11T07:28:08.335+0000] {processor.py:839} INFO - DAG(s) dict_keys(['example_trigger_target_dag']) retrieved from /home/airflow/.local/lib/python3.8/site-packages/airflow/example_dags/example_trigger_target_dag.py
[2023-10-11T07:28:08.352+0000] {logging_mixin.py:151} INFO - [2023-10-11T07:28:08.352+0000] {dag.py:2915} INFO - Sync 1 DAGs
[2023-10-11T07:28:08.359+0000] {logging_mixin.py:151} INFO - [2023-10-11T07:28:08.359+0000] {dag.py:3696} INFO - Setting next_dagrun for example_trigger_target_dag to None, run_after=None
[2023-10-11T07:28:08.369+0000] {processor.py:179} INFO - Processing /home/airflow/.local/lib/python3.8/site-packages/airflow/example_dags/example_trigger_target_dag.py took 0.043 seconds
[2023-10-11T07:28:38.807+0000] {processor.py:157} INFO - Started process (PID=1361) to work on /home/airflow/.local/lib/python3.8/site-packages/airflow/example_dags/example_trigger_target_dag.py
[2023-10-11T07:28:38.807+0000] {processor.py:829} INFO - Processing file /home/airflow/.local/lib/python3.8/site-packages/airflow/example_dags/example_trigger_target_dag.py for tasks to queue
[2023-10-11T07:28:38.809+0000] {logging_mixin.py:151} INFO - [2023-10-11T07:28:38.809+0000] {dagbag.py:539} INFO - Filling up the DagBag from /home/airflow/.local/lib/python3.8/site-packages/airflow/example_dags/example_trigger_target_dag.py
[2023-10-11T07:28:38.813+0000] {processor.py:839} INFO - DAG(s) dict_keys(['example_trigger_target_dag']) retrieved from /home/airflow/.local/lib/python3.8/site-packages/airflow/example_dags/example_trigger_target_dag.py
[2023-10-11T07:28:38.829+0000] {logging_mixin.py:151} INFO - [2023-10-11T07:28:38.829+0000] {dag.py:2915} INFO - Sync 1 DAGs
[2023-10-11T07:28:38.836+0000] {logging_mixin.py:151} INFO - [2023-10-11T07:28:38.836+0000] {dag.py:3696} INFO - Setting next_dagrun for example_trigger_target_dag to None, run_after=None
[2023-10-11T07:28:38.846+0000] {processor.py:179} INFO - Processing /home/airflow/.local/lib/python3.8/site-packages/airflow/example_dags/example_trigger_target_dag.py took 0.041 seconds
[2023-10-11T07:29:09.993+0000] {processor.py:157} INFO - Started process (PID=1420) to work on /home/airflow/.local/lib/python3.8/site-packages/airflow/example_dags/example_trigger_target_dag.py
[2023-10-11T07:29:09.994+0000] {processor.py:829} INFO - Processing file /home/airflow/.local/lib/python3.8/site-packages/airflow/example_dags/example_trigger_target_dag.py for tasks to queue
[2023-10-11T07:29:09.995+0000] {logging_mixin.py:151} INFO - [2023-10-11T07:29:09.995+0000] {dagbag.py:539} INFO - Filling up the DagBag from /home/airflow/.local/lib/python3.8/site-packages/airflow/example_dags/example_trigger_target_dag.py
[2023-10-11T07:29:09.999+0000] {processor.py:839} INFO - DAG(s) dict_keys(['example_trigger_target_dag']) retrieved from /home/airflow/.local/lib/python3.8/site-packages/airflow/example_dags/example_trigger_target_dag.py
[2023-10-11T07:29:10.014+0000] {logging_mixin.py:151} INFO - [2023-10-11T07:29:10.014+0000] {dag.py:2915} INFO - Sync 1 DAGs
[2023-10-11T07:29:10.022+0000] {logging_mixin.py:151} INFO - [2023-10-11T07:29:10.021+0000] {dag.py:3696} INFO - Setting next_dagrun for example_trigger_target_dag to None, run_after=None
[2023-10-11T07:29:10.030+0000] {processor.py:179} INFO - Processing /home/airflow/.local/lib/python3.8/site-packages/airflow/example_dags/example_trigger_target_dag.py took 0.039 seconds
[2023-10-11T07:29:41.042+0000] {processor.py:157} INFO - Started process (PID=1479) to work on /home/airflow/.local/lib/python3.8/site-packages/airflow/example_dags/example_trigger_target_dag.py
[2023-10-11T07:29:41.046+0000] {processor.py:829} INFO - Processing file /home/airflow/.local/lib/python3.8/site-packages/airflow/example_dags/example_trigger_target_dag.py for tasks to queue
[2023-10-11T07:29:41.051+0000] {logging_mixin.py:151} INFO - [2023-10-11T07:29:41.051+0000] {dagbag.py:539} INFO - Filling up the DagBag from /home/airflow/.local/lib/python3.8/site-packages/airflow/example_dags/example_trigger_target_dag.py
[2023-10-11T07:29:41.055+0000] {processor.py:839} INFO - DAG(s) dict_keys(['example_trigger_target_dag']) retrieved from /home/airflow/.local/lib/python3.8/site-packages/airflow/example_dags/example_trigger_target_dag.py
[2023-10-11T07:29:41.082+0000] {logging_mixin.py:151} INFO - [2023-10-11T07:29:41.082+0000] {dag.py:2915} INFO - Sync 1 DAGs
[2023-10-11T07:29:41.094+0000] {logging_mixin.py:151} INFO - [2023-10-11T07:29:41.094+0000] {dag.py:3696} INFO - Setting next_dagrun for example_trigger_target_dag to None, run_after=None
[2023-10-11T07:29:41.106+0000] {processor.py:179} INFO - Processing /home/airflow/.local/lib/python3.8/site-packages/airflow/example_dags/example_trigger_target_dag.py took 0.066 seconds
[2023-10-11T07:30:11.959+0000] {processor.py:157} INFO - Started process (PID=1538) to work on /home/airflow/.local/lib/python3.8/site-packages/airflow/example_dags/example_trigger_target_dag.py
[2023-10-11T07:30:11.959+0000] {processor.py:829} INFO - Processing file /home/airflow/.local/lib/python3.8/site-packages/airflow/example_dags/example_trigger_target_dag.py for tasks to queue
[2023-10-11T07:30:11.961+0000] {logging_mixin.py:151} INFO - [2023-10-11T07:30:11.961+0000] {dagbag.py:539} INFO - Filling up the DagBag from /home/airflow/.local/lib/python3.8/site-packages/airflow/example_dags/example_trigger_target_dag.py
[2023-10-11T07:30:11.965+0000] {processor.py:839} INFO - DAG(s) dict_keys(['example_trigger_target_dag']) retrieved from /home/airflow/.local/lib/python3.8/site-packages/airflow/example_dags/example_trigger_target_dag.py
[2023-10-11T07:30:11.981+0000] {logging_mixin.py:151} INFO - [2023-10-11T07:30:11.981+0000] {dag.py:2915} INFO - Sync 1 DAGs
[2023-10-11T07:30:11.990+0000] {logging_mixin.py:151} INFO - [2023-10-11T07:30:11.990+0000] {dag.py:3696} INFO - Setting next_dagrun for example_trigger_target_dag to None, run_after=None
[2023-10-11T07:30:12.000+0000] {processor.py:179} INFO - Processing /home/airflow/.local/lib/python3.8/site-packages/airflow/example_dags/example_trigger_target_dag.py took 0.043 seconds
[2023-10-11T07:30:42.175+0000] {processor.py:157} INFO - Started process (PID=1602) to work on /home/airflow/.local/lib/python3.8/site-packages/airflow/example_dags/example_trigger_target_dag.py
[2023-10-11T07:30:42.175+0000] {processor.py:829} INFO - Processing file /home/airflow/.local/lib/python3.8/site-packages/airflow/example_dags/example_trigger_target_dag.py for tasks to queue
[2023-10-11T07:30:42.177+0000] {logging_mixin.py:151} INFO - [2023-10-11T07:30:42.177+0000] {dagbag.py:539} INFO - Filling up the DagBag from /home/airflow/.local/lib/python3.8/site-packages/airflow/example_dags/example_trigger_target_dag.py
[2023-10-11T07:30:42.181+0000] {processor.py:839} INFO - DAG(s) dict_keys(['example_trigger_target_dag']) retrieved from /home/airflow/.local/lib/python3.8/site-packages/airflow/example_dags/example_trigger_target_dag.py
[2023-10-11T07:30:42.198+0000] {logging_mixin.py:151} INFO - [2023-10-11T07:30:42.198+0000] {dag.py:2915} INFO - Sync 1 DAGs
[2023-10-11T07:30:42.206+0000] {logging_mixin.py:151} INFO - [2023-10-11T07:30:42.206+0000] {dag.py:3696} INFO - Setting next_dagrun for example_trigger_target_dag to None, run_after=None
[2023-10-11T07:30:42.216+0000] {processor.py:179} INFO - Processing /home/airflow/.local/lib/python3.8/site-packages/airflow/example_dags/example_trigger_target_dag.py took 0.043 seconds
[2023-10-11T07:31:12.446+0000] {processor.py:157} INFO - Started process (PID=1661) to work on /home/airflow/.local/lib/python3.8/site-packages/airflow/example_dags/example_trigger_target_dag.py
[2023-10-11T07:31:12.447+0000] {processor.py:829} INFO - Processing file /home/airflow/.local/lib/python3.8/site-packages/airflow/example_dags/example_trigger_target_dag.py for tasks to queue
[2023-10-11T07:31:12.448+0000] {logging_mixin.py:151} INFO - [2023-10-11T07:31:12.448+0000] {dagbag.py:539} INFO - Filling up the DagBag from /home/airflow/.local/lib/python3.8/site-packages/airflow/example_dags/example_trigger_target_dag.py
[2023-10-11T07:31:12.452+0000] {processor.py:839} INFO - DAG(s) dict_keys(['example_trigger_target_dag']) retrieved from /home/airflow/.local/lib/python3.8/site-packages/airflow/example_dags/example_trigger_target_dag.py
[2023-10-11T07:31:12.469+0000] {logging_mixin.py:151} INFO - [2023-10-11T07:31:12.468+0000] {dag.py:2915} INFO - Sync 1 DAGs
[2023-10-11T07:31:12.476+0000] {logging_mixin.py:151} INFO - [2023-10-11T07:31:12.476+0000] {dag.py:3696} INFO - Setting next_dagrun for example_trigger_target_dag to None, run_after=None
[2023-10-11T07:31:12.486+0000] {processor.py:179} INFO - Processing /home/airflow/.local/lib/python3.8/site-packages/airflow/example_dags/example_trigger_target_dag.py took 0.042 seconds
[2023-10-11T07:31:42.691+0000] {processor.py:157} INFO - Started process (PID=1720) to work on /home/airflow/.local/lib/python3.8/site-packages/airflow/example_dags/example_trigger_target_dag.py
[2023-10-11T07:31:42.692+0000] {processor.py:829} INFO - Processing file /home/airflow/.local/lib/python3.8/site-packages/airflow/example_dags/example_trigger_target_dag.py for tasks to queue
[2023-10-11T07:31:42.694+0000] {logging_mixin.py:151} INFO - [2023-10-11T07:31:42.693+0000] {dagbag.py:539} INFO - Filling up the DagBag from /home/airflow/.local/lib/python3.8/site-packages/airflow/example_dags/example_trigger_target_dag.py
[2023-10-11T07:31:42.697+0000] {processor.py:839} INFO - DAG(s) dict_keys(['example_trigger_target_dag']) retrieved from /home/airflow/.local/lib/python3.8/site-packages/airflow/example_dags/example_trigger_target_dag.py
[2023-10-11T07:31:42.716+0000] {logging_mixin.py:151} INFO - [2023-10-11T07:31:42.715+0000] {dag.py:2915} INFO - Sync 1 DAGs
[2023-10-11T07:31:42.725+0000] {logging_mixin.py:151} INFO - [2023-10-11T07:31:42.725+0000] {dag.py:3696} INFO - Setting next_dagrun for example_trigger_target_dag to None, run_after=None
[2023-10-11T07:31:42.737+0000] {processor.py:179} INFO - Processing /home/airflow/.local/lib/python3.8/site-packages/airflow/example_dags/example_trigger_target_dag.py took 0.048 seconds
[2023-10-11T07:32:13.869+0000] {processor.py:157} INFO - Started process (PID=1779) to work on /home/airflow/.local/lib/python3.8/site-packages/airflow/example_dags/example_trigger_target_dag.py
[2023-10-11T07:32:13.870+0000] {processor.py:829} INFO - Processing file /home/airflow/.local/lib/python3.8/site-packages/airflow/example_dags/example_trigger_target_dag.py for tasks to queue
[2023-10-11T07:32:13.871+0000] {logging_mixin.py:151} INFO - [2023-10-11T07:32:13.871+0000] {dagbag.py:539} INFO - Filling up the DagBag from /home/airflow/.local/lib/python3.8/site-packages/airflow/example_dags/example_trigger_target_dag.py
[2023-10-11T07:32:13.875+0000] {processor.py:839} INFO - DAG(s) dict_keys(['example_trigger_target_dag']) retrieved from /home/airflow/.local/lib/python3.8/site-packages/airflow/example_dags/example_trigger_target_dag.py
[2023-10-11T07:32:13.892+0000] {logging_mixin.py:151} INFO - [2023-10-11T07:32:13.892+0000] {dag.py:2915} INFO - Sync 1 DAGs
[2023-10-11T07:32:13.901+0000] {logging_mixin.py:151} INFO - [2023-10-11T07:32:13.901+0000] {dag.py:3696} INFO - Setting next_dagrun for example_trigger_target_dag to None, run_after=None
[2023-10-11T07:32:13.912+0000] {processor.py:179} INFO - Processing /home/airflow/.local/lib/python3.8/site-packages/airflow/example_dags/example_trigger_target_dag.py took 0.045 seconds
[2023-10-11T07:32:45.077+0000] {processor.py:157} INFO - Started process (PID=1838) to work on /home/airflow/.local/lib/python3.8/site-packages/airflow/example_dags/example_trigger_target_dag.py
[2023-10-11T07:32:45.077+0000] {processor.py:829} INFO - Processing file /home/airflow/.local/lib/python3.8/site-packages/airflow/example_dags/example_trigger_target_dag.py for tasks to queue
[2023-10-11T07:32:45.079+0000] {logging_mixin.py:151} INFO - [2023-10-11T07:32:45.078+0000] {dagbag.py:539} INFO - Filling up the DagBag from /home/airflow/.local/lib/python3.8/site-packages/airflow/example_dags/example_trigger_target_dag.py
[2023-10-11T07:32:45.083+0000] {processor.py:839} INFO - DAG(s) dict_keys(['example_trigger_target_dag']) retrieved from /home/airflow/.local/lib/python3.8/site-packages/airflow/example_dags/example_trigger_target_dag.py
[2023-10-11T07:32:45.099+0000] {logging_mixin.py:151} INFO - [2023-10-11T07:32:45.099+0000] {dag.py:2915} INFO - Sync 1 DAGs
[2023-10-11T07:32:45.107+0000] {logging_mixin.py:151} INFO - [2023-10-11T07:32:45.107+0000] {dag.py:3696} INFO - Setting next_dagrun for example_trigger_target_dag to None, run_after=None
[2023-10-11T07:32:45.117+0000] {processor.py:179} INFO - Processing /home/airflow/.local/lib/python3.8/site-packages/airflow/example_dags/example_trigger_target_dag.py took 0.043 seconds
[2023-10-11T07:33:15.278+0000] {processor.py:157} INFO - Started process (PID=1898) to work on /home/airflow/.local/lib/python3.8/site-packages/airflow/example_dags/example_trigger_target_dag.py
[2023-10-11T07:33:15.278+0000] {processor.py:829} INFO - Processing file /home/airflow/.local/lib/python3.8/site-packages/airflow/example_dags/example_trigger_target_dag.py for tasks to queue
[2023-10-11T07:33:15.280+0000] {logging_mixin.py:151} INFO - [2023-10-11T07:33:15.280+0000] {dagbag.py:539} INFO - Filling up the DagBag from /home/airflow/.local/lib/python3.8/site-packages/airflow/example_dags/example_trigger_target_dag.py
[2023-10-11T07:33:15.284+0000] {processor.py:839} INFO - DAG(s) dict_keys(['example_trigger_target_dag']) retrieved from /home/airflow/.local/lib/python3.8/site-packages/airflow/example_dags/example_trigger_target_dag.py
[2023-10-11T07:33:15.300+0000] {logging_mixin.py:151} INFO - [2023-10-11T07:33:15.300+0000] {dag.py:2915} INFO - Sync 1 DAGs
[2023-10-11T07:33:15.309+0000] {logging_mixin.py:151} INFO - [2023-10-11T07:33:15.309+0000] {dag.py:3696} INFO - Setting next_dagrun for example_trigger_target_dag to None, run_after=None
[2023-10-11T07:33:15.320+0000] {processor.py:179} INFO - Processing /home/airflow/.local/lib/python3.8/site-packages/airflow/example_dags/example_trigger_target_dag.py took 0.044 seconds
[2023-10-11T07:33:46.641+0000] {processor.py:157} INFO - Started process (PID=1957) to work on /home/airflow/.local/lib/python3.8/site-packages/airflow/example_dags/example_trigger_target_dag.py
[2023-10-11T07:33:46.642+0000] {processor.py:829} INFO - Processing file /home/airflow/.local/lib/python3.8/site-packages/airflow/example_dags/example_trigger_target_dag.py for tasks to queue
[2023-10-11T07:33:46.644+0000] {logging_mixin.py:151} INFO - [2023-10-11T07:33:46.643+0000] {dagbag.py:539} INFO - Filling up the DagBag from /home/airflow/.local/lib/python3.8/site-packages/airflow/example_dags/example_trigger_target_dag.py
[2023-10-11T07:33:46.648+0000] {processor.py:839} INFO - DAG(s) dict_keys(['example_trigger_target_dag']) retrieved from /home/airflow/.local/lib/python3.8/site-packages/airflow/example_dags/example_trigger_target_dag.py
[2023-10-11T07:33:46.666+0000] {logging_mixin.py:151} INFO - [2023-10-11T07:33:46.666+0000] {dag.py:2915} INFO - Sync 1 DAGs
[2023-10-11T07:33:46.674+0000] {logging_mixin.py:151} INFO - [2023-10-11T07:33:46.674+0000] {dag.py:3696} INFO - Setting next_dagrun for example_trigger_target_dag to None, run_after=None
[2023-10-11T07:33:46.684+0000] {processor.py:179} INFO - Processing /home/airflow/.local/lib/python3.8/site-packages/airflow/example_dags/example_trigger_target_dag.py took 0.045 seconds
[2023-10-11T07:34:17.776+0000] {processor.py:157} INFO - Started process (PID=2016) to work on /home/airflow/.local/lib/python3.8/site-packages/airflow/example_dags/example_trigger_target_dag.py
[2023-10-11T07:34:17.776+0000] {processor.py:829} INFO - Processing file /home/airflow/.local/lib/python3.8/site-packages/airflow/example_dags/example_trigger_target_dag.py for tasks to queue
[2023-10-11T07:34:17.778+0000] {logging_mixin.py:151} INFO - [2023-10-11T07:34:17.778+0000] {dagbag.py:539} INFO - Filling up the DagBag from /home/airflow/.local/lib/python3.8/site-packages/airflow/example_dags/example_trigger_target_dag.py
[2023-10-11T07:34:17.782+0000] {processor.py:839} INFO - DAG(s) dict_keys(['example_trigger_target_dag']) retrieved from /home/airflow/.local/lib/python3.8/site-packages/airflow/example_dags/example_trigger_target_dag.py
[2023-10-11T07:34:17.799+0000] {logging_mixin.py:151} INFO - [2023-10-11T07:34:17.799+0000] {dag.py:2915} INFO - Sync 1 DAGs
[2023-10-11T07:34:17.807+0000] {logging_mixin.py:151} INFO - [2023-10-11T07:34:17.807+0000] {dag.py:3696} INFO - Setting next_dagrun for example_trigger_target_dag to None, run_after=None
[2023-10-11T07:34:17.817+0000] {processor.py:179} INFO - Processing /home/airflow/.local/lib/python3.8/site-packages/airflow/example_dags/example_trigger_target_dag.py took 0.044 seconds
[2023-10-11T07:34:48.910+0000] {processor.py:157} INFO - Started process (PID=2075) to work on /home/airflow/.local/lib/python3.8/site-packages/airflow/example_dags/example_trigger_target_dag.py
[2023-10-11T07:34:48.911+0000] {processor.py:829} INFO - Processing file /home/airflow/.local/lib/python3.8/site-packages/airflow/example_dags/example_trigger_target_dag.py for tasks to queue
[2023-10-11T07:34:48.913+0000] {logging_mixin.py:151} INFO - [2023-10-11T07:34:48.912+0000] {dagbag.py:539} INFO - Filling up the DagBag from /home/airflow/.local/lib/python3.8/site-packages/airflow/example_dags/example_trigger_target_dag.py
[2023-10-11T07:34:48.917+0000] {processor.py:839} INFO - DAG(s) dict_keys(['example_trigger_target_dag']) retrieved from /home/airflow/.local/lib/python3.8/site-packages/airflow/example_dags/example_trigger_target_dag.py
[2023-10-11T07:34:48.934+0000] {logging_mixin.py:151} INFO - [2023-10-11T07:34:48.934+0000] {dag.py:2915} INFO - Sync 1 DAGs
[2023-10-11T07:34:48.942+0000] {logging_mixin.py:151} INFO - [2023-10-11T07:34:48.941+0000] {dag.py:3696} INFO - Setting next_dagrun for example_trigger_target_dag to None, run_after=None
[2023-10-11T07:34:48.952+0000] {processor.py:179} INFO - Processing /home/airflow/.local/lib/python3.8/site-packages/airflow/example_dags/example_trigger_target_dag.py took 0.044 seconds
[2023-10-11T07:35:19.288+0000] {processor.py:157} INFO - Started process (PID=2134) to work on /home/airflow/.local/lib/python3.8/site-packages/airflow/example_dags/example_trigger_target_dag.py
[2023-10-11T07:35:19.289+0000] {processor.py:829} INFO - Processing file /home/airflow/.local/lib/python3.8/site-packages/airflow/example_dags/example_trigger_target_dag.py for tasks to queue
[2023-10-11T07:35:19.292+0000] {logging_mixin.py:151} INFO - [2023-10-11T07:35:19.291+0000] {dagbag.py:539} INFO - Filling up the DagBag from /home/airflow/.local/lib/python3.8/site-packages/airflow/example_dags/example_trigger_target_dag.py
[2023-10-11T07:35:19.297+0000] {processor.py:839} INFO - DAG(s) dict_keys(['example_trigger_target_dag']) retrieved from /home/airflow/.local/lib/python3.8/site-packages/airflow/example_dags/example_trigger_target_dag.py
[2023-10-11T07:35:19.317+0000] {logging_mixin.py:151} INFO - [2023-10-11T07:35:19.317+0000] {dag.py:2915} INFO - Sync 1 DAGs
[2023-10-11T07:35:19.329+0000] {logging_mixin.py:151} INFO - [2023-10-11T07:35:19.329+0000] {dag.py:3696} INFO - Setting next_dagrun for example_trigger_target_dag to None, run_after=None
[2023-10-11T07:35:19.340+0000] {processor.py:179} INFO - Processing /home/airflow/.local/lib/python3.8/site-packages/airflow/example_dags/example_trigger_target_dag.py took 0.054 seconds
[2023-10-11T07:35:50.631+0000] {processor.py:157} INFO - Started process (PID=2193) to work on /home/airflow/.local/lib/python3.8/site-packages/airflow/example_dags/example_trigger_target_dag.py
[2023-10-11T07:35:50.631+0000] {processor.py:829} INFO - Processing file /home/airflow/.local/lib/python3.8/site-packages/airflow/example_dags/example_trigger_target_dag.py for tasks to queue
[2023-10-11T07:35:50.633+0000] {logging_mixin.py:151} INFO - [2023-10-11T07:35:50.633+0000] {dagbag.py:539} INFO - Filling up the DagBag from /home/airflow/.local/lib/python3.8/site-packages/airflow/example_dags/example_trigger_target_dag.py
[2023-10-11T07:35:50.637+0000] {processor.py:839} INFO - DAG(s) dict_keys(['example_trigger_target_dag']) retrieved from /home/airflow/.local/lib/python3.8/site-packages/airflow/example_dags/example_trigger_target_dag.py
[2023-10-11T07:35:50.654+0000] {logging_mixin.py:151} INFO - [2023-10-11T07:35:50.654+0000] {dag.py:2915} INFO - Sync 1 DAGs
[2023-10-11T07:35:50.662+0000] {logging_mixin.py:151} INFO - [2023-10-11T07:35:50.662+0000] {dag.py:3696} INFO - Setting next_dagrun for example_trigger_target_dag to None, run_after=None
[2023-10-11T07:35:50.672+0000] {processor.py:179} INFO - Processing /home/airflow/.local/lib/python3.8/site-packages/airflow/example_dags/example_trigger_target_dag.py took 0.043 seconds
[2023-10-11T07:37:30.282+0000] {processor.py:157} INFO - Started process (PID=69) to work on /home/airflow/.local/lib/python3.8/site-packages/airflow/example_dags/example_trigger_target_dag.py
[2023-10-11T07:37:30.282+0000] {processor.py:829} INFO - Processing file /home/airflow/.local/lib/python3.8/site-packages/airflow/example_dags/example_trigger_target_dag.py for tasks to queue
[2023-10-11T07:37:30.284+0000] {logging_mixin.py:151} INFO - [2023-10-11T07:37:30.284+0000] {dagbag.py:539} INFO - Filling up the DagBag from /home/airflow/.local/lib/python3.8/site-packages/airflow/example_dags/example_trigger_target_dag.py
[2023-10-11T07:37:30.289+0000] {processor.py:839} INFO - DAG(s) dict_keys(['example_trigger_target_dag']) retrieved from /home/airflow/.local/lib/python3.8/site-packages/airflow/example_dags/example_trigger_target_dag.py
[2023-10-11T07:37:30.355+0000] {logging_mixin.py:151} INFO - [2023-10-11T07:37:30.355+0000] {manager.py:499} INFO - Created Permission View: %s
[2023-10-11T07:37:30.361+0000] {logging_mixin.py:151} INFO - [2023-10-11T07:37:30.361+0000] {manager.py:499} INFO - Created Permission View: %s
[2023-10-11T07:37:30.364+0000] {logging_mixin.py:151} INFO - [2023-10-11T07:37:30.364+0000] {manager.py:499} INFO - Created Permission View: %s
[2023-10-11T07:37:30.364+0000] {logging_mixin.py:151} INFO - [2023-10-11T07:37:30.364+0000] {security.py:708} INFO - Not syncing DAG-level permissions for DAG 'DAG:example_trigger_target_dag' as access control is unset.
[2023-10-11T07:37:30.365+0000] {logging_mixin.py:151} INFO - [2023-10-11T07:37:30.365+0000] {dag.py:2915} INFO - Sync 1 DAGs
[2023-10-11T07:37:30.372+0000] {logging_mixin.py:151} INFO - [2023-10-11T07:37:30.372+0000] {dag.py:2937} INFO - Creating ORM DAG for example_trigger_target_dag
[2023-10-11T07:37:30.373+0000] {logging_mixin.py:151} INFO - [2023-10-11T07:37:30.373+0000] {dag.py:3696} INFO - Setting next_dagrun for example_trigger_target_dag to None, run_after=None
[2023-10-11T07:37:30.382+0000] {processor.py:179} INFO - Processing /home/airflow/.local/lib/python3.8/site-packages/airflow/example_dags/example_trigger_target_dag.py took 0.103 seconds
[2023-10-11T07:38:00.895+0000] {processor.py:157} INFO - Started process (PID=128) to work on /home/airflow/.local/lib/python3.8/site-packages/airflow/example_dags/example_trigger_target_dag.py
[2023-10-11T07:38:00.896+0000] {processor.py:829} INFO - Processing file /home/airflow/.local/lib/python3.8/site-packages/airflow/example_dags/example_trigger_target_dag.py for tasks to queue
[2023-10-11T07:38:00.898+0000] {logging_mixin.py:151} INFO - [2023-10-11T07:38:00.898+0000] {dagbag.py:539} INFO - Filling up the DagBag from /home/airflow/.local/lib/python3.8/site-packages/airflow/example_dags/example_trigger_target_dag.py
[2023-10-11T07:38:00.902+0000] {processor.py:839} INFO - DAG(s) dict_keys(['example_trigger_target_dag']) retrieved from /home/airflow/.local/lib/python3.8/site-packages/airflow/example_dags/example_trigger_target_dag.py
[2023-10-11T07:38:00.918+0000] {logging_mixin.py:151} INFO - [2023-10-11T07:38:00.918+0000] {dag.py:2915} INFO - Sync 1 DAGs
[2023-10-11T07:38:00.926+0000] {logging_mixin.py:151} INFO - [2023-10-11T07:38:00.926+0000] {dag.py:3696} INFO - Setting next_dagrun for example_trigger_target_dag to None, run_after=None
[2023-10-11T07:38:00.937+0000] {processor.py:179} INFO - Processing /home/airflow/.local/lib/python3.8/site-packages/airflow/example_dags/example_trigger_target_dag.py took 0.044 seconds
[2023-10-11T07:38:31.434+0000] {processor.py:157} INFO - Started process (PID=187) to work on /home/airflow/.local/lib/python3.8/site-packages/airflow/example_dags/example_trigger_target_dag.py
[2023-10-11T07:38:31.435+0000] {processor.py:829} INFO - Processing file /home/airflow/.local/lib/python3.8/site-packages/airflow/example_dags/example_trigger_target_dag.py for tasks to queue
[2023-10-11T07:38:31.437+0000] {logging_mixin.py:151} INFO - [2023-10-11T07:38:31.437+0000] {dagbag.py:539} INFO - Filling up the DagBag from /home/airflow/.local/lib/python3.8/site-packages/airflow/example_dags/example_trigger_target_dag.py
[2023-10-11T07:38:31.441+0000] {processor.py:839} INFO - DAG(s) dict_keys(['example_trigger_target_dag']) retrieved from /home/airflow/.local/lib/python3.8/site-packages/airflow/example_dags/example_trigger_target_dag.py
[2023-10-11T07:38:31.457+0000] {logging_mixin.py:151} INFO - [2023-10-11T07:38:31.457+0000] {dag.py:2915} INFO - Sync 1 DAGs
[2023-10-11T07:38:31.465+0000] {logging_mixin.py:151} INFO - [2023-10-11T07:38:31.465+0000] {dag.py:3696} INFO - Setting next_dagrun for example_trigger_target_dag to None, run_after=None
[2023-10-11T07:38:31.475+0000] {processor.py:179} INFO - Processing /home/airflow/.local/lib/python3.8/site-packages/airflow/example_dags/example_trigger_target_dag.py took 0.043 seconds
[2023-10-11T07:39:01.673+0000] {processor.py:157} INFO - Started process (PID=246) to work on /home/airflow/.local/lib/python3.8/site-packages/airflow/example_dags/example_trigger_target_dag.py
[2023-10-11T07:39:01.673+0000] {processor.py:829} INFO - Processing file /home/airflow/.local/lib/python3.8/site-packages/airflow/example_dags/example_trigger_target_dag.py for tasks to queue
[2023-10-11T07:39:01.675+0000] {logging_mixin.py:151} INFO - [2023-10-11T07:39:01.675+0000] {dagbag.py:539} INFO - Filling up the DagBag from /home/airflow/.local/lib/python3.8/site-packages/airflow/example_dags/example_trigger_target_dag.py
[2023-10-11T07:39:01.679+0000] {processor.py:839} INFO - DAG(s) dict_keys(['example_trigger_target_dag']) retrieved from /home/airflow/.local/lib/python3.8/site-packages/airflow/example_dags/example_trigger_target_dag.py
[2023-10-11T07:39:01.695+0000] {logging_mixin.py:151} INFO - [2023-10-11T07:39:01.695+0000] {dag.py:2915} INFO - Sync 1 DAGs
[2023-10-11T07:39:01.704+0000] {logging_mixin.py:151} INFO - [2023-10-11T07:39:01.704+0000] {dag.py:3696} INFO - Setting next_dagrun for example_trigger_target_dag to None, run_after=None
[2023-10-11T07:39:01.714+0000] {processor.py:179} INFO - Processing /home/airflow/.local/lib/python3.8/site-packages/airflow/example_dags/example_trigger_target_dag.py took 0.043 seconds
[2023-10-11T07:39:32.086+0000] {processor.py:157} INFO - Started process (PID=305) to work on /home/airflow/.local/lib/python3.8/site-packages/airflow/example_dags/example_trigger_target_dag.py
[2023-10-11T07:39:32.086+0000] {processor.py:829} INFO - Processing file /home/airflow/.local/lib/python3.8/site-packages/airflow/example_dags/example_trigger_target_dag.py for tasks to queue
[2023-10-11T07:39:32.088+0000] {logging_mixin.py:151} INFO - [2023-10-11T07:39:32.088+0000] {dagbag.py:539} INFO - Filling up the DagBag from /home/airflow/.local/lib/python3.8/site-packages/airflow/example_dags/example_trigger_target_dag.py
[2023-10-11T07:39:32.092+0000] {processor.py:839} INFO - DAG(s) dict_keys(['example_trigger_target_dag']) retrieved from /home/airflow/.local/lib/python3.8/site-packages/airflow/example_dags/example_trigger_target_dag.py
[2023-10-11T07:39:32.109+0000] {logging_mixin.py:151} INFO - [2023-10-11T07:39:32.109+0000] {dag.py:2915} INFO - Sync 1 DAGs
[2023-10-11T07:39:32.116+0000] {logging_mixin.py:151} INFO - [2023-10-11T07:39:32.116+0000] {dag.py:3696} INFO - Setting next_dagrun for example_trigger_target_dag to None, run_after=None
[2023-10-11T07:39:32.126+0000] {processor.py:179} INFO - Processing /home/airflow/.local/lib/python3.8/site-packages/airflow/example_dags/example_trigger_target_dag.py took 0.043 seconds
[2023-10-11T07:40:02.430+0000] {processor.py:157} INFO - Started process (PID=364) to work on /home/airflow/.local/lib/python3.8/site-packages/airflow/example_dags/example_trigger_target_dag.py
[2023-10-11T07:40:02.430+0000] {processor.py:829} INFO - Processing file /home/airflow/.local/lib/python3.8/site-packages/airflow/example_dags/example_trigger_target_dag.py for tasks to queue
[2023-10-11T07:40:02.432+0000] {logging_mixin.py:151} INFO - [2023-10-11T07:40:02.431+0000] {dagbag.py:539} INFO - Filling up the DagBag from /home/airflow/.local/lib/python3.8/site-packages/airflow/example_dags/example_trigger_target_dag.py
[2023-10-11T07:40:02.436+0000] {processor.py:839} INFO - DAG(s) dict_keys(['example_trigger_target_dag']) retrieved from /home/airflow/.local/lib/python3.8/site-packages/airflow/example_dags/example_trigger_target_dag.py
[2023-10-11T07:40:02.451+0000] {logging_mixin.py:151} INFO - [2023-10-11T07:40:02.451+0000] {dag.py:2915} INFO - Sync 1 DAGs
[2023-10-11T07:40:02.459+0000] {logging_mixin.py:151} INFO - [2023-10-11T07:40:02.459+0000] {dag.py:3696} INFO - Setting next_dagrun for example_trigger_target_dag to None, run_after=None
[2023-10-11T07:40:02.469+0000] {processor.py:179} INFO - Processing /home/airflow/.local/lib/python3.8/site-packages/airflow/example_dags/example_trigger_target_dag.py took 0.041 seconds
[2023-10-11T07:40:33.615+0000] {processor.py:157} INFO - Started process (PID=423) to work on /home/airflow/.local/lib/python3.8/site-packages/airflow/example_dags/example_trigger_target_dag.py
[2023-10-11T07:40:33.616+0000] {processor.py:829} INFO - Processing file /home/airflow/.local/lib/python3.8/site-packages/airflow/example_dags/example_trigger_target_dag.py for tasks to queue
[2023-10-11T07:40:33.617+0000] {logging_mixin.py:151} INFO - [2023-10-11T07:40:33.617+0000] {dagbag.py:539} INFO - Filling up the DagBag from /home/airflow/.local/lib/python3.8/site-packages/airflow/example_dags/example_trigger_target_dag.py
[2023-10-11T07:40:33.621+0000] {processor.py:839} INFO - DAG(s) dict_keys(['example_trigger_target_dag']) retrieved from /home/airflow/.local/lib/python3.8/site-packages/airflow/example_dags/example_trigger_target_dag.py
[2023-10-11T07:40:33.637+0000] {logging_mixin.py:151} INFO - [2023-10-11T07:40:33.637+0000] {dag.py:2915} INFO - Sync 1 DAGs
[2023-10-11T07:40:33.645+0000] {logging_mixin.py:151} INFO - [2023-10-11T07:40:33.645+0000] {dag.py:3696} INFO - Setting next_dagrun for example_trigger_target_dag to None, run_after=None
[2023-10-11T07:40:33.655+0000] {processor.py:179} INFO - Processing /home/airflow/.local/lib/python3.8/site-packages/airflow/example_dags/example_trigger_target_dag.py took 0.042 seconds
[2023-10-11T07:41:04.857+0000] {processor.py:157} INFO - Started process (PID=482) to work on /home/airflow/.local/lib/python3.8/site-packages/airflow/example_dags/example_trigger_target_dag.py
[2023-10-11T07:41:04.857+0000] {processor.py:829} INFO - Processing file /home/airflow/.local/lib/python3.8/site-packages/airflow/example_dags/example_trigger_target_dag.py for tasks to queue
[2023-10-11T07:41:04.859+0000] {logging_mixin.py:151} INFO - [2023-10-11T07:41:04.859+0000] {dagbag.py:539} INFO - Filling up the DagBag from /home/airflow/.local/lib/python3.8/site-packages/airflow/example_dags/example_trigger_target_dag.py
[2023-10-11T07:41:04.863+0000] {processor.py:839} INFO - DAG(s) dict_keys(['example_trigger_target_dag']) retrieved from /home/airflow/.local/lib/python3.8/site-packages/airflow/example_dags/example_trigger_target_dag.py
[2023-10-11T07:41:04.879+0000] {logging_mixin.py:151} INFO - [2023-10-11T07:41:04.879+0000] {dag.py:2915} INFO - Sync 1 DAGs
[2023-10-11T07:41:04.888+0000] {logging_mixin.py:151} INFO - [2023-10-11T07:41:04.888+0000] {dag.py:3696} INFO - Setting next_dagrun for example_trigger_target_dag to None, run_after=None
[2023-10-11T07:41:04.899+0000] {processor.py:179} INFO - Processing /home/airflow/.local/lib/python3.8/site-packages/airflow/example_dags/example_trigger_target_dag.py took 0.044 seconds
[2023-10-11T07:41:34.964+0000] {processor.py:157} INFO - Started process (PID=537) to work on /home/airflow/.local/lib/python3.8/site-packages/airflow/example_dags/example_trigger_target_dag.py
[2023-10-11T07:41:34.965+0000] {processor.py:829} INFO - Processing file /home/airflow/.local/lib/python3.8/site-packages/airflow/example_dags/example_trigger_target_dag.py for tasks to queue
[2023-10-11T07:41:34.966+0000] {logging_mixin.py:151} INFO - [2023-10-11T07:41:34.966+0000] {dagbag.py:539} INFO - Filling up the DagBag from /home/airflow/.local/lib/python3.8/site-packages/airflow/example_dags/example_trigger_target_dag.py
[2023-10-11T07:41:34.970+0000] {processor.py:839} INFO - DAG(s) dict_keys(['example_trigger_target_dag']) retrieved from /home/airflow/.local/lib/python3.8/site-packages/airflow/example_dags/example_trigger_target_dag.py
[2023-10-11T07:41:34.986+0000] {logging_mixin.py:151} INFO - [2023-10-11T07:41:34.986+0000] {dag.py:2915} INFO - Sync 1 DAGs
[2023-10-11T07:41:34.994+0000] {logging_mixin.py:151} INFO - [2023-10-11T07:41:34.993+0000] {dag.py:3696} INFO - Setting next_dagrun for example_trigger_target_dag to None, run_after=None
[2023-10-11T07:41:35.004+0000] {processor.py:179} INFO - Processing /home/airflow/.local/lib/python3.8/site-packages/airflow/example_dags/example_trigger_target_dag.py took 0.042 seconds
[2023-10-11T07:42:05.164+0000] {processor.py:157} INFO - Started process (PID=595) to work on /home/airflow/.local/lib/python3.8/site-packages/airflow/example_dags/example_trigger_target_dag.py
[2023-10-11T07:42:05.164+0000] {processor.py:829} INFO - Processing file /home/airflow/.local/lib/python3.8/site-packages/airflow/example_dags/example_trigger_target_dag.py for tasks to queue
[2023-10-11T07:42:05.166+0000] {logging_mixin.py:151} INFO - [2023-10-11T07:42:05.165+0000] {dagbag.py:539} INFO - Filling up the DagBag from /home/airflow/.local/lib/python3.8/site-packages/airflow/example_dags/example_trigger_target_dag.py
[2023-10-11T07:42:05.169+0000] {processor.py:839} INFO - DAG(s) dict_keys(['example_trigger_target_dag']) retrieved from /home/airflow/.local/lib/python3.8/site-packages/airflow/example_dags/example_trigger_target_dag.py
[2023-10-11T07:42:05.185+0000] {logging_mixin.py:151} INFO - [2023-10-11T07:42:05.184+0000] {dag.py:2915} INFO - Sync 1 DAGs
[2023-10-11T07:42:05.192+0000] {logging_mixin.py:151} INFO - [2023-10-11T07:42:05.192+0000] {dag.py:3696} INFO - Setting next_dagrun for example_trigger_target_dag to None, run_after=None
[2023-10-11T07:42:05.202+0000] {processor.py:179} INFO - Processing /home/airflow/.local/lib/python3.8/site-packages/airflow/example_dags/example_trigger_target_dag.py took 0.041 seconds
[2023-10-11T07:42:35.884+0000] {processor.py:157} INFO - Started process (PID=654) to work on /home/airflow/.local/lib/python3.8/site-packages/airflow/example_dags/example_trigger_target_dag.py
[2023-10-11T07:42:35.884+0000] {processor.py:829} INFO - Processing file /home/airflow/.local/lib/python3.8/site-packages/airflow/example_dags/example_trigger_target_dag.py for tasks to queue
[2023-10-11T07:42:35.886+0000] {logging_mixin.py:151} INFO - [2023-10-11T07:42:35.886+0000] {dagbag.py:539} INFO - Filling up the DagBag from /home/airflow/.local/lib/python3.8/site-packages/airflow/example_dags/example_trigger_target_dag.py
[2023-10-11T07:42:35.890+0000] {processor.py:839} INFO - DAG(s) dict_keys(['example_trigger_target_dag']) retrieved from /home/airflow/.local/lib/python3.8/site-packages/airflow/example_dags/example_trigger_target_dag.py
[2023-10-11T07:42:35.907+0000] {logging_mixin.py:151} INFO - [2023-10-11T07:42:35.907+0000] {dag.py:2915} INFO - Sync 1 DAGs
[2023-10-11T07:42:35.915+0000] {logging_mixin.py:151} INFO - [2023-10-11T07:42:35.915+0000] {dag.py:3696} INFO - Setting next_dagrun for example_trigger_target_dag to None, run_after=None
[2023-10-11T07:42:35.925+0000] {processor.py:179} INFO - Processing /home/airflow/.local/lib/python3.8/site-packages/airflow/example_dags/example_trigger_target_dag.py took 0.044 seconds
[2023-10-11T07:43:06.294+0000] {processor.py:157} INFO - Started process (PID=713) to work on /home/airflow/.local/lib/python3.8/site-packages/airflow/example_dags/example_trigger_target_dag.py
[2023-10-11T07:43:06.295+0000] {processor.py:829} INFO - Processing file /home/airflow/.local/lib/python3.8/site-packages/airflow/example_dags/example_trigger_target_dag.py for tasks to queue
[2023-10-11T07:43:06.296+0000] {logging_mixin.py:151} INFO - [2023-10-11T07:43:06.296+0000] {dagbag.py:539} INFO - Filling up the DagBag from /home/airflow/.local/lib/python3.8/site-packages/airflow/example_dags/example_trigger_target_dag.py
[2023-10-11T07:43:06.300+0000] {processor.py:839} INFO - DAG(s) dict_keys(['example_trigger_target_dag']) retrieved from /home/airflow/.local/lib/python3.8/site-packages/airflow/example_dags/example_trigger_target_dag.py
[2023-10-11T07:43:06.317+0000] {logging_mixin.py:151} INFO - [2023-10-11T07:43:06.317+0000] {dag.py:2915} INFO - Sync 1 DAGs
[2023-10-11T07:43:06.325+0000] {logging_mixin.py:151} INFO - [2023-10-11T07:43:06.325+0000] {dag.py:3696} INFO - Setting next_dagrun for example_trigger_target_dag to None, run_after=None
[2023-10-11T07:43:06.334+0000] {processor.py:179} INFO - Processing /home/airflow/.local/lib/python3.8/site-packages/airflow/example_dags/example_trigger_target_dag.py took 0.043 seconds
[2023-10-11T07:43:36.431+0000] {processor.py:157} INFO - Started process (PID=772) to work on /home/airflow/.local/lib/python3.8/site-packages/airflow/example_dags/example_trigger_target_dag.py
[2023-10-11T07:43:36.432+0000] {processor.py:829} INFO - Processing file /home/airflow/.local/lib/python3.8/site-packages/airflow/example_dags/example_trigger_target_dag.py for tasks to queue
[2023-10-11T07:43:36.434+0000] {logging_mixin.py:151} INFO - [2023-10-11T07:43:36.433+0000] {dagbag.py:539} INFO - Filling up the DagBag from /home/airflow/.local/lib/python3.8/site-packages/airflow/example_dags/example_trigger_target_dag.py
[2023-10-11T07:43:36.437+0000] {processor.py:839} INFO - DAG(s) dict_keys(['example_trigger_target_dag']) retrieved from /home/airflow/.local/lib/python3.8/site-packages/airflow/example_dags/example_trigger_target_dag.py
[2023-10-11T07:43:36.454+0000] {logging_mixin.py:151} INFO - [2023-10-11T07:43:36.454+0000] {dag.py:2915} INFO - Sync 1 DAGs
[2023-10-11T07:43:36.462+0000] {logging_mixin.py:151} INFO - [2023-10-11T07:43:36.461+0000] {dag.py:3696} INFO - Setting next_dagrun for example_trigger_target_dag to None, run_after=None
[2023-10-11T07:43:36.471+0000] {processor.py:179} INFO - Processing /home/airflow/.local/lib/python3.8/site-packages/airflow/example_dags/example_trigger_target_dag.py took 0.042 seconds
[2023-10-11T07:44:06.578+0000] {processor.py:157} INFO - Started process (PID=831) to work on /home/airflow/.local/lib/python3.8/site-packages/airflow/example_dags/example_trigger_target_dag.py
[2023-10-11T07:44:06.578+0000] {processor.py:829} INFO - Processing file /home/airflow/.local/lib/python3.8/site-packages/airflow/example_dags/example_trigger_target_dag.py for tasks to queue
[2023-10-11T07:44:06.580+0000] {logging_mixin.py:151} INFO - [2023-10-11T07:44:06.580+0000] {dagbag.py:539} INFO - Filling up the DagBag from /home/airflow/.local/lib/python3.8/site-packages/airflow/example_dags/example_trigger_target_dag.py
[2023-10-11T07:44:06.584+0000] {processor.py:839} INFO - DAG(s) dict_keys(['example_trigger_target_dag']) retrieved from /home/airflow/.local/lib/python3.8/site-packages/airflow/example_dags/example_trigger_target_dag.py
[2023-10-11T07:44:06.600+0000] {logging_mixin.py:151} INFO - [2023-10-11T07:44:06.600+0000] {dag.py:2915} INFO - Sync 1 DAGs
[2023-10-11T07:44:06.608+0000] {logging_mixin.py:151} INFO - [2023-10-11T07:44:06.608+0000] {dag.py:3696} INFO - Setting next_dagrun for example_trigger_target_dag to None, run_after=None
[2023-10-11T07:44:06.618+0000] {processor.py:179} INFO - Processing /home/airflow/.local/lib/python3.8/site-packages/airflow/example_dags/example_trigger_target_dag.py took 0.043 seconds
[2023-10-11T07:44:36.654+0000] {processor.py:157} INFO - Started process (PID=890) to work on /home/airflow/.local/lib/python3.8/site-packages/airflow/example_dags/example_trigger_target_dag.py
[2023-10-11T07:44:36.655+0000] {processor.py:829} INFO - Processing file /home/airflow/.local/lib/python3.8/site-packages/airflow/example_dags/example_trigger_target_dag.py for tasks to queue
[2023-10-11T07:44:36.657+0000] {logging_mixin.py:151} INFO - [2023-10-11T07:44:36.656+0000] {dagbag.py:539} INFO - Filling up the DagBag from /home/airflow/.local/lib/python3.8/site-packages/airflow/example_dags/example_trigger_target_dag.py
[2023-10-11T07:44:36.660+0000] {processor.py:839} INFO - DAG(s) dict_keys(['example_trigger_target_dag']) retrieved from /home/airflow/.local/lib/python3.8/site-packages/airflow/example_dags/example_trigger_target_dag.py
[2023-10-11T07:44:36.676+0000] {logging_mixin.py:151} INFO - [2023-10-11T07:44:36.676+0000] {dag.py:2915} INFO - Sync 1 DAGs
[2023-10-11T07:44:36.684+0000] {logging_mixin.py:151} INFO - [2023-10-11T07:44:36.684+0000] {dag.py:3696} INFO - Setting next_dagrun for example_trigger_target_dag to None, run_after=None
[2023-10-11T07:44:36.693+0000] {processor.py:179} INFO - Processing /home/airflow/.local/lib/python3.8/site-packages/airflow/example_dags/example_trigger_target_dag.py took 0.041 seconds
[2023-10-11T07:45:07.779+0000] {processor.py:157} INFO - Started process (PID=949) to work on /home/airflow/.local/lib/python3.8/site-packages/airflow/example_dags/example_trigger_target_dag.py
[2023-10-11T07:45:07.780+0000] {processor.py:829} INFO - Processing file /home/airflow/.local/lib/python3.8/site-packages/airflow/example_dags/example_trigger_target_dag.py for tasks to queue
[2023-10-11T07:45:07.782+0000] {logging_mixin.py:151} INFO - [2023-10-11T07:45:07.781+0000] {dagbag.py:539} INFO - Filling up the DagBag from /home/airflow/.local/lib/python3.8/site-packages/airflow/example_dags/example_trigger_target_dag.py
[2023-10-11T07:45:07.785+0000] {processor.py:839} INFO - DAG(s) dict_keys(['example_trigger_target_dag']) retrieved from /home/airflow/.local/lib/python3.8/site-packages/airflow/example_dags/example_trigger_target_dag.py
[2023-10-11T07:45:07.802+0000] {logging_mixin.py:151} INFO - [2023-10-11T07:45:07.802+0000] {dag.py:2915} INFO - Sync 1 DAGs
[2023-10-11T07:45:07.810+0000] {logging_mixin.py:151} INFO - [2023-10-11T07:45:07.810+0000] {dag.py:3696} INFO - Setting next_dagrun for example_trigger_target_dag to None, run_after=None
[2023-10-11T07:45:07.820+0000] {processor.py:179} INFO - Processing /home/airflow/.local/lib/python3.8/site-packages/airflow/example_dags/example_trigger_target_dag.py took 0.043 seconds
[2023-10-11T07:45:38.343+0000] {processor.py:157} INFO - Started process (PID=1008) to work on /home/airflow/.local/lib/python3.8/site-packages/airflow/example_dags/example_trigger_target_dag.py
[2023-10-11T07:45:38.344+0000] {processor.py:829} INFO - Processing file /home/airflow/.local/lib/python3.8/site-packages/airflow/example_dags/example_trigger_target_dag.py for tasks to queue
[2023-10-11T07:45:38.345+0000] {logging_mixin.py:151} INFO - [2023-10-11T07:45:38.345+0000] {dagbag.py:539} INFO - Filling up the DagBag from /home/airflow/.local/lib/python3.8/site-packages/airflow/example_dags/example_trigger_target_dag.py
[2023-10-11T07:45:38.349+0000] {processor.py:839} INFO - DAG(s) dict_keys(['example_trigger_target_dag']) retrieved from /home/airflow/.local/lib/python3.8/site-packages/airflow/example_dags/example_trigger_target_dag.py
[2023-10-11T07:45:38.366+0000] {logging_mixin.py:151} INFO - [2023-10-11T07:45:38.366+0000] {dag.py:2915} INFO - Sync 1 DAGs
[2023-10-11T07:45:38.374+0000] {logging_mixin.py:151} INFO - [2023-10-11T07:45:38.374+0000] {dag.py:3696} INFO - Setting next_dagrun for example_trigger_target_dag to None, run_after=None
[2023-10-11T07:45:38.384+0000] {processor.py:179} INFO - Processing /home/airflow/.local/lib/python3.8/site-packages/airflow/example_dags/example_trigger_target_dag.py took 0.043 seconds
[2023-10-11T07:46:08.892+0000] {processor.py:157} INFO - Started process (PID=1067) to work on /home/airflow/.local/lib/python3.8/site-packages/airflow/example_dags/example_trigger_target_dag.py
[2023-10-11T07:46:08.893+0000] {processor.py:829} INFO - Processing file /home/airflow/.local/lib/python3.8/site-packages/airflow/example_dags/example_trigger_target_dag.py for tasks to queue
[2023-10-11T07:46:08.896+0000] {logging_mixin.py:151} INFO - [2023-10-11T07:46:08.896+0000] {dagbag.py:539} INFO - Filling up the DagBag from /home/airflow/.local/lib/python3.8/site-packages/airflow/example_dags/example_trigger_target_dag.py
[2023-10-11T07:46:08.901+0000] {processor.py:839} INFO - DAG(s) dict_keys(['example_trigger_target_dag']) retrieved from /home/airflow/.local/lib/python3.8/site-packages/airflow/example_dags/example_trigger_target_dag.py
[2023-10-11T07:46:08.923+0000] {logging_mixin.py:151} INFO - [2023-10-11T07:46:08.922+0000] {dag.py:2915} INFO - Sync 1 DAGs
[2023-10-11T07:46:08.933+0000] {logging_mixin.py:151} INFO - [2023-10-11T07:46:08.933+0000] {dag.py:3696} INFO - Setting next_dagrun for example_trigger_target_dag to None, run_after=None
[2023-10-11T07:46:08.949+0000] {processor.py:179} INFO - Processing /home/airflow/.local/lib/python3.8/site-packages/airflow/example_dags/example_trigger_target_dag.py took 0.060 seconds
[2023-10-11T07:46:39.094+0000] {processor.py:157} INFO - Started process (PID=1125) to work on /home/airflow/.local/lib/python3.8/site-packages/airflow/example_dags/example_trigger_target_dag.py
[2023-10-11T07:46:39.095+0000] {processor.py:829} INFO - Processing file /home/airflow/.local/lib/python3.8/site-packages/airflow/example_dags/example_trigger_target_dag.py for tasks to queue
[2023-10-11T07:46:39.096+0000] {logging_mixin.py:151} INFO - [2023-10-11T07:46:39.096+0000] {dagbag.py:539} INFO - Filling up the DagBag from /home/airflow/.local/lib/python3.8/site-packages/airflow/example_dags/example_trigger_target_dag.py
[2023-10-11T07:46:39.101+0000] {processor.py:839} INFO - DAG(s) dict_keys(['example_trigger_target_dag']) retrieved from /home/airflow/.local/lib/python3.8/site-packages/airflow/example_dags/example_trigger_target_dag.py
[2023-10-11T07:46:39.120+0000] {logging_mixin.py:151} INFO - [2023-10-11T07:46:39.120+0000] {dag.py:2915} INFO - Sync 1 DAGs
[2023-10-11T07:46:39.130+0000] {logging_mixin.py:151} INFO - [2023-10-11T07:46:39.130+0000] {dag.py:3696} INFO - Setting next_dagrun for example_trigger_target_dag to None, run_after=None
[2023-10-11T07:46:39.150+0000] {processor.py:179} INFO - Processing /home/airflow/.local/lib/python3.8/site-packages/airflow/example_dags/example_trigger_target_dag.py took 0.060 seconds
[2023-10-11T07:47:09.317+0000] {processor.py:157} INFO - Started process (PID=1184) to work on /home/airflow/.local/lib/python3.8/site-packages/airflow/example_dags/example_trigger_target_dag.py
[2023-10-11T07:47:09.318+0000] {processor.py:829} INFO - Processing file /home/airflow/.local/lib/python3.8/site-packages/airflow/example_dags/example_trigger_target_dag.py for tasks to queue
[2023-10-11T07:47:09.319+0000] {logging_mixin.py:151} INFO - [2023-10-11T07:47:09.319+0000] {dagbag.py:539} INFO - Filling up the DagBag from /home/airflow/.local/lib/python3.8/site-packages/airflow/example_dags/example_trigger_target_dag.py
[2023-10-11T07:47:09.323+0000] {processor.py:839} INFO - DAG(s) dict_keys(['example_trigger_target_dag']) retrieved from /home/airflow/.local/lib/python3.8/site-packages/airflow/example_dags/example_trigger_target_dag.py
[2023-10-11T07:47:09.340+0000] {logging_mixin.py:151} INFO - [2023-10-11T07:47:09.340+0000] {dag.py:2915} INFO - Sync 1 DAGs
[2023-10-11T07:47:09.347+0000] {logging_mixin.py:151} INFO - [2023-10-11T07:47:09.347+0000] {dag.py:3696} INFO - Setting next_dagrun for example_trigger_target_dag to None, run_after=None
[2023-10-11T07:47:09.357+0000] {processor.py:179} INFO - Processing /home/airflow/.local/lib/python3.8/site-packages/airflow/example_dags/example_trigger_target_dag.py took 0.043 seconds
[2023-10-11T07:47:40.599+0000] {processor.py:157} INFO - Started process (PID=1243) to work on /home/airflow/.local/lib/python3.8/site-packages/airflow/example_dags/example_trigger_target_dag.py
[2023-10-11T07:47:40.600+0000] {processor.py:829} INFO - Processing file /home/airflow/.local/lib/python3.8/site-packages/airflow/example_dags/example_trigger_target_dag.py for tasks to queue
[2023-10-11T07:47:40.601+0000] {logging_mixin.py:151} INFO - [2023-10-11T07:47:40.601+0000] {dagbag.py:539} INFO - Filling up the DagBag from /home/airflow/.local/lib/python3.8/site-packages/airflow/example_dags/example_trigger_target_dag.py
[2023-10-11T07:47:40.605+0000] {processor.py:839} INFO - DAG(s) dict_keys(['example_trigger_target_dag']) retrieved from /home/airflow/.local/lib/python3.8/site-packages/airflow/example_dags/example_trigger_target_dag.py
[2023-10-11T07:47:40.623+0000] {logging_mixin.py:151} INFO - [2023-10-11T07:47:40.623+0000] {dag.py:2915} INFO - Sync 1 DAGs
[2023-10-11T07:47:40.632+0000] {logging_mixin.py:151} INFO - [2023-10-11T07:47:40.632+0000] {dag.py:3696} INFO - Setting next_dagrun for example_trigger_target_dag to None, run_after=None
[2023-10-11T07:47:40.642+0000] {processor.py:179} INFO - Processing /home/airflow/.local/lib/python3.8/site-packages/airflow/example_dags/example_trigger_target_dag.py took 0.045 seconds
[2023-10-11T07:48:10.773+0000] {processor.py:157} INFO - Started process (PID=1302) to work on /home/airflow/.local/lib/python3.8/site-packages/airflow/example_dags/example_trigger_target_dag.py
[2023-10-11T07:48:10.773+0000] {processor.py:829} INFO - Processing file /home/airflow/.local/lib/python3.8/site-packages/airflow/example_dags/example_trigger_target_dag.py for tasks to queue
[2023-10-11T07:48:10.775+0000] {logging_mixin.py:151} INFO - [2023-10-11T07:48:10.775+0000] {dagbag.py:539} INFO - Filling up the DagBag from /home/airflow/.local/lib/python3.8/site-packages/airflow/example_dags/example_trigger_target_dag.py
[2023-10-11T07:48:10.779+0000] {processor.py:839} INFO - DAG(s) dict_keys(['example_trigger_target_dag']) retrieved from /home/airflow/.local/lib/python3.8/site-packages/airflow/example_dags/example_trigger_target_dag.py
[2023-10-11T07:48:10.796+0000] {logging_mixin.py:151} INFO - [2023-10-11T07:48:10.796+0000] {dag.py:2915} INFO - Sync 1 DAGs
[2023-10-11T07:48:10.804+0000] {logging_mixin.py:151} INFO - [2023-10-11T07:48:10.804+0000] {dag.py:3696} INFO - Setting next_dagrun for example_trigger_target_dag to None, run_after=None
[2023-10-11T07:48:10.814+0000] {processor.py:179} INFO - Processing /home/airflow/.local/lib/python3.8/site-packages/airflow/example_dags/example_trigger_target_dag.py took 0.043 seconds
[2023-10-11T07:48:41.571+0000] {processor.py:157} INFO - Started process (PID=1361) to work on /home/airflow/.local/lib/python3.8/site-packages/airflow/example_dags/example_trigger_target_dag.py
[2023-10-11T07:48:41.572+0000] {processor.py:829} INFO - Processing file /home/airflow/.local/lib/python3.8/site-packages/airflow/example_dags/example_trigger_target_dag.py for tasks to queue
[2023-10-11T07:48:41.574+0000] {logging_mixin.py:151} INFO - [2023-10-11T07:48:41.573+0000] {dagbag.py:539} INFO - Filling up the DagBag from /home/airflow/.local/lib/python3.8/site-packages/airflow/example_dags/example_trigger_target_dag.py
[2023-10-11T07:48:41.578+0000] {processor.py:839} INFO - DAG(s) dict_keys(['example_trigger_target_dag']) retrieved from /home/airflow/.local/lib/python3.8/site-packages/airflow/example_dags/example_trigger_target_dag.py
[2023-10-11T07:48:41.598+0000] {logging_mixin.py:151} INFO - [2023-10-11T07:48:41.598+0000] {dag.py:2915} INFO - Sync 1 DAGs
[2023-10-11T07:48:41.607+0000] {logging_mixin.py:151} INFO - [2023-10-11T07:48:41.607+0000] {dag.py:3696} INFO - Setting next_dagrun for example_trigger_target_dag to None, run_after=None
[2023-10-11T07:48:41.619+0000] {processor.py:179} INFO - Processing /home/airflow/.local/lib/python3.8/site-packages/airflow/example_dags/example_trigger_target_dag.py took 0.051 seconds
[2023-10-11T07:49:12.509+0000] {processor.py:157} INFO - Started process (PID=1425) to work on /home/airflow/.local/lib/python3.8/site-packages/airflow/example_dags/example_trigger_target_dag.py
[2023-10-11T07:49:12.510+0000] {processor.py:829} INFO - Processing file /home/airflow/.local/lib/python3.8/site-packages/airflow/example_dags/example_trigger_target_dag.py for tasks to queue
[2023-10-11T07:49:12.512+0000] {logging_mixin.py:151} INFO - [2023-10-11T07:49:12.512+0000] {dagbag.py:539} INFO - Filling up the DagBag from /home/airflow/.local/lib/python3.8/site-packages/airflow/example_dags/example_trigger_target_dag.py
[2023-10-11T07:49:12.516+0000] {processor.py:839} INFO - DAG(s) dict_keys(['example_trigger_target_dag']) retrieved from /home/airflow/.local/lib/python3.8/site-packages/airflow/example_dags/example_trigger_target_dag.py
[2023-10-11T07:49:12.534+0000] {logging_mixin.py:151} INFO - [2023-10-11T07:49:12.534+0000] {dag.py:2915} INFO - Sync 1 DAGs
[2023-10-11T07:49:12.542+0000] {logging_mixin.py:151} INFO - [2023-10-11T07:49:12.542+0000] {dag.py:3696} INFO - Setting next_dagrun for example_trigger_target_dag to None, run_after=None
[2023-10-11T07:49:12.554+0000] {processor.py:179} INFO - Processing /home/airflow/.local/lib/python3.8/site-packages/airflow/example_dags/example_trigger_target_dag.py took 0.047 seconds
[2023-10-11T07:49:43.634+0000] {processor.py:157} INFO - Started process (PID=1484) to work on /home/airflow/.local/lib/python3.8/site-packages/airflow/example_dags/example_trigger_target_dag.py
[2023-10-11T07:49:43.635+0000] {processor.py:829} INFO - Processing file /home/airflow/.local/lib/python3.8/site-packages/airflow/example_dags/example_trigger_target_dag.py for tasks to queue
[2023-10-11T07:49:43.637+0000] {logging_mixin.py:151} INFO - [2023-10-11T07:49:43.636+0000] {dagbag.py:539} INFO - Filling up the DagBag from /home/airflow/.local/lib/python3.8/site-packages/airflow/example_dags/example_trigger_target_dag.py
[2023-10-11T07:49:43.640+0000] {processor.py:839} INFO - DAG(s) dict_keys(['example_trigger_target_dag']) retrieved from /home/airflow/.local/lib/python3.8/site-packages/airflow/example_dags/example_trigger_target_dag.py
[2023-10-11T07:49:43.657+0000] {logging_mixin.py:151} INFO - [2023-10-11T07:49:43.657+0000] {dag.py:2915} INFO - Sync 1 DAGs
[2023-10-11T07:49:43.665+0000] {logging_mixin.py:151} INFO - [2023-10-11T07:49:43.665+0000] {dag.py:3696} INFO - Setting next_dagrun for example_trigger_target_dag to None, run_after=None
[2023-10-11T07:49:43.675+0000] {processor.py:179} INFO - Processing /home/airflow/.local/lib/python3.8/site-packages/airflow/example_dags/example_trigger_target_dag.py took 0.043 seconds
[2023-10-11T07:50:13.972+0000] {processor.py:157} INFO - Started process (PID=1543) to work on /home/airflow/.local/lib/python3.8/site-packages/airflow/example_dags/example_trigger_target_dag.py
[2023-10-11T07:50:13.973+0000] {processor.py:829} INFO - Processing file /home/airflow/.local/lib/python3.8/site-packages/airflow/example_dags/example_trigger_target_dag.py for tasks to queue
[2023-10-11T07:50:13.974+0000] {logging_mixin.py:151} INFO - [2023-10-11T07:50:13.974+0000] {dagbag.py:539} INFO - Filling up the DagBag from /home/airflow/.local/lib/python3.8/site-packages/airflow/example_dags/example_trigger_target_dag.py
[2023-10-11T07:50:13.978+0000] {processor.py:839} INFO - DAG(s) dict_keys(['example_trigger_target_dag']) retrieved from /home/airflow/.local/lib/python3.8/site-packages/airflow/example_dags/example_trigger_target_dag.py
[2023-10-11T07:50:13.995+0000] {logging_mixin.py:151} INFO - [2023-10-11T07:50:13.995+0000] {dag.py:2915} INFO - Sync 1 DAGs
[2023-10-11T07:50:14.004+0000] {logging_mixin.py:151} INFO - [2023-10-11T07:50:14.004+0000] {dag.py:3696} INFO - Setting next_dagrun for example_trigger_target_dag to None, run_after=None
[2023-10-11T07:50:14.014+0000] {processor.py:179} INFO - Processing /home/airflow/.local/lib/python3.8/site-packages/airflow/example_dags/example_trigger_target_dag.py took 0.044 seconds
[2023-10-11T07:50:44.170+0000] {processor.py:157} INFO - Started process (PID=1602) to work on /home/airflow/.local/lib/python3.8/site-packages/airflow/example_dags/example_trigger_target_dag.py
[2023-10-11T07:50:44.171+0000] {processor.py:829} INFO - Processing file /home/airflow/.local/lib/python3.8/site-packages/airflow/example_dags/example_trigger_target_dag.py for tasks to queue
[2023-10-11T07:50:44.172+0000] {logging_mixin.py:151} INFO - [2023-10-11T07:50:44.172+0000] {dagbag.py:539} INFO - Filling up the DagBag from /home/airflow/.local/lib/python3.8/site-packages/airflow/example_dags/example_trigger_target_dag.py
[2023-10-11T07:50:44.176+0000] {processor.py:839} INFO - DAG(s) dict_keys(['example_trigger_target_dag']) retrieved from /home/airflow/.local/lib/python3.8/site-packages/airflow/example_dags/example_trigger_target_dag.py
[2023-10-11T07:50:44.193+0000] {logging_mixin.py:151} INFO - [2023-10-11T07:50:44.193+0000] {dag.py:2915} INFO - Sync 1 DAGs
[2023-10-11T07:50:44.201+0000] {logging_mixin.py:151} INFO - [2023-10-11T07:50:44.201+0000] {dag.py:3696} INFO - Setting next_dagrun for example_trigger_target_dag to None, run_after=None
[2023-10-11T07:50:44.213+0000] {processor.py:179} INFO - Processing /home/airflow/.local/lib/python3.8/site-packages/airflow/example_dags/example_trigger_target_dag.py took 0.045 seconds
[2023-10-11T07:51:15.397+0000] {processor.py:157} INFO - Started process (PID=1661) to work on /home/airflow/.local/lib/python3.8/site-packages/airflow/example_dags/example_trigger_target_dag.py
[2023-10-11T07:51:15.398+0000] {processor.py:829} INFO - Processing file /home/airflow/.local/lib/python3.8/site-packages/airflow/example_dags/example_trigger_target_dag.py for tasks to queue
[2023-10-11T07:51:15.399+0000] {logging_mixin.py:151} INFO - [2023-10-11T07:51:15.399+0000] {dagbag.py:539} INFO - Filling up the DagBag from /home/airflow/.local/lib/python3.8/site-packages/airflow/example_dags/example_trigger_target_dag.py
[2023-10-11T07:51:15.403+0000] {processor.py:839} INFO - DAG(s) dict_keys(['example_trigger_target_dag']) retrieved from /home/airflow/.local/lib/python3.8/site-packages/airflow/example_dags/example_trigger_target_dag.py
[2023-10-11T07:51:15.420+0000] {logging_mixin.py:151} INFO - [2023-10-11T07:51:15.420+0000] {dag.py:2915} INFO - Sync 1 DAGs
[2023-10-11T07:51:15.428+0000] {logging_mixin.py:151} INFO - [2023-10-11T07:51:15.428+0000] {dag.py:3696} INFO - Setting next_dagrun for example_trigger_target_dag to None, run_after=None
[2023-10-11T07:51:15.438+0000] {processor.py:179} INFO - Processing /home/airflow/.local/lib/python3.8/site-packages/airflow/example_dags/example_trigger_target_dag.py took 0.043 seconds
