[2023-10-11T07:17:23.048+0000] {processor.py:157} INFO - Started process (PID=60) to work on /home/airflow/.local/lib/python3.8/site-packages/airflow/example_dags/example_branch_labels.py
[2023-10-11T07:17:23.049+0000] {processor.py:829} INFO - Processing file /home/airflow/.local/lib/python3.8/site-packages/airflow/example_dags/example_branch_labels.py for tasks to queue
[2023-10-11T07:17:23.052+0000] {logging_mixin.py:151} INFO - [2023-10-11T07:17:23.052+0000] {dagbag.py:539} INFO - Filling up the DagBag from /home/airflow/.local/lib/python3.8/site-packages/airflow/example_dags/example_branch_labels.py
[2023-10-11T07:17:23.060+0000] {processor.py:839} INFO - DAG(s) dict_keys(['example_branch_labels']) retrieved from /home/airflow/.local/lib/python3.8/site-packages/airflow/example_dags/example_branch_labels.py
[2023-10-11T07:17:23.080+0000] {logging_mixin.py:151} INFO - [2023-10-11T07:17:23.080+0000] {dag.py:2915} INFO - Sync 1 DAGs
[2023-10-11T07:17:23.098+0000] {logging_mixin.py:151} INFO - [2023-10-11T07:17:23.098+0000] {dag.py:3696} INFO - Setting next_dagrun for example_branch_labels to 2023-10-10T00:00:00+00:00, run_after=2023-10-11T00:00:00+00:00
[2023-10-11T07:17:23.110+0000] {processor.py:179} INFO - Processing /home/airflow/.local/lib/python3.8/site-packages/airflow/example_dags/example_branch_labels.py took 0.066 seconds
[2023-10-11T07:17:53.344+0000] {processor.py:157} INFO - Started process (PID=119) to work on /home/airflow/.local/lib/python3.8/site-packages/airflow/example_dags/example_branch_labels.py
[2023-10-11T07:17:53.345+0000] {processor.py:829} INFO - Processing file /home/airflow/.local/lib/python3.8/site-packages/airflow/example_dags/example_branch_labels.py for tasks to queue
[2023-10-11T07:17:53.346+0000] {logging_mixin.py:151} INFO - [2023-10-11T07:17:53.346+0000] {dagbag.py:539} INFO - Filling up the DagBag from /home/airflow/.local/lib/python3.8/site-packages/airflow/example_dags/example_branch_labels.py
[2023-10-11T07:17:53.351+0000] {processor.py:839} INFO - DAG(s) dict_keys(['example_branch_labels']) retrieved from /home/airflow/.local/lib/python3.8/site-packages/airflow/example_dags/example_branch_labels.py
[2023-10-11T07:17:53.368+0000] {logging_mixin.py:151} INFO - [2023-10-11T07:17:53.368+0000] {dag.py:2915} INFO - Sync 1 DAGs
[2023-10-11T07:17:53.382+0000] {logging_mixin.py:151} INFO - [2023-10-11T07:17:53.382+0000] {dag.py:3696} INFO - Setting next_dagrun for example_branch_labels to 2023-10-10T00:00:00+00:00, run_after=2023-10-11T00:00:00+00:00
[2023-10-11T07:17:53.392+0000] {processor.py:179} INFO - Processing /home/airflow/.local/lib/python3.8/site-packages/airflow/example_dags/example_branch_labels.py took 0.050 seconds
[2023-10-11T07:18:24.137+0000] {processor.py:157} INFO - Started process (PID=178) to work on /home/airflow/.local/lib/python3.8/site-packages/airflow/example_dags/example_branch_labels.py
[2023-10-11T07:18:24.138+0000] {processor.py:829} INFO - Processing file /home/airflow/.local/lib/python3.8/site-packages/airflow/example_dags/example_branch_labels.py for tasks to queue
[2023-10-11T07:18:24.140+0000] {logging_mixin.py:151} INFO - [2023-10-11T07:18:24.139+0000] {dagbag.py:539} INFO - Filling up the DagBag from /home/airflow/.local/lib/python3.8/site-packages/airflow/example_dags/example_branch_labels.py
[2023-10-11T07:18:24.144+0000] {processor.py:839} INFO - DAG(s) dict_keys(['example_branch_labels']) retrieved from /home/airflow/.local/lib/python3.8/site-packages/airflow/example_dags/example_branch_labels.py
[2023-10-11T07:18:24.161+0000] {logging_mixin.py:151} INFO - [2023-10-11T07:18:24.161+0000] {dag.py:2915} INFO - Sync 1 DAGs
[2023-10-11T07:18:24.175+0000] {logging_mixin.py:151} INFO - [2023-10-11T07:18:24.175+0000] {dag.py:3696} INFO - Setting next_dagrun for example_branch_labels to 2023-10-10T00:00:00+00:00, run_after=2023-10-11T00:00:00+00:00
[2023-10-11T07:18:24.185+0000] {processor.py:179} INFO - Processing /home/airflow/.local/lib/python3.8/site-packages/airflow/example_dags/example_branch_labels.py took 0.050 seconds
[2023-10-11T07:18:55.331+0000] {processor.py:157} INFO - Started process (PID=237) to work on /home/airflow/.local/lib/python3.8/site-packages/airflow/example_dags/example_branch_labels.py
[2023-10-11T07:18:55.331+0000] {processor.py:829} INFO - Processing file /home/airflow/.local/lib/python3.8/site-packages/airflow/example_dags/example_branch_labels.py for tasks to queue
[2023-10-11T07:18:55.333+0000] {logging_mixin.py:151} INFO - [2023-10-11T07:18:55.333+0000] {dagbag.py:539} INFO - Filling up the DagBag from /home/airflow/.local/lib/python3.8/site-packages/airflow/example_dags/example_branch_labels.py
[2023-10-11T07:18:55.338+0000] {processor.py:839} INFO - DAG(s) dict_keys(['example_branch_labels']) retrieved from /home/airflow/.local/lib/python3.8/site-packages/airflow/example_dags/example_branch_labels.py
[2023-10-11T07:18:55.355+0000] {logging_mixin.py:151} INFO - [2023-10-11T07:18:55.355+0000] {dag.py:2915} INFO - Sync 1 DAGs
[2023-10-11T07:18:55.369+0000] {logging_mixin.py:151} INFO - [2023-10-11T07:18:55.369+0000] {dag.py:3696} INFO - Setting next_dagrun for example_branch_labels to 2023-10-10T00:00:00+00:00, run_after=2023-10-11T00:00:00+00:00
[2023-10-11T07:18:55.379+0000] {processor.py:179} INFO - Processing /home/airflow/.local/lib/python3.8/site-packages/airflow/example_dags/example_branch_labels.py took 0.050 seconds
[2023-10-11T07:19:26.491+0000] {processor.py:157} INFO - Started process (PID=296) to work on /home/airflow/.local/lib/python3.8/site-packages/airflow/example_dags/example_branch_labels.py
[2023-10-11T07:19:26.491+0000] {processor.py:829} INFO - Processing file /home/airflow/.local/lib/python3.8/site-packages/airflow/example_dags/example_branch_labels.py for tasks to queue
[2023-10-11T07:19:26.493+0000] {logging_mixin.py:151} INFO - [2023-10-11T07:19:26.492+0000] {dagbag.py:539} INFO - Filling up the DagBag from /home/airflow/.local/lib/python3.8/site-packages/airflow/example_dags/example_branch_labels.py
[2023-10-11T07:19:26.497+0000] {processor.py:839} INFO - DAG(s) dict_keys(['example_branch_labels']) retrieved from /home/airflow/.local/lib/python3.8/site-packages/airflow/example_dags/example_branch_labels.py
[2023-10-11T07:19:26.514+0000] {logging_mixin.py:151} INFO - [2023-10-11T07:19:26.514+0000] {dag.py:2915} INFO - Sync 1 DAGs
[2023-10-11T07:19:26.529+0000] {logging_mixin.py:151} INFO - [2023-10-11T07:19:26.529+0000] {dag.py:3696} INFO - Setting next_dagrun for example_branch_labels to 2023-10-10T00:00:00+00:00, run_after=2023-10-11T00:00:00+00:00
[2023-10-11T07:19:26.539+0000] {processor.py:179} INFO - Processing /home/airflow/.local/lib/python3.8/site-packages/airflow/example_dags/example_branch_labels.py took 0.050 seconds
[2023-10-11T07:19:57.836+0000] {processor.py:157} INFO - Started process (PID=355) to work on /home/airflow/.local/lib/python3.8/site-packages/airflow/example_dags/example_branch_labels.py
[2023-10-11T07:19:57.837+0000] {processor.py:829} INFO - Processing file /home/airflow/.local/lib/python3.8/site-packages/airflow/example_dags/example_branch_labels.py for tasks to queue
[2023-10-11T07:19:57.838+0000] {logging_mixin.py:151} INFO - [2023-10-11T07:19:57.838+0000] {dagbag.py:539} INFO - Filling up the DagBag from /home/airflow/.local/lib/python3.8/site-packages/airflow/example_dags/example_branch_labels.py
[2023-10-11T07:19:57.843+0000] {processor.py:839} INFO - DAG(s) dict_keys(['example_branch_labels']) retrieved from /home/airflow/.local/lib/python3.8/site-packages/airflow/example_dags/example_branch_labels.py
[2023-10-11T07:19:57.860+0000] {logging_mixin.py:151} INFO - [2023-10-11T07:19:57.860+0000] {dag.py:2915} INFO - Sync 1 DAGs
[2023-10-11T07:19:57.874+0000] {logging_mixin.py:151} INFO - [2023-10-11T07:19:57.874+0000] {dag.py:3696} INFO - Setting next_dagrun for example_branch_labels to 2023-10-10T00:00:00+00:00, run_after=2023-10-11T00:00:00+00:00
[2023-10-11T07:19:57.884+0000] {processor.py:179} INFO - Processing /home/airflow/.local/lib/python3.8/site-packages/airflow/example_dags/example_branch_labels.py took 0.050 seconds
[2023-10-11T07:20:28.136+0000] {processor.py:157} INFO - Started process (PID=414) to work on /home/airflow/.local/lib/python3.8/site-packages/airflow/example_dags/example_branch_labels.py
[2023-10-11T07:20:28.137+0000] {processor.py:829} INFO - Processing file /home/airflow/.local/lib/python3.8/site-packages/airflow/example_dags/example_branch_labels.py for tasks to queue
[2023-10-11T07:20:28.139+0000] {logging_mixin.py:151} INFO - [2023-10-11T07:20:28.139+0000] {dagbag.py:539} INFO - Filling up the DagBag from /home/airflow/.local/lib/python3.8/site-packages/airflow/example_dags/example_branch_labels.py
[2023-10-11T07:20:28.144+0000] {processor.py:839} INFO - DAG(s) dict_keys(['example_branch_labels']) retrieved from /home/airflow/.local/lib/python3.8/site-packages/airflow/example_dags/example_branch_labels.py
[2023-10-11T07:20:28.161+0000] {logging_mixin.py:151} INFO - [2023-10-11T07:20:28.160+0000] {dag.py:2915} INFO - Sync 1 DAGs
[2023-10-11T07:20:28.174+0000] {logging_mixin.py:151} INFO - [2023-10-11T07:20:28.174+0000] {dag.py:3696} INFO - Setting next_dagrun for example_branch_labels to 2023-10-10T00:00:00+00:00, run_after=2023-10-11T00:00:00+00:00
[2023-10-11T07:20:28.184+0000] {processor.py:179} INFO - Processing /home/airflow/.local/lib/python3.8/site-packages/airflow/example_dags/example_branch_labels.py took 0.049 seconds
[2023-10-11T07:20:58.472+0000] {processor.py:157} INFO - Started process (PID=474) to work on /home/airflow/.local/lib/python3.8/site-packages/airflow/example_dags/example_branch_labels.py
[2023-10-11T07:20:58.473+0000] {processor.py:829} INFO - Processing file /home/airflow/.local/lib/python3.8/site-packages/airflow/example_dags/example_branch_labels.py for tasks to queue
[2023-10-11T07:20:58.474+0000] {logging_mixin.py:151} INFO - [2023-10-11T07:20:58.474+0000] {dagbag.py:539} INFO - Filling up the DagBag from /home/airflow/.local/lib/python3.8/site-packages/airflow/example_dags/example_branch_labels.py
[2023-10-11T07:20:58.479+0000] {processor.py:839} INFO - DAG(s) dict_keys(['example_branch_labels']) retrieved from /home/airflow/.local/lib/python3.8/site-packages/airflow/example_dags/example_branch_labels.py
[2023-10-11T07:20:58.496+0000] {logging_mixin.py:151} INFO - [2023-10-11T07:20:58.496+0000] {dag.py:2915} INFO - Sync 1 DAGs
[2023-10-11T07:20:58.510+0000] {logging_mixin.py:151} INFO - [2023-10-11T07:20:58.510+0000] {dag.py:3696} INFO - Setting next_dagrun for example_branch_labels to 2023-10-10T00:00:00+00:00, run_after=2023-10-11T00:00:00+00:00
[2023-10-11T07:20:58.520+0000] {processor.py:179} INFO - Processing /home/airflow/.local/lib/python3.8/site-packages/airflow/example_dags/example_branch_labels.py took 0.051 seconds
[2023-10-11T07:21:28.537+0000] {processor.py:157} INFO - Started process (PID=528) to work on /home/airflow/.local/lib/python3.8/site-packages/airflow/example_dags/example_branch_labels.py
[2023-10-11T07:21:28.537+0000] {processor.py:829} INFO - Processing file /home/airflow/.local/lib/python3.8/site-packages/airflow/example_dags/example_branch_labels.py for tasks to queue
[2023-10-11T07:21:28.539+0000] {logging_mixin.py:151} INFO - [2023-10-11T07:21:28.538+0000] {dagbag.py:539} INFO - Filling up the DagBag from /home/airflow/.local/lib/python3.8/site-packages/airflow/example_dags/example_branch_labels.py
[2023-10-11T07:21:28.543+0000] {processor.py:839} INFO - DAG(s) dict_keys(['example_branch_labels']) retrieved from /home/airflow/.local/lib/python3.8/site-packages/airflow/example_dags/example_branch_labels.py
[2023-10-11T07:21:28.559+0000] {logging_mixin.py:151} INFO - [2023-10-11T07:21:28.559+0000] {dag.py:2915} INFO - Sync 1 DAGs
[2023-10-11T07:21:28.572+0000] {logging_mixin.py:151} INFO - [2023-10-11T07:21:28.572+0000] {dag.py:3696} INFO - Setting next_dagrun for example_branch_labels to 2023-10-10T00:00:00+00:00, run_after=2023-10-11T00:00:00+00:00
[2023-10-11T07:21:28.580+0000] {processor.py:179} INFO - Processing /home/airflow/.local/lib/python3.8/site-packages/airflow/example_dags/example_branch_labels.py took 0.045 seconds
[2023-10-11T07:21:59.040+0000] {processor.py:157} INFO - Started process (PID=587) to work on /home/airflow/.local/lib/python3.8/site-packages/airflow/example_dags/example_branch_labels.py
[2023-10-11T07:21:59.041+0000] {processor.py:829} INFO - Processing file /home/airflow/.local/lib/python3.8/site-packages/airflow/example_dags/example_branch_labels.py for tasks to queue
[2023-10-11T07:21:59.042+0000] {logging_mixin.py:151} INFO - [2023-10-11T07:21:59.042+0000] {dagbag.py:539} INFO - Filling up the DagBag from /home/airflow/.local/lib/python3.8/site-packages/airflow/example_dags/example_branch_labels.py
[2023-10-11T07:21:59.047+0000] {processor.py:839} INFO - DAG(s) dict_keys(['example_branch_labels']) retrieved from /home/airflow/.local/lib/python3.8/site-packages/airflow/example_dags/example_branch_labels.py
[2023-10-11T07:21:59.063+0000] {logging_mixin.py:151} INFO - [2023-10-11T07:21:59.063+0000] {dag.py:2915} INFO - Sync 1 DAGs
[2023-10-11T07:21:59.076+0000] {logging_mixin.py:151} INFO - [2023-10-11T07:21:59.076+0000] {dag.py:3696} INFO - Setting next_dagrun for example_branch_labels to 2023-10-10T00:00:00+00:00, run_after=2023-10-11T00:00:00+00:00
[2023-10-11T07:21:59.086+0000] {processor.py:179} INFO - Processing /home/airflow/.local/lib/python3.8/site-packages/airflow/example_dags/example_branch_labels.py took 0.048 seconds
[2023-10-11T07:22:29.636+0000] {processor.py:157} INFO - Started process (PID=646) to work on /home/airflow/.local/lib/python3.8/site-packages/airflow/example_dags/example_branch_labels.py
[2023-10-11T07:22:29.636+0000] {processor.py:829} INFO - Processing file /home/airflow/.local/lib/python3.8/site-packages/airflow/example_dags/example_branch_labels.py for tasks to queue
[2023-10-11T07:22:29.638+0000] {logging_mixin.py:151} INFO - [2023-10-11T07:22:29.637+0000] {dagbag.py:539} INFO - Filling up the DagBag from /home/airflow/.local/lib/python3.8/site-packages/airflow/example_dags/example_branch_labels.py
[2023-10-11T07:22:29.642+0000] {processor.py:839} INFO - DAG(s) dict_keys(['example_branch_labels']) retrieved from /home/airflow/.local/lib/python3.8/site-packages/airflow/example_dags/example_branch_labels.py
[2023-10-11T07:22:29.659+0000] {logging_mixin.py:151} INFO - [2023-10-11T07:22:29.659+0000] {dag.py:2915} INFO - Sync 1 DAGs
[2023-10-11T07:22:29.675+0000] {logging_mixin.py:151} INFO - [2023-10-11T07:22:29.675+0000] {dag.py:3696} INFO - Setting next_dagrun for example_branch_labels to 2023-10-10T00:00:00+00:00, run_after=2023-10-11T00:00:00+00:00
[2023-10-11T07:22:29.685+0000] {processor.py:179} INFO - Processing /home/airflow/.local/lib/python3.8/site-packages/airflow/example_dags/example_branch_labels.py took 0.051 seconds
[2023-10-11T07:23:00.070+0000] {processor.py:157} INFO - Started process (PID=704) to work on /home/airflow/.local/lib/python3.8/site-packages/airflow/example_dags/example_branch_labels.py
[2023-10-11T07:23:00.071+0000] {processor.py:829} INFO - Processing file /home/airflow/.local/lib/python3.8/site-packages/airflow/example_dags/example_branch_labels.py for tasks to queue
[2023-10-11T07:23:00.073+0000] {logging_mixin.py:151} INFO - [2023-10-11T07:23:00.072+0000] {dagbag.py:539} INFO - Filling up the DagBag from /home/airflow/.local/lib/python3.8/site-packages/airflow/example_dags/example_branch_labels.py
[2023-10-11T07:23:00.077+0000] {processor.py:839} INFO - DAG(s) dict_keys(['example_branch_labels']) retrieved from /home/airflow/.local/lib/python3.8/site-packages/airflow/example_dags/example_branch_labels.py
[2023-10-11T07:23:00.094+0000] {logging_mixin.py:151} INFO - [2023-10-11T07:23:00.094+0000] {dag.py:2915} INFO - Sync 1 DAGs
[2023-10-11T07:23:00.109+0000] {logging_mixin.py:151} INFO - [2023-10-11T07:23:00.109+0000] {dag.py:3696} INFO - Setting next_dagrun for example_branch_labels to 2023-10-10T00:00:00+00:00, run_after=2023-10-11T00:00:00+00:00
[2023-10-11T07:23:00.119+0000] {processor.py:179} INFO - Processing /home/airflow/.local/lib/python3.8/site-packages/airflow/example_dags/example_branch_labels.py took 0.051 seconds
[2023-10-11T07:23:30.416+0000] {processor.py:157} INFO - Started process (PID=763) to work on /home/airflow/.local/lib/python3.8/site-packages/airflow/example_dags/example_branch_labels.py
[2023-10-11T07:23:30.416+0000] {processor.py:829} INFO - Processing file /home/airflow/.local/lib/python3.8/site-packages/airflow/example_dags/example_branch_labels.py for tasks to queue
[2023-10-11T07:23:30.418+0000] {logging_mixin.py:151} INFO - [2023-10-11T07:23:30.418+0000] {dagbag.py:539} INFO - Filling up the DagBag from /home/airflow/.local/lib/python3.8/site-packages/airflow/example_dags/example_branch_labels.py
[2023-10-11T07:23:30.423+0000] {processor.py:839} INFO - DAG(s) dict_keys(['example_branch_labels']) retrieved from /home/airflow/.local/lib/python3.8/site-packages/airflow/example_dags/example_branch_labels.py
[2023-10-11T07:23:30.440+0000] {logging_mixin.py:151} INFO - [2023-10-11T07:23:30.439+0000] {dag.py:2915} INFO - Sync 1 DAGs
[2023-10-11T07:23:30.454+0000] {logging_mixin.py:151} INFO - [2023-10-11T07:23:30.454+0000] {dag.py:3696} INFO - Setting next_dagrun for example_branch_labels to 2023-10-10T00:00:00+00:00, run_after=2023-10-11T00:00:00+00:00
[2023-10-11T07:23:30.464+0000] {processor.py:179} INFO - Processing /home/airflow/.local/lib/python3.8/site-packages/airflow/example_dags/example_branch_labels.py took 0.050 seconds
[2023-10-11T07:24:00.999+0000] {processor.py:157} INFO - Started process (PID=822) to work on /home/airflow/.local/lib/python3.8/site-packages/airflow/example_dags/example_branch_labels.py
[2023-10-11T07:24:00.999+0000] {processor.py:829} INFO - Processing file /home/airflow/.local/lib/python3.8/site-packages/airflow/example_dags/example_branch_labels.py for tasks to queue
[2023-10-11T07:24:01.001+0000] {logging_mixin.py:151} INFO - [2023-10-11T07:24:01.001+0000] {dagbag.py:539} INFO - Filling up the DagBag from /home/airflow/.local/lib/python3.8/site-packages/airflow/example_dags/example_branch_labels.py
[2023-10-11T07:24:01.006+0000] {processor.py:839} INFO - DAG(s) dict_keys(['example_branch_labels']) retrieved from /home/airflow/.local/lib/python3.8/site-packages/airflow/example_dags/example_branch_labels.py
[2023-10-11T07:24:01.023+0000] {logging_mixin.py:151} INFO - [2023-10-11T07:24:01.023+0000] {dag.py:2915} INFO - Sync 1 DAGs
[2023-10-11T07:24:01.037+0000] {logging_mixin.py:151} INFO - [2023-10-11T07:24:01.036+0000] {dag.py:3696} INFO - Setting next_dagrun for example_branch_labels to 2023-10-10T00:00:00+00:00, run_after=2023-10-11T00:00:00+00:00
[2023-10-11T07:24:01.047+0000] {processor.py:179} INFO - Processing /home/airflow/.local/lib/python3.8/site-packages/airflow/example_dags/example_branch_labels.py took 0.050 seconds
[2023-10-11T07:24:31.118+0000] {processor.py:157} INFO - Started process (PID=881) to work on /home/airflow/.local/lib/python3.8/site-packages/airflow/example_dags/example_branch_labels.py
[2023-10-11T07:24:31.119+0000] {processor.py:829} INFO - Processing file /home/airflow/.local/lib/python3.8/site-packages/airflow/example_dags/example_branch_labels.py for tasks to queue
[2023-10-11T07:24:31.120+0000] {logging_mixin.py:151} INFO - [2023-10-11T07:24:31.120+0000] {dagbag.py:539} INFO - Filling up the DagBag from /home/airflow/.local/lib/python3.8/site-packages/airflow/example_dags/example_branch_labels.py
[2023-10-11T07:24:31.125+0000] {processor.py:839} INFO - DAG(s) dict_keys(['example_branch_labels']) retrieved from /home/airflow/.local/lib/python3.8/site-packages/airflow/example_dags/example_branch_labels.py
[2023-10-11T07:24:31.142+0000] {logging_mixin.py:151} INFO - [2023-10-11T07:24:31.142+0000] {dag.py:2915} INFO - Sync 1 DAGs
[2023-10-11T07:24:31.157+0000] {logging_mixin.py:151} INFO - [2023-10-11T07:24:31.157+0000] {dag.py:3696} INFO - Setting next_dagrun for example_branch_labels to 2023-10-10T00:00:00+00:00, run_after=2023-10-11T00:00:00+00:00
[2023-10-11T07:24:31.167+0000] {processor.py:179} INFO - Processing /home/airflow/.local/lib/python3.8/site-packages/airflow/example_dags/example_branch_labels.py took 0.050 seconds
[2023-10-11T07:25:02.406+0000] {processor.py:157} INFO - Started process (PID=940) to work on /home/airflow/.local/lib/python3.8/site-packages/airflow/example_dags/example_branch_labels.py
[2023-10-11T07:25:02.407+0000] {processor.py:829} INFO - Processing file /home/airflow/.local/lib/python3.8/site-packages/airflow/example_dags/example_branch_labels.py for tasks to queue
[2023-10-11T07:25:02.409+0000] {logging_mixin.py:151} INFO - [2023-10-11T07:25:02.408+0000] {dagbag.py:539} INFO - Filling up the DagBag from /home/airflow/.local/lib/python3.8/site-packages/airflow/example_dags/example_branch_labels.py
[2023-10-11T07:25:02.413+0000] {processor.py:839} INFO - DAG(s) dict_keys(['example_branch_labels']) retrieved from /home/airflow/.local/lib/python3.8/site-packages/airflow/example_dags/example_branch_labels.py
[2023-10-11T07:25:02.430+0000] {logging_mixin.py:151} INFO - [2023-10-11T07:25:02.430+0000] {dag.py:2915} INFO - Sync 1 DAGs
[2023-10-11T07:25:02.444+0000] {logging_mixin.py:151} INFO - [2023-10-11T07:25:02.444+0000] {dag.py:3696} INFO - Setting next_dagrun for example_branch_labels to 2023-10-10T00:00:00+00:00, run_after=2023-10-11T00:00:00+00:00
[2023-10-11T07:25:02.454+0000] {processor.py:179} INFO - Processing /home/airflow/.local/lib/python3.8/site-packages/airflow/example_dags/example_branch_labels.py took 0.050 seconds
[2023-10-11T07:25:33.533+0000] {processor.py:157} INFO - Started process (PID=999) to work on /home/airflow/.local/lib/python3.8/site-packages/airflow/example_dags/example_branch_labels.py
[2023-10-11T07:25:33.534+0000] {processor.py:829} INFO - Processing file /home/airflow/.local/lib/python3.8/site-packages/airflow/example_dags/example_branch_labels.py for tasks to queue
[2023-10-11T07:25:33.535+0000] {logging_mixin.py:151} INFO - [2023-10-11T07:25:33.535+0000] {dagbag.py:539} INFO - Filling up the DagBag from /home/airflow/.local/lib/python3.8/site-packages/airflow/example_dags/example_branch_labels.py
[2023-10-11T07:25:33.540+0000] {processor.py:839} INFO - DAG(s) dict_keys(['example_branch_labels']) retrieved from /home/airflow/.local/lib/python3.8/site-packages/airflow/example_dags/example_branch_labels.py
[2023-10-11T07:25:33.558+0000] {logging_mixin.py:151} INFO - [2023-10-11T07:25:33.557+0000] {dag.py:2915} INFO - Sync 1 DAGs
[2023-10-11T07:25:33.572+0000] {logging_mixin.py:151} INFO - [2023-10-11T07:25:33.572+0000] {dag.py:3696} INFO - Setting next_dagrun for example_branch_labels to 2023-10-10T00:00:00+00:00, run_after=2023-10-11T00:00:00+00:00
[2023-10-11T07:25:33.582+0000] {processor.py:179} INFO - Processing /home/airflow/.local/lib/python3.8/site-packages/airflow/example_dags/example_branch_labels.py took 0.051 seconds
[2023-10-11T07:26:04.654+0000] {processor.py:157} INFO - Started process (PID=1058) to work on /home/airflow/.local/lib/python3.8/site-packages/airflow/example_dags/example_branch_labels.py
[2023-10-11T07:26:04.655+0000] {processor.py:829} INFO - Processing file /home/airflow/.local/lib/python3.8/site-packages/airflow/example_dags/example_branch_labels.py for tasks to queue
[2023-10-11T07:26:04.657+0000] {logging_mixin.py:151} INFO - [2023-10-11T07:26:04.656+0000] {dagbag.py:539} INFO - Filling up the DagBag from /home/airflow/.local/lib/python3.8/site-packages/airflow/example_dags/example_branch_labels.py
[2023-10-11T07:26:04.662+0000] {processor.py:839} INFO - DAG(s) dict_keys(['example_branch_labels']) retrieved from /home/airflow/.local/lib/python3.8/site-packages/airflow/example_dags/example_branch_labels.py
[2023-10-11T07:26:04.680+0000] {logging_mixin.py:151} INFO - [2023-10-11T07:26:04.680+0000] {dag.py:2915} INFO - Sync 1 DAGs
[2023-10-11T07:26:04.694+0000] {logging_mixin.py:151} INFO - [2023-10-11T07:26:04.694+0000] {dag.py:3696} INFO - Setting next_dagrun for example_branch_labels to 2023-10-10T00:00:00+00:00, run_after=2023-10-11T00:00:00+00:00
[2023-10-11T07:26:04.703+0000] {processor.py:179} INFO - Processing /home/airflow/.local/lib/python3.8/site-packages/airflow/example_dags/example_branch_labels.py took 0.052 seconds
[2023-10-11T07:26:35.769+0000] {processor.py:157} INFO - Started process (PID=1117) to work on /home/airflow/.local/lib/python3.8/site-packages/airflow/example_dags/example_branch_labels.py
[2023-10-11T07:26:35.770+0000] {processor.py:829} INFO - Processing file /home/airflow/.local/lib/python3.8/site-packages/airflow/example_dags/example_branch_labels.py for tasks to queue
[2023-10-11T07:26:35.771+0000] {logging_mixin.py:151} INFO - [2023-10-11T07:26:35.771+0000] {dagbag.py:539} INFO - Filling up the DagBag from /home/airflow/.local/lib/python3.8/site-packages/airflow/example_dags/example_branch_labels.py
[2023-10-11T07:26:35.776+0000] {processor.py:839} INFO - DAG(s) dict_keys(['example_branch_labels']) retrieved from /home/airflow/.local/lib/python3.8/site-packages/airflow/example_dags/example_branch_labels.py
[2023-10-11T07:26:35.793+0000] {logging_mixin.py:151} INFO - [2023-10-11T07:26:35.793+0000] {dag.py:2915} INFO - Sync 1 DAGs
[2023-10-11T07:26:35.807+0000] {logging_mixin.py:151} INFO - [2023-10-11T07:26:35.807+0000] {dag.py:3696} INFO - Setting next_dagrun for example_branch_labels to 2023-10-10T00:00:00+00:00, run_after=2023-10-11T00:00:00+00:00
[2023-10-11T07:26:35.816+0000] {processor.py:179} INFO - Processing /home/airflow/.local/lib/python3.8/site-packages/airflow/example_dags/example_branch_labels.py took 0.049 seconds
[2023-10-11T07:27:06.230+0000] {processor.py:157} INFO - Started process (PID=1176) to work on /home/airflow/.local/lib/python3.8/site-packages/airflow/example_dags/example_branch_labels.py
[2023-10-11T07:27:06.230+0000] {processor.py:829} INFO - Processing file /home/airflow/.local/lib/python3.8/site-packages/airflow/example_dags/example_branch_labels.py for tasks to queue
[2023-10-11T07:27:06.232+0000] {logging_mixin.py:151} INFO - [2023-10-11T07:27:06.232+0000] {dagbag.py:539} INFO - Filling up the DagBag from /home/airflow/.local/lib/python3.8/site-packages/airflow/example_dags/example_branch_labels.py
[2023-10-11T07:27:06.236+0000] {processor.py:839} INFO - DAG(s) dict_keys(['example_branch_labels']) retrieved from /home/airflow/.local/lib/python3.8/site-packages/airflow/example_dags/example_branch_labels.py
[2023-10-11T07:27:06.253+0000] {logging_mixin.py:151} INFO - [2023-10-11T07:27:06.253+0000] {dag.py:2915} INFO - Sync 1 DAGs
[2023-10-11T07:27:06.267+0000] {logging_mixin.py:151} INFO - [2023-10-11T07:27:06.267+0000] {dag.py:3696} INFO - Setting next_dagrun for example_branch_labels to 2023-10-10T00:00:00+00:00, run_after=2023-10-11T00:00:00+00:00
[2023-10-11T07:27:06.277+0000] {processor.py:179} INFO - Processing /home/airflow/.local/lib/python3.8/site-packages/airflow/example_dags/example_branch_labels.py took 0.049 seconds
[2023-10-11T07:27:36.938+0000] {processor.py:157} INFO - Started process (PID=1235) to work on /home/airflow/.local/lib/python3.8/site-packages/airflow/example_dags/example_branch_labels.py
[2023-10-11T07:27:36.939+0000] {processor.py:829} INFO - Processing file /home/airflow/.local/lib/python3.8/site-packages/airflow/example_dags/example_branch_labels.py for tasks to queue
[2023-10-11T07:27:36.941+0000] {logging_mixin.py:151} INFO - [2023-10-11T07:27:36.941+0000] {dagbag.py:539} INFO - Filling up the DagBag from /home/airflow/.local/lib/python3.8/site-packages/airflow/example_dags/example_branch_labels.py
[2023-10-11T07:27:36.946+0000] {processor.py:839} INFO - DAG(s) dict_keys(['example_branch_labels']) retrieved from /home/airflow/.local/lib/python3.8/site-packages/airflow/example_dags/example_branch_labels.py
[2023-10-11T07:27:36.963+0000] {logging_mixin.py:151} INFO - [2023-10-11T07:27:36.963+0000] {dag.py:2915} INFO - Sync 1 DAGs
[2023-10-11T07:27:36.978+0000] {logging_mixin.py:151} INFO - [2023-10-11T07:27:36.977+0000] {dag.py:3696} INFO - Setting next_dagrun for example_branch_labels to 2023-10-10T00:00:00+00:00, run_after=2023-10-11T00:00:00+00:00
[2023-10-11T07:27:36.987+0000] {processor.py:179} INFO - Processing /home/airflow/.local/lib/python3.8/site-packages/airflow/example_dags/example_branch_labels.py took 0.051 seconds
[2023-10-11T07:28:08.071+0000] {processor.py:157} INFO - Started process (PID=1294) to work on /home/airflow/.local/lib/python3.8/site-packages/airflow/example_dags/example_branch_labels.py
[2023-10-11T07:28:08.071+0000] {processor.py:829} INFO - Processing file /home/airflow/.local/lib/python3.8/site-packages/airflow/example_dags/example_branch_labels.py for tasks to queue
[2023-10-11T07:28:08.073+0000] {logging_mixin.py:151} INFO - [2023-10-11T07:28:08.073+0000] {dagbag.py:539} INFO - Filling up the DagBag from /home/airflow/.local/lib/python3.8/site-packages/airflow/example_dags/example_branch_labels.py
[2023-10-11T07:28:08.078+0000] {processor.py:839} INFO - DAG(s) dict_keys(['example_branch_labels']) retrieved from /home/airflow/.local/lib/python3.8/site-packages/airflow/example_dags/example_branch_labels.py
[2023-10-11T07:28:08.095+0000] {logging_mixin.py:151} INFO - [2023-10-11T07:28:08.095+0000] {dag.py:2915} INFO - Sync 1 DAGs
[2023-10-11T07:28:08.108+0000] {logging_mixin.py:151} INFO - [2023-10-11T07:28:08.108+0000] {dag.py:3696} INFO - Setting next_dagrun for example_branch_labels to 2023-10-10T00:00:00+00:00, run_after=2023-10-11T00:00:00+00:00
[2023-10-11T07:28:08.118+0000] {processor.py:179} INFO - Processing /home/airflow/.local/lib/python3.8/site-packages/airflow/example_dags/example_branch_labels.py took 0.049 seconds
[2023-10-11T07:28:38.551+0000] {processor.py:157} INFO - Started process (PID=1353) to work on /home/airflow/.local/lib/python3.8/site-packages/airflow/example_dags/example_branch_labels.py
[2023-10-11T07:28:38.552+0000] {processor.py:829} INFO - Processing file /home/airflow/.local/lib/python3.8/site-packages/airflow/example_dags/example_branch_labels.py for tasks to queue
[2023-10-11T07:28:38.553+0000] {logging_mixin.py:151} INFO - [2023-10-11T07:28:38.553+0000] {dagbag.py:539} INFO - Filling up the DagBag from /home/airflow/.local/lib/python3.8/site-packages/airflow/example_dags/example_branch_labels.py
[2023-10-11T07:28:38.558+0000] {processor.py:839} INFO - DAG(s) dict_keys(['example_branch_labels']) retrieved from /home/airflow/.local/lib/python3.8/site-packages/airflow/example_dags/example_branch_labels.py
[2023-10-11T07:28:38.575+0000] {logging_mixin.py:151} INFO - [2023-10-11T07:28:38.575+0000] {dag.py:2915} INFO - Sync 1 DAGs
[2023-10-11T07:28:38.589+0000] {logging_mixin.py:151} INFO - [2023-10-11T07:28:38.589+0000] {dag.py:3696} INFO - Setting next_dagrun for example_branch_labels to 2023-10-10T00:00:00+00:00, run_after=2023-10-11T00:00:00+00:00
[2023-10-11T07:28:38.598+0000] {processor.py:179} INFO - Processing /home/airflow/.local/lib/python3.8/site-packages/airflow/example_dags/example_branch_labels.py took 0.049 seconds
[2023-10-11T07:29:09.737+0000] {processor.py:157} INFO - Started process (PID=1412) to work on /home/airflow/.local/lib/python3.8/site-packages/airflow/example_dags/example_branch_labels.py
[2023-10-11T07:29:09.738+0000] {processor.py:829} INFO - Processing file /home/airflow/.local/lib/python3.8/site-packages/airflow/example_dags/example_branch_labels.py for tasks to queue
[2023-10-11T07:29:09.739+0000] {logging_mixin.py:151} INFO - [2023-10-11T07:29:09.739+0000] {dagbag.py:539} INFO - Filling up the DagBag from /home/airflow/.local/lib/python3.8/site-packages/airflow/example_dags/example_branch_labels.py
[2023-10-11T07:29:09.744+0000] {processor.py:839} INFO - DAG(s) dict_keys(['example_branch_labels']) retrieved from /home/airflow/.local/lib/python3.8/site-packages/airflow/example_dags/example_branch_labels.py
[2023-10-11T07:29:09.761+0000] {logging_mixin.py:151} INFO - [2023-10-11T07:29:09.760+0000] {dag.py:2915} INFO - Sync 1 DAGs
[2023-10-11T07:29:09.775+0000] {logging_mixin.py:151} INFO - [2023-10-11T07:29:09.775+0000] {dag.py:3696} INFO - Setting next_dagrun for example_branch_labels to 2023-10-10T00:00:00+00:00, run_after=2023-10-11T00:00:00+00:00
[2023-10-11T07:29:09.785+0000] {processor.py:179} INFO - Processing /home/airflow/.local/lib/python3.8/site-packages/airflow/example_dags/example_branch_labels.py took 0.050 seconds
[2023-10-11T07:29:40.614+0000] {processor.py:157} INFO - Started process (PID=1471) to work on /home/airflow/.local/lib/python3.8/site-packages/airflow/example_dags/example_branch_labels.py
[2023-10-11T07:29:40.615+0000] {processor.py:829} INFO - Processing file /home/airflow/.local/lib/python3.8/site-packages/airflow/example_dags/example_branch_labels.py for tasks to queue
[2023-10-11T07:29:40.617+0000] {logging_mixin.py:151} INFO - [2023-10-11T07:29:40.616+0000] {dagbag.py:539} INFO - Filling up the DagBag from /home/airflow/.local/lib/python3.8/site-packages/airflow/example_dags/example_branch_labels.py
[2023-10-11T07:29:40.622+0000] {processor.py:839} INFO - DAG(s) dict_keys(['example_branch_labels']) retrieved from /home/airflow/.local/lib/python3.8/site-packages/airflow/example_dags/example_branch_labels.py
[2023-10-11T07:29:40.645+0000] {logging_mixin.py:151} INFO - [2023-10-11T07:29:40.645+0000] {dag.py:2915} INFO - Sync 1 DAGs
[2023-10-11T07:29:40.664+0000] {logging_mixin.py:151} INFO - [2023-10-11T07:29:40.664+0000] {dag.py:3696} INFO - Setting next_dagrun for example_branch_labels to 2023-10-10T00:00:00+00:00, run_after=2023-10-11T00:00:00+00:00
[2023-10-11T07:29:40.677+0000] {processor.py:179} INFO - Processing /home/airflow/.local/lib/python3.8/site-packages/airflow/example_dags/example_branch_labels.py took 0.066 seconds
[2023-10-11T07:30:11.658+0000] {processor.py:157} INFO - Started process (PID=1530) to work on /home/airflow/.local/lib/python3.8/site-packages/airflow/example_dags/example_branch_labels.py
[2023-10-11T07:30:11.659+0000] {processor.py:829} INFO - Processing file /home/airflow/.local/lib/python3.8/site-packages/airflow/example_dags/example_branch_labels.py for tasks to queue
[2023-10-11T07:30:11.660+0000] {logging_mixin.py:151} INFO - [2023-10-11T07:30:11.660+0000] {dagbag.py:539} INFO - Filling up the DagBag from /home/airflow/.local/lib/python3.8/site-packages/airflow/example_dags/example_branch_labels.py
[2023-10-11T07:30:11.666+0000] {processor.py:839} INFO - DAG(s) dict_keys(['example_branch_labels']) retrieved from /home/airflow/.local/lib/python3.8/site-packages/airflow/example_dags/example_branch_labels.py
[2023-10-11T07:30:11.690+0000] {logging_mixin.py:151} INFO - [2023-10-11T07:30:11.690+0000] {dag.py:2915} INFO - Sync 1 DAGs
[2023-10-11T07:30:11.712+0000] {logging_mixin.py:151} INFO - [2023-10-11T07:30:11.712+0000] {dag.py:3696} INFO - Setting next_dagrun for example_branch_labels to 2023-10-10T00:00:00+00:00, run_after=2023-10-11T00:00:00+00:00
[2023-10-11T07:30:11.726+0000] {processor.py:179} INFO - Processing /home/airflow/.local/lib/python3.8/site-packages/airflow/example_dags/example_branch_labels.py took 0.070 seconds
[2023-10-11T07:30:41.878+0000] {processor.py:157} INFO - Started process (PID=1588) to work on /home/airflow/.local/lib/python3.8/site-packages/airflow/example_dags/example_branch_labels.py
[2023-10-11T07:30:41.879+0000] {processor.py:829} INFO - Processing file /home/airflow/.local/lib/python3.8/site-packages/airflow/example_dags/example_branch_labels.py for tasks to queue
[2023-10-11T07:30:41.881+0000] {logging_mixin.py:151} INFO - [2023-10-11T07:30:41.881+0000] {dagbag.py:539} INFO - Filling up the DagBag from /home/airflow/.local/lib/python3.8/site-packages/airflow/example_dags/example_branch_labels.py
[2023-10-11T07:30:41.886+0000] {processor.py:839} INFO - DAG(s) dict_keys(['example_branch_labels']) retrieved from /home/airflow/.local/lib/python3.8/site-packages/airflow/example_dags/example_branch_labels.py
[2023-10-11T07:30:41.910+0000] {logging_mixin.py:151} INFO - [2023-10-11T07:30:41.909+0000] {dag.py:2915} INFO - Sync 1 DAGs
[2023-10-11T07:30:41.926+0000] {logging_mixin.py:151} INFO - [2023-10-11T07:30:41.926+0000] {dag.py:3696} INFO - Setting next_dagrun for example_branch_labels to 2023-10-10T00:00:00+00:00, run_after=2023-10-11T00:00:00+00:00
[2023-10-11T07:30:41.938+0000] {processor.py:179} INFO - Processing /home/airflow/.local/lib/python3.8/site-packages/airflow/example_dags/example_branch_labels.py took 0.062 seconds
[2023-10-11T07:31:12.111+0000] {processor.py:157} INFO - Started process (PID=1646) to work on /home/airflow/.local/lib/python3.8/site-packages/airflow/example_dags/example_branch_labels.py
[2023-10-11T07:31:12.111+0000] {processor.py:829} INFO - Processing file /home/airflow/.local/lib/python3.8/site-packages/airflow/example_dags/example_branch_labels.py for tasks to queue
[2023-10-11T07:31:12.113+0000] {logging_mixin.py:151} INFO - [2023-10-11T07:31:12.113+0000] {dagbag.py:539} INFO - Filling up the DagBag from /home/airflow/.local/lib/python3.8/site-packages/airflow/example_dags/example_branch_labels.py
[2023-10-11T07:31:12.118+0000] {processor.py:839} INFO - DAG(s) dict_keys(['example_branch_labels']) retrieved from /home/airflow/.local/lib/python3.8/site-packages/airflow/example_dags/example_branch_labels.py
[2023-10-11T07:31:12.138+0000] {logging_mixin.py:151} INFO - [2023-10-11T07:31:12.138+0000] {dag.py:2915} INFO - Sync 1 DAGs
[2023-10-11T07:31:12.154+0000] {logging_mixin.py:151} INFO - [2023-10-11T07:31:12.154+0000] {dag.py:3696} INFO - Setting next_dagrun for example_branch_labels to 2023-10-10T00:00:00+00:00, run_after=2023-10-11T00:00:00+00:00
[2023-10-11T07:31:12.176+0000] {processor.py:179} INFO - Processing /home/airflow/.local/lib/python3.8/site-packages/airflow/example_dags/example_branch_labels.py took 0.068 seconds
[2023-10-11T07:31:42.424+0000] {processor.py:157} INFO - Started process (PID=1712) to work on /home/airflow/.local/lib/python3.8/site-packages/airflow/example_dags/example_branch_labels.py
[2023-10-11T07:31:42.425+0000] {processor.py:829} INFO - Processing file /home/airflow/.local/lib/python3.8/site-packages/airflow/example_dags/example_branch_labels.py for tasks to queue
[2023-10-11T07:31:42.427+0000] {logging_mixin.py:151} INFO - [2023-10-11T07:31:42.426+0000] {dagbag.py:539} INFO - Filling up the DagBag from /home/airflow/.local/lib/python3.8/site-packages/airflow/example_dags/example_branch_labels.py
[2023-10-11T07:31:42.431+0000] {processor.py:839} INFO - DAG(s) dict_keys(['example_branch_labels']) retrieved from /home/airflow/.local/lib/python3.8/site-packages/airflow/example_dags/example_branch_labels.py
[2023-10-11T07:31:42.449+0000] {logging_mixin.py:151} INFO - [2023-10-11T07:31:42.448+0000] {dag.py:2915} INFO - Sync 1 DAGs
[2023-10-11T07:31:42.464+0000] {logging_mixin.py:151} INFO - [2023-10-11T07:31:42.464+0000] {dag.py:3696} INFO - Setting next_dagrun for example_branch_labels to 2023-10-10T00:00:00+00:00, run_after=2023-10-11T00:00:00+00:00
[2023-10-11T07:31:42.474+0000] {processor.py:179} INFO - Processing /home/airflow/.local/lib/python3.8/site-packages/airflow/example_dags/example_branch_labels.py took 0.052 seconds
