[2023-10-11T07:17:23.279+0000] {processor.py:157} INFO - Started process (PID=66) to work on /home/airflow/.local/lib/python3.8/site-packages/airflow/example_dags/example_params_ui_tutorial.py
[2023-10-11T07:17:23.280+0000] {processor.py:829} INFO - Processing file /home/airflow/.local/lib/python3.8/site-packages/airflow/example_dags/example_params_ui_tutorial.py for tasks to queue
[2023-10-11T07:17:23.281+0000] {logging_mixin.py:151} INFO - [2023-10-11T07:17:23.281+0000] {dagbag.py:539} INFO - Filling up the DagBag from /home/airflow/.local/lib/python3.8/site-packages/airflow/example_dags/example_params_ui_tutorial.py
[2023-10-11T07:17:23.301+0000] {processor.py:839} INFO - DAG(s) dict_keys(['example_params_ui_tutorial']) retrieved from /home/airflow/.local/lib/python3.8/site-packages/airflow/example_dags/example_params_ui_tutorial.py
[2023-10-11T07:17:23.316+0000] {logging_mixin.py:151} INFO - [2023-10-11T07:17:23.316+0000] {dag.py:2915} INFO - Sync 1 DAGs
[2023-10-11T07:17:23.326+0000] {logging_mixin.py:151} INFO - [2023-10-11T07:17:23.326+0000] {dag.py:3696} INFO - Setting next_dagrun for example_params_ui_tutorial to None, run_after=None
[2023-10-11T07:17:23.339+0000] {processor.py:179} INFO - Processing /home/airflow/.local/lib/python3.8/site-packages/airflow/example_dags/example_params_ui_tutorial.py took 0.062 seconds
[2023-10-11T07:17:53.522+0000] {processor.py:157} INFO - Started process (PID=125) to work on /home/airflow/.local/lib/python3.8/site-packages/airflow/example_dags/example_params_ui_tutorial.py
[2023-10-11T07:17:53.522+0000] {processor.py:829} INFO - Processing file /home/airflow/.local/lib/python3.8/site-packages/airflow/example_dags/example_params_ui_tutorial.py for tasks to queue
[2023-10-11T07:17:53.524+0000] {logging_mixin.py:151} INFO - [2023-10-11T07:17:53.524+0000] {dagbag.py:539} INFO - Filling up the DagBag from /home/airflow/.local/lib/python3.8/site-packages/airflow/example_dags/example_params_ui_tutorial.py
[2023-10-11T07:17:53.542+0000] {processor.py:839} INFO - DAG(s) dict_keys(['example_params_ui_tutorial']) retrieved from /home/airflow/.local/lib/python3.8/site-packages/airflow/example_dags/example_params_ui_tutorial.py
[2023-10-11T07:17:53.571+0000] {logging_mixin.py:151} INFO - [2023-10-11T07:17:53.570+0000] {dag.py:2915} INFO - Sync 1 DAGs
[2023-10-11T07:17:53.578+0000] {logging_mixin.py:151} INFO - [2023-10-11T07:17:53.578+0000] {dag.py:3696} INFO - Setting next_dagrun for example_params_ui_tutorial to None, run_after=None
[2023-10-11T07:17:53.588+0000] {processor.py:179} INFO - Processing /home/airflow/.local/lib/python3.8/site-packages/airflow/example_dags/example_params_ui_tutorial.py took 0.069 seconds
[2023-10-11T07:18:24.319+0000] {processor.py:157} INFO - Started process (PID=184) to work on /home/airflow/.local/lib/python3.8/site-packages/airflow/example_dags/example_params_ui_tutorial.py
[2023-10-11T07:18:24.319+0000] {processor.py:829} INFO - Processing file /home/airflow/.local/lib/python3.8/site-packages/airflow/example_dags/example_params_ui_tutorial.py for tasks to queue
[2023-10-11T07:18:24.321+0000] {logging_mixin.py:151} INFO - [2023-10-11T07:18:24.321+0000] {dagbag.py:539} INFO - Filling up the DagBag from /home/airflow/.local/lib/python3.8/site-packages/airflow/example_dags/example_params_ui_tutorial.py
[2023-10-11T07:18:24.339+0000] {processor.py:839} INFO - DAG(s) dict_keys(['example_params_ui_tutorial']) retrieved from /home/airflow/.local/lib/python3.8/site-packages/airflow/example_dags/example_params_ui_tutorial.py
[2023-10-11T07:18:24.368+0000] {logging_mixin.py:151} INFO - [2023-10-11T07:18:24.368+0000] {dag.py:2915} INFO - Sync 1 DAGs
[2023-10-11T07:18:24.376+0000] {logging_mixin.py:151} INFO - [2023-10-11T07:18:24.376+0000] {dag.py:3696} INFO - Setting next_dagrun for example_params_ui_tutorial to None, run_after=None
[2023-10-11T07:18:24.386+0000] {processor.py:179} INFO - Processing /home/airflow/.local/lib/python3.8/site-packages/airflow/example_dags/example_params_ui_tutorial.py took 0.069 seconds
[2023-10-11T07:18:55.509+0000] {processor.py:157} INFO - Started process (PID=243) to work on /home/airflow/.local/lib/python3.8/site-packages/airflow/example_dags/example_params_ui_tutorial.py
[2023-10-11T07:18:55.510+0000] {processor.py:829} INFO - Processing file /home/airflow/.local/lib/python3.8/site-packages/airflow/example_dags/example_params_ui_tutorial.py for tasks to queue
[2023-10-11T07:18:55.511+0000] {logging_mixin.py:151} INFO - [2023-10-11T07:18:55.511+0000] {dagbag.py:539} INFO - Filling up the DagBag from /home/airflow/.local/lib/python3.8/site-packages/airflow/example_dags/example_params_ui_tutorial.py
[2023-10-11T07:18:55.529+0000] {processor.py:839} INFO - DAG(s) dict_keys(['example_params_ui_tutorial']) retrieved from /home/airflow/.local/lib/python3.8/site-packages/airflow/example_dags/example_params_ui_tutorial.py
[2023-10-11T07:18:55.558+0000] {logging_mixin.py:151} INFO - [2023-10-11T07:18:55.558+0000] {dag.py:2915} INFO - Sync 1 DAGs
[2023-10-11T07:18:55.566+0000] {logging_mixin.py:151} INFO - [2023-10-11T07:18:55.566+0000] {dag.py:3696} INFO - Setting next_dagrun for example_params_ui_tutorial to None, run_after=None
[2023-10-11T07:18:55.576+0000] {processor.py:179} INFO - Processing /home/airflow/.local/lib/python3.8/site-packages/airflow/example_dags/example_params_ui_tutorial.py took 0.069 seconds
[2023-10-11T07:19:26.670+0000] {processor.py:157} INFO - Started process (PID=302) to work on /home/airflow/.local/lib/python3.8/site-packages/airflow/example_dags/example_params_ui_tutorial.py
[2023-10-11T07:19:26.670+0000] {processor.py:829} INFO - Processing file /home/airflow/.local/lib/python3.8/site-packages/airflow/example_dags/example_params_ui_tutorial.py for tasks to queue
[2023-10-11T07:19:26.672+0000] {logging_mixin.py:151} INFO - [2023-10-11T07:19:26.672+0000] {dagbag.py:539} INFO - Filling up the DagBag from /home/airflow/.local/lib/python3.8/site-packages/airflow/example_dags/example_params_ui_tutorial.py
[2023-10-11T07:19:26.690+0000] {processor.py:839} INFO - DAG(s) dict_keys(['example_params_ui_tutorial']) retrieved from /home/airflow/.local/lib/python3.8/site-packages/airflow/example_dags/example_params_ui_tutorial.py
[2023-10-11T07:19:26.721+0000] {logging_mixin.py:151} INFO - [2023-10-11T07:19:26.721+0000] {dag.py:2915} INFO - Sync 1 DAGs
[2023-10-11T07:19:26.729+0000] {logging_mixin.py:151} INFO - [2023-10-11T07:19:26.729+0000] {dag.py:3696} INFO - Setting next_dagrun for example_params_ui_tutorial to None, run_after=None
[2023-10-11T07:19:26.740+0000] {processor.py:179} INFO - Processing /home/airflow/.local/lib/python3.8/site-packages/airflow/example_dags/example_params_ui_tutorial.py took 0.073 seconds
[2023-10-11T07:19:58.065+0000] {processor.py:157} INFO - Started process (PID=361) to work on /home/airflow/.local/lib/python3.8/site-packages/airflow/example_dags/example_params_ui_tutorial.py
[2023-10-11T07:19:58.066+0000] {processor.py:829} INFO - Processing file /home/airflow/.local/lib/python3.8/site-packages/airflow/example_dags/example_params_ui_tutorial.py for tasks to queue
[2023-10-11T07:19:58.067+0000] {logging_mixin.py:151} INFO - [2023-10-11T07:19:58.067+0000] {dagbag.py:539} INFO - Filling up the DagBag from /home/airflow/.local/lib/python3.8/site-packages/airflow/example_dags/example_params_ui_tutorial.py
[2023-10-11T07:19:58.085+0000] {processor.py:839} INFO - DAG(s) dict_keys(['example_params_ui_tutorial']) retrieved from /home/airflow/.local/lib/python3.8/site-packages/airflow/example_dags/example_params_ui_tutorial.py
[2023-10-11T07:19:58.114+0000] {logging_mixin.py:151} INFO - [2023-10-11T07:19:58.114+0000] {dag.py:2915} INFO - Sync 1 DAGs
[2023-10-11T07:19:58.121+0000] {logging_mixin.py:151} INFO - [2023-10-11T07:19:58.121+0000] {dag.py:3696} INFO - Setting next_dagrun for example_params_ui_tutorial to None, run_after=None
[2023-10-11T07:19:58.133+0000] {processor.py:179} INFO - Processing /home/airflow/.local/lib/python3.8/site-packages/airflow/example_dags/example_params_ui_tutorial.py took 0.070 seconds
[2023-10-11T07:20:28.344+0000] {processor.py:157} INFO - Started process (PID=421) to work on /home/airflow/.local/lib/python3.8/site-packages/airflow/example_dags/example_params_ui_tutorial.py
[2023-10-11T07:20:28.344+0000] {processor.py:829} INFO - Processing file /home/airflow/.local/lib/python3.8/site-packages/airflow/example_dags/example_params_ui_tutorial.py for tasks to queue
[2023-10-11T07:20:28.346+0000] {logging_mixin.py:151} INFO - [2023-10-11T07:20:28.346+0000] {dagbag.py:539} INFO - Filling up the DagBag from /home/airflow/.local/lib/python3.8/site-packages/airflow/example_dags/example_params_ui_tutorial.py
[2023-10-11T07:20:28.364+0000] {processor.py:839} INFO - DAG(s) dict_keys(['example_params_ui_tutorial']) retrieved from /home/airflow/.local/lib/python3.8/site-packages/airflow/example_dags/example_params_ui_tutorial.py
[2023-10-11T07:20:28.393+0000] {logging_mixin.py:151} INFO - [2023-10-11T07:20:28.393+0000] {dag.py:2915} INFO - Sync 1 DAGs
[2023-10-11T07:20:28.400+0000] {logging_mixin.py:151} INFO - [2023-10-11T07:20:28.400+0000] {dag.py:3696} INFO - Setting next_dagrun for example_params_ui_tutorial to None, run_after=None
[2023-10-11T07:20:28.410+0000] {processor.py:179} INFO - Processing /home/airflow/.local/lib/python3.8/site-packages/airflow/example_dags/example_params_ui_tutorial.py took 0.068 seconds
[2023-10-11T07:20:58.673+0000] {processor.py:157} INFO - Started process (PID=480) to work on /home/airflow/.local/lib/python3.8/site-packages/airflow/example_dags/example_params_ui_tutorial.py
[2023-10-11T07:20:58.674+0000] {processor.py:829} INFO - Processing file /home/airflow/.local/lib/python3.8/site-packages/airflow/example_dags/example_params_ui_tutorial.py for tasks to queue
[2023-10-11T07:20:58.675+0000] {logging_mixin.py:151} INFO - [2023-10-11T07:20:58.675+0000] {dagbag.py:539} INFO - Filling up the DagBag from /home/airflow/.local/lib/python3.8/site-packages/airflow/example_dags/example_params_ui_tutorial.py
[2023-10-11T07:20:58.692+0000] {processor.py:839} INFO - DAG(s) dict_keys(['example_params_ui_tutorial']) retrieved from /home/airflow/.local/lib/python3.8/site-packages/airflow/example_dags/example_params_ui_tutorial.py
[2023-10-11T07:20:58.722+0000] {logging_mixin.py:151} INFO - [2023-10-11T07:20:58.722+0000] {dag.py:2915} INFO - Sync 1 DAGs
[2023-10-11T07:20:58.730+0000] {logging_mixin.py:151} INFO - [2023-10-11T07:20:58.729+0000] {dag.py:3696} INFO - Setting next_dagrun for example_params_ui_tutorial to None, run_after=None
[2023-10-11T07:20:58.740+0000] {processor.py:179} INFO - Processing /home/airflow/.local/lib/python3.8/site-packages/airflow/example_dags/example_params_ui_tutorial.py took 0.069 seconds
[2023-10-11T07:21:29.274+0000] {processor.py:157} INFO - Started process (PID=539) to work on /home/airflow/.local/lib/python3.8/site-packages/airflow/example_dags/example_params_ui_tutorial.py
[2023-10-11T07:21:29.275+0000] {processor.py:829} INFO - Processing file /home/airflow/.local/lib/python3.8/site-packages/airflow/example_dags/example_params_ui_tutorial.py for tasks to queue
[2023-10-11T07:21:29.276+0000] {logging_mixin.py:151} INFO - [2023-10-11T07:21:29.276+0000] {dagbag.py:539} INFO - Filling up the DagBag from /home/airflow/.local/lib/python3.8/site-packages/airflow/example_dags/example_params_ui_tutorial.py
[2023-10-11T07:21:29.294+0000] {processor.py:839} INFO - DAG(s) dict_keys(['example_params_ui_tutorial']) retrieved from /home/airflow/.local/lib/python3.8/site-packages/airflow/example_dags/example_params_ui_tutorial.py
[2023-10-11T07:21:29.323+0000] {logging_mixin.py:151} INFO - [2023-10-11T07:21:29.323+0000] {dag.py:2915} INFO - Sync 1 DAGs
[2023-10-11T07:21:29.330+0000] {logging_mixin.py:151} INFO - [2023-10-11T07:21:29.330+0000] {dag.py:3696} INFO - Setting next_dagrun for example_params_ui_tutorial to None, run_after=None
[2023-10-11T07:21:29.342+0000] {processor.py:179} INFO - Processing /home/airflow/.local/lib/python3.8/site-packages/airflow/example_dags/example_params_ui_tutorial.py took 0.070 seconds
[2023-10-11T07:21:59.789+0000] {processor.py:157} INFO - Started process (PID=598) to work on /home/airflow/.local/lib/python3.8/site-packages/airflow/example_dags/example_params_ui_tutorial.py
[2023-10-11T07:21:59.790+0000] {processor.py:829} INFO - Processing file /home/airflow/.local/lib/python3.8/site-packages/airflow/example_dags/example_params_ui_tutorial.py for tasks to queue
[2023-10-11T07:21:59.791+0000] {logging_mixin.py:151} INFO - [2023-10-11T07:21:59.791+0000] {dagbag.py:539} INFO - Filling up the DagBag from /home/airflow/.local/lib/python3.8/site-packages/airflow/example_dags/example_params_ui_tutorial.py
[2023-10-11T07:21:59.809+0000] {processor.py:839} INFO - DAG(s) dict_keys(['example_params_ui_tutorial']) retrieved from /home/airflow/.local/lib/python3.8/site-packages/airflow/example_dags/example_params_ui_tutorial.py
[2023-10-11T07:21:59.838+0000] {logging_mixin.py:151} INFO - [2023-10-11T07:21:59.838+0000] {dag.py:2915} INFO - Sync 1 DAGs
[2023-10-11T07:21:59.846+0000] {logging_mixin.py:151} INFO - [2023-10-11T07:21:59.845+0000] {dag.py:3696} INFO - Setting next_dagrun for example_params_ui_tutorial to None, run_after=None
[2023-10-11T07:21:59.856+0000] {processor.py:179} INFO - Processing /home/airflow/.local/lib/python3.8/site-packages/airflow/example_dags/example_params_ui_tutorial.py took 0.069 seconds
[2023-10-11T07:22:30.021+0000] {processor.py:157} INFO - Started process (PID=656) to work on /home/airflow/.local/lib/python3.8/site-packages/airflow/example_dags/example_params_ui_tutorial.py
[2023-10-11T07:22:30.021+0000] {processor.py:829} INFO - Processing file /home/airflow/.local/lib/python3.8/site-packages/airflow/example_dags/example_params_ui_tutorial.py for tasks to queue
[2023-10-11T07:22:30.023+0000] {logging_mixin.py:151} INFO - [2023-10-11T07:22:30.023+0000] {dagbag.py:539} INFO - Filling up the DagBag from /home/airflow/.local/lib/python3.8/site-packages/airflow/example_dags/example_params_ui_tutorial.py
[2023-10-11T07:22:30.041+0000] {processor.py:839} INFO - DAG(s) dict_keys(['example_params_ui_tutorial']) retrieved from /home/airflow/.local/lib/python3.8/site-packages/airflow/example_dags/example_params_ui_tutorial.py
[2023-10-11T07:22:30.070+0000] {logging_mixin.py:151} INFO - [2023-10-11T07:22:30.070+0000] {dag.py:2915} INFO - Sync 1 DAGs
[2023-10-11T07:22:30.077+0000] {logging_mixin.py:151} INFO - [2023-10-11T07:22:30.077+0000] {dag.py:3696} INFO - Setting next_dagrun for example_params_ui_tutorial to None, run_after=None
[2023-10-11T07:22:30.087+0000] {processor.py:179} INFO - Processing /home/airflow/.local/lib/python3.8/site-packages/airflow/example_dags/example_params_ui_tutorial.py took 0.069 seconds
[2023-10-11T07:23:00.253+0000] {processor.py:157} INFO - Started process (PID=710) to work on /home/airflow/.local/lib/python3.8/site-packages/airflow/example_dags/example_params_ui_tutorial.py
[2023-10-11T07:23:00.254+0000] {processor.py:829} INFO - Processing file /home/airflow/.local/lib/python3.8/site-packages/airflow/example_dags/example_params_ui_tutorial.py for tasks to queue
[2023-10-11T07:23:00.255+0000] {logging_mixin.py:151} INFO - [2023-10-11T07:23:00.255+0000] {dagbag.py:539} INFO - Filling up the DagBag from /home/airflow/.local/lib/python3.8/site-packages/airflow/example_dags/example_params_ui_tutorial.py
[2023-10-11T07:23:00.273+0000] {processor.py:839} INFO - DAG(s) dict_keys(['example_params_ui_tutorial']) retrieved from /home/airflow/.local/lib/python3.8/site-packages/airflow/example_dags/example_params_ui_tutorial.py
[2023-10-11T07:23:00.303+0000] {logging_mixin.py:151} INFO - [2023-10-11T07:23:00.303+0000] {dag.py:2915} INFO - Sync 1 DAGs
[2023-10-11T07:23:00.311+0000] {logging_mixin.py:151} INFO - [2023-10-11T07:23:00.311+0000] {dag.py:3696} INFO - Setting next_dagrun for example_params_ui_tutorial to None, run_after=None
[2023-10-11T07:23:00.321+0000] {processor.py:179} INFO - Processing /home/airflow/.local/lib/python3.8/site-packages/airflow/example_dags/example_params_ui_tutorial.py took 0.070 seconds
[2023-10-11T07:23:30.616+0000] {processor.py:157} INFO - Started process (PID=769) to work on /home/airflow/.local/lib/python3.8/site-packages/airflow/example_dags/example_params_ui_tutorial.py
[2023-10-11T07:23:30.617+0000] {processor.py:829} INFO - Processing file /home/airflow/.local/lib/python3.8/site-packages/airflow/example_dags/example_params_ui_tutorial.py for tasks to queue
[2023-10-11T07:23:30.618+0000] {logging_mixin.py:151} INFO - [2023-10-11T07:23:30.618+0000] {dagbag.py:539} INFO - Filling up the DagBag from /home/airflow/.local/lib/python3.8/site-packages/airflow/example_dags/example_params_ui_tutorial.py
[2023-10-11T07:23:30.638+0000] {processor.py:839} INFO - DAG(s) dict_keys(['example_params_ui_tutorial']) retrieved from /home/airflow/.local/lib/python3.8/site-packages/airflow/example_dags/example_params_ui_tutorial.py
[2023-10-11T07:23:30.685+0000] {logging_mixin.py:151} INFO - [2023-10-11T07:23:30.685+0000] {dag.py:2915} INFO - Sync 1 DAGs
[2023-10-11T07:23:30.694+0000] {logging_mixin.py:151} INFO - [2023-10-11T07:23:30.693+0000] {dag.py:3696} INFO - Setting next_dagrun for example_params_ui_tutorial to None, run_after=None
[2023-10-11T07:23:30.704+0000] {processor.py:179} INFO - Processing /home/airflow/.local/lib/python3.8/site-packages/airflow/example_dags/example_params_ui_tutorial.py took 0.091 seconds
[2023-10-11T07:24:01.234+0000] {processor.py:157} INFO - Started process (PID=828) to work on /home/airflow/.local/lib/python3.8/site-packages/airflow/example_dags/example_params_ui_tutorial.py
[2023-10-11T07:24:01.234+0000] {processor.py:829} INFO - Processing file /home/airflow/.local/lib/python3.8/site-packages/airflow/example_dags/example_params_ui_tutorial.py for tasks to queue
[2023-10-11T07:24:01.236+0000] {logging_mixin.py:151} INFO - [2023-10-11T07:24:01.236+0000] {dagbag.py:539} INFO - Filling up the DagBag from /home/airflow/.local/lib/python3.8/site-packages/airflow/example_dags/example_params_ui_tutorial.py
[2023-10-11T07:24:01.254+0000] {processor.py:839} INFO - DAG(s) dict_keys(['example_params_ui_tutorial']) retrieved from /home/airflow/.local/lib/python3.8/site-packages/airflow/example_dags/example_params_ui_tutorial.py
[2023-10-11T07:24:01.283+0000] {logging_mixin.py:151} INFO - [2023-10-11T07:24:01.283+0000] {dag.py:2915} INFO - Sync 1 DAGs
[2023-10-11T07:24:01.290+0000] {logging_mixin.py:151} INFO - [2023-10-11T07:24:01.290+0000] {dag.py:3696} INFO - Setting next_dagrun for example_params_ui_tutorial to None, run_after=None
[2023-10-11T07:24:01.302+0000] {processor.py:179} INFO - Processing /home/airflow/.local/lib/python3.8/site-packages/airflow/example_dags/example_params_ui_tutorial.py took 0.070 seconds
[2023-10-11T07:24:31.343+0000] {processor.py:157} INFO - Started process (PID=888) to work on /home/airflow/.local/lib/python3.8/site-packages/airflow/example_dags/example_params_ui_tutorial.py
[2023-10-11T07:24:31.344+0000] {processor.py:829} INFO - Processing file /home/airflow/.local/lib/python3.8/site-packages/airflow/example_dags/example_params_ui_tutorial.py for tasks to queue
[2023-10-11T07:24:31.346+0000] {logging_mixin.py:151} INFO - [2023-10-11T07:24:31.345+0000] {dagbag.py:539} INFO - Filling up the DagBag from /home/airflow/.local/lib/python3.8/site-packages/airflow/example_dags/example_params_ui_tutorial.py
[2023-10-11T07:24:31.364+0000] {processor.py:839} INFO - DAG(s) dict_keys(['example_params_ui_tutorial']) retrieved from /home/airflow/.local/lib/python3.8/site-packages/airflow/example_dags/example_params_ui_tutorial.py
[2023-10-11T07:24:31.394+0000] {logging_mixin.py:151} INFO - [2023-10-11T07:24:31.394+0000] {dag.py:2915} INFO - Sync 1 DAGs
[2023-10-11T07:24:31.402+0000] {logging_mixin.py:151} INFO - [2023-10-11T07:24:31.402+0000] {dag.py:3696} INFO - Setting next_dagrun for example_params_ui_tutorial to None, run_after=None
[2023-10-11T07:24:31.412+0000] {processor.py:179} INFO - Processing /home/airflow/.local/lib/python3.8/site-packages/airflow/example_dags/example_params_ui_tutorial.py took 0.072 seconds
[2023-10-11T07:25:02.584+0000] {processor.py:157} INFO - Started process (PID=946) to work on /home/airflow/.local/lib/python3.8/site-packages/airflow/example_dags/example_params_ui_tutorial.py
[2023-10-11T07:25:02.584+0000] {processor.py:829} INFO - Processing file /home/airflow/.local/lib/python3.8/site-packages/airflow/example_dags/example_params_ui_tutorial.py for tasks to queue
[2023-10-11T07:25:02.586+0000] {logging_mixin.py:151} INFO - [2023-10-11T07:25:02.586+0000] {dagbag.py:539} INFO - Filling up the DagBag from /home/airflow/.local/lib/python3.8/site-packages/airflow/example_dags/example_params_ui_tutorial.py
[2023-10-11T07:25:02.604+0000] {processor.py:839} INFO - DAG(s) dict_keys(['example_params_ui_tutorial']) retrieved from /home/airflow/.local/lib/python3.8/site-packages/airflow/example_dags/example_params_ui_tutorial.py
[2023-10-11T07:25:02.633+0000] {logging_mixin.py:151} INFO - [2023-10-11T07:25:02.633+0000] {dag.py:2915} INFO - Sync 1 DAGs
[2023-10-11T07:25:02.641+0000] {logging_mixin.py:151} INFO - [2023-10-11T07:25:02.641+0000] {dag.py:3696} INFO - Setting next_dagrun for example_params_ui_tutorial to None, run_after=None
[2023-10-11T07:25:02.651+0000] {processor.py:179} INFO - Processing /home/airflow/.local/lib/python3.8/site-packages/airflow/example_dags/example_params_ui_tutorial.py took 0.069 seconds
[2023-10-11T07:25:33.713+0000] {processor.py:157} INFO - Started process (PID=1005) to work on /home/airflow/.local/lib/python3.8/site-packages/airflow/example_dags/example_params_ui_tutorial.py
[2023-10-11T07:25:33.713+0000] {processor.py:829} INFO - Processing file /home/airflow/.local/lib/python3.8/site-packages/airflow/example_dags/example_params_ui_tutorial.py for tasks to queue
[2023-10-11T07:25:33.715+0000] {logging_mixin.py:151} INFO - [2023-10-11T07:25:33.715+0000] {dagbag.py:539} INFO - Filling up the DagBag from /home/airflow/.local/lib/python3.8/site-packages/airflow/example_dags/example_params_ui_tutorial.py
[2023-10-11T07:25:33.733+0000] {processor.py:839} INFO - DAG(s) dict_keys(['example_params_ui_tutorial']) retrieved from /home/airflow/.local/lib/python3.8/site-packages/airflow/example_dags/example_params_ui_tutorial.py
[2023-10-11T07:25:33.762+0000] {logging_mixin.py:151} INFO - [2023-10-11T07:25:33.762+0000] {dag.py:2915} INFO - Sync 1 DAGs
[2023-10-11T07:25:33.769+0000] {logging_mixin.py:151} INFO - [2023-10-11T07:25:33.769+0000] {dag.py:3696} INFO - Setting next_dagrun for example_params_ui_tutorial to None, run_after=None
[2023-10-11T07:25:33.779+0000] {processor.py:179} INFO - Processing /home/airflow/.local/lib/python3.8/site-packages/airflow/example_dags/example_params_ui_tutorial.py took 0.068 seconds
[2023-10-11T07:26:04.837+0000] {processor.py:157} INFO - Started process (PID=1064) to work on /home/airflow/.local/lib/python3.8/site-packages/airflow/example_dags/example_params_ui_tutorial.py
[2023-10-11T07:26:04.838+0000] {processor.py:829} INFO - Processing file /home/airflow/.local/lib/python3.8/site-packages/airflow/example_dags/example_params_ui_tutorial.py for tasks to queue
[2023-10-11T07:26:04.839+0000] {logging_mixin.py:151} INFO - [2023-10-11T07:26:04.839+0000] {dagbag.py:539} INFO - Filling up the DagBag from /home/airflow/.local/lib/python3.8/site-packages/airflow/example_dags/example_params_ui_tutorial.py
[2023-10-11T07:26:04.858+0000] {processor.py:839} INFO - DAG(s) dict_keys(['example_params_ui_tutorial']) retrieved from /home/airflow/.local/lib/python3.8/site-packages/airflow/example_dags/example_params_ui_tutorial.py
[2023-10-11T07:26:04.892+0000] {logging_mixin.py:151} INFO - [2023-10-11T07:26:04.892+0000] {dag.py:2915} INFO - Sync 1 DAGs
[2023-10-11T07:26:04.900+0000] {logging_mixin.py:151} INFO - [2023-10-11T07:26:04.900+0000] {dag.py:3696} INFO - Setting next_dagrun for example_params_ui_tutorial to None, run_after=None
[2023-10-11T07:26:04.911+0000] {processor.py:179} INFO - Processing /home/airflow/.local/lib/python3.8/site-packages/airflow/example_dags/example_params_ui_tutorial.py took 0.076 seconds
[2023-10-11T07:26:35.948+0000] {processor.py:157} INFO - Started process (PID=1123) to work on /home/airflow/.local/lib/python3.8/site-packages/airflow/example_dags/example_params_ui_tutorial.py
[2023-10-11T07:26:35.949+0000] {processor.py:829} INFO - Processing file /home/airflow/.local/lib/python3.8/site-packages/airflow/example_dags/example_params_ui_tutorial.py for tasks to queue
[2023-10-11T07:26:35.950+0000] {logging_mixin.py:151} INFO - [2023-10-11T07:26:35.950+0000] {dagbag.py:539} INFO - Filling up the DagBag from /home/airflow/.local/lib/python3.8/site-packages/airflow/example_dags/example_params_ui_tutorial.py
[2023-10-11T07:26:35.968+0000] {processor.py:839} INFO - DAG(s) dict_keys(['example_params_ui_tutorial']) retrieved from /home/airflow/.local/lib/python3.8/site-packages/airflow/example_dags/example_params_ui_tutorial.py
[2023-10-11T07:26:35.997+0000] {logging_mixin.py:151} INFO - [2023-10-11T07:26:35.997+0000] {dag.py:2915} INFO - Sync 1 DAGs
[2023-10-11T07:26:36.005+0000] {logging_mixin.py:151} INFO - [2023-10-11T07:26:36.004+0000] {dag.py:3696} INFO - Setting next_dagrun for example_params_ui_tutorial to None, run_after=None
[2023-10-11T07:26:36.014+0000] {processor.py:179} INFO - Processing /home/airflow/.local/lib/python3.8/site-packages/airflow/example_dags/example_params_ui_tutorial.py took 0.068 seconds
[2023-10-11T07:27:06.403+0000] {processor.py:157} INFO - Started process (PID=1182) to work on /home/airflow/.local/lib/python3.8/site-packages/airflow/example_dags/example_params_ui_tutorial.py
[2023-10-11T07:27:06.404+0000] {processor.py:829} INFO - Processing file /home/airflow/.local/lib/python3.8/site-packages/airflow/example_dags/example_params_ui_tutorial.py for tasks to queue
[2023-10-11T07:27:06.405+0000] {logging_mixin.py:151} INFO - [2023-10-11T07:27:06.405+0000] {dagbag.py:539} INFO - Filling up the DagBag from /home/airflow/.local/lib/python3.8/site-packages/airflow/example_dags/example_params_ui_tutorial.py
[2023-10-11T07:27:06.422+0000] {processor.py:839} INFO - DAG(s) dict_keys(['example_params_ui_tutorial']) retrieved from /home/airflow/.local/lib/python3.8/site-packages/airflow/example_dags/example_params_ui_tutorial.py
[2023-10-11T07:27:06.452+0000] {logging_mixin.py:151} INFO - [2023-10-11T07:27:06.452+0000] {dag.py:2915} INFO - Sync 1 DAGs
[2023-10-11T07:27:06.459+0000] {logging_mixin.py:151} INFO - [2023-10-11T07:27:06.459+0000] {dag.py:3696} INFO - Setting next_dagrun for example_params_ui_tutorial to None, run_after=None
[2023-10-11T07:27:06.470+0000] {processor.py:179} INFO - Processing /home/airflow/.local/lib/python3.8/site-packages/airflow/example_dags/example_params_ui_tutorial.py took 0.070 seconds
[2023-10-11T07:27:37.131+0000] {processor.py:157} INFO - Started process (PID=1241) to work on /home/airflow/.local/lib/python3.8/site-packages/airflow/example_dags/example_params_ui_tutorial.py
[2023-10-11T07:27:37.132+0000] {processor.py:829} INFO - Processing file /home/airflow/.local/lib/python3.8/site-packages/airflow/example_dags/example_params_ui_tutorial.py for tasks to queue
[2023-10-11T07:27:37.134+0000] {logging_mixin.py:151} INFO - [2023-10-11T07:27:37.134+0000] {dagbag.py:539} INFO - Filling up the DagBag from /home/airflow/.local/lib/python3.8/site-packages/airflow/example_dags/example_params_ui_tutorial.py
[2023-10-11T07:27:37.152+0000] {processor.py:839} INFO - DAG(s) dict_keys(['example_params_ui_tutorial']) retrieved from /home/airflow/.local/lib/python3.8/site-packages/airflow/example_dags/example_params_ui_tutorial.py
[2023-10-11T07:27:37.181+0000] {logging_mixin.py:151} INFO - [2023-10-11T07:27:37.181+0000] {dag.py:2915} INFO - Sync 1 DAGs
[2023-10-11T07:27:37.189+0000] {logging_mixin.py:151} INFO - [2023-10-11T07:27:37.188+0000] {dag.py:3696} INFO - Setting next_dagrun for example_params_ui_tutorial to None, run_after=None
[2023-10-11T07:27:37.199+0000] {processor.py:179} INFO - Processing /home/airflow/.local/lib/python3.8/site-packages/airflow/example_dags/example_params_ui_tutorial.py took 0.069 seconds
[2023-10-11T07:28:08.247+0000] {processor.py:157} INFO - Started process (PID=1300) to work on /home/airflow/.local/lib/python3.8/site-packages/airflow/example_dags/example_params_ui_tutorial.py
[2023-10-11T07:28:08.247+0000] {processor.py:829} INFO - Processing file /home/airflow/.local/lib/python3.8/site-packages/airflow/example_dags/example_params_ui_tutorial.py for tasks to queue
[2023-10-11T07:28:08.249+0000] {logging_mixin.py:151} INFO - [2023-10-11T07:28:08.249+0000] {dagbag.py:539} INFO - Filling up the DagBag from /home/airflow/.local/lib/python3.8/site-packages/airflow/example_dags/example_params_ui_tutorial.py
[2023-10-11T07:28:08.267+0000] {processor.py:839} INFO - DAG(s) dict_keys(['example_params_ui_tutorial']) retrieved from /home/airflow/.local/lib/python3.8/site-packages/airflow/example_dags/example_params_ui_tutorial.py
[2023-10-11T07:28:08.297+0000] {logging_mixin.py:151} INFO - [2023-10-11T07:28:08.296+0000] {dag.py:2915} INFO - Sync 1 DAGs
[2023-10-11T07:28:08.304+0000] {logging_mixin.py:151} INFO - [2023-10-11T07:28:08.304+0000] {dag.py:3696} INFO - Setting next_dagrun for example_params_ui_tutorial to None, run_after=None
[2023-10-11T07:28:08.314+0000] {processor.py:179} INFO - Processing /home/airflow/.local/lib/python3.8/site-packages/airflow/example_dags/example_params_ui_tutorial.py took 0.070 seconds
[2023-10-11T07:28:38.727+0000] {processor.py:157} INFO - Started process (PID=1359) to work on /home/airflow/.local/lib/python3.8/site-packages/airflow/example_dags/example_params_ui_tutorial.py
[2023-10-11T07:28:38.727+0000] {processor.py:829} INFO - Processing file /home/airflow/.local/lib/python3.8/site-packages/airflow/example_dags/example_params_ui_tutorial.py for tasks to queue
[2023-10-11T07:28:38.729+0000] {logging_mixin.py:151} INFO - [2023-10-11T07:28:38.729+0000] {dagbag.py:539} INFO - Filling up the DagBag from /home/airflow/.local/lib/python3.8/site-packages/airflow/example_dags/example_params_ui_tutorial.py
[2023-10-11T07:28:38.747+0000] {processor.py:839} INFO - DAG(s) dict_keys(['example_params_ui_tutorial']) retrieved from /home/airflow/.local/lib/python3.8/site-packages/airflow/example_dags/example_params_ui_tutorial.py
[2023-10-11T07:28:38.776+0000] {logging_mixin.py:151} INFO - [2023-10-11T07:28:38.776+0000] {dag.py:2915} INFO - Sync 1 DAGs
[2023-10-11T07:28:38.783+0000] {logging_mixin.py:151} INFO - [2023-10-11T07:28:38.783+0000] {dag.py:3696} INFO - Setting next_dagrun for example_params_ui_tutorial to None, run_after=None
[2023-10-11T07:28:38.793+0000] {processor.py:179} INFO - Processing /home/airflow/.local/lib/python3.8/site-packages/airflow/example_dags/example_params_ui_tutorial.py took 0.068 seconds
[2023-10-11T07:29:09.913+0000] {processor.py:157} INFO - Started process (PID=1418) to work on /home/airflow/.local/lib/python3.8/site-packages/airflow/example_dags/example_params_ui_tutorial.py
[2023-10-11T07:29:09.914+0000] {processor.py:829} INFO - Processing file /home/airflow/.local/lib/python3.8/site-packages/airflow/example_dags/example_params_ui_tutorial.py for tasks to queue
[2023-10-11T07:29:09.916+0000] {logging_mixin.py:151} INFO - [2023-10-11T07:29:09.915+0000] {dagbag.py:539} INFO - Filling up the DagBag from /home/airflow/.local/lib/python3.8/site-packages/airflow/example_dags/example_params_ui_tutorial.py
[2023-10-11T07:29:09.934+0000] {processor.py:839} INFO - DAG(s) dict_keys(['example_params_ui_tutorial']) retrieved from /home/airflow/.local/lib/python3.8/site-packages/airflow/example_dags/example_params_ui_tutorial.py
[2023-10-11T07:29:09.963+0000] {logging_mixin.py:151} INFO - [2023-10-11T07:29:09.963+0000] {dag.py:2915} INFO - Sync 1 DAGs
[2023-10-11T07:29:09.971+0000] {logging_mixin.py:151} INFO - [2023-10-11T07:29:09.971+0000] {dag.py:3696} INFO - Setting next_dagrun for example_params_ui_tutorial to None, run_after=None
[2023-10-11T07:29:09.980+0000] {processor.py:179} INFO - Processing /home/airflow/.local/lib/python3.8/site-packages/airflow/example_dags/example_params_ui_tutorial.py took 0.068 seconds
[2023-10-11T07:29:40.937+0000] {processor.py:157} INFO - Started process (PID=1477) to work on /home/airflow/.local/lib/python3.8/site-packages/airflow/example_dags/example_params_ui_tutorial.py
[2023-10-11T07:29:40.938+0000] {processor.py:829} INFO - Processing file /home/airflow/.local/lib/python3.8/site-packages/airflow/example_dags/example_params_ui_tutorial.py for tasks to queue
[2023-10-11T07:29:40.939+0000] {logging_mixin.py:151} INFO - [2023-10-11T07:29:40.939+0000] {dagbag.py:539} INFO - Filling up the DagBag from /home/airflow/.local/lib/python3.8/site-packages/airflow/example_dags/example_params_ui_tutorial.py
[2023-10-11T07:29:40.958+0000] {processor.py:839} INFO - DAG(s) dict_keys(['example_params_ui_tutorial']) retrieved from /home/airflow/.local/lib/python3.8/site-packages/airflow/example_dags/example_params_ui_tutorial.py
[2023-10-11T07:29:40.992+0000] {logging_mixin.py:151} INFO - [2023-10-11T07:29:40.992+0000] {dag.py:2915} INFO - Sync 1 DAGs
[2023-10-11T07:29:41.001+0000] {logging_mixin.py:151} INFO - [2023-10-11T07:29:41.001+0000] {dag.py:3696} INFO - Setting next_dagrun for example_params_ui_tutorial to None, run_after=None
[2023-10-11T07:29:41.014+0000] {processor.py:179} INFO - Processing /home/airflow/.local/lib/python3.8/site-packages/airflow/example_dags/example_params_ui_tutorial.py took 0.079 seconds
[2023-10-11T07:30:11.867+0000] {processor.py:157} INFO - Started process (PID=1536) to work on /home/airflow/.local/lib/python3.8/site-packages/airflow/example_dags/example_params_ui_tutorial.py
[2023-10-11T07:30:11.868+0000] {processor.py:829} INFO - Processing file /home/airflow/.local/lib/python3.8/site-packages/airflow/example_dags/example_params_ui_tutorial.py for tasks to queue
[2023-10-11T07:30:11.870+0000] {logging_mixin.py:151} INFO - [2023-10-11T07:30:11.869+0000] {dagbag.py:539} INFO - Filling up the DagBag from /home/airflow/.local/lib/python3.8/site-packages/airflow/example_dags/example_params_ui_tutorial.py
[2023-10-11T07:30:11.889+0000] {processor.py:839} INFO - DAG(s) dict_keys(['example_params_ui_tutorial']) retrieved from /home/airflow/.local/lib/python3.8/site-packages/airflow/example_dags/example_params_ui_tutorial.py
[2023-10-11T07:30:11.925+0000] {logging_mixin.py:151} INFO - [2023-10-11T07:30:11.925+0000] {dag.py:2915} INFO - Sync 1 DAGs
[2023-10-11T07:30:11.934+0000] {logging_mixin.py:151} INFO - [2023-10-11T07:30:11.933+0000] {dag.py:3696} INFO - Setting next_dagrun for example_params_ui_tutorial to None, run_after=None
[2023-10-11T07:30:11.944+0000] {processor.py:179} INFO - Processing /home/airflow/.local/lib/python3.8/site-packages/airflow/example_dags/example_params_ui_tutorial.py took 0.079 seconds
[2023-10-11T07:30:42.073+0000] {processor.py:157} INFO - Started process (PID=1594) to work on /home/airflow/.local/lib/python3.8/site-packages/airflow/example_dags/example_params_ui_tutorial.py
[2023-10-11T07:30:42.074+0000] {processor.py:829} INFO - Processing file /home/airflow/.local/lib/python3.8/site-packages/airflow/example_dags/example_params_ui_tutorial.py for tasks to queue
[2023-10-11T07:30:42.076+0000] {logging_mixin.py:151} INFO - [2023-10-11T07:30:42.075+0000] {dagbag.py:539} INFO - Filling up the DagBag from /home/airflow/.local/lib/python3.8/site-packages/airflow/example_dags/example_params_ui_tutorial.py
[2023-10-11T07:30:42.094+0000] {processor.py:839} INFO - DAG(s) dict_keys(['example_params_ui_tutorial']) retrieved from /home/airflow/.local/lib/python3.8/site-packages/airflow/example_dags/example_params_ui_tutorial.py
[2023-10-11T07:30:42.133+0000] {logging_mixin.py:151} INFO - [2023-10-11T07:30:42.133+0000] {dag.py:2915} INFO - Sync 1 DAGs
[2023-10-11T07:30:42.141+0000] {logging_mixin.py:151} INFO - [2023-10-11T07:30:42.141+0000] {dag.py:3696} INFO - Setting next_dagrun for example_params_ui_tutorial to None, run_after=None
[2023-10-11T07:30:42.156+0000] {processor.py:179} INFO - Processing /home/airflow/.local/lib/python3.8/site-packages/airflow/example_dags/example_params_ui_tutorial.py took 0.085 seconds
[2023-10-11T07:31:12.377+0000] {processor.py:157} INFO - Started process (PID=1659) to work on /home/airflow/.local/lib/python3.8/site-packages/airflow/example_dags/example_params_ui_tutorial.py
[2023-10-11T07:31:12.377+0000] {processor.py:829} INFO - Processing file /home/airflow/.local/lib/python3.8/site-packages/airflow/example_dags/example_params_ui_tutorial.py for tasks to queue
[2023-10-11T07:31:12.379+0000] {logging_mixin.py:151} INFO - [2023-10-11T07:31:12.379+0000] {dagbag.py:539} INFO - Filling up the DagBag from /home/airflow/.local/lib/python3.8/site-packages/airflow/example_dags/example_params_ui_tutorial.py
[2023-10-11T07:31:12.397+0000] {processor.py:839} INFO - DAG(s) dict_keys(['example_params_ui_tutorial']) retrieved from /home/airflow/.local/lib/python3.8/site-packages/airflow/example_dags/example_params_ui_tutorial.py
[2023-10-11T07:31:12.426+0000] {logging_mixin.py:151} INFO - [2023-10-11T07:31:12.426+0000] {dag.py:2915} INFO - Sync 1 DAGs
[2023-10-11T07:31:12.434+0000] {logging_mixin.py:151} INFO - [2023-10-11T07:31:12.434+0000] {dag.py:3696} INFO - Setting next_dagrun for example_params_ui_tutorial to None, run_after=None
[2023-10-11T07:31:12.444+0000] {processor.py:179} INFO - Processing /home/airflow/.local/lib/python3.8/site-packages/airflow/example_dags/example_params_ui_tutorial.py took 0.069 seconds
[2023-10-11T07:31:42.609+0000] {processor.py:157} INFO - Started process (PID=1718) to work on /home/airflow/.local/lib/python3.8/site-packages/airflow/example_dags/example_params_ui_tutorial.py
[2023-10-11T07:31:42.610+0000] {processor.py:829} INFO - Processing file /home/airflow/.local/lib/python3.8/site-packages/airflow/example_dags/example_params_ui_tutorial.py for tasks to queue
[2023-10-11T07:31:42.611+0000] {logging_mixin.py:151} INFO - [2023-10-11T07:31:42.611+0000] {dagbag.py:539} INFO - Filling up the DagBag from /home/airflow/.local/lib/python3.8/site-packages/airflow/example_dags/example_params_ui_tutorial.py
[2023-10-11T07:31:42.629+0000] {processor.py:839} INFO - DAG(s) dict_keys(['example_params_ui_tutorial']) retrieved from /home/airflow/.local/lib/python3.8/site-packages/airflow/example_dags/example_params_ui_tutorial.py
[2023-10-11T07:31:42.658+0000] {logging_mixin.py:151} INFO - [2023-10-11T07:31:42.658+0000] {dag.py:2915} INFO - Sync 1 DAGs
[2023-10-11T07:31:42.666+0000] {logging_mixin.py:151} INFO - [2023-10-11T07:31:42.666+0000] {dag.py:3696} INFO - Setting next_dagrun for example_params_ui_tutorial to None, run_after=None
[2023-10-11T07:31:42.676+0000] {processor.py:179} INFO - Processing /home/airflow/.local/lib/python3.8/site-packages/airflow/example_dags/example_params_ui_tutorial.py took 0.070 seconds
[2023-10-11T07:32:13.781+0000] {processor.py:157} INFO - Started process (PID=1777) to work on /home/airflow/.local/lib/python3.8/site-packages/airflow/example_dags/example_params_ui_tutorial.py
[2023-10-11T07:32:13.781+0000] {processor.py:829} INFO - Processing file /home/airflow/.local/lib/python3.8/site-packages/airflow/example_dags/example_params_ui_tutorial.py for tasks to queue
[2023-10-11T07:32:13.783+0000] {logging_mixin.py:151} INFO - [2023-10-11T07:32:13.783+0000] {dagbag.py:539} INFO - Filling up the DagBag from /home/airflow/.local/lib/python3.8/site-packages/airflow/example_dags/example_params_ui_tutorial.py
[2023-10-11T07:32:13.802+0000] {processor.py:839} INFO - DAG(s) dict_keys(['example_params_ui_tutorial']) retrieved from /home/airflow/.local/lib/python3.8/site-packages/airflow/example_dags/example_params_ui_tutorial.py
[2023-10-11T07:32:13.834+0000] {logging_mixin.py:151} INFO - [2023-10-11T07:32:13.834+0000] {dag.py:2915} INFO - Sync 1 DAGs
[2023-10-11T07:32:13.844+0000] {logging_mixin.py:151} INFO - [2023-10-11T07:32:13.844+0000] {dag.py:3696} INFO - Setting next_dagrun for example_params_ui_tutorial to None, run_after=None
[2023-10-11T07:32:13.854+0000] {processor.py:179} INFO - Processing /home/airflow/.local/lib/python3.8/site-packages/airflow/example_dags/example_params_ui_tutorial.py took 0.076 seconds
[2023-10-11T07:32:44.994+0000] {processor.py:157} INFO - Started process (PID=1836) to work on /home/airflow/.local/lib/python3.8/site-packages/airflow/example_dags/example_params_ui_tutorial.py
[2023-10-11T07:32:44.994+0000] {processor.py:829} INFO - Processing file /home/airflow/.local/lib/python3.8/site-packages/airflow/example_dags/example_params_ui_tutorial.py for tasks to queue
[2023-10-11T07:32:44.996+0000] {logging_mixin.py:151} INFO - [2023-10-11T07:32:44.996+0000] {dagbag.py:539} INFO - Filling up the DagBag from /home/airflow/.local/lib/python3.8/site-packages/airflow/example_dags/example_params_ui_tutorial.py
[2023-10-11T07:32:45.015+0000] {processor.py:839} INFO - DAG(s) dict_keys(['example_params_ui_tutorial']) retrieved from /home/airflow/.local/lib/python3.8/site-packages/airflow/example_dags/example_params_ui_tutorial.py
[2023-10-11T07:32:45.044+0000] {logging_mixin.py:151} INFO - [2023-10-11T07:32:45.044+0000] {dag.py:2915} INFO - Sync 1 DAGs
[2023-10-11T07:32:45.052+0000] {logging_mixin.py:151} INFO - [2023-10-11T07:32:45.051+0000] {dag.py:3696} INFO - Setting next_dagrun for example_params_ui_tutorial to None, run_after=None
[2023-10-11T07:32:45.061+0000] {processor.py:179} INFO - Processing /home/airflow/.local/lib/python3.8/site-packages/airflow/example_dags/example_params_ui_tutorial.py took 0.070 seconds
[2023-10-11T07:33:15.193+0000] {processor.py:157} INFO - Started process (PID=1896) to work on /home/airflow/.local/lib/python3.8/site-packages/airflow/example_dags/example_params_ui_tutorial.py
[2023-10-11T07:33:15.194+0000] {processor.py:829} INFO - Processing file /home/airflow/.local/lib/python3.8/site-packages/airflow/example_dags/example_params_ui_tutorial.py for tasks to queue
[2023-10-11T07:33:15.196+0000] {logging_mixin.py:151} INFO - [2023-10-11T07:33:15.195+0000] {dagbag.py:539} INFO - Filling up the DagBag from /home/airflow/.local/lib/python3.8/site-packages/airflow/example_dags/example_params_ui_tutorial.py
[2023-10-11T07:33:15.214+0000] {processor.py:839} INFO - DAG(s) dict_keys(['example_params_ui_tutorial']) retrieved from /home/airflow/.local/lib/python3.8/site-packages/airflow/example_dags/example_params_ui_tutorial.py
[2023-10-11T07:33:15.244+0000] {logging_mixin.py:151} INFO - [2023-10-11T07:33:15.243+0000] {dag.py:2915} INFO - Sync 1 DAGs
[2023-10-11T07:33:15.252+0000] {logging_mixin.py:151} INFO - [2023-10-11T07:33:15.252+0000] {dag.py:3696} INFO - Setting next_dagrun for example_params_ui_tutorial to None, run_after=None
[2023-10-11T07:33:15.262+0000] {processor.py:179} INFO - Processing /home/airflow/.local/lib/python3.8/site-packages/airflow/example_dags/example_params_ui_tutorial.py took 0.071 seconds
[2023-10-11T07:33:46.558+0000] {processor.py:157} INFO - Started process (PID=1955) to work on /home/airflow/.local/lib/python3.8/site-packages/airflow/example_dags/example_params_ui_tutorial.py
[2023-10-11T07:33:46.559+0000] {processor.py:829} INFO - Processing file /home/airflow/.local/lib/python3.8/site-packages/airflow/example_dags/example_params_ui_tutorial.py for tasks to queue
[2023-10-11T07:33:46.560+0000] {logging_mixin.py:151} INFO - [2023-10-11T07:33:46.560+0000] {dagbag.py:539} INFO - Filling up the DagBag from /home/airflow/.local/lib/python3.8/site-packages/airflow/example_dags/example_params_ui_tutorial.py
[2023-10-11T07:33:46.579+0000] {processor.py:839} INFO - DAG(s) dict_keys(['example_params_ui_tutorial']) retrieved from /home/airflow/.local/lib/python3.8/site-packages/airflow/example_dags/example_params_ui_tutorial.py
[2023-10-11T07:33:46.609+0000] {logging_mixin.py:151} INFO - [2023-10-11T07:33:46.609+0000] {dag.py:2915} INFO - Sync 1 DAGs
[2023-10-11T07:33:46.617+0000] {logging_mixin.py:151} INFO - [2023-10-11T07:33:46.617+0000] {dag.py:3696} INFO - Setting next_dagrun for example_params_ui_tutorial to None, run_after=None
[2023-10-11T07:33:46.627+0000] {processor.py:179} INFO - Processing /home/airflow/.local/lib/python3.8/site-packages/airflow/example_dags/example_params_ui_tutorial.py took 0.071 seconds
[2023-10-11T07:34:17.691+0000] {processor.py:157} INFO - Started process (PID=2014) to work on /home/airflow/.local/lib/python3.8/site-packages/airflow/example_dags/example_params_ui_tutorial.py
[2023-10-11T07:34:17.692+0000] {processor.py:829} INFO - Processing file /home/airflow/.local/lib/python3.8/site-packages/airflow/example_dags/example_params_ui_tutorial.py for tasks to queue
[2023-10-11T07:34:17.693+0000] {logging_mixin.py:151} INFO - [2023-10-11T07:34:17.693+0000] {dagbag.py:539} INFO - Filling up the DagBag from /home/airflow/.local/lib/python3.8/site-packages/airflow/example_dags/example_params_ui_tutorial.py
[2023-10-11T07:34:17.712+0000] {processor.py:839} INFO - DAG(s) dict_keys(['example_params_ui_tutorial']) retrieved from /home/airflow/.local/lib/python3.8/site-packages/airflow/example_dags/example_params_ui_tutorial.py
[2023-10-11T07:34:17.742+0000] {logging_mixin.py:151} INFO - [2023-10-11T07:34:17.742+0000] {dag.py:2915} INFO - Sync 1 DAGs
[2023-10-11T07:34:17.750+0000] {logging_mixin.py:151} INFO - [2023-10-11T07:34:17.749+0000] {dag.py:3696} INFO - Setting next_dagrun for example_params_ui_tutorial to None, run_after=None
[2023-10-11T07:34:17.760+0000] {processor.py:179} INFO - Processing /home/airflow/.local/lib/python3.8/site-packages/airflow/example_dags/example_params_ui_tutorial.py took 0.072 seconds
[2023-10-11T07:34:48.828+0000] {processor.py:157} INFO - Started process (PID=2073) to work on /home/airflow/.local/lib/python3.8/site-packages/airflow/example_dags/example_params_ui_tutorial.py
[2023-10-11T07:34:48.829+0000] {processor.py:829} INFO - Processing file /home/airflow/.local/lib/python3.8/site-packages/airflow/example_dags/example_params_ui_tutorial.py for tasks to queue
[2023-10-11T07:34:48.830+0000] {logging_mixin.py:151} INFO - [2023-10-11T07:34:48.830+0000] {dagbag.py:539} INFO - Filling up the DagBag from /home/airflow/.local/lib/python3.8/site-packages/airflow/example_dags/example_params_ui_tutorial.py
[2023-10-11T07:34:48.848+0000] {processor.py:839} INFO - DAG(s) dict_keys(['example_params_ui_tutorial']) retrieved from /home/airflow/.local/lib/python3.8/site-packages/airflow/example_dags/example_params_ui_tutorial.py
[2023-10-11T07:34:48.878+0000] {logging_mixin.py:151} INFO - [2023-10-11T07:34:48.877+0000] {dag.py:2915} INFO - Sync 1 DAGs
[2023-10-11T07:34:48.885+0000] {logging_mixin.py:151} INFO - [2023-10-11T07:34:48.885+0000] {dag.py:3696} INFO - Setting next_dagrun for example_params_ui_tutorial to None, run_after=None
[2023-10-11T07:34:48.896+0000] {processor.py:179} INFO - Processing /home/airflow/.local/lib/python3.8/site-packages/airflow/example_dags/example_params_ui_tutorial.py took 0.070 seconds
[2023-10-11T07:35:19.203+0000] {processor.py:157} INFO - Started process (PID=2132) to work on /home/airflow/.local/lib/python3.8/site-packages/airflow/example_dags/example_params_ui_tutorial.py
[2023-10-11T07:35:19.204+0000] {processor.py:829} INFO - Processing file /home/airflow/.local/lib/python3.8/site-packages/airflow/example_dags/example_params_ui_tutorial.py for tasks to queue
[2023-10-11T07:35:19.206+0000] {logging_mixin.py:151} INFO - [2023-10-11T07:35:19.206+0000] {dagbag.py:539} INFO - Filling up the DagBag from /home/airflow/.local/lib/python3.8/site-packages/airflow/example_dags/example_params_ui_tutorial.py
[2023-10-11T07:35:19.224+0000] {processor.py:839} INFO - DAG(s) dict_keys(['example_params_ui_tutorial']) retrieved from /home/airflow/.local/lib/python3.8/site-packages/airflow/example_dags/example_params_ui_tutorial.py
[2023-10-11T07:35:19.254+0000] {logging_mixin.py:151} INFO - [2023-10-11T07:35:19.254+0000] {dag.py:2915} INFO - Sync 1 DAGs
[2023-10-11T07:35:19.261+0000] {logging_mixin.py:151} INFO - [2023-10-11T07:35:19.261+0000] {dag.py:3696} INFO - Setting next_dagrun for example_params_ui_tutorial to None, run_after=None
[2023-10-11T07:35:19.272+0000] {processor.py:179} INFO - Processing /home/airflow/.local/lib/python3.8/site-packages/airflow/example_dags/example_params_ui_tutorial.py took 0.071 seconds
[2023-10-11T07:35:50.547+0000] {processor.py:157} INFO - Started process (PID=2191) to work on /home/airflow/.local/lib/python3.8/site-packages/airflow/example_dags/example_params_ui_tutorial.py
[2023-10-11T07:35:50.548+0000] {processor.py:829} INFO - Processing file /home/airflow/.local/lib/python3.8/site-packages/airflow/example_dags/example_params_ui_tutorial.py for tasks to queue
[2023-10-11T07:35:50.549+0000] {logging_mixin.py:151} INFO - [2023-10-11T07:35:50.549+0000] {dagbag.py:539} INFO - Filling up the DagBag from /home/airflow/.local/lib/python3.8/site-packages/airflow/example_dags/example_params_ui_tutorial.py
[2023-10-11T07:35:50.568+0000] {processor.py:839} INFO - DAG(s) dict_keys(['example_params_ui_tutorial']) retrieved from /home/airflow/.local/lib/python3.8/site-packages/airflow/example_dags/example_params_ui_tutorial.py
[2023-10-11T07:35:50.597+0000] {logging_mixin.py:151} INFO - [2023-10-11T07:35:50.597+0000] {dag.py:2915} INFO - Sync 1 DAGs
[2023-10-11T07:35:50.605+0000] {logging_mixin.py:151} INFO - [2023-10-11T07:35:50.605+0000] {dag.py:3696} INFO - Setting next_dagrun for example_params_ui_tutorial to None, run_after=None
[2023-10-11T07:35:50.615+0000] {processor.py:179} INFO - Processing /home/airflow/.local/lib/python3.8/site-packages/airflow/example_dags/example_params_ui_tutorial.py took 0.071 seconds
[2023-10-11T07:37:30.130+0000] {processor.py:157} INFO - Started process (PID=67) to work on /home/airflow/.local/lib/python3.8/site-packages/airflow/example_dags/example_params_ui_tutorial.py
[2023-10-11T07:37:30.131+0000] {processor.py:829} INFO - Processing file /home/airflow/.local/lib/python3.8/site-packages/airflow/example_dags/example_params_ui_tutorial.py for tasks to queue
[2023-10-11T07:37:30.133+0000] {logging_mixin.py:151} INFO - [2023-10-11T07:37:30.132+0000] {dagbag.py:539} INFO - Filling up the DagBag from /home/airflow/.local/lib/python3.8/site-packages/airflow/example_dags/example_params_ui_tutorial.py
[2023-10-11T07:37:30.152+0000] {processor.py:839} INFO - DAG(s) dict_keys(['example_params_ui_tutorial']) retrieved from /home/airflow/.local/lib/python3.8/site-packages/airflow/example_dags/example_params_ui_tutorial.py
[2023-10-11T07:37:30.233+0000] {logging_mixin.py:151} INFO - [2023-10-11T07:37:30.233+0000] {manager.py:499} INFO - Created Permission View: %s
[2023-10-11T07:37:30.238+0000] {logging_mixin.py:151} INFO - [2023-10-11T07:37:30.238+0000] {manager.py:499} INFO - Created Permission View: %s
[2023-10-11T07:37:30.243+0000] {logging_mixin.py:151} INFO - [2023-10-11T07:37:30.243+0000] {manager.py:499} INFO - Created Permission View: %s
[2023-10-11T07:37:30.243+0000] {logging_mixin.py:151} INFO - [2023-10-11T07:37:30.243+0000] {security.py:708} INFO - Not syncing DAG-level permissions for DAG 'DAG:example_params_ui_tutorial' as access control is unset.
[2023-10-11T07:37:30.243+0000] {logging_mixin.py:151} INFO - [2023-10-11T07:37:30.243+0000] {dag.py:2915} INFO - Sync 1 DAGs
[2023-10-11T07:37:30.252+0000] {logging_mixin.py:151} INFO - [2023-10-11T07:37:30.252+0000] {dag.py:2937} INFO - Creating ORM DAG for example_params_ui_tutorial
[2023-10-11T07:37:30.253+0000] {logging_mixin.py:151} INFO - [2023-10-11T07:37:30.253+0000] {dag.py:3696} INFO - Setting next_dagrun for example_params_ui_tutorial to None, run_after=None
[2023-10-11T07:37:30.264+0000] {processor.py:179} INFO - Processing /home/airflow/.local/lib/python3.8/site-packages/airflow/example_dags/example_params_ui_tutorial.py took 0.136 seconds
[2023-10-11T07:38:00.810+0000] {processor.py:157} INFO - Started process (PID=126) to work on /home/airflow/.local/lib/python3.8/site-packages/airflow/example_dags/example_params_ui_tutorial.py
[2023-10-11T07:38:00.811+0000] {processor.py:829} INFO - Processing file /home/airflow/.local/lib/python3.8/site-packages/airflow/example_dags/example_params_ui_tutorial.py for tasks to queue
[2023-10-11T07:38:00.813+0000] {logging_mixin.py:151} INFO - [2023-10-11T07:38:00.812+0000] {dagbag.py:539} INFO - Filling up the DagBag from /home/airflow/.local/lib/python3.8/site-packages/airflow/example_dags/example_params_ui_tutorial.py
[2023-10-11T07:38:00.830+0000] {processor.py:839} INFO - DAG(s) dict_keys(['example_params_ui_tutorial']) retrieved from /home/airflow/.local/lib/python3.8/site-packages/airflow/example_dags/example_params_ui_tutorial.py
[2023-10-11T07:38:00.860+0000] {logging_mixin.py:151} INFO - [2023-10-11T07:38:00.860+0000] {dag.py:2915} INFO - Sync 1 DAGs
[2023-10-11T07:38:00.868+0000] {logging_mixin.py:151} INFO - [2023-10-11T07:38:00.868+0000] {dag.py:3696} INFO - Setting next_dagrun for example_params_ui_tutorial to None, run_after=None
[2023-10-11T07:38:00.880+0000] {processor.py:179} INFO - Processing /home/airflow/.local/lib/python3.8/site-packages/airflow/example_dags/example_params_ui_tutorial.py took 0.071 seconds
[2023-10-11T07:38:31.353+0000] {processor.py:157} INFO - Started process (PID=185) to work on /home/airflow/.local/lib/python3.8/site-packages/airflow/example_dags/example_params_ui_tutorial.py
[2023-10-11T07:38:31.354+0000] {processor.py:829} INFO - Processing file /home/airflow/.local/lib/python3.8/site-packages/airflow/example_dags/example_params_ui_tutorial.py for tasks to queue
[2023-10-11T07:38:31.355+0000] {logging_mixin.py:151} INFO - [2023-10-11T07:38:31.355+0000] {dagbag.py:539} INFO - Filling up the DagBag from /home/airflow/.local/lib/python3.8/site-packages/airflow/example_dags/example_params_ui_tutorial.py
[2023-10-11T07:38:31.373+0000] {processor.py:839} INFO - DAG(s) dict_keys(['example_params_ui_tutorial']) retrieved from /home/airflow/.local/lib/python3.8/site-packages/airflow/example_dags/example_params_ui_tutorial.py
[2023-10-11T07:38:31.402+0000] {logging_mixin.py:151} INFO - [2023-10-11T07:38:31.402+0000] {dag.py:2915} INFO - Sync 1 DAGs
[2023-10-11T07:38:31.410+0000] {logging_mixin.py:151} INFO - [2023-10-11T07:38:31.410+0000] {dag.py:3696} INFO - Setting next_dagrun for example_params_ui_tutorial to None, run_after=None
[2023-10-11T07:38:31.420+0000] {processor.py:179} INFO - Processing /home/airflow/.local/lib/python3.8/site-packages/airflow/example_dags/example_params_ui_tutorial.py took 0.069 seconds
[2023-10-11T07:39:01.589+0000] {processor.py:157} INFO - Started process (PID=244) to work on /home/airflow/.local/lib/python3.8/site-packages/airflow/example_dags/example_params_ui_tutorial.py
[2023-10-11T07:39:01.590+0000] {processor.py:829} INFO - Processing file /home/airflow/.local/lib/python3.8/site-packages/airflow/example_dags/example_params_ui_tutorial.py for tasks to queue
[2023-10-11T07:39:01.591+0000] {logging_mixin.py:151} INFO - [2023-10-11T07:39:01.591+0000] {dagbag.py:539} INFO - Filling up the DagBag from /home/airflow/.local/lib/python3.8/site-packages/airflow/example_dags/example_params_ui_tutorial.py
[2023-10-11T07:39:01.609+0000] {processor.py:839} INFO - DAG(s) dict_keys(['example_params_ui_tutorial']) retrieved from /home/airflow/.local/lib/python3.8/site-packages/airflow/example_dags/example_params_ui_tutorial.py
[2023-10-11T07:39:01.639+0000] {logging_mixin.py:151} INFO - [2023-10-11T07:39:01.639+0000] {dag.py:2915} INFO - Sync 1 DAGs
[2023-10-11T07:39:01.647+0000] {logging_mixin.py:151} INFO - [2023-10-11T07:39:01.647+0000] {dag.py:3696} INFO - Setting next_dagrun for example_params_ui_tutorial to None, run_after=None
[2023-10-11T07:39:01.658+0000] {processor.py:179} INFO - Processing /home/airflow/.local/lib/python3.8/site-packages/airflow/example_dags/example_params_ui_tutorial.py took 0.071 seconds
[2023-10-11T07:39:32.004+0000] {processor.py:157} INFO - Started process (PID=303) to work on /home/airflow/.local/lib/python3.8/site-packages/airflow/example_dags/example_params_ui_tutorial.py
[2023-10-11T07:39:32.005+0000] {processor.py:829} INFO - Processing file /home/airflow/.local/lib/python3.8/site-packages/airflow/example_dags/example_params_ui_tutorial.py for tasks to queue
[2023-10-11T07:39:32.006+0000] {logging_mixin.py:151} INFO - [2023-10-11T07:39:32.006+0000] {dagbag.py:539} INFO - Filling up the DagBag from /home/airflow/.local/lib/python3.8/site-packages/airflow/example_dags/example_params_ui_tutorial.py
[2023-10-11T07:39:32.024+0000] {processor.py:839} INFO - DAG(s) dict_keys(['example_params_ui_tutorial']) retrieved from /home/airflow/.local/lib/python3.8/site-packages/airflow/example_dags/example_params_ui_tutorial.py
[2023-10-11T07:39:32.053+0000] {logging_mixin.py:151} INFO - [2023-10-11T07:39:32.053+0000] {dag.py:2915} INFO - Sync 1 DAGs
[2023-10-11T07:39:32.061+0000] {logging_mixin.py:151} INFO - [2023-10-11T07:39:32.061+0000] {dag.py:3696} INFO - Setting next_dagrun for example_params_ui_tutorial to None, run_after=None
[2023-10-11T07:39:32.071+0000] {processor.py:179} INFO - Processing /home/airflow/.local/lib/python3.8/site-packages/airflow/example_dags/example_params_ui_tutorial.py took 0.069 seconds
[2023-10-11T07:40:02.349+0000] {processor.py:157} INFO - Started process (PID=362) to work on /home/airflow/.local/lib/python3.8/site-packages/airflow/example_dags/example_params_ui_tutorial.py
[2023-10-11T07:40:02.350+0000] {processor.py:829} INFO - Processing file /home/airflow/.local/lib/python3.8/site-packages/airflow/example_dags/example_params_ui_tutorial.py for tasks to queue
[2023-10-11T07:40:02.351+0000] {logging_mixin.py:151} INFO - [2023-10-11T07:40:02.351+0000] {dagbag.py:539} INFO - Filling up the DagBag from /home/airflow/.local/lib/python3.8/site-packages/airflow/example_dags/example_params_ui_tutorial.py
[2023-10-11T07:40:02.369+0000] {processor.py:839} INFO - DAG(s) dict_keys(['example_params_ui_tutorial']) retrieved from /home/airflow/.local/lib/python3.8/site-packages/airflow/example_dags/example_params_ui_tutorial.py
[2023-10-11T07:40:02.398+0000] {logging_mixin.py:151} INFO - [2023-10-11T07:40:02.398+0000] {dag.py:2915} INFO - Sync 1 DAGs
[2023-10-11T07:40:02.406+0000] {logging_mixin.py:151} INFO - [2023-10-11T07:40:02.405+0000] {dag.py:3696} INFO - Setting next_dagrun for example_params_ui_tutorial to None, run_after=None
[2023-10-11T07:40:02.415+0000] {processor.py:179} INFO - Processing /home/airflow/.local/lib/python3.8/site-packages/airflow/example_dags/example_params_ui_tutorial.py took 0.069 seconds
[2023-10-11T07:40:33.534+0000] {processor.py:157} INFO - Started process (PID=421) to work on /home/airflow/.local/lib/python3.8/site-packages/airflow/example_dags/example_params_ui_tutorial.py
[2023-10-11T07:40:33.535+0000] {processor.py:829} INFO - Processing file /home/airflow/.local/lib/python3.8/site-packages/airflow/example_dags/example_params_ui_tutorial.py for tasks to queue
[2023-10-11T07:40:33.536+0000] {logging_mixin.py:151} INFO - [2023-10-11T07:40:33.536+0000] {dagbag.py:539} INFO - Filling up the DagBag from /home/airflow/.local/lib/python3.8/site-packages/airflow/example_dags/example_params_ui_tutorial.py
[2023-10-11T07:40:33.554+0000] {processor.py:839} INFO - DAG(s) dict_keys(['example_params_ui_tutorial']) retrieved from /home/airflow/.local/lib/python3.8/site-packages/airflow/example_dags/example_params_ui_tutorial.py
[2023-10-11T07:40:33.583+0000] {logging_mixin.py:151} INFO - [2023-10-11T07:40:33.583+0000] {dag.py:2915} INFO - Sync 1 DAGs
[2023-10-11T07:40:33.591+0000] {logging_mixin.py:151} INFO - [2023-10-11T07:40:33.591+0000] {dag.py:3696} INFO - Setting next_dagrun for example_params_ui_tutorial to None, run_after=None
[2023-10-11T07:40:33.600+0000] {processor.py:179} INFO - Processing /home/airflow/.local/lib/python3.8/site-packages/airflow/example_dags/example_params_ui_tutorial.py took 0.068 seconds
[2023-10-11T07:41:04.713+0000] {processor.py:157} INFO - Started process (PID=479) to work on /home/airflow/.local/lib/python3.8/site-packages/airflow/example_dags/example_params_ui_tutorial.py
[2023-10-11T07:41:04.713+0000] {processor.py:829} INFO - Processing file /home/airflow/.local/lib/python3.8/site-packages/airflow/example_dags/example_params_ui_tutorial.py for tasks to queue
[2023-10-11T07:41:04.715+0000] {logging_mixin.py:151} INFO - [2023-10-11T07:41:04.715+0000] {dagbag.py:539} INFO - Filling up the DagBag from /home/airflow/.local/lib/python3.8/site-packages/airflow/example_dags/example_params_ui_tutorial.py
[2023-10-11T07:41:04.732+0000] {processor.py:839} INFO - DAG(s) dict_keys(['example_params_ui_tutorial']) retrieved from /home/airflow/.local/lib/python3.8/site-packages/airflow/example_dags/example_params_ui_tutorial.py
[2023-10-11T07:41:04.761+0000] {logging_mixin.py:151} INFO - [2023-10-11T07:41:04.761+0000] {dag.py:2915} INFO - Sync 1 DAGs
[2023-10-11T07:41:04.768+0000] {logging_mixin.py:151} INFO - [2023-10-11T07:41:04.768+0000] {dag.py:3696} INFO - Setting next_dagrun for example_params_ui_tutorial to None, run_after=None
[2023-10-11T07:41:04.779+0000] {processor.py:179} INFO - Processing /home/airflow/.local/lib/python3.8/site-packages/airflow/example_dags/example_params_ui_tutorial.py took 0.068 seconds
[2023-10-11T07:41:34.825+0000] {processor.py:157} INFO - Started process (PID=534) to work on /home/airflow/.local/lib/python3.8/site-packages/airflow/example_dags/example_params_ui_tutorial.py
[2023-10-11T07:41:34.826+0000] {processor.py:829} INFO - Processing file /home/airflow/.local/lib/python3.8/site-packages/airflow/example_dags/example_params_ui_tutorial.py for tasks to queue
[2023-10-11T07:41:34.827+0000] {logging_mixin.py:151} INFO - [2023-10-11T07:41:34.827+0000] {dagbag.py:539} INFO - Filling up the DagBag from /home/airflow/.local/lib/python3.8/site-packages/airflow/example_dags/example_params_ui_tutorial.py
[2023-10-11T07:41:34.844+0000] {processor.py:839} INFO - DAG(s) dict_keys(['example_params_ui_tutorial']) retrieved from /home/airflow/.local/lib/python3.8/site-packages/airflow/example_dags/example_params_ui_tutorial.py
[2023-10-11T07:41:34.872+0000] {logging_mixin.py:151} INFO - [2023-10-11T07:41:34.871+0000] {dag.py:2915} INFO - Sync 1 DAGs
[2023-10-11T07:41:34.879+0000] {logging_mixin.py:151} INFO - [2023-10-11T07:41:34.878+0000] {dag.py:3696} INFO - Setting next_dagrun for example_params_ui_tutorial to None, run_after=None
[2023-10-11T07:41:34.888+0000] {processor.py:179} INFO - Processing /home/airflow/.local/lib/python3.8/site-packages/airflow/example_dags/example_params_ui_tutorial.py took 0.065 seconds
[2023-10-11T07:42:05.085+0000] {processor.py:157} INFO - Started process (PID=593) to work on /home/airflow/.local/lib/python3.8/site-packages/airflow/example_dags/example_params_ui_tutorial.py
[2023-10-11T07:42:05.086+0000] {processor.py:829} INFO - Processing file /home/airflow/.local/lib/python3.8/site-packages/airflow/example_dags/example_params_ui_tutorial.py for tasks to queue
[2023-10-11T07:42:05.087+0000] {logging_mixin.py:151} INFO - [2023-10-11T07:42:05.087+0000] {dagbag.py:539} INFO - Filling up the DagBag from /home/airflow/.local/lib/python3.8/site-packages/airflow/example_dags/example_params_ui_tutorial.py
[2023-10-11T07:42:05.104+0000] {processor.py:839} INFO - DAG(s) dict_keys(['example_params_ui_tutorial']) retrieved from /home/airflow/.local/lib/python3.8/site-packages/airflow/example_dags/example_params_ui_tutorial.py
[2023-10-11T07:42:05.131+0000] {logging_mixin.py:151} INFO - [2023-10-11T07:42:05.131+0000] {dag.py:2915} INFO - Sync 1 DAGs
[2023-10-11T07:42:05.138+0000] {logging_mixin.py:151} INFO - [2023-10-11T07:42:05.138+0000] {dag.py:3696} INFO - Setting next_dagrun for example_params_ui_tutorial to None, run_after=None
[2023-10-11T07:42:05.148+0000] {processor.py:179} INFO - Processing /home/airflow/.local/lib/python3.8/site-packages/airflow/example_dags/example_params_ui_tutorial.py took 0.065 seconds
[2023-10-11T07:42:35.814+0000] {processor.py:157} INFO - Started process (PID=652) to work on /home/airflow/.local/lib/python3.8/site-packages/airflow/example_dags/example_params_ui_tutorial.py
[2023-10-11T07:42:35.815+0000] {processor.py:829} INFO - Processing file /home/airflow/.local/lib/python3.8/site-packages/airflow/example_dags/example_params_ui_tutorial.py for tasks to queue
[2023-10-11T07:42:35.816+0000] {logging_mixin.py:151} INFO - [2023-10-11T07:42:35.816+0000] {dagbag.py:539} INFO - Filling up the DagBag from /home/airflow/.local/lib/python3.8/site-packages/airflow/example_dags/example_params_ui_tutorial.py
[2023-10-11T07:42:35.836+0000] {processor.py:839} INFO - DAG(s) dict_keys(['example_params_ui_tutorial']) retrieved from /home/airflow/.local/lib/python3.8/site-packages/airflow/example_dags/example_params_ui_tutorial.py
[2023-10-11T07:42:35.866+0000] {logging_mixin.py:151} INFO - [2023-10-11T07:42:35.866+0000] {dag.py:2915} INFO - Sync 1 DAGs
[2023-10-11T07:42:35.874+0000] {logging_mixin.py:151} INFO - [2023-10-11T07:42:35.874+0000] {dag.py:3696} INFO - Setting next_dagrun for example_params_ui_tutorial to None, run_after=None
[2023-10-11T07:42:35.885+0000] {processor.py:179} INFO - Processing /home/airflow/.local/lib/python3.8/site-packages/airflow/example_dags/example_params_ui_tutorial.py took 0.074 seconds
[2023-10-11T07:43:06.231+0000] {processor.py:157} INFO - Started process (PID=711) to work on /home/airflow/.local/lib/python3.8/site-packages/airflow/example_dags/example_params_ui_tutorial.py
[2023-10-11T07:43:06.232+0000] {processor.py:829} INFO - Processing file /home/airflow/.local/lib/python3.8/site-packages/airflow/example_dags/example_params_ui_tutorial.py for tasks to queue
[2023-10-11T07:43:06.233+0000] {logging_mixin.py:151} INFO - [2023-10-11T07:43:06.233+0000] {dagbag.py:539} INFO - Filling up the DagBag from /home/airflow/.local/lib/python3.8/site-packages/airflow/example_dags/example_params_ui_tutorial.py
[2023-10-11T07:43:06.251+0000] {processor.py:839} INFO - DAG(s) dict_keys(['example_params_ui_tutorial']) retrieved from /home/airflow/.local/lib/python3.8/site-packages/airflow/example_dags/example_params_ui_tutorial.py
[2023-10-11T07:43:06.280+0000] {logging_mixin.py:151} INFO - [2023-10-11T07:43:06.279+0000] {dag.py:2915} INFO - Sync 1 DAGs
[2023-10-11T07:43:06.287+0000] {logging_mixin.py:151} INFO - [2023-10-11T07:43:06.287+0000] {dag.py:3696} INFO - Setting next_dagrun for example_params_ui_tutorial to None, run_after=None
[2023-10-11T07:43:06.298+0000] {processor.py:179} INFO - Processing /home/airflow/.local/lib/python3.8/site-packages/airflow/example_dags/example_params_ui_tutorial.py took 0.070 seconds
[2023-10-11T07:43:36.363+0000] {processor.py:157} INFO - Started process (PID=770) to work on /home/airflow/.local/lib/python3.8/site-packages/airflow/example_dags/example_params_ui_tutorial.py
[2023-10-11T07:43:36.364+0000] {processor.py:829} INFO - Processing file /home/airflow/.local/lib/python3.8/site-packages/airflow/example_dags/example_params_ui_tutorial.py for tasks to queue
[2023-10-11T07:43:36.366+0000] {logging_mixin.py:151} INFO - [2023-10-11T07:43:36.365+0000] {dagbag.py:539} INFO - Filling up the DagBag from /home/airflow/.local/lib/python3.8/site-packages/airflow/example_dags/example_params_ui_tutorial.py
[2023-10-11T07:43:36.383+0000] {processor.py:839} INFO - DAG(s) dict_keys(['example_params_ui_tutorial']) retrieved from /home/airflow/.local/lib/python3.8/site-packages/airflow/example_dags/example_params_ui_tutorial.py
[2023-10-11T07:43:36.411+0000] {logging_mixin.py:151} INFO - [2023-10-11T07:43:36.411+0000] {dag.py:2915} INFO - Sync 1 DAGs
[2023-10-11T07:43:36.419+0000] {logging_mixin.py:151} INFO - [2023-10-11T07:43:36.419+0000] {dag.py:3696} INFO - Setting next_dagrun for example_params_ui_tutorial to None, run_after=None
[2023-10-11T07:43:36.429+0000] {processor.py:179} INFO - Processing /home/airflow/.local/lib/python3.8/site-packages/airflow/example_dags/example_params_ui_tutorial.py took 0.068 seconds
[2023-10-11T07:44:06.514+0000] {processor.py:157} INFO - Started process (PID=829) to work on /home/airflow/.local/lib/python3.8/site-packages/airflow/example_dags/example_params_ui_tutorial.py
[2023-10-11T07:44:06.515+0000] {processor.py:829} INFO - Processing file /home/airflow/.local/lib/python3.8/site-packages/airflow/example_dags/example_params_ui_tutorial.py for tasks to queue
[2023-10-11T07:44:06.516+0000] {logging_mixin.py:151} INFO - [2023-10-11T07:44:06.516+0000] {dagbag.py:539} INFO - Filling up the DagBag from /home/airflow/.local/lib/python3.8/site-packages/airflow/example_dags/example_params_ui_tutorial.py
[2023-10-11T07:44:06.534+0000] {processor.py:839} INFO - DAG(s) dict_keys(['example_params_ui_tutorial']) retrieved from /home/airflow/.local/lib/python3.8/site-packages/airflow/example_dags/example_params_ui_tutorial.py
[2023-10-11T07:44:06.563+0000] {logging_mixin.py:151} INFO - [2023-10-11T07:44:06.562+0000] {dag.py:2915} INFO - Sync 1 DAGs
[2023-10-11T07:44:06.571+0000] {logging_mixin.py:151} INFO - [2023-10-11T07:44:06.571+0000] {dag.py:3696} INFO - Setting next_dagrun for example_params_ui_tutorial to None, run_after=None
[2023-10-11T07:44:06.581+0000] {processor.py:179} INFO - Processing /home/airflow/.local/lib/python3.8/site-packages/airflow/example_dags/example_params_ui_tutorial.py took 0.069 seconds
[2023-10-11T07:44:36.631+0000] {processor.py:157} INFO - Started process (PID=889) to work on /home/airflow/.local/lib/python3.8/site-packages/airflow/example_dags/example_params_ui_tutorial.py
[2023-10-11T07:44:36.632+0000] {processor.py:829} INFO - Processing file /home/airflow/.local/lib/python3.8/site-packages/airflow/example_dags/example_params_ui_tutorial.py for tasks to queue
[2023-10-11T07:44:36.633+0000] {logging_mixin.py:151} INFO - [2023-10-11T07:44:36.633+0000] {dagbag.py:539} INFO - Filling up the DagBag from /home/airflow/.local/lib/python3.8/site-packages/airflow/example_dags/example_params_ui_tutorial.py
[2023-10-11T07:44:36.651+0000] {processor.py:839} INFO - DAG(s) dict_keys(['example_params_ui_tutorial']) retrieved from /home/airflow/.local/lib/python3.8/site-packages/airflow/example_dags/example_params_ui_tutorial.py
[2023-10-11T07:44:36.680+0000] {logging_mixin.py:151} INFO - [2023-10-11T07:44:36.680+0000] {dag.py:2915} INFO - Sync 1 DAGs
[2023-10-11T07:44:36.688+0000] {logging_mixin.py:151} INFO - [2023-10-11T07:44:36.688+0000] {dag.py:3696} INFO - Setting next_dagrun for example_params_ui_tutorial to None, run_after=None
[2023-10-11T07:44:36.697+0000] {processor.py:179} INFO - Processing /home/airflow/.local/lib/python3.8/site-packages/airflow/example_dags/example_params_ui_tutorial.py took 0.069 seconds
[2023-10-11T07:45:07.698+0000] {processor.py:157} INFO - Started process (PID=947) to work on /home/airflow/.local/lib/python3.8/site-packages/airflow/example_dags/example_params_ui_tutorial.py
[2023-10-11T07:45:07.699+0000] {processor.py:829} INFO - Processing file /home/airflow/.local/lib/python3.8/site-packages/airflow/example_dags/example_params_ui_tutorial.py for tasks to queue
[2023-10-11T07:45:07.700+0000] {logging_mixin.py:151} INFO - [2023-10-11T07:45:07.700+0000] {dagbag.py:539} INFO - Filling up the DagBag from /home/airflow/.local/lib/python3.8/site-packages/airflow/example_dags/example_params_ui_tutorial.py
[2023-10-11T07:45:07.718+0000] {processor.py:839} INFO - DAG(s) dict_keys(['example_params_ui_tutorial']) retrieved from /home/airflow/.local/lib/python3.8/site-packages/airflow/example_dags/example_params_ui_tutorial.py
[2023-10-11T07:45:07.747+0000] {logging_mixin.py:151} INFO - [2023-10-11T07:45:07.747+0000] {dag.py:2915} INFO - Sync 1 DAGs
[2023-10-11T07:45:07.755+0000] {logging_mixin.py:151} INFO - [2023-10-11T07:45:07.755+0000] {dag.py:3696} INFO - Setting next_dagrun for example_params_ui_tutorial to None, run_after=None
[2023-10-11T07:45:07.765+0000] {processor.py:179} INFO - Processing /home/airflow/.local/lib/python3.8/site-packages/airflow/example_dags/example_params_ui_tutorial.py took 0.069 seconds
[2023-10-11T07:45:38.260+0000] {processor.py:157} INFO - Started process (PID=1006) to work on /home/airflow/.local/lib/python3.8/site-packages/airflow/example_dags/example_params_ui_tutorial.py
[2023-10-11T07:45:38.261+0000] {processor.py:829} INFO - Processing file /home/airflow/.local/lib/python3.8/site-packages/airflow/example_dags/example_params_ui_tutorial.py for tasks to queue
[2023-10-11T07:45:38.262+0000] {logging_mixin.py:151} INFO - [2023-10-11T07:45:38.262+0000] {dagbag.py:539} INFO - Filling up the DagBag from /home/airflow/.local/lib/python3.8/site-packages/airflow/example_dags/example_params_ui_tutorial.py
[2023-10-11T07:45:38.280+0000] {processor.py:839} INFO - DAG(s) dict_keys(['example_params_ui_tutorial']) retrieved from /home/airflow/.local/lib/python3.8/site-packages/airflow/example_dags/example_params_ui_tutorial.py
[2023-10-11T07:45:38.309+0000] {logging_mixin.py:151} INFO - [2023-10-11T07:45:38.309+0000] {dag.py:2915} INFO - Sync 1 DAGs
[2023-10-11T07:45:38.318+0000] {logging_mixin.py:151} INFO - [2023-10-11T07:45:38.317+0000] {dag.py:3696} INFO - Setting next_dagrun for example_params_ui_tutorial to None, run_after=None
[2023-10-11T07:45:38.328+0000] {processor.py:179} INFO - Processing /home/airflow/.local/lib/python3.8/site-packages/airflow/example_dags/example_params_ui_tutorial.py took 0.071 seconds
[2023-10-11T07:46:08.786+0000] {processor.py:157} INFO - Started process (PID=1065) to work on /home/airflow/.local/lib/python3.8/site-packages/airflow/example_dags/example_params_ui_tutorial.py
[2023-10-11T07:46:08.787+0000] {processor.py:829} INFO - Processing file /home/airflow/.local/lib/python3.8/site-packages/airflow/example_dags/example_params_ui_tutorial.py for tasks to queue
[2023-10-11T07:46:08.788+0000] {logging_mixin.py:151} INFO - [2023-10-11T07:46:08.788+0000] {dagbag.py:539} INFO - Filling up the DagBag from /home/airflow/.local/lib/python3.8/site-packages/airflow/example_dags/example_params_ui_tutorial.py
[2023-10-11T07:46:08.809+0000] {processor.py:839} INFO - DAG(s) dict_keys(['example_params_ui_tutorial']) retrieved from /home/airflow/.local/lib/python3.8/site-packages/airflow/example_dags/example_params_ui_tutorial.py
[2023-10-11T07:46:08.847+0000] {logging_mixin.py:151} INFO - [2023-10-11T07:46:08.846+0000] {dag.py:2915} INFO - Sync 1 DAGs
[2023-10-11T07:46:08.857+0000] {logging_mixin.py:151} INFO - [2023-10-11T07:46:08.857+0000] {dag.py:3696} INFO - Setting next_dagrun for example_params_ui_tutorial to None, run_after=None
[2023-10-11T07:46:08.871+0000] {processor.py:179} INFO - Processing /home/airflow/.local/lib/python3.8/site-packages/airflow/example_dags/example_params_ui_tutorial.py took 0.088 seconds
[2023-10-11T07:46:38.993+0000] {processor.py:157} INFO - Started process (PID=1123) to work on /home/airflow/.local/lib/python3.8/site-packages/airflow/example_dags/example_params_ui_tutorial.py
[2023-10-11T07:46:38.994+0000] {processor.py:829} INFO - Processing file /home/airflow/.local/lib/python3.8/site-packages/airflow/example_dags/example_params_ui_tutorial.py for tasks to queue
[2023-10-11T07:46:38.995+0000] {logging_mixin.py:151} INFO - [2023-10-11T07:46:38.995+0000] {dagbag.py:539} INFO - Filling up the DagBag from /home/airflow/.local/lib/python3.8/site-packages/airflow/example_dags/example_params_ui_tutorial.py
[2023-10-11T07:46:39.016+0000] {processor.py:839} INFO - DAG(s) dict_keys(['example_params_ui_tutorial']) retrieved from /home/airflow/.local/lib/python3.8/site-packages/airflow/example_dags/example_params_ui_tutorial.py
[2023-10-11T07:46:39.053+0000] {logging_mixin.py:151} INFO - [2023-10-11T07:46:39.053+0000] {dag.py:2915} INFO - Sync 1 DAGs
[2023-10-11T07:46:39.063+0000] {logging_mixin.py:151} INFO - [2023-10-11T07:46:39.063+0000] {dag.py:3696} INFO - Setting next_dagrun for example_params_ui_tutorial to None, run_after=None
[2023-10-11T07:46:39.075+0000] {processor.py:179} INFO - Processing /home/airflow/.local/lib/python3.8/site-packages/airflow/example_dags/example_params_ui_tutorial.py took 0.085 seconds
[2023-10-11T07:47:09.230+0000] {processor.py:157} INFO - Started process (PID=1182) to work on /home/airflow/.local/lib/python3.8/site-packages/airflow/example_dags/example_params_ui_tutorial.py
[2023-10-11T07:47:09.231+0000] {processor.py:829} INFO - Processing file /home/airflow/.local/lib/python3.8/site-packages/airflow/example_dags/example_params_ui_tutorial.py for tasks to queue
[2023-10-11T07:47:09.232+0000] {logging_mixin.py:151} INFO - [2023-10-11T07:47:09.232+0000] {dagbag.py:539} INFO - Filling up the DagBag from /home/airflow/.local/lib/python3.8/site-packages/airflow/example_dags/example_params_ui_tutorial.py
[2023-10-11T07:47:09.250+0000] {processor.py:839} INFO - DAG(s) dict_keys(['example_params_ui_tutorial']) retrieved from /home/airflow/.local/lib/python3.8/site-packages/airflow/example_dags/example_params_ui_tutorial.py
[2023-10-11T07:47:09.281+0000] {logging_mixin.py:151} INFO - [2023-10-11T07:47:09.281+0000] {dag.py:2915} INFO - Sync 1 DAGs
[2023-10-11T07:47:09.289+0000] {logging_mixin.py:151} INFO - [2023-10-11T07:47:09.289+0000] {dag.py:3696} INFO - Setting next_dagrun for example_params_ui_tutorial to None, run_after=None
[2023-10-11T07:47:09.302+0000] {processor.py:179} INFO - Processing /home/airflow/.local/lib/python3.8/site-packages/airflow/example_dags/example_params_ui_tutorial.py took 0.074 seconds
[2023-10-11T07:47:40.512+0000] {processor.py:157} INFO - Started process (PID=1241) to work on /home/airflow/.local/lib/python3.8/site-packages/airflow/example_dags/example_params_ui_tutorial.py
[2023-10-11T07:47:40.513+0000] {processor.py:829} INFO - Processing file /home/airflow/.local/lib/python3.8/site-packages/airflow/example_dags/example_params_ui_tutorial.py for tasks to queue
[2023-10-11T07:47:40.515+0000] {logging_mixin.py:151} INFO - [2023-10-11T07:47:40.515+0000] {dagbag.py:539} INFO - Filling up the DagBag from /home/airflow/.local/lib/python3.8/site-packages/airflow/example_dags/example_params_ui_tutorial.py
[2023-10-11T07:47:40.533+0000] {processor.py:839} INFO - DAG(s) dict_keys(['example_params_ui_tutorial']) retrieved from /home/airflow/.local/lib/python3.8/site-packages/airflow/example_dags/example_params_ui_tutorial.py
[2023-10-11T07:47:40.564+0000] {logging_mixin.py:151} INFO - [2023-10-11T07:47:40.564+0000] {dag.py:2915} INFO - Sync 1 DAGs
[2023-10-11T07:47:40.571+0000] {logging_mixin.py:151} INFO - [2023-10-11T07:47:40.571+0000] {dag.py:3696} INFO - Setting next_dagrun for example_params_ui_tutorial to None, run_after=None
[2023-10-11T07:47:40.583+0000] {processor.py:179} INFO - Processing /home/airflow/.local/lib/python3.8/site-packages/airflow/example_dags/example_params_ui_tutorial.py took 0.073 seconds
[2023-10-11T07:48:10.690+0000] {processor.py:157} INFO - Started process (PID=1300) to work on /home/airflow/.local/lib/python3.8/site-packages/airflow/example_dags/example_params_ui_tutorial.py
[2023-10-11T07:48:10.691+0000] {processor.py:829} INFO - Processing file /home/airflow/.local/lib/python3.8/site-packages/airflow/example_dags/example_params_ui_tutorial.py for tasks to queue
[2023-10-11T07:48:10.692+0000] {logging_mixin.py:151} INFO - [2023-10-11T07:48:10.692+0000] {dagbag.py:539} INFO - Filling up the DagBag from /home/airflow/.local/lib/python3.8/site-packages/airflow/example_dags/example_params_ui_tutorial.py
[2023-10-11T07:48:10.710+0000] {processor.py:839} INFO - DAG(s) dict_keys(['example_params_ui_tutorial']) retrieved from /home/airflow/.local/lib/python3.8/site-packages/airflow/example_dags/example_params_ui_tutorial.py
[2023-10-11T07:48:10.740+0000] {logging_mixin.py:151} INFO - [2023-10-11T07:48:10.740+0000] {dag.py:2915} INFO - Sync 1 DAGs
[2023-10-11T07:48:10.747+0000] {logging_mixin.py:151} INFO - [2023-10-11T07:48:10.747+0000] {dag.py:3696} INFO - Setting next_dagrun for example_params_ui_tutorial to None, run_after=None
[2023-10-11T07:48:10.758+0000] {processor.py:179} INFO - Processing /home/airflow/.local/lib/python3.8/site-packages/airflow/example_dags/example_params_ui_tutorial.py took 0.070 seconds
[2023-10-11T07:48:41.470+0000] {processor.py:157} INFO - Started process (PID=1359) to work on /home/airflow/.local/lib/python3.8/site-packages/airflow/example_dags/example_params_ui_tutorial.py
[2023-10-11T07:48:41.471+0000] {processor.py:829} INFO - Processing file /home/airflow/.local/lib/python3.8/site-packages/airflow/example_dags/example_params_ui_tutorial.py for tasks to queue
[2023-10-11T07:48:41.473+0000] {logging_mixin.py:151} INFO - [2023-10-11T07:48:41.473+0000] {dagbag.py:539} INFO - Filling up the DagBag from /home/airflow/.local/lib/python3.8/site-packages/airflow/example_dags/example_params_ui_tutorial.py
[2023-10-11T07:48:41.492+0000] {processor.py:839} INFO - DAG(s) dict_keys(['example_params_ui_tutorial']) retrieved from /home/airflow/.local/lib/python3.8/site-packages/airflow/example_dags/example_params_ui_tutorial.py
[2023-10-11T07:48:41.526+0000] {logging_mixin.py:151} INFO - [2023-10-11T07:48:41.525+0000] {dag.py:2915} INFO - Sync 1 DAGs
[2023-10-11T07:48:41.534+0000] {logging_mixin.py:151} INFO - [2023-10-11T07:48:41.534+0000] {dag.py:3696} INFO - Setting next_dagrun for example_params_ui_tutorial to None, run_after=None
[2023-10-11T07:48:41.547+0000] {processor.py:179} INFO - Processing /home/airflow/.local/lib/python3.8/site-packages/airflow/example_dags/example_params_ui_tutorial.py took 0.079 seconds
[2023-10-11T07:49:12.423+0000] {processor.py:157} INFO - Started process (PID=1423) to work on /home/airflow/.local/lib/python3.8/site-packages/airflow/example_dags/example_params_ui_tutorial.py
[2023-10-11T07:49:12.424+0000] {processor.py:829} INFO - Processing file /home/airflow/.local/lib/python3.8/site-packages/airflow/example_dags/example_params_ui_tutorial.py for tasks to queue
[2023-10-11T07:49:12.426+0000] {logging_mixin.py:151} INFO - [2023-10-11T07:49:12.426+0000] {dagbag.py:539} INFO - Filling up the DagBag from /home/airflow/.local/lib/python3.8/site-packages/airflow/example_dags/example_params_ui_tutorial.py
[2023-10-11T07:49:12.445+0000] {processor.py:839} INFO - DAG(s) dict_keys(['example_params_ui_tutorial']) retrieved from /home/airflow/.local/lib/python3.8/site-packages/airflow/example_dags/example_params_ui_tutorial.py
[2023-10-11T07:49:12.475+0000] {logging_mixin.py:151} INFO - [2023-10-11T07:49:12.475+0000] {dag.py:2915} INFO - Sync 1 DAGs
[2023-10-11T07:49:12.483+0000] {logging_mixin.py:151} INFO - [2023-10-11T07:49:12.483+0000] {dag.py:3696} INFO - Setting next_dagrun for example_params_ui_tutorial to None, run_after=None
[2023-10-11T07:49:12.493+0000] {processor.py:179} INFO - Processing /home/airflow/.local/lib/python3.8/site-packages/airflow/example_dags/example_params_ui_tutorial.py took 0.072 seconds
[2023-10-11T07:49:43.551+0000] {processor.py:157} INFO - Started process (PID=1482) to work on /home/airflow/.local/lib/python3.8/site-packages/airflow/example_dags/example_params_ui_tutorial.py
[2023-10-11T07:49:43.552+0000] {processor.py:829} INFO - Processing file /home/airflow/.local/lib/python3.8/site-packages/airflow/example_dags/example_params_ui_tutorial.py for tasks to queue
[2023-10-11T07:49:43.554+0000] {logging_mixin.py:151} INFO - [2023-10-11T07:49:43.553+0000] {dagbag.py:539} INFO - Filling up the DagBag from /home/airflow/.local/lib/python3.8/site-packages/airflow/example_dags/example_params_ui_tutorial.py
[2023-10-11T07:49:43.572+0000] {processor.py:839} INFO - DAG(s) dict_keys(['example_params_ui_tutorial']) retrieved from /home/airflow/.local/lib/python3.8/site-packages/airflow/example_dags/example_params_ui_tutorial.py
[2023-10-11T07:49:43.601+0000] {logging_mixin.py:151} INFO - [2023-10-11T07:49:43.601+0000] {dag.py:2915} INFO - Sync 1 DAGs
[2023-10-11T07:49:43.609+0000] {logging_mixin.py:151} INFO - [2023-10-11T07:49:43.609+0000] {dag.py:3696} INFO - Setting next_dagrun for example_params_ui_tutorial to None, run_after=None
[2023-10-11T07:49:43.619+0000] {processor.py:179} INFO - Processing /home/airflow/.local/lib/python3.8/site-packages/airflow/example_dags/example_params_ui_tutorial.py took 0.070 seconds
[2023-10-11T07:50:13.884+0000] {processor.py:157} INFO - Started process (PID=1541) to work on /home/airflow/.local/lib/python3.8/site-packages/airflow/example_dags/example_params_ui_tutorial.py
[2023-10-11T07:50:13.884+0000] {processor.py:829} INFO - Processing file /home/airflow/.local/lib/python3.8/site-packages/airflow/example_dags/example_params_ui_tutorial.py for tasks to queue
[2023-10-11T07:50:13.886+0000] {logging_mixin.py:151} INFO - [2023-10-11T07:50:13.886+0000] {dagbag.py:539} INFO - Filling up the DagBag from /home/airflow/.local/lib/python3.8/site-packages/airflow/example_dags/example_params_ui_tutorial.py
[2023-10-11T07:50:13.904+0000] {processor.py:839} INFO - DAG(s) dict_keys(['example_params_ui_tutorial']) retrieved from /home/airflow/.local/lib/python3.8/site-packages/airflow/example_dags/example_params_ui_tutorial.py
[2023-10-11T07:50:13.938+0000] {logging_mixin.py:151} INFO - [2023-10-11T07:50:13.938+0000] {dag.py:2915} INFO - Sync 1 DAGs
[2023-10-11T07:50:13.946+0000] {logging_mixin.py:151} INFO - [2023-10-11T07:50:13.946+0000] {dag.py:3696} INFO - Setting next_dagrun for example_params_ui_tutorial to None, run_after=None
[2023-10-11T07:50:13.956+0000] {processor.py:179} INFO - Processing /home/airflow/.local/lib/python3.8/site-packages/airflow/example_dags/example_params_ui_tutorial.py took 0.075 seconds
