[2023-10-11T07:17:23.428+0000] {processor.py:157} INFO - Started process (PID=69) to work on /home/airflow/.local/lib/python3.8/site-packages/airflow/example_dags/example_latest_only.py
[2023-10-11T07:17:23.429+0000] {processor.py:829} INFO - Processing file /home/airflow/.local/lib/python3.8/site-packages/airflow/example_dags/example_latest_only.py for tasks to queue
[2023-10-11T07:17:23.431+0000] {logging_mixin.py:151} INFO - [2023-10-11T07:17:23.431+0000] {dagbag.py:539} INFO - Filling up the DagBag from /home/airflow/.local/lib/python3.8/site-packages/airflow/example_dags/example_latest_only.py
[2023-10-11T07:17:23.436+0000] {processor.py:839} INFO - DAG(s) dict_keys(['latest_only']) retrieved from /home/airflow/.local/lib/python3.8/site-packages/airflow/example_dags/example_latest_only.py
[2023-10-11T07:17:23.462+0000] {logging_mixin.py:151} INFO - [2023-10-11T07:17:23.462+0000] {dag.py:2915} INFO - Sync 1 DAGs
[2023-10-11T07:17:23.478+0000] {logging_mixin.py:151} INFO - [2023-10-11T07:17:23.478+0000] {dag.py:3696} INFO - Setting next_dagrun for latest_only to 2023-10-11T03:17:23.478394+00:00, run_after=2023-10-11T07:17:23.478394+00:00
[2023-10-11T07:17:23.489+0000] {processor.py:179} INFO - Processing /home/airflow/.local/lib/python3.8/site-packages/airflow/example_dags/example_latest_only.py took 0.065 seconds
[2023-10-11T07:17:53.617+0000] {processor.py:157} INFO - Started process (PID=128) to work on /home/airflow/.local/lib/python3.8/site-packages/airflow/example_dags/example_latest_only.py
[2023-10-11T07:17:53.618+0000] {processor.py:829} INFO - Processing file /home/airflow/.local/lib/python3.8/site-packages/airflow/example_dags/example_latest_only.py for tasks to queue
[2023-10-11T07:17:53.619+0000] {logging_mixin.py:151} INFO - [2023-10-11T07:17:53.619+0000] {dagbag.py:539} INFO - Filling up the DagBag from /home/airflow/.local/lib/python3.8/site-packages/airflow/example_dags/example_latest_only.py
[2023-10-11T07:17:53.622+0000] {processor.py:839} INFO - DAG(s) dict_keys(['latest_only']) retrieved from /home/airflow/.local/lib/python3.8/site-packages/airflow/example_dags/example_latest_only.py
[2023-10-11T07:17:53.638+0000] {logging_mixin.py:151} INFO - [2023-10-11T07:17:53.638+0000] {dag.py:2915} INFO - Sync 1 DAGs
[2023-10-11T07:17:53.652+0000] {logging_mixin.py:151} INFO - [2023-10-11T07:17:53.652+0000] {dag.py:3696} INFO - Setting next_dagrun for latest_only to 2023-10-11T03:17:53.652684+00:00, run_after=2023-10-11T07:17:53.652684+00:00
[2023-10-11T07:17:53.662+0000] {processor.py:179} INFO - Processing /home/airflow/.local/lib/python3.8/site-packages/airflow/example_dags/example_latest_only.py took 0.048 seconds
[2023-10-11T07:18:24.409+0000] {processor.py:157} INFO - Started process (PID=187) to work on /home/airflow/.local/lib/python3.8/site-packages/airflow/example_dags/example_latest_only.py
[2023-10-11T07:18:24.410+0000] {processor.py:829} INFO - Processing file /home/airflow/.local/lib/python3.8/site-packages/airflow/example_dags/example_latest_only.py for tasks to queue
[2023-10-11T07:18:24.411+0000] {logging_mixin.py:151} INFO - [2023-10-11T07:18:24.411+0000] {dagbag.py:539} INFO - Filling up the DagBag from /home/airflow/.local/lib/python3.8/site-packages/airflow/example_dags/example_latest_only.py
[2023-10-11T07:18:24.415+0000] {processor.py:839} INFO - DAG(s) dict_keys(['latest_only']) retrieved from /home/airflow/.local/lib/python3.8/site-packages/airflow/example_dags/example_latest_only.py
[2023-10-11T07:18:24.431+0000] {logging_mixin.py:151} INFO - [2023-10-11T07:18:24.431+0000] {dag.py:2915} INFO - Sync 1 DAGs
[2023-10-11T07:18:24.445+0000] {logging_mixin.py:151} INFO - [2023-10-11T07:18:24.445+0000] {dag.py:3696} INFO - Setting next_dagrun for latest_only to 2023-10-11T03:18:24.445311+00:00, run_after=2023-10-11T07:18:24.445311+00:00
[2023-10-11T07:18:24.455+0000] {processor.py:179} INFO - Processing /home/airflow/.local/lib/python3.8/site-packages/airflow/example_dags/example_latest_only.py took 0.048 seconds
[2023-10-11T07:18:55.612+0000] {processor.py:157} INFO - Started process (PID=246) to work on /home/airflow/.local/lib/python3.8/site-packages/airflow/example_dags/example_latest_only.py
[2023-10-11T07:18:55.612+0000] {processor.py:829} INFO - Processing file /home/airflow/.local/lib/python3.8/site-packages/airflow/example_dags/example_latest_only.py for tasks to queue
[2023-10-11T07:18:55.614+0000] {logging_mixin.py:151} INFO - [2023-10-11T07:18:55.614+0000] {dagbag.py:539} INFO - Filling up the DagBag from /home/airflow/.local/lib/python3.8/site-packages/airflow/example_dags/example_latest_only.py
[2023-10-11T07:18:55.617+0000] {processor.py:839} INFO - DAG(s) dict_keys(['latest_only']) retrieved from /home/airflow/.local/lib/python3.8/site-packages/airflow/example_dags/example_latest_only.py
[2023-10-11T07:18:55.634+0000] {logging_mixin.py:151} INFO - [2023-10-11T07:18:55.634+0000] {dag.py:2915} INFO - Sync 1 DAGs
[2023-10-11T07:18:55.648+0000] {logging_mixin.py:151} INFO - [2023-10-11T07:18:55.648+0000] {dag.py:3696} INFO - Setting next_dagrun for latest_only to 2023-10-11T03:18:55.648447+00:00, run_after=2023-10-11T07:18:55.648447+00:00
[2023-10-11T07:18:55.658+0000] {processor.py:179} INFO - Processing /home/airflow/.local/lib/python3.8/site-packages/airflow/example_dags/example_latest_only.py took 0.048 seconds
[2023-10-11T07:19:26.777+0000] {processor.py:157} INFO - Started process (PID=305) to work on /home/airflow/.local/lib/python3.8/site-packages/airflow/example_dags/example_latest_only.py
[2023-10-11T07:19:26.778+0000] {processor.py:829} INFO - Processing file /home/airflow/.local/lib/python3.8/site-packages/airflow/example_dags/example_latest_only.py for tasks to queue
[2023-10-11T07:19:26.779+0000] {logging_mixin.py:151} INFO - [2023-10-11T07:19:26.779+0000] {dagbag.py:539} INFO - Filling up the DagBag from /home/airflow/.local/lib/python3.8/site-packages/airflow/example_dags/example_latest_only.py
[2023-10-11T07:19:26.783+0000] {processor.py:839} INFO - DAG(s) dict_keys(['latest_only']) retrieved from /home/airflow/.local/lib/python3.8/site-packages/airflow/example_dags/example_latest_only.py
[2023-10-11T07:19:26.800+0000] {logging_mixin.py:151} INFO - [2023-10-11T07:19:26.800+0000] {dag.py:2915} INFO - Sync 1 DAGs
[2023-10-11T07:19:26.815+0000] {logging_mixin.py:151} INFO - [2023-10-11T07:19:26.815+0000] {dag.py:3696} INFO - Setting next_dagrun for latest_only to 2023-10-11T03:19:26.815223+00:00, run_after=2023-10-11T07:19:26.815223+00:00
[2023-10-11T07:19:26.827+0000] {processor.py:179} INFO - Processing /home/airflow/.local/lib/python3.8/site-packages/airflow/example_dags/example_latest_only.py took 0.052 seconds
[2023-10-11T07:19:58.147+0000] {processor.py:157} INFO - Started process (PID=364) to work on /home/airflow/.local/lib/python3.8/site-packages/airflow/example_dags/example_latest_only.py
[2023-10-11T07:19:58.148+0000] {processor.py:829} INFO - Processing file /home/airflow/.local/lib/python3.8/site-packages/airflow/example_dags/example_latest_only.py for tasks to queue
[2023-10-11T07:19:58.149+0000] {logging_mixin.py:151} INFO - [2023-10-11T07:19:58.149+0000] {dagbag.py:539} INFO - Filling up the DagBag from /home/airflow/.local/lib/python3.8/site-packages/airflow/example_dags/example_latest_only.py
[2023-10-11T07:19:58.153+0000] {processor.py:839} INFO - DAG(s) dict_keys(['latest_only']) retrieved from /home/airflow/.local/lib/python3.8/site-packages/airflow/example_dags/example_latest_only.py
[2023-10-11T07:19:58.169+0000] {logging_mixin.py:151} INFO - [2023-10-11T07:19:58.169+0000] {dag.py:2915} INFO - Sync 1 DAGs
[2023-10-11T07:19:58.182+0000] {logging_mixin.py:151} INFO - [2023-10-11T07:19:58.182+0000] {dag.py:3696} INFO - Setting next_dagrun for latest_only to 2023-10-11T03:19:58.182674+00:00, run_after=2023-10-11T07:19:58.182674+00:00
[2023-10-11T07:19:58.193+0000] {processor.py:179} INFO - Processing /home/airflow/.local/lib/python3.8/site-packages/airflow/example_dags/example_latest_only.py took 0.048 seconds
[2023-10-11T07:20:28.423+0000] {processor.py:157} INFO - Started process (PID=423) to work on /home/airflow/.local/lib/python3.8/site-packages/airflow/example_dags/example_latest_only.py
[2023-10-11T07:20:28.424+0000] {processor.py:829} INFO - Processing file /home/airflow/.local/lib/python3.8/site-packages/airflow/example_dags/example_latest_only.py for tasks to queue
[2023-10-11T07:20:28.425+0000] {logging_mixin.py:151} INFO - [2023-10-11T07:20:28.425+0000] {dagbag.py:539} INFO - Filling up the DagBag from /home/airflow/.local/lib/python3.8/site-packages/airflow/example_dags/example_latest_only.py
[2023-10-11T07:20:28.428+0000] {processor.py:839} INFO - DAG(s) dict_keys(['latest_only']) retrieved from /home/airflow/.local/lib/python3.8/site-packages/airflow/example_dags/example_latest_only.py
[2023-10-11T07:20:28.444+0000] {logging_mixin.py:151} INFO - [2023-10-11T07:20:28.444+0000] {dag.py:2915} INFO - Sync 1 DAGs
[2023-10-11T07:20:28.456+0000] {logging_mixin.py:151} INFO - [2023-10-11T07:20:28.456+0000] {dag.py:3696} INFO - Setting next_dagrun for latest_only to 2023-10-11T03:20:28.456062+00:00, run_after=2023-10-11T07:20:28.456062+00:00
[2023-10-11T07:20:28.465+0000] {processor.py:179} INFO - Processing /home/airflow/.local/lib/python3.8/site-packages/airflow/example_dags/example_latest_only.py took 0.044 seconds
[2023-10-11T07:20:58.782+0000] {processor.py:157} INFO - Started process (PID=483) to work on /home/airflow/.local/lib/python3.8/site-packages/airflow/example_dags/example_latest_only.py
[2023-10-11T07:20:58.783+0000] {processor.py:829} INFO - Processing file /home/airflow/.local/lib/python3.8/site-packages/airflow/example_dags/example_latest_only.py for tasks to queue
[2023-10-11T07:20:58.784+0000] {logging_mixin.py:151} INFO - [2023-10-11T07:20:58.784+0000] {dagbag.py:539} INFO - Filling up the DagBag from /home/airflow/.local/lib/python3.8/site-packages/airflow/example_dags/example_latest_only.py
[2023-10-11T07:20:58.788+0000] {processor.py:839} INFO - DAG(s) dict_keys(['latest_only']) retrieved from /home/airflow/.local/lib/python3.8/site-packages/airflow/example_dags/example_latest_only.py
[2023-10-11T07:20:58.805+0000] {logging_mixin.py:151} INFO - [2023-10-11T07:20:58.804+0000] {dag.py:2915} INFO - Sync 1 DAGs
[2023-10-11T07:20:58.819+0000] {logging_mixin.py:151} INFO - [2023-10-11T07:20:58.819+0000] {dag.py:3696} INFO - Setting next_dagrun for latest_only to 2023-10-11T03:20:58.819046+00:00, run_after=2023-10-11T07:20:58.819046+00:00
[2023-10-11T07:20:58.829+0000] {processor.py:179} INFO - Processing /home/airflow/.local/lib/python3.8/site-packages/airflow/example_dags/example_latest_only.py took 0.049 seconds
[2023-10-11T07:21:29.356+0000] {processor.py:157} INFO - Started process (PID=542) to work on /home/airflow/.local/lib/python3.8/site-packages/airflow/example_dags/example_latest_only.py
[2023-10-11T07:21:29.356+0000] {processor.py:829} INFO - Processing file /home/airflow/.local/lib/python3.8/site-packages/airflow/example_dags/example_latest_only.py for tasks to queue
[2023-10-11T07:21:29.358+0000] {logging_mixin.py:151} INFO - [2023-10-11T07:21:29.357+0000] {dagbag.py:539} INFO - Filling up the DagBag from /home/airflow/.local/lib/python3.8/site-packages/airflow/example_dags/example_latest_only.py
[2023-10-11T07:21:29.361+0000] {processor.py:839} INFO - DAG(s) dict_keys(['latest_only']) retrieved from /home/airflow/.local/lib/python3.8/site-packages/airflow/example_dags/example_latest_only.py
[2023-10-11T07:21:29.377+0000] {logging_mixin.py:151} INFO - [2023-10-11T07:21:29.377+0000] {dag.py:2915} INFO - Sync 1 DAGs
[2023-10-11T07:21:29.391+0000] {logging_mixin.py:151} INFO - [2023-10-11T07:21:29.391+0000] {dag.py:3696} INFO - Setting next_dagrun for latest_only to 2023-10-11T03:21:29.391057+00:00, run_after=2023-10-11T07:21:29.391057+00:00
[2023-10-11T07:21:29.401+0000] {processor.py:179} INFO - Processing /home/airflow/.local/lib/python3.8/site-packages/airflow/example_dags/example_latest_only.py took 0.048 seconds
[2023-10-11T07:21:59.871+0000] {processor.py:157} INFO - Started process (PID=601) to work on /home/airflow/.local/lib/python3.8/site-packages/airflow/example_dags/example_latest_only.py
[2023-10-11T07:21:59.872+0000] {processor.py:829} INFO - Processing file /home/airflow/.local/lib/python3.8/site-packages/airflow/example_dags/example_latest_only.py for tasks to queue
[2023-10-11T07:21:59.873+0000] {logging_mixin.py:151} INFO - [2023-10-11T07:21:59.873+0000] {dagbag.py:539} INFO - Filling up the DagBag from /home/airflow/.local/lib/python3.8/site-packages/airflow/example_dags/example_latest_only.py
[2023-10-11T07:21:59.877+0000] {processor.py:839} INFO - DAG(s) dict_keys(['latest_only']) retrieved from /home/airflow/.local/lib/python3.8/site-packages/airflow/example_dags/example_latest_only.py
[2023-10-11T07:21:59.893+0000] {logging_mixin.py:151} INFO - [2023-10-11T07:21:59.893+0000] {dag.py:2915} INFO - Sync 1 DAGs
[2023-10-11T07:21:59.906+0000] {logging_mixin.py:151} INFO - [2023-10-11T07:21:59.906+0000] {dag.py:3696} INFO - Setting next_dagrun for latest_only to 2023-10-11T03:21:59.906590+00:00, run_after=2023-10-11T07:21:59.906590+00:00
[2023-10-11T07:21:59.917+0000] {processor.py:179} INFO - Processing /home/airflow/.local/lib/python3.8/site-packages/airflow/example_dags/example_latest_only.py took 0.048 seconds
[2023-10-11T07:22:30.223+0000] {processor.py:157} INFO - Started process (PID=660) to work on /home/airflow/.local/lib/python3.8/site-packages/airflow/example_dags/example_latest_only.py
[2023-10-11T07:22:30.223+0000] {processor.py:829} INFO - Processing file /home/airflow/.local/lib/python3.8/site-packages/airflow/example_dags/example_latest_only.py for tasks to queue
[2023-10-11T07:22:30.225+0000] {logging_mixin.py:151} INFO - [2023-10-11T07:22:30.225+0000] {dagbag.py:539} INFO - Filling up the DagBag from /home/airflow/.local/lib/python3.8/site-packages/airflow/example_dags/example_latest_only.py
[2023-10-11T07:22:30.228+0000] {processor.py:839} INFO - DAG(s) dict_keys(['latest_only']) retrieved from /home/airflow/.local/lib/python3.8/site-packages/airflow/example_dags/example_latest_only.py
[2023-10-11T07:22:30.244+0000] {logging_mixin.py:151} INFO - [2023-10-11T07:22:30.244+0000] {dag.py:2915} INFO - Sync 1 DAGs
[2023-10-11T07:22:30.256+0000] {logging_mixin.py:151} INFO - [2023-10-11T07:22:30.256+0000] {dag.py:3696} INFO - Setting next_dagrun for latest_only to 2023-10-11T03:22:30.256568+00:00, run_after=2023-10-11T07:22:30.256568+00:00
[2023-10-11T07:22:30.265+0000] {processor.py:179} INFO - Processing /home/airflow/.local/lib/python3.8/site-packages/airflow/example_dags/example_latest_only.py took 0.045 seconds
[2023-10-11T07:23:00.518+0000] {processor.py:157} INFO - Started process (PID=717) to work on /home/airflow/.local/lib/python3.8/site-packages/airflow/example_dags/example_latest_only.py
[2023-10-11T07:23:00.519+0000] {processor.py:829} INFO - Processing file /home/airflow/.local/lib/python3.8/site-packages/airflow/example_dags/example_latest_only.py for tasks to queue
[2023-10-11T07:23:00.521+0000] {logging_mixin.py:151} INFO - [2023-10-11T07:23:00.520+0000] {dagbag.py:539} INFO - Filling up the DagBag from /home/airflow/.local/lib/python3.8/site-packages/airflow/example_dags/example_latest_only.py
[2023-10-11T07:23:00.524+0000] {processor.py:839} INFO - DAG(s) dict_keys(['latest_only']) retrieved from /home/airflow/.local/lib/python3.8/site-packages/airflow/example_dags/example_latest_only.py
[2023-10-11T07:23:00.541+0000] {logging_mixin.py:151} INFO - [2023-10-11T07:23:00.541+0000] {dag.py:2915} INFO - Sync 1 DAGs
[2023-10-11T07:23:00.555+0000] {logging_mixin.py:151} INFO - [2023-10-11T07:23:00.554+0000] {dag.py:3696} INFO - Setting next_dagrun for latest_only to 2023-10-11T03:23:00.554737+00:00, run_after=2023-10-11T07:23:00.554737+00:00
[2023-10-11T07:23:00.565+0000] {processor.py:179} INFO - Processing /home/airflow/.local/lib/python3.8/site-packages/airflow/example_dags/example_latest_only.py took 0.048 seconds
[2023-10-11T07:23:30.741+0000] {processor.py:157} INFO - Started process (PID=772) to work on /home/airflow/.local/lib/python3.8/site-packages/airflow/example_dags/example_latest_only.py
[2023-10-11T07:23:30.742+0000] {processor.py:829} INFO - Processing file /home/airflow/.local/lib/python3.8/site-packages/airflow/example_dags/example_latest_only.py for tasks to queue
[2023-10-11T07:23:30.744+0000] {logging_mixin.py:151} INFO - [2023-10-11T07:23:30.743+0000] {dagbag.py:539} INFO - Filling up the DagBag from /home/airflow/.local/lib/python3.8/site-packages/airflow/example_dags/example_latest_only.py
[2023-10-11T07:23:30.747+0000] {processor.py:839} INFO - DAG(s) dict_keys(['latest_only']) retrieved from /home/airflow/.local/lib/python3.8/site-packages/airflow/example_dags/example_latest_only.py
[2023-10-11T07:23:30.764+0000] {logging_mixin.py:151} INFO - [2023-10-11T07:23:30.764+0000] {dag.py:2915} INFO - Sync 1 DAGs
[2023-10-11T07:23:30.778+0000] {logging_mixin.py:151} INFO - [2023-10-11T07:23:30.778+0000] {dag.py:3696} INFO - Setting next_dagrun for latest_only to 2023-10-11T03:23:30.778508+00:00, run_after=2023-10-11T07:23:30.778508+00:00
[2023-10-11T07:23:30.792+0000] {processor.py:179} INFO - Processing /home/airflow/.local/lib/python3.8/site-packages/airflow/example_dags/example_latest_only.py took 0.053 seconds
[2023-10-11T07:24:01.316+0000] {processor.py:157} INFO - Started process (PID=831) to work on /home/airflow/.local/lib/python3.8/site-packages/airflow/example_dags/example_latest_only.py
[2023-10-11T07:24:01.317+0000] {processor.py:829} INFO - Processing file /home/airflow/.local/lib/python3.8/site-packages/airflow/example_dags/example_latest_only.py for tasks to queue
[2023-10-11T07:24:01.319+0000] {logging_mixin.py:151} INFO - [2023-10-11T07:24:01.319+0000] {dagbag.py:539} INFO - Filling up the DagBag from /home/airflow/.local/lib/python3.8/site-packages/airflow/example_dags/example_latest_only.py
[2023-10-11T07:24:01.322+0000] {processor.py:839} INFO - DAG(s) dict_keys(['latest_only']) retrieved from /home/airflow/.local/lib/python3.8/site-packages/airflow/example_dags/example_latest_only.py
[2023-10-11T07:24:01.339+0000] {logging_mixin.py:151} INFO - [2023-10-11T07:24:01.338+0000] {dag.py:2915} INFO - Sync 1 DAGs
[2023-10-11T07:24:01.352+0000] {logging_mixin.py:151} INFO - [2023-10-11T07:24:01.352+0000] {dag.py:3696} INFO - Setting next_dagrun for latest_only to 2023-10-11T03:24:01.352410+00:00, run_after=2023-10-11T07:24:01.352410+00:00
[2023-10-11T07:24:01.363+0000] {processor.py:179} INFO - Processing /home/airflow/.local/lib/python3.8/site-packages/airflow/example_dags/example_latest_only.py took 0.049 seconds
[2023-10-11T07:24:31.427+0000] {processor.py:157} INFO - Started process (PID=890) to work on /home/airflow/.local/lib/python3.8/site-packages/airflow/example_dags/example_latest_only.py
[2023-10-11T07:24:31.427+0000] {processor.py:829} INFO - Processing file /home/airflow/.local/lib/python3.8/site-packages/airflow/example_dags/example_latest_only.py for tasks to queue
[2023-10-11T07:24:31.429+0000] {logging_mixin.py:151} INFO - [2023-10-11T07:24:31.429+0000] {dagbag.py:539} INFO - Filling up the DagBag from /home/airflow/.local/lib/python3.8/site-packages/airflow/example_dags/example_latest_only.py
[2023-10-11T07:24:31.433+0000] {processor.py:839} INFO - DAG(s) dict_keys(['latest_only']) retrieved from /home/airflow/.local/lib/python3.8/site-packages/airflow/example_dags/example_latest_only.py
[2023-10-11T07:24:31.450+0000] {logging_mixin.py:151} INFO - [2023-10-11T07:24:31.450+0000] {dag.py:2915} INFO - Sync 1 DAGs
[2023-10-11T07:24:31.462+0000] {logging_mixin.py:151} INFO - [2023-10-11T07:24:31.462+0000] {dag.py:3696} INFO - Setting next_dagrun for latest_only to 2023-10-11T03:24:31.462233+00:00, run_after=2023-10-11T07:24:31.462233+00:00
[2023-10-11T07:24:31.471+0000] {processor.py:179} INFO - Processing /home/airflow/.local/lib/python3.8/site-packages/airflow/example_dags/example_latest_only.py took 0.047 seconds
[2023-10-11T07:25:02.679+0000] {processor.py:157} INFO - Started process (PID=949) to work on /home/airflow/.local/lib/python3.8/site-packages/airflow/example_dags/example_latest_only.py
[2023-10-11T07:25:02.680+0000] {processor.py:829} INFO - Processing file /home/airflow/.local/lib/python3.8/site-packages/airflow/example_dags/example_latest_only.py for tasks to queue
[2023-10-11T07:25:02.681+0000] {logging_mixin.py:151} INFO - [2023-10-11T07:25:02.681+0000] {dagbag.py:539} INFO - Filling up the DagBag from /home/airflow/.local/lib/python3.8/site-packages/airflow/example_dags/example_latest_only.py
[2023-10-11T07:25:02.685+0000] {processor.py:839} INFO - DAG(s) dict_keys(['latest_only']) retrieved from /home/airflow/.local/lib/python3.8/site-packages/airflow/example_dags/example_latest_only.py
[2023-10-11T07:25:02.701+0000] {logging_mixin.py:151} INFO - [2023-10-11T07:25:02.701+0000] {dag.py:2915} INFO - Sync 1 DAGs
[2023-10-11T07:25:02.715+0000] {logging_mixin.py:151} INFO - [2023-10-11T07:25:02.714+0000] {dag.py:3696} INFO - Setting next_dagrun for latest_only to 2023-10-11T03:25:02.714764+00:00, run_after=2023-10-11T07:25:02.714764+00:00
[2023-10-11T07:25:02.725+0000] {processor.py:179} INFO - Processing /home/airflow/.local/lib/python3.8/site-packages/airflow/example_dags/example_latest_only.py took 0.048 seconds
[2023-10-11T07:25:33.812+0000] {processor.py:157} INFO - Started process (PID=1008) to work on /home/airflow/.local/lib/python3.8/site-packages/airflow/example_dags/example_latest_only.py
[2023-10-11T07:25:33.813+0000] {processor.py:829} INFO - Processing file /home/airflow/.local/lib/python3.8/site-packages/airflow/example_dags/example_latest_only.py for tasks to queue
[2023-10-11T07:25:33.814+0000] {logging_mixin.py:151} INFO - [2023-10-11T07:25:33.814+0000] {dagbag.py:539} INFO - Filling up the DagBag from /home/airflow/.local/lib/python3.8/site-packages/airflow/example_dags/example_latest_only.py
[2023-10-11T07:25:33.818+0000] {processor.py:839} INFO - DAG(s) dict_keys(['latest_only']) retrieved from /home/airflow/.local/lib/python3.8/site-packages/airflow/example_dags/example_latest_only.py
[2023-10-11T07:25:33.835+0000] {logging_mixin.py:151} INFO - [2023-10-11T07:25:33.835+0000] {dag.py:2915} INFO - Sync 1 DAGs
[2023-10-11T07:25:33.849+0000] {logging_mixin.py:151} INFO - [2023-10-11T07:25:33.849+0000] {dag.py:3696} INFO - Setting next_dagrun for latest_only to 2023-10-11T03:25:33.848832+00:00, run_after=2023-10-11T07:25:33.848832+00:00
[2023-10-11T07:25:33.859+0000] {processor.py:179} INFO - Processing /home/airflow/.local/lib/python3.8/site-packages/airflow/example_dags/example_latest_only.py took 0.049 seconds
[2023-10-11T07:26:04.947+0000] {processor.py:157} INFO - Started process (PID=1067) to work on /home/airflow/.local/lib/python3.8/site-packages/airflow/example_dags/example_latest_only.py
[2023-10-11T07:26:04.948+0000] {processor.py:829} INFO - Processing file /home/airflow/.local/lib/python3.8/site-packages/airflow/example_dags/example_latest_only.py for tasks to queue
[2023-10-11T07:26:04.949+0000] {logging_mixin.py:151} INFO - [2023-10-11T07:26:04.949+0000] {dagbag.py:539} INFO - Filling up the DagBag from /home/airflow/.local/lib/python3.8/site-packages/airflow/example_dags/example_latest_only.py
[2023-10-11T07:26:04.952+0000] {processor.py:839} INFO - DAG(s) dict_keys(['latest_only']) retrieved from /home/airflow/.local/lib/python3.8/site-packages/airflow/example_dags/example_latest_only.py
[2023-10-11T07:26:04.969+0000] {logging_mixin.py:151} INFO - [2023-10-11T07:26:04.969+0000] {dag.py:2915} INFO - Sync 1 DAGs
[2023-10-11T07:26:04.983+0000] {logging_mixin.py:151} INFO - [2023-10-11T07:26:04.983+0000] {dag.py:3696} INFO - Setting next_dagrun for latest_only to 2023-10-11T03:26:04.983267+00:00, run_after=2023-10-11T07:26:04.983267+00:00
[2023-10-11T07:26:04.994+0000] {processor.py:179} INFO - Processing /home/airflow/.local/lib/python3.8/site-packages/airflow/example_dags/example_latest_only.py took 0.049 seconds
[2023-10-11T07:26:36.040+0000] {processor.py:157} INFO - Started process (PID=1126) to work on /home/airflow/.local/lib/python3.8/site-packages/airflow/example_dags/example_latest_only.py
[2023-10-11T07:26:36.040+0000] {processor.py:829} INFO - Processing file /home/airflow/.local/lib/python3.8/site-packages/airflow/example_dags/example_latest_only.py for tasks to queue
[2023-10-11T07:26:36.042+0000] {logging_mixin.py:151} INFO - [2023-10-11T07:26:36.042+0000] {dagbag.py:539} INFO - Filling up the DagBag from /home/airflow/.local/lib/python3.8/site-packages/airflow/example_dags/example_latest_only.py
[2023-10-11T07:26:36.045+0000] {processor.py:839} INFO - DAG(s) dict_keys(['latest_only']) retrieved from /home/airflow/.local/lib/python3.8/site-packages/airflow/example_dags/example_latest_only.py
[2023-10-11T07:26:36.061+0000] {logging_mixin.py:151} INFO - [2023-10-11T07:26:36.061+0000] {dag.py:2915} INFO - Sync 1 DAGs
[2023-10-11T07:26:36.074+0000] {logging_mixin.py:151} INFO - [2023-10-11T07:26:36.074+0000] {dag.py:3696} INFO - Setting next_dagrun for latest_only to 2023-10-11T03:26:36.074577+00:00, run_after=2023-10-11T07:26:36.074577+00:00
[2023-10-11T07:26:36.084+0000] {processor.py:179} INFO - Processing /home/airflow/.local/lib/python3.8/site-packages/airflow/example_dags/example_latest_only.py took 0.047 seconds
[2023-10-11T07:27:06.521+0000] {processor.py:157} INFO - Started process (PID=1185) to work on /home/airflow/.local/lib/python3.8/site-packages/airflow/example_dags/example_latest_only.py
[2023-10-11T07:27:06.521+0000] {processor.py:829} INFO - Processing file /home/airflow/.local/lib/python3.8/site-packages/airflow/example_dags/example_latest_only.py for tasks to queue
[2023-10-11T07:27:06.523+0000] {logging_mixin.py:151} INFO - [2023-10-11T07:27:06.522+0000] {dagbag.py:539} INFO - Filling up the DagBag from /home/airflow/.local/lib/python3.8/site-packages/airflow/example_dags/example_latest_only.py
[2023-10-11T07:27:06.526+0000] {processor.py:839} INFO - DAG(s) dict_keys(['latest_only']) retrieved from /home/airflow/.local/lib/python3.8/site-packages/airflow/example_dags/example_latest_only.py
[2023-10-11T07:27:06.543+0000] {logging_mixin.py:151} INFO - [2023-10-11T07:27:06.543+0000] {dag.py:2915} INFO - Sync 1 DAGs
[2023-10-11T07:27:06.556+0000] {logging_mixin.py:151} INFO - [2023-10-11T07:27:06.556+0000] {dag.py:3696} INFO - Setting next_dagrun for latest_only to 2023-10-11T03:27:06.556279+00:00, run_after=2023-10-11T07:27:06.556279+00:00
[2023-10-11T07:27:06.566+0000] {processor.py:179} INFO - Processing /home/airflow/.local/lib/python3.8/site-packages/airflow/example_dags/example_latest_only.py took 0.047 seconds
[2023-10-11T07:27:37.229+0000] {processor.py:157} INFO - Started process (PID=1244) to work on /home/airflow/.local/lib/python3.8/site-packages/airflow/example_dags/example_latest_only.py
[2023-10-11T07:27:37.230+0000] {processor.py:829} INFO - Processing file /home/airflow/.local/lib/python3.8/site-packages/airflow/example_dags/example_latest_only.py for tasks to queue
[2023-10-11T07:27:37.231+0000] {logging_mixin.py:151} INFO - [2023-10-11T07:27:37.231+0000] {dagbag.py:539} INFO - Filling up the DagBag from /home/airflow/.local/lib/python3.8/site-packages/airflow/example_dags/example_latest_only.py
[2023-10-11T07:27:37.234+0000] {processor.py:839} INFO - DAG(s) dict_keys(['latest_only']) retrieved from /home/airflow/.local/lib/python3.8/site-packages/airflow/example_dags/example_latest_only.py
[2023-10-11T07:27:37.251+0000] {logging_mixin.py:151} INFO - [2023-10-11T07:27:37.251+0000] {dag.py:2915} INFO - Sync 1 DAGs
[2023-10-11T07:27:37.265+0000] {logging_mixin.py:151} INFO - [2023-10-11T07:27:37.265+0000] {dag.py:3696} INFO - Setting next_dagrun for latest_only to 2023-10-11T03:27:37.265335+00:00, run_after=2023-10-11T07:27:37.265335+00:00
[2023-10-11T07:27:37.276+0000] {processor.py:179} INFO - Processing /home/airflow/.local/lib/python3.8/site-packages/airflow/example_dags/example_latest_only.py took 0.050 seconds
[2023-10-11T07:28:08.343+0000] {processor.py:157} INFO - Started process (PID=1303) to work on /home/airflow/.local/lib/python3.8/site-packages/airflow/example_dags/example_latest_only.py
[2023-10-11T07:28:08.344+0000] {processor.py:829} INFO - Processing file /home/airflow/.local/lib/python3.8/site-packages/airflow/example_dags/example_latest_only.py for tasks to queue
[2023-10-11T07:28:08.346+0000] {logging_mixin.py:151} INFO - [2023-10-11T07:28:08.345+0000] {dagbag.py:539} INFO - Filling up the DagBag from /home/airflow/.local/lib/python3.8/site-packages/airflow/example_dags/example_latest_only.py
[2023-10-11T07:28:08.349+0000] {processor.py:839} INFO - DAG(s) dict_keys(['latest_only']) retrieved from /home/airflow/.local/lib/python3.8/site-packages/airflow/example_dags/example_latest_only.py
[2023-10-11T07:28:08.365+0000] {logging_mixin.py:151} INFO - [2023-10-11T07:28:08.365+0000] {dag.py:2915} INFO - Sync 1 DAGs
[2023-10-11T07:28:08.379+0000] {logging_mixin.py:151} INFO - [2023-10-11T07:28:08.379+0000] {dag.py:3696} INFO - Setting next_dagrun for latest_only to 2023-10-11T03:28:08.378849+00:00, run_after=2023-10-11T07:28:08.378849+00:00
[2023-10-11T07:28:08.389+0000] {processor.py:179} INFO - Processing /home/airflow/.local/lib/python3.8/site-packages/airflow/example_dags/example_latest_only.py took 0.048 seconds
[2023-10-11T07:28:38.817+0000] {processor.py:157} INFO - Started process (PID=1362) to work on /home/airflow/.local/lib/python3.8/site-packages/airflow/example_dags/example_latest_only.py
[2023-10-11T07:28:38.818+0000] {processor.py:829} INFO - Processing file /home/airflow/.local/lib/python3.8/site-packages/airflow/example_dags/example_latest_only.py for tasks to queue
[2023-10-11T07:28:38.819+0000] {logging_mixin.py:151} INFO - [2023-10-11T07:28:38.819+0000] {dagbag.py:539} INFO - Filling up the DagBag from /home/airflow/.local/lib/python3.8/site-packages/airflow/example_dags/example_latest_only.py
[2023-10-11T07:28:38.823+0000] {processor.py:839} INFO - DAG(s) dict_keys(['latest_only']) retrieved from /home/airflow/.local/lib/python3.8/site-packages/airflow/example_dags/example_latest_only.py
[2023-10-11T07:28:38.839+0000] {logging_mixin.py:151} INFO - [2023-10-11T07:28:38.838+0000] {dag.py:2915} INFO - Sync 1 DAGs
[2023-10-11T07:28:38.852+0000] {logging_mixin.py:151} INFO - [2023-10-11T07:28:38.852+0000] {dag.py:3696} INFO - Setting next_dagrun for latest_only to 2023-10-11T03:28:38.851924+00:00, run_after=2023-10-11T07:28:38.851924+00:00
[2023-10-11T07:28:38.862+0000] {processor.py:179} INFO - Processing /home/airflow/.local/lib/python3.8/site-packages/airflow/example_dags/example_latest_only.py took 0.046 seconds
[2023-10-11T07:29:10.043+0000] {processor.py:157} INFO - Started process (PID=1421) to work on /home/airflow/.local/lib/python3.8/site-packages/airflow/example_dags/example_latest_only.py
[2023-10-11T07:29:10.044+0000] {processor.py:829} INFO - Processing file /home/airflow/.local/lib/python3.8/site-packages/airflow/example_dags/example_latest_only.py for tasks to queue
[2023-10-11T07:29:10.045+0000] {logging_mixin.py:151} INFO - [2023-10-11T07:29:10.045+0000] {dagbag.py:539} INFO - Filling up the DagBag from /home/airflow/.local/lib/python3.8/site-packages/airflow/example_dags/example_latest_only.py
[2023-10-11T07:29:10.048+0000] {processor.py:839} INFO - DAG(s) dict_keys(['latest_only']) retrieved from /home/airflow/.local/lib/python3.8/site-packages/airflow/example_dags/example_latest_only.py
[2023-10-11T07:29:10.065+0000] {logging_mixin.py:151} INFO - [2023-10-11T07:29:10.065+0000] {dag.py:2915} INFO - Sync 1 DAGs
[2023-10-11T07:29:10.078+0000] {logging_mixin.py:151} INFO - [2023-10-11T07:29:10.078+0000] {dag.py:3696} INFO - Setting next_dagrun for latest_only to 2023-10-11T03:29:10.078536+00:00, run_after=2023-10-11T07:29:10.078536+00:00
[2023-10-11T07:29:10.088+0000] {processor.py:179} INFO - Processing /home/airflow/.local/lib/python3.8/site-packages/airflow/example_dags/example_latest_only.py took 0.047 seconds
[2023-10-11T07:29:41.122+0000] {processor.py:157} INFO - Started process (PID=1480) to work on /home/airflow/.local/lib/python3.8/site-packages/airflow/example_dags/example_latest_only.py
[2023-10-11T07:29:41.122+0000] {processor.py:829} INFO - Processing file /home/airflow/.local/lib/python3.8/site-packages/airflow/example_dags/example_latest_only.py for tasks to queue
[2023-10-11T07:29:41.124+0000] {logging_mixin.py:151} INFO - [2023-10-11T07:29:41.124+0000] {dagbag.py:539} INFO - Filling up the DagBag from /home/airflow/.local/lib/python3.8/site-packages/airflow/example_dags/example_latest_only.py
[2023-10-11T07:29:41.137+0000] {processor.py:839} INFO - DAG(s) dict_keys(['latest_only']) retrieved from /home/airflow/.local/lib/python3.8/site-packages/airflow/example_dags/example_latest_only.py
[2023-10-11T07:29:41.157+0000] {logging_mixin.py:151} INFO - [2023-10-11T07:29:41.156+0000] {dag.py:2915} INFO - Sync 1 DAGs
[2023-10-11T07:29:41.180+0000] {logging_mixin.py:151} INFO - [2023-10-11T07:29:41.180+0000] {dag.py:3696} INFO - Setting next_dagrun for latest_only to 2023-10-11T03:29:41.180143+00:00, run_after=2023-10-11T07:29:41.180143+00:00
[2023-10-11T07:29:41.192+0000] {processor.py:179} INFO - Processing /home/airflow/.local/lib/python3.8/site-packages/airflow/example_dags/example_latest_only.py took 0.073 seconds
[2023-10-11T07:30:11.981+0000] {processor.py:157} INFO - Started process (PID=1539) to work on /home/airflow/.local/lib/python3.8/site-packages/airflow/example_dags/example_latest_only.py
[2023-10-11T07:30:11.982+0000] {processor.py:829} INFO - Processing file /home/airflow/.local/lib/python3.8/site-packages/airflow/example_dags/example_latest_only.py for tasks to queue
[2023-10-11T07:30:11.984+0000] {logging_mixin.py:151} INFO - [2023-10-11T07:30:11.983+0000] {dagbag.py:539} INFO - Filling up the DagBag from /home/airflow/.local/lib/python3.8/site-packages/airflow/example_dags/example_latest_only.py
[2023-10-11T07:30:11.987+0000] {processor.py:839} INFO - DAG(s) dict_keys(['latest_only']) retrieved from /home/airflow/.local/lib/python3.8/site-packages/airflow/example_dags/example_latest_only.py
[2023-10-11T07:30:12.004+0000] {logging_mixin.py:151} INFO - [2023-10-11T07:30:12.004+0000] {dag.py:2915} INFO - Sync 1 DAGs
[2023-10-11T07:30:12.019+0000] {logging_mixin.py:151} INFO - [2023-10-11T07:30:12.019+0000] {dag.py:3696} INFO - Setting next_dagrun for latest_only to 2023-10-11T03:30:12.019494+00:00, run_after=2023-10-11T07:30:12.019494+00:00
[2023-10-11T07:30:12.029+0000] {processor.py:179} INFO - Processing /home/airflow/.local/lib/python3.8/site-packages/airflow/example_dags/example_latest_only.py took 0.050 seconds
[2023-10-11T07:30:42.190+0000] {processor.py:157} INFO - Started process (PID=1603) to work on /home/airflow/.local/lib/python3.8/site-packages/airflow/example_dags/example_latest_only.py
[2023-10-11T07:30:42.191+0000] {processor.py:829} INFO - Processing file /home/airflow/.local/lib/python3.8/site-packages/airflow/example_dags/example_latest_only.py for tasks to queue
[2023-10-11T07:30:42.193+0000] {logging_mixin.py:151} INFO - [2023-10-11T07:30:42.192+0000] {dagbag.py:539} INFO - Filling up the DagBag from /home/airflow/.local/lib/python3.8/site-packages/airflow/example_dags/example_latest_only.py
[2023-10-11T07:30:42.196+0000] {processor.py:839} INFO - DAG(s) dict_keys(['latest_only']) retrieved from /home/airflow/.local/lib/python3.8/site-packages/airflow/example_dags/example_latest_only.py
[2023-10-11T07:30:42.213+0000] {logging_mixin.py:151} INFO - [2023-10-11T07:30:42.213+0000] {dag.py:2915} INFO - Sync 1 DAGs
[2023-10-11T07:30:42.227+0000] {logging_mixin.py:151} INFO - [2023-10-11T07:30:42.227+0000] {dag.py:3696} INFO - Setting next_dagrun for latest_only to 2023-10-11T03:30:42.227070+00:00, run_after=2023-10-11T07:30:42.227070+00:00
[2023-10-11T07:30:42.237+0000] {processor.py:179} INFO - Processing /home/airflow/.local/lib/python3.8/site-packages/airflow/example_dags/example_latest_only.py took 0.049 seconds
[2023-10-11T07:31:12.460+0000] {processor.py:157} INFO - Started process (PID=1662) to work on /home/airflow/.local/lib/python3.8/site-packages/airflow/example_dags/example_latest_only.py
[2023-10-11T07:31:12.461+0000] {processor.py:829} INFO - Processing file /home/airflow/.local/lib/python3.8/site-packages/airflow/example_dags/example_latest_only.py for tasks to queue
[2023-10-11T07:31:12.462+0000] {logging_mixin.py:151} INFO - [2023-10-11T07:31:12.462+0000] {dagbag.py:539} INFO - Filling up the DagBag from /home/airflow/.local/lib/python3.8/site-packages/airflow/example_dags/example_latest_only.py
[2023-10-11T07:31:12.465+0000] {processor.py:839} INFO - DAG(s) dict_keys(['latest_only']) retrieved from /home/airflow/.local/lib/python3.8/site-packages/airflow/example_dags/example_latest_only.py
[2023-10-11T07:31:12.482+0000] {logging_mixin.py:151} INFO - [2023-10-11T07:31:12.482+0000] {dag.py:2915} INFO - Sync 1 DAGs
[2023-10-11T07:31:12.496+0000] {logging_mixin.py:151} INFO - [2023-10-11T07:31:12.496+0000] {dag.py:3696} INFO - Setting next_dagrun for latest_only to 2023-10-11T03:31:12.496179+00:00, run_after=2023-10-11T07:31:12.496179+00:00
[2023-10-11T07:31:12.506+0000] {processor.py:179} INFO - Processing /home/airflow/.local/lib/python3.8/site-packages/airflow/example_dags/example_latest_only.py took 0.049 seconds
[2023-10-11T07:31:42.718+0000] {processor.py:157} INFO - Started process (PID=1721) to work on /home/airflow/.local/lib/python3.8/site-packages/airflow/example_dags/example_latest_only.py
[2023-10-11T07:31:42.719+0000] {processor.py:829} INFO - Processing file /home/airflow/.local/lib/python3.8/site-packages/airflow/example_dags/example_latest_only.py for tasks to queue
[2023-10-11T07:31:42.721+0000] {logging_mixin.py:151} INFO - [2023-10-11T07:31:42.721+0000] {dagbag.py:539} INFO - Filling up the DagBag from /home/airflow/.local/lib/python3.8/site-packages/airflow/example_dags/example_latest_only.py
[2023-10-11T07:31:42.725+0000] {processor.py:839} INFO - DAG(s) dict_keys(['latest_only']) retrieved from /home/airflow/.local/lib/python3.8/site-packages/airflow/example_dags/example_latest_only.py
[2023-10-11T07:31:42.743+0000] {logging_mixin.py:151} INFO - [2023-10-11T07:31:42.743+0000] {dag.py:2915} INFO - Sync 1 DAGs
[2023-10-11T07:31:42.758+0000] {logging_mixin.py:151} INFO - [2023-10-11T07:31:42.758+0000] {dag.py:3696} INFO - Setting next_dagrun for latest_only to 2023-10-11T03:31:42.757941+00:00, run_after=2023-10-11T07:31:42.757941+00:00
[2023-10-11T07:31:42.768+0000] {processor.py:179} INFO - Processing /home/airflow/.local/lib/python3.8/site-packages/airflow/example_dags/example_latest_only.py took 0.052 seconds
[2023-10-11T07:32:13.895+0000] {processor.py:157} INFO - Started process (PID=1780) to work on /home/airflow/.local/lib/python3.8/site-packages/airflow/example_dags/example_latest_only.py
[2023-10-11T07:32:13.896+0000] {processor.py:829} INFO - Processing file /home/airflow/.local/lib/python3.8/site-packages/airflow/example_dags/example_latest_only.py for tasks to queue
[2023-10-11T07:32:13.898+0000] {logging_mixin.py:151} INFO - [2023-10-11T07:32:13.898+0000] {dagbag.py:539} INFO - Filling up the DagBag from /home/airflow/.local/lib/python3.8/site-packages/airflow/example_dags/example_latest_only.py
[2023-10-11T07:32:13.901+0000] {processor.py:839} INFO - DAG(s) dict_keys(['latest_only']) retrieved from /home/airflow/.local/lib/python3.8/site-packages/airflow/example_dags/example_latest_only.py
[2023-10-11T07:32:13.918+0000] {logging_mixin.py:151} INFO - [2023-10-11T07:32:13.918+0000] {dag.py:2915} INFO - Sync 1 DAGs
[2023-10-11T07:32:13.933+0000] {logging_mixin.py:151} INFO - [2023-10-11T07:32:13.933+0000] {dag.py:3696} INFO - Setting next_dagrun for latest_only to 2023-10-11T03:32:13.933324+00:00, run_after=2023-10-11T07:32:13.933324+00:00
[2023-10-11T07:32:13.943+0000] {processor.py:179} INFO - Processing /home/airflow/.local/lib/python3.8/site-packages/airflow/example_dags/example_latest_only.py took 0.050 seconds
[2023-10-11T07:32:45.088+0000] {processor.py:157} INFO - Started process (PID=1839) to work on /home/airflow/.local/lib/python3.8/site-packages/airflow/example_dags/example_latest_only.py
[2023-10-11T07:32:45.088+0000] {processor.py:829} INFO - Processing file /home/airflow/.local/lib/python3.8/site-packages/airflow/example_dags/example_latest_only.py for tasks to queue
[2023-10-11T07:32:45.090+0000] {logging_mixin.py:151} INFO - [2023-10-11T07:32:45.090+0000] {dagbag.py:539} INFO - Filling up the DagBag from /home/airflow/.local/lib/python3.8/site-packages/airflow/example_dags/example_latest_only.py
[2023-10-11T07:32:45.093+0000] {processor.py:839} INFO - DAG(s) dict_keys(['latest_only']) retrieved from /home/airflow/.local/lib/python3.8/site-packages/airflow/example_dags/example_latest_only.py
[2023-10-11T07:32:45.110+0000] {logging_mixin.py:151} INFO - [2023-10-11T07:32:45.110+0000] {dag.py:2915} INFO - Sync 1 DAGs
[2023-10-11T07:32:45.124+0000] {logging_mixin.py:151} INFO - [2023-10-11T07:32:45.124+0000] {dag.py:3696} INFO - Setting next_dagrun for latest_only to 2023-10-11T03:32:45.124021+00:00, run_after=2023-10-11T07:32:45.124021+00:00
[2023-10-11T07:32:45.134+0000] {processor.py:179} INFO - Processing /home/airflow/.local/lib/python3.8/site-packages/airflow/example_dags/example_latest_only.py took 0.048 seconds
[2023-10-11T07:33:15.309+0000] {processor.py:157} INFO - Started process (PID=1899) to work on /home/airflow/.local/lib/python3.8/site-packages/airflow/example_dags/example_latest_only.py
[2023-10-11T07:33:15.310+0000] {processor.py:829} INFO - Processing file /home/airflow/.local/lib/python3.8/site-packages/airflow/example_dags/example_latest_only.py for tasks to queue
[2023-10-11T07:33:15.311+0000] {logging_mixin.py:151} INFO - [2023-10-11T07:33:15.311+0000] {dagbag.py:539} INFO - Filling up the DagBag from /home/airflow/.local/lib/python3.8/site-packages/airflow/example_dags/example_latest_only.py
[2023-10-11T07:33:15.315+0000] {processor.py:839} INFO - DAG(s) dict_keys(['latest_only']) retrieved from /home/airflow/.local/lib/python3.8/site-packages/airflow/example_dags/example_latest_only.py
[2023-10-11T07:33:15.332+0000] {logging_mixin.py:151} INFO - [2023-10-11T07:33:15.332+0000] {dag.py:2915} INFO - Sync 1 DAGs
[2023-10-11T07:33:15.350+0000] {logging_mixin.py:151} INFO - [2023-10-11T07:33:15.350+0000] {dag.py:3696} INFO - Setting next_dagrun for latest_only to 2023-10-11T03:33:15.349872+00:00, run_after=2023-10-11T07:33:15.349872+00:00
[2023-10-11T07:33:15.360+0000] {processor.py:179} INFO - Processing /home/airflow/.local/lib/python3.8/site-packages/airflow/example_dags/example_latest_only.py took 0.054 seconds
[2023-10-11T07:33:46.654+0000] {processor.py:157} INFO - Started process (PID=1958) to work on /home/airflow/.local/lib/python3.8/site-packages/airflow/example_dags/example_latest_only.py
[2023-10-11T07:33:46.654+0000] {processor.py:829} INFO - Processing file /home/airflow/.local/lib/python3.8/site-packages/airflow/example_dags/example_latest_only.py for tasks to queue
[2023-10-11T07:33:46.656+0000] {logging_mixin.py:151} INFO - [2023-10-11T07:33:46.656+0000] {dagbag.py:539} INFO - Filling up the DagBag from /home/airflow/.local/lib/python3.8/site-packages/airflow/example_dags/example_latest_only.py
[2023-10-11T07:33:46.659+0000] {processor.py:839} INFO - DAG(s) dict_keys(['latest_only']) retrieved from /home/airflow/.local/lib/python3.8/site-packages/airflow/example_dags/example_latest_only.py
[2023-10-11T07:33:46.676+0000] {logging_mixin.py:151} INFO - [2023-10-11T07:33:46.676+0000] {dag.py:2915} INFO - Sync 1 DAGs
[2023-10-11T07:33:46.690+0000] {logging_mixin.py:151} INFO - [2023-10-11T07:33:46.689+0000] {dag.py:3696} INFO - Setting next_dagrun for latest_only to 2023-10-11T03:33:46.689716+00:00, run_after=2023-10-11T07:33:46.689716+00:00
[2023-10-11T07:33:46.699+0000] {processor.py:179} INFO - Processing /home/airflow/.local/lib/python3.8/site-packages/airflow/example_dags/example_latest_only.py took 0.048 seconds
[2023-10-11T07:34:17.799+0000] {processor.py:157} INFO - Started process (PID=2017) to work on /home/airflow/.local/lib/python3.8/site-packages/airflow/example_dags/example_latest_only.py
[2023-10-11T07:34:17.800+0000] {processor.py:829} INFO - Processing file /home/airflow/.local/lib/python3.8/site-packages/airflow/example_dags/example_latest_only.py for tasks to queue
[2023-10-11T07:34:17.801+0000] {logging_mixin.py:151} INFO - [2023-10-11T07:34:17.801+0000] {dagbag.py:539} INFO - Filling up the DagBag from /home/airflow/.local/lib/python3.8/site-packages/airflow/example_dags/example_latest_only.py
[2023-10-11T07:34:17.805+0000] {processor.py:839} INFO - DAG(s) dict_keys(['latest_only']) retrieved from /home/airflow/.local/lib/python3.8/site-packages/airflow/example_dags/example_latest_only.py
[2023-10-11T07:34:17.821+0000] {logging_mixin.py:151} INFO - [2023-10-11T07:34:17.821+0000] {dag.py:2915} INFO - Sync 1 DAGs
[2023-10-11T07:34:17.836+0000] {logging_mixin.py:151} INFO - [2023-10-11T07:34:17.836+0000] {dag.py:3696} INFO - Setting next_dagrun for latest_only to 2023-10-11T03:34:17.836175+00:00, run_after=2023-10-11T07:34:17.836175+00:00
[2023-10-11T07:34:17.847+0000] {processor.py:179} INFO - Processing /home/airflow/.local/lib/python3.8/site-packages/airflow/example_dags/example_latest_only.py took 0.050 seconds
[2023-10-11T07:34:48.928+0000] {processor.py:157} INFO - Started process (PID=2076) to work on /home/airflow/.local/lib/python3.8/site-packages/airflow/example_dags/example_latest_only.py
[2023-10-11T07:34:48.929+0000] {processor.py:829} INFO - Processing file /home/airflow/.local/lib/python3.8/site-packages/airflow/example_dags/example_latest_only.py for tasks to queue
[2023-10-11T07:34:48.930+0000] {logging_mixin.py:151} INFO - [2023-10-11T07:34:48.930+0000] {dagbag.py:539} INFO - Filling up the DagBag from /home/airflow/.local/lib/python3.8/site-packages/airflow/example_dags/example_latest_only.py
[2023-10-11T07:34:48.934+0000] {processor.py:839} INFO - DAG(s) dict_keys(['latest_only']) retrieved from /home/airflow/.local/lib/python3.8/site-packages/airflow/example_dags/example_latest_only.py
[2023-10-11T07:34:48.950+0000] {logging_mixin.py:151} INFO - [2023-10-11T07:34:48.950+0000] {dag.py:2915} INFO - Sync 1 DAGs
[2023-10-11T07:34:48.965+0000] {logging_mixin.py:151} INFO - [2023-10-11T07:34:48.965+0000] {dag.py:3696} INFO - Setting next_dagrun for latest_only to 2023-10-11T03:34:48.964808+00:00, run_after=2023-10-11T07:34:48.964808+00:00
[2023-10-11T07:34:48.975+0000] {processor.py:179} INFO - Processing /home/airflow/.local/lib/python3.8/site-packages/airflow/example_dags/example_latest_only.py took 0.049 seconds
[2023-10-11T07:35:19.308+0000] {processor.py:157} INFO - Started process (PID=2135) to work on /home/airflow/.local/lib/python3.8/site-packages/airflow/example_dags/example_latest_only.py
[2023-10-11T07:35:19.309+0000] {processor.py:829} INFO - Processing file /home/airflow/.local/lib/python3.8/site-packages/airflow/example_dags/example_latest_only.py for tasks to queue
[2023-10-11T07:35:19.312+0000] {logging_mixin.py:151} INFO - [2023-10-11T07:35:19.312+0000] {dagbag.py:539} INFO - Filling up the DagBag from /home/airflow/.local/lib/python3.8/site-packages/airflow/example_dags/example_latest_only.py
[2023-10-11T07:35:19.318+0000] {processor.py:839} INFO - DAG(s) dict_keys(['latest_only']) retrieved from /home/airflow/.local/lib/python3.8/site-packages/airflow/example_dags/example_latest_only.py
[2023-10-11T07:35:19.342+0000] {logging_mixin.py:151} INFO - [2023-10-11T07:35:19.342+0000] {dag.py:2915} INFO - Sync 1 DAGs
[2023-10-11T07:35:19.357+0000] {logging_mixin.py:151} INFO - [2023-10-11T07:35:19.357+0000] {dag.py:3696} INFO - Setting next_dagrun for latest_only to 2023-10-11T03:35:19.356879+00:00, run_after=2023-10-11T07:35:19.356879+00:00
[2023-10-11T07:35:19.367+0000] {processor.py:179} INFO - Processing /home/airflow/.local/lib/python3.8/site-packages/airflow/example_dags/example_latest_only.py took 0.061 seconds
[2023-10-11T07:35:50.643+0000] {processor.py:157} INFO - Started process (PID=2194) to work on /home/airflow/.local/lib/python3.8/site-packages/airflow/example_dags/example_latest_only.py
[2023-10-11T07:35:50.644+0000] {processor.py:829} INFO - Processing file /home/airflow/.local/lib/python3.8/site-packages/airflow/example_dags/example_latest_only.py for tasks to queue
[2023-10-11T07:35:50.645+0000] {logging_mixin.py:151} INFO - [2023-10-11T07:35:50.645+0000] {dagbag.py:539} INFO - Filling up the DagBag from /home/airflow/.local/lib/python3.8/site-packages/airflow/example_dags/example_latest_only.py
[2023-10-11T07:35:50.649+0000] {processor.py:839} INFO - DAG(s) dict_keys(['latest_only']) retrieved from /home/airflow/.local/lib/python3.8/site-packages/airflow/example_dags/example_latest_only.py
[2023-10-11T07:35:50.665+0000] {logging_mixin.py:151} INFO - [2023-10-11T07:35:50.665+0000] {dag.py:2915} INFO - Sync 1 DAGs
[2023-10-11T07:35:50.680+0000] {logging_mixin.py:151} INFO - [2023-10-11T07:35:50.679+0000] {dag.py:3696} INFO - Setting next_dagrun for latest_only to 2023-10-11T03:35:50.679734+00:00, run_after=2023-10-11T07:35:50.679734+00:00
[2023-10-11T07:35:50.690+0000] {processor.py:179} INFO - Processing /home/airflow/.local/lib/python3.8/site-packages/airflow/example_dags/example_latest_only.py took 0.050 seconds
[2023-10-11T07:37:30.326+0000] {processor.py:157} INFO - Started process (PID=70) to work on /home/airflow/.local/lib/python3.8/site-packages/airflow/example_dags/example_latest_only.py
[2023-10-11T07:37:30.327+0000] {processor.py:829} INFO - Processing file /home/airflow/.local/lib/python3.8/site-packages/airflow/example_dags/example_latest_only.py for tasks to queue
[2023-10-11T07:37:30.329+0000] {logging_mixin.py:151} INFO - [2023-10-11T07:37:30.329+0000] {dagbag.py:539} INFO - Filling up the DagBag from /home/airflow/.local/lib/python3.8/site-packages/airflow/example_dags/example_latest_only.py
[2023-10-11T07:37:30.333+0000] {processor.py:839} INFO - DAG(s) dict_keys(['latest_only']) retrieved from /home/airflow/.local/lib/python3.8/site-packages/airflow/example_dags/example_latest_only.py
[2023-10-11T07:37:30.397+0000] {logging_mixin.py:151} INFO - [2023-10-11T07:37:30.397+0000] {manager.py:499} INFO - Created Permission View: %s
[2023-10-11T07:37:30.408+0000] {logging_mixin.py:151} INFO - [2023-10-11T07:37:30.408+0000] {manager.py:499} INFO - Created Permission View: %s
[2023-10-11T07:37:30.422+0000] {logging_mixin.py:151} INFO - [2023-10-11T07:37:30.422+0000] {manager.py:499} INFO - Created Permission View: %s
[2023-10-11T07:37:30.423+0000] {logging_mixin.py:151} INFO - [2023-10-11T07:37:30.423+0000] {security.py:708} INFO - Not syncing DAG-level permissions for DAG 'DAG:latest_only' as access control is unset.
[2023-10-11T07:37:30.423+0000] {logging_mixin.py:151} INFO - [2023-10-11T07:37:30.423+0000] {dag.py:2915} INFO - Sync 1 DAGs
[2023-10-11T07:37:30.455+0000] {logging_mixin.py:151} INFO - [2023-10-11T07:37:30.455+0000] {dag.py:2937} INFO - Creating ORM DAG for latest_only
[2023-10-11T07:37:30.467+0000] {logging_mixin.py:151} INFO - [2023-10-11T07:37:30.466+0000] {dag.py:3696} INFO - Setting next_dagrun for latest_only to 2023-10-11T03:37:30.466567+00:00, run_after=2023-10-11T07:37:30.466567+00:00
[2023-10-11T07:37:30.478+0000] {processor.py:179} INFO - Processing /home/airflow/.local/lib/python3.8/site-packages/airflow/example_dags/example_latest_only.py took 0.154 seconds
[2023-10-11T07:38:00.910+0000] {processor.py:157} INFO - Started process (PID=129) to work on /home/airflow/.local/lib/python3.8/site-packages/airflow/example_dags/example_latest_only.py
[2023-10-11T07:38:00.911+0000] {processor.py:829} INFO - Processing file /home/airflow/.local/lib/python3.8/site-packages/airflow/example_dags/example_latest_only.py for tasks to queue
[2023-10-11T07:38:00.912+0000] {logging_mixin.py:151} INFO - [2023-10-11T07:38:00.912+0000] {dagbag.py:539} INFO - Filling up the DagBag from /home/airflow/.local/lib/python3.8/site-packages/airflow/example_dags/example_latest_only.py
[2023-10-11T07:38:00.916+0000] {processor.py:839} INFO - DAG(s) dict_keys(['latest_only']) retrieved from /home/airflow/.local/lib/python3.8/site-packages/airflow/example_dags/example_latest_only.py
[2023-10-11T07:38:00.933+0000] {logging_mixin.py:151} INFO - [2023-10-11T07:38:00.933+0000] {dag.py:2915} INFO - Sync 1 DAGs
[2023-10-11T07:38:00.947+0000] {logging_mixin.py:151} INFO - [2023-10-11T07:38:00.947+0000] {dag.py:3696} INFO - Setting next_dagrun for latest_only to 2023-10-11T03:38:00.947163+00:00, run_after=2023-10-11T07:38:00.947163+00:00
[2023-10-11T07:38:00.958+0000] {processor.py:179} INFO - Processing /home/airflow/.local/lib/python3.8/site-packages/airflow/example_dags/example_latest_only.py took 0.050 seconds
[2023-10-11T07:38:31.447+0000] {processor.py:157} INFO - Started process (PID=188) to work on /home/airflow/.local/lib/python3.8/site-packages/airflow/example_dags/example_latest_only.py
[2023-10-11T07:38:31.448+0000] {processor.py:829} INFO - Processing file /home/airflow/.local/lib/python3.8/site-packages/airflow/example_dags/example_latest_only.py for tasks to queue
[2023-10-11T07:38:31.450+0000] {logging_mixin.py:151} INFO - [2023-10-11T07:38:31.449+0000] {dagbag.py:539} INFO - Filling up the DagBag from /home/airflow/.local/lib/python3.8/site-packages/airflow/example_dags/example_latest_only.py
[2023-10-11T07:38:31.453+0000] {processor.py:839} INFO - DAG(s) dict_keys(['latest_only']) retrieved from /home/airflow/.local/lib/python3.8/site-packages/airflow/example_dags/example_latest_only.py
[2023-10-11T07:38:31.469+0000] {logging_mixin.py:151} INFO - [2023-10-11T07:38:31.469+0000] {dag.py:2915} INFO - Sync 1 DAGs
[2023-10-11T07:38:31.483+0000] {logging_mixin.py:151} INFO - [2023-10-11T07:38:31.483+0000] {dag.py:3696} INFO - Setting next_dagrun for latest_only to 2023-10-11T03:38:31.483545+00:00, run_after=2023-10-11T07:38:31.483545+00:00
[2023-10-11T07:38:31.494+0000] {processor.py:179} INFO - Processing /home/airflow/.local/lib/python3.8/site-packages/airflow/example_dags/example_latest_only.py took 0.049 seconds
[2023-10-11T07:39:01.699+0000] {processor.py:157} INFO - Started process (PID=247) to work on /home/airflow/.local/lib/python3.8/site-packages/airflow/example_dags/example_latest_only.py
[2023-10-11T07:39:01.700+0000] {processor.py:829} INFO - Processing file /home/airflow/.local/lib/python3.8/site-packages/airflow/example_dags/example_latest_only.py for tasks to queue
[2023-10-11T07:39:01.701+0000] {logging_mixin.py:151} INFO - [2023-10-11T07:39:01.701+0000] {dagbag.py:539} INFO - Filling up the DagBag from /home/airflow/.local/lib/python3.8/site-packages/airflow/example_dags/example_latest_only.py
[2023-10-11T07:39:01.705+0000] {processor.py:839} INFO - DAG(s) dict_keys(['latest_only']) retrieved from /home/airflow/.local/lib/python3.8/site-packages/airflow/example_dags/example_latest_only.py
[2023-10-11T07:39:01.721+0000] {logging_mixin.py:151} INFO - [2023-10-11T07:39:01.721+0000] {dag.py:2915} INFO - Sync 1 DAGs
[2023-10-11T07:39:01.736+0000] {logging_mixin.py:151} INFO - [2023-10-11T07:39:01.736+0000] {dag.py:3696} INFO - Setting next_dagrun for latest_only to 2023-10-11T03:39:01.735844+00:00, run_after=2023-10-11T07:39:01.735844+00:00
[2023-10-11T07:39:01.746+0000] {processor.py:179} INFO - Processing /home/airflow/.local/lib/python3.8/site-packages/airflow/example_dags/example_latest_only.py took 0.049 seconds
[2023-10-11T07:39:32.098+0000] {processor.py:157} INFO - Started process (PID=306) to work on /home/airflow/.local/lib/python3.8/site-packages/airflow/example_dags/example_latest_only.py
[2023-10-11T07:39:32.099+0000] {processor.py:829} INFO - Processing file /home/airflow/.local/lib/python3.8/site-packages/airflow/example_dags/example_latest_only.py for tasks to queue
[2023-10-11T07:39:32.100+0000] {logging_mixin.py:151} INFO - [2023-10-11T07:39:32.100+0000] {dagbag.py:539} INFO - Filling up the DagBag from /home/airflow/.local/lib/python3.8/site-packages/airflow/example_dags/example_latest_only.py
[2023-10-11T07:39:32.104+0000] {processor.py:839} INFO - DAG(s) dict_keys(['latest_only']) retrieved from /home/airflow/.local/lib/python3.8/site-packages/airflow/example_dags/example_latest_only.py
[2023-10-11T07:39:32.121+0000] {logging_mixin.py:151} INFO - [2023-10-11T07:39:32.121+0000] {dag.py:2915} INFO - Sync 1 DAGs
[2023-10-11T07:39:32.135+0000] {logging_mixin.py:151} INFO - [2023-10-11T07:39:32.135+0000] {dag.py:3696} INFO - Setting next_dagrun for latest_only to 2023-10-11T03:39:32.134967+00:00, run_after=2023-10-11T07:39:32.134967+00:00
[2023-10-11T07:39:32.146+0000] {processor.py:179} INFO - Processing /home/airflow/.local/lib/python3.8/site-packages/airflow/example_dags/example_latest_only.py took 0.050 seconds
[2023-10-11T07:40:02.437+0000] {processor.py:157} INFO - Started process (PID=365) to work on /home/airflow/.local/lib/python3.8/site-packages/airflow/example_dags/example_latest_only.py
[2023-10-11T07:40:02.438+0000] {processor.py:829} INFO - Processing file /home/airflow/.local/lib/python3.8/site-packages/airflow/example_dags/example_latest_only.py for tasks to queue
[2023-10-11T07:40:02.439+0000] {logging_mixin.py:151} INFO - [2023-10-11T07:40:02.439+0000] {dagbag.py:539} INFO - Filling up the DagBag from /home/airflow/.local/lib/python3.8/site-packages/airflow/example_dags/example_latest_only.py
[2023-10-11T07:40:02.443+0000] {processor.py:839} INFO - DAG(s) dict_keys(['latest_only']) retrieved from /home/airflow/.local/lib/python3.8/site-packages/airflow/example_dags/example_latest_only.py
[2023-10-11T07:40:02.459+0000] {logging_mixin.py:151} INFO - [2023-10-11T07:40:02.459+0000] {dag.py:2915} INFO - Sync 1 DAGs
[2023-10-11T07:40:02.473+0000] {logging_mixin.py:151} INFO - [2023-10-11T07:40:02.472+0000] {dag.py:3696} INFO - Setting next_dagrun for latest_only to 2023-10-11T03:40:02.472767+00:00, run_after=2023-10-11T07:40:02.472767+00:00
[2023-10-11T07:40:02.483+0000] {processor.py:179} INFO - Processing /home/airflow/.local/lib/python3.8/site-packages/airflow/example_dags/example_latest_only.py took 0.048 seconds
[2023-10-11T07:40:33.626+0000] {processor.py:157} INFO - Started process (PID=424) to work on /home/airflow/.local/lib/python3.8/site-packages/airflow/example_dags/example_latest_only.py
[2023-10-11T07:40:33.627+0000] {processor.py:829} INFO - Processing file /home/airflow/.local/lib/python3.8/site-packages/airflow/example_dags/example_latest_only.py for tasks to queue
[2023-10-11T07:40:33.628+0000] {logging_mixin.py:151} INFO - [2023-10-11T07:40:33.628+0000] {dagbag.py:539} INFO - Filling up the DagBag from /home/airflow/.local/lib/python3.8/site-packages/airflow/example_dags/example_latest_only.py
[2023-10-11T07:40:33.631+0000] {processor.py:839} INFO - DAG(s) dict_keys(['latest_only']) retrieved from /home/airflow/.local/lib/python3.8/site-packages/airflow/example_dags/example_latest_only.py
[2023-10-11T07:40:33.648+0000] {logging_mixin.py:151} INFO - [2023-10-11T07:40:33.647+0000] {dag.py:2915} INFO - Sync 1 DAGs
[2023-10-11T07:40:33.661+0000] {logging_mixin.py:151} INFO - [2023-10-11T07:40:33.661+0000] {dag.py:3696} INFO - Setting next_dagrun for latest_only to 2023-10-11T03:40:33.661171+00:00, run_after=2023-10-11T07:40:33.661171+00:00
[2023-10-11T07:40:33.671+0000] {processor.py:179} INFO - Processing /home/airflow/.local/lib/python3.8/site-packages/airflow/example_dags/example_latest_only.py took 0.048 seconds
[2023-10-11T07:41:04.912+0000] {processor.py:157} INFO - Started process (PID=483) to work on /home/airflow/.local/lib/python3.8/site-packages/airflow/example_dags/example_latest_only.py
[2023-10-11T07:41:04.913+0000] {processor.py:829} INFO - Processing file /home/airflow/.local/lib/python3.8/site-packages/airflow/example_dags/example_latest_only.py for tasks to queue
[2023-10-11T07:41:04.914+0000] {logging_mixin.py:151} INFO - [2023-10-11T07:41:04.914+0000] {dagbag.py:539} INFO - Filling up the DagBag from /home/airflow/.local/lib/python3.8/site-packages/airflow/example_dags/example_latest_only.py
[2023-10-11T07:41:04.917+0000] {processor.py:839} INFO - DAG(s) dict_keys(['latest_only']) retrieved from /home/airflow/.local/lib/python3.8/site-packages/airflow/example_dags/example_latest_only.py
[2023-10-11T07:41:04.933+0000] {logging_mixin.py:151} INFO - [2023-10-11T07:41:04.933+0000] {dag.py:2915} INFO - Sync 1 DAGs
[2023-10-11T07:41:04.945+0000] {logging_mixin.py:151} INFO - [2023-10-11T07:41:04.945+0000] {dag.py:3696} INFO - Setting next_dagrun for latest_only to 2023-10-11T03:41:04.945503+00:00, run_after=2023-10-11T07:41:04.945503+00:00
[2023-10-11T07:41:04.954+0000] {processor.py:179} INFO - Processing /home/airflow/.local/lib/python3.8/site-packages/airflow/example_dags/example_latest_only.py took 0.044 seconds
[2023-10-11T07:41:35.019+0000] {processor.py:157} INFO - Started process (PID=538) to work on /home/airflow/.local/lib/python3.8/site-packages/airflow/example_dags/example_latest_only.py
[2023-10-11T07:41:35.019+0000] {processor.py:829} INFO - Processing file /home/airflow/.local/lib/python3.8/site-packages/airflow/example_dags/example_latest_only.py for tasks to queue
[2023-10-11T07:41:35.021+0000] {logging_mixin.py:151} INFO - [2023-10-11T07:41:35.021+0000] {dagbag.py:539} INFO - Filling up the DagBag from /home/airflow/.local/lib/python3.8/site-packages/airflow/example_dags/example_latest_only.py
[2023-10-11T07:41:35.024+0000] {processor.py:839} INFO - DAG(s) dict_keys(['latest_only']) retrieved from /home/airflow/.local/lib/python3.8/site-packages/airflow/example_dags/example_latest_only.py
[2023-10-11T07:41:35.041+0000] {logging_mixin.py:151} INFO - [2023-10-11T07:41:35.041+0000] {dag.py:2915} INFO - Sync 1 DAGs
[2023-10-11T07:41:35.054+0000] {logging_mixin.py:151} INFO - [2023-10-11T07:41:35.054+0000] {dag.py:3696} INFO - Setting next_dagrun for latest_only to 2023-10-11T03:41:35.054694+00:00, run_after=2023-10-11T07:41:35.054694+00:00
[2023-10-11T07:41:35.064+0000] {processor.py:179} INFO - Processing /home/airflow/.local/lib/python3.8/site-packages/airflow/example_dags/example_latest_only.py took 0.047 seconds
[2023-10-11T07:42:05.216+0000] {processor.py:157} INFO - Started process (PID=596) to work on /home/airflow/.local/lib/python3.8/site-packages/airflow/example_dags/example_latest_only.py
[2023-10-11T07:42:05.217+0000] {processor.py:829} INFO - Processing file /home/airflow/.local/lib/python3.8/site-packages/airflow/example_dags/example_latest_only.py for tasks to queue
[2023-10-11T07:42:05.218+0000] {logging_mixin.py:151} INFO - [2023-10-11T07:42:05.218+0000] {dagbag.py:539} INFO - Filling up the DagBag from /home/airflow/.local/lib/python3.8/site-packages/airflow/example_dags/example_latest_only.py
[2023-10-11T07:42:05.222+0000] {processor.py:839} INFO - DAG(s) dict_keys(['latest_only']) retrieved from /home/airflow/.local/lib/python3.8/site-packages/airflow/example_dags/example_latest_only.py
[2023-10-11T07:42:05.238+0000] {logging_mixin.py:151} INFO - [2023-10-11T07:42:05.238+0000] {dag.py:2915} INFO - Sync 1 DAGs
[2023-10-11T07:42:05.251+0000] {logging_mixin.py:151} INFO - [2023-10-11T07:42:05.251+0000] {dag.py:3696} INFO - Setting next_dagrun for latest_only to 2023-10-11T03:42:05.251280+00:00, run_after=2023-10-11T07:42:05.251280+00:00
[2023-10-11T07:42:05.261+0000] {processor.py:179} INFO - Processing /home/airflow/.local/lib/python3.8/site-packages/airflow/example_dags/example_latest_only.py took 0.047 seconds
[2023-10-11T07:42:35.901+0000] {processor.py:157} INFO - Started process (PID=655) to work on /home/airflow/.local/lib/python3.8/site-packages/airflow/example_dags/example_latest_only.py
[2023-10-11T07:42:35.902+0000] {processor.py:829} INFO - Processing file /home/airflow/.local/lib/python3.8/site-packages/airflow/example_dags/example_latest_only.py for tasks to queue
[2023-10-11T07:42:35.904+0000] {logging_mixin.py:151} INFO - [2023-10-11T07:42:35.904+0000] {dagbag.py:539} INFO - Filling up the DagBag from /home/airflow/.local/lib/python3.8/site-packages/airflow/example_dags/example_latest_only.py
[2023-10-11T07:42:35.907+0000] {processor.py:839} INFO - DAG(s) dict_keys(['latest_only']) retrieved from /home/airflow/.local/lib/python3.8/site-packages/airflow/example_dags/example_latest_only.py
[2023-10-11T07:42:35.924+0000] {logging_mixin.py:151} INFO - [2023-10-11T07:42:35.924+0000] {dag.py:2915} INFO - Sync 1 DAGs
[2023-10-11T07:42:35.939+0000] {logging_mixin.py:151} INFO - [2023-10-11T07:42:35.938+0000] {dag.py:3696} INFO - Setting next_dagrun for latest_only to 2023-10-11T03:42:35.938769+00:00, run_after=2023-10-11T07:42:35.938769+00:00
[2023-10-11T07:42:35.950+0000] {processor.py:179} INFO - Processing /home/airflow/.local/lib/python3.8/site-packages/airflow/example_dags/example_latest_only.py took 0.051 seconds
[2023-10-11T07:43:06.313+0000] {processor.py:157} INFO - Started process (PID=714) to work on /home/airflow/.local/lib/python3.8/site-packages/airflow/example_dags/example_latest_only.py
[2023-10-11T07:43:06.314+0000] {processor.py:829} INFO - Processing file /home/airflow/.local/lib/python3.8/site-packages/airflow/example_dags/example_latest_only.py for tasks to queue
[2023-10-11T07:43:06.315+0000] {logging_mixin.py:151} INFO - [2023-10-11T07:43:06.315+0000] {dagbag.py:539} INFO - Filling up the DagBag from /home/airflow/.local/lib/python3.8/site-packages/airflow/example_dags/example_latest_only.py
[2023-10-11T07:43:06.319+0000] {processor.py:839} INFO - DAG(s) dict_keys(['latest_only']) retrieved from /home/airflow/.local/lib/python3.8/site-packages/airflow/example_dags/example_latest_only.py
[2023-10-11T07:43:06.335+0000] {logging_mixin.py:151} INFO - [2023-10-11T07:43:06.335+0000] {dag.py:2915} INFO - Sync 1 DAGs
[2023-10-11T07:43:06.349+0000] {logging_mixin.py:151} INFO - [2023-10-11T07:43:06.349+0000] {dag.py:3696} INFO - Setting next_dagrun for latest_only to 2023-10-11T03:43:06.349038+00:00, run_after=2023-10-11T07:43:06.349038+00:00
[2023-10-11T07:43:06.359+0000] {processor.py:179} INFO - Processing /home/airflow/.local/lib/python3.8/site-packages/airflow/example_dags/example_latest_only.py took 0.048 seconds
[2023-10-11T07:43:36.446+0000] {processor.py:157} INFO - Started process (PID=773) to work on /home/airflow/.local/lib/python3.8/site-packages/airflow/example_dags/example_latest_only.py
[2023-10-11T07:43:36.447+0000] {processor.py:829} INFO - Processing file /home/airflow/.local/lib/python3.8/site-packages/airflow/example_dags/example_latest_only.py for tasks to queue
[2023-10-11T07:43:36.448+0000] {logging_mixin.py:151} INFO - [2023-10-11T07:43:36.448+0000] {dagbag.py:539} INFO - Filling up the DagBag from /home/airflow/.local/lib/python3.8/site-packages/airflow/example_dags/example_latest_only.py
[2023-10-11T07:43:36.451+0000] {processor.py:839} INFO - DAG(s) dict_keys(['latest_only']) retrieved from /home/airflow/.local/lib/python3.8/site-packages/airflow/example_dags/example_latest_only.py
[2023-10-11T07:43:36.468+0000] {logging_mixin.py:151} INFO - [2023-10-11T07:43:36.468+0000] {dag.py:2915} INFO - Sync 1 DAGs
[2023-10-11T07:43:36.482+0000] {logging_mixin.py:151} INFO - [2023-10-11T07:43:36.482+0000] {dag.py:3696} INFO - Setting next_dagrun for latest_only to 2023-10-11T03:43:36.481942+00:00, run_after=2023-10-11T07:43:36.481942+00:00
[2023-10-11T07:43:36.492+0000] {processor.py:179} INFO - Processing /home/airflow/.local/lib/python3.8/site-packages/airflow/example_dags/example_latest_only.py took 0.049 seconds
[2023-10-11T07:44:06.596+0000] {processor.py:157} INFO - Started process (PID=832) to work on /home/airflow/.local/lib/python3.8/site-packages/airflow/example_dags/example_latest_only.py
[2023-10-11T07:44:06.597+0000] {processor.py:829} INFO - Processing file /home/airflow/.local/lib/python3.8/site-packages/airflow/example_dags/example_latest_only.py for tasks to queue
[2023-10-11T07:44:06.598+0000] {logging_mixin.py:151} INFO - [2023-10-11T07:44:06.598+0000] {dagbag.py:539} INFO - Filling up the DagBag from /home/airflow/.local/lib/python3.8/site-packages/airflow/example_dags/example_latest_only.py
[2023-10-11T07:44:06.601+0000] {processor.py:839} INFO - DAG(s) dict_keys(['latest_only']) retrieved from /home/airflow/.local/lib/python3.8/site-packages/airflow/example_dags/example_latest_only.py
[2023-10-11T07:44:06.618+0000] {logging_mixin.py:151} INFO - [2023-10-11T07:44:06.618+0000] {dag.py:2915} INFO - Sync 1 DAGs
[2023-10-11T07:44:06.632+0000] {logging_mixin.py:151} INFO - [2023-10-11T07:44:06.632+0000] {dag.py:3696} INFO - Setting next_dagrun for latest_only to 2023-10-11T03:44:06.631865+00:00, run_after=2023-10-11T07:44:06.631865+00:00
[2023-10-11T07:44:06.642+0000] {processor.py:179} INFO - Processing /home/airflow/.local/lib/python3.8/site-packages/airflow/example_dags/example_latest_only.py took 0.049 seconds
[2023-10-11T07:44:36.707+0000] {processor.py:157} INFO - Started process (PID=891) to work on /home/airflow/.local/lib/python3.8/site-packages/airflow/example_dags/example_latest_only.py
[2023-10-11T07:44:36.707+0000] {processor.py:829} INFO - Processing file /home/airflow/.local/lib/python3.8/site-packages/airflow/example_dags/example_latest_only.py for tasks to queue
[2023-10-11T07:44:36.709+0000] {logging_mixin.py:151} INFO - [2023-10-11T07:44:36.708+0000] {dagbag.py:539} INFO - Filling up the DagBag from /home/airflow/.local/lib/python3.8/site-packages/airflow/example_dags/example_latest_only.py
[2023-10-11T07:44:36.712+0000] {processor.py:839} INFO - DAG(s) dict_keys(['latest_only']) retrieved from /home/airflow/.local/lib/python3.8/site-packages/airflow/example_dags/example_latest_only.py
[2023-10-11T07:44:36.728+0000] {logging_mixin.py:151} INFO - [2023-10-11T07:44:36.728+0000] {dag.py:2915} INFO - Sync 1 DAGs
[2023-10-11T07:44:36.740+0000] {logging_mixin.py:151} INFO - [2023-10-11T07:44:36.740+0000] {dag.py:3696} INFO - Setting next_dagrun for latest_only to 2023-10-11T03:44:36.740431+00:00, run_after=2023-10-11T07:44:36.740431+00:00
[2023-10-11T07:44:36.749+0000] {processor.py:179} INFO - Processing /home/airflow/.local/lib/python3.8/site-packages/airflow/example_dags/example_latest_only.py took 0.044 seconds
[2023-10-11T07:45:07.797+0000] {processor.py:157} INFO - Started process (PID=950) to work on /home/airflow/.local/lib/python3.8/site-packages/airflow/example_dags/example_latest_only.py
[2023-10-11T07:45:07.797+0000] {processor.py:829} INFO - Processing file /home/airflow/.local/lib/python3.8/site-packages/airflow/example_dags/example_latest_only.py for tasks to queue
[2023-10-11T07:45:07.799+0000] {logging_mixin.py:151} INFO - [2023-10-11T07:45:07.799+0000] {dagbag.py:539} INFO - Filling up the DagBag from /home/airflow/.local/lib/python3.8/site-packages/airflow/example_dags/example_latest_only.py
[2023-10-11T07:45:07.802+0000] {processor.py:839} INFO - DAG(s) dict_keys(['latest_only']) retrieved from /home/airflow/.local/lib/python3.8/site-packages/airflow/example_dags/example_latest_only.py
[2023-10-11T07:45:07.819+0000] {logging_mixin.py:151} INFO - [2023-10-11T07:45:07.818+0000] {dag.py:2915} INFO - Sync 1 DAGs
[2023-10-11T07:45:07.833+0000] {logging_mixin.py:151} INFO - [2023-10-11T07:45:07.833+0000] {dag.py:3696} INFO - Setting next_dagrun for latest_only to 2023-10-11T03:45:07.832985+00:00, run_after=2023-10-11T07:45:07.832985+00:00
[2023-10-11T07:45:07.843+0000] {processor.py:179} INFO - Processing /home/airflow/.local/lib/python3.8/site-packages/airflow/example_dags/example_latest_only.py took 0.049 seconds
[2023-10-11T07:45:38.365+0000] {processor.py:157} INFO - Started process (PID=1009) to work on /home/airflow/.local/lib/python3.8/site-packages/airflow/example_dags/example_latest_only.py
[2023-10-11T07:45:38.366+0000] {processor.py:829} INFO - Processing file /home/airflow/.local/lib/python3.8/site-packages/airflow/example_dags/example_latest_only.py for tasks to queue
[2023-10-11T07:45:38.367+0000] {logging_mixin.py:151} INFO - [2023-10-11T07:45:38.367+0000] {dagbag.py:539} INFO - Filling up the DagBag from /home/airflow/.local/lib/python3.8/site-packages/airflow/example_dags/example_latest_only.py
[2023-10-11T07:45:38.371+0000] {processor.py:839} INFO - DAG(s) dict_keys(['latest_only']) retrieved from /home/airflow/.local/lib/python3.8/site-packages/airflow/example_dags/example_latest_only.py
[2023-10-11T07:45:38.387+0000] {logging_mixin.py:151} INFO - [2023-10-11T07:45:38.387+0000] {dag.py:2915} INFO - Sync 1 DAGs
[2023-10-11T07:45:38.402+0000] {logging_mixin.py:151} INFO - [2023-10-11T07:45:38.402+0000] {dag.py:3696} INFO - Setting next_dagrun for latest_only to 2023-10-11T03:45:38.401926+00:00, run_after=2023-10-11T07:45:38.401926+00:00
[2023-10-11T07:45:38.412+0000] {processor.py:179} INFO - Processing /home/airflow/.local/lib/python3.8/site-packages/airflow/example_dags/example_latest_only.py took 0.049 seconds
[2023-10-11T07:46:08.936+0000] {processor.py:157} INFO - Started process (PID=1068) to work on /home/airflow/.local/lib/python3.8/site-packages/airflow/example_dags/example_latest_only.py
[2023-10-11T07:46:08.937+0000] {processor.py:829} INFO - Processing file /home/airflow/.local/lib/python3.8/site-packages/airflow/example_dags/example_latest_only.py for tasks to queue
[2023-10-11T07:46:08.939+0000] {logging_mixin.py:151} INFO - [2023-10-11T07:46:08.939+0000] {dagbag.py:539} INFO - Filling up the DagBag from /home/airflow/.local/lib/python3.8/site-packages/airflow/example_dags/example_latest_only.py
[2023-10-11T07:46:08.945+0000] {processor.py:839} INFO - DAG(s) dict_keys(['latest_only']) retrieved from /home/airflow/.local/lib/python3.8/site-packages/airflow/example_dags/example_latest_only.py
[2023-10-11T07:46:08.971+0000] {logging_mixin.py:151} INFO - [2023-10-11T07:46:08.971+0000] {dag.py:2915} INFO - Sync 1 DAGs
[2023-10-11T07:46:08.986+0000] {logging_mixin.py:151} INFO - [2023-10-11T07:46:08.986+0000] {dag.py:3696} INFO - Setting next_dagrun for latest_only to 2023-10-11T03:46:08.986427+00:00, run_after=2023-10-11T07:46:08.986427+00:00
[2023-10-11T07:46:08.998+0000] {processor.py:179} INFO - Processing /home/airflow/.local/lib/python3.8/site-packages/airflow/example_dags/example_latest_only.py took 0.065 seconds
[2023-10-11T07:46:39.119+0000] {processor.py:157} INFO - Started process (PID=1126) to work on /home/airflow/.local/lib/python3.8/site-packages/airflow/example_dags/example_latest_only.py
[2023-10-11T07:46:39.120+0000] {processor.py:829} INFO - Processing file /home/airflow/.local/lib/python3.8/site-packages/airflow/example_dags/example_latest_only.py for tasks to queue
[2023-10-11T07:46:39.122+0000] {logging_mixin.py:151} INFO - [2023-10-11T07:46:39.122+0000] {dagbag.py:539} INFO - Filling up the DagBag from /home/airflow/.local/lib/python3.8/site-packages/airflow/example_dags/example_latest_only.py
[2023-10-11T07:46:39.126+0000] {processor.py:839} INFO - DAG(s) dict_keys(['latest_only']) retrieved from /home/airflow/.local/lib/python3.8/site-packages/airflow/example_dags/example_latest_only.py
[2023-10-11T07:46:39.150+0000] {logging_mixin.py:151} INFO - [2023-10-11T07:46:39.150+0000] {dag.py:2915} INFO - Sync 1 DAGs
[2023-10-11T07:46:39.169+0000] {logging_mixin.py:151} INFO - [2023-10-11T07:46:39.168+0000] {dag.py:3696} INFO - Setting next_dagrun for latest_only to 2023-10-11T03:46:39.168531+00:00, run_after=2023-10-11T07:46:39.168531+00:00
[2023-10-11T07:46:39.181+0000] {processor.py:179} INFO - Processing /home/airflow/.local/lib/python3.8/site-packages/airflow/example_dags/example_latest_only.py took 0.064 seconds
[2023-10-11T07:47:09.330+0000] {processor.py:157} INFO - Started process (PID=1185) to work on /home/airflow/.local/lib/python3.8/site-packages/airflow/example_dags/example_latest_only.py
[2023-10-11T07:47:09.331+0000] {processor.py:829} INFO - Processing file /home/airflow/.local/lib/python3.8/site-packages/airflow/example_dags/example_latest_only.py for tasks to queue
[2023-10-11T07:47:09.332+0000] {logging_mixin.py:151} INFO - [2023-10-11T07:47:09.332+0000] {dagbag.py:539} INFO - Filling up the DagBag from /home/airflow/.local/lib/python3.8/site-packages/airflow/example_dags/example_latest_only.py
[2023-10-11T07:47:09.336+0000] {processor.py:839} INFO - DAG(s) dict_keys(['latest_only']) retrieved from /home/airflow/.local/lib/python3.8/site-packages/airflow/example_dags/example_latest_only.py
[2023-10-11T07:47:09.352+0000] {logging_mixin.py:151} INFO - [2023-10-11T07:47:09.352+0000] {dag.py:2915} INFO - Sync 1 DAGs
[2023-10-11T07:47:09.366+0000] {logging_mixin.py:151} INFO - [2023-10-11T07:47:09.366+0000] {dag.py:3696} INFO - Setting next_dagrun for latest_only to 2023-10-11T03:47:09.366063+00:00, run_after=2023-10-11T07:47:09.366063+00:00
[2023-10-11T07:47:09.377+0000] {processor.py:179} INFO - Processing /home/airflow/.local/lib/python3.8/site-packages/airflow/example_dags/example_latest_only.py took 0.049 seconds
[2023-10-11T07:47:40.618+0000] {processor.py:157} INFO - Started process (PID=1244) to work on /home/airflow/.local/lib/python3.8/site-packages/airflow/example_dags/example_latest_only.py
[2023-10-11T07:47:40.619+0000] {processor.py:829} INFO - Processing file /home/airflow/.local/lib/python3.8/site-packages/airflow/example_dags/example_latest_only.py for tasks to queue
[2023-10-11T07:47:40.620+0000] {logging_mixin.py:151} INFO - [2023-10-11T07:47:40.620+0000] {dagbag.py:539} INFO - Filling up the DagBag from /home/airflow/.local/lib/python3.8/site-packages/airflow/example_dags/example_latest_only.py
[2023-10-11T07:47:40.624+0000] {processor.py:839} INFO - DAG(s) dict_keys(['latest_only']) retrieved from /home/airflow/.local/lib/python3.8/site-packages/airflow/example_dags/example_latest_only.py
[2023-10-11T07:47:40.642+0000] {logging_mixin.py:151} INFO - [2023-10-11T07:47:40.642+0000] {dag.py:2915} INFO - Sync 1 DAGs
[2023-10-11T07:47:40.657+0000] {logging_mixin.py:151} INFO - [2023-10-11T07:47:40.657+0000] {dag.py:3696} INFO - Setting next_dagrun for latest_only to 2023-10-11T03:47:40.657053+00:00, run_after=2023-10-11T07:47:40.657053+00:00
[2023-10-11T07:47:40.669+0000] {processor.py:179} INFO - Processing /home/airflow/.local/lib/python3.8/site-packages/airflow/example_dags/example_latest_only.py took 0.053 seconds
[2023-10-11T07:48:10.789+0000] {processor.py:157} INFO - Started process (PID=1303) to work on /home/airflow/.local/lib/python3.8/site-packages/airflow/example_dags/example_latest_only.py
[2023-10-11T07:48:10.790+0000] {processor.py:829} INFO - Processing file /home/airflow/.local/lib/python3.8/site-packages/airflow/example_dags/example_latest_only.py for tasks to queue
[2023-10-11T07:48:10.791+0000] {logging_mixin.py:151} INFO - [2023-10-11T07:48:10.791+0000] {dagbag.py:539} INFO - Filling up the DagBag from /home/airflow/.local/lib/python3.8/site-packages/airflow/example_dags/example_latest_only.py
[2023-10-11T07:48:10.795+0000] {processor.py:839} INFO - DAG(s) dict_keys(['latest_only']) retrieved from /home/airflow/.local/lib/python3.8/site-packages/airflow/example_dags/example_latest_only.py
[2023-10-11T07:48:10.811+0000] {logging_mixin.py:151} INFO - [2023-10-11T07:48:10.811+0000] {dag.py:2915} INFO - Sync 1 DAGs
[2023-10-11T07:48:10.830+0000] {logging_mixin.py:151} INFO - [2023-10-11T07:48:10.830+0000] {dag.py:3696} INFO - Setting next_dagrun for latest_only to 2023-10-11T03:48:10.829822+00:00, run_after=2023-10-11T07:48:10.829822+00:00
[2023-10-11T07:48:10.841+0000] {processor.py:179} INFO - Processing /home/airflow/.local/lib/python3.8/site-packages/airflow/example_dags/example_latest_only.py took 0.054 seconds
[2023-10-11T07:48:41.579+0000] {processor.py:157} INFO - Started process (PID=1362) to work on /home/airflow/.local/lib/python3.8/site-packages/airflow/example_dags/example_latest_only.py
[2023-10-11T07:48:41.580+0000] {processor.py:829} INFO - Processing file /home/airflow/.local/lib/python3.8/site-packages/airflow/example_dags/example_latest_only.py for tasks to queue
[2023-10-11T07:48:41.582+0000] {logging_mixin.py:151} INFO - [2023-10-11T07:48:41.582+0000] {dagbag.py:539} INFO - Filling up the DagBag from /home/airflow/.local/lib/python3.8/site-packages/airflow/example_dags/example_latest_only.py
[2023-10-11T07:48:41.586+0000] {processor.py:839} INFO - DAG(s) dict_keys(['latest_only']) retrieved from /home/airflow/.local/lib/python3.8/site-packages/airflow/example_dags/example_latest_only.py
[2023-10-11T07:48:41.606+0000] {logging_mixin.py:151} INFO - [2023-10-11T07:48:41.606+0000] {dag.py:2915} INFO - Sync 1 DAGs
[2023-10-11T07:48:41.623+0000] {logging_mixin.py:151} INFO - [2023-10-11T07:48:41.623+0000] {dag.py:3696} INFO - Setting next_dagrun for latest_only to 2023-10-11T03:48:41.623535+00:00, run_after=2023-10-11T07:48:41.623535+00:00
[2023-10-11T07:48:41.640+0000] {processor.py:179} INFO - Processing /home/airflow/.local/lib/python3.8/site-packages/airflow/example_dags/example_latest_only.py took 0.064 seconds
[2023-10-11T07:49:12.521+0000] {processor.py:157} INFO - Started process (PID=1426) to work on /home/airflow/.local/lib/python3.8/site-packages/airflow/example_dags/example_latest_only.py
[2023-10-11T07:49:12.522+0000] {processor.py:829} INFO - Processing file /home/airflow/.local/lib/python3.8/site-packages/airflow/example_dags/example_latest_only.py for tasks to queue
[2023-10-11T07:49:12.524+0000] {logging_mixin.py:151} INFO - [2023-10-11T07:49:12.524+0000] {dagbag.py:539} INFO - Filling up the DagBag from /home/airflow/.local/lib/python3.8/site-packages/airflow/example_dags/example_latest_only.py
[2023-10-11T07:49:12.527+0000] {processor.py:839} INFO - DAG(s) dict_keys(['latest_only']) retrieved from /home/airflow/.local/lib/python3.8/site-packages/airflow/example_dags/example_latest_only.py
[2023-10-11T07:49:12.545+0000] {logging_mixin.py:151} INFO - [2023-10-11T07:49:12.545+0000] {dag.py:2915} INFO - Sync 1 DAGs
[2023-10-11T07:49:12.560+0000] {logging_mixin.py:151} INFO - [2023-10-11T07:49:12.560+0000] {dag.py:3696} INFO - Setting next_dagrun for latest_only to 2023-10-11T03:49:12.560116+00:00, run_after=2023-10-11T07:49:12.560116+00:00
[2023-10-11T07:49:12.572+0000] {processor.py:179} INFO - Processing /home/airflow/.local/lib/python3.8/site-packages/airflow/example_dags/example_latest_only.py took 0.054 seconds
[2023-10-11T07:49:43.647+0000] {processor.py:157} INFO - Started process (PID=1485) to work on /home/airflow/.local/lib/python3.8/site-packages/airflow/example_dags/example_latest_only.py
[2023-10-11T07:49:43.648+0000] {processor.py:829} INFO - Processing file /home/airflow/.local/lib/python3.8/site-packages/airflow/example_dags/example_latest_only.py for tasks to queue
[2023-10-11T07:49:43.649+0000] {logging_mixin.py:151} INFO - [2023-10-11T07:49:43.649+0000] {dagbag.py:539} INFO - Filling up the DagBag from /home/airflow/.local/lib/python3.8/site-packages/airflow/example_dags/example_latest_only.py
[2023-10-11T07:49:43.653+0000] {processor.py:839} INFO - DAG(s) dict_keys(['latest_only']) retrieved from /home/airflow/.local/lib/python3.8/site-packages/airflow/example_dags/example_latest_only.py
[2023-10-11T07:49:43.669+0000] {logging_mixin.py:151} INFO - [2023-10-11T07:49:43.669+0000] {dag.py:2915} INFO - Sync 1 DAGs
[2023-10-11T07:49:43.683+0000] {logging_mixin.py:151} INFO - [2023-10-11T07:49:43.682+0000] {dag.py:3696} INFO - Setting next_dagrun for latest_only to 2023-10-11T03:49:43.682765+00:00, run_after=2023-10-11T07:49:43.682765+00:00
[2023-10-11T07:49:43.693+0000] {processor.py:179} INFO - Processing /home/airflow/.local/lib/python3.8/site-packages/airflow/example_dags/example_latest_only.py took 0.048 seconds
[2023-10-11T07:50:13.985+0000] {processor.py:157} INFO - Started process (PID=1544) to work on /home/airflow/.local/lib/python3.8/site-packages/airflow/example_dags/example_latest_only.py
[2023-10-11T07:50:13.986+0000] {processor.py:829} INFO - Processing file /home/airflow/.local/lib/python3.8/site-packages/airflow/example_dags/example_latest_only.py for tasks to queue
[2023-10-11T07:50:13.988+0000] {logging_mixin.py:151} INFO - [2023-10-11T07:50:13.988+0000] {dagbag.py:539} INFO - Filling up the DagBag from /home/airflow/.local/lib/python3.8/site-packages/airflow/example_dags/example_latest_only.py
[2023-10-11T07:50:13.991+0000] {processor.py:839} INFO - DAG(s) dict_keys(['latest_only']) retrieved from /home/airflow/.local/lib/python3.8/site-packages/airflow/example_dags/example_latest_only.py
[2023-10-11T07:50:14.008+0000] {logging_mixin.py:151} INFO - [2023-10-11T07:50:14.008+0000] {dag.py:2915} INFO - Sync 1 DAGs
[2023-10-11T07:50:14.022+0000] {logging_mixin.py:151} INFO - [2023-10-11T07:50:14.022+0000] {dag.py:3696} INFO - Setting next_dagrun for latest_only to 2023-10-11T03:50:14.022396+00:00, run_after=2023-10-11T07:50:14.022396+00:00
[2023-10-11T07:50:14.033+0000] {processor.py:179} INFO - Processing /home/airflow/.local/lib/python3.8/site-packages/airflow/example_dags/example_latest_only.py took 0.050 seconds
[2023-10-11T07:50:44.199+0000] {processor.py:157} INFO - Started process (PID=1603) to work on /home/airflow/.local/lib/python3.8/site-packages/airflow/example_dags/example_latest_only.py
[2023-10-11T07:50:44.199+0000] {processor.py:829} INFO - Processing file /home/airflow/.local/lib/python3.8/site-packages/airflow/example_dags/example_latest_only.py for tasks to queue
[2023-10-11T07:50:44.201+0000] {logging_mixin.py:151} INFO - [2023-10-11T07:50:44.201+0000] {dagbag.py:539} INFO - Filling up the DagBag from /home/airflow/.local/lib/python3.8/site-packages/airflow/example_dags/example_latest_only.py
[2023-10-11T07:50:44.205+0000] {processor.py:839} INFO - DAG(s) dict_keys(['latest_only']) retrieved from /home/airflow/.local/lib/python3.8/site-packages/airflow/example_dags/example_latest_only.py
[2023-10-11T07:50:44.223+0000] {logging_mixin.py:151} INFO - [2023-10-11T07:50:44.223+0000] {dag.py:2915} INFO - Sync 1 DAGs
[2023-10-11T07:50:44.237+0000] {logging_mixin.py:151} INFO - [2023-10-11T07:50:44.237+0000] {dag.py:3696} INFO - Setting next_dagrun for latest_only to 2023-10-11T03:50:44.237684+00:00, run_after=2023-10-11T07:50:44.237684+00:00
[2023-10-11T07:50:44.247+0000] {processor.py:179} INFO - Processing /home/airflow/.local/lib/python3.8/site-packages/airflow/example_dags/example_latest_only.py took 0.051 seconds
[2023-10-11T07:51:15.410+0000] {processor.py:157} INFO - Started process (PID=1662) to work on /home/airflow/.local/lib/python3.8/site-packages/airflow/example_dags/example_latest_only.py
[2023-10-11T07:51:15.411+0000] {processor.py:829} INFO - Processing file /home/airflow/.local/lib/python3.8/site-packages/airflow/example_dags/example_latest_only.py for tasks to queue
[2023-10-11T07:51:15.412+0000] {logging_mixin.py:151} INFO - [2023-10-11T07:51:15.412+0000] {dagbag.py:539} INFO - Filling up the DagBag from /home/airflow/.local/lib/python3.8/site-packages/airflow/example_dags/example_latest_only.py
[2023-10-11T07:51:15.415+0000] {processor.py:839} INFO - DAG(s) dict_keys(['latest_only']) retrieved from /home/airflow/.local/lib/python3.8/site-packages/airflow/example_dags/example_latest_only.py
[2023-10-11T07:51:15.432+0000] {logging_mixin.py:151} INFO - [2023-10-11T07:51:15.432+0000] {dag.py:2915} INFO - Sync 1 DAGs
[2023-10-11T07:51:15.446+0000] {logging_mixin.py:151} INFO - [2023-10-11T07:51:15.446+0000] {dag.py:3696} INFO - Setting next_dagrun for latest_only to 2023-10-11T03:51:15.446153+00:00, run_after=2023-10-11T07:51:15.446153+00:00
[2023-10-11T07:51:15.457+0000] {processor.py:179} INFO - Processing /home/airflow/.local/lib/python3.8/site-packages/airflow/example_dags/example_latest_only.py took 0.049 seconds
