[2023-10-11T07:17:23.445+0000] {processor.py:157} INFO - Started process (PID=70) to work on /home/airflow/.local/lib/python3.8/site-packages/airflow/example_dags/tutorial_dag.py
[2023-10-11T07:17:23.447+0000] {processor.py:829} INFO - Processing file /home/airflow/.local/lib/python3.8/site-packages/airflow/example_dags/tutorial_dag.py for tasks to queue
[2023-10-11T07:17:23.450+0000] {logging_mixin.py:151} INFO - [2023-10-11T07:17:23.449+0000] {dagbag.py:539} INFO - Filling up the DagBag from /home/airflow/.local/lib/python3.8/site-packages/airflow/example_dags/tutorial_dag.py
[2023-10-11T07:17:23.457+0000] {processor.py:839} INFO - DAG(s) dict_keys(['tutorial_dag']) retrieved from /home/airflow/.local/lib/python3.8/site-packages/airflow/example_dags/tutorial_dag.py
[2023-10-11T07:17:23.477+0000] {logging_mixin.py:151} INFO - [2023-10-11T07:17:23.477+0000] {dag.py:2915} INFO - Sync 1 DAGs
[2023-10-11T07:17:23.486+0000] {logging_mixin.py:151} INFO - [2023-10-11T07:17:23.486+0000] {dag.py:3696} INFO - Setting next_dagrun for tutorial_dag to None, run_after=None
[2023-10-11T07:17:23.498+0000] {processor.py:179} INFO - Processing /home/airflow/.local/lib/python3.8/site-packages/airflow/example_dags/tutorial_dag.py took 0.058 seconds
[2023-10-11T07:17:53.657+0000] {processor.py:157} INFO - Started process (PID=129) to work on /home/airflow/.local/lib/python3.8/site-packages/airflow/example_dags/tutorial_dag.py
[2023-10-11T07:17:53.658+0000] {processor.py:829} INFO - Processing file /home/airflow/.local/lib/python3.8/site-packages/airflow/example_dags/tutorial_dag.py for tasks to queue
[2023-10-11T07:17:53.659+0000] {logging_mixin.py:151} INFO - [2023-10-11T07:17:53.659+0000] {dagbag.py:539} INFO - Filling up the DagBag from /home/airflow/.local/lib/python3.8/site-packages/airflow/example_dags/tutorial_dag.py
[2023-10-11T07:17:53.663+0000] {processor.py:839} INFO - DAG(s) dict_keys(['tutorial_dag']) retrieved from /home/airflow/.local/lib/python3.8/site-packages/airflow/example_dags/tutorial_dag.py
[2023-10-11T07:17:53.679+0000] {logging_mixin.py:151} INFO - [2023-10-11T07:17:53.679+0000] {dag.py:2915} INFO - Sync 1 DAGs
[2023-10-11T07:17:53.687+0000] {logging_mixin.py:151} INFO - [2023-10-11T07:17:53.687+0000] {dag.py:3696} INFO - Setting next_dagrun for tutorial_dag to None, run_after=None
[2023-10-11T07:17:53.697+0000] {processor.py:179} INFO - Processing /home/airflow/.local/lib/python3.8/site-packages/airflow/example_dags/tutorial_dag.py took 0.042 seconds
[2023-10-11T07:18:24.454+0000] {processor.py:157} INFO - Started process (PID=188) to work on /home/airflow/.local/lib/python3.8/site-packages/airflow/example_dags/tutorial_dag.py
[2023-10-11T07:18:24.455+0000] {processor.py:829} INFO - Processing file /home/airflow/.local/lib/python3.8/site-packages/airflow/example_dags/tutorial_dag.py for tasks to queue
[2023-10-11T07:18:24.456+0000] {logging_mixin.py:151} INFO - [2023-10-11T07:18:24.456+0000] {dagbag.py:539} INFO - Filling up the DagBag from /home/airflow/.local/lib/python3.8/site-packages/airflow/example_dags/tutorial_dag.py
[2023-10-11T07:18:24.460+0000] {processor.py:839} INFO - DAG(s) dict_keys(['tutorial_dag']) retrieved from /home/airflow/.local/lib/python3.8/site-packages/airflow/example_dags/tutorial_dag.py
[2023-10-11T07:18:24.477+0000] {logging_mixin.py:151} INFO - [2023-10-11T07:18:24.477+0000] {dag.py:2915} INFO - Sync 1 DAGs
[2023-10-11T07:18:24.484+0000] {logging_mixin.py:151} INFO - [2023-10-11T07:18:24.484+0000] {dag.py:3696} INFO - Setting next_dagrun for tutorial_dag to None, run_after=None
[2023-10-11T07:18:24.495+0000] {processor.py:179} INFO - Processing /home/airflow/.local/lib/python3.8/site-packages/airflow/example_dags/tutorial_dag.py took 0.043 seconds
[2023-10-11T07:18:55.645+0000] {processor.py:157} INFO - Started process (PID=247) to work on /home/airflow/.local/lib/python3.8/site-packages/airflow/example_dags/tutorial_dag.py
[2023-10-11T07:18:55.645+0000] {processor.py:829} INFO - Processing file /home/airflow/.local/lib/python3.8/site-packages/airflow/example_dags/tutorial_dag.py for tasks to queue
[2023-10-11T07:18:55.647+0000] {logging_mixin.py:151} INFO - [2023-10-11T07:18:55.646+0000] {dagbag.py:539} INFO - Filling up the DagBag from /home/airflow/.local/lib/python3.8/site-packages/airflow/example_dags/tutorial_dag.py
[2023-10-11T07:18:55.650+0000] {processor.py:839} INFO - DAG(s) dict_keys(['tutorial_dag']) retrieved from /home/airflow/.local/lib/python3.8/site-packages/airflow/example_dags/tutorial_dag.py
[2023-10-11T07:18:55.667+0000] {logging_mixin.py:151} INFO - [2023-10-11T07:18:55.667+0000] {dag.py:2915} INFO - Sync 1 DAGs
[2023-10-11T07:18:55.675+0000] {logging_mixin.py:151} INFO - [2023-10-11T07:18:55.675+0000] {dag.py:3696} INFO - Setting next_dagrun for tutorial_dag to None, run_after=None
[2023-10-11T07:18:55.686+0000] {processor.py:179} INFO - Processing /home/airflow/.local/lib/python3.8/site-packages/airflow/example_dags/tutorial_dag.py took 0.043 seconds
[2023-10-11T07:19:26.813+0000] {processor.py:157} INFO - Started process (PID=306) to work on /home/airflow/.local/lib/python3.8/site-packages/airflow/example_dags/tutorial_dag.py
[2023-10-11T07:19:26.813+0000] {processor.py:829} INFO - Processing file /home/airflow/.local/lib/python3.8/site-packages/airflow/example_dags/tutorial_dag.py for tasks to queue
[2023-10-11T07:19:26.815+0000] {logging_mixin.py:151} INFO - [2023-10-11T07:19:26.815+0000] {dagbag.py:539} INFO - Filling up the DagBag from /home/airflow/.local/lib/python3.8/site-packages/airflow/example_dags/tutorial_dag.py
[2023-10-11T07:19:26.819+0000] {processor.py:839} INFO - DAG(s) dict_keys(['tutorial_dag']) retrieved from /home/airflow/.local/lib/python3.8/site-packages/airflow/example_dags/tutorial_dag.py
[2023-10-11T07:19:26.836+0000] {logging_mixin.py:151} INFO - [2023-10-11T07:19:26.836+0000] {dag.py:2915} INFO - Sync 1 DAGs
[2023-10-11T07:19:26.844+0000] {logging_mixin.py:151} INFO - [2023-10-11T07:19:26.844+0000] {dag.py:3696} INFO - Setting next_dagrun for tutorial_dag to None, run_after=None
[2023-10-11T07:19:26.854+0000] {processor.py:179} INFO - Processing /home/airflow/.local/lib/python3.8/site-packages/airflow/example_dags/tutorial_dag.py took 0.044 seconds
[2023-10-11T07:19:58.182+0000] {processor.py:157} INFO - Started process (PID=365) to work on /home/airflow/.local/lib/python3.8/site-packages/airflow/example_dags/tutorial_dag.py
[2023-10-11T07:19:58.182+0000] {processor.py:829} INFO - Processing file /home/airflow/.local/lib/python3.8/site-packages/airflow/example_dags/tutorial_dag.py for tasks to queue
[2023-10-11T07:19:58.184+0000] {logging_mixin.py:151} INFO - [2023-10-11T07:19:58.184+0000] {dagbag.py:539} INFO - Filling up the DagBag from /home/airflow/.local/lib/python3.8/site-packages/airflow/example_dags/tutorial_dag.py
[2023-10-11T07:19:58.187+0000] {processor.py:839} INFO - DAG(s) dict_keys(['tutorial_dag']) retrieved from /home/airflow/.local/lib/python3.8/site-packages/airflow/example_dags/tutorial_dag.py
[2023-10-11T07:19:58.204+0000] {logging_mixin.py:151} INFO - [2023-10-11T07:19:58.204+0000] {dag.py:2915} INFO - Sync 1 DAGs
[2023-10-11T07:19:58.212+0000] {logging_mixin.py:151} INFO - [2023-10-11T07:19:58.212+0000] {dag.py:3696} INFO - Setting next_dagrun for tutorial_dag to None, run_after=None
[2023-10-11T07:19:58.222+0000] {processor.py:179} INFO - Processing /home/airflow/.local/lib/python3.8/site-packages/airflow/example_dags/tutorial_dag.py took 0.042 seconds
[2023-10-11T07:20:28.478+0000] {processor.py:157} INFO - Started process (PID=424) to work on /home/airflow/.local/lib/python3.8/site-packages/airflow/example_dags/tutorial_dag.py
[2023-10-11T07:20:28.479+0000] {processor.py:829} INFO - Processing file /home/airflow/.local/lib/python3.8/site-packages/airflow/example_dags/tutorial_dag.py for tasks to queue
[2023-10-11T07:20:28.480+0000] {logging_mixin.py:151} INFO - [2023-10-11T07:20:28.480+0000] {dagbag.py:539} INFO - Filling up the DagBag from /home/airflow/.local/lib/python3.8/site-packages/airflow/example_dags/tutorial_dag.py
[2023-10-11T07:20:28.484+0000] {processor.py:839} INFO - DAG(s) dict_keys(['tutorial_dag']) retrieved from /home/airflow/.local/lib/python3.8/site-packages/airflow/example_dags/tutorial_dag.py
[2023-10-11T07:20:28.500+0000] {logging_mixin.py:151} INFO - [2023-10-11T07:20:28.500+0000] {dag.py:2915} INFO - Sync 1 DAGs
[2023-10-11T07:20:28.508+0000] {logging_mixin.py:151} INFO - [2023-10-11T07:20:28.508+0000] {dag.py:3696} INFO - Setting next_dagrun for tutorial_dag to None, run_after=None
[2023-10-11T07:20:28.518+0000] {processor.py:179} INFO - Processing /home/airflow/.local/lib/python3.8/site-packages/airflow/example_dags/tutorial_dag.py took 0.042 seconds
[2023-10-11T07:20:58.809+0000] {processor.py:157} INFO - Started process (PID=484) to work on /home/airflow/.local/lib/python3.8/site-packages/airflow/example_dags/tutorial_dag.py
[2023-10-11T07:20:58.810+0000] {processor.py:829} INFO - Processing file /home/airflow/.local/lib/python3.8/site-packages/airflow/example_dags/tutorial_dag.py for tasks to queue
[2023-10-11T07:20:58.811+0000] {logging_mixin.py:151} INFO - [2023-10-11T07:20:58.811+0000] {dagbag.py:539} INFO - Filling up the DagBag from /home/airflow/.local/lib/python3.8/site-packages/airflow/example_dags/tutorial_dag.py
[2023-10-11T07:20:58.815+0000] {processor.py:839} INFO - DAG(s) dict_keys(['tutorial_dag']) retrieved from /home/airflow/.local/lib/python3.8/site-packages/airflow/example_dags/tutorial_dag.py
[2023-10-11T07:20:58.832+0000] {logging_mixin.py:151} INFO - [2023-10-11T07:20:58.832+0000] {dag.py:2915} INFO - Sync 1 DAGs
[2023-10-11T07:20:58.840+0000] {logging_mixin.py:151} INFO - [2023-10-11T07:20:58.839+0000] {dag.py:3696} INFO - Setting next_dagrun for tutorial_dag to None, run_after=None
[2023-10-11T07:20:58.851+0000] {processor.py:179} INFO - Processing /home/airflow/.local/lib/python3.8/site-packages/airflow/example_dags/tutorial_dag.py took 0.044 seconds
[2023-10-11T07:21:29.391+0000] {processor.py:157} INFO - Started process (PID=543) to work on /home/airflow/.local/lib/python3.8/site-packages/airflow/example_dags/tutorial_dag.py
[2023-10-11T07:21:29.392+0000] {processor.py:829} INFO - Processing file /home/airflow/.local/lib/python3.8/site-packages/airflow/example_dags/tutorial_dag.py for tasks to queue
[2023-10-11T07:21:29.393+0000] {logging_mixin.py:151} INFO - [2023-10-11T07:21:29.393+0000] {dagbag.py:539} INFO - Filling up the DagBag from /home/airflow/.local/lib/python3.8/site-packages/airflow/example_dags/tutorial_dag.py
[2023-10-11T07:21:29.397+0000] {processor.py:839} INFO - DAG(s) dict_keys(['tutorial_dag']) retrieved from /home/airflow/.local/lib/python3.8/site-packages/airflow/example_dags/tutorial_dag.py
[2023-10-11T07:21:29.413+0000] {logging_mixin.py:151} INFO - [2023-10-11T07:21:29.413+0000] {dag.py:2915} INFO - Sync 1 DAGs
[2023-10-11T07:21:29.421+0000] {logging_mixin.py:151} INFO - [2023-10-11T07:21:29.421+0000] {dag.py:3696} INFO - Setting next_dagrun for tutorial_dag to None, run_after=None
[2023-10-11T07:21:29.431+0000] {processor.py:179} INFO - Processing /home/airflow/.local/lib/python3.8/site-packages/airflow/example_dags/tutorial_dag.py took 0.042 seconds
[2023-10-11T07:21:59.906+0000] {processor.py:157} INFO - Started process (PID=602) to work on /home/airflow/.local/lib/python3.8/site-packages/airflow/example_dags/tutorial_dag.py
[2023-10-11T07:21:59.906+0000] {processor.py:829} INFO - Processing file /home/airflow/.local/lib/python3.8/site-packages/airflow/example_dags/tutorial_dag.py for tasks to queue
[2023-10-11T07:21:59.908+0000] {logging_mixin.py:151} INFO - [2023-10-11T07:21:59.907+0000] {dagbag.py:539} INFO - Filling up the DagBag from /home/airflow/.local/lib/python3.8/site-packages/airflow/example_dags/tutorial_dag.py
[2023-10-11T07:21:59.911+0000] {processor.py:839} INFO - DAG(s) dict_keys(['tutorial_dag']) retrieved from /home/airflow/.local/lib/python3.8/site-packages/airflow/example_dags/tutorial_dag.py
[2023-10-11T07:21:59.928+0000] {logging_mixin.py:151} INFO - [2023-10-11T07:21:59.928+0000] {dag.py:2915} INFO - Sync 1 DAGs
[2023-10-11T07:21:59.936+0000] {logging_mixin.py:151} INFO - [2023-10-11T07:21:59.936+0000] {dag.py:3696} INFO - Setting next_dagrun for tutorial_dag to None, run_after=None
[2023-10-11T07:21:59.947+0000] {processor.py:179} INFO - Processing /home/airflow/.local/lib/python3.8/site-packages/airflow/example_dags/tutorial_dag.py took 0.044 seconds
[2023-10-11T07:22:30.279+0000] {processor.py:157} INFO - Started process (PID=661) to work on /home/airflow/.local/lib/python3.8/site-packages/airflow/example_dags/tutorial_dag.py
[2023-10-11T07:22:30.280+0000] {processor.py:829} INFO - Processing file /home/airflow/.local/lib/python3.8/site-packages/airflow/example_dags/tutorial_dag.py for tasks to queue
[2023-10-11T07:22:30.281+0000] {logging_mixin.py:151} INFO - [2023-10-11T07:22:30.281+0000] {dagbag.py:539} INFO - Filling up the DagBag from /home/airflow/.local/lib/python3.8/site-packages/airflow/example_dags/tutorial_dag.py
[2023-10-11T07:22:30.285+0000] {processor.py:839} INFO - DAG(s) dict_keys(['tutorial_dag']) retrieved from /home/airflow/.local/lib/python3.8/site-packages/airflow/example_dags/tutorial_dag.py
[2023-10-11T07:22:30.302+0000] {logging_mixin.py:151} INFO - [2023-10-11T07:22:30.302+0000] {dag.py:2915} INFO - Sync 1 DAGs
[2023-10-11T07:22:30.309+0000] {logging_mixin.py:151} INFO - [2023-10-11T07:22:30.309+0000] {dag.py:3696} INFO - Setting next_dagrun for tutorial_dag to None, run_after=None
[2023-10-11T07:22:30.320+0000] {processor.py:179} INFO - Processing /home/airflow/.local/lib/python3.8/site-packages/airflow/example_dags/tutorial_dag.py took 0.043 seconds
[2023-10-11T07:23:00.580+0000] {processor.py:157} INFO - Started process (PID=718) to work on /home/airflow/.local/lib/python3.8/site-packages/airflow/example_dags/tutorial_dag.py
[2023-10-11T07:23:00.580+0000] {processor.py:829} INFO - Processing file /home/airflow/.local/lib/python3.8/site-packages/airflow/example_dags/tutorial_dag.py for tasks to queue
[2023-10-11T07:23:00.582+0000] {logging_mixin.py:151} INFO - [2023-10-11T07:23:00.582+0000] {dagbag.py:539} INFO - Filling up the DagBag from /home/airflow/.local/lib/python3.8/site-packages/airflow/example_dags/tutorial_dag.py
[2023-10-11T07:23:00.586+0000] {processor.py:839} INFO - DAG(s) dict_keys(['tutorial_dag']) retrieved from /home/airflow/.local/lib/python3.8/site-packages/airflow/example_dags/tutorial_dag.py
[2023-10-11T07:23:00.605+0000] {logging_mixin.py:151} INFO - [2023-10-11T07:23:00.605+0000] {dag.py:2915} INFO - Sync 1 DAGs
[2023-10-11T07:23:00.616+0000] {logging_mixin.py:151} INFO - [2023-10-11T07:23:00.616+0000] {dag.py:3696} INFO - Setting next_dagrun for tutorial_dag to None, run_after=None
[2023-10-11T07:23:00.629+0000] {processor.py:179} INFO - Processing /home/airflow/.local/lib/python3.8/site-packages/airflow/example_dags/tutorial_dag.py took 0.051 seconds
[2023-10-11T07:23:30.778+0000] {processor.py:157} INFO - Started process (PID=773) to work on /home/airflow/.local/lib/python3.8/site-packages/airflow/example_dags/tutorial_dag.py
[2023-10-11T07:23:30.779+0000] {processor.py:829} INFO - Processing file /home/airflow/.local/lib/python3.8/site-packages/airflow/example_dags/tutorial_dag.py for tasks to queue
[2023-10-11T07:23:30.781+0000] {logging_mixin.py:151} INFO - [2023-10-11T07:23:30.780+0000] {dagbag.py:539} INFO - Filling up the DagBag from /home/airflow/.local/lib/python3.8/site-packages/airflow/example_dags/tutorial_dag.py
[2023-10-11T07:23:30.785+0000] {processor.py:839} INFO - DAG(s) dict_keys(['tutorial_dag']) retrieved from /home/airflow/.local/lib/python3.8/site-packages/airflow/example_dags/tutorial_dag.py
[2023-10-11T07:23:30.809+0000] {logging_mixin.py:151} INFO - [2023-10-11T07:23:30.808+0000] {dag.py:2915} INFO - Sync 1 DAGs
[2023-10-11T07:23:30.821+0000] {logging_mixin.py:151} INFO - [2023-10-11T07:23:30.821+0000] {dag.py:3696} INFO - Setting next_dagrun for tutorial_dag to None, run_after=None
[2023-10-11T07:23:30.840+0000] {processor.py:179} INFO - Processing /home/airflow/.local/lib/python3.8/site-packages/airflow/example_dags/tutorial_dag.py took 0.064 seconds
[2023-10-11T07:24:01.352+0000] {processor.py:157} INFO - Started process (PID=832) to work on /home/airflow/.local/lib/python3.8/site-packages/airflow/example_dags/tutorial_dag.py
[2023-10-11T07:24:01.353+0000] {processor.py:829} INFO - Processing file /home/airflow/.local/lib/python3.8/site-packages/airflow/example_dags/tutorial_dag.py for tasks to queue
[2023-10-11T07:24:01.354+0000] {logging_mixin.py:151} INFO - [2023-10-11T07:24:01.354+0000] {dagbag.py:539} INFO - Filling up the DagBag from /home/airflow/.local/lib/python3.8/site-packages/airflow/example_dags/tutorial_dag.py
[2023-10-11T07:24:01.358+0000] {processor.py:839} INFO - DAG(s) dict_keys(['tutorial_dag']) retrieved from /home/airflow/.local/lib/python3.8/site-packages/airflow/example_dags/tutorial_dag.py
[2023-10-11T07:24:01.374+0000] {logging_mixin.py:151} INFO - [2023-10-11T07:24:01.374+0000] {dag.py:2915} INFO - Sync 1 DAGs
[2023-10-11T07:24:01.382+0000] {logging_mixin.py:151} INFO - [2023-10-11T07:24:01.382+0000] {dag.py:3696} INFO - Setting next_dagrun for tutorial_dag to None, run_after=None
[2023-10-11T07:24:01.393+0000] {processor.py:179} INFO - Processing /home/airflow/.local/lib/python3.8/site-packages/airflow/example_dags/tutorial_dag.py took 0.042 seconds
[2023-10-11T07:24:31.484+0000] {processor.py:157} INFO - Started process (PID=891) to work on /home/airflow/.local/lib/python3.8/site-packages/airflow/example_dags/tutorial_dag.py
[2023-10-11T07:24:31.485+0000] {processor.py:829} INFO - Processing file /home/airflow/.local/lib/python3.8/site-packages/airflow/example_dags/tutorial_dag.py for tasks to queue
[2023-10-11T07:24:31.486+0000] {logging_mixin.py:151} INFO - [2023-10-11T07:24:31.486+0000] {dagbag.py:539} INFO - Filling up the DagBag from /home/airflow/.local/lib/python3.8/site-packages/airflow/example_dags/tutorial_dag.py
[2023-10-11T07:24:31.489+0000] {processor.py:839} INFO - DAG(s) dict_keys(['tutorial_dag']) retrieved from /home/airflow/.local/lib/python3.8/site-packages/airflow/example_dags/tutorial_dag.py
[2023-10-11T07:24:31.505+0000] {logging_mixin.py:151} INFO - [2023-10-11T07:24:31.505+0000] {dag.py:2915} INFO - Sync 1 DAGs
[2023-10-11T07:24:31.512+0000] {logging_mixin.py:151} INFO - [2023-10-11T07:24:31.512+0000] {dag.py:3696} INFO - Setting next_dagrun for tutorial_dag to None, run_after=None
[2023-10-11T07:24:31.521+0000] {processor.py:179} INFO - Processing /home/airflow/.local/lib/python3.8/site-packages/airflow/example_dags/tutorial_dag.py took 0.039 seconds
[2023-10-11T07:25:02.718+0000] {processor.py:157} INFO - Started process (PID=950) to work on /home/airflow/.local/lib/python3.8/site-packages/airflow/example_dags/tutorial_dag.py
[2023-10-11T07:25:02.719+0000] {processor.py:829} INFO - Processing file /home/airflow/.local/lib/python3.8/site-packages/airflow/example_dags/tutorial_dag.py for tasks to queue
[2023-10-11T07:25:02.721+0000] {logging_mixin.py:151} INFO - [2023-10-11T07:25:02.720+0000] {dagbag.py:539} INFO - Filling up the DagBag from /home/airflow/.local/lib/python3.8/site-packages/airflow/example_dags/tutorial_dag.py
[2023-10-11T07:25:02.724+0000] {processor.py:839} INFO - DAG(s) dict_keys(['tutorial_dag']) retrieved from /home/airflow/.local/lib/python3.8/site-packages/airflow/example_dags/tutorial_dag.py
[2023-10-11T07:25:02.741+0000] {logging_mixin.py:151} INFO - [2023-10-11T07:25:02.741+0000] {dag.py:2915} INFO - Sync 1 DAGs
[2023-10-11T07:25:02.749+0000] {logging_mixin.py:151} INFO - [2023-10-11T07:25:02.749+0000] {dag.py:3696} INFO - Setting next_dagrun for tutorial_dag to None, run_after=None
[2023-10-11T07:25:02.759+0000] {processor.py:179} INFO - Processing /home/airflow/.local/lib/python3.8/site-packages/airflow/example_dags/tutorial_dag.py took 0.042 seconds
[2023-10-11T07:25:33.848+0000] {processor.py:157} INFO - Started process (PID=1009) to work on /home/airflow/.local/lib/python3.8/site-packages/airflow/example_dags/tutorial_dag.py
[2023-10-11T07:25:33.849+0000] {processor.py:829} INFO - Processing file /home/airflow/.local/lib/python3.8/site-packages/airflow/example_dags/tutorial_dag.py for tasks to queue
[2023-10-11T07:25:33.851+0000] {logging_mixin.py:151} INFO - [2023-10-11T07:25:33.850+0000] {dagbag.py:539} INFO - Filling up the DagBag from /home/airflow/.local/lib/python3.8/site-packages/airflow/example_dags/tutorial_dag.py
[2023-10-11T07:25:33.854+0000] {processor.py:839} INFO - DAG(s) dict_keys(['tutorial_dag']) retrieved from /home/airflow/.local/lib/python3.8/site-packages/airflow/example_dags/tutorial_dag.py
[2023-10-11T07:25:33.871+0000] {logging_mixin.py:151} INFO - [2023-10-11T07:25:33.871+0000] {dag.py:2915} INFO - Sync 1 DAGs
[2023-10-11T07:25:33.879+0000] {logging_mixin.py:151} INFO - [2023-10-11T07:25:33.879+0000] {dag.py:3696} INFO - Setting next_dagrun for tutorial_dag to None, run_after=None
[2023-10-11T07:25:33.889+0000] {processor.py:179} INFO - Processing /home/airflow/.local/lib/python3.8/site-packages/airflow/example_dags/tutorial_dag.py took 0.043 seconds
[2023-10-11T07:26:04.982+0000] {processor.py:157} INFO - Started process (PID=1068) to work on /home/airflow/.local/lib/python3.8/site-packages/airflow/example_dags/tutorial_dag.py
[2023-10-11T07:26:04.983+0000] {processor.py:829} INFO - Processing file /home/airflow/.local/lib/python3.8/site-packages/airflow/example_dags/tutorial_dag.py for tasks to queue
[2023-10-11T07:26:04.985+0000] {logging_mixin.py:151} INFO - [2023-10-11T07:26:04.984+0000] {dagbag.py:539} INFO - Filling up the DagBag from /home/airflow/.local/lib/python3.8/site-packages/airflow/example_dags/tutorial_dag.py
[2023-10-11T07:26:04.988+0000] {processor.py:839} INFO - DAG(s) dict_keys(['tutorial_dag']) retrieved from /home/airflow/.local/lib/python3.8/site-packages/airflow/example_dags/tutorial_dag.py
[2023-10-11T07:26:05.005+0000] {logging_mixin.py:151} INFO - [2023-10-11T07:26:05.005+0000] {dag.py:2915} INFO - Sync 1 DAGs
[2023-10-11T07:26:05.013+0000] {logging_mixin.py:151} INFO - [2023-10-11T07:26:05.013+0000] {dag.py:3696} INFO - Setting next_dagrun for tutorial_dag to None, run_after=None
[2023-10-11T07:26:05.024+0000] {processor.py:179} INFO - Processing /home/airflow/.local/lib/python3.8/site-packages/airflow/example_dags/tutorial_dag.py took 0.044 seconds
[2023-10-11T07:26:36.081+0000] {processor.py:157} INFO - Started process (PID=1127) to work on /home/airflow/.local/lib/python3.8/site-packages/airflow/example_dags/tutorial_dag.py
[2023-10-11T07:26:36.082+0000] {processor.py:829} INFO - Processing file /home/airflow/.local/lib/python3.8/site-packages/airflow/example_dags/tutorial_dag.py for tasks to queue
[2023-10-11T07:26:36.084+0000] {logging_mixin.py:151} INFO - [2023-10-11T07:26:36.083+0000] {dagbag.py:539} INFO - Filling up the DagBag from /home/airflow/.local/lib/python3.8/site-packages/airflow/example_dags/tutorial_dag.py
[2023-10-11T07:26:36.087+0000] {processor.py:839} INFO - DAG(s) dict_keys(['tutorial_dag']) retrieved from /home/airflow/.local/lib/python3.8/site-packages/airflow/example_dags/tutorial_dag.py
[2023-10-11T07:26:36.104+0000] {logging_mixin.py:151} INFO - [2023-10-11T07:26:36.104+0000] {dag.py:2915} INFO - Sync 1 DAGs
[2023-10-11T07:26:36.112+0000] {logging_mixin.py:151} INFO - [2023-10-11T07:26:36.112+0000] {dag.py:3696} INFO - Setting next_dagrun for tutorial_dag to None, run_after=None
[2023-10-11T07:26:36.121+0000] {processor.py:179} INFO - Processing /home/airflow/.local/lib/python3.8/site-packages/airflow/example_dags/tutorial_dag.py took 0.042 seconds
[2023-10-11T07:27:06.538+0000] {processor.py:157} INFO - Started process (PID=1186) to work on /home/airflow/.local/lib/python3.8/site-packages/airflow/example_dags/tutorial_dag.py
[2023-10-11T07:27:06.539+0000] {processor.py:829} INFO - Processing file /home/airflow/.local/lib/python3.8/site-packages/airflow/example_dags/tutorial_dag.py for tasks to queue
[2023-10-11T07:27:06.540+0000] {logging_mixin.py:151} INFO - [2023-10-11T07:27:06.540+0000] {dagbag.py:539} INFO - Filling up the DagBag from /home/airflow/.local/lib/python3.8/site-packages/airflow/example_dags/tutorial_dag.py
[2023-10-11T07:27:06.544+0000] {processor.py:839} INFO - DAG(s) dict_keys(['tutorial_dag']) retrieved from /home/airflow/.local/lib/python3.8/site-packages/airflow/example_dags/tutorial_dag.py
[2023-10-11T07:27:06.560+0000] {logging_mixin.py:151} INFO - [2023-10-11T07:27:06.560+0000] {dag.py:2915} INFO - Sync 1 DAGs
[2023-10-11T07:27:06.568+0000] {logging_mixin.py:151} INFO - [2023-10-11T07:27:06.567+0000] {dag.py:3696} INFO - Setting next_dagrun for tutorial_dag to None, run_after=None
[2023-10-11T07:27:06.577+0000] {processor.py:179} INFO - Processing /home/airflow/.local/lib/python3.8/site-packages/airflow/example_dags/tutorial_dag.py took 0.041 seconds
[2023-10-11T07:27:37.270+0000] {processor.py:157} INFO - Started process (PID=1245) to work on /home/airflow/.local/lib/python3.8/site-packages/airflow/example_dags/tutorial_dag.py
[2023-10-11T07:27:37.271+0000] {processor.py:829} INFO - Processing file /home/airflow/.local/lib/python3.8/site-packages/airflow/example_dags/tutorial_dag.py for tasks to queue
[2023-10-11T07:27:37.272+0000] {logging_mixin.py:151} INFO - [2023-10-11T07:27:37.272+0000] {dagbag.py:539} INFO - Filling up the DagBag from /home/airflow/.local/lib/python3.8/site-packages/airflow/example_dags/tutorial_dag.py
[2023-10-11T07:27:37.276+0000] {processor.py:839} INFO - DAG(s) dict_keys(['tutorial_dag']) retrieved from /home/airflow/.local/lib/python3.8/site-packages/airflow/example_dags/tutorial_dag.py
[2023-10-11T07:27:37.293+0000] {logging_mixin.py:151} INFO - [2023-10-11T07:27:37.293+0000] {dag.py:2915} INFO - Sync 1 DAGs
[2023-10-11T07:27:37.301+0000] {logging_mixin.py:151} INFO - [2023-10-11T07:27:37.301+0000] {dag.py:3696} INFO - Setting next_dagrun for tutorial_dag to None, run_after=None
[2023-10-11T07:27:37.311+0000] {processor.py:179} INFO - Processing /home/airflow/.local/lib/python3.8/site-packages/airflow/example_dags/tutorial_dag.py took 0.043 seconds
[2023-10-11T07:28:08.383+0000] {processor.py:157} INFO - Started process (PID=1304) to work on /home/airflow/.local/lib/python3.8/site-packages/airflow/example_dags/tutorial_dag.py
[2023-10-11T07:28:08.384+0000] {processor.py:829} INFO - Processing file /home/airflow/.local/lib/python3.8/site-packages/airflow/example_dags/tutorial_dag.py for tasks to queue
[2023-10-11T07:28:08.385+0000] {logging_mixin.py:151} INFO - [2023-10-11T07:28:08.385+0000] {dagbag.py:539} INFO - Filling up the DagBag from /home/airflow/.local/lib/python3.8/site-packages/airflow/example_dags/tutorial_dag.py
[2023-10-11T07:28:08.389+0000] {processor.py:839} INFO - DAG(s) dict_keys(['tutorial_dag']) retrieved from /home/airflow/.local/lib/python3.8/site-packages/airflow/example_dags/tutorial_dag.py
[2023-10-11T07:28:08.406+0000] {logging_mixin.py:151} INFO - [2023-10-11T07:28:08.405+0000] {dag.py:2915} INFO - Sync 1 DAGs
[2023-10-11T07:28:08.413+0000] {logging_mixin.py:151} INFO - [2023-10-11T07:28:08.413+0000] {dag.py:3696} INFO - Setting next_dagrun for tutorial_dag to None, run_after=None
[2023-10-11T07:28:08.423+0000] {processor.py:179} INFO - Processing /home/airflow/.local/lib/python3.8/site-packages/airflow/example_dags/tutorial_dag.py took 0.042 seconds
[2023-10-11T07:28:38.860+0000] {processor.py:157} INFO - Started process (PID=1363) to work on /home/airflow/.local/lib/python3.8/site-packages/airflow/example_dags/tutorial_dag.py
[2023-10-11T07:28:38.861+0000] {processor.py:829} INFO - Processing file /home/airflow/.local/lib/python3.8/site-packages/airflow/example_dags/tutorial_dag.py for tasks to queue
[2023-10-11T07:28:38.862+0000] {logging_mixin.py:151} INFO - [2023-10-11T07:28:38.862+0000] {dagbag.py:539} INFO - Filling up the DagBag from /home/airflow/.local/lib/python3.8/site-packages/airflow/example_dags/tutorial_dag.py
[2023-10-11T07:28:38.866+0000] {processor.py:839} INFO - DAG(s) dict_keys(['tutorial_dag']) retrieved from /home/airflow/.local/lib/python3.8/site-packages/airflow/example_dags/tutorial_dag.py
[2023-10-11T07:28:38.882+0000] {logging_mixin.py:151} INFO - [2023-10-11T07:28:38.882+0000] {dag.py:2915} INFO - Sync 1 DAGs
[2023-10-11T07:28:38.890+0000] {logging_mixin.py:151} INFO - [2023-10-11T07:28:38.890+0000] {dag.py:3696} INFO - Setting next_dagrun for tutorial_dag to None, run_after=None
[2023-10-11T07:28:38.900+0000] {processor.py:179} INFO - Processing /home/airflow/.local/lib/python3.8/site-packages/airflow/example_dags/tutorial_dag.py took 0.042 seconds
[2023-10-11T07:29:10.046+0000] {processor.py:157} INFO - Started process (PID=1422) to work on /home/airflow/.local/lib/python3.8/site-packages/airflow/example_dags/tutorial_dag.py
[2023-10-11T07:29:10.047+0000] {processor.py:829} INFO - Processing file /home/airflow/.local/lib/python3.8/site-packages/airflow/example_dags/tutorial_dag.py for tasks to queue
[2023-10-11T07:29:10.048+0000] {logging_mixin.py:151} INFO - [2023-10-11T07:29:10.048+0000] {dagbag.py:539} INFO - Filling up the DagBag from /home/airflow/.local/lib/python3.8/site-packages/airflow/example_dags/tutorial_dag.py
[2023-10-11T07:29:10.051+0000] {processor.py:839} INFO - DAG(s) dict_keys(['tutorial_dag']) retrieved from /home/airflow/.local/lib/python3.8/site-packages/airflow/example_dags/tutorial_dag.py
[2023-10-11T07:29:10.067+0000] {logging_mixin.py:151} INFO - [2023-10-11T07:29:10.067+0000] {dag.py:2915} INFO - Sync 1 DAGs
[2023-10-11T07:29:10.074+0000] {logging_mixin.py:151} INFO - [2023-10-11T07:29:10.074+0000] {dag.py:3696} INFO - Setting next_dagrun for tutorial_dag to None, run_after=None
[2023-10-11T07:29:10.084+0000] {processor.py:179} INFO - Processing /home/airflow/.local/lib/python3.8/site-packages/airflow/example_dags/tutorial_dag.py took 0.040 seconds
[2023-10-11T07:29:41.136+0000] {processor.py:157} INFO - Started process (PID=1481) to work on /home/airflow/.local/lib/python3.8/site-packages/airflow/example_dags/tutorial_dag.py
[2023-10-11T07:29:41.137+0000] {processor.py:829} INFO - Processing file /home/airflow/.local/lib/python3.8/site-packages/airflow/example_dags/tutorial_dag.py for tasks to queue
[2023-10-11T07:29:41.138+0000] {logging_mixin.py:151} INFO - [2023-10-11T07:29:41.138+0000] {dagbag.py:539} INFO - Filling up the DagBag from /home/airflow/.local/lib/python3.8/site-packages/airflow/example_dags/tutorial_dag.py
[2023-10-11T07:29:41.144+0000] {processor.py:839} INFO - DAG(s) dict_keys(['tutorial_dag']) retrieved from /home/airflow/.local/lib/python3.8/site-packages/airflow/example_dags/tutorial_dag.py
[2023-10-11T07:29:41.166+0000] {logging_mixin.py:151} INFO - [2023-10-11T07:29:41.166+0000] {dag.py:2915} INFO - Sync 1 DAGs
[2023-10-11T07:29:41.177+0000] {logging_mixin.py:151} INFO - [2023-10-11T07:29:41.177+0000] {dag.py:3696} INFO - Setting next_dagrun for tutorial_dag to None, run_after=None
[2023-10-11T07:29:41.199+0000] {processor.py:179} INFO - Processing /home/airflow/.local/lib/python3.8/site-packages/airflow/example_dags/tutorial_dag.py took 0.066 seconds
[2023-10-11T07:30:12.015+0000] {processor.py:157} INFO - Started process (PID=1540) to work on /home/airflow/.local/lib/python3.8/site-packages/airflow/example_dags/tutorial_dag.py
[2023-10-11T07:30:12.015+0000] {processor.py:829} INFO - Processing file /home/airflow/.local/lib/python3.8/site-packages/airflow/example_dags/tutorial_dag.py for tasks to queue
[2023-10-11T07:30:12.017+0000] {logging_mixin.py:151} INFO - [2023-10-11T07:30:12.017+0000] {dagbag.py:539} INFO - Filling up the DagBag from /home/airflow/.local/lib/python3.8/site-packages/airflow/example_dags/tutorial_dag.py
[2023-10-11T07:30:12.020+0000] {processor.py:839} INFO - DAG(s) dict_keys(['tutorial_dag']) retrieved from /home/airflow/.local/lib/python3.8/site-packages/airflow/example_dags/tutorial_dag.py
[2023-10-11T07:30:12.037+0000] {logging_mixin.py:151} INFO - [2023-10-11T07:30:12.037+0000] {dag.py:2915} INFO - Sync 1 DAGs
[2023-10-11T07:30:12.046+0000] {logging_mixin.py:151} INFO - [2023-10-11T07:30:12.046+0000] {dag.py:3696} INFO - Setting next_dagrun for tutorial_dag to None, run_after=None
[2023-10-11T07:30:12.059+0000] {processor.py:179} INFO - Processing /home/airflow/.local/lib/python3.8/site-packages/airflow/example_dags/tutorial_dag.py took 0.046 seconds
[2023-10-11T07:30:42.231+0000] {processor.py:157} INFO - Started process (PID=1604) to work on /home/airflow/.local/lib/python3.8/site-packages/airflow/example_dags/tutorial_dag.py
[2023-10-11T07:30:42.232+0000] {processor.py:829} INFO - Processing file /home/airflow/.local/lib/python3.8/site-packages/airflow/example_dags/tutorial_dag.py for tasks to queue
[2023-10-11T07:30:42.233+0000] {logging_mixin.py:151} INFO - [2023-10-11T07:30:42.233+0000] {dagbag.py:539} INFO - Filling up the DagBag from /home/airflow/.local/lib/python3.8/site-packages/airflow/example_dags/tutorial_dag.py
[2023-10-11T07:30:42.237+0000] {processor.py:839} INFO - DAG(s) dict_keys(['tutorial_dag']) retrieved from /home/airflow/.local/lib/python3.8/site-packages/airflow/example_dags/tutorial_dag.py
[2023-10-11T07:30:42.254+0000] {logging_mixin.py:151} INFO - [2023-10-11T07:30:42.253+0000] {dag.py:2915} INFO - Sync 1 DAGs
[2023-10-11T07:30:42.262+0000] {logging_mixin.py:151} INFO - [2023-10-11T07:30:42.262+0000] {dag.py:3696} INFO - Setting next_dagrun for tutorial_dag to None, run_after=None
[2023-10-11T07:30:42.272+0000] {processor.py:179} INFO - Processing /home/airflow/.local/lib/python3.8/site-packages/airflow/example_dags/tutorial_dag.py took 0.043 seconds
[2023-10-11T07:31:12.501+0000] {processor.py:157} INFO - Started process (PID=1663) to work on /home/airflow/.local/lib/python3.8/site-packages/airflow/example_dags/tutorial_dag.py
[2023-10-11T07:31:12.502+0000] {processor.py:829} INFO - Processing file /home/airflow/.local/lib/python3.8/site-packages/airflow/example_dags/tutorial_dag.py for tasks to queue
[2023-10-11T07:31:12.503+0000] {logging_mixin.py:151} INFO - [2023-10-11T07:31:12.503+0000] {dagbag.py:539} INFO - Filling up the DagBag from /home/airflow/.local/lib/python3.8/site-packages/airflow/example_dags/tutorial_dag.py
[2023-10-11T07:31:12.507+0000] {processor.py:839} INFO - DAG(s) dict_keys(['tutorial_dag']) retrieved from /home/airflow/.local/lib/python3.8/site-packages/airflow/example_dags/tutorial_dag.py
[2023-10-11T07:31:12.524+0000] {logging_mixin.py:151} INFO - [2023-10-11T07:31:12.524+0000] {dag.py:2915} INFO - Sync 1 DAGs
[2023-10-11T07:31:12.532+0000] {logging_mixin.py:151} INFO - [2023-10-11T07:31:12.532+0000] {dag.py:3696} INFO - Setting next_dagrun for tutorial_dag to None, run_after=None
[2023-10-11T07:31:12.542+0000] {processor.py:179} INFO - Processing /home/airflow/.local/lib/python3.8/site-packages/airflow/example_dags/tutorial_dag.py took 0.043 seconds
[2023-10-11T07:31:42.752+0000] {processor.py:157} INFO - Started process (PID=1722) to work on /home/airflow/.local/lib/python3.8/site-packages/airflow/example_dags/tutorial_dag.py
[2023-10-11T07:31:42.753+0000] {processor.py:829} INFO - Processing file /home/airflow/.local/lib/python3.8/site-packages/airflow/example_dags/tutorial_dag.py for tasks to queue
[2023-10-11T07:31:42.754+0000] {logging_mixin.py:151} INFO - [2023-10-11T07:31:42.754+0000] {dagbag.py:539} INFO - Filling up the DagBag from /home/airflow/.local/lib/python3.8/site-packages/airflow/example_dags/tutorial_dag.py
[2023-10-11T07:31:42.758+0000] {processor.py:839} INFO - DAG(s) dict_keys(['tutorial_dag']) retrieved from /home/airflow/.local/lib/python3.8/site-packages/airflow/example_dags/tutorial_dag.py
[2023-10-11T07:31:42.775+0000] {logging_mixin.py:151} INFO - [2023-10-11T07:31:42.775+0000] {dag.py:2915} INFO - Sync 1 DAGs
[2023-10-11T07:31:42.783+0000] {logging_mixin.py:151} INFO - [2023-10-11T07:31:42.783+0000] {dag.py:3696} INFO - Setting next_dagrun for tutorial_dag to None, run_after=None
[2023-10-11T07:31:42.795+0000] {processor.py:179} INFO - Processing /home/airflow/.local/lib/python3.8/site-packages/airflow/example_dags/tutorial_dag.py took 0.045 seconds
[2023-10-11T07:32:13.927+0000] {processor.py:157} INFO - Started process (PID=1781) to work on /home/airflow/.local/lib/python3.8/site-packages/airflow/example_dags/tutorial_dag.py
[2023-10-11T07:32:13.928+0000] {processor.py:829} INFO - Processing file /home/airflow/.local/lib/python3.8/site-packages/airflow/example_dags/tutorial_dag.py for tasks to queue
[2023-10-11T07:32:13.929+0000] {logging_mixin.py:151} INFO - [2023-10-11T07:32:13.929+0000] {dagbag.py:539} INFO - Filling up the DagBag from /home/airflow/.local/lib/python3.8/site-packages/airflow/example_dags/tutorial_dag.py
[2023-10-11T07:32:13.933+0000] {processor.py:839} INFO - DAG(s) dict_keys(['tutorial_dag']) retrieved from /home/airflow/.local/lib/python3.8/site-packages/airflow/example_dags/tutorial_dag.py
[2023-10-11T07:32:13.949+0000] {logging_mixin.py:151} INFO - [2023-10-11T07:32:13.949+0000] {dag.py:2915} INFO - Sync 1 DAGs
[2023-10-11T07:32:13.958+0000] {logging_mixin.py:151} INFO - [2023-10-11T07:32:13.958+0000] {dag.py:3696} INFO - Setting next_dagrun for tutorial_dag to None, run_after=None
[2023-10-11T07:32:13.968+0000] {processor.py:179} INFO - Processing /home/airflow/.local/lib/python3.8/site-packages/airflow/example_dags/tutorial_dag.py took 0.044 seconds
[2023-10-11T07:32:45.132+0000] {processor.py:157} INFO - Started process (PID=1840) to work on /home/airflow/.local/lib/python3.8/site-packages/airflow/example_dags/tutorial_dag.py
[2023-10-11T07:32:45.132+0000] {processor.py:829} INFO - Processing file /home/airflow/.local/lib/python3.8/site-packages/airflow/example_dags/tutorial_dag.py for tasks to queue
[2023-10-11T07:32:45.134+0000] {logging_mixin.py:151} INFO - [2023-10-11T07:32:45.134+0000] {dagbag.py:539} INFO - Filling up the DagBag from /home/airflow/.local/lib/python3.8/site-packages/airflow/example_dags/tutorial_dag.py
[2023-10-11T07:32:45.138+0000] {processor.py:839} INFO - DAG(s) dict_keys(['tutorial_dag']) retrieved from /home/airflow/.local/lib/python3.8/site-packages/airflow/example_dags/tutorial_dag.py
[2023-10-11T07:32:45.155+0000] {logging_mixin.py:151} INFO - [2023-10-11T07:32:45.155+0000] {dag.py:2915} INFO - Sync 1 DAGs
[2023-10-11T07:32:45.163+0000] {logging_mixin.py:151} INFO - [2023-10-11T07:32:45.163+0000] {dag.py:3696} INFO - Setting next_dagrun for tutorial_dag to None, run_after=None
[2023-10-11T07:32:45.173+0000] {processor.py:179} INFO - Processing /home/airflow/.local/lib/python3.8/site-packages/airflow/example_dags/tutorial_dag.py took 0.043 seconds
[2023-10-11T07:33:15.336+0000] {processor.py:157} INFO - Started process (PID=1900) to work on /home/airflow/.local/lib/python3.8/site-packages/airflow/example_dags/tutorial_dag.py
[2023-10-11T07:33:15.336+0000] {processor.py:829} INFO - Processing file /home/airflow/.local/lib/python3.8/site-packages/airflow/example_dags/tutorial_dag.py for tasks to queue
[2023-10-11T07:33:15.338+0000] {logging_mixin.py:151} INFO - [2023-10-11T07:33:15.338+0000] {dagbag.py:539} INFO - Filling up the DagBag from /home/airflow/.local/lib/python3.8/site-packages/airflow/example_dags/tutorial_dag.py
[2023-10-11T07:33:15.342+0000] {processor.py:839} INFO - DAG(s) dict_keys(['tutorial_dag']) retrieved from /home/airflow/.local/lib/python3.8/site-packages/airflow/example_dags/tutorial_dag.py
[2023-10-11T07:33:15.360+0000] {logging_mixin.py:151} INFO - [2023-10-11T07:33:15.360+0000] {dag.py:2915} INFO - Sync 1 DAGs
[2023-10-11T07:33:15.369+0000] {logging_mixin.py:151} INFO - [2023-10-11T07:33:15.369+0000] {dag.py:3696} INFO - Setting next_dagrun for tutorial_dag to None, run_after=None
[2023-10-11T07:33:15.382+0000] {processor.py:179} INFO - Processing /home/airflow/.local/lib/python3.8/site-packages/airflow/example_dags/tutorial_dag.py took 0.049 seconds
[2023-10-11T07:33:46.699+0000] {processor.py:157} INFO - Started process (PID=1959) to work on /home/airflow/.local/lib/python3.8/site-packages/airflow/example_dags/tutorial_dag.py
[2023-10-11T07:33:46.699+0000] {processor.py:829} INFO - Processing file /home/airflow/.local/lib/python3.8/site-packages/airflow/example_dags/tutorial_dag.py for tasks to queue
[2023-10-11T07:33:46.701+0000] {logging_mixin.py:151} INFO - [2023-10-11T07:33:46.701+0000] {dagbag.py:539} INFO - Filling up the DagBag from /home/airflow/.local/lib/python3.8/site-packages/airflow/example_dags/tutorial_dag.py
[2023-10-11T07:33:46.705+0000] {processor.py:839} INFO - DAG(s) dict_keys(['tutorial_dag']) retrieved from /home/airflow/.local/lib/python3.8/site-packages/airflow/example_dags/tutorial_dag.py
[2023-10-11T07:33:46.722+0000] {logging_mixin.py:151} INFO - [2023-10-11T07:33:46.722+0000] {dag.py:2915} INFO - Sync 1 DAGs
[2023-10-11T07:33:46.730+0000] {logging_mixin.py:151} INFO - [2023-10-11T07:33:46.730+0000] {dag.py:3696} INFO - Setting next_dagrun for tutorial_dag to None, run_after=None
[2023-10-11T07:33:46.740+0000] {processor.py:179} INFO - Processing /home/airflow/.local/lib/python3.8/site-packages/airflow/example_dags/tutorial_dag.py took 0.043 seconds
[2023-10-11T07:34:17.832+0000] {processor.py:157} INFO - Started process (PID=2018) to work on /home/airflow/.local/lib/python3.8/site-packages/airflow/example_dags/tutorial_dag.py
[2023-10-11T07:34:17.832+0000] {processor.py:829} INFO - Processing file /home/airflow/.local/lib/python3.8/site-packages/airflow/example_dags/tutorial_dag.py for tasks to queue
[2023-10-11T07:34:17.834+0000] {logging_mixin.py:151} INFO - [2023-10-11T07:34:17.834+0000] {dagbag.py:539} INFO - Filling up the DagBag from /home/airflow/.local/lib/python3.8/site-packages/airflow/example_dags/tutorial_dag.py
[2023-10-11T07:34:17.837+0000] {processor.py:839} INFO - DAG(s) dict_keys(['tutorial_dag']) retrieved from /home/airflow/.local/lib/python3.8/site-packages/airflow/example_dags/tutorial_dag.py
[2023-10-11T07:34:17.854+0000] {logging_mixin.py:151} INFO - [2023-10-11T07:34:17.854+0000] {dag.py:2915} INFO - Sync 1 DAGs
[2023-10-11T07:34:17.862+0000] {logging_mixin.py:151} INFO - [2023-10-11T07:34:17.862+0000] {dag.py:3696} INFO - Setting next_dagrun for tutorial_dag to None, run_after=None
[2023-10-11T07:34:17.873+0000] {processor.py:179} INFO - Processing /home/airflow/.local/lib/python3.8/site-packages/airflow/example_dags/tutorial_dag.py took 0.043 seconds
[2023-10-11T07:34:48.966+0000] {processor.py:157} INFO - Started process (PID=2077) to work on /home/airflow/.local/lib/python3.8/site-packages/airflow/example_dags/tutorial_dag.py
[2023-10-11T07:34:48.967+0000] {processor.py:829} INFO - Processing file /home/airflow/.local/lib/python3.8/site-packages/airflow/example_dags/tutorial_dag.py for tasks to queue
[2023-10-11T07:34:48.969+0000] {logging_mixin.py:151} INFO - [2023-10-11T07:34:48.969+0000] {dagbag.py:539} INFO - Filling up the DagBag from /home/airflow/.local/lib/python3.8/site-packages/airflow/example_dags/tutorial_dag.py
[2023-10-11T07:34:48.973+0000] {processor.py:839} INFO - DAG(s) dict_keys(['tutorial_dag']) retrieved from /home/airflow/.local/lib/python3.8/site-packages/airflow/example_dags/tutorial_dag.py
[2023-10-11T07:34:48.989+0000] {logging_mixin.py:151} INFO - [2023-10-11T07:34:48.989+0000] {dag.py:2915} INFO - Sync 1 DAGs
[2023-10-11T07:34:48.998+0000] {logging_mixin.py:151} INFO - [2023-10-11T07:34:48.998+0000] {dag.py:3696} INFO - Setting next_dagrun for tutorial_dag to None, run_after=None
[2023-10-11T07:34:49.008+0000] {processor.py:179} INFO - Processing /home/airflow/.local/lib/python3.8/site-packages/airflow/example_dags/tutorial_dag.py took 0.044 seconds
[2023-10-11T07:35:19.355+0000] {processor.py:157} INFO - Started process (PID=2136) to work on /home/airflow/.local/lib/python3.8/site-packages/airflow/example_dags/tutorial_dag.py
[2023-10-11T07:35:19.355+0000] {processor.py:829} INFO - Processing file /home/airflow/.local/lib/python3.8/site-packages/airflow/example_dags/tutorial_dag.py for tasks to queue
[2023-10-11T07:35:19.357+0000] {logging_mixin.py:151} INFO - [2023-10-11T07:35:19.357+0000] {dagbag.py:539} INFO - Filling up the DagBag from /home/airflow/.local/lib/python3.8/site-packages/airflow/example_dags/tutorial_dag.py
[2023-10-11T07:35:19.361+0000] {processor.py:839} INFO - DAG(s) dict_keys(['tutorial_dag']) retrieved from /home/airflow/.local/lib/python3.8/site-packages/airflow/example_dags/tutorial_dag.py
[2023-10-11T07:35:19.377+0000] {logging_mixin.py:151} INFO - [2023-10-11T07:35:19.377+0000] {dag.py:2915} INFO - Sync 1 DAGs
[2023-10-11T07:35:19.386+0000] {logging_mixin.py:151} INFO - [2023-10-11T07:35:19.385+0000] {dag.py:3696} INFO - Setting next_dagrun for tutorial_dag to None, run_after=None
[2023-10-11T07:35:19.396+0000] {processor.py:179} INFO - Processing /home/airflow/.local/lib/python3.8/site-packages/airflow/example_dags/tutorial_dag.py took 0.044 seconds
[2023-10-11T07:35:50.687+0000] {processor.py:157} INFO - Started process (PID=2195) to work on /home/airflow/.local/lib/python3.8/site-packages/airflow/example_dags/tutorial_dag.py
[2023-10-11T07:35:50.687+0000] {processor.py:829} INFO - Processing file /home/airflow/.local/lib/python3.8/site-packages/airflow/example_dags/tutorial_dag.py for tasks to queue
[2023-10-11T07:35:50.689+0000] {logging_mixin.py:151} INFO - [2023-10-11T07:35:50.689+0000] {dagbag.py:539} INFO - Filling up the DagBag from /home/airflow/.local/lib/python3.8/site-packages/airflow/example_dags/tutorial_dag.py
[2023-10-11T07:35:50.693+0000] {processor.py:839} INFO - DAG(s) dict_keys(['tutorial_dag']) retrieved from /home/airflow/.local/lib/python3.8/site-packages/airflow/example_dags/tutorial_dag.py
[2023-10-11T07:35:50.711+0000] {logging_mixin.py:151} INFO - [2023-10-11T07:35:50.711+0000] {dag.py:2915} INFO - Sync 1 DAGs
[2023-10-11T07:35:50.719+0000] {logging_mixin.py:151} INFO - [2023-10-11T07:35:50.719+0000] {dag.py:3696} INFO - Setting next_dagrun for tutorial_dag to None, run_after=None
[2023-10-11T07:35:50.729+0000] {processor.py:179} INFO - Processing /home/airflow/.local/lib/python3.8/site-packages/airflow/example_dags/tutorial_dag.py took 0.045 seconds
[2023-10-11T07:37:30.400+0000] {processor.py:157} INFO - Started process (PID=71) to work on /home/airflow/.local/lib/python3.8/site-packages/airflow/example_dags/tutorial_dag.py
[2023-10-11T07:37:30.400+0000] {processor.py:829} INFO - Processing file /home/airflow/.local/lib/python3.8/site-packages/airflow/example_dags/tutorial_dag.py for tasks to queue
[2023-10-11T07:37:30.402+0000] {logging_mixin.py:151} INFO - [2023-10-11T07:37:30.402+0000] {dagbag.py:539} INFO - Filling up the DagBag from /home/airflow/.local/lib/python3.8/site-packages/airflow/example_dags/tutorial_dag.py
[2023-10-11T07:37:30.407+0000] {processor.py:839} INFO - DAG(s) dict_keys(['tutorial_dag']) retrieved from /home/airflow/.local/lib/python3.8/site-packages/airflow/example_dags/tutorial_dag.py
[2023-10-11T07:37:30.509+0000] {logging_mixin.py:151} INFO - [2023-10-11T07:37:30.509+0000] {manager.py:499} INFO - Created Permission View: %s
[2023-10-11T07:37:30.515+0000] {logging_mixin.py:151} INFO - [2023-10-11T07:37:30.515+0000] {manager.py:499} INFO - Created Permission View: %s
[2023-10-11T07:37:30.519+0000] {logging_mixin.py:151} INFO - [2023-10-11T07:37:30.519+0000] {manager.py:499} INFO - Created Permission View: %s
[2023-10-11T07:37:30.520+0000] {logging_mixin.py:151} INFO - [2023-10-11T07:37:30.520+0000] {security.py:708} INFO - Not syncing DAG-level permissions for DAG 'DAG:tutorial_dag' as access control is unset.
[2023-10-11T07:37:30.520+0000] {logging_mixin.py:151} INFO - [2023-10-11T07:37:30.520+0000] {dag.py:2915} INFO - Sync 1 DAGs
[2023-10-11T07:37:30.528+0000] {logging_mixin.py:151} INFO - [2023-10-11T07:37:30.528+0000] {dag.py:2937} INFO - Creating ORM DAG for tutorial_dag
[2023-10-11T07:37:30.528+0000] {logging_mixin.py:151} INFO - [2023-10-11T07:37:30.528+0000] {dag.py:3696} INFO - Setting next_dagrun for tutorial_dag to None, run_after=None
[2023-10-11T07:37:30.539+0000] {processor.py:179} INFO - Processing /home/airflow/.local/lib/python3.8/site-packages/airflow/example_dags/tutorial_dag.py took 0.142 seconds
[2023-10-11T07:38:00.952+0000] {processor.py:157} INFO - Started process (PID=130) to work on /home/airflow/.local/lib/python3.8/site-packages/airflow/example_dags/tutorial_dag.py
[2023-10-11T07:38:00.953+0000] {processor.py:829} INFO - Processing file /home/airflow/.local/lib/python3.8/site-packages/airflow/example_dags/tutorial_dag.py for tasks to queue
[2023-10-11T07:38:00.955+0000] {logging_mixin.py:151} INFO - [2023-10-11T07:38:00.954+0000] {dagbag.py:539} INFO - Filling up the DagBag from /home/airflow/.local/lib/python3.8/site-packages/airflow/example_dags/tutorial_dag.py
[2023-10-11T07:38:00.958+0000] {processor.py:839} INFO - DAG(s) dict_keys(['tutorial_dag']) retrieved from /home/airflow/.local/lib/python3.8/site-packages/airflow/example_dags/tutorial_dag.py
[2023-10-11T07:38:00.975+0000] {logging_mixin.py:151} INFO - [2023-10-11T07:38:00.975+0000] {dag.py:2915} INFO - Sync 1 DAGs
[2023-10-11T07:38:00.984+0000] {logging_mixin.py:151} INFO - [2023-10-11T07:38:00.983+0000] {dag.py:3696} INFO - Setting next_dagrun for tutorial_dag to None, run_after=None
[2023-10-11T07:38:00.994+0000] {processor.py:179} INFO - Processing /home/airflow/.local/lib/python3.8/site-packages/airflow/example_dags/tutorial_dag.py took 0.044 seconds
[2023-10-11T07:38:31.490+0000] {processor.py:157} INFO - Started process (PID=189) to work on /home/airflow/.local/lib/python3.8/site-packages/airflow/example_dags/tutorial_dag.py
[2023-10-11T07:38:31.490+0000] {processor.py:829} INFO - Processing file /home/airflow/.local/lib/python3.8/site-packages/airflow/example_dags/tutorial_dag.py for tasks to queue
[2023-10-11T07:38:31.492+0000] {logging_mixin.py:151} INFO - [2023-10-11T07:38:31.492+0000] {dagbag.py:539} INFO - Filling up the DagBag from /home/airflow/.local/lib/python3.8/site-packages/airflow/example_dags/tutorial_dag.py
[2023-10-11T07:38:31.496+0000] {processor.py:839} INFO - DAG(s) dict_keys(['tutorial_dag']) retrieved from /home/airflow/.local/lib/python3.8/site-packages/airflow/example_dags/tutorial_dag.py
[2023-10-11T07:38:31.513+0000] {logging_mixin.py:151} INFO - [2023-10-11T07:38:31.513+0000] {dag.py:2915} INFO - Sync 1 DAGs
[2023-10-11T07:38:31.521+0000] {logging_mixin.py:151} INFO - [2023-10-11T07:38:31.520+0000] {dag.py:3696} INFO - Setting next_dagrun for tutorial_dag to None, run_after=None
[2023-10-11T07:38:31.530+0000] {processor.py:179} INFO - Processing /home/airflow/.local/lib/python3.8/site-packages/airflow/example_dags/tutorial_dag.py took 0.043 seconds
[2023-10-11T07:39:01.729+0000] {processor.py:157} INFO - Started process (PID=248) to work on /home/airflow/.local/lib/python3.8/site-packages/airflow/example_dags/tutorial_dag.py
[2023-10-11T07:39:01.729+0000] {processor.py:829} INFO - Processing file /home/airflow/.local/lib/python3.8/site-packages/airflow/example_dags/tutorial_dag.py for tasks to queue
[2023-10-11T07:39:01.731+0000] {logging_mixin.py:151} INFO - [2023-10-11T07:39:01.731+0000] {dagbag.py:539} INFO - Filling up the DagBag from /home/airflow/.local/lib/python3.8/site-packages/airflow/example_dags/tutorial_dag.py
[2023-10-11T07:39:01.734+0000] {processor.py:839} INFO - DAG(s) dict_keys(['tutorial_dag']) retrieved from /home/airflow/.local/lib/python3.8/site-packages/airflow/example_dags/tutorial_dag.py
[2023-10-11T07:39:01.751+0000] {logging_mixin.py:151} INFO - [2023-10-11T07:39:01.751+0000] {dag.py:2915} INFO - Sync 1 DAGs
[2023-10-11T07:39:01.759+0000] {logging_mixin.py:151} INFO - [2023-10-11T07:39:01.759+0000] {dag.py:3696} INFO - Setting next_dagrun for tutorial_dag to None, run_after=None
[2023-10-11T07:39:01.769+0000] {processor.py:179} INFO - Processing /home/airflow/.local/lib/python3.8/site-packages/airflow/example_dags/tutorial_dag.py took 0.043 seconds
[2023-10-11T07:39:32.141+0000] {processor.py:157} INFO - Started process (PID=307) to work on /home/airflow/.local/lib/python3.8/site-packages/airflow/example_dags/tutorial_dag.py
[2023-10-11T07:39:32.142+0000] {processor.py:829} INFO - Processing file /home/airflow/.local/lib/python3.8/site-packages/airflow/example_dags/tutorial_dag.py for tasks to queue
[2023-10-11T07:39:32.143+0000] {logging_mixin.py:151} INFO - [2023-10-11T07:39:32.143+0000] {dagbag.py:539} INFO - Filling up the DagBag from /home/airflow/.local/lib/python3.8/site-packages/airflow/example_dags/tutorial_dag.py
[2023-10-11T07:39:32.147+0000] {processor.py:839} INFO - DAG(s) dict_keys(['tutorial_dag']) retrieved from /home/airflow/.local/lib/python3.8/site-packages/airflow/example_dags/tutorial_dag.py
[2023-10-11T07:39:32.164+0000] {logging_mixin.py:151} INFO - [2023-10-11T07:39:32.164+0000] {dag.py:2915} INFO - Sync 1 DAGs
[2023-10-11T07:39:32.172+0000] {logging_mixin.py:151} INFO - [2023-10-11T07:39:32.172+0000] {dag.py:3696} INFO - Setting next_dagrun for tutorial_dag to None, run_after=None
[2023-10-11T07:39:32.181+0000] {processor.py:179} INFO - Processing /home/airflow/.local/lib/python3.8/site-packages/airflow/example_dags/tutorial_dag.py took 0.043 seconds
[2023-10-11T07:40:02.485+0000] {processor.py:157} INFO - Started process (PID=366) to work on /home/airflow/.local/lib/python3.8/site-packages/airflow/example_dags/tutorial_dag.py
[2023-10-11T07:40:02.486+0000] {processor.py:829} INFO - Processing file /home/airflow/.local/lib/python3.8/site-packages/airflow/example_dags/tutorial_dag.py for tasks to queue
[2023-10-11T07:40:02.488+0000] {logging_mixin.py:151} INFO - [2023-10-11T07:40:02.488+0000] {dagbag.py:539} INFO - Filling up the DagBag from /home/airflow/.local/lib/python3.8/site-packages/airflow/example_dags/tutorial_dag.py
[2023-10-11T07:40:02.493+0000] {processor.py:839} INFO - DAG(s) dict_keys(['tutorial_dag']) retrieved from /home/airflow/.local/lib/python3.8/site-packages/airflow/example_dags/tutorial_dag.py
[2023-10-11T07:40:02.509+0000] {logging_mixin.py:151} INFO - [2023-10-11T07:40:02.509+0000] {dag.py:2915} INFO - Sync 1 DAGs
[2023-10-11T07:40:02.517+0000] {logging_mixin.py:151} INFO - [2023-10-11T07:40:02.517+0000] {dag.py:3696} INFO - Setting next_dagrun for tutorial_dag to None, run_after=None
[2023-10-11T07:40:02.527+0000] {processor.py:179} INFO - Processing /home/airflow/.local/lib/python3.8/site-packages/airflow/example_dags/tutorial_dag.py took 0.045 seconds
[2023-10-11T07:40:33.670+0000] {processor.py:157} INFO - Started process (PID=425) to work on /home/airflow/.local/lib/python3.8/site-packages/airflow/example_dags/tutorial_dag.py
[2023-10-11T07:40:33.670+0000] {processor.py:829} INFO - Processing file /home/airflow/.local/lib/python3.8/site-packages/airflow/example_dags/tutorial_dag.py for tasks to queue
[2023-10-11T07:40:33.672+0000] {logging_mixin.py:151} INFO - [2023-10-11T07:40:33.672+0000] {dagbag.py:539} INFO - Filling up the DagBag from /home/airflow/.local/lib/python3.8/site-packages/airflow/example_dags/tutorial_dag.py
[2023-10-11T07:40:33.676+0000] {processor.py:839} INFO - DAG(s) dict_keys(['tutorial_dag']) retrieved from /home/airflow/.local/lib/python3.8/site-packages/airflow/example_dags/tutorial_dag.py
[2023-10-11T07:40:33.692+0000] {logging_mixin.py:151} INFO - [2023-10-11T07:40:33.692+0000] {dag.py:2915} INFO - Sync 1 DAGs
[2023-10-11T07:40:33.700+0000] {logging_mixin.py:151} INFO - [2023-10-11T07:40:33.700+0000] {dag.py:3696} INFO - Setting next_dagrun for tutorial_dag to None, run_after=None
[2023-10-11T07:40:33.710+0000] {processor.py:179} INFO - Processing /home/airflow/.local/lib/python3.8/site-packages/airflow/example_dags/tutorial_dag.py took 0.043 seconds
[2023-10-11T07:41:04.967+0000] {processor.py:157} INFO - Started process (PID=484) to work on /home/airflow/.local/lib/python3.8/site-packages/airflow/example_dags/tutorial_dag.py
[2023-10-11T07:41:04.968+0000] {processor.py:829} INFO - Processing file /home/airflow/.local/lib/python3.8/site-packages/airflow/example_dags/tutorial_dag.py for tasks to queue
[2023-10-11T07:41:04.969+0000] {logging_mixin.py:151} INFO - [2023-10-11T07:41:04.969+0000] {dagbag.py:539} INFO - Filling up the DagBag from /home/airflow/.local/lib/python3.8/site-packages/airflow/example_dags/tutorial_dag.py
[2023-10-11T07:41:04.973+0000] {processor.py:839} INFO - DAG(s) dict_keys(['tutorial_dag']) retrieved from /home/airflow/.local/lib/python3.8/site-packages/airflow/example_dags/tutorial_dag.py
[2023-10-11T07:41:04.990+0000] {logging_mixin.py:151} INFO - [2023-10-11T07:41:04.989+0000] {dag.py:2915} INFO - Sync 1 DAGs
[2023-10-11T07:41:04.997+0000] {logging_mixin.py:151} INFO - [2023-10-11T07:41:04.997+0000] {dag.py:3696} INFO - Setting next_dagrun for tutorial_dag to None, run_after=None
[2023-10-11T07:41:05.008+0000] {processor.py:179} INFO - Processing /home/airflow/.local/lib/python3.8/site-packages/airflow/example_dags/tutorial_dag.py took 0.043 seconds
[2023-10-11T07:41:35.080+0000] {processor.py:157} INFO - Started process (PID=542) to work on /home/airflow/.local/lib/python3.8/site-packages/airflow/example_dags/tutorial_dag.py
[2023-10-11T07:41:35.081+0000] {processor.py:829} INFO - Processing file /home/airflow/.local/lib/python3.8/site-packages/airflow/example_dags/tutorial_dag.py for tasks to queue
[2023-10-11T07:41:35.082+0000] {logging_mixin.py:151} INFO - [2023-10-11T07:41:35.082+0000] {dagbag.py:539} INFO - Filling up the DagBag from /home/airflow/.local/lib/python3.8/site-packages/airflow/example_dags/tutorial_dag.py
[2023-10-11T07:41:35.086+0000] {processor.py:839} INFO - DAG(s) dict_keys(['tutorial_dag']) retrieved from /home/airflow/.local/lib/python3.8/site-packages/airflow/example_dags/tutorial_dag.py
[2023-10-11T07:41:35.103+0000] {logging_mixin.py:151} INFO - [2023-10-11T07:41:35.103+0000] {dag.py:2915} INFO - Sync 1 DAGs
[2023-10-11T07:41:35.111+0000] {logging_mixin.py:151} INFO - [2023-10-11T07:41:35.111+0000] {dag.py:3696} INFO - Setting next_dagrun for tutorial_dag to None, run_after=None
[2023-10-11T07:41:35.121+0000] {processor.py:179} INFO - Processing /home/airflow/.local/lib/python3.8/site-packages/airflow/example_dags/tutorial_dag.py took 0.043 seconds
[2023-10-11T07:42:05.224+0000] {processor.py:157} INFO - Started process (PID=597) to work on /home/airflow/.local/lib/python3.8/site-packages/airflow/example_dags/tutorial_dag.py
[2023-10-11T07:42:05.225+0000] {processor.py:829} INFO - Processing file /home/airflow/.local/lib/python3.8/site-packages/airflow/example_dags/tutorial_dag.py for tasks to queue
[2023-10-11T07:42:05.226+0000] {logging_mixin.py:151} INFO - [2023-10-11T07:42:05.226+0000] {dagbag.py:539} INFO - Filling up the DagBag from /home/airflow/.local/lib/python3.8/site-packages/airflow/example_dags/tutorial_dag.py
[2023-10-11T07:42:05.229+0000] {processor.py:839} INFO - DAG(s) dict_keys(['tutorial_dag']) retrieved from /home/airflow/.local/lib/python3.8/site-packages/airflow/example_dags/tutorial_dag.py
[2023-10-11T07:42:05.245+0000] {logging_mixin.py:151} INFO - [2023-10-11T07:42:05.245+0000] {dag.py:2915} INFO - Sync 1 DAGs
[2023-10-11T07:42:05.253+0000] {logging_mixin.py:151} INFO - [2023-10-11T07:42:05.253+0000] {dag.py:3696} INFO - Setting next_dagrun for tutorial_dag to None, run_after=None
[2023-10-11T07:42:05.262+0000] {processor.py:179} INFO - Processing /home/airflow/.local/lib/python3.8/site-packages/airflow/example_dags/tutorial_dag.py took 0.041 seconds
[2023-10-11T07:42:35.940+0000] {processor.py:157} INFO - Started process (PID=656) to work on /home/airflow/.local/lib/python3.8/site-packages/airflow/example_dags/tutorial_dag.py
[2023-10-11T07:42:35.941+0000] {processor.py:829} INFO - Processing file /home/airflow/.local/lib/python3.8/site-packages/airflow/example_dags/tutorial_dag.py for tasks to queue
[2023-10-11T07:42:35.943+0000] {logging_mixin.py:151} INFO - [2023-10-11T07:42:35.942+0000] {dagbag.py:539} INFO - Filling up the DagBag from /home/airflow/.local/lib/python3.8/site-packages/airflow/example_dags/tutorial_dag.py
[2023-10-11T07:42:35.946+0000] {processor.py:839} INFO - DAG(s) dict_keys(['tutorial_dag']) retrieved from /home/airflow/.local/lib/python3.8/site-packages/airflow/example_dags/tutorial_dag.py
[2023-10-11T07:42:35.964+0000] {logging_mixin.py:151} INFO - [2023-10-11T07:42:35.963+0000] {dag.py:2915} INFO - Sync 1 DAGs
[2023-10-11T07:42:35.972+0000] {logging_mixin.py:151} INFO - [2023-10-11T07:42:35.972+0000] {dag.py:3696} INFO - Setting next_dagrun for tutorial_dag to None, run_after=None
[2023-10-11T07:42:35.982+0000] {processor.py:179} INFO - Processing /home/airflow/.local/lib/python3.8/site-packages/airflow/example_dags/tutorial_dag.py took 0.044 seconds
[2023-10-11T07:43:06.349+0000] {processor.py:157} INFO - Started process (PID=715) to work on /home/airflow/.local/lib/python3.8/site-packages/airflow/example_dags/tutorial_dag.py
[2023-10-11T07:43:06.349+0000] {processor.py:829} INFO - Processing file /home/airflow/.local/lib/python3.8/site-packages/airflow/example_dags/tutorial_dag.py for tasks to queue
[2023-10-11T07:43:06.351+0000] {logging_mixin.py:151} INFO - [2023-10-11T07:43:06.350+0000] {dagbag.py:539} INFO - Filling up the DagBag from /home/airflow/.local/lib/python3.8/site-packages/airflow/example_dags/tutorial_dag.py
[2023-10-11T07:43:06.355+0000] {processor.py:839} INFO - DAG(s) dict_keys(['tutorial_dag']) retrieved from /home/airflow/.local/lib/python3.8/site-packages/airflow/example_dags/tutorial_dag.py
[2023-10-11T07:43:06.371+0000] {logging_mixin.py:151} INFO - [2023-10-11T07:43:06.371+0000] {dag.py:2915} INFO - Sync 1 DAGs
[2023-10-11T07:43:06.380+0000] {logging_mixin.py:151} INFO - [2023-10-11T07:43:06.380+0000] {dag.py:3696} INFO - Setting next_dagrun for tutorial_dag to None, run_after=None
[2023-10-11T07:43:06.390+0000] {processor.py:179} INFO - Processing /home/airflow/.local/lib/python3.8/site-packages/airflow/example_dags/tutorial_dag.py took 0.043 seconds
[2023-10-11T07:43:36.485+0000] {processor.py:157} INFO - Started process (PID=774) to work on /home/airflow/.local/lib/python3.8/site-packages/airflow/example_dags/tutorial_dag.py
[2023-10-11T07:43:36.486+0000] {processor.py:829} INFO - Processing file /home/airflow/.local/lib/python3.8/site-packages/airflow/example_dags/tutorial_dag.py for tasks to queue
[2023-10-11T07:43:36.488+0000] {logging_mixin.py:151} INFO - [2023-10-11T07:43:36.488+0000] {dagbag.py:539} INFO - Filling up the DagBag from /home/airflow/.local/lib/python3.8/site-packages/airflow/example_dags/tutorial_dag.py
[2023-10-11T07:43:36.492+0000] {processor.py:839} INFO - DAG(s) dict_keys(['tutorial_dag']) retrieved from /home/airflow/.local/lib/python3.8/site-packages/airflow/example_dags/tutorial_dag.py
[2023-10-11T07:43:36.508+0000] {logging_mixin.py:151} INFO - [2023-10-11T07:43:36.508+0000] {dag.py:2915} INFO - Sync 1 DAGs
[2023-10-11T07:43:36.516+0000] {logging_mixin.py:151} INFO - [2023-10-11T07:43:36.516+0000] {dag.py:3696} INFO - Setting next_dagrun for tutorial_dag to None, run_after=None
[2023-10-11T07:43:36.527+0000] {processor.py:179} INFO - Processing /home/airflow/.local/lib/python3.8/site-packages/airflow/example_dags/tutorial_dag.py took 0.043 seconds
[2023-10-11T07:44:06.633+0000] {processor.py:157} INFO - Started process (PID=833) to work on /home/airflow/.local/lib/python3.8/site-packages/airflow/example_dags/tutorial_dag.py
[2023-10-11T07:44:06.634+0000] {processor.py:829} INFO - Processing file /home/airflow/.local/lib/python3.8/site-packages/airflow/example_dags/tutorial_dag.py for tasks to queue
[2023-10-11T07:44:06.635+0000] {logging_mixin.py:151} INFO - [2023-10-11T07:44:06.635+0000] {dagbag.py:539} INFO - Filling up the DagBag from /home/airflow/.local/lib/python3.8/site-packages/airflow/example_dags/tutorial_dag.py
[2023-10-11T07:44:06.639+0000] {processor.py:839} INFO - DAG(s) dict_keys(['tutorial_dag']) retrieved from /home/airflow/.local/lib/python3.8/site-packages/airflow/example_dags/tutorial_dag.py
[2023-10-11T07:44:06.655+0000] {logging_mixin.py:151} INFO - [2023-10-11T07:44:06.655+0000] {dag.py:2915} INFO - Sync 1 DAGs
[2023-10-11T07:44:06.663+0000] {logging_mixin.py:151} INFO - [2023-10-11T07:44:06.663+0000] {dag.py:3696} INFO - Setting next_dagrun for tutorial_dag to None, run_after=None
[2023-10-11T07:44:06.673+0000] {processor.py:179} INFO - Processing /home/airflow/.local/lib/python3.8/site-packages/airflow/example_dags/tutorial_dag.py took 0.043 seconds
[2023-10-11T07:44:36.762+0000] {processor.py:157} INFO - Started process (PID=892) to work on /home/airflow/.local/lib/python3.8/site-packages/airflow/example_dags/tutorial_dag.py
[2023-10-11T07:44:36.763+0000] {processor.py:829} INFO - Processing file /home/airflow/.local/lib/python3.8/site-packages/airflow/example_dags/tutorial_dag.py for tasks to queue
[2023-10-11T07:44:36.764+0000] {logging_mixin.py:151} INFO - [2023-10-11T07:44:36.764+0000] {dagbag.py:539} INFO - Filling up the DagBag from /home/airflow/.local/lib/python3.8/site-packages/airflow/example_dags/tutorial_dag.py
[2023-10-11T07:44:36.767+0000] {processor.py:839} INFO - DAG(s) dict_keys(['tutorial_dag']) retrieved from /home/airflow/.local/lib/python3.8/site-packages/airflow/example_dags/tutorial_dag.py
[2023-10-11T07:44:36.783+0000] {logging_mixin.py:151} INFO - [2023-10-11T07:44:36.783+0000] {dag.py:2915} INFO - Sync 1 DAGs
[2023-10-11T07:44:36.791+0000] {logging_mixin.py:151} INFO - [2023-10-11T07:44:36.791+0000] {dag.py:3696} INFO - Setting next_dagrun for tutorial_dag to None, run_after=None
[2023-10-11T07:44:36.800+0000] {processor.py:179} INFO - Processing /home/airflow/.local/lib/python3.8/site-packages/airflow/example_dags/tutorial_dag.py took 0.040 seconds
[2023-10-11T07:45:07.834+0000] {processor.py:157} INFO - Started process (PID=951) to work on /home/airflow/.local/lib/python3.8/site-packages/airflow/example_dags/tutorial_dag.py
[2023-10-11T07:45:07.835+0000] {processor.py:829} INFO - Processing file /home/airflow/.local/lib/python3.8/site-packages/airflow/example_dags/tutorial_dag.py for tasks to queue
[2023-10-11T07:45:07.836+0000] {logging_mixin.py:151} INFO - [2023-10-11T07:45:07.836+0000] {dagbag.py:539} INFO - Filling up the DagBag from /home/airflow/.local/lib/python3.8/site-packages/airflow/example_dags/tutorial_dag.py
[2023-10-11T07:45:07.840+0000] {processor.py:839} INFO - DAG(s) dict_keys(['tutorial_dag']) retrieved from /home/airflow/.local/lib/python3.8/site-packages/airflow/example_dags/tutorial_dag.py
[2023-10-11T07:45:07.857+0000] {logging_mixin.py:151} INFO - [2023-10-11T07:45:07.857+0000] {dag.py:2915} INFO - Sync 1 DAGs
[2023-10-11T07:45:07.865+0000] {logging_mixin.py:151} INFO - [2023-10-11T07:45:07.865+0000] {dag.py:3696} INFO - Setting next_dagrun for tutorial_dag to None, run_after=None
[2023-10-11T07:45:07.875+0000] {processor.py:179} INFO - Processing /home/airflow/.local/lib/python3.8/site-packages/airflow/example_dags/tutorial_dag.py took 0.043 seconds
[2023-10-11T07:45:38.398+0000] {processor.py:157} INFO - Started process (PID=1010) to work on /home/airflow/.local/lib/python3.8/site-packages/airflow/example_dags/tutorial_dag.py
[2023-10-11T07:45:38.399+0000] {processor.py:829} INFO - Processing file /home/airflow/.local/lib/python3.8/site-packages/airflow/example_dags/tutorial_dag.py for tasks to queue
[2023-10-11T07:45:38.401+0000] {logging_mixin.py:151} INFO - [2023-10-11T07:45:38.400+0000] {dagbag.py:539} INFO - Filling up the DagBag from /home/airflow/.local/lib/python3.8/site-packages/airflow/example_dags/tutorial_dag.py
[2023-10-11T07:45:38.404+0000] {processor.py:839} INFO - DAG(s) dict_keys(['tutorial_dag']) retrieved from /home/airflow/.local/lib/python3.8/site-packages/airflow/example_dags/tutorial_dag.py
[2023-10-11T07:45:38.421+0000] {logging_mixin.py:151} INFO - [2023-10-11T07:45:38.421+0000] {dag.py:2915} INFO - Sync 1 DAGs
[2023-10-11T07:45:38.430+0000] {logging_mixin.py:151} INFO - [2023-10-11T07:45:38.430+0000] {dag.py:3696} INFO - Setting next_dagrun for tutorial_dag to None, run_after=None
[2023-10-11T07:45:38.441+0000] {processor.py:179} INFO - Processing /home/airflow/.local/lib/python3.8/site-packages/airflow/example_dags/tutorial_dag.py took 0.045 seconds
[2023-10-11T07:46:08.972+0000] {processor.py:157} INFO - Started process (PID=1069) to work on /home/airflow/.local/lib/python3.8/site-packages/airflow/example_dags/tutorial_dag.py
[2023-10-11T07:46:08.972+0000] {processor.py:829} INFO - Processing file /home/airflow/.local/lib/python3.8/site-packages/airflow/example_dags/tutorial_dag.py for tasks to queue
[2023-10-11T07:46:08.974+0000] {logging_mixin.py:151} INFO - [2023-10-11T07:46:08.973+0000] {dagbag.py:539} INFO - Filling up the DagBag from /home/airflow/.local/lib/python3.8/site-packages/airflow/example_dags/tutorial_dag.py
[2023-10-11T07:46:08.978+0000] {processor.py:839} INFO - DAG(s) dict_keys(['tutorial_dag']) retrieved from /home/airflow/.local/lib/python3.8/site-packages/airflow/example_dags/tutorial_dag.py
[2023-10-11T07:46:08.995+0000] {logging_mixin.py:151} INFO - [2023-10-11T07:46:08.995+0000] {dag.py:2915} INFO - Sync 1 DAGs
[2023-10-11T07:46:09.004+0000] {logging_mixin.py:151} INFO - [2023-10-11T07:46:09.004+0000] {dag.py:3696} INFO - Setting next_dagrun for tutorial_dag to None, run_after=None
[2023-10-11T07:46:09.016+0000] {processor.py:179} INFO - Processing /home/airflow/.local/lib/python3.8/site-packages/airflow/example_dags/tutorial_dag.py took 0.049 seconds
[2023-10-11T07:46:39.170+0000] {processor.py:157} INFO - Started process (PID=1127) to work on /home/airflow/.local/lib/python3.8/site-packages/airflow/example_dags/tutorial_dag.py
[2023-10-11T07:46:39.171+0000] {processor.py:829} INFO - Processing file /home/airflow/.local/lib/python3.8/site-packages/airflow/example_dags/tutorial_dag.py for tasks to queue
[2023-10-11T07:46:39.172+0000] {logging_mixin.py:151} INFO - [2023-10-11T07:46:39.172+0000] {dagbag.py:539} INFO - Filling up the DagBag from /home/airflow/.local/lib/python3.8/site-packages/airflow/example_dags/tutorial_dag.py
[2023-10-11T07:46:39.176+0000] {processor.py:839} INFO - DAG(s) dict_keys(['tutorial_dag']) retrieved from /home/airflow/.local/lib/python3.8/site-packages/airflow/example_dags/tutorial_dag.py
[2023-10-11T07:46:39.198+0000] {logging_mixin.py:151} INFO - [2023-10-11T07:46:39.198+0000] {dag.py:2915} INFO - Sync 1 DAGs
[2023-10-11T07:46:39.209+0000] {logging_mixin.py:151} INFO - [2023-10-11T07:46:39.209+0000] {dag.py:3696} INFO - Setting next_dagrun for tutorial_dag to None, run_after=None
[2023-10-11T07:46:39.223+0000] {processor.py:179} INFO - Processing /home/airflow/.local/lib/python3.8/site-packages/airflow/example_dags/tutorial_dag.py took 0.056 seconds
[2023-10-11T07:47:09.372+0000] {processor.py:157} INFO - Started process (PID=1186) to work on /home/airflow/.local/lib/python3.8/site-packages/airflow/example_dags/tutorial_dag.py
[2023-10-11T07:47:09.372+0000] {processor.py:829} INFO - Processing file /home/airflow/.local/lib/python3.8/site-packages/airflow/example_dags/tutorial_dag.py for tasks to queue
[2023-10-11T07:47:09.374+0000] {logging_mixin.py:151} INFO - [2023-10-11T07:47:09.374+0000] {dagbag.py:539} INFO - Filling up the DagBag from /home/airflow/.local/lib/python3.8/site-packages/airflow/example_dags/tutorial_dag.py
[2023-10-11T07:47:09.378+0000] {processor.py:839} INFO - DAG(s) dict_keys(['tutorial_dag']) retrieved from /home/airflow/.local/lib/python3.8/site-packages/airflow/example_dags/tutorial_dag.py
[2023-10-11T07:47:09.395+0000] {logging_mixin.py:151} INFO - [2023-10-11T07:47:09.395+0000] {dag.py:2915} INFO - Sync 1 DAGs
[2023-10-11T07:47:09.403+0000] {logging_mixin.py:151} INFO - [2023-10-11T07:47:09.403+0000] {dag.py:3696} INFO - Setting next_dagrun for tutorial_dag to None, run_after=None
[2023-10-11T07:47:09.413+0000] {processor.py:179} INFO - Processing /home/airflow/.local/lib/python3.8/site-packages/airflow/example_dags/tutorial_dag.py took 0.044 seconds
[2023-10-11T07:47:40.658+0000] {processor.py:157} INFO - Started process (PID=1245) to work on /home/airflow/.local/lib/python3.8/site-packages/airflow/example_dags/tutorial_dag.py
[2023-10-11T07:47:40.658+0000] {processor.py:829} INFO - Processing file /home/airflow/.local/lib/python3.8/site-packages/airflow/example_dags/tutorial_dag.py for tasks to queue
[2023-10-11T07:47:40.660+0000] {logging_mixin.py:151} INFO - [2023-10-11T07:47:40.660+0000] {dagbag.py:539} INFO - Filling up the DagBag from /home/airflow/.local/lib/python3.8/site-packages/airflow/example_dags/tutorial_dag.py
[2023-10-11T07:47:40.665+0000] {processor.py:839} INFO - DAG(s) dict_keys(['tutorial_dag']) retrieved from /home/airflow/.local/lib/python3.8/site-packages/airflow/example_dags/tutorial_dag.py
[2023-10-11T07:47:40.687+0000] {logging_mixin.py:151} INFO - [2023-10-11T07:47:40.687+0000] {dag.py:2915} INFO - Sync 1 DAGs
[2023-10-11T07:47:40.695+0000] {logging_mixin.py:151} INFO - [2023-10-11T07:47:40.695+0000] {dag.py:3696} INFO - Setting next_dagrun for tutorial_dag to None, run_after=None
[2023-10-11T07:47:40.707+0000] {processor.py:179} INFO - Processing /home/airflow/.local/lib/python3.8/site-packages/airflow/example_dags/tutorial_dag.py took 0.051 seconds
[2023-10-11T07:48:10.830+0000] {processor.py:157} INFO - Started process (PID=1304) to work on /home/airflow/.local/lib/python3.8/site-packages/airflow/example_dags/tutorial_dag.py
[2023-10-11T07:48:10.831+0000] {processor.py:829} INFO - Processing file /home/airflow/.local/lib/python3.8/site-packages/airflow/example_dags/tutorial_dag.py for tasks to queue
[2023-10-11T07:48:10.832+0000] {logging_mixin.py:151} INFO - [2023-10-11T07:48:10.832+0000] {dagbag.py:539} INFO - Filling up the DagBag from /home/airflow/.local/lib/python3.8/site-packages/airflow/example_dags/tutorial_dag.py
[2023-10-11T07:48:10.836+0000] {processor.py:839} INFO - DAG(s) dict_keys(['tutorial_dag']) retrieved from /home/airflow/.local/lib/python3.8/site-packages/airflow/example_dags/tutorial_dag.py
[2023-10-11T07:48:10.854+0000] {logging_mixin.py:151} INFO - [2023-10-11T07:48:10.854+0000] {dag.py:2915} INFO - Sync 1 DAGs
[2023-10-11T07:48:10.862+0000] {logging_mixin.py:151} INFO - [2023-10-11T07:48:10.862+0000] {dag.py:3696} INFO - Setting next_dagrun for tutorial_dag to None, run_after=None
[2023-10-11T07:48:10.872+0000] {processor.py:179} INFO - Processing /home/airflow/.local/lib/python3.8/site-packages/airflow/example_dags/tutorial_dag.py took 0.044 seconds
[2023-10-11T07:48:41.636+0000] {processor.py:157} INFO - Started process (PID=1363) to work on /home/airflow/.local/lib/python3.8/site-packages/airflow/example_dags/tutorial_dag.py
[2023-10-11T07:48:41.637+0000] {processor.py:829} INFO - Processing file /home/airflow/.local/lib/python3.8/site-packages/airflow/example_dags/tutorial_dag.py for tasks to queue
[2023-10-11T07:48:41.638+0000] {logging_mixin.py:151} INFO - [2023-10-11T07:48:41.638+0000] {dagbag.py:539} INFO - Filling up the DagBag from /home/airflow/.local/lib/python3.8/site-packages/airflow/example_dags/tutorial_dag.py
[2023-10-11T07:48:41.642+0000] {processor.py:839} INFO - DAG(s) dict_keys(['tutorial_dag']) retrieved from /home/airflow/.local/lib/python3.8/site-packages/airflow/example_dags/tutorial_dag.py
[2023-10-11T07:48:41.662+0000] {logging_mixin.py:151} INFO - [2023-10-11T07:48:41.662+0000] {dag.py:2915} INFO - Sync 1 DAGs
[2023-10-11T07:48:41.674+0000] {logging_mixin.py:151} INFO - [2023-10-11T07:48:41.674+0000] {dag.py:3696} INFO - Setting next_dagrun for tutorial_dag to None, run_after=None
[2023-10-11T07:48:41.688+0000] {processor.py:179} INFO - Processing /home/airflow/.local/lib/python3.8/site-packages/airflow/example_dags/tutorial_dag.py took 0.055 seconds
[2023-10-11T07:49:12.570+0000] {processor.py:157} INFO - Started process (PID=1427) to work on /home/airflow/.local/lib/python3.8/site-packages/airflow/example_dags/tutorial_dag.py
[2023-10-11T07:49:12.572+0000] {processor.py:829} INFO - Processing file /home/airflow/.local/lib/python3.8/site-packages/airflow/example_dags/tutorial_dag.py for tasks to queue
[2023-10-11T07:49:12.574+0000] {logging_mixin.py:151} INFO - [2023-10-11T07:49:12.573+0000] {dagbag.py:539} INFO - Filling up the DagBag from /home/airflow/.local/lib/python3.8/site-packages/airflow/example_dags/tutorial_dag.py
[2023-10-11T07:49:12.577+0000] {processor.py:839} INFO - DAG(s) dict_keys(['tutorial_dag']) retrieved from /home/airflow/.local/lib/python3.8/site-packages/airflow/example_dags/tutorial_dag.py
[2023-10-11T07:49:12.595+0000] {logging_mixin.py:151} INFO - [2023-10-11T07:49:12.594+0000] {dag.py:2915} INFO - Sync 1 DAGs
[2023-10-11T07:49:12.603+0000] {logging_mixin.py:151} INFO - [2023-10-11T07:49:12.602+0000] {dag.py:3696} INFO - Setting next_dagrun for tutorial_dag to None, run_after=None
[2023-10-11T07:49:12.613+0000] {processor.py:179} INFO - Processing /home/airflow/.local/lib/python3.8/site-packages/airflow/example_dags/tutorial_dag.py took 0.045 seconds
[2023-10-11T07:49:43.690+0000] {processor.py:157} INFO - Started process (PID=1486) to work on /home/airflow/.local/lib/python3.8/site-packages/airflow/example_dags/tutorial_dag.py
[2023-10-11T07:49:43.691+0000] {processor.py:829} INFO - Processing file /home/airflow/.local/lib/python3.8/site-packages/airflow/example_dags/tutorial_dag.py for tasks to queue
[2023-10-11T07:49:43.692+0000] {logging_mixin.py:151} INFO - [2023-10-11T07:49:43.692+0000] {dagbag.py:539} INFO - Filling up the DagBag from /home/airflow/.local/lib/python3.8/site-packages/airflow/example_dags/tutorial_dag.py
[2023-10-11T07:49:43.696+0000] {processor.py:839} INFO - DAG(s) dict_keys(['tutorial_dag']) retrieved from /home/airflow/.local/lib/python3.8/site-packages/airflow/example_dags/tutorial_dag.py
[2023-10-11T07:49:43.713+0000] {logging_mixin.py:151} INFO - [2023-10-11T07:49:43.713+0000] {dag.py:2915} INFO - Sync 1 DAGs
[2023-10-11T07:49:43.721+0000] {logging_mixin.py:151} INFO - [2023-10-11T07:49:43.721+0000] {dag.py:3696} INFO - Setting next_dagrun for tutorial_dag to None, run_after=None
[2023-10-11T07:49:43.731+0000] {processor.py:179} INFO - Processing /home/airflow/.local/lib/python3.8/site-packages/airflow/example_dags/tutorial_dag.py took 0.043 seconds
[2023-10-11T07:50:14.029+0000] {processor.py:157} INFO - Started process (PID=1545) to work on /home/airflow/.local/lib/python3.8/site-packages/airflow/example_dags/tutorial_dag.py
[2023-10-11T07:50:14.029+0000] {processor.py:829} INFO - Processing file /home/airflow/.local/lib/python3.8/site-packages/airflow/example_dags/tutorial_dag.py for tasks to queue
[2023-10-11T07:50:14.031+0000] {logging_mixin.py:151} INFO - [2023-10-11T07:50:14.031+0000] {dagbag.py:539} INFO - Filling up the DagBag from /home/airflow/.local/lib/python3.8/site-packages/airflow/example_dags/tutorial_dag.py
[2023-10-11T07:50:14.035+0000] {processor.py:839} INFO - DAG(s) dict_keys(['tutorial_dag']) retrieved from /home/airflow/.local/lib/python3.8/site-packages/airflow/example_dags/tutorial_dag.py
[2023-10-11T07:50:14.052+0000] {logging_mixin.py:151} INFO - [2023-10-11T07:50:14.052+0000] {dag.py:2915} INFO - Sync 1 DAGs
[2023-10-11T07:50:14.060+0000] {logging_mixin.py:151} INFO - [2023-10-11T07:50:14.060+0000] {dag.py:3696} INFO - Setting next_dagrun for tutorial_dag to None, run_after=None
[2023-10-11T07:50:14.070+0000] {processor.py:179} INFO - Processing /home/airflow/.local/lib/python3.8/site-packages/airflow/example_dags/tutorial_dag.py took 0.044 seconds
